JOB timestamp: Mon Dec 18 15:28:05 MST 2023
JOB ID: 121618
Array Task ID: 7
Current directory: /lfs/koff9454.ui/projects/plc_runtime_fuzzer/code_analysis/src
r3i4n3
gcc (Spack GCC) 12.1.0
Copyright (C) 2022 Free Software Foundation, Inc.
This is free software; see the source for copying conditions.  There is NO
warranty; not even for MERCHANTABILITY or FITNESS FOR A PARTICULAR PURPOSE.

Python 3.11.5
/lfs/koff9454.ui/miniconda3/envs/plc/bin/python
matiec version 0.1
changeset id: 
Number of programs: 3
Programs: condition_1 condition_2 condition_3
Fuzzing program: condition_2, Job ID: 7
input dir exist, skipping
harness file exist, skipping
Running the fuzzers
Workdir: "/lfs/koff9454.ui/projects/plc_runtime_fuzzer/code_analysis/src/programs/condition/condition_2/runs/run-7"
Out dir at "fuzzer-outdir" already exists.
Let's fuzz :)
[Stats #0] run time: 0h-0m-0s, clients: 1, corpus: 0, objectives: 0, executions: 0, exec/sec: 0.000
[Testcase #0] run time: 0h-0m-0s, clients: 1, corpus: 1, objectives: 0, executions: 1, exec/sec: 0.000
We imported 1 inputs from disk.
[Objective #0] run time: 0h-0m-0s, clients: 1, corpus: 1, objectives: 1, executions: 1, exec/sec: 0.000
[Objective #0] run time: 0h-0m-0s, clients: 1, corpus: 1, objectives: 2, executions: 1, exec/sec: 0.000
[Objective #0] run time: 0h-0m-0s, clients: 1, corpus: 1, objectives: 3, executions: 1, exec/sec: 0.000
[Objective #0] run time: 0h-0m-0s, clients: 1, corpus: 1, objectives: 4, executions: 1, exec/sec: 0.000
[Objective #0] run time: 0h-0m-0s, clients: 1, corpus: 1, objectives: 5, executions: 1, exec/sec: 0.000
[Objective #0] run time: 0h-0m-0s, clients: 1, corpus: 1, objectives: 6, executions: 1, exec/sec: 0.000
[Objective #0] run time: 0h-0m-1s, clients: 1, corpus: 1, objectives: 7, executions: 1, exec/sec: 0.000
[Objective #0] run time: 0h-0m-1s, clients: 1, corpus: 1, objectives: 8, executions: 1, exec/sec: 0.894
[Objective #0] run time: 0h-0m-1s, clients: 1, corpus: 1, objectives: 9, executions: 1, exec/sec: 0.799
[Objective #0] run time: 0h-0m-1s, clients: 1, corpus: 1, objectives: 10, executions: 1, exec/sec: 0.712
[Stats #0] run time: 0h-0m-1s, clients: 1, corpus: 1, objectives: 10, executions: 1, exec/sec: 0.711
[Testcase #0] run time: 0h-0m-1s, clients: 1, corpus: 2, objectives: 10, executions: 20, exec/sec: 13.93
[Objective #0] run time: 0h-0m-1s, clients: 1, corpus: 2, objectives: 11, executions: 20, exec/sec: 12.63
[Objective #0] run time: 0h-0m-1s, clients: 1, corpus: 2, objectives: 12, executions: 20, exec/sec: 11.59
[Objective #0] run time: 0h-0m-1s, clients: 1, corpus: 2, objectives: 13, executions: 20, exec/sec: 10.82
[1;92m[+] [0mEnabled environment variable AFL_BENCH_UNTIL_CRASH with value 1[0m
[1;92m[+] [0mEnabled environment variable AFL_IGNORE_SEED_PROBLEMS with value 1[0m
[1;92m[+] [0mEnabled environment variable AFL_I_DONT_CARE_ABOUT_MISSING_CRASHES with value 1[0m
[1;92m[+] [0mEnabled environment variable AFL_SKIP_CPUFREQ with value 1[0m
[1;92m[+] [0mEnabled environment variable AFL_TRY_AFFINITY with value 1[0m
[1;93m[!] [1;97mWARNING: [0mPotentially mistyped AFL environment variable: USE_PCM_DB=2, did you mean AFL_USE_PCM_DB=2?[0m
[0;36mafl-fuzz++4.09a[0m based on afl by Michal Zalewski and a large online community
[1;92m[+] [0mAFL++ is maintained by Marc "van Hauser" Heuse, Dominik Maier, Andrea Fioraldi and Heiko "hexcoder" Eißfeldt[0m
[1;92m[+] [0mAFL++ is open source, get it at https://github.com/AFLplusplus/AFLplusplus[0m
[1;92m[+] [0mNOTE: AFL++ >= v3 has changed defaults and behaviours - see README.md[0m
[1;92m[+] [0mNo -M/-S set, autoconfiguring for "-S default"[0m
[1;94m[*] [0mGetting to work...[0m
[1;92m[+] [0mUsing exponential power schedule (FAST)[0m
[1;92m[+] [0mEnabled testcache with 50 MB[0m
[1;92m[+] [0mGenerating fuzz data with a length of min=1 max=1048576[0m
[1;94m[*] [0mChecking core_pattern...[0m

[1;91m[-] [0mHmm, your system is configured to send core dump notifications to an
    external utility. This will cause issues: there will be an extended delay
    between stumbling upon a crash and having this information relayed to the
    fuzzer via the standard waitpid() API.
    If you're just testing, set 'AFL_I_DONT_CARE_ABOUT_MISSING_CRASHES=1'.

    To avoid having crashes misinterpreted as timeouts, please log in as root
    and temporarily modify /proc/sys/kernel/core_pattern, like so:

    echo core >/proc/sys/kernel/core_pattern
[1;92m[+] [0mLooks like we're not running on a tty, so I'll be a bit less verbose.[0m
[1;92m[+] [0mYou have 36 CPU cores and 9 runnable tasks (utilization: 25%).[0m
[1;92m[+] [0mTry parallel jobs - see /usr/local/share/doc/afl/fuzzing_in_depth.md#c-using-multiple-cores[0m
[1;94m[*] [0mSetting up output directories...[0m
[1;94m[*] [0mChecking CPU core loadout...[0m
[1;92m[+] [0mFound a free CPU core, try binding to #1.[0m
[1;94m[*] [0mScanning 'our-indir'...[0m
[1;92m[+] [0mLoaded a total of 1 seeds.[0m
[1;94m[*] [0mCreating hard links for all input files...[0m
[1;94m[*] [0mValidating target binary...[0m
[1;94m[*] [0mSpinning up the fork server...[0m
[1;92m[+] [0mAll right - fork server is up.[0m
[1;94m[*] [0mTarget map size: 74[0m
[1;94m[*] [0mNo auto-generated dictionary tokens to reuse.[0m
[1;94m[*] [0mLoading extra dictionary from 'our-inputs.dict' (level 0)...[0m
[1;94m[*] [0mLoaded 80 extra tokens, size range 4 B to 6 B.[0m
[1;92m[+] [0mLoaded a total of 6 extras.[0m
[1;94m[*] [0mAttempting dry run with 'id:000000,time:0,execs:0,orig:variables.txt'...[0m
[1;90m    len = 560, map size = 20, exec speed = 4377 us, hash = fe825d59491019c6
[0m[1;92m[+] [0mAll test cases processed.[0m
[1;92m[+] [0mHere are some useful stats:

[1;90m    Test case count : [0m1 favored, 0 variable, 0 ignored, 1 total
[1;90m       Bitmap range : [0m20 to 20 bits (average: 20.00 bits)
[1;90m        Exec timing : [0m4377 to 4377 us (average: 4377 us)
[0m
[1;94m[*] [0mNo -t option specified, so I'll use an exec timeout of 40 ms.[0m
[1;92m[+] [0mAll set and ready to roll![0m
[1;94m[*] [0mEntering queue cycle 1.[0m
[1;94m[*] [0mFuzzing test case #0 (1 total, 0 crashes saved, state: started :-), mode=explore, perf_score=0, weight=0, favorite=1, was_fuzzed=0, exec_us=4377, hits=0, map=20, ascii=0, run_time=0:00:00:00)...[0m
[1;92m[+] [0mEnabled environment variable AFL_BENCH_UNTIL_CRASH with value 1[0m
[1;92m[+] [0mEnabled environment variable AFL_IGNORE_SEED_PROBLEMS with value 1[0m
[1;92m[+] [0mEnabled environment variable AFL_I_DONT_CARE_ABOUT_MISSING_CRASHES with value 1[0m
[1;92m[+] [0mEnabled environment variable AFL_SKIP_CPUFREQ with value 1[0m
[1;92m[+] [0mEnabled environment variable AFL_TRY_AFFINITY with value 1[0m
[1;93m[!] [1;97mWARNING: [0mPotentially mistyped AFL environment variable: USE_PCM_DB=2, did you mean AFL_USE_PCM_DB=2?[0m
[0;36mafl-fuzz++4.09a[0m based on afl by Michal Zalewski and a large online community
[1;92m[+] [0mAFL++ is maintained by Marc "van Hauser" Heuse, Dominik Maier, Andrea Fioraldi and Heiko "hexcoder" Eißfeldt[0m
[1;92m[+] [0mAFL++ is open source, get it at https://github.com/AFLplusplus/AFLplusplus[0m
[1;92m[+] [0mNOTE: AFL++ >= v3 has changed defaults and behaviours - see README.md[0m
[1;92m[+] [0mNo -M/-S set, autoconfiguring for "-S default"[0m
[1;94m[*] [0mGetting to work...[0m
[1;92m[+] [0mUsing exponential power schedule (FAST)[0m
[1;92m[+] [0mEnabled testcache with 50 MB[0m
[1;92m[+] [0mGenerating fuzz data with a length of min=1 max=1048576[0m
[1;94m[*] [0mChecking core_pattern...[0m

[1;91m[-] [0mHmm, your system is configured to send core dump notifications to an
    external utility. This will cause issues: there will be an extended delay
    between stumbling upon a crash and having this information relayed to the
    fuzzer via the standard waitpid() API.
    If you're just testing, set 'AFL_I_DONT_CARE_ABOUT_MISSING_CRASHES=1'.

    To avoid having crashes misinterpreted as timeouts, please log in as root
    and temporarily modify /proc/sys/kernel/core_pattern, like so:

    echo core >/proc/sys/kernel/core_pattern
[1;92m[+] [0mLooks like we're not running on a tty, so I'll be a bit less verbose.[0m
[1;92m[+] [0mYou have 36 CPU cores and 8 runnable tasks (utilization: 22%).[0m
[1;92m[+] [0mTry parallel jobs - see /usr/local/share/doc/afl/fuzzing_in_depth.md#c-using-multiple-cores[0m
[1;94m[*] [0mSetting up output directories...[0m
[1;94m[*] [0mChecking CPU core loadout...[0m
[1;92m[+] [0mFound a free CPU core, try binding to #0.[0m
[1;94m[*] [0mScanning 'afl-indir'...[0m
[1;92m[+] [0mLoaded a total of 1 seeds.[0m
[1;94m[*] [0mCreating hard links for all input files...[0m
[1;94m[*] [0mValidating target binary...[0m
[1;94m[*] [0mSpinning up the fork server...[0m
[1;92m[+] [0mAll right - fork server is up.[0m
[1;94m[*] [0mTarget map size: 74[0m
[1;94m[*] [0mNo auto-generated dictionary tokens to reuse.[0m
[1;94m[*] [0mLoading extra dictionary from 'afl-inputs.dict' (level 0)...[0m
[1;94m[*] [0mLoaded 80 extra tokens, size range 4 B to 6 B.[0m
[1;92m[+] [0mLoaded a total of 6 extras.[0m
[1;94m[*] [0mAttempting dry run with 'id:000000,time:0,execs:0,orig:testcase.txt'...[0m
[1;90m    len = 3, map size = 19, exec speed = 3417 us, hash = ca589d48df9abc58
[0m[1;92m[+] [0mAll test cases processed.[0m
[1;92m[+] [0mHere are some useful stats:

[1;90m    Test case count : [0m1 favored, 0 variable, 0 ignored, 1 total
[1;90m       Bitmap range : [0m19 to 19 bits (average: 19.00 bits)
[1;90m        Exec timing : [0m3417 to 3417 us (average: 3417 us)
[0m
[1;94m[*] [0mNo -t option specified, so I'll use an exec timeout of 20 ms.[0m
[1;92m[+] [0mAll set and ready to roll![0m
[1;94m[*] [0mEntering queue cycle 1.[0m
[1;94m[*] [0mFuzzing test case #0 (1 total, 0 crashes saved, state: started :-), mode=explore, perf_score=0, weight=0, favorite=1, was_fuzzed=0, exec_us=3417, hits=0, map=19, ascii=0, run_time=0:00:00:00)...[0m
[Objective #0] run time: 0h-0m-2s, clients: 1, corpus: 2, objectives: 14, executions: 20, exec/sec: 9.947
[1;94m[*] [0mFuzzing test case #1 (2 total, 0 crashes saved, state: started :-), mode=explore, perf_score=0, weight=0, favorite=1, was_fuzzed=0, exec_us=1108, hits=2, map=20, ascii=0, run_time=0:00:00:00)...[0m
[1;94m[*] [0mFuzzing test case #1 (2 total, 0 crashes saved, state: started :-), mode=explore, perf_score=690, weight=24, favorite=1, was_fuzzed=1, exec_us=1108, hits=2, map=20, ascii=0, run_time=0:00:00:00)...[0m
[Objective #0] run time: 0h-0m-2s, clients: 1, corpus: 2, objectives: 15, executions: 20, exec/sec: 9.167
[Objective #0] run time: 0h-0m-2s, clients: 1, corpus: 2, objectives: 16, executions: 20, exec/sec: 8.600
[Objective #0] run time: 0h-0m-2s, clients: 1, corpus: 2, objectives: 17, executions: 20, exec/sec: 8.105
[Objective #0] run time: 0h-0m-2s, clients: 1, corpus: 2, objectives: 18, executions: 20, exec/sec: 7.634
[Objective #0] run time: 0h-0m-2s, clients: 1, corpus: 2, objectives: 19, executions: 20, exec/sec: 7.221
[Objective #0] run time: 0h-0m-2s, clients: 1, corpus: 2, objectives: 20, executions: 20, exec/sec: 6.860
[Objective #0] run time: 0h-0m-3s, clients: 1, corpus: 2, objectives: 21, executions: 20, exec/sec: 6.525
[Objective #0] run time: 0h-0m-3s, clients: 1, corpus: 2, objectives: 22, executions: 20, exec/sec: 6.230
[Objective #0] run time: 0h-0m-3s, clients: 1, corpus: 2, objectives: 23, executions: 20, exec/sec: 5.951
[Objective #0] run time: 0h-0m-3s, clients: 1, corpus: 2, objectives: 24, executions: 20, exec/sec: 5.676
[Objective #0] run time: 0h-0m-3s, clients: 1, corpus: 2, objectives: 25, executions: 20, exec/sec: 5.482
[Objective #0] run time: 0h-0m-3s, clients: 1, corpus: 2, objectives: 26, executions: 20, exec/sec: 5.265
[Objective #0] run time: 0h-0m-3s, clients: 1, corpus: 2, objectives: 27, executions: 20, exec/sec: 5.067
[Objective #0] run time: 0h-0m-4s, clients: 1, corpus: 2, objectives: 28, executions: 20, exec/sec: 4.917
[Objective #0] run time: 0h-0m-4s, clients: 1, corpus: 2, objectives: 29, executions: 20, exec/sec: 4.753
[Objective #0] run time: 0h-0m-4s, clients: 1, corpus: 2, objectives: 30, executions: 20, exec/sec: 4.584
[Objective #0] run time: 0h-0m-4s, clients: 1, corpus: 2, objectives: 31, executions: 20, exec/sec: 4.436
[Objective #0] run time: 0h-0m-4s, clients: 1, corpus: 2, objectives: 32, executions: 20, exec/sec: 4.293
[Objective #0] run time: 0h-0m-4s, clients: 1, corpus: 2, objectives: 33, executions: 20, exec/sec: 4.177
[Objective #0] run time: 0h-0m-4s, clients: 1, corpus: 2, objectives: 34, executions: 20, exec/sec: 4.049
[Objective #0] run time: 0h-0m-5s, clients: 1, corpus: 2, objectives: 35, executions: 20, exec/sec: 3.930
[Objective #0] run time: 0h-0m-5s, clients: 1, corpus: 2, objectives: 36, executions: 20, exec/sec: 3.816
[Objective #0] run time: 0h-0m-5s, clients: 1, corpus: 2, objectives: 37, executions: 20, exec/sec: 3.714
[Objective #0] run time: 0h-0m-5s, clients: 1, corpus: 2, objectives: 38, executions: 20, exec/sec: 3.618
[Objective #0] run time: 0h-0m-5s, clients: 1, corpus: 2, objectives: 39, executions: 20, exec/sec: 3.486
[Objective #0] run time: 0h-0m-5s, clients: 1, corpus: 2, objectives: 40, executions: 20, exec/sec: 3.403
[Objective #0] run time: 0h-0m-6s, clients: 1, corpus: 2, objectives: 41, executions: 20, exec/sec: 3.306
[Objective #0] run time: 0h-0m-6s, clients: 1, corpus: 2, objectives: 42, executions: 20, exec/sec: 3.228
[Objective #0] run time: 0h-0m-6s, clients: 1, corpus: 2, objectives: 43, executions: 20, exec/sec: 3.152
[Objective #0] run time: 0h-0m-6s, clients: 1, corpus: 2, objectives: 44, executions: 20, exec/sec: 3.082
[Objective #0] run time: 0h-0m-6s, clients: 1, corpus: 2, objectives: 45, executions: 20, exec/sec: 3.026
[Objective #0] run time: 0h-0m-6s, clients: 1, corpus: 2, objectives: 46, executions: 20, exec/sec: 2.956
[Objective #0] run time: 0h-0m-6s, clients: 1, corpus: 2, objectives: 47, executions: 20, exec/sec: 2.896
[Objective #0] run time: 0h-0m-7s, clients: 1, corpus: 2, objectives: 48, executions: 20, exec/sec: 2.844
[Objective #0] run time: 0h-0m-7s, clients: 1, corpus: 2, objectives: 49, executions: 20, exec/sec: 2.789
[Objective #0] run time: 0h-0m-7s, clients: 1, corpus: 2, objectives: 50, executions: 20, exec/sec: 2.738
[Objective #0] run time: 0h-0m-7s, clients: 1, corpus: 2, objectives: 51, executions: 20, exec/sec: 2.687
[Objective #0] run time: 0h-0m-7s, clients: 1, corpus: 2, objectives: 52, executions: 20, exec/sec: 2.638
[Objective #0] run time: 0h-0m-7s, clients: 1, corpus: 2, objectives: 53, executions: 20, exec/sec: 2.585
[Objective #0] run time: 0h-0m-7s, clients: 1, corpus: 2, objectives: 54, executions: 20, exec/sec: 2.536
[Objective #0] run time: 0h-0m-8s, clients: 1, corpus: 2, objectives: 55, executions: 20, exec/sec: 2.488
[Objective #0] run time: 0h-0m-8s, clients: 1, corpus: 2, objectives: 56, executions: 20, exec/sec: 2.445
[Objective #0] run time: 0h-0m-8s, clients: 1, corpus: 2, objectives: 57, executions: 20, exec/sec: 2.402
[Objective #0] run time: 0h-0m-8s, clients: 1, corpus: 2, objectives: 58, executions: 20, exec/sec: 2.364
[Objective #0] run time: 0h-0m-8s, clients: 1, corpus: 2, objectives: 59, executions: 20, exec/sec: 2.328
[Objective #0] run time: 0h-0m-8s, clients: 1, corpus: 2, objectives: 60, executions: 20, exec/sec: 2.293
[Objective #0] run time: 0h-0m-8s, clients: 1, corpus: 2, objectives: 61, executions: 20, exec/sec: 2.261
[Objective #0] run time: 0h-0m-8s, clients: 1, corpus: 2, objectives: 62, executions: 20, exec/sec: 2.231
[Objective #0] run time: 0h-0m-9s, clients: 1, corpus: 2, objectives: 63, executions: 20, exec/sec: 2.198
[Objective #0] run time: 0h-0m-9s, clients: 1, corpus: 2, objectives: 64, executions: 20, exec/sec: 2.163
[Objective #0] run time: 0h-0m-9s, clients: 1, corpus: 2, objectives: 65, executions: 20, exec/sec: 2.132
[Objective #0] run time: 0h-0m-9s, clients: 1, corpus: 2, objectives: 66, executions: 20, exec/sec: 2.106
[Objective #0] run time: 0h-0m-9s, clients: 1, corpus: 2, objectives: 67, executions: 20, exec/sec: 2.077
[Objective #0] run time: 0h-0m-9s, clients: 1, corpus: 2, objectives: 68, executions: 20, exec/sec: 2.047
[Objective #0] run time: 0h-0m-9s, clients: 1, corpus: 2, objectives: 69, executions: 20, exec/sec: 2.020
[Objective #0] run time: 0h-0m-10s, clients: 1, corpus: 2, objectives: 70, executions: 20, exec/sec: 1.990
[Objective #0] run time: 0h-0m-10s, clients: 1, corpus: 2, objectives: 71, executions: 20, exec/sec: 1.963
Crash limit reached: 1
[?25h[1;91m

+++ Testing aborted programmatically +++
[0m[1;94m[*] [0mStatistics: 18 new corpus items found, 39.19% coverage achieved, 1 crashes saved, 0 timeouts saved, total runtime 0 days, 0 hrs, 0 min, 10 sec[0m
[1;92m[+] [0mWe're done here. Have a nice day!
[0m
[1;94m[*] [0mFuzzing test case #15 (16 total, 0 crashes saved, state: started :-), mode=explore, perf_score=0, weight=0, favorite=1, was_fuzzed=0, exec_us=1655, hits=17, map=21, ascii=0, run_time=0:00:02:16)...[0m
[1;94m[*] [0mFuzzing test case #14 (16 total, 0 crashes saved, state: started :-), mode=explore, perf_score=200, weight=42, favorite=1, was_fuzzed=0, exec_us=1550, hits=2, map=21, ascii=0, run_time=0:00:02:16)...[0m
[1;94m[*] [0mFuzzing test case #12 (19 total, 0 crashes saved, state: started :-), mode=explore, perf_score=100, weight=8, favorite=1, was_fuzzed=0, exec_us=4111, hits=24, map=19, ascii=0, run_time=0:00:02:20)...[0m
[1;94m[*] [0mFuzzing test case #18 (20 total, 0 crashes saved, state: started :-), mode=explore, perf_score=300, weight=86, favorite=1, was_fuzzed=0, exec_us=1723, hits=1, map=25, ascii=0, run_time=0:00:02:45)...[0m
[1;94m[*] [0mFuzzing test case #20 (21 total, 0 crashes saved, state: started :-), mode=explore, perf_score=0, weight=0, favorite=1, was_fuzzed=0, exec_us=1598, hits=1, map=24, ascii=0, run_time=0:00:02:47)...[0m
[1;94m[*] [0mFuzzing test case #19 (21 total, 0 crashes saved, state: started :-), mode=explore, perf_score=300, weight=3, favorite=0, was_fuzzed=0, exec_us=1628, hits=2, map=21, ascii=0, run_time=0:00:02:47)...[0m
[1;94m[*] [0mFuzzing test case #22 (24 total, 0 crashes saved, state: started :-), mode=explore, perf_score=0, weight=0, favorite=1, was_fuzzed=0, exec_us=1568, hits=1, map=19, ascii=0, run_time=0:00:02:49)...[0m
[1;94m[*] [0mFuzzing test case #14 (24 total, 0 crashes saved, state: started :-), mode=explore, perf_score=120, weight=1, favorite=0, was_fuzzed=1, exec_us=1550, hits=124, map=21, ascii=0, run_time=0:00:02:49)...[0m
[1;94m[*] [0mFuzzing test case #3 (24 total, 0 crashes saved, state: started :-), mode=explore, perf_score=75, weight=3, favorite=1, was_fuzzed=0, exec_us=6226, hits=577, map=19, ascii=0, run_time=0:00:02:50)...[0m
[1;94m[*] [0mFuzzing test case #1 (24 total, 0 crashes saved, state: started :-), mode=explore, perf_score=229, weight=72, favorite=1, was_fuzzed=1, exec_us=1108, hits=2147, map=20, ascii=0, run_time=0:00:03:11)...[0m
[1;94m[*] [0mFuzzing test case #24 (25 total, 0 crashes saved, state: started :-), mode=explore, perf_score=0, weight=0, favorite=1, was_fuzzed=0, exec_us=1594, hits=1, map=24, ascii=0, run_time=0:00:03:12)...[0m
[1;94m[*] [0mFuzzing test case #24 (25 total, 0 crashes saved, state: started :-), mode=explore, perf_score=690, weight=44, favorite=1, was_fuzzed=1, exec_us=1594, hits=1, map=24, ascii=0, run_time=0:00:03:12)...[0m
[1;94m[*] [0mFuzzing test case #29 (34 total, 0 crashes saved, state: started :-), mode=explore, perf_score=0, weight=0, favorite=1, was_fuzzed=0, exec_us=1658, hits=1, map=24, ascii=0, run_time=0:00:04:37)...[0m
[1;94m[*] [0mFuzzing test case #25 (34 total, 0 crashes saved, state: started :-), mode=explore, perf_score=300, weight=51, favorite=1, was_fuzzed=0, exec_us=1538, hits=5, map=23, ascii=0, run_time=0:00:04:37)...[0m
[1;94m[*] [0mFuzzing test case #27 (34 total, 0 crashes saved, state: started :-), mode=explore, perf_score=300, weight=44, favorite=1, was_fuzzed=0, exec_us=1540, hits=3, map=24, ascii=0, run_time=0:00:04:38)...[0m
[1;94m[*] [0mFuzzing test case #30 (35 total, 0 crashes saved, state: started :-), mode=explore, perf_score=200, weight=22, favorite=1, was_fuzzed=0, exec_us=1690, hits=6, map=24, ascii=0, run_time=0:00:04:59)...[0m
[1;94m[*] [0mFuzzing test case #28 (36 total, 0 crashes saved, state: in progress, mode=explore, perf_score=200, weight=27, favorite=1, was_fuzzed=0, exec_us=1638, hits=3, map=23, ascii=0, run_time=0:00:05:01)...[0m
[1;94m[*] [0mFuzzing test case #1 (37 total, 0 crashes saved, state: in progress, mode=explore, perf_score=172, weight=72, favorite=1, was_fuzzed=1, exec_us=1108, hits=2408, map=20, ascii=0, run_time=0:00:05:02)...[0m
[1;94m[*] [0mFuzzing test case #1 (37 total, 0 crashes saved, state: in progress, mode=explore, perf_score=172, weight=72, favorite=1, was_fuzzed=1, exec_us=1108, hits=2451, map=20, ascii=0, run_time=0:00:05:02)...[0m
[1;94m[*] [0mFuzzing test case #22 (39 total, 0 crashes saved, state: in progress, mode=explore, perf_score=690, weight=12, favorite=1, was_fuzzed=1, exec_us=1568, hits=5, map=19, ascii=0, run_time=0:00:05:03)...[0m
[1;94m[*] [0mFuzzing test case #28 (40 total, 0 crashes saved, state: in progress, mode=explore, perf_score=229, weight=7, favorite=1, was_fuzzed=1, exec_us=1638, hits=51, map=23, ascii=0, run_time=0:00:05:33)...[0m
[1;94m[*] [0mFuzzing test case #1 (40 total, 0 crashes saved, state: in progress, mode=explore, perf_score=172, weight=74, favorite=1, was_fuzzed=1, exec_us=1108, hits=2585, map=20, ascii=0, run_time=0:00:05:34)...[0m
[1;94m[*] [0mFuzzing test case #25 (41 total, 0 crashes saved, state: in progress, mode=explore, perf_score=229, weight=16, favorite=1, was_fuzzed=1, exec_us=1538, hits=69, map=23, ascii=0, run_time=0:00:05:35)...[0m
[1;94m[*] [0mFuzzing test case #1 (41 total, 0 crashes saved, state: in progress, mode=explore, perf_score=172, weight=74, favorite=1, was_fuzzed=1, exec_us=1108, hits=2642, map=20, ascii=0, run_time=0:00:05:36)...[0m
[1;94m[*] [0mFuzzing test case #29 (41 total, 0 crashes saved, state: in progress, mode=explore, perf_score=690, weight=11, favorite=1, was_fuzzed=1, exec_us=1658, hits=7, map=24, ascii=0, run_time=0:00:05:37)...[0m
[1;94m[*] [0mFuzzing test case #41 (43 total, 0 crashes saved, state: in progress, mode=explore, perf_score=0, weight=0, favorite=1, was_fuzzed=0, exec_us=1499, hits=2, map=22, ascii=0, run_time=0:00:06:08)...[0m
[1;94m[*] [0mFuzzing test case #1 (43 total, 0 crashes saved, state: in progress, mode=explore, perf_score=172, weight=74, favorite=1, was_fuzzed=1, exec_us=1108, hits=2797, map=20, ascii=0, run_time=0:00:06:08)...[0m
[1;94m[*] [0mFuzzing test case #1 (43 total, 0 crashes saved, state: in progress, mode=explore, perf_score=172, weight=73, favorite=1, was_fuzzed=1, exec_us=1108, hits=2830, map=20, ascii=0, run_time=0:00:06:08)...[0m
[1;94m[*] [0mFuzzing test case #1 (43 total, 0 crashes saved, state: in progress, mode=explore, perf_score=172, weight=73, favorite=1, was_fuzzed=1, exec_us=1108, hits=2862, map=20, ascii=0, run_time=0:00:06:10)...[0m
[1;94m[*] [0mFuzzing test case #25 (43 total, 0 crashes saved, state: in progress, mode=explore, perf_score=229, weight=15, favorite=1, was_fuzzed=1, exec_us=1538, hits=103, map=23, ascii=0, run_time=0:00:06:10)...[0m
[1;94m[*] [0mFuzzing test case #1 (43 total, 0 crashes saved, state: in progress, mode=explore, perf_score=172, weight=73, favorite=1, was_fuzzed=1, exec_us=1108, hits=2926, map=20, ascii=0, run_time=0:00:06:11)...[0m
[1;94m[*] [0mFuzzing test case #41 (43 total, 0 crashes saved, state: in progress, mode=explore, perf_score=919, weight=17, favorite=1, was_fuzzed=1, exec_us=1499, hits=3, map=22, ascii=0, run_time=0:00:06:36)...[0m
[1;94m[*] [0mFuzzing test case #1 (47 total, 0 crashes saved, state: in progress, mode=explore, perf_score=172, weight=76, favorite=1, was_fuzzed=1, exec_us=1108, hits=3019, map=20, ascii=0, run_time=0:00:07:39)...[0m
[1;94m[*] [0mFuzzing test case #22 (47 total, 0 crashes saved, state: in progress, mode=explore, perf_score=229, weight=7, favorite=1, was_fuzzed=1, exec_us=1568, hits=48, map=19, ascii=0, run_time=0:00:07:40)...[0m
[1;94m[*] [0mFuzzing test case #29 (47 total, 0 crashes saved, state: in progress, mode=explore, perf_score=229, weight=6, favorite=1, was_fuzzed=1, exec_us=1658, hits=140, map=24, ascii=0, run_time=0:00:07:41)...[0m
[1;94m[*] [0mFuzzing test case #1 (47 total, 0 crashes saved, state: in progress, mode=explore, perf_score=172, weight=76, favorite=1, was_fuzzed=1, exec_us=1108, hits=3073, map=20, ascii=0, run_time=0:00:07:42)...[0m
[1;94m[*] [0mFuzzing test case #1 (47 total, 0 crashes saved, state: in progress, mode=explore, perf_score=172, weight=76, favorite=1, was_fuzzed=1, exec_us=1108, hits=3111, map=20, ascii=0, run_time=0:00:07:42)...[0m
[1;94m[*] [0mFuzzing test case #28 (47 total, 0 crashes saved, state: in progress, mode=explore, perf_score=229, weight=7, favorite=1, was_fuzzed=1, exec_us=1638, hits=85, map=23, ascii=0, run_time=0:00:07:43)...[0m
[1;94m[*] [0mFuzzing test case #1 (47 total, 0 crashes saved, state: in progress, mode=explore, perf_score=172, weight=76, favorite=1, was_fuzzed=1, exec_us=1108, hits=3152, map=20, ascii=0, run_time=0:00:07:45)...[0m
[1;94m[*] [0mFuzzing test case #1 (47 total, 0 crashes saved, state: in progress, mode=explore, perf_score=172, weight=76, favorite=1, was_fuzzed=1, exec_us=1108, hits=3191, map=20, ascii=0, run_time=0:00:07:45)...[0m
[1;94m[*] [0mFuzzing test case #1 (47 total, 0 crashes saved, state: in progress, mode=explore, perf_score=172, weight=76, favorite=1, was_fuzzed=1, exec_us=1108, hits=3247, map=20, ascii=0, run_time=0:00:08:04)...[0m
[1;94m[*] [0mFuzzing test case #1 (47 total, 0 crashes saved, state: in progress, mode=explore, perf_score=172, weight=76, favorite=1, was_fuzzed=1, exec_us=1108, hits=3281, map=20, ascii=0, run_time=0:00:08:05)...[0m
[1;94m[*] [0mFuzzing test case #1 (47 total, 0 crashes saved, state: in progress, mode=explore, perf_score=172, weight=76, favorite=1, was_fuzzed=1, exec_us=1108, hits=3382, map=20, ascii=0, run_time=0:00:08:06)...[0m
[1;94m[*] [0mFuzzing test case #20 (48 total, 0 crashes saved, state: in progress, mode=explore, perf_score=459, weight=9, favorite=1, was_fuzzed=1, exec_us=1598, hits=27, map=24, ascii=0, run_time=0:00:08:07)...[0m
[1;94m[*] [0mFuzzing test case #1 (49 total, 0 crashes saved, state: in progress, mode=explore, perf_score=172, weight=77, favorite=1, was_fuzzed=1, exec_us=1108, hits=3451, map=20, ascii=0, run_time=0:00:08:09)...[0m
[1;94m[*] [0mFuzzing test case #1 (49 total, 0 crashes saved, state: in progress, mode=explore, perf_score=172, weight=77, favorite=1, was_fuzzed=1, exec_us=1108, hits=3479, map=20, ascii=0, run_time=0:00:08:10)...[0m
[1;94m[*] [0mFuzzing test case #1 (49 total, 0 crashes saved, state: in progress, mode=explore, perf_score=172, weight=77, favorite=1, was_fuzzed=1, exec_us=1108, hits=3507, map=20, ascii=0, run_time=0:00:08:23)...[0m
[1;94m[*] [0mFuzzing test case #29 (49 total, 0 crashes saved, state: in progress, mode=explore, perf_score=229, weight=6, favorite=1, was_fuzzed=1, exec_us=1658, hits=198, map=24, ascii=0, run_time=0:00:08:23)...[0m
[1;94m[*] [0mFuzzing test case #49 (51 total, 0 crashes saved, state: in progress, mode=explore, perf_score=0, weight=0, favorite=1, was_fuzzed=0, exec_us=1493, hits=1, map=24, ascii=0, run_time=0:00:08:25)...[0m
[1;94m[*] [0mFuzzing test case #1 (51 total, 0 crashes saved, state: in progress, mode=explore, perf_score=172, weight=76, favorite=1, was_fuzzed=1, exec_us=1108, hits=3589, map=20, ascii=0, run_time=0:00:08:25)...[0m
[1;94m[*] [0mFuzzing test case #25 (53 total, 0 crashes saved, state: in progress, mode=explore, perf_score=229, weight=15, favorite=1, was_fuzzed=1, exec_us=1538, hits=133, map=23, ascii=0, run_time=0:00:08:26)...[0m
[1;94m[*] [0mFuzzing test case #49 (53 total, 0 crashes saved, state: in progress, mode=explore, perf_score=919, weight=22, favorite=1, was_fuzzed=1, exec_us=1493, hits=1, map=24, ascii=0, run_time=0:00:08:39)...[0m
[?25h[1;91m

+++ Testing aborted programmatically +++
[0m[1;94m[*] [0mStatistics: 53 new corpus items found, 48.65% coverage achieved, 1 crashes saved, 0 timeouts saved, total runtime 0 days, 0 hrs, 8 min, 41 sec[0m
[1;92m[+] [0mWe're done here. Have a nice day!
[0m
