JOB timestamp: Tue Dec 19 10:49:38 MST 2023
JOB ID: 121828
Array Task ID: 9
Current directory: /lfs/koff9454.ui/projects/plc_runtime_fuzzer/code_analysis/src
r3i4n3
gcc (Spack GCC) 12.1.0
Copyright (C) 2022 Free Software Foundation, Inc.
This is free software; see the source for copying conditions.  There is NO
warranty; not even for MERCHANTABILITY or FITNESS FOR A PARTICULAR PURPOSE.

Python 3.11.5
/lfs/koff9454.ui/miniconda3/envs/plc/bin/python
matiec version 0.1
changeset id: 
Number of programs: 3
Programs: depth_1 depth_2 depth_3
Fuzzing program: depth_1, Job ID: 9
input dir exist, skipping
harness file exist, skipping
Running the fuzzers
Workdir: "/lfs/koff9454.ui/projects/plc_runtime_fuzzer/code_analysis/src/programs/depth/depth_1/runs/run-9"
Out dir at "fuzzer-outdir" already exists.
Let's fuzz :)
[Stats #0] run time: 0h-0m-0s, clients: 1, corpus: 0, objectives: 0, executions: 0, exec/sec: 0.000
[Testcase #0] run time: 0h-0m-0s, clients: 1, corpus: 1, objectives: 0, executions: 1, exec/sec: 0.000
We imported 1 inputs from disk.
[Objective #0] run time: 0h-0m-0s, clients: 1, corpus: 1, objectives: 1, executions: 1, exec/sec: 0.000
[Objective #0] run time: 0h-0m-0s, clients: 1, corpus: 1, objectives: 2, executions: 1, exec/sec: 0.000
[Objective #0] run time: 0h-0m-0s, clients: 1, corpus: 1, objectives: 3, executions: 1, exec/sec: 0.000
[Objective #0] run time: 0h-0m-0s, clients: 1, corpus: 1, objectives: 4, executions: 1, exec/sec: 0.000
[Stats #0] run time: 0h-0m-0s, clients: 1, corpus: 1, objectives: 4, executions: 1, exec/sec: 0.000
[Testcase #0] run time: 0h-0m-0s, clients: 1, corpus: 2, objectives: 4, executions: 14, exec/sec: 0.000
[Objective #0] run time: 0h-0m-0s, clients: 1, corpus: 2, objectives: 5, executions: 14, exec/sec: 0.000
[Objective #0] run time: 0h-0m-0s, clients: 1, corpus: 2, objectives: 6, executions: 14, exec/sec: 0.000
[Objective #0] run time: 0h-0m-0s, clients: 1, corpus: 2, objectives: 7, executions: 14, exec/sec: 0.000
[Objective #0] run time: 0h-0m-1s, clients: 1, corpus: 2, objectives: 8, executions: 14, exec/sec: 13.34
[Objective #0] run time: 0h-0m-1s, clients: 1, corpus: 2, objectives: 9, executions: 14, exec/sec: 12.05
[Objective #0] run time: 0h-0m-1s, clients: 1, corpus: 2, objectives: 10, executions: 14, exec/sec: 10.93
[Objective #0] run time: 0h-0m-1s, clients: 1, corpus: 2, objectives: 11, executions: 14, exec/sec: 9.888
[Objective #0] run time: 0h-0m-1s, clients: 1, corpus: 2, objectives: 12, executions: 14, exec/sec: 9.091
[Objective #0] run time: 0h-0m-1s, clients: 1, corpus: 2, objectives: 13, executions: 14, exec/sec: 8.415
[Objective #0] run time: 0h-0m-1s, clients: 1, corpus: 2, objectives: 14, executions: 14, exec/sec: 7.816
[Objective #0] run time: 0h-0m-1s, clients: 1, corpus: 2, objectives: 15, executions: 14, exec/sec: 7.318
[Objective #0] run time: 0h-0m-2s, clients: 1, corpus: 2, objectives: 16, executions: 14, exec/sec: 6.869
[1;92m[+] [0mEnabled environment variable AFL_BENCH_UNTIL_CRASH with value 1[0m
[1;92m[+] [0mEnabled environment variable AFL_IGNORE_SEED_PROBLEMS with value 1[0m
[1;92m[+] [0mEnabled environment variable AFL_I_DONT_CARE_ABOUT_MISSING_CRASHES with value 1[0m
[1;92m[+] [0mEnabled environment variable AFL_SKIP_CPUFREQ with value 1[0m
[1;92m[+] [0mEnabled environment variable AFL_TRY_AFFINITY with value 1[0m
[1;93m[!] [1;97mWARNING: [0mPotentially mistyped AFL environment variable: USE_PCM_DB=2, did you mean AFL_USE_PCM_DB=2?[0m
[0;36mafl-fuzz++4.09a[0m based on afl by Michal Zalewski and a large online community
[1;92m[+] [0mAFL++ is maintained by Marc "van Hauser" Heuse, Dominik Maier, Andrea Fioraldi and Heiko "hexcoder" Eißfeldt[0m
[1;92m[+] [0mAFL++ is open source, get it at https://github.com/AFLplusplus/AFLplusplus[0m
[1;92m[+] [0mNOTE: AFL++ >= v3 has changed defaults and behaviours - see README.md[0m
[1;92m[+] [0mNo -M/-S set, autoconfiguring for "-S default"[0m
[1;94m[*] [0mGetting to work...[0m
[1;92m[+] [0mUsing exponential power schedule (FAST)[0m
[1;92m[+] [0mEnabled testcache with 50 MB[0m
[1;92m[+] [0mGenerating fuzz data with a length of min=1 max=1048576[0m
[1;94m[*] [0mChecking core_pattern...[0m

[1;91m[-] [0mHmm, your system is configured to send core dump notifications to an
    external utility. This will cause issues: there will be an extended delay
    between stumbling upon a crash and having this information relayed to the
    fuzzer via the standard waitpid() API.
    If you're just testing, set 'AFL_I_DONT_CARE_ABOUT_MISSING_CRASHES=1'.

    To avoid having crashes misinterpreted as timeouts, please log in as root
    and temporarily modify /proc/sys/kernel/core_pattern, like so:

    echo core >/proc/sys/kernel/core_pattern
[1;92m[+] [0mLooks like we're not running on a tty, so I'll be a bit less verbose.[0m
[1;92m[+] [0mYou have 36 CPU cores and 7 runnable tasks (utilization: 19%).[0m
[1;92m[+] [0mTry parallel jobs - see /usr/local/share/doc/afl/fuzzing_in_depth.md#c-using-multiple-cores[0m
[1;94m[*] [0mSetting up output directories...[0m
[1;94m[*] [0mChecking CPU core loadout...[0m
[1;92m[+] [0mFound a free CPU core, try binding to #3.[0m
[1;94m[*] [0mScanning 'our-indir'...[0m
[1;92m[+] [0mLoaded a total of 1 seeds.[0m
[1;94m[*] [0mCreating hard links for all input files...[0m
[1;94m[*] [0mValidating target binary...[0m
[1;94m[*] [0mSpinning up the fork server...[0m
[1;92m[+] [0mAll right - fork server is up.[0m
[1;94m[*] [0mTarget map size: 59[0m
[1;94m[*] [0mNo auto-generated dictionary tokens to reuse.[0m
[1;94m[*] [0mLoading extra dictionary from 'our-inputs.dict' (level 0)...[0m
[1;94m[*] [0mLoaded 66 extra tokens, size range 4 B to 6 B.[0m
[1;92m[+] [0mLoaded a total of 5 extras.[0m
[1;94m[*] [0mAttempting dry run with 'id:000000,time:0,execs:0,orig:variables.txt'...[0m
[1;90m    len = 308, map size = 17, exec speed = 1165 us, hash = d7117ca9a15ca271
[0m[1;92m[+] [0mAll test cases processed.[0m
[1;92m[+] [0mHere are some useful stats:

[1;90m    Test case count : [0m1 favored, 0 variable, 0 ignored, 1 total
[1;90m       Bitmap range : [0m17 to 17 bits (average: 17.00 bits)
[1;90m        Exec timing : [0m1165 to 1165 us (average: 1165 us)
[0m
[1;94m[*] [0mNo -t option specified, so I'll use an exec timeout of 20 ms.[0m
[1;92m[+] [0mAll set and ready to roll![0m
[1;94m[*] [0mEntering queue cycle 1.[0m
[1;94m[*] [0mFuzzing test case #0 (1 total, 0 crashes saved, state: started :-), mode=explore, perf_score=0, weight=0, favorite=1, was_fuzzed=0, exec_us=1165, hits=0, map=17, ascii=0, run_time=0:00:00:00)...[0m
[1;92m[+] [0mEnabled environment variable AFL_BENCH_UNTIL_CRASH with value 1[0m
[1;92m[+] [0mEnabled environment variable AFL_IGNORE_SEED_PROBLEMS with value 1[0m
[1;92m[+] [0mEnabled environment variable AFL_I_DONT_CARE_ABOUT_MISSING_CRASHES with value 1[0m
[1;92m[+] [0mEnabled environment variable AFL_SKIP_CPUFREQ with value 1[0m
[1;92m[+] [0mEnabled environment variable AFL_TRY_AFFINITY with value 1[0m
[1;93m[!] [1;97mWARNING: [0mPotentially mistyped AFL environment variable: USE_PCM_DB=2, did you mean AFL_USE_PCM_DB=2?[0m
[0;36mafl-fuzz++4.09a[0m based on afl by Michal Zalewski and a large online community
[1;92m[+] [0mAFL++ is maintained by Marc "van Hauser" Heuse, Dominik Maier, Andrea Fioraldi and Heiko "hexcoder" Eißfeldt[0m
[1;92m[+] [0mAFL++ is open source, get it at https://github.com/AFLplusplus/AFLplusplus[0m
[1;92m[+] [0mNOTE: AFL++ >= v3 has changed defaults and behaviours - see README.md[0m
[1;92m[+] [0mNo -M/-S set, autoconfiguring for "-S default"[0m
[1;94m[*] [0mGetting to work...[0m
[1;92m[+] [0mUsing exponential power schedule (FAST)[0m
[1;92m[+] [0mEnabled testcache with 50 MB[0m
[1;92m[+] [0mGenerating fuzz data with a length of min=1 max=1048576[0m
[1;94m[*] [0mChecking core_pattern...[0m

[1;91m[-] [0mHmm, your system is configured to send core dump notifications to an
    external utility. This will cause issues: there will be an extended delay
    between stumbling upon a crash and having this information relayed to the
    fuzzer via the standard waitpid() API.
    If you're just testing, set 'AFL_I_DONT_CARE_ABOUT_MISSING_CRASHES=1'.

    To avoid having crashes misinterpreted as timeouts, please log in as root
    and temporarily modify /proc/sys/kernel/core_pattern, like so:

    echo core >/proc/sys/kernel/core_pattern
[1;92m[+] [0mLooks like we're not running on a tty, so I'll be a bit less verbose.[0m
[1;92m[+] [0mYou have 36 CPU cores and 8 runnable tasks (utilization: 22%).[0m
[1;92m[+] [0mTry parallel jobs - see /usr/local/share/doc/afl/fuzzing_in_depth.md#c-using-multiple-cores[0m
[1;94m[*] [0mSetting up output directories...[0m
[1;94m[*] [0mChecking CPU core loadout...[0m
[1;92m[+] [0mFound a free CPU core, try binding to #6.[0m
[1;94m[*] [0mScanning 'afl-indir'...[0m
[1;92m[+] [0mLoaded a total of 1 seeds.[0m
[1;94m[*] [0mCreating hard links for all input files...[0m
[1;94m[*] [0mValidating target binary...[0m
[1;94m[*] [0mSpinning up the fork server...[0m
[1;92m[+] [0mAll right - fork server is up.[0m
[1;94m[*] [0mTarget map size: 59[0m
[1;94m[*] [0mNo auto-generated dictionary tokens to reuse.[0m
[1;94m[*] [0mLoading extra dictionary from 'afl-inputs.dict' (level 0)...[0m
[1;94m[*] [0mLoaded 66 extra tokens, size range 4 B to 6 B.[0m
[1;92m[+] [0mLoaded a total of 5 extras.[0m
[1;94m[*] [0mAttempting dry run with 'id:000000,time:0,execs:0,orig:testcase.txt'...[0m
[1;90m    len = 3, map size = 16, exec speed = 1120 us, hash = 26782fe75b855ca7
[0m[1;92m[+] [0mAll test cases processed.[0m
[1;92m[+] [0mHere are some useful stats:

[1;90m    Test case count : [0m1 favored, 0 variable, 0 ignored, 1 total
[1;90m       Bitmap range : [0m16 to 16 bits (average: 16.00 bits)
[1;90m        Exec timing : [0m1120 to 1120 us (average: 1120 us)
[0m
[1;94m[*] [0mNo -t option specified, so I'll use an exec timeout of 20 ms.[0m
[1;92m[+] [0mAll set and ready to roll![0m
[1;94m[*] [0mEntering queue cycle 1.[0m
[1;94m[*] [0mFuzzing test case #0 (1 total, 0 crashes saved, state: started :-), mode=explore, perf_score=0, weight=0, favorite=1, was_fuzzed=0, exec_us=1120, hits=0, map=16, ascii=0, run_time=0:00:00:00)...[0m
[Objective #0] run time: 0h-0m-2s, clients: 1, corpus: 2, objectives: 17, executions: 14, exec/sec: 6.353
[1;94m[*] [0mFuzzing test case #2 (3 total, 0 crashes saved, state: started :-), mode=explore, perf_score=0, weight=0, favorite=1, was_fuzzed=0, exec_us=1122, hits=2, map=17, ascii=0, run_time=0:00:00:00)...[0m
[1;94m[*] [0mFuzzing test case #0 (3 total, 0 crashes saved, state: started :-), mode=explore, perf_score=459, weight=19, favorite=1, was_fuzzed=1, exec_us=1120, hits=0, map=16, ascii=0, run_time=0:00:00:00)...[0m
[Objective #0] run time: 0h-0m-2s, clients: 1, corpus: 2, objectives: 18, executions: 14, exec/sec: 5.955
[Objective #0] run time: 0h-0m-2s, clients: 1, corpus: 2, objectives: 19, executions: 14, exec/sec: 5.640
[Objective #0] run time: 0h-0m-2s, clients: 1, corpus: 2, objectives: 20, executions: 14, exec/sec: 5.339
[Objective #0] run time: 0h-0m-2s, clients: 1, corpus: 2, objectives: 21, executions: 14, exec/sec: 5.070
[Objective #0] run time: 0h-0m-2s, clients: 1, corpus: 2, objectives: 22, executions: 14, exec/sec: 4.846
[Objective #0] run time: 0h-0m-3s, clients: 1, corpus: 2, objectives: 23, executions: 14, exec/sec: 4.618
[Objective #0] run time: 0h-0m-3s, clients: 1, corpus: 2, objectives: 24, executions: 14, exec/sec: 4.415
[Objective #0] run time: 0h-0m-3s, clients: 1, corpus: 2, objectives: 25, executions: 14, exec/sec: 4.238
[Objective #0] run time: 0h-0m-3s, clients: 1, corpus: 2, objectives: 26, executions: 14, exec/sec: 4.069
[Objective #0] run time: 0h-0m-3s, clients: 1, corpus: 2, objectives: 27, executions: 14, exec/sec: 3.920
[Objective #0] run time: 0h-0m-3s, clients: 1, corpus: 2, objectives: 28, executions: 14, exec/sec: 3.775
[Objective #0] run time: 0h-0m-3s, clients: 1, corpus: 2, objectives: 29, executions: 14, exec/sec: 3.641
[Objective #0] run time: 0h-0m-3s, clients: 1, corpus: 2, objectives: 30, executions: 14, exec/sec: 3.523
[Objective #0] run time: 0h-0m-4s, clients: 1, corpus: 2, objectives: 31, executions: 14, exec/sec: 3.407
[Objective #0] run time: 0h-0m-4s, clients: 1, corpus: 2, objectives: 32, executions: 14, exec/sec: 3.290
[Objective #0] run time: 0h-0m-4s, clients: 1, corpus: 2, objectives: 33, executions: 14, exec/sec: 3.190
[Objective #0] run time: 0h-0m-4s, clients: 1, corpus: 2, objectives: 34, executions: 14, exec/sec: 3.094
[Objective #0] run time: 0h-0m-4s, clients: 1, corpus: 2, objectives: 35, executions: 14, exec/sec: 3.005
[Objective #0] run time: 0h-0m-4s, clients: 1, corpus: 2, objectives: 36, executions: 14, exec/sec: 2.923
[Objective #0] run time: 0h-0m-4s, clients: 1, corpus: 2, objectives: 37, executions: 14, exec/sec: 2.843
[Objective #0] run time: 0h-0m-5s, clients: 1, corpus: 2, objectives: 38, executions: 14, exec/sec: 2.764
[Objective #0] run time: 0h-0m-5s, clients: 1, corpus: 2, objectives: 39, executions: 14, exec/sec: 2.695
[Objective #0] run time: 0h-0m-5s, clients: 1, corpus: 2, objectives: 40, executions: 14, exec/sec: 2.629
[Objective #0] run time: 0h-0m-5s, clients: 1, corpus: 2, objectives: 41, executions: 14, exec/sec: 2.564
[Objective #0] run time: 0h-0m-5s, clients: 1, corpus: 2, objectives: 42, executions: 14, exec/sec: 2.501
[Objective #0] run time: 0h-0m-5s, clients: 1, corpus: 2, objectives: 43, executions: 14, exec/sec: 2.442
[Objective #0] run time: 0h-0m-5s, clients: 1, corpus: 2, objectives: 44, executions: 14, exec/sec: 2.386
[Objective #0] run time: 0h-0m-6s, clients: 1, corpus: 2, objectives: 45, executions: 14, exec/sec: 2.333
Crash limit reached: 1
[1;94m[*] [0mFuzzing test case #14 (16 total, 0 crashes saved, state: started :-), mode=explore, perf_score=0, weight=0, favorite=1, was_fuzzed=0, exec_us=1218, hits=4, map=16, ascii=0, run_time=0:00:00:09)...[0m
[1;94m[*] [0mFuzzing test case #15 (16 total, 0 crashes saved, state: started :-), mode=explore, perf_score=100, weight=31, favorite=1, was_fuzzed=0, exec_us=1295, hits=1, map=18, ascii=0, run_time=0:00:00:09)...[0m
[1;94m[*] [0mFuzzing test case #11 (17 total, 0 crashes saved, state: started :-), mode=explore, perf_score=100, weight=10, favorite=1, was_fuzzed=0, exec_us=1183, hits=6, map=18, ascii=0, run_time=0:00:00:10)...[0m
[1;94m[*] [0mFuzzing test case #5 (17 total, 0 crashes saved, state: started :-), mode=explore, perf_score=100, weight=7, favorite=1, was_fuzzed=0, exec_us=1338, hits=26, map=18, ascii=0, run_time=0:00:00:10)...[0m
[1;94m[*] [0mFuzzing test case #17 (18 total, 0 crashes saved, state: started :-), mode=explore, perf_score=0, weight=0, favorite=1, was_fuzzed=0, exec_us=1252, hits=1, map=16, ascii=0, run_time=0:00:00:11)...[0m
[1;94m[*] [0mFuzzing test case #11 (18 total, 0 crashes saved, state: started :-), mode=explore, perf_score=229, weight=4, favorite=1, was_fuzzed=1, exec_us=1183, hits=18, map=18, ascii=0, run_time=0:00:00:11)...[0m
[1;94m[*] [0mFuzzing test case #15 (19 total, 0 crashes saved, state: started :-), mode=explore, perf_score=345, weight=8, favorite=1, was_fuzzed=1, exec_us=1295, hits=11, map=18, ascii=0, run_time=0:00:00:11)...[0m
[?25h[1;91m

+++ Testing aborted programmatically +++
[0m[1;94m[*] [0mStatistics: 28 new corpus items found, 52.54% coverage achieved, 1 crashes saved, 0 timeouts saved, total runtime 0 days, 0 hrs, 0 min, 13 sec[0m
[1;92m[+] [0mWe're done here. Have a nice day!
[0m
[1;94m[*] [0mFuzzing test case #19 (21 total, 0 crashes saved, state: started :-), mode=explore, perf_score=0, weight=0, favorite=1, was_fuzzed=0, exec_us=1243, hits=1, map=21, ascii=0, run_time=0:00:00:13)...[0m
[1;94m[*] [0mFuzzing test case #0 (21 total, 0 crashes saved, state: started :-), mode=explore, perf_score=459, weight=78, favorite=1, was_fuzzed=1, exec_us=1120, hits=0, map=16, ascii=0, run_time=0:00:00:13)...[0m
[1;94m[*] [0mFuzzing test case #0 (21 total, 0 crashes saved, state: started :-), mode=explore, perf_score=459, weight=78, favorite=1, was_fuzzed=1, exec_us=1120, hits=0, map=16, ascii=0, run_time=0:00:00:13)...[0m
[1;94m[*] [0mFuzzing test case #0 (21 total, 0 crashes saved, state: started :-), mode=explore, perf_score=459, weight=78, favorite=1, was_fuzzed=1, exec_us=1120, hits=0, map=16, ascii=0, run_time=0:00:00:14)...[0m
[1;94m[*] [0mFuzzing test case #0 (21 total, 0 crashes saved, state: started :-), mode=explore, perf_score=459, weight=78, favorite=1, was_fuzzed=1, exec_us=1120, hits=0, map=16, ascii=0, run_time=0:00:00:15)...[0m
[1;94m[*] [0mFuzzing test case #21 (24 total, 0 crashes saved, state: started :-), mode=explore, perf_score=0, weight=0, favorite=1, was_fuzzed=0, exec_us=1170, hits=1, map=21, ascii=0, run_time=0:00:00:19)...[0m
[1;94m[*] [0mFuzzing test case #0 (24 total, 0 crashes saved, state: started :-), mode=explore, perf_score=459, weight=84, favorite=1, was_fuzzed=1, exec_us=1120, hits=0, map=16, ascii=0, run_time=0:00:00:19)...[0m
[1;94m[*] [0mFuzzing test case #15 (24 total, 0 crashes saved, state: started :-), mode=explore, perf_score=229, weight=8, favorite=1, was_fuzzed=1, exec_us=1295, hits=16, map=18, ascii=0, run_time=0:00:00:20)...[0m
[1;94m[*] [0mFuzzing test case #28 (31 total, 0 crashes saved, state: started :-), mode=explore, perf_score=0, weight=0, favorite=1, was_fuzzed=0, exec_us=1160, hits=1, map=23, ascii=0, run_time=0:00:00:22)...[0m
[1;94m[*] [0mFuzzing test case #26 (31 total, 0 crashes saved, state: started :-), mode=explore, perf_score=100, weight=23, favorite=1, was_fuzzed=0, exec_us=1160, hits=1, map=20, ascii=0, run_time=0:00:00:22)...[0m
[1;94m[*] [0mFuzzing test case #21 (33 total, 0 crashes saved, state: started :-), mode=explore, perf_score=459, weight=8, favorite=1, was_fuzzed=1, exec_us=1170, hits=3, map=21, ascii=0, run_time=0:00:00:23)...[0m
[1;94m[*] [0mFuzzing test case #35 (41 total, 0 crashes saved, state: started :-), mode=explore, perf_score=0, weight=0, favorite=1, was_fuzzed=0, exec_us=1221, hits=7, map=19, ascii=0, run_time=0:00:00:33)...[0m
[1;94m[*] [0mFuzzing test case #0 (41 total, 0 crashes saved, state: started :-), mode=explore, perf_score=459, weight=118, favorite=1, was_fuzzed=1, exec_us=1120, hits=0, map=16, ascii=0, run_time=0:00:00:33)...[0m
[1;94m[*] [0mFuzzing test case #39 (41 total, 0 crashes saved, state: started :-), mode=explore, perf_score=100, weight=24, favorite=1, was_fuzzed=0, exec_us=1219, hits=1, map=20, ascii=0, run_time=0:00:00:34)...[0m
[1;94m[*] [0mFuzzing test case #42 (43 total, 0 crashes saved, state: started :-), mode=explore, perf_score=0, weight=0, favorite=1, was_fuzzed=0, exec_us=1163, hits=1, map=21, ascii=0, run_time=0:00:00:35)...[0m
[1;94m[*] [0mFuzzing test case #37 (43 total, 0 crashes saved, state: started :-), mode=explore, perf_score=100, weight=15, favorite=1, was_fuzzed=0, exec_us=1270, hits=4, map=20, ascii=0, run_time=0:00:00:35)...[0m
[1;94m[*] [0mFuzzing test case #15 (43 total, 0 crashes saved, state: started :-), mode=explore, perf_score=229, weight=10, favorite=1, was_fuzzed=1, exec_us=1295, hits=29, map=18, ascii=0, run_time=0:00:00:35)...[0m
[1;94m[*] [0mFuzzing test case #0 (45 total, 0 crashes saved, state: started :-), mode=explore, perf_score=459, weight=129, favorite=1, was_fuzzed=1, exec_us=1120, hits=0, map=16, ascii=0, run_time=0:00:00:36)...[0m
[1;94m[*] [0mFuzzing test case #11 (45 total, 0 crashes saved, state: started :-), mode=explore, perf_score=114, weight=4, favorite=1, was_fuzzed=1, exec_us=1183, hits=77, map=18, ascii=0, run_time=0:00:00:37)...[0m
[1;94m[*] [0mFuzzing test case #42 (45 total, 0 crashes saved, state: started :-), mode=explore, perf_score=919, weight=14, favorite=1, was_fuzzed=1, exec_us=1163, hits=1, map=21, ascii=0, run_time=0:00:00:37)...[0m
[1;94m[*] [0mFuzzing test case #45 (47 total, 0 crashes saved, state: started :-), mode=explore, perf_score=0, weight=0, favorite=1, was_fuzzed=0, exec_us=1146, hits=1, map=22, ascii=0, run_time=0:00:00:42)...[0m
[1;94m[*] [0mFuzzing test case #0 (47 total, 0 crashes saved, state: started :-), mode=explore, perf_score=459, weight=130, favorite=1, was_fuzzed=1, exec_us=1120, hits=0, map=16, ascii=0, run_time=0:00:00:42)...[0m
[1;94m[*] [0mFuzzing test case #0 (47 total, 0 crashes saved, state: started :-), mode=explore, perf_score=459, weight=130, favorite=1, was_fuzzed=1, exec_us=1120, hits=0, map=16, ascii=0, run_time=0:00:00:43)...[0m
[1;94m[*] [0mFuzzing test case #39 (47 total, 0 crashes saved, state: started :-), mode=explore, perf_score=114, weight=4, favorite=1, was_fuzzed=1, exec_us=1219, hits=82, map=20, ascii=0, run_time=0:00:00:43)...[0m
[1;94m[*] [0mFuzzing test case #11 (47 total, 0 crashes saved, state: started :-), mode=explore, perf_score=114, weight=4, favorite=1, was_fuzzed=1, exec_us=1183, hits=83, map=18, ascii=0, run_time=0:00:00:44)...[0m
[1;94m[*] [0mFuzzing test case #11 (47 total, 0 crashes saved, state: started :-), mode=explore, perf_score=114, weight=4, favorite=1, was_fuzzed=1, exec_us=1183, hits=89, map=18, ascii=0, run_time=0:00:00:44)...[0m
[1;94m[*] [0mFuzzing test case #0 (47 total, 0 crashes saved, state: started :-), mode=explore, perf_score=459, weight=130, favorite=1, was_fuzzed=1, exec_us=1120, hits=0, map=16, ascii=0, run_time=0:00:00:44)...[0m
[1;94m[*] [0mFuzzing test case #15 (47 total, 0 crashes saved, state: started :-), mode=explore, perf_score=114, weight=10, favorite=1, was_fuzzed=1, exec_us=1295, hits=44, map=18, ascii=0, run_time=0:00:00:45)...[0m
[1;94m[*] [0mFuzzing test case #0 (47 total, 0 crashes saved, state: started :-), mode=explore, perf_score=459, weight=130, favorite=1, was_fuzzed=1, exec_us=1120, hits=0, map=16, ascii=0, run_time=0:00:00:46)...[0m
[1;94m[*] [0mFuzzing test case #0 (47 total, 0 crashes saved, state: started :-), mode=explore, perf_score=459, weight=130, favorite=1, was_fuzzed=1, exec_us=1120, hits=0, map=16, ascii=0, run_time=0:00:00:46)...[0m
[1;94m[*] [0mFuzzing test case #0 (47 total, 0 crashes saved, state: started :-), mode=explore, perf_score=459, weight=130, favorite=1, was_fuzzed=1, exec_us=1120, hits=0, map=16, ascii=0, run_time=0:00:00:47)...[0m
[1;94m[*] [0mFuzzing test case #0 (47 total, 0 crashes saved, state: started :-), mode=explore, perf_score=459, weight=130, favorite=1, was_fuzzed=1, exec_us=1120, hits=0, map=16, ascii=0, run_time=0:00:00:47)...[0m
[1;94m[*] [0mFuzzing test case #0 (47 total, 0 crashes saved, state: started :-), mode=explore, perf_score=459, weight=130, favorite=1, was_fuzzed=1, exec_us=1120, hits=0, map=16, ascii=0, run_time=0:00:00:48)...[0m
[1;94m[*] [0mFuzzing test case #0 (47 total, 0 crashes saved, state: started :-), mode=explore, perf_score=459, weight=130, favorite=1, was_fuzzed=1, exec_us=1120, hits=0, map=16, ascii=0, run_time=0:00:00:49)...[0m
[1;94m[*] [0mFuzzing test case #19 (47 total, 0 crashes saved, state: started :-), mode=explore, perf_score=345, weight=10, favorite=1, was_fuzzed=1, exec_us=1243, hits=10, map=21, ascii=0, run_time=0:00:00:49)...[0m
[1;94m[*] [0mFuzzing test case #0 (47 total, 0 crashes saved, state: started :-), mode=explore, perf_score=459, weight=130, favorite=1, was_fuzzed=1, exec_us=1120, hits=0, map=16, ascii=0, run_time=0:00:00:51)...[0m
[1;94m[*] [0mFuzzing test case #0 (47 total, 0 crashes saved, state: started :-), mode=explore, perf_score=459, weight=130, favorite=1, was_fuzzed=1, exec_us=1120, hits=0, map=16, ascii=0, run_time=0:00:00:51)...[0m
[1;94m[*] [0mFuzzing test case #0 (47 total, 0 crashes saved, state: started :-), mode=explore, perf_score=459, weight=130, favorite=1, was_fuzzed=1, exec_us=1120, hits=0, map=16, ascii=0, run_time=0:00:00:52)...[0m
[1;94m[*] [0mFuzzing test case #0 (47 total, 0 crashes saved, state: started :-), mode=explore, perf_score=459, weight=130, favorite=1, was_fuzzed=1, exec_us=1120, hits=0, map=16, ascii=0, run_time=0:00:00:52)...[0m
[1;94m[*] [0mFuzzing test case #0 (47 total, 0 crashes saved, state: started :-), mode=explore, perf_score=459, weight=130, favorite=1, was_fuzzed=1, exec_us=1120, hits=0, map=16, ascii=0, run_time=0:00:00:53)...[0m
[1;94m[*] [0mFuzzing test case #45 (47 total, 0 crashes saved, state: started :-), mode=explore, perf_score=919, weight=23, favorite=1, was_fuzzed=1, exec_us=1146, hits=1, map=22, ascii=0, run_time=0:00:00:53)...[0m
[1;94m[*] [0mFuzzing test case #0 (48 total, 0 crashes saved, state: started :-), mode=explore, perf_score=459, weight=132, favorite=1, was_fuzzed=1, exec_us=1120, hits=0, map=16, ascii=0, run_time=0:00:00:58)...[0m
[1;94m[*] [0mFuzzing test case #0 (48 total, 0 crashes saved, state: started :-), mode=explore, perf_score=459, weight=132, favorite=1, was_fuzzed=1, exec_us=1120, hits=0, map=16, ascii=0, run_time=0:00:00:59)...[0m
[1;94m[*] [0mFuzzing test case #11 (48 total, 0 crashes saved, state: started :-), mode=explore, perf_score=114, weight=4, favorite=1, was_fuzzed=1, exec_us=1183, hits=118, map=18, ascii=0, run_time=0:00:00:59)...[0m
[1;94m[*] [0mFuzzing test case #21 (48 total, 0 crashes saved, state: started :-), mode=explore, perf_score=114, weight=4, favorite=1, was_fuzzed=1, exec_us=1170, hits=243, map=21, ascii=0, run_time=0:00:01:00)...[0m
[1;94m[*] [0mFuzzing test case #0 (48 total, 0 crashes saved, state: started :-), mode=explore, perf_score=459, weight=132, favorite=1, was_fuzzed=1, exec_us=1120, hits=0, map=16, ascii=0, run_time=0:00:01:00)...[0m
[1;94m[*] [0mFuzzing test case #0 (48 total, 0 crashes saved, state: started :-), mode=explore, perf_score=459, weight=132, favorite=1, was_fuzzed=1, exec_us=1120, hits=0, map=16, ascii=0, run_time=0:00:01:01)...[0m
[1;94m[*] [0mFuzzing test case #0 (48 total, 0 crashes saved, state: started :-), mode=explore, perf_score=459, weight=132, favorite=1, was_fuzzed=1, exec_us=1120, hits=0, map=16, ascii=0, run_time=0:00:01:01)...[0m
[1;94m[*] [0mFuzzing test case #39 (48 total, 0 crashes saved, state: started :-), mode=explore, perf_score=114, weight=4, favorite=1, was_fuzzed=1, exec_us=1219, hits=86, map=20, ascii=0, run_time=0:00:01:02)...[0m
[1;94m[*] [0mEntering queue cycle 2.[0m
[1;94m[*] [0mFuzzing test case #45 (48 total, 0 crashes saved, state: started :-), mode=explore, perf_score=229, weight=7, favorite=1, was_fuzzed=1, exec_us=1146, hits=255, map=22, ascii=0, run_time=0:00:01:02)...[0m
[1;94m[*] [0mFuzzing test case #17 (48 total, 0 crashes saved, state: started :-), mode=explore, perf_score=229, weight=5, favorite=1, was_fuzzed=1, exec_us=1252, hits=30, map=16, ascii=0, run_time=0:00:01:03)...[0m
[1;94m[*] [0mFuzzing test case #0 (49 total, 0 crashes saved, state: started :-), mode=explore, perf_score=459, weight=135, favorite=1, was_fuzzed=1, exec_us=1120, hits=0, map=16, ascii=0, run_time=0:00:01:04)...[0m
[1;94m[*] [0mFuzzing test case #0 (49 total, 0 crashes saved, state: started :-), mode=explore, perf_score=459, weight=135, favorite=1, was_fuzzed=1, exec_us=1120, hits=0, map=16, ascii=0, run_time=0:00:01:05)...[0m
[1;94m[*] [0mFuzzing test case #24 (49 total, 0 crashes saved, state: started :-), mode=explore, perf_score=100, weight=1, favorite=0, was_fuzzed=0, exec_us=1164, hits=45, map=21, ascii=0, run_time=0:00:01:05)...[0m
[1;94m[*] [0mFuzzing test case #21 (49 total, 0 crashes saved, state: started :-), mode=explore, perf_score=114, weight=4, favorite=1, was_fuzzed=1, exec_us=1170, hits=254, map=21, ascii=0, run_time=0:00:01:06)...[0m
[1;94m[*] [0mFuzzing test case #0 (49 total, 0 crashes saved, state: started :-), mode=explore, perf_score=459, weight=135, favorite=1, was_fuzzed=1, exec_us=1120, hits=0, map=16, ascii=0, run_time=0:00:01:06)...[0m
[1;94m[*] [0mFuzzing test case #0 (49 total, 0 crashes saved, state: started :-), mode=explore, perf_score=459, weight=135, favorite=1, was_fuzzed=1, exec_us=1120, hits=0, map=16, ascii=0, run_time=0:00:01:07)...[0m
[1;94m[*] [0mFuzzing test case #0 (49 total, 0 crashes saved, state: started :-), mode=explore, perf_score=459, weight=135, favorite=1, was_fuzzed=1, exec_us=1120, hits=0, map=16, ascii=0, run_time=0:00:01:07)...[0m
[1;94m[*] [0mFuzzing test case #45 (49 total, 0 crashes saved, state: started :-), mode=explore, perf_score=229, weight=7, favorite=1, was_fuzzed=1, exec_us=1146, hits=286, map=22, ascii=0, run_time=0:00:01:08)...[0m
[1;94m[*] [0mFuzzing test case #0 (49 total, 0 crashes saved, state: started :-), mode=explore, perf_score=459, weight=135, favorite=1, was_fuzzed=1, exec_us=1120, hits=0, map=16, ascii=0, run_time=0:00:01:09)...[0m
[1;94m[*] [0mFuzzing test case #0 (49 total, 0 crashes saved, state: started :-), mode=explore, perf_score=459, weight=135, favorite=1, was_fuzzed=1, exec_us=1120, hits=0, map=16, ascii=0, run_time=0:00:01:09)...[0m
[1;94m[*] [0mFuzzing test case #0 (49 total, 0 crashes saved, state: started :-), mode=explore, perf_score=459, weight=135, favorite=1, was_fuzzed=1, exec_us=1120, hits=0, map=16, ascii=0, run_time=0:00:01:10)...[0m
[1;94m[*] [0mFuzzing test case #17 (49 total, 0 crashes saved, state: started :-), mode=explore, perf_score=114, weight=5, favorite=1, was_fuzzed=1, exec_us=1252, hits=36, map=16, ascii=0, run_time=0:00:01:11)...[0m
[1;94m[*] [0mFuzzing test case #0 (49 total, 0 crashes saved, state: started :-), mode=explore, perf_score=459, weight=135, favorite=1, was_fuzzed=1, exec_us=1120, hits=0, map=16, ascii=0, run_time=0:00:01:11)...[0m
[1;94m[*] [0mFuzzing test case #14 (49 total, 0 crashes saved, state: started :-), mode=explore, perf_score=229, weight=5, favorite=1, was_fuzzed=1, exec_us=1218, hits=31, map=16, ascii=0, run_time=0:00:01:12)...[0m
[1;94m[*] [0mFuzzing test case #19 (49 total, 0 crashes saved, state: started :-), mode=explore, perf_score=114, weight=8, favorite=1, was_fuzzed=1, exec_us=1243, hits=60, map=21, ascii=0, run_time=0:00:01:12)...[0m
[1;94m[*] [0mFuzzing test case #37 (49 total, 0 crashes saved, state: started :-), mode=explore, perf_score=114, weight=5, favorite=1, was_fuzzed=1, exec_us=1270, hits=38, map=20, ascii=0, run_time=0:00:01:13)...[0m
[1;94m[*] [0mFuzzing test case #17 (50 total, 0 crashes saved, state: started :-), mode=explore, perf_score=114, weight=5, favorite=1, was_fuzzed=1, exec_us=1252, hits=40, map=16, ascii=0, run_time=0:00:01:13)...[0m
[1;94m[*] [0mFuzzing test case #0 (50 total, 0 crashes saved, state: started :-), mode=explore, perf_score=459, weight=137, favorite=1, was_fuzzed=1, exec_us=1120, hits=0, map=16, ascii=0, run_time=0:00:01:14)...[0m
[1;94m[*] [0mFuzzing test case #45 (50 total, 0 crashes saved, state: started :-), mode=explore, perf_score=229, weight=7, favorite=1, was_fuzzed=1, exec_us=1146, hits=295, map=22, ascii=0, run_time=0:00:01:14)...[0m
[1;94m[*] [0mFuzzing test case #0 (50 total, 0 crashes saved, state: started :-), mode=explore, perf_score=459, weight=137, favorite=1, was_fuzzed=1, exec_us=1120, hits=0, map=16, ascii=0, run_time=0:00:01:15)...[0m
[1;94m[*] [0mFuzzing test case #0 (50 total, 0 crashes saved, state: started :-), mode=explore, perf_score=459, weight=137, favorite=1, was_fuzzed=1, exec_us=1120, hits=0, map=16, ascii=0, run_time=0:00:01:16)...[0m
[1;94m[*] [0mFuzzing test case #46 (50 total, 0 crashes saved, state: started :-), mode=explore, perf_score=200, weight=1, favorite=0, was_fuzzed=0, exec_us=1157, hits=8, map=19, ascii=0, run_time=0:00:01:16)...[0m
[1;94m[*] [0mFuzzing test case #0 (50 total, 0 crashes saved, state: started :-), mode=explore, perf_score=459, weight=137, favorite=1, was_fuzzed=1, exec_us=1120, hits=0, map=16, ascii=0, run_time=0:00:01:17)...[0m
[1;94m[*] [0mFuzzing test case #0 (50 total, 0 crashes saved, state: started :-), mode=explore, perf_score=459, weight=137, favorite=1, was_fuzzed=1, exec_us=1120, hits=0, map=16, ascii=0, run_time=0:00:01:18)...[0m
[1;94m[*] [0mFuzzing test case #45 (50 total, 0 crashes saved, state: started :-), mode=explore, perf_score=229, weight=7, favorite=1, was_fuzzed=1, exec_us=1146, hits=346, map=22, ascii=0, run_time=0:00:01:18)...[0m
[1;94m[*] [0mFuzzing test case #0 (50 total, 0 crashes saved, state: started :-), mode=explore, perf_score=459, weight=137, favorite=1, was_fuzzed=1, exec_us=1120, hits=0, map=16, ascii=0, run_time=0:00:01:19)...[0m
[1;94m[*] [0mFuzzing test case #0 (50 total, 0 crashes saved, state: started :-), mode=explore, perf_score=459, weight=137, favorite=1, was_fuzzed=1, exec_us=1120, hits=0, map=16, ascii=0, run_time=0:00:01:19)...[0m
[1;94m[*] [0mFuzzing test case #0 (50 total, 0 crashes saved, state: started :-), mode=explore, perf_score=459, weight=137, favorite=1, was_fuzzed=1, exec_us=1120, hits=0, map=16, ascii=0, run_time=0:00:01:20)...[0m
[1;94m[*] [0mFuzzing test case #0 (50 total, 0 crashes saved, state: started :-), mode=explore, perf_score=459, weight=137, favorite=1, was_fuzzed=1, exec_us=1120, hits=0, map=16, ascii=0, run_time=0:00:01:21)...[0m
[1;94m[*] [0mFuzzing test case #0 (50 total, 0 crashes saved, state: started :-), mode=explore, perf_score=459, weight=137, favorite=1, was_fuzzed=1, exec_us=1120, hits=0, map=16, ascii=0, run_time=0:00:01:21)...[0m
[1;94m[*] [0mFuzzing test case #0 (50 total, 0 crashes saved, state: started :-), mode=explore, perf_score=459, weight=137, favorite=1, was_fuzzed=1, exec_us=1120, hits=0, map=16, ascii=0, run_time=0:00:01:22)...[0m
[1;94m[*] [0mFuzzing test case #19 (50 total, 0 crashes saved, state: started :-), mode=explore, perf_score=114, weight=8, favorite=1, was_fuzzed=1, exec_us=1243, hits=65, map=21, ascii=0, run_time=0:00:01:23)...[0m
[1;94m[*] [0mFuzzing test case #0 (50 total, 0 crashes saved, state: started :-), mode=explore, perf_score=459, weight=137, favorite=1, was_fuzzed=1, exec_us=1120, hits=0, map=16, ascii=0, run_time=0:00:01:23)...[0m
[1;94m[*] [0mFuzzing test case #0 (50 total, 0 crashes saved, state: started :-), mode=explore, perf_score=459, weight=137, favorite=1, was_fuzzed=1, exec_us=1120, hits=0, map=16, ascii=0, run_time=0:00:01:23)...[0m
[1;94m[*] [0mFuzzing test case #0 (50 total, 0 crashes saved, state: started :-), mode=explore, perf_score=459, weight=137, favorite=1, was_fuzzed=1, exec_us=1120, hits=0, map=16, ascii=0, run_time=0:00:01:24)...[0m
[1;94m[*] [0mFuzzing test case #25 (50 total, 0 crashes saved, state: started :-), mode=explore, perf_score=100, weight=1, favorite=0, was_fuzzed=0, exec_us=1193, hits=26, map=22, ascii=0, run_time=0:00:01:25)...[0m
[1;94m[*] [0mFuzzing test case #15 (50 total, 0 crashes saved, state: started :-), mode=explore, perf_score=114, weight=10, favorite=1, was_fuzzed=1, exec_us=1295, hits=65, map=18, ascii=0, run_time=0:00:01:25)...[0m
[1;94m[*] [0mFuzzing test case #19 (51 total, 0 crashes saved, state: started :-), mode=explore, perf_score=114, weight=7, favorite=1, was_fuzzed=1, exec_us=1243, hits=80, map=21, ascii=0, run_time=0:00:01:26)...[0m
[1;94m[*] [0mFuzzing test case #0 (51 total, 0 crashes saved, state: started :-), mode=explore, perf_score=459, weight=139, favorite=1, was_fuzzed=1, exec_us=1120, hits=0, map=16, ascii=0, run_time=0:00:01:26)...[0m
[1;94m[*] [0mFuzzing test case #0 (51 total, 0 crashes saved, state: started :-), mode=explore, perf_score=459, weight=139, favorite=1, was_fuzzed=1, exec_us=1120, hits=0, map=16, ascii=0, run_time=0:00:01:27)...[0m
[1;94m[*] [0mFuzzing test case #0 (51 total, 0 crashes saved, state: started :-), mode=explore, perf_score=459, weight=139, favorite=1, was_fuzzed=1, exec_us=1120, hits=0, map=16, ascii=0, run_time=0:00:01:27)...[0m
[1;94m[*] [0mFuzzing test case #0 (51 total, 0 crashes saved, state: started :-), mode=explore, perf_score=459, weight=139, favorite=1, was_fuzzed=1, exec_us=1120, hits=0, map=16, ascii=0, run_time=0:00:01:28)...[0m
[1;94m[*] [0mFuzzing test case #19 (51 total, 0 crashes saved, state: started :-), mode=explore, perf_score=114, weight=7, favorite=1, was_fuzzed=1, exec_us=1243, hits=83, map=21, ascii=0, run_time=0:00:01:29)...[0m
[1;94m[*] [0mFuzzing test case #0 (51 total, 0 crashes saved, state: started :-), mode=explore, perf_score=459, weight=139, favorite=1, was_fuzzed=1, exec_us=1120, hits=0, map=16, ascii=0, run_time=0:00:01:29)...[0m
[1;94m[*] [0mFuzzing test case #0 (51 total, 0 crashes saved, state: started :-), mode=explore, perf_score=459, weight=139, favorite=1, was_fuzzed=1, exec_us=1120, hits=0, map=16, ascii=0, run_time=0:00:01:30)...[0m
[1;94m[*] [0mFuzzing test case #0 (51 total, 0 crashes saved, state: started :-), mode=explore, perf_score=459, weight=139, favorite=1, was_fuzzed=1, exec_us=1120, hits=0, map=16, ascii=0, run_time=0:00:01:31)...[0m
[1;94m[*] [0mFuzzing test case #0 (51 total, 0 crashes saved, state: started :-), mode=explore, perf_score=459, weight=139, favorite=1, was_fuzzed=1, exec_us=1120, hits=0, map=16, ascii=0, run_time=0:00:01:31)...[0m
[1;94m[*] [0mFuzzing test case #0 (51 total, 0 crashes saved, state: started :-), mode=explore, perf_score=459, weight=139, favorite=1, was_fuzzed=1, exec_us=1120, hits=0, map=16, ascii=0, run_time=0:00:01:32)...[0m
[1;94m[*] [0mFuzzing test case #0 (51 total, 0 crashes saved, state: started :-), mode=explore, perf_score=459, weight=139, favorite=1, was_fuzzed=1, exec_us=1120, hits=0, map=16, ascii=0, run_time=0:00:01:32)...[0m
[1;94m[*] [0mFuzzing test case #0 (51 total, 0 crashes saved, state: started :-), mode=explore, perf_score=459, weight=139, favorite=1, was_fuzzed=1, exec_us=1120, hits=0, map=16, ascii=0, run_time=0:00:01:33)...[0m
[1;94m[*] [0mFuzzing test case #0 (51 total, 0 crashes saved, state: started :-), mode=explore, perf_score=459, weight=139, favorite=1, was_fuzzed=1, exec_us=1120, hits=0, map=16, ascii=0, run_time=0:00:01:33)...[0m
[1;94m[*] [0mEntering queue cycle 3.[0m
[1;94m[*] [0mFuzzing test case #21 (51 total, 0 crashes saved, state: started :-), mode=explore, perf_score=114, weight=4, favorite=1, was_fuzzed=1, exec_us=1170, hits=306, map=21, ascii=0, run_time=0:00:01:34)...[0m
[1;94m[*] [0mFuzzing test case #39 (51 total, 0 crashes saved, state: started :-), mode=explore, perf_score=114, weight=4, favorite=1, was_fuzzed=1, exec_us=1219, hits=119, map=20, ascii=0, run_time=0:00:01:34)...[0m
[1;94m[*] [0mFuzzing test case #0 (51 total, 0 crashes saved, state: started :-), mode=explore, perf_score=459, weight=139, favorite=1, was_fuzzed=1, exec_us=1120, hits=0, map=16, ascii=0, run_time=0:00:01:35)...[0m
[1;94m[*] [0mFuzzing test case #15 (51 total, 0 crashes saved, state: started :-), mode=explore, perf_score=114, weight=10, favorite=1, was_fuzzed=1, exec_us=1295, hits=75, map=18, ascii=0, run_time=0:00:01:35)...[0m
[1;94m[*] [0mFuzzing test case #35 (51 total, 0 crashes saved, state: started :-), mode=explore, perf_score=229, weight=6, favorite=1, was_fuzzed=1, exec_us=1221, hits=21, map=19, ascii=0, run_time=0:00:01:36)...[0m
[1;94m[*] [0mFuzzing test case #0 (51 total, 0 crashes saved, state: started :-), mode=explore, perf_score=459, weight=139, favorite=1, was_fuzzed=1, exec_us=1120, hits=0, map=16, ascii=0, run_time=0:00:01:37)...[0m
[1;94m[*] [0mFuzzing test case #0 (51 total, 0 crashes saved, state: started :-), mode=explore, perf_score=459, weight=139, favorite=1, was_fuzzed=1, exec_us=1120, hits=0, map=16, ascii=0, run_time=0:00:01:37)...[0m
[1;94m[*] [0mFuzzing test case #35 (51 total, 0 crashes saved, state: started :-), mode=explore, perf_score=229, weight=6, favorite=1, was_fuzzed=1, exec_us=1221, hits=52, map=19, ascii=0, run_time=0:00:01:38)...[0m
[1;94m[*] [0mFuzzing test case #0 (51 total, 0 crashes saved, state: started :-), mode=explore, perf_score=459, weight=139, favorite=1, was_fuzzed=1, exec_us=1120, hits=0, map=16, ascii=0, run_time=0:00:01:39)...[0m
[1;94m[*] [0mFuzzing test case #0 (51 total, 0 crashes saved, state: started :-), mode=explore, perf_score=459, weight=139, favorite=1, was_fuzzed=1, exec_us=1120, hits=0, map=16, ascii=0, run_time=0:00:01:39)...[0m
[1;94m[*] [0mFuzzing test case #17 (51 total, 0 crashes saved, state: started :-), mode=explore, perf_score=114, weight=4, favorite=1, was_fuzzed=1, exec_us=1252, hits=53, map=16, ascii=0, run_time=0:00:01:40)...[0m
[1;94m[*] [0mFuzzing test case #31 (51 total, 0 crashes saved, state: started :-), mode=explore, perf_score=200, weight=1, favorite=0, was_fuzzed=0, exec_us=1281, hits=14, map=19, ascii=0, run_time=0:00:01:40)...[0m
[1;94m[*] [0mFuzzing test case #0 (51 total, 0 crashes saved, state: started :-), mode=explore, perf_score=459, weight=139, favorite=1, was_fuzzed=1, exec_us=1120, hits=0, map=16, ascii=0, run_time=0:00:01:41)...[0m
[1;94m[*] [0mFuzzing test case #0 (51 total, 0 crashes saved, state: started :-), mode=explore, perf_score=459, weight=139, favorite=1, was_fuzzed=1, exec_us=1120, hits=0, map=16, ascii=0, run_time=0:00:01:42)...[0m
[1;94m[*] [0mFuzzing test case #0 (51 total, 0 crashes saved, state: started :-), mode=explore, perf_score=459, weight=139, favorite=1, was_fuzzed=1, exec_us=1120, hits=0, map=16, ascii=0, run_time=0:00:01:42)...[0m
[1;94m[*] [0mFuzzing test case #19 (51 total, 0 crashes saved, state: started :-), mode=explore, perf_score=114, weight=7, favorite=1, was_fuzzed=1, exec_us=1243, hits=95, map=21, ascii=0, run_time=0:00:01:43)...[0m
[1;94m[*] [0mFuzzing test case #0 (51 total, 0 crashes saved, state: started :-), mode=explore, perf_score=459, weight=139, favorite=1, was_fuzzed=1, exec_us=1120, hits=0, map=16, ascii=0, run_time=0:00:01:43)...[0m
[1;94m[*] [0mFuzzing test case #17 (51 total, 0 crashes saved, state: started :-), mode=explore, perf_score=114, weight=4, favorite=1, was_fuzzed=1, exec_us=1252, hits=69, map=16, ascii=0, run_time=0:00:01:44)...[0m
[1;94m[*] [0mFuzzing test case #0 (51 total, 0 crashes saved, state: started :-), mode=explore, perf_score=459, weight=139, favorite=1, was_fuzzed=1, exec_us=1120, hits=0, map=16, ascii=0, run_time=0:00:01:44)...[0m
[1;94m[*] [0mFuzzing test case #0 (51 total, 0 crashes saved, state: started :-), mode=explore, perf_score=459, weight=139, favorite=1, was_fuzzed=1, exec_us=1120, hits=0, map=16, ascii=0, run_time=0:00:01:45)...[0m
[1;94m[*] [0mFuzzing test case #0 (51 total, 0 crashes saved, state: started :-), mode=explore, perf_score=459, weight=139, favorite=1, was_fuzzed=1, exec_us=1120, hits=0, map=16, ascii=0, run_time=0:00:01:46)...[0m
[1;94m[*] [0mFuzzing test case #45 (51 total, 0 crashes saved, state: started :-), mode=explore, perf_score=229, weight=7, favorite=1, was_fuzzed=1, exec_us=1146, hits=396, map=22, ascii=0, run_time=0:00:01:46)...[0m
[1;94m[*] [0mFuzzing test case #0 (51 total, 0 crashes saved, state: started :-), mode=explore, perf_score=459, weight=139, favorite=1, was_fuzzed=1, exec_us=1120, hits=0, map=16, ascii=0, run_time=0:00:01:47)...[0m
[1;94m[*] [0mFuzzing test case #0 (51 total, 0 crashes saved, state: started :-), mode=explore, perf_score=459, weight=139, favorite=1, was_fuzzed=1, exec_us=1120, hits=0, map=16, ascii=0, run_time=0:00:01:47)...[0m
[1;94m[*] [0mFuzzing test case #0 (51 total, 0 crashes saved, state: started :-), mode=explore, perf_score=459, weight=139, favorite=1, was_fuzzed=1, exec_us=1120, hits=0, map=16, ascii=0, run_time=0:00:01:48)...[0m
[1;94m[*] [0mFuzzing test case #0 (51 total, 0 crashes saved, state: started :-), mode=explore, perf_score=459, weight=139, favorite=1, was_fuzzed=1, exec_us=1120, hits=0, map=16, ascii=0, run_time=0:00:01:49)...[0m
[1;94m[*] [0mFuzzing test case #0 (51 total, 0 crashes saved, state: started :-), mode=explore, perf_score=459, weight=139, favorite=1, was_fuzzed=1, exec_us=1120, hits=0, map=16, ascii=0, run_time=0:00:01:49)...[0m
[1;94m[*] [0mFuzzing test case #0 (51 total, 0 crashes saved, state: started :-), mode=explore, perf_score=459, weight=139, favorite=1, was_fuzzed=1, exec_us=1120, hits=0, map=16, ascii=0, run_time=0:00:01:50)...[0m
[1;94m[*] [0mFuzzing test case #0 (51 total, 0 crashes saved, state: started :-), mode=explore, perf_score=459, weight=139, favorite=1, was_fuzzed=1, exec_us=1120, hits=0, map=16, ascii=0, run_time=0:00:01:51)...[0m
[1;94m[*] [0mFuzzing test case #45 (51 total, 0 crashes saved, state: started :-), mode=explore, perf_score=229, weight=7, favorite=1, was_fuzzed=1, exec_us=1146, hits=406, map=22, ascii=0, run_time=0:00:01:51)...[0m
[1;94m[*] [0mFuzzing test case #41 (51 total, 0 crashes saved, state: started :-), mode=explore, perf_score=200, weight=1, favorite=0, was_fuzzed=0, exec_us=1219, hits=10, map=20, ascii=0, run_time=0:00:01:52)...[0m
[1;94m[*] [0mFuzzing test case #0 (51 total, 0 crashes saved, state: started :-), mode=explore, perf_score=459, weight=139, favorite=1, was_fuzzed=1, exec_us=1120, hits=0, map=16, ascii=0, run_time=0:00:01:53)...[0m
[1;94m[*] [0mFuzzing test case #0 (51 total, 0 crashes saved, state: started :-), mode=explore, perf_score=459, weight=139, favorite=1, was_fuzzed=1, exec_us=1120, hits=0, map=16, ascii=0, run_time=0:00:01:53)...[0m
[1;94m[*] [0mFuzzing test case #0 (51 total, 0 crashes saved, state: started :-), mode=explore, perf_score=459, weight=139, favorite=1, was_fuzzed=1, exec_us=1120, hits=0, map=16, ascii=0, run_time=0:00:01:54)...[0m
[1;94m[*] [0mFuzzing test case #0 (51 total, 0 crashes saved, state: started :-), mode=explore, perf_score=459, weight=139, favorite=1, was_fuzzed=1, exec_us=1120, hits=0, map=16, ascii=0, run_time=0:00:01:54)...[0m
[1;94m[*] [0mFuzzing test case #21 (51 total, 0 crashes saved, state: started :-), mode=explore, perf_score=114, weight=4, favorite=1, was_fuzzed=1, exec_us=1170, hits=356, map=21, ascii=0, run_time=0:00:01:55)...[0m
[1;94m[*] [0mFuzzing test case #17 (51 total, 0 crashes saved, state: started :-), mode=explore, perf_score=114, weight=4, favorite=1, was_fuzzed=1, exec_us=1252, hits=71, map=16, ascii=0, run_time=0:00:01:55)...[0m
[1;94m[*] [0mFuzzing test case #45 (51 total, 0 crashes saved, state: started :-), mode=explore, perf_score=229, weight=7, favorite=1, was_fuzzed=1, exec_us=1146, hits=442, map=22, ascii=0, run_time=0:00:01:56)...[0m
[1;94m[*] [0mFuzzing test case #17 (51 total, 0 crashes saved, state: started :-), mode=explore, perf_score=114, weight=4, favorite=1, was_fuzzed=1, exec_us=1252, hits=83, map=16, ascii=0, run_time=0:00:01:57)...[0m
[1;94m[*] [0mFuzzing test case #47 (51 total, 0 crashes saved, state: started :-), mode=explore, perf_score=200, weight=1, favorite=0, was_fuzzed=0, exec_us=1127, hits=7, map=21, ascii=0, run_time=0:00:01:57)...[0m
[1;94m[*] [0mFuzzing test case #0 (51 total, 0 crashes saved, state: started :-), mode=explore, perf_score=459, weight=139, favorite=1, was_fuzzed=1, exec_us=1120, hits=0, map=16, ascii=0, run_time=0:00:01:58)...[0m
[1;94m[*] [0mFuzzing test case #0 (51 total, 0 crashes saved, state: started :-), mode=explore, perf_score=459, weight=139, favorite=1, was_fuzzed=1, exec_us=1120, hits=0, map=16, ascii=0, run_time=0:00:01:58)...[0m
[1;94m[*] [0mFuzzing test case #0 (51 total, 0 crashes saved, state: started :-), mode=explore, perf_score=459, weight=139, favorite=1, was_fuzzed=1, exec_us=1120, hits=0, map=16, ascii=0, run_time=0:00:01:59)...[0m
[1;94m[*] [0mFuzzing test case #0 (51 total, 0 crashes saved, state: started :-), mode=explore, perf_score=459, weight=139, favorite=1, was_fuzzed=1, exec_us=1120, hits=0, map=16, ascii=0, run_time=0:00:01:59)...[0m
[1;94m[*] [0mFuzzing test case #0 (51 total, 0 crashes saved, state: started :-), mode=explore, perf_score=459, weight=139, favorite=1, was_fuzzed=1, exec_us=1120, hits=0, map=16, ascii=0, run_time=0:00:02:00)...[0m
[1;94m[*] [0mFuzzing test case #0 (51 total, 0 crashes saved, state: started :-), mode=explore, perf_score=459, weight=139, favorite=1, was_fuzzed=1, exec_us=1120, hits=0, map=16, ascii=0, run_time=0:00:02:01)...[0m
[1;94m[*] [0mFuzzing test case #0 (51 total, 0 crashes saved, state: started :-), mode=explore, perf_score=459, weight=139, favorite=1, was_fuzzed=1, exec_us=1120, hits=0, map=16, ascii=0, run_time=0:00:02:02)...[0m
[1;94m[*] [0mFuzzing test case #0 (51 total, 0 crashes saved, state: started :-), mode=explore, perf_score=459, weight=139, favorite=1, was_fuzzed=1, exec_us=1120, hits=0, map=16, ascii=0, run_time=0:00:02:02)...[0m
[1;94m[*] [0mFuzzing test case #0 (51 total, 0 crashes saved, state: started :-), mode=explore, perf_score=459, weight=139, favorite=1, was_fuzzed=1, exec_us=1120, hits=0, map=16, ascii=0, run_time=0:00:02:03)...[0m
[1;94m[*] [0mFuzzing test case #15 (51 total, 0 crashes saved, state: started :-), mode=explore, perf_score=114, weight=9, favorite=1, was_fuzzed=1, exec_us=1295, hits=91, map=18, ascii=0, run_time=0:00:02:03)...[0m
[1;94m[*] [0mFuzzing test case #19 (52 total, 0 crashes saved, state: started :-), mode=explore, perf_score=114, weight=7, favorite=1, was_fuzzed=1, exec_us=1243, hits=106, map=21, ascii=0, run_time=0:00:02:04)...[0m
[1;94m[*] [0mFuzzing test case #0 (52 total, 0 crashes saved, state: started :-), mode=explore, perf_score=459, weight=142, favorite=1, was_fuzzed=1, exec_us=1120, hits=0, map=16, ascii=0, run_time=0:00:02:04)...[0m
[1;94m[*] [0mFuzzing test case #0 (52 total, 0 crashes saved, state: started :-), mode=explore, perf_score=459, weight=142, favorite=1, was_fuzzed=1, exec_us=1120, hits=0, map=16, ascii=0, run_time=0:00:02:04)...[0m
[1;94m[*] [0mFuzzing test case #0 (52 total, 0 crashes saved, state: started :-), mode=explore, perf_score=459, weight=142, favorite=1, was_fuzzed=1, exec_us=1120, hits=0, map=16, ascii=0, run_time=0:00:02:06)...[0m
[1;94m[*] [0mEntering queue cycle 4.[0m
[1;94m[*] [0mFuzzing test case #30 (52 total, 0 crashes saved, state: started :-), mode=explore, perf_score=100, weight=1, favorite=0, was_fuzzed=0, exec_us=1210, hits=8, map=23, ascii=0, run_time=0:00:02:06)...[0m
[1;94m[*] [0mFuzzing test case #0 (52 total, 0 crashes saved, state: started :-), mode=explore, perf_score=459, weight=142, favorite=1, was_fuzzed=1, exec_us=1120, hits=0, map=16, ascii=0, run_time=0:00:02:07)...[0m
[1;94m[*] [0mFuzzing test case #0 (52 total, 0 crashes saved, state: started :-), mode=explore, perf_score=459, weight=142, favorite=1, was_fuzzed=1, exec_us=1120, hits=0, map=16, ascii=0, run_time=0:00:02:07)...[0m
[1;94m[*] [0mFuzzing test case #22 (52 total, 0 crashes saved, state: started :-), mode=explore, perf_score=100, weight=1, favorite=0, was_fuzzed=0, exec_us=1216, hits=82, map=20, ascii=0, run_time=0:00:02:08)...[0m
[1;94m[*] [0mFuzzing test case #0 (52 total, 0 crashes saved, state: started :-), mode=explore, perf_score=459, weight=142, favorite=1, was_fuzzed=1, exec_us=1120, hits=0, map=16, ascii=0, run_time=0:00:02:08)...[0m
[1;94m[*] [0mFuzzing test case #0 (52 total, 0 crashes saved, state: started :-), mode=explore, perf_score=459, weight=142, favorite=1, was_fuzzed=1, exec_us=1120, hits=0, map=16, ascii=0, run_time=0:00:02:09)...[0m
[1;94m[*] [0mFuzzing test case #15 (52 total, 0 crashes saved, state: started :-), mode=explore, perf_score=114, weight=9, favorite=1, was_fuzzed=1, exec_us=1295, hits=104, map=18, ascii=0, run_time=0:00:02:09)...[0m
[1;94m[*] [0mFuzzing test case #0 (52 total, 0 crashes saved, state: started :-), mode=explore, perf_score=459, weight=142, favorite=1, was_fuzzed=1, exec_us=1120, hits=0, map=16, ascii=0, run_time=0:00:02:10)...[0m
[1;94m[*] [0mFuzzing test case #14 (52 total, 0 crashes saved, state: started :-), mode=explore, perf_score=114, weight=5, favorite=1, was_fuzzed=1, exec_us=1218, hits=62, map=16, ascii=0, run_time=0:00:02:11)...[0m
[1;94m[*] [0mFuzzing test case #39 (52 total, 0 crashes saved, state: started :-), mode=explore, perf_score=114, weight=4, favorite=1, was_fuzzed=1, exec_us=1219, hits=135, map=20, ascii=0, run_time=0:00:02:11)...[0m
[1;94m[*] [0mFuzzing test case #0 (52 total, 0 crashes saved, state: started :-), mode=explore, perf_score=459, weight=142, favorite=1, was_fuzzed=1, exec_us=1120, hits=0, map=16, ascii=0, run_time=0:00:02:11)...[0m
[1;94m[*] [0mFuzzing test case #0 (52 total, 0 crashes saved, state: started :-), mode=explore, perf_score=459, weight=142, favorite=1, was_fuzzed=1, exec_us=1120, hits=0, map=16, ascii=0, run_time=0:00:02:12)...[0m
[1;94m[*] [0mFuzzing test case #0 (52 total, 0 crashes saved, state: started :-), mode=explore, perf_score=459, weight=142, favorite=1, was_fuzzed=1, exec_us=1120, hits=0, map=16, ascii=0, run_time=0:00:02:13)...[0m
[1;94m[*] [0mFuzzing test case #0 (52 total, 0 crashes saved, state: started :-), mode=explore, perf_score=459, weight=142, favorite=1, was_fuzzed=1, exec_us=1120, hits=0, map=16, ascii=0, run_time=0:00:02:13)...[0m
[1;94m[*] [0mFuzzing test case #0 (52 total, 0 crashes saved, state: started :-), mode=explore, perf_score=459, weight=142, favorite=1, was_fuzzed=1, exec_us=1120, hits=0, map=16, ascii=0, run_time=0:00:02:14)...[0m
[1;94m[*] [0mFuzzing test case #0 (52 total, 0 crashes saved, state: started :-), mode=explore, perf_score=459, weight=142, favorite=1, was_fuzzed=1, exec_us=1120, hits=0, map=16, ascii=0, run_time=0:00:02:15)...[0m
[1;94m[*] [0mFuzzing test case #19 (52 total, 0 crashes saved, state: started :-), mode=explore, perf_score=114, weight=7, favorite=1, was_fuzzed=1, exec_us=1243, hits=112, map=21, ascii=0, run_time=0:00:02:16)...[0m
[1;94m[*] [0mFuzzing test case #35 (52 total, 0 crashes saved, state: started :-), mode=explore, perf_score=114, weight=4, favorite=1, was_fuzzed=1, exec_us=1221, hits=100, map=19, ascii=0, run_time=0:00:02:16)...[0m
[1;94m[*] [0mFuzzing test case #0 (52 total, 0 crashes saved, state: started :-), mode=explore, perf_score=459, weight=142, favorite=1, was_fuzzed=1, exec_us=1120, hits=0, map=16, ascii=0, run_time=0:00:02:17)...[0m
[1;94m[*] [0mFuzzing test case #19 (52 total, 0 crashes saved, state: started :-), mode=explore, perf_score=114, weight=7, favorite=1, was_fuzzed=1, exec_us=1243, hits=120, map=21, ascii=0, run_time=0:00:02:17)...[0m
[1;94m[*] [0mFuzzing test case #0 (52 total, 0 crashes saved, state: started :-), mode=explore, perf_score=459, weight=142, favorite=1, was_fuzzed=1, exec_us=1120, hits=0, map=16, ascii=0, run_time=0:00:02:18)...[0m
[1;94m[*] [0mFuzzing test case #0 (52 total, 0 crashes saved, state: started :-), mode=explore, perf_score=459, weight=142, favorite=1, was_fuzzed=1, exec_us=1120, hits=0, map=16, ascii=0, run_time=0:00:02:18)...[0m
[1;94m[*] [0mFuzzing test case #19 (52 total, 0 crashes saved, state: started :-), mode=explore, perf_score=114, weight=7, favorite=1, was_fuzzed=1, exec_us=1243, hits=126, map=21, ascii=0, run_time=0:00:02:19)...[0m
[1;94m[*] [0mFuzzing test case #15 (52 total, 0 crashes saved, state: started :-), mode=explore, perf_score=114, weight=9, favorite=1, was_fuzzed=1, exec_us=1295, hits=129, map=18, ascii=0, run_time=0:00:02:19)...[0m
[1;94m[*] [0mFuzzing test case #0 (52 total, 0 crashes saved, state: started :-), mode=explore, perf_score=459, weight=142, favorite=1, was_fuzzed=1, exec_us=1120, hits=0, map=16, ascii=0, run_time=0:00:02:20)...[0m
[1;94m[*] [0mFuzzing test case #19 (52 total, 0 crashes saved, state: started :-), mode=explore, perf_score=114, weight=7, favorite=1, was_fuzzed=1, exec_us=1243, hits=130, map=21, ascii=0, run_time=0:00:02:20)...[0m
[1;94m[*] [0mFuzzing test case #0 (52 total, 0 crashes saved, state: started :-), mode=explore, perf_score=459, weight=142, favorite=1, was_fuzzed=1, exec_us=1120, hits=0, map=16, ascii=0, run_time=0:00:02:21)...[0m
[1;94m[*] [0mFuzzing test case #45 (52 total, 0 crashes saved, state: started :-), mode=explore, perf_score=229, weight=7, favorite=1, was_fuzzed=1, exec_us=1146, hits=480, map=22, ascii=0, run_time=0:00:02:21)...[0m
[1;94m[*] [0mFuzzing test case #21 (52 total, 0 crashes saved, state: started :-), mode=explore, perf_score=114, weight=4, favorite=1, was_fuzzed=1, exec_us=1170, hits=391, map=21, ascii=0, run_time=0:00:02:22)...[0m
[1;94m[*] [0mFuzzing test case #0 (52 total, 0 crashes saved, state: started :-), mode=explore, perf_score=459, weight=142, favorite=1, was_fuzzed=1, exec_us=1120, hits=0, map=16, ascii=0, run_time=0:00:02:22)...[0m
[1;94m[*] [0mFuzzing test case #45 (52 total, 0 crashes saved, state: started :-), mode=explore, perf_score=229, weight=7, favorite=1, was_fuzzed=1, exec_us=1146, hits=500, map=22, ascii=0, run_time=0:00:02:23)...[0m
[1;94m[*] [0mFuzzing test case #14 (52 total, 0 crashes saved, state: started :-), mode=explore, perf_score=114, weight=5, favorite=1, was_fuzzed=1, exec_us=1218, hits=76, map=16, ascii=0, run_time=0:00:02:24)...[0m
[1;94m[*] [0mFuzzing test case #0 (52 total, 0 crashes saved, state: started :-), mode=explore, perf_score=459, weight=142, favorite=1, was_fuzzed=1, exec_us=1120, hits=0, map=16, ascii=0, run_time=0:00:02:24)...[0m
[1;94m[*] [0mFuzzing test case #0 (52 total, 0 crashes saved, state: started :-), mode=explore, perf_score=459, weight=142, favorite=1, was_fuzzed=1, exec_us=1120, hits=0, map=16, ascii=0, run_time=0:00:02:25)...[0m
[1;94m[*] [0mFuzzing test case #0 (52 total, 0 crashes saved, state: started :-), mode=explore, perf_score=459, weight=142, favorite=1, was_fuzzed=1, exec_us=1120, hits=0, map=16, ascii=0, run_time=0:00:02:25)...[0m
[1;94m[*] [0mFuzzing test case #0 (52 total, 0 crashes saved, state: started :-), mode=explore, perf_score=459, weight=142, favorite=1, was_fuzzed=1, exec_us=1120, hits=0, map=16, ascii=0, run_time=0:00:02:26)...[0m
[1;94m[*] [0mFuzzing test case #0 (52 total, 0 crashes saved, state: started :-), mode=explore, perf_score=459, weight=142, favorite=1, was_fuzzed=1, exec_us=1120, hits=0, map=16, ascii=0, run_time=0:00:02:26)...[0m
[1;94m[*] [0mFuzzing test case #0 (52 total, 0 crashes saved, state: started :-), mode=explore, perf_score=459, weight=142, favorite=1, was_fuzzed=1, exec_us=1120, hits=0, map=16, ascii=0, run_time=0:00:02:27)...[0m
[1;94m[*] [0mFuzzing test case #0 (52 total, 0 crashes saved, state: started :-), mode=explore, perf_score=459, weight=142, favorite=1, was_fuzzed=1, exec_us=1120, hits=0, map=16, ascii=0, run_time=0:00:02:28)...[0m
[1;94m[*] [0mFuzzing test case #37 (52 total, 0 crashes saved, state: started :-), mode=explore, perf_score=114, weight=5, favorite=1, was_fuzzed=1, exec_us=1270, hits=73, map=20, ascii=0, run_time=0:00:02:28)...[0m
[1;94m[*] [0mFuzzing test case #0 (52 total, 0 crashes saved, state: started :-), mode=explore, perf_score=459, weight=142, favorite=1, was_fuzzed=1, exec_us=1120, hits=0, map=16, ascii=0, run_time=0:00:02:29)...[0m
[1;94m[*] [0mFuzzing test case #45 (52 total, 0 crashes saved, state: started :-), mode=explore, perf_score=229, weight=7, favorite=1, was_fuzzed=1, exec_us=1146, hits=544, map=22, ascii=0, run_time=0:00:02:29)...[0m
[1;94m[*] [0mFuzzing test case #0 (52 total, 0 crashes saved, state: started :-), mode=explore, perf_score=459, weight=142, favorite=1, was_fuzzed=1, exec_us=1120, hits=0, map=16, ascii=0, run_time=0:00:02:30)...[0m
[1;94m[*] [0mFuzzing test case #0 (52 total, 0 crashes saved, state: started :-), mode=explore, perf_score=459, weight=142, favorite=1, was_fuzzed=1, exec_us=1120, hits=0, map=16, ascii=0, run_time=0:00:02:31)...[0m
[1;94m[*] [0mFuzzing test case #0 (52 total, 0 crashes saved, state: started :-), mode=explore, perf_score=459, weight=142, favorite=1, was_fuzzed=1, exec_us=1120, hits=0, map=16, ascii=0, run_time=0:00:02:31)...[0m
[1;94m[*] [0mFuzzing test case #0 (52 total, 0 crashes saved, state: started :-), mode=explore, perf_score=459, weight=142, favorite=1, was_fuzzed=1, exec_us=1120, hits=0, map=16, ascii=0, run_time=0:00:02:32)...[0m
[1;94m[*] [0mFuzzing test case #0 (52 total, 0 crashes saved, state: started :-), mode=explore, perf_score=459, weight=142, favorite=1, was_fuzzed=1, exec_us=1120, hits=0, map=16, ascii=0, run_time=0:00:02:32)...[0m
[1;94m[*] [0mFuzzing test case #0 (52 total, 0 crashes saved, state: started :-), mode=explore, perf_score=459, weight=142, favorite=1, was_fuzzed=1, exec_us=1120, hits=0, map=16, ascii=0, run_time=0:00:02:33)...[0m
[1;94m[*] [0mFuzzing test case #0 (52 total, 0 crashes saved, state: started :-), mode=explore, perf_score=459, weight=142, favorite=1, was_fuzzed=1, exec_us=1120, hits=0, map=16, ascii=0, run_time=0:00:02:33)...[0m
[1;94m[*] [0mFuzzing test case #37 (52 total, 0 crashes saved, state: started :-), mode=explore, perf_score=114, weight=5, favorite=1, was_fuzzed=1, exec_us=1270, hits=77, map=20, ascii=0, run_time=0:00:02:34)...[0m
[1;94m[*] [0mFuzzing test case #45 (52 total, 0 crashes saved, state: started :-), mode=explore, perf_score=229, weight=7, favorite=1, was_fuzzed=1, exec_us=1146, hits=554, map=22, ascii=0, run_time=0:00:02:34)...[0m
[1;94m[*] [0mFuzzing test case #0 (52 total, 0 crashes saved, state: started :-), mode=explore, perf_score=459, weight=142, favorite=1, was_fuzzed=1, exec_us=1120, hits=0, map=16, ascii=0, run_time=0:00:02:35)...[0m
[1;94m[*] [0mFuzzing test case #0 (52 total, 0 crashes saved, state: started :-), mode=explore, perf_score=459, weight=142, favorite=1, was_fuzzed=1, exec_us=1120, hits=0, map=16, ascii=0, run_time=0:00:02:36)...[0m
[1;94m[*] [0mFuzzing test case #0 (52 total, 0 crashes saved, state: started :-), mode=explore, perf_score=459, weight=142, favorite=1, was_fuzzed=1, exec_us=1120, hits=0, map=16, ascii=0, run_time=0:00:02:36)...[0m
[1;94m[*] [0mEntering queue cycle 5.[0m
[1;94m[*] [0mFuzzing test case #0 (52 total, 0 crashes saved, state: started :-), mode=explore, perf_score=459, weight=142, favorite=1, was_fuzzed=1, exec_us=1120, hits=0, map=16, ascii=0, run_time=0:00:02:37)...[0m
[1;94m[*] [0mFuzzing test case #0 (52 total, 0 crashes saved, state: started :-), mode=explore, perf_score=459, weight=142, favorite=1, was_fuzzed=1, exec_us=1120, hits=0, map=16, ascii=0, run_time=0:00:02:38)...[0m
[1;94m[*] [0mFuzzing test case #0 (52 total, 0 crashes saved, state: started :-), mode=explore, perf_score=459, weight=142, favorite=1, was_fuzzed=1, exec_us=1120, hits=0, map=16, ascii=0, run_time=0:00:02:38)...[0m
[1;94m[*] [0mFuzzing test case #0 (52 total, 0 crashes saved, state: started :-), mode=explore, perf_score=459, weight=142, favorite=1, was_fuzzed=1, exec_us=1120, hits=0, map=16, ascii=0, run_time=0:00:02:39)...[0m
[1;94m[*] [0mFuzzing test case #14 (52 total, 0 crashes saved, state: started :-), mode=explore, perf_score=114, weight=5, favorite=1, was_fuzzed=1, exec_us=1218, hits=97, map=16, ascii=0, run_time=0:00:02:40)...[0m
[1;94m[*] [0mFuzzing test case #0 (52 total, 0 crashes saved, state: started :-), mode=explore, perf_score=459, weight=142, favorite=1, was_fuzzed=1, exec_us=1120, hits=0, map=16, ascii=0, run_time=0:00:02:40)...[0m
[1;94m[*] [0mFuzzing test case #19 (52 total, 0 crashes saved, state: started :-), mode=explore, perf_score=114, weight=7, favorite=1, was_fuzzed=1, exec_us=1243, hits=150, map=21, ascii=0, run_time=0:00:02:41)...[0m
[1;94m[*] [0mFuzzing test case #0 (52 total, 0 crashes saved, state: started :-), mode=explore, perf_score=459, weight=142, favorite=1, was_fuzzed=1, exec_us=1120, hits=0, map=16, ascii=0, run_time=0:00:02:41)...[0m
[1;94m[*] [0mFuzzing test case #0 (52 total, 0 crashes saved, state: started :-), mode=explore, perf_score=459, weight=142, favorite=1, was_fuzzed=1, exec_us=1120, hits=0, map=16, ascii=0, run_time=0:00:02:42)...[0m
[1;94m[*] [0mFuzzing test case #0 (52 total, 0 crashes saved, state: started :-), mode=explore, perf_score=459, weight=142, favorite=1, was_fuzzed=1, exec_us=1120, hits=0, map=16, ascii=0, run_time=0:00:02:42)...[0m
[1;94m[*] [0mFuzzing test case #0 (52 total, 0 crashes saved, state: started :-), mode=explore, perf_score=459, weight=142, favorite=1, was_fuzzed=1, exec_us=1120, hits=0, map=16, ascii=0, run_time=0:00:02:43)...[0m
[1;94m[*] [0mFuzzing test case #0 (52 total, 0 crashes saved, state: started :-), mode=explore, perf_score=459, weight=142, favorite=1, was_fuzzed=1, exec_us=1120, hits=0, map=16, ascii=0, run_time=0:00:02:43)...[0m
[1;94m[*] [0mFuzzing test case #20 (52 total, 0 crashes saved, state: started :-), mode=explore, perf_score=100, weight=1, favorite=0, was_fuzzed=0, exec_us=1213, hits=47, map=22, ascii=0, run_time=0:00:02:44)...[0m
[1;94m[*] [0mFuzzing test case #0 (52 total, 0 crashes saved, state: started :-), mode=explore, perf_score=459, weight=142, favorite=1, was_fuzzed=1, exec_us=1120, hits=0, map=16, ascii=0, run_time=0:00:02:44)...[0m
[1;94m[*] [0mFuzzing test case #0 (52 total, 0 crashes saved, state: started :-), mode=explore, perf_score=459, weight=142, favorite=1, was_fuzzed=1, exec_us=1120, hits=0, map=16, ascii=0, run_time=0:00:02:45)...[0m
[1;94m[*] [0mFuzzing test case #17 (52 total, 0 crashes saved, state: started :-), mode=explore, perf_score=114, weight=4, favorite=1, was_fuzzed=1, exec_us=1252, hits=115, map=16, ascii=0, run_time=0:00:02:46)...[0m
[1;94m[*] [0mFuzzing test case #19 (52 total, 0 crashes saved, state: started :-), mode=explore, perf_score=114, weight=7, favorite=1, was_fuzzed=1, exec_us=1243, hits=159, map=21, ascii=0, run_time=0:00:02:46)...[0m
[1;94m[*] [0mFuzzing test case #17 (52 total, 0 crashes saved, state: started :-), mode=explore, perf_score=114, weight=4, favorite=1, was_fuzzed=1, exec_us=1252, hits=128, map=16, ascii=0, run_time=0:00:02:46)...[0m
[1;94m[*] [0mFuzzing test case #39 (52 total, 0 crashes saved, state: started :-), mode=explore, perf_score=114, weight=4, favorite=1, was_fuzzed=1, exec_us=1219, hits=146, map=20, ascii=0, run_time=0:00:02:47)...[0m
[1;94m[*] [0mFuzzing test case #0 (52 total, 0 crashes saved, state: started :-), mode=explore, perf_score=459, weight=142, favorite=1, was_fuzzed=1, exec_us=1120, hits=0, map=16, ascii=0, run_time=0:00:02:47)...[0m
[1;94m[*] [0mFuzzing test case #0 (52 total, 0 crashes saved, state: started :-), mode=explore, perf_score=459, weight=142, favorite=1, was_fuzzed=1, exec_us=1120, hits=0, map=16, ascii=0, run_time=0:00:02:48)...[0m
[1;94m[*] [0mFuzzing test case #35 (52 total, 0 crashes saved, state: started :-), mode=explore, perf_score=114, weight=4, favorite=1, was_fuzzed=1, exec_us=1221, hits=125, map=19, ascii=0, run_time=0:00:02:48)...[0m
[1;94m[*] [0mFuzzing test case #45 (52 total, 0 crashes saved, state: started :-), mode=explore, perf_score=229, weight=6, favorite=1, was_fuzzed=1, exec_us=1146, hits=611, map=22, ascii=0, run_time=0:00:02:49)...[0m
[1;94m[*] [0mFuzzing test case #0 (52 total, 0 crashes saved, state: started :-), mode=explore, perf_score=459, weight=142, favorite=1, was_fuzzed=1, exec_us=1120, hits=0, map=16, ascii=0, run_time=0:00:02:49)...[0m
[1;94m[*] [0mFuzzing test case #0 (52 total, 0 crashes saved, state: started :-), mode=explore, perf_score=459, weight=142, favorite=1, was_fuzzed=1, exec_us=1120, hits=0, map=16, ascii=0, run_time=0:00:02:50)...[0m
[1;94m[*] [0mFuzzing test case #39 (52 total, 0 crashes saved, state: started :-), mode=explore, perf_score=114, weight=4, favorite=1, was_fuzzed=1, exec_us=1219, hits=149, map=20, ascii=0, run_time=0:00:02:51)...[0m
[1;94m[*] [0mFuzzing test case #0 (52 total, 0 crashes saved, state: started :-), mode=explore, perf_score=459, weight=142, favorite=1, was_fuzzed=1, exec_us=1120, hits=0, map=16, ascii=0, run_time=0:00:02:51)...[0m
[1;94m[*] [0mFuzzing test case #18 (52 total, 0 crashes saved, state: started :-), mode=explore, perf_score=100, weight=1, favorite=0, was_fuzzed=0, exec_us=1213, hits=60, map=19, ascii=0, run_time=0:00:02:52)...[0m
[1;94m[*] [0mFuzzing test case #0 (52 total, 0 crashes saved, state: started :-), mode=explore, perf_score=459, weight=142, favorite=1, was_fuzzed=1, exec_us=1120, hits=0, map=16, ascii=0, run_time=0:00:02:52)...[0m
[1;94m[*] [0mFuzzing test case #0 (52 total, 0 crashes saved, state: started :-), mode=explore, perf_score=459, weight=142, favorite=1, was_fuzzed=1, exec_us=1120, hits=0, map=16, ascii=0, run_time=0:00:02:52)...[0m
[1;94m[*] [0mFuzzing test case #45 (52 total, 0 crashes saved, state: started :-), mode=explore, perf_score=229, weight=6, favorite=1, was_fuzzed=1, exec_us=1146, hits=623, map=22, ascii=0, run_time=0:00:02:53)...[0m
[1;94m[*] [0mFuzzing test case #37 (52 total, 0 crashes saved, state: started :-), mode=explore, perf_score=114, weight=4, favorite=1, was_fuzzed=1, exec_us=1270, hits=86, map=20, ascii=0, run_time=0:00:02:54)...[0m
[?25h[1;91m

+++ Testing aborted programmatically +++
[0m[1;94m[*] [0mStatistics: 51 new corpus items found, 52.54% coverage achieved, 1 crashes saved, 0 timeouts saved, total runtime 0 days, 0 hrs, 2 min, 54 sec[0m
[1;92m[+] [0mWe're done here. Have a nice day!
[0m
