JOB timestamp: Mon Dec 18 15:28:05 MST 2023
JOB ID: 121619
Array Task ID: 8
Current directory: /lfs/koff9454.ui/projects/plc_runtime_fuzzer/code_analysis/src
r3i4n3
gcc (Spack GCC) 12.1.0
Copyright (C) 2022 Free Software Foundation, Inc.
This is free software; see the source for copying conditions.  There is NO
warranty; not even for MERCHANTABILITY or FITNESS FOR A PARTICULAR PURPOSE.

Python 3.11.5
/lfs/koff9454.ui/miniconda3/envs/plc/bin/python
matiec version 0.1
changeset id: 
Number of programs: 3
Programs: condition_1 condition_2 condition_3
Fuzzing program: condition_3, Job ID: 8
input dir exist, skipping
harness file exist, skipping
Running the fuzzers
Workdir: "/lfs/koff9454.ui/projects/plc_runtime_fuzzer/code_analysis/src/programs/condition/condition_3/runs/run-8"
Out dir at "fuzzer-outdir" already exists.
Let's fuzz :)
[Stats #0] run time: 0h-0m-0s, clients: 1, corpus: 0, objectives: 0, executions: 0, exec/sec: 0.000
[Testcase #0] run time: 0h-0m-0s, clients: 1, corpus: 1, objectives: 0, executions: 1, exec/sec: 0.000
We imported 1 inputs from disk.
[Objective #0] run time: 0h-0m-0s, clients: 1, corpus: 1, objectives: 1, executions: 1, exec/sec: 0.000
[Stats #0] run time: 0h-0m-0s, clients: 1, corpus: 1, objectives: 1, executions: 1, exec/sec: 0.000
[Testcase #0] run time: 0h-0m-0s, clients: 1, corpus: 2, objectives: 1, executions: 11, exec/sec: 0.000
[Objective #0] run time: 0h-0m-0s, clients: 1, corpus: 2, objectives: 2, executions: 11, exec/sec: 0.000
[Objective #0] run time: 0h-0m-0s, clients: 1, corpus: 2, objectives: 3, executions: 11, exec/sec: 0.000
[Objective #0] run time: 0h-0m-0s, clients: 1, corpus: 2, objectives: 4, executions: 11, exec/sec: 0.000
[Objective #0] run time: 0h-0m-0s, clients: 1, corpus: 2, objectives: 5, executions: 11, exec/sec: 0.000
[Objective #0] run time: 0h-0m-0s, clients: 1, corpus: 2, objectives: 6, executions: 11, exec/sec: 0.000
[Objective #0] run time: 0h-0m-1s, clients: 1, corpus: 2, objectives: 7, executions: 11, exec/sec: 10.79
[Objective #0] run time: 0h-0m-1s, clients: 1, corpus: 2, objectives: 8, executions: 11, exec/sec: 9.486
[Objective #0] run time: 0h-0m-1s, clients: 1, corpus: 2, objectives: 9, executions: 11, exec/sec: 8.528
[Objective #0] run time: 0h-0m-1s, clients: 1, corpus: 2, objectives: 10, executions: 11, exec/sec: 7.651
[Objective #0] run time: 0h-0m-1s, clients: 1, corpus: 2, objectives: 11, executions: 11, exec/sec: 6.891
[Objective #0] run time: 0h-0m-1s, clients: 1, corpus: 2, objectives: 12, executions: 11, exec/sec: 6.333
[Objective #0] run time: 0h-0m-1s, clients: 1, corpus: 2, objectives: 13, executions: 11, exec/sec: 5.858
[Objective #0] run time: 0h-0m-2s, clients: 1, corpus: 2, objectives: 14, executions: 11, exec/sec: 5.436
[Objective #0] run time: 0h-0m-2s, clients: 1, corpus: 2, objectives: 15, executions: 11, exec/sec: 5.073
[1;92m[+] [0mEnabled environment variable AFL_BENCH_UNTIL_CRASH with value 1[0m
[1;92m[+] [0mEnabled environment variable AFL_IGNORE_SEED_PROBLEMS with value 1[0m
[1;92m[+] [0mEnabled environment variable AFL_I_DONT_CARE_ABOUT_MISSING_CRASHES with value 1[0m
[1;92m[+] [0mEnabled environment variable AFL_SKIP_CPUFREQ with value 1[0m
[1;92m[+] [0mEnabled environment variable AFL_TRY_AFFINITY with value 1[0m
[1;93m[!] [1;97mWARNING: [0mPotentially mistyped AFL environment variable: USE_PCM_DB=2, did you mean AFL_USE_PCM_DB=2?[0m
[0;36mafl-fuzz++4.09a[0m based on afl by Michal Zalewski and a large online community
[1;92m[+] [0mAFL++ is maintained by Marc "van Hauser" Heuse, Dominik Maier, Andrea Fioraldi and Heiko "hexcoder" Eißfeldt[0m
[1;92m[+] [0mAFL++ is open source, get it at https://github.com/AFLplusplus/AFLplusplus[0m
[1;92m[+] [0mNOTE: AFL++ >= v3 has changed defaults and behaviours - see README.md[0m
[1;92m[+] [0mNo -M/-S set, autoconfiguring for "-S default"[0m
[1;94m[*] [0mGetting to work...[0m
[1;92m[+] [0mUsing exponential power schedule (FAST)[0m
[1;92m[+] [0mEnabled testcache with 50 MB[0m
[1;92m[+] [0mGenerating fuzz data with a length of min=1 max=1048576[0m
[1;94m[*] [0mChecking core_pattern...[0m

[1;91m[-] [0mHmm, your system is configured to send core dump notifications to an
    external utility. This will cause issues: there will be an extended delay
    between stumbling upon a crash and having this information relayed to the
    fuzzer via the standard waitpid() API.
    If you're just testing, set 'AFL_I_DONT_CARE_ABOUT_MISSING_CRASHES=1'.

    To avoid having crashes misinterpreted as timeouts, please log in as root
    and temporarily modify /proc/sys/kernel/core_pattern, like so:

    echo core >/proc/sys/kernel/core_pattern
[1;92m[+] [0mLooks like we're not running on a tty, so I'll be a bit less verbose.[0m
[1;92m[+] [0mYou have 36 CPU cores and 13 runnable tasks (utilization: 36%).[0m
[1;92m[+] [0mTry parallel jobs - see /usr/local/share/doc/afl/fuzzing_in_depth.md#c-using-multiple-cores[0m
[1;94m[*] [0mSetting up output directories...[0m
[1;94m[*] [0mChecking CPU core loadout...[0m
[1;92m[+] [0mFound a free CPU core, try binding to #9.[0m
[1;94m[*] [0mScanning 'our-indir'...[0m
[1;92m[+] [0mLoaded a total of 1 seeds.[0m
[1;94m[*] [0mCreating hard links for all input files...[0m
[1;94m[*] [0mValidating target binary...[0m
[1;94m[*] [0mSpinning up the fork server...[0m
[1;92m[+] [0mAll right - fork server is up.[0m
[1;94m[*] [0mTarget map size: 75[0m
[1;94m[*] [0mNo auto-generated dictionary tokens to reuse.[0m
[1;94m[*] [0mLoading extra dictionary from 'our-inputs.dict' (level 0)...[0m
[1;94m[*] [0mLoaded 80 extra tokens, size range 4 B to 6 B.[0m
[1;92m[+] [0mLoaded a total of 6 extras.[0m
[1;94m[*] [0mAttempting dry run with 'id:000000,time:0,execs:0,orig:variables.txt'...[0m
[1;90m    len = 560, map size = 23, exec speed = 6899 us, hash = 9b4849e5a795fa70
[0m[1;92m[+] [0mAll test cases processed.[0m
[1;92m[+] [0mHere are some useful stats:

[1;90m    Test case count : [0m1 favored, 0 variable, 0 ignored, 1 total
[1;90m       Bitmap range : [0m23 to 23 bits (average: 23.00 bits)
[1;90m        Exec timing : [0m6899 to 6899 us (average: 6899 us)
[0m
[1;94m[*] [0mNo -t option specified, so I'll use an exec timeout of 40 ms.[0m
[1;92m[+] [0mAll set and ready to roll![0m
[1;94m[*] [0mEntering queue cycle 1.[0m
[1;94m[*] [0mFuzzing test case #0 (1 total, 0 crashes saved, state: started :-), mode=explore, perf_score=0, weight=0, favorite=1, was_fuzzed=0, exec_us=6899, hits=0, map=23, ascii=0, run_time=0:00:00:00)...[0m
[1;92m[+] [0mEnabled environment variable AFL_BENCH_UNTIL_CRASH with value 1[0m
[1;92m[+] [0mEnabled environment variable AFL_IGNORE_SEED_PROBLEMS with value 1[0m
[1;92m[+] [0mEnabled environment variable AFL_I_DONT_CARE_ABOUT_MISSING_CRASHES with value 1[0m
[1;92m[+] [0mEnabled environment variable AFL_SKIP_CPUFREQ with value 1[0m
[1;92m[+] [0mEnabled environment variable AFL_TRY_AFFINITY with value 1[0m
[1;93m[!] [1;97mWARNING: [0mPotentially mistyped AFL environment variable: USE_PCM_DB=2, did you mean AFL_USE_PCM_DB=2?[0m
[0;36mafl-fuzz++4.09a[0m based on afl by Michal Zalewski and a large online community
[1;92m[+] [0mAFL++ is maintained by Marc "van Hauser" Heuse, Dominik Maier, Andrea Fioraldi and Heiko "hexcoder" Eißfeldt[0m
[1;92m[+] [0mAFL++ is open source, get it at https://github.com/AFLplusplus/AFLplusplus[0m
[1;92m[+] [0mNOTE: AFL++ >= v3 has changed defaults and behaviours - see README.md[0m
[1;92m[+] [0mNo -M/-S set, autoconfiguring for "-S default"[0m
[1;94m[*] [0mGetting to work...[0m
[1;92m[+] [0mUsing exponential power schedule (FAST)[0m
[1;92m[+] [0mEnabled testcache with 50 MB[0m
[1;92m[+] [0mGenerating fuzz data with a length of min=1 max=1048576[0m
[1;94m[*] [0mChecking core_pattern...[0m

[1;91m[-] [0mHmm, your system is configured to send core dump notifications to an
    external utility. This will cause issues: there will be an extended delay
    between stumbling upon a crash and having this information relayed to the
    fuzzer via the standard waitpid() API.
    If you're just testing, set 'AFL_I_DONT_CARE_ABOUT_MISSING_CRASHES=1'.

    To avoid having crashes misinterpreted as timeouts, please log in as root
    and temporarily modify /proc/sys/kernel/core_pattern, like so:

    echo core >/proc/sys/kernel/core_pattern
[1;92m[+] [0mLooks like we're not running on a tty, so I'll be a bit less verbose.[0m
[1;92m[+] [0mYou have 36 CPU cores and 9 runnable tasks (utilization: 25%).[0m
[1;92m[+] [0mTry parallel jobs - see /usr/local/share/doc/afl/fuzzing_in_depth.md#c-using-multiple-cores[0m
[1;94m[*] [0mSetting up output directories...[0m
[1;94m[*] [0mChecking CPU core loadout...[0m
[1;92m[+] [0mFound a free CPU core, try binding to #11.[0m
[1;94m[*] [0mScanning 'afl-indir'...[0m
[1;92m[+] [0mLoaded a total of 1 seeds.[0m
[1;94m[*] [0mCreating hard links for all input files...[0m
[1;94m[*] [0mValidating target binary...[0m
[1;94m[*] [0mSpinning up the fork server...[0m
[1;92m[+] [0mAll right - fork server is up.[0m
[1;94m[*] [0mTarget map size: 75[0m
[1;94m[*] [0mNo auto-generated dictionary tokens to reuse.[0m
[1;94m[*] [0mLoading extra dictionary from 'afl-inputs.dict' (level 0)...[0m
[1;94m[*] [0mLoaded 80 extra tokens, size range 4 B to 6 B.[0m
[1;92m[+] [0mLoaded a total of 6 extras.[0m
[1;94m[*] [0mAttempting dry run with 'id:000000,time:0,execs:0,orig:testcase.txt'...[0m
[1;90m    len = 3, map size = 22, exec speed = 8397 us, hash = f12e82753eb161b5
[0m[1;92m[+] [0mAll test cases processed.[0m
[1;92m[+] [0mHere are some useful stats:

[1;90m    Test case count : [0m1 favored, 0 variable, 0 ignored, 1 total
[1;90m       Bitmap range : [0m22 to 22 bits (average: 22.00 bits)
[1;90m        Exec timing : [0m8397 to 8397 us (average: 8397 us)
[0m
[1;94m[*] [0mNo -t option specified, so I'll use an exec timeout of 60 ms.[0m
[1;92m[+] [0mAll set and ready to roll![0m
[1;94m[*] [0mEntering queue cycle 1.[0m
[1;94m[*] [0mFuzzing test case #0 (1 total, 0 crashes saved, state: started :-), mode=explore, perf_score=0, weight=0, favorite=1, was_fuzzed=0, exec_us=8397, hits=0, map=22, ascii=0, run_time=0:00:00:00)...[0m
[Objective #0] run time: 0h-0m-2s, clients: 1, corpus: 2, objectives: 16, executions: 11, exec/sec: 4.656
[Objective #0] run time: 0h-0m-2s, clients: 1, corpus: 2, objectives: 17, executions: 11, exec/sec: 4.416
[Objective #0] run time: 0h-0m-2s, clients: 1, corpus: 2, objectives: 18, executions: 11, exec/sec: 4.165
[Objective #0] run time: 0h-0m-2s, clients: 1, corpus: 2, objectives: 19, executions: 11, exec/sec: 3.934
[Objective #0] run time: 0h-0m-2s, clients: 1, corpus: 2, objectives: 20, executions: 11, exec/sec: 3.729
[Objective #0] run time: 0h-0m-3s, clients: 1, corpus: 2, objectives: 21, executions: 11, exec/sec: 3.568
[Objective #0] run time: 0h-0m-3s, clients: 1, corpus: 2, objectives: 22, executions: 11, exec/sec: 3.419
[Objective #0] run time: 0h-0m-3s, clients: 1, corpus: 2, objectives: 23, executions: 11, exec/sec: 3.284
[Objective #0] run time: 0h-0m-3s, clients: 1, corpus: 2, objectives: 24, executions: 11, exec/sec: 3.169
[Objective #0] run time: 0h-0m-3s, clients: 1, corpus: 2, objectives: 25, executions: 11, exec/sec: 3.040
[Objective #0] run time: 0h-0m-3s, clients: 1, corpus: 2, objectives: 26, executions: 11, exec/sec: 2.924
[Objective #0] run time: 0h-0m-3s, clients: 1, corpus: 2, objectives: 27, executions: 11, exec/sec: 2.821
[Objective #0] run time: 0h-0m-4s, clients: 1, corpus: 2, objectives: 28, executions: 11, exec/sec: 2.718
[Objective #0] run time: 0h-0m-4s, clients: 1, corpus: 2, objectives: 29, executions: 11, exec/sec: 2.626
[Objective #0] run time: 0h-0m-4s, clients: 1, corpus: 2, objectives: 30, executions: 11, exec/sec: 2.539
[Objective #0] run time: 0h-0m-4s, clients: 1, corpus: 2, objectives: 31, executions: 11, exec/sec: 2.455
[Objective #0] run time: 0h-0m-4s, clients: 1, corpus: 2, objectives: 32, executions: 11, exec/sec: 2.380
[Objective #0] run time: 0h-0m-4s, clients: 1, corpus: 2, objectives: 33, executions: 11, exec/sec: 2.312
[Objective #0] run time: 0h-0m-4s, clients: 1, corpus: 2, objectives: 34, executions: 11, exec/sec: 2.242
[Objective #0] run time: 0h-0m-5s, clients: 1, corpus: 2, objectives: 35, executions: 11, exec/sec: 2.160
[Objective #0] run time: 0h-0m-5s, clients: 1, corpus: 2, objectives: 36, executions: 11, exec/sec: 2.093
[Objective #0] run time: 0h-0m-5s, clients: 1, corpus: 2, objectives: 37, executions: 11, exec/sec: 2.042
[Objective #0] run time: 0h-0m-5s, clients: 1, corpus: 2, objectives: 38, executions: 11, exec/sec: 1.992
[Objective #0] run time: 0h-0m-5s, clients: 1, corpus: 2, objectives: 39, executions: 11, exec/sec: 1.943
[Objective #0] run time: 0h-0m-5s, clients: 1, corpus: 2, objectives: 40, executions: 11, exec/sec: 1.886
[Objective #0] run time: 0h-0m-6s, clients: 1, corpus: 2, objectives: 41, executions: 11, exec/sec: 1.837
[Objective #0] run time: 0h-0m-6s, clients: 1, corpus: 2, objectives: 42, executions: 11, exec/sec: 1.790
[Objective #0] run time: 0h-0m-6s, clients: 1, corpus: 2, objectives: 43, executions: 11, exec/sec: 1.748
[Objective #0] run time: 0h-0m-6s, clients: 1, corpus: 2, objectives: 44, executions: 11, exec/sec: 1.713
[Objective #0] run time: 0h-0m-6s, clients: 1, corpus: 2, objectives: 45, executions: 11, exec/sec: 1.675
Crash limit reached: 1
[?25h[1;91m

+++ Testing aborted programmatically +++
[0m[1;94m[*] [0mStatistics: 23 new corpus items found, 46.67% coverage achieved, 1 crashes saved, 0 timeouts saved, total runtime 0 days, 0 hrs, 4 min, 37 sec[0m
[1;92m[+] [0mWe're done here. Have a nice day!
[0m
[1;94m[*] [0mFuzzing test case #15 (31 total, 0 crashes saved, state: in progress, mode=explore, perf_score=0, weight=0, favorite=1, was_fuzzed=0, exec_us=1278, hits=64, map=22, ascii=0, run_time=0:00:06:41)...[0m
[1;94m[*] [0mFuzzing test case #27 (31 total, 0 crashes saved, state: in progress, mode=explore, perf_score=150, weight=47, favorite=1, was_fuzzed=0, exec_us=1408, hits=1, map=25, ascii=0, run_time=0:00:06:41)...[0m
[1;94m[*] [0mFuzzing test case #28 (32 total, 0 crashes saved, state: in progress, mode=explore, perf_score=150, weight=25, favorite=1, was_fuzzed=0, exec_us=1219, hits=14, map=22, ascii=0, run_time=0:00:06:42)...[0m
[1;94m[*] [0mFuzzing test case #29 (33 total, 0 crashes saved, state: in progress, mode=explore, perf_score=150, weight=42, favorite=1, was_fuzzed=0, exec_us=1241, hits=2, map=26, ascii=0, run_time=0:00:06:54)...[0m
[1;94m[*] [0mFuzzing test case #33 (35 total, 0 crashes saved, state: in progress, mode=explore, perf_score=0, weight=0, favorite=1, was_fuzzed=0, exec_us=1223, hits=1, map=24, ascii=0, run_time=0:00:07:13)...[0m
[1;94m[*] [0mFuzzing test case #17 (35 total, 0 crashes saved, state: in progress, mode=explore, perf_score=150, weight=26, favorite=1, was_fuzzed=0, exec_us=1290, hits=8, map=24, ascii=0, run_time=0:00:07:13)...[0m
[1;94m[*] [0mFuzzing test case #18 (36 total, 0 crashes saved, state: in progress, mode=explore, perf_score=150, weight=15, favorite=1, was_fuzzed=0, exec_us=1374, hits=124, map=26, ascii=0, run_time=0:00:07:14)...[0m
[1;94m[*] [0mFuzzing test case #21 (36 total, 0 crashes saved, state: in progress, mode=explore, perf_score=150, weight=19, favorite=1, was_fuzzed=0, exec_us=1437, hits=24, map=26, ascii=0, run_time=0:00:07:14)...[0m
[1;94m[*] [0mFuzzing test case #16 (37 total, 0 crashes saved, state: in progress, mode=explore, perf_score=150, weight=17, favorite=1, was_fuzzed=0, exec_us=1304, hits=102, map=24, ascii=0, run_time=0:00:07:15)...[0m
[1;94m[*] [0mFuzzing test case #20 (38 total, 0 crashes saved, state: in progress, mode=explore, perf_score=150, weight=16, favorite=1, was_fuzzed=0, exec_us=1481, hits=61, map=26, ascii=0, run_time=0:00:07:16)...[0m
[1;94m[*] [0mFuzzing test case #34 (38 total, 0 crashes saved, state: in progress, mode=explore, perf_score=150, weight=3, favorite=0, was_fuzzed=0, exec_us=1274, hits=3, map=26, ascii=0, run_time=0:00:07:16)...[0m
[1;94m[*] [0mFuzzing test case #15 (40 total, 0 crashes saved, state: in progress, mode=explore, perf_score=172, weight=8, favorite=1, was_fuzzed=1, exec_us=1278, hits=66, map=22, ascii=0, run_time=0:00:07:17)...[0m
[1;94m[*] [0mFuzzing test case #18 (40 total, 0 crashes saved, state: in progress, mode=explore, perf_score=172, weight=15, favorite=1, was_fuzzed=1, exec_us=1374, hits=135, map=26, ascii=0, run_time=0:00:07:18)...[0m
[1;94m[*] [0mFuzzing test case #28 (40 total, 0 crashes saved, state: in progress, mode=explore, perf_score=345, weight=125, favorite=1, was_fuzzed=1, exec_us=1219, hits=28, map=22, ascii=0, run_time=0:00:07:18)...[0m
[1;94m[*] [0mFuzzing test case #33 (40 total, 0 crashes saved, state: in progress, mode=explore, perf_score=690, weight=20, favorite=1, was_fuzzed=1, exec_us=1223, hits=2, map=24, ascii=0, run_time=0:00:07:39)...[0m
[1;94m[*] [0mFuzzing test case #29 (41 total, 0 crashes saved, state: in progress, mode=explore, perf_score=172, weight=8, favorite=1, was_fuzzed=1, exec_us=1241, hits=147, map=26, ascii=0, run_time=0:00:07:41)...[0m
[1;94m[*] [0mFuzzing test case #33 (41 total, 0 crashes saved, state: in progress, mode=explore, perf_score=345, weight=10, favorite=1, was_fuzzed=1, exec_us=1223, hits=30, map=24, ascii=0, run_time=0:00:07:42)...[0m
[1;94m[*] [0mFuzzing test case #28 (43 total, 0 crashes saved, state: in progress, mode=explore, perf_score=172, weight=122, favorite=1, was_fuzzed=1, exec_us=1219, hits=38, map=22, ascii=0, run_time=0:00:07:43)...[0m
[1;94m[*] [0mFuzzing test case #28 (43 total, 0 crashes saved, state: in progress, mode=explore, perf_score=172, weight=122, favorite=1, was_fuzzed=1, exec_us=1219, hits=51, map=22, ascii=0, run_time=0:00:07:44)...[0m
[1;94m[*] [0mFuzzing test case #28 (43 total, 0 crashes saved, state: in progress, mode=explore, perf_score=172, weight=122, favorite=1, was_fuzzed=1, exec_us=1219, hits=76, map=22, ascii=0, run_time=0:00:07:45)...[0m
[1;94m[*] [0mFuzzing test case #17 (44 total, 0 crashes saved, state: in progress, mode=explore, perf_score=172, weight=9, favorite=1, was_fuzzed=1, exec_us=1290, hits=41, map=24, ascii=0, run_time=0:00:07:46)...[0m
[1;94m[*] [0mFuzzing test case #28 (44 total, 0 crashes saved, state: in progress, mode=explore, perf_score=172, weight=108, favorite=1, was_fuzzed=1, exec_us=1219, hits=83, map=22, ascii=0, run_time=0:00:08:04)...[0m
[1;94m[*] [0mFuzzing test case #28 (44 total, 0 crashes saved, state: in progress, mode=explore, perf_score=172, weight=108, favorite=1, was_fuzzed=1, exec_us=1219, hits=89, map=22, ascii=0, run_time=0:00:08:05)...[0m
[1;94m[*] [0mFuzzing test case #28 (44 total, 0 crashes saved, state: in progress, mode=explore, perf_score=172, weight=108, favorite=1, was_fuzzed=1, exec_us=1219, hits=109, map=22, ascii=0, run_time=0:00:08:06)...[0m
[1;94m[*] [0mFuzzing test case #29 (46 total, 0 crashes saved, state: in progress, mode=explore, perf_score=172, weight=8, favorite=1, was_fuzzed=1, exec_us=1241, hits=164, map=26, ascii=0, run_time=0:00:08:06)...[0m
[1;94m[*] [0mFuzzing test case #28 (46 total, 0 crashes saved, state: in progress, mode=explore, perf_score=172, weight=105, favorite=1, was_fuzzed=1, exec_us=1219, hits=112, map=22, ascii=0, run_time=0:00:08:07)...[0m
[1;94m[*] [0mFuzzing test case #28 (46 total, 0 crashes saved, state: in progress, mode=explore, perf_score=172, weight=105, favorite=1, was_fuzzed=1, exec_us=1219, hits=126, map=22, ascii=0, run_time=0:00:08:08)...[0m
[1;94m[*] [0mFuzzing test case #28 (46 total, 0 crashes saved, state: in progress, mode=explore, perf_score=172, weight=105, favorite=1, was_fuzzed=1, exec_us=1219, hits=140, map=22, ascii=0, run_time=0:00:08:08)...[0m
[1;94m[*] [0mFuzzing test case #28 (46 total, 0 crashes saved, state: in progress, mode=explore, perf_score=172, weight=105, favorite=1, was_fuzzed=1, exec_us=1219, hits=155, map=22, ascii=0, run_time=0:00:08:09)...[0m
[1;94m[*] [0mFuzzing test case #28 (46 total, 0 crashes saved, state: in progress, mode=explore, perf_score=172, weight=105, favorite=1, was_fuzzed=1, exec_us=1219, hits=158, map=22, ascii=0, run_time=0:00:08:10)...[0m
[1;94m[*] [0mFuzzing test case #45 (46 total, 0 crashes saved, state: in progress, mode=explore, perf_score=150, weight=5, favorite=0, was_fuzzed=0, exec_us=1237, hits=2, map=27, ascii=0, run_time=0:00:08:22)...[0m
[1;94m[*] [0mFuzzing test case #16 (46 total, 0 crashes saved, state: in progress, mode=explore, perf_score=172, weight=17, favorite=1, was_fuzzed=1, exec_us=1304, hits=121, map=24, ascii=0, run_time=0:00:08:23)...[0m
[1;94m[*] [0mFuzzing test case #27 (46 total, 0 crashes saved, state: in progress, mode=explore, perf_score=114, weight=8, favorite=1, was_fuzzed=1, exec_us=1408, hits=46, map=25, ascii=0, run_time=0:00:08:23)...[0m
[1;94m[*] [0mFuzzing test case #33 (46 total, 0 crashes saved, state: in progress, mode=explore, perf_score=172, weight=10, favorite=1, was_fuzzed=1, exec_us=1223, hits=46, map=24, ascii=0, run_time=0:00:08:24)...[0m
[1;94m[*] [0mFuzzing test case #27 (46 total, 0 crashes saved, state: in progress, mode=explore, perf_score=114, weight=8, favorite=1, was_fuzzed=1, exec_us=1408, hits=56, map=25, ascii=0, run_time=0:00:08:25)...[0m
[1;94m[*] [0mFuzzing test case #28 (46 total, 0 crashes saved, state: in progress, mode=explore, perf_score=172, weight=100, favorite=1, was_fuzzed=1, exec_us=1219, hits=169, map=22, ascii=0, run_time=0:00:08:25)...[0m
[1;94m[*] [0mFuzzing test case #16 (48 total, 0 crashes saved, state: in progress, mode=explore, perf_score=172, weight=16, favorite=1, was_fuzzed=1, exec_us=1304, hits=152, map=24, ascii=0, run_time=0:00:08:26)...[0m
[1;94m[*] [0mFuzzing test case #28 (48 total, 0 crashes saved, state: in progress, mode=explore, perf_score=172, weight=101, favorite=1, was_fuzzed=1, exec_us=1219, hits=175, map=22, ascii=0, run_time=0:00:08:39)...[0m
[1;94m[*] [0mFuzzing test case #16 (49 total, 0 crashes saved, state: in progress, mode=explore, perf_score=172, weight=16, favorite=1, was_fuzzed=1, exec_us=1304, hits=188, map=24, ascii=0, run_time=0:00:08:39)...[0m
[1;94m[*] [0mFuzzing test case #16 (49 total, 0 crashes saved, state: in progress, mode=explore, perf_score=172, weight=16, favorite=1, was_fuzzed=1, exec_us=1304, hits=198, map=24, ascii=0, run_time=0:00:08:40)...[0m
[1;94m[*] [0mFuzzing test case #28 (49 total, 0 crashes saved, state: in progress, mode=explore, perf_score=172, weight=101, favorite=1, was_fuzzed=1, exec_us=1219, hits=185, map=22, ascii=0, run_time=0:00:08:40)...[0m
[1;94m[*] [0mFuzzing test case #27 (49 total, 0 crashes saved, state: in progress, mode=explore, perf_score=114, weight=8, favorite=1, was_fuzzed=1, exec_us=1408, hits=64, map=25, ascii=0, run_time=0:00:08:41)...[0m
[1;94m[*] [0mFuzzing test case #16 (49 total, 0 crashes saved, state: in progress, mode=explore, perf_score=172, weight=16, favorite=1, was_fuzzed=1, exec_us=1304, hits=250, map=24, ascii=0, run_time=0:00:08:42)...[0m
[1;94m[*] [0mFuzzing test case #20 (49 total, 0 crashes saved, state: in progress, mode=explore, perf_score=114, weight=8, favorite=1, was_fuzzed=1, exec_us=1481, hits=75, map=26, ascii=0, run_time=0:00:08:42)...[0m
[1;94m[*] [0mFuzzing test case #16 (50 total, 0 crashes saved, state: in progress, mode=explore, perf_score=114, weight=15, favorite=1, was_fuzzed=1, exec_us=1304, hits=269, map=24, ascii=0, run_time=0:00:08:43)...[0m
[1;94m[*] [0mFuzzing test case #28 (50 total, 0 crashes saved, state: in progress, mode=explore, perf_score=172, weight=101, favorite=1, was_fuzzed=1, exec_us=1219, hits=196, map=22, ascii=0, run_time=0:00:08:43)...[0m
[1;94m[*] [0mFuzzing test case #28 (50 total, 0 crashes saved, state: in progress, mode=explore, perf_score=172, weight=101, favorite=1, was_fuzzed=1, exec_us=1219, hits=202, map=22, ascii=0, run_time=0:00:08:44)...[0m
[1;94m[*] [0mFuzzing test case #17 (50 total, 0 crashes saved, state: in progress, mode=explore, perf_score=172, weight=9, favorite=1, was_fuzzed=1, exec_us=1290, hits=69, map=24, ascii=0, run_time=0:00:08:44)...[0m
[1;94m[*] [0mFuzzing test case #15 (50 total, 0 crashes saved, state: in progress, mode=explore, perf_score=172, weight=8, favorite=1, was_fuzzed=1, exec_us=1278, hits=101, map=22, ascii=0, run_time=0:00:08:45)...[0m
[1;94m[*] [0mFuzzing test case #28 (50 total, 0 crashes saved, state: in progress, mode=explore, perf_score=172, weight=101, favorite=1, was_fuzzed=1, exec_us=1219, hits=216, map=22, ascii=0, run_time=0:00:08:46)...[0m
[1;94m[*] [0mFuzzing test case #21 (50 total, 0 crashes saved, state: in progress, mode=explore, perf_score=114, weight=8, favorite=1, was_fuzzed=1, exec_us=1437, hits=102, map=26, ascii=0, run_time=0:00:09:00)...[0m
[1;94m[*] [0mFuzzing test case #28 (50 total, 0 crashes saved, state: in progress, mode=explore, perf_score=172, weight=101, favorite=1, was_fuzzed=1, exec_us=1219, hits=221, map=22, ascii=0, run_time=0:00:09:00)...[0m
[1;94m[*] [0mFuzzing test case #15 (50 total, 0 crashes saved, state: in progress, mode=explore, perf_score=172, weight=8, favorite=1, was_fuzzed=1, exec_us=1278, hits=123, map=22, ascii=0, run_time=0:00:09:01)...[0m
[1;94m[*] [0mEntering queue cycle 2.[0m
[1;94m[*] [0mFuzzing test case #21 (50 total, 0 crashes saved, state: in progress, mode=explore, perf_score=114, weight=8, favorite=1, was_fuzzed=1, exec_us=1437, hits=144, map=26, ascii=0, run_time=0:00:09:01)...[0m
[1;94m[*] [0mFuzzing test case #27 (50 total, 0 crashes saved, state: in progress, mode=explore, perf_score=114, weight=8, favorite=1, was_fuzzed=1, exec_us=1408, hits=78, map=25, ascii=0, run_time=0:00:09:02)...[0m
[1;94m[*] [0mFuzzing test case #28 (50 total, 0 crashes saved, state: in progress, mode=explore, perf_score=172, weight=101, favorite=1, was_fuzzed=1, exec_us=1219, hits=229, map=22, ascii=0, run_time=0:00:09:02)...[0m
[1;94m[*] [0mFuzzing test case #18 (50 total, 0 crashes saved, state: in progress, mode=explore, perf_score=114, weight=16, favorite=1, was_fuzzed=1, exec_us=1374, hits=182, map=26, ascii=0, run_time=0:00:09:03)...[0m
[1;94m[*] [0mFuzzing test case #16 (50 total, 0 crashes saved, state: in progress, mode=explore, perf_score=114, weight=15, favorite=1, was_fuzzed=1, exec_us=1304, hits=276, map=24, ascii=0, run_time=0:00:09:03)...[0m
[1;94m[*] [0mFuzzing test case #28 (50 total, 0 crashes saved, state: in progress, mode=explore, perf_score=172, weight=101, favorite=1, was_fuzzed=1, exec_us=1219, hits=232, map=22, ascii=0, run_time=0:00:09:03)...[0m
[1;94m[*] [0mFuzzing test case #18 (50 total, 0 crashes saved, state: in progress, mode=explore, perf_score=114, weight=16, favorite=1, was_fuzzed=1, exec_us=1374, hits=195, map=26, ascii=0, run_time=0:00:09:04)...[0m
[1;94m[*] [0mFuzzing test case #28 (50 total, 0 crashes saved, state: in progress, mode=explore, perf_score=172, weight=101, favorite=1, was_fuzzed=1, exec_us=1219, hits=237, map=22, ascii=0, run_time=0:00:09:05)...[0m
[1;94m[*] [0mFuzzing test case #20 (50 total, 0 crashes saved, state: in progress, mode=explore, perf_score=114, weight=7, favorite=1, was_fuzzed=1, exec_us=1481, hits=94, map=26, ascii=0, run_time=0:00:09:05)...[0m
[1;94m[*] [0mFuzzing test case #15 (50 total, 0 crashes saved, state: in progress, mode=explore, perf_score=172, weight=8, favorite=1, was_fuzzed=1, exec_us=1278, hits=153, map=22, ascii=0, run_time=0:00:09:06)...[0m
[1;94m[*] [0mFuzzing test case #28 (50 total, 0 crashes saved, state: in progress, mode=explore, perf_score=172, weight=101, favorite=1, was_fuzzed=1, exec_us=1219, hits=243, map=22, ascii=0, run_time=0:00:09:06)...[0m
[1;94m[*] [0mFuzzing test case #16 (50 total, 0 crashes saved, state: in progress, mode=explore, perf_score=114, weight=15, favorite=1, was_fuzzed=1, exec_us=1304, hits=286, map=24, ascii=0, run_time=0:00:09:07)...[0m
[1;94m[*] [0mFuzzing test case #28 (50 total, 0 crashes saved, state: in progress, mode=explore, perf_score=172, weight=101, favorite=1, was_fuzzed=1, exec_us=1219, hits=247, map=22, ascii=0, run_time=0:00:09:21)...[0m
[1;94m[*] [0mFuzzing test case #16 (50 total, 0 crashes saved, state: in progress, mode=explore, perf_score=114, weight=15, favorite=1, was_fuzzed=1, exec_us=1304, hits=310, map=24, ascii=0, run_time=0:00:09:22)...[0m
[1;94m[*] [0mFuzzing test case #28 (50 total, 0 crashes saved, state: in progress, mode=explore, perf_score=172, weight=101, favorite=1, was_fuzzed=1, exec_us=1219, hits=249, map=22, ascii=0, run_time=0:00:09:22)...[0m
[1;94m[*] [0mFuzzing test case #28 (50 total, 0 crashes saved, state: in progress, mode=explore, perf_score=172, weight=101, favorite=1, was_fuzzed=1, exec_us=1219, hits=268, map=22, ascii=0, run_time=0:00:09:23)...[0m
[1;94m[*] [0mFuzzing test case #16 (50 total, 0 crashes saved, state: in progress, mode=explore, perf_score=114, weight=15, favorite=1, was_fuzzed=1, exec_us=1304, hits=318, map=24, ascii=0, run_time=0:00:09:23)...[0m
[1;94m[*] [0mFuzzing test case #15 (50 total, 0 crashes saved, state: in progress, mode=explore, perf_score=172, weight=8, favorite=1, was_fuzzed=1, exec_us=1278, hits=161, map=22, ascii=0, run_time=0:00:09:24)...[0m
[1;94m[*] [0mFuzzing test case #28 (50 total, 0 crashes saved, state: in progress, mode=explore, perf_score=172, weight=101, favorite=1, was_fuzzed=1, exec_us=1219, hits=272, map=22, ascii=0, run_time=0:00:09:24)...[0m
[1;94m[*] [0mFuzzing test case #28 (50 total, 0 crashes saved, state: in progress, mode=explore, perf_score=172, weight=101, favorite=1, was_fuzzed=1, exec_us=1219, hits=291, map=22, ascii=0, run_time=0:00:09:25)...[0m
[1;94m[*] [0mFuzzing test case #28 (50 total, 0 crashes saved, state: in progress, mode=explore, perf_score=172, weight=101, favorite=1, was_fuzzed=1, exec_us=1219, hits=300, map=22, ascii=0, run_time=0:00:09:25)...[0m
[1;94m[*] [0mFuzzing test case #28 (50 total, 0 crashes saved, state: in progress, mode=explore, perf_score=172, weight=101, favorite=1, was_fuzzed=1, exec_us=1219, hits=318, map=22, ascii=0, run_time=0:00:09:26)...[0m
[1;94m[*] [0mFuzzing test case #18 (50 total, 0 crashes saved, state: in progress, mode=explore, perf_score=114, weight=16, favorite=1, was_fuzzed=1, exec_us=1374, hits=208, map=26, ascii=0, run_time=0:00:09:27)...[0m
[1;94m[*] [0mFuzzing test case #33 (50 total, 0 crashes saved, state: in progress, mode=explore, perf_score=172, weight=9, favorite=1, was_fuzzed=1, exec_us=1223, hits=85, map=24, ascii=0, run_time=0:00:09:27)...[0m
[1;94m[*] [0mFuzzing test case #28 (50 total, 0 crashes saved, state: in progress, mode=explore, perf_score=172, weight=101, favorite=1, was_fuzzed=1, exec_us=1219, hits=339, map=22, ascii=0, run_time=0:00:09:27)...[0m
[1;94m[*] [0mFuzzing test case #20 (50 total, 0 crashes saved, state: in progress, mode=explore, perf_score=114, weight=7, favorite=1, was_fuzzed=1, exec_us=1481, hits=123, map=26, ascii=0, run_time=0:00:09:28)...[0m
[1;94m[*] [0mFuzzing test case #16 (50 total, 0 crashes saved, state: in progress, mode=explore, perf_score=114, weight=15, favorite=1, was_fuzzed=1, exec_us=1304, hits=331, map=24, ascii=0, run_time=0:00:09:35)...[0m
[1;94m[*] [0mFuzzing test case #28 (50 total, 0 crashes saved, state: in progress, mode=explore, perf_score=172, weight=101, favorite=1, was_fuzzed=1, exec_us=1219, hits=349, map=22, ascii=0, run_time=0:00:09:36)...[0m
[1;94m[*] [0mFuzzing test case #21 (50 total, 0 crashes saved, state: in progress, mode=explore, perf_score=114, weight=8, favorite=1, was_fuzzed=1, exec_us=1437, hits=196, map=26, ascii=0, run_time=0:00:09:36)...[0m
[1;94m[*] [0mFuzzing test case #28 (50 total, 0 crashes saved, state: in progress, mode=explore, perf_score=172, weight=101, favorite=1, was_fuzzed=1, exec_us=1219, hits=364, map=22, ascii=0, run_time=0:00:09:37)...[0m
[1;94m[*] [0mFuzzing test case #28 (50 total, 0 crashes saved, state: in progress, mode=explore, perf_score=172, weight=101, favorite=1, was_fuzzed=1, exec_us=1219, hits=377, map=22, ascii=0, run_time=0:00:09:37)...[0m
[1;94m[*] [0mFuzzing test case #28 (50 total, 0 crashes saved, state: in progress, mode=explore, perf_score=172, weight=101, favorite=1, was_fuzzed=1, exec_us=1219, hits=384, map=22, ascii=0, run_time=0:00:09:38)...[0m
[1;94m[*] [0mFuzzing test case #28 (50 total, 0 crashes saved, state: in progress, mode=explore, perf_score=172, weight=101, favorite=1, was_fuzzed=1, exec_us=1219, hits=400, map=22, ascii=0, run_time=0:00:09:38)...[0m
[1;94m[*] [0mFuzzing test case #33 (50 total, 0 crashes saved, state: in progress, mode=explore, perf_score=172, weight=9, favorite=1, was_fuzzed=1, exec_us=1223, hits=122, map=24, ascii=0, run_time=0:00:09:39)...[0m
[1;94m[*] [0mFuzzing test case #16 (50 total, 0 crashes saved, state: in progress, mode=explore, perf_score=114, weight=15, favorite=1, was_fuzzed=1, exec_us=1304, hits=340, map=24, ascii=0, run_time=0:00:09:49)...[0m
[1;94m[*] [0mFuzzing test case #28 (50 total, 0 crashes saved, state: in progress, mode=explore, perf_score=172, weight=101, favorite=1, was_fuzzed=1, exec_us=1219, hits=404, map=22, ascii=0, run_time=0:00:09:50)...[0m
[1;94m[*] [0mFuzzing test case #50 (51 total, 0 crashes saved, state: in progress, mode=explore, perf_score=0, weight=0, favorite=1, was_fuzzed=0, exec_us=1169, hits=1, map=29, ascii=0, run_time=0:00:09:50)...[0m
[1;94m[*] [0mFuzzing test case #28 (51 total, 0 crashes saved, state: in progress, mode=explore, perf_score=172, weight=91, favorite=1, was_fuzzed=1, exec_us=1219, hits=409, map=22, ascii=0, run_time=0:00:09:50)...[0m
[1;94m[*] [0mFuzzing test case #28 (51 total, 0 crashes saved, state: in progress, mode=explore, perf_score=172, weight=90, favorite=1, was_fuzzed=1, exec_us=1219, hits=419, map=22, ascii=0, run_time=0:00:09:51)...[0m
[1;94m[*] [0mFuzzing test case #50 (51 total, 0 crashes saved, state: in progress, mode=explore, perf_score=690, weight=28, favorite=1, was_fuzzed=1, exec_us=1169, hits=1, map=29, ascii=0, run_time=0:00:09:51)...[0m
[1;94m[*] [0mFuzzing test case #53 (57 total, 0 crashes saved, state: in progress, mode=explore, perf_score=0, weight=0, favorite=1, was_fuzzed=0, exec_us=1153, hits=1, map=30, ascii=0, run_time=0:00:09:56)...[0m
[1;94m[*] [0mFuzzing test case #54 (57 total, 0 crashes saved, state: in progress, mode=explore, perf_score=400, weight=52, favorite=1, was_fuzzed=0, exec_us=1234, hits=1, map=31, ascii=0, run_time=0:00:09:56)...[0m
[?25h[1;91m

+++ Testing aborted programmatically +++
[0m[1;94m[*] [0mStatistics: 58 new corpus items found, 50.67% coverage achieved, 1 crashes saved, 0 timeouts saved, total runtime 0 days, 0 hrs, 10 min, 3 sec[0m
[1;92m[+] [0mWe're done here. Have a nice day!
[0m
