JOB timestamp: Mon Dec 18 15:33:47 MST 2023
JOB ID: 121746
Array Task ID: 42
Current directory: /lfs/koff9454.ui/projects/plc_runtime_fuzzer/code_analysis/src
r5i7n5
gcc (Spack GCC) 12.1.0
Copyright (C) 2022 Free Software Foundation, Inc.
This is free software; see the source for copying conditions.  There is NO
warranty; not even for MERCHANTABILITY or FITNESS FOR A PARTICULAR PURPOSE.

Python 3.11.5
/lfs/koff9454.ui/miniconda3/envs/plc/bin/python
matiec version 0.1
changeset id: 
Number of programs: 11
Programs: complex_1 complex_10 complex_2 complex_3 complex_4 complex_5 complex_6 complex_7 complex_8 complex_9 runs
Fuzzing program: complex_9, Job ID: 42
input dir exist, skipping
harness file exist, skipping
Running the fuzzers
Workdir: "/lfs/koff9454.ui/projects/plc_runtime_fuzzer/code_analysis/src/programs/complex/complex_9/runs/run-42"
Out dir at "fuzzer-outdir" already exists.
Let's fuzz :)
[Stats #0] run time: 0h-0m-0s, clients: 1, corpus: 0, objectives: 0, executions: 0, exec/sec: 0.000
[Testcase #0] run time: 0h-0m-0s, clients: 1, corpus: 1, objectives: 0, executions: 1, exec/sec: 0.000
We imported 1 inputs from disk.
[Stats #0] run time: 0h-0m-0s, clients: 1, corpus: 1, objectives: 0, executions: 1, exec/sec: 0.000
[Testcase #0] run time: 0h-0m-0s, clients: 1, corpus: 2, objectives: 0, executions: 183, exec/sec: 0.000
[Stats #0] run time: 0h-0m-0s, clients: 1, corpus: 2, objectives: 0, executions: 183, exec/sec: 0.000
[Testcase #0] run time: 0h-0m-0s, clients: 1, corpus: 3, objectives: 0, executions: 421, exec/sec: 0.000
[Objective #0] run time: 0h-0m-0s, clients: 1, corpus: 3, objectives: 1, executions: 421, exec/sec: 0.000
Crash limit reached: 1
[1;92m[+] [0mEnabled environment variable AFL_BENCH_UNTIL_CRASH with value 1[0m
[1;92m[+] [0mEnabled environment variable AFL_IGNORE_SEED_PROBLEMS with value 1[0m
[1;92m[+] [0mEnabled environment variable AFL_I_DONT_CARE_ABOUT_MISSING_CRASHES with value 1[0m
[1;92m[+] [0mEnabled environment variable AFL_SKIP_CPUFREQ with value 1[0m
[1;92m[+] [0mEnabled environment variable AFL_TRY_AFFINITY with value 1[0m
[1;93m[!] [1;97mWARNING: [0mPotentially mistyped AFL environment variable: USE_PCM_DB=2, did you mean AFL_USE_PCM_DB=2?[0m
[0;36mafl-fuzz++4.09a[0m based on afl by Michal Zalewski and a large online community
[1;92m[+] [0mAFL++ is maintained by Marc "van Hauser" Heuse, Dominik Maier, Andrea Fioraldi and Heiko "hexcoder" Eißfeldt[0m
[1;92m[+] [0mAFL++ is open source, get it at https://github.com/AFLplusplus/AFLplusplus[0m
[1;92m[+] [0mNOTE: AFL++ >= v3 has changed defaults and behaviours - see README.md[0m
[1;92m[+] [0mNo -M/-S set, autoconfiguring for "-S default"[0m
[1;94m[*] [0mGetting to work...[0m
[1;92m[+] [0mUsing exponential power schedule (FAST)[0m
[1;92m[+] [0mEnabled testcache with 50 MB[0m
[1;92m[+] [0mGenerating fuzz data with a length of min=1 max=1048576[0m
[1;94m[*] [0mChecking core_pattern...[0m

[1;91m[-] [0mHmm, your system is configured to send core dump notifications to an
    external utility. This will cause issues: there will be an extended delay
    between stumbling upon a crash and having this information relayed to the
    fuzzer via the standard waitpid() API.
    If you're just testing, set 'AFL_I_DONT_CARE_ABOUT_MISSING_CRASHES=1'.

    To avoid having crashes misinterpreted as timeouts, please log in as root
    and temporarily modify /proc/sys/kernel/core_pattern, like so:

    echo core >/proc/sys/kernel/core_pattern
[1;92m[+] [0mLooks like we're not running on a tty, so I'll be a bit less verbose.[0m
[1;92m[+] [0mYou have 36 CPU cores and 1 runnable tasks (utilization: 3%).[0m
[1;92m[+] [0mTry parallel jobs - see /usr/local/share/doc/afl/fuzzing_in_depth.md#c-using-multiple-cores[0m
[1;94m[*] [0mSetting up output directories...[0m
[1;94m[*] [0mChecking CPU core loadout...[0m
[1;92m[+] [0mFound a free CPU core, try binding to #0.[0m
[1;94m[*] [0mScanning 'afl-indir'...[0m
[1;92m[+] [0mLoaded a total of 1 seeds.[0m
[1;94m[*] [0mCreating hard links for all input files...[0m
[1;94m[*] [0mValidating target binary...[0m
[1;94m[*] [0mSpinning up the fork server...[0m
[1;92m[+] [0mAll right - fork server is up.[0m
[1;94m[*] [0mTarget map size: 79[0m
[1;94m[*] [0mNo auto-generated dictionary tokens to reuse.[0m
[1;94m[*] [0mLoading extra dictionary from 'afl-inputs.dict' (level 0)...[0m
[1;94m[*] [0mLoaded 30 extra tokens, size range 3 B to 6 B.[0m
[1;92m[+] [0mLoaded a total of 6 extras.[0m
[1;94m[*] [0mAttempting dry run with 'id:000000,time:0,execs:0,orig:testcase.txt'...[0m
[1;90m    len = 3, map size = 16, exec speed = 3926 us, hash = 9b5dbcbc67c9bd6d
[0m[1;92m[+] [0mAll test cases processed.[0m
[1;92m[+] [0mHere are some useful stats:

[1;90m    Test case count : [0m1 favored, 0 variable, 0 ignored, 1 total
[1;90m       Bitmap range : [0m16 to 16 bits (average: 16.00 bits)
[1;90m        Exec timing : [0m3926 to 3926 us (average: 3926 us)
[0m
[1;94m[*] [0mNo -t option specified, so I'll use an exec timeout of 20 ms.[0m
[1;92m[+] [0mAll set and ready to roll![0m
[1;94m[*] [0mEntering queue cycle 1.[0m
[1;94m[*] [0mFuzzing test case #0 (1 total, 0 crashes saved, state: started :-), mode=explore, perf_score=0, weight=0, favorite=1, was_fuzzed=0, exec_us=3926, hits=0, map=16, ascii=0, run_time=0:00:00:00)...[0m
[1;92m[+] [0mEnabled environment variable AFL_BENCH_UNTIL_CRASH with value 1[0m
[1;92m[+] [0mEnabled environment variable AFL_IGNORE_SEED_PROBLEMS with value 1[0m
[1;92m[+] [0mEnabled environment variable AFL_I_DONT_CARE_ABOUT_MISSING_CRASHES with value 1[0m
[1;92m[+] [0mEnabled environment variable AFL_SKIP_CPUFREQ with value 1[0m
[1;92m[+] [0mEnabled environment variable AFL_TRY_AFFINITY with value 1[0m
[1;93m[!] [1;97mWARNING: [0mPotentially mistyped AFL environment variable: USE_PCM_DB=2, did you mean AFL_USE_PCM_DB=2?[0m
[0;36mafl-fuzz++4.09a[0m based on afl by Michal Zalewski and a large online community
[1;92m[+] [0mAFL++ is maintained by Marc "van Hauser" Heuse, Dominik Maier, Andrea Fioraldi and Heiko "hexcoder" Eißfeldt[0m
[1;92m[+] [0mAFL++ is open source, get it at https://github.com/AFLplusplus/AFLplusplus[0m
[1;92m[+] [0mNOTE: AFL++ >= v3 has changed defaults and behaviours - see README.md[0m
[1;92m[+] [0mNo -M/-S set, autoconfiguring for "-S default"[0m
[1;94m[*] [0mGetting to work...[0m
[1;92m[+] [0mUsing exponential power schedule (FAST)[0m
[1;92m[+] [0mEnabled testcache with 50 MB[0m
[1;92m[+] [0mGenerating fuzz data with a length of min=1 max=1048576[0m
[1;94m[*] [0mChecking core_pattern...[0m

[1;91m[-] [0mHmm, your system is configured to send core dump notifications to an
    external utility. This will cause issues: there will be an extended delay
    between stumbling upon a crash and having this information relayed to the
    fuzzer via the standard waitpid() API.
    If you're just testing, set 'AFL_I_DONT_CARE_ABOUT_MISSING_CRASHES=1'.

    To avoid having crashes misinterpreted as timeouts, please log in as root
    and temporarily modify /proc/sys/kernel/core_pattern, like so:

    echo core >/proc/sys/kernel/core_pattern
[1;92m[+] [0mLooks like we're not running on a tty, so I'll be a bit less verbose.[0m
[1;92m[+] [0mYou have 36 CPU cores and 1 runnable tasks (utilization: 3%).[0m
[1;92m[+] [0mTry parallel jobs - see /usr/local/share/doc/afl/fuzzing_in_depth.md#c-using-multiple-cores[0m
[1;94m[*] [0mSetting up output directories...[0m
[1;94m[*] [0mChecking CPU core loadout...[0m
[1;92m[+] [0mFound a free CPU core, try binding to #1.[0m
[1;94m[*] [0mScanning 'our-indir'...[0m
[1;92m[+] [0mLoaded a total of 1 seeds.[0m
[1;94m[*] [0mCreating hard links for all input files...[0m
[1;94m[*] [0mValidating target binary...[0m
[1;94m[*] [0mSpinning up the fork server...[0m
[1;92m[+] [0mAll right - fork server is up.[0m
[1;94m[*] [0mTarget map size: 79[0m
[1;94m[*] [0mNo auto-generated dictionary tokens to reuse.[0m
[1;94m[*] [0mLoading extra dictionary from 'our-inputs.dict' (level 0)...[0m
[1;94m[*] [0mLoaded 30 extra tokens, size range 3 B to 6 B.[0m
[1;92m[+] [0mLoaded a total of 6 extras.[0m
[1;94m[*] [0mAttempting dry run with 'id:000000,time:0,execs:0,orig:variables.txt'...[0m
[1;90m    len = 130, map size = 19, exec speed = 7587 us, hash = 1262679b0675451e
[0m[1;92m[+] [0mAll test cases processed.[0m
[1;92m[+] [0mHere are some useful stats:

[1;90m    Test case count : [0m1 favored, 0 variable, 0 ignored, 1 total
[1;90m       Bitmap range : [0m19 to 19 bits (average: 19.00 bits)
[1;90m        Exec timing : [0m7587 to 7587 us (average: 7587 us)
[0m
[1;94m[*] [0mNo -t option specified, so I'll use an exec timeout of 40 ms.[0m
[1;92m[+] [0mAll set and ready to roll![0m
[1;94m[*] [0mEntering queue cycle 1.[0m
[1;94m[*] [0mFuzzing test case #0 (1 total, 0 crashes saved, state: started :-), mode=explore, perf_score=0, weight=0, favorite=1, was_fuzzed=0, exec_us=7587, hits=0, map=19, ascii=0, run_time=0:00:00:00)...[0m
[1;94m[*] [0mFuzzing test case #1 (2 total, 0 crashes saved, state: started :-), mode=explore, perf_score=0, weight=0, favorite=1, was_fuzzed=0, exec_us=4498, hits=2, map=17, ascii=0, run_time=0:00:00:00)...[0m
[1;94m[*] [0mFuzzing test case #0 (2 total, 0 crashes saved, state: started :-), mode=explore, perf_score=459, weight=15, favorite=1, was_fuzzed=1, exec_us=3926, hits=0, map=16, ascii=0, run_time=0:00:00:00)...[0m
[?25h[1;91m

+++ Testing aborted programmatically +++
[0m[1;94m[*] [0mStatistics: 13 new corpus items found, 29.11% coverage achieved, 1 crashes saved, 0 timeouts saved, total runtime 0 days, 0 hrs, 0 min, 6 sec[0m
[1;92m[+] [0mWe're done here. Have a nice day!
[0m
[1;94m[*] [0mFuzzing test case #2 (10 total, 0 crashes saved, state: started :-), mode=explore, perf_score=0, weight=0, favorite=1, was_fuzzed=0, exec_us=3735, hits=21, map=16, ascii=0, run_time=0:00:01:08)...[0m
[1;94m[*] [0mFuzzing test case #2 (10 total, 0 crashes saved, state: started :-), mode=explore, perf_score=229, weight=18, favorite=1, was_fuzzed=1, exec_us=3735, hits=21, map=16, ascii=0, run_time=0:00:01:08)...[0m
[1;94m[*] [0mFuzzing test case #13 (17 total, 0 crashes saved, state: started :-), mode=explore, perf_score=0, weight=0, favorite=1, was_fuzzed=0, exec_us=1556, hits=9, map=16, ascii=0, run_time=0:00:01:38)...[0m
[1;94m[*] [0mFuzzing test case #16 (17 total, 0 crashes saved, state: started :-), mode=explore, perf_score=100, weight=33, favorite=1, was_fuzzed=0, exec_us=1532, hits=4, map=18, ascii=0, run_time=0:00:01:38)...[0m
[1;94m[*] [0mFuzzing test case #15 (17 total, 0 crashes saved, state: started :-), mode=explore, perf_score=100, weight=17, favorite=1, was_fuzzed=0, exec_us=1481, hits=5, map=16, ascii=0, run_time=0:00:01:39)...[0m
[1;94m[*] [0mFuzzing test case #14 (18 total, 0 crashes saved, state: started :-), mode=explore, perf_score=100, weight=15, favorite=1, was_fuzzed=0, exec_us=1513, hits=8, map=16, ascii=0, run_time=0:00:01:39)...[0m
[1;94m[*] [0mFuzzing test case #0 (18 total, 0 crashes saved, state: started :-), mode=explore, perf_score=345, weight=5, favorite=1, was_fuzzed=1, exec_us=3926, hits=0, map=16, ascii=0, run_time=0:00:01:40)...[0m
[1;94m[*] [0mFuzzing test case #13 (18 total, 0 crashes saved, state: started :-), mode=explore, perf_score=345, weight=53, favorite=1, was_fuzzed=1, exec_us=1556, hits=9, map=16, ascii=0, run_time=0:00:01:40)...[0m
[1;94m[*] [0mFuzzing test case #2 (18 total, 0 crashes saved, state: started :-), mode=explore, perf_score=86, weight=1, favorite=1, was_fuzzed=1, exec_us=3735, hits=1700, map=16, ascii=0, run_time=0:00:02:00)...[0m
[1;94m[*] [0mFuzzing test case #13 (18 total, 0 crashes saved, state: started :-), mode=explore, perf_score=345, weight=53, favorite=1, was_fuzzed=1, exec_us=1556, hits=21, map=16, ascii=0, run_time=0:00:02:00)...[0m
[1;94m[*] [0mFuzzing test case #13 (18 total, 0 crashes saved, state: started :-), mode=explore, perf_score=345, weight=53, favorite=1, was_fuzzed=1, exec_us=1556, hits=55, map=16, ascii=0, run_time=0:00:02:02)...[0m
[1;94m[*] [0mFuzzing test case #13 (18 total, 0 crashes saved, state: started :-), mode=explore, perf_score=345, weight=53, favorite=1, was_fuzzed=1, exec_us=1556, hits=87, map=16, ascii=0, run_time=0:00:02:03)...[0m
[1;94m[*] [0mFuzzing test case #13 (18 total, 0 crashes saved, state: started :-), mode=explore, perf_score=345, weight=53, favorite=1, was_fuzzed=1, exec_us=1556, hits=113, map=16, ascii=0, run_time=0:00:02:17)...[0m
[1;94m[*] [0mFuzzing test case #13 (18 total, 0 crashes saved, state: started :-), mode=explore, perf_score=345, weight=53, favorite=1, was_fuzzed=1, exec_us=1556, hits=134, map=16, ascii=0, run_time=0:00:02:18)...[0m
[1;94m[*] [0mFuzzing test case #19 (20 total, 0 crashes saved, state: started :-), mode=explore, perf_score=0, weight=0, favorite=1, was_fuzzed=0, exec_us=1531, hits=1, map=19, ascii=0, run_time=0:00:02:20)...[0m
[1;94m[*] [0mFuzzing test case #13 (20 total, 0 crashes saved, state: started :-), mode=explore, perf_score=114, weight=32, favorite=1, was_fuzzed=1, exec_us=1556, hits=173, map=16, ascii=0, run_time=0:00:02:20)...[0m
[1;94m[*] [0mFuzzing test case #16 (20 total, 0 crashes saved, state: started :-), mode=explore, perf_score=114, weight=11, favorite=1, was_fuzzed=1, exec_us=1532, hits=35, map=18, ascii=0, run_time=0:00:02:21)...[0m
[1;94m[*] [0mFuzzing test case #13 (21 total, 0 crashes saved, state: started :-), mode=explore, perf_score=114, weight=33, favorite=1, was_fuzzed=1, exec_us=1556, hits=184, map=16, ascii=0, run_time=0:00:02:33)...[0m
[1;94m[*] [0mFuzzing test case #13 (21 total, 0 crashes saved, state: started :-), mode=explore, perf_score=114, weight=33, favorite=1, was_fuzzed=1, exec_us=1556, hits=191, map=16, ascii=0, run_time=0:00:02:34)...[0m
[1;94m[*] [0mFuzzing test case #15 (21 total, 0 crashes saved, state: started :-), mode=explore, perf_score=229, weight=6, favorite=1, was_fuzzed=1, exec_us=1481, hits=20, map=16, ascii=0, run_time=0:00:02:34)...[0m
[1;94m[*] [0mFuzzing test case #13 (21 total, 0 crashes saved, state: started :-), mode=explore, perf_score=114, weight=33, favorite=1, was_fuzzed=1, exec_us=1556, hits=198, map=16, ascii=0, run_time=0:00:02:35)...[0m
[1;94m[*] [0mFuzzing test case #0 (21 total, 0 crashes saved, state: started :-), mode=explore, perf_score=345, weight=5, favorite=1, was_fuzzed=1, exec_us=3926, hits=0, map=16, ascii=0, run_time=0:00:02:36)...[0m
[1;94m[*] [0mFuzzing test case #0 (21 total, 0 crashes saved, state: started :-), mode=explore, perf_score=345, weight=5, favorite=1, was_fuzzed=1, exec_us=3926, hits=0, map=16, ascii=0, run_time=0:00:02:36)...[0m
[1;94m[*] [0mFuzzing test case #19 (21 total, 0 crashes saved, state: started :-), mode=explore, perf_score=690, weight=8, favorite=1, was_fuzzed=1, exec_us=1531, hits=13, map=19, ascii=0, run_time=0:00:02:37)...[0m
[1;94m[*] [0mFuzzing test case #24 (31 total, 0 crashes saved, state: started :-), mode=explore, perf_score=0, weight=0, favorite=1, was_fuzzed=0, exec_us=1584, hits=8, map=22, ascii=0, run_time=0:00:03:30)...[0m
[1;94m[*] [0mFuzzing test case #29 (31 total, 0 crashes saved, state: started :-), mode=explore, perf_score=200, weight=30, favorite=1, was_fuzzed=0, exec_us=1575, hits=1, map=21, ascii=0, run_time=0:00:03:30)...[0m
[1;94m[*] [0mFuzzing test case #15 (33 total, 0 crashes saved, state: started :-), mode=explore, perf_score=229, weight=6, favorite=1, was_fuzzed=1, exec_us=1481, hits=24, map=16, ascii=0, run_time=0:00:03:32)...[0m
[1;94m[*] [0mFuzzing test case #16 (37 total, 0 crashes saved, state: started :-), mode=explore, perf_score=114, weight=12, favorite=1, was_fuzzed=1, exec_us=1532, hits=75, map=18, ascii=0, run_time=0:00:03:33)...[0m
[1;94m[*] [0mFuzzing test case #15 (37 total, 0 crashes saved, state: started :-), mode=explore, perf_score=229, weight=6, favorite=1, was_fuzzed=1, exec_us=1481, hits=30, map=16, ascii=0, run_time=0:00:03:34)...[0m
[1;94m[*] [0mFuzzing test case #13 (37 total, 0 crashes saved, state: started :-), mode=explore, perf_score=114, weight=42, favorite=1, was_fuzzed=1, exec_us=1556, hits=218, map=16, ascii=0, run_time=0:00:03:44)...[0m
[1;94m[*] [0mFuzzing test case #13 (37 total, 0 crashes saved, state: started :-), mode=explore, perf_score=114, weight=42, favorite=1, was_fuzzed=1, exec_us=1556, hits=228, map=16, ascii=0, run_time=0:00:03:45)...[0m
[1;94m[*] [0mFuzzing test case #16 (37 total, 0 crashes saved, state: started :-), mode=explore, perf_score=114, weight=12, favorite=1, was_fuzzed=1, exec_us=1532, hits=101, map=18, ascii=0, run_time=0:00:03:45)...[0m
[1;94m[*] [0mFuzzing test case #13 (37 total, 0 crashes saved, state: started :-), mode=explore, perf_score=114, weight=42, favorite=1, was_fuzzed=1, exec_us=1556, hits=233, map=16, ascii=0, run_time=0:00:03:46)...[0m
[1;94m[*] [0mFuzzing test case #24 (37 total, 0 crashes saved, state: started :-), mode=explore, perf_score=690, weight=8, favorite=1, was_fuzzed=1, exec_us=1584, hits=9, map=22, ascii=0, run_time=0:00:03:46)...[0m
[1;94m[*] [0mFuzzing test case #16 (37 total, 0 crashes saved, state: started :-), mode=explore, perf_score=114, weight=12, favorite=1, was_fuzzed=1, exec_us=1532, hits=114, map=18, ascii=0, run_time=0:00:03:49)...[0m
[1;94m[*] [0mFuzzing test case #13 (37 total, 0 crashes saved, state: started :-), mode=explore, perf_score=114, weight=42, favorite=1, was_fuzzed=1, exec_us=1556, hits=244, map=16, ascii=0, run_time=0:00:03:50)...[0m
[1;94m[*] [0mFuzzing test case #13 (38 total, 0 crashes saved, state: started :-), mode=explore, perf_score=114, weight=43, favorite=1, was_fuzzed=1, exec_us=1556, hits=245, map=16, ascii=0, run_time=0:00:03:50)...[0m
[1;94m[*] [0mFuzzing test case #13 (38 total, 0 crashes saved, state: started :-), mode=explore, perf_score=114, weight=43, favorite=1, was_fuzzed=1, exec_us=1556, hits=246, map=16, ascii=0, run_time=0:00:03:51)...[0m
[1;94m[*] [0mFuzzing test case #16 (38 total, 0 crashes saved, state: started :-), mode=explore, perf_score=114, weight=11, favorite=1, was_fuzzed=1, exec_us=1532, hits=120, map=18, ascii=0, run_time=0:00:03:51)...[0m
[1;94m[*] [0mFuzzing test case #14 (38 total, 0 crashes saved, state: started :-), mode=explore, perf_score=114, weight=5, favorite=1, was_fuzzed=1, exec_us=1513, hits=96, map=16, ascii=0, run_time=0:00:03:58)...[0m
[1;94m[*] [0mFuzzing test case #13 (38 total, 0 crashes saved, state: started :-), mode=explore, perf_score=114, weight=43, favorite=1, was_fuzzed=1, exec_us=1556, hits=248, map=16, ascii=0, run_time=0:00:03:58)...[0m
[1;94m[*] [0mFuzzing test case #24 (38 total, 0 crashes saved, state: started :-), mode=explore, perf_score=229, weight=5, favorite=1, was_fuzzed=1, exec_us=1584, hits=192, map=22, ascii=0, run_time=0:00:03:59)...[0m
[1;94m[*] [0mFuzzing test case #38 (39 total, 0 crashes saved, state: started :-), mode=explore, perf_score=0, weight=0, favorite=1, was_fuzzed=0, exec_us=1438, hits=1, map=21, ascii=0, run_time=0:00:04:00)...[0m
[1;94m[*] [0mFuzzing test case #16 (39 total, 0 crashes saved, state: started :-), mode=explore, perf_score=114, weight=11, favorite=1, was_fuzzed=1, exec_us=1532, hits=130, map=18, ascii=0, run_time=0:00:04:00)...[0m
[1;94m[*] [0mEntering queue cycle 2.[0m
[1;94m[*] [0mFuzzing test case #13 (39 total, 0 crashes saved, state: started :-), mode=explore, perf_score=114, weight=42, favorite=1, was_fuzzed=1, exec_us=1556, hits=248, map=16, ascii=0, run_time=0:00:04:00)...[0m
[1;94m[*] [0mFuzzing test case #0 (40 total, 0 crashes saved, state: started :-), mode=explore, perf_score=345, weight=6, favorite=1, was_fuzzed=1, exec_us=3926, hits=0, map=16, ascii=0, run_time=0:00:04:01)...[0m
[1;94m[*] [0mFuzzing test case #13 (40 total, 0 crashes saved, state: started :-), mode=explore, perf_score=114, weight=42, favorite=1, was_fuzzed=1, exec_us=1556, hits=252, map=16, ascii=0, run_time=0:00:04:01)...[0m
[1;94m[*] [0mFuzzing test case #13 (41 total, 0 crashes saved, state: started :-), mode=explore, perf_score=114, weight=43, favorite=1, was_fuzzed=1, exec_us=1556, hits=257, map=16, ascii=0, run_time=0:00:04:02)...[0m
[1;94m[*] [0mFuzzing test case #13 (41 total, 0 crashes saved, state: started :-), mode=explore, perf_score=114, weight=43, favorite=1, was_fuzzed=1, exec_us=1556, hits=268, map=16, ascii=0, run_time=0:00:04:10)...[0m
[1;94m[*] [0mFuzzing test case #13 (41 total, 0 crashes saved, state: started :-), mode=explore, perf_score=114, weight=43, favorite=1, was_fuzzed=1, exec_us=1556, hits=270, map=16, ascii=0, run_time=0:00:04:10)...[0m
[1;94m[*] [0mFuzzing test case #41 (42 total, 0 crashes saved, state: started :-), mode=explore, perf_score=0, weight=0, favorite=1, was_fuzzed=0, exec_us=1506, hits=1, map=22, ascii=0, run_time=0:00:04:11)...[0m
[1;94m[*] [0mFuzzing test case #13 (42 total, 0 crashes saved, state: started :-), mode=explore, perf_score=114, weight=42, favorite=1, was_fuzzed=1, exec_us=1556, hits=282, map=16, ascii=0, run_time=0:00:04:11)...[0m
[1;94m[*] [0mFuzzing test case #13 (42 total, 0 crashes saved, state: started :-), mode=explore, perf_score=114, weight=42, favorite=1, was_fuzzed=1, exec_us=1556, hits=287, map=16, ascii=0, run_time=0:00:04:11)...[0m
[1;94m[*] [0mFuzzing test case #13 (42 total, 0 crashes saved, state: started :-), mode=explore, perf_score=114, weight=42, favorite=1, was_fuzzed=1, exec_us=1556, hits=295, map=16, ascii=0, run_time=0:00:04:12)...[0m
[1;94m[*] [0mFuzzing test case #41 (42 total, 0 crashes saved, state: started :-), mode=explore, perf_score=919, weight=17, favorite=1, was_fuzzed=1, exec_us=1506, hits=2, map=22, ascii=0, run_time=0:00:04:12)...[0m
[1;94m[*] [0mFuzzing test case #25 (45 total, 0 crashes saved, state: started :-), mode=explore, perf_score=200, weight=1, favorite=0, was_fuzzed=0, exec_us=1582, hits=73, map=19, ascii=0, run_time=0:00:04:25)...[0m
[1;94m[*] [0mFuzzing test case #45 (46 total, 0 crashes saved, state: started :-), mode=explore, perf_score=0, weight=0, favorite=1, was_fuzzed=0, exec_us=1541, hits=1, map=23, ascii=0, run_time=0:00:04:26)...[0m
[1;94m[*] [0mFuzzing test case #13 (46 total, 0 crashes saved, state: started :-), mode=explore, perf_score=114, weight=43, favorite=1, was_fuzzed=1, exec_us=1556, hits=300, map=16, ascii=0, run_time=0:00:04:26)...[0m
[1;94m[*] [0mFuzzing test case #24 (46 total, 0 crashes saved, state: started :-), mode=explore, perf_score=229, weight=5, favorite=1, was_fuzzed=1, exec_us=1584, hits=214, map=22, ascii=0, run_time=0:00:04:27)...[0m
[1;94m[*] [0mFuzzing test case #13 (46 total, 0 crashes saved, state: started :-), mode=explore, perf_score=114, weight=43, favorite=1, was_fuzzed=1, exec_us=1556, hits=302, map=16, ascii=0, run_time=0:00:04:28)...[0m
[1;94m[*] [0mFuzzing test case #13 (46 total, 0 crashes saved, state: started :-), mode=explore, perf_score=114, weight=43, favorite=1, was_fuzzed=1, exec_us=1556, hits=307, map=16, ascii=0, run_time=0:00:04:29)...[0m
[1;94m[*] [0mFuzzing test case #15 (46 total, 0 crashes saved, state: started :-), mode=explore, perf_score=114, weight=6, favorite=1, was_fuzzed=1, exec_us=1481, hits=34, map=16, ascii=0, run_time=0:00:04:29)...[0m
[1;94m[*] [0mFuzzing test case #45 (46 total, 0 crashes saved, state: started :-), mode=explore, perf_score=919, weight=17, favorite=1, was_fuzzed=1, exec_us=1541, hits=1, map=23, ascii=0, run_time=0:00:04:30)...[0m
[1;94m[*] [0mFuzzing test case #46 (52 total, 0 crashes saved, state: in progress, mode=explore, perf_score=0, weight=0, favorite=1, was_fuzzed=0, exec_us=1506, hits=7, map=22, ascii=0, run_time=0:00:05:02)...[0m
[1;94m[*] [0mFuzzing test case #50 (52 total, 0 crashes saved, state: in progress, mode=explore, perf_score=400, weight=52, favorite=1, was_fuzzed=0, exec_us=1481, hits=1, map=22, ascii=0, run_time=0:00:05:02)...[0m
[1;94m[*] [0mFuzzing test case #13 (53 total, 0 crashes saved, state: in progress, mode=explore, perf_score=114, weight=40, favorite=1, was_fuzzed=1, exec_us=1556, hits=311, map=16, ascii=0, run_time=0:00:05:04)...[0m
[1;94m[*] [0mFuzzing test case #16 (53 total, 0 crashes saved, state: in progress, mode=explore, perf_score=114, weight=10, favorite=1, was_fuzzed=1, exec_us=1532, hits=160, map=18, ascii=0, run_time=0:00:05:04)...[0m
[1;94m[*] [0mFuzzing test case #16 (53 total, 0 crashes saved, state: in progress, mode=explore, perf_score=114, weight=10, favorite=1, was_fuzzed=1, exec_us=1532, hits=197, map=18, ascii=0, run_time=0:00:05:05)...[0m
[1;94m[*] [0mFuzzing test case #46 (53 total, 0 crashes saved, state: in progress, mode=explore, perf_score=690, weight=14, favorite=1, was_fuzzed=1, exec_us=1506, hits=9, map=22, ascii=0, run_time=0:00:05:05)...[0m
[1;94m[*] [0mFuzzing test case #38 (53 total, 0 crashes saved, state: in progress, mode=explore, perf_score=690, weight=9, favorite=1, was_fuzzed=1, exec_us=1438, hits=9, map=21, ascii=0, run_time=0:00:05:10)...[0m
[?25h[1;91m

+++ Testing aborted programmatically +++
[0m[1;94m[*] [0mStatistics: 53 new corpus items found, 44.30% coverage achieved, 1 crashes saved, 0 timeouts saved, total runtime 0 days, 0 hrs, 5 min, 13 sec[0m
[1;92m[+] [0mWe're done here. Have a nice day!
[0m
