JOB timestamp: Mon Dec 18 15:28:05 MST 2023
JOB ID: 121612
Array Task ID: 1
Current directory: /lfs/koff9454.ui/projects/plc_runtime_fuzzer/code_analysis/src
r2i1n4
gcc (Spack GCC) 12.1.0
Copyright (C) 2022 Free Software Foundation, Inc.
This is free software; see the source for copying conditions.  There is NO
warranty; not even for MERCHANTABILITY or FITNESS FOR A PARTICULAR PURPOSE.

Python 3.11.5
/lfs/koff9454.ui/miniconda3/envs/plc/bin/python
matiec version 0.1
changeset id: 
Number of programs: 3
Programs: condition_1 condition_2 condition_3
Fuzzing program: condition_2, Job ID: 1
input dir exist, skipping
harness file exist, skipping
Running the fuzzers
Workdir: "/lfs/koff9454.ui/projects/plc_runtime_fuzzer/code_analysis/src/programs/condition/condition_2/runs/run-1"
Out dir at "fuzzer-outdir" already exists.
Let's fuzz :)
[Stats #0] run time: 0h-0m-0s, clients: 1, corpus: 0, objectives: 0, executions: 0, exec/sec: 0.000
[Testcase #0] run time: 0h-0m-0s, clients: 1, corpus: 1, objectives: 0, executions: 1, exec/sec: 0.000
We imported 1 inputs from disk.
[Objective #0] run time: 0h-0m-0s, clients: 1, corpus: 1, objectives: 1, executions: 1, exec/sec: 0.000
[Objective #0] run time: 0h-0m-0s, clients: 1, corpus: 1, objectives: 2, executions: 1, exec/sec: 0.000
[Objective #0] run time: 0h-0m-0s, clients: 1, corpus: 1, objectives: 3, executions: 1, exec/sec: 0.000
[Objective #0] run time: 0h-0m-0s, clients: 1, corpus: 1, objectives: 4, executions: 1, exec/sec: 0.000
[Objective #0] run time: 0h-0m-0s, clients: 1, corpus: 1, objectives: 5, executions: 1, exec/sec: 0.000
[Stats #0] run time: 0h-0m-0s, clients: 1, corpus: 1, objectives: 5, executions: 1, exec/sec: 0.000
[Testcase #0] run time: 0h-0m-0s, clients: 1, corpus: 2, objectives: 5, executions: 15, exec/sec: 0.000
[Objective #0] run time: 0h-0m-0s, clients: 1, corpus: 2, objectives: 6, executions: 15, exec/sec: 0.000
[Objective #0] run time: 0h-0m-0s, clients: 1, corpus: 2, objectives: 7, executions: 15, exec/sec: 0.000
[Objective #0] run time: 0h-0m-1s, clients: 1, corpus: 2, objectives: 8, executions: 15, exec/sec: 13.62
[Objective #0] run time: 0h-0m-1s, clients: 1, corpus: 2, objectives: 9, executions: 15, exec/sec: 12.13
[Objective #0] run time: 0h-0m-1s, clients: 1, corpus: 2, objectives: 10, executions: 15, exec/sec: 10.79
[Objective #0] run time: 0h-0m-1s, clients: 1, corpus: 2, objectives: 11, executions: 15, exec/sec: 9.804
[Objective #0] run time: 0h-0m-1s, clients: 1, corpus: 2, objectives: 12, executions: 15, exec/sec: 8.987
[Objective #0] run time: 0h-0m-1s, clients: 1, corpus: 2, objectives: 13, executions: 15, exec/sec: 8.298
[Objective #0] run time: 0h-0m-1s, clients: 1, corpus: 2, objectives: 14, executions: 15, exec/sec: 7.778
[1;92m[+] [0mEnabled environment variable AFL_BENCH_UNTIL_CRASH with value 1[0m
[1;92m[+] [0mEnabled environment variable AFL_IGNORE_SEED_PROBLEMS with value 1[0m
[1;92m[+] [0mEnabled environment variable AFL_I_DONT_CARE_ABOUT_MISSING_CRASHES with value 1[0m
[1;92m[+] [0mEnabled environment variable AFL_SKIP_CPUFREQ with value 1[0m
[1;92m[+] [0mEnabled environment variable AFL_TRY_AFFINITY with value 1[0m
[1;93m[!] [1;97mWARNING: [0mPotentially mistyped AFL environment variable: USE_PCM_DB=2, did you mean AFL_USE_PCM_DB=2?[0m
[0;36mafl-fuzz++4.09a[0m based on afl by Michal Zalewski and a large online community
[1;92m[+] [0mAFL++ is maintained by Marc "van Hauser" Heuse, Dominik Maier, Andrea Fioraldi and Heiko "hexcoder" Eißfeldt[0m
[1;92m[+] [0mAFL++ is open source, get it at https://github.com/AFLplusplus/AFLplusplus[0m
[1;92m[+] [0mNOTE: AFL++ >= v3 has changed defaults and behaviours - see README.md[0m
[1;92m[+] [0mNo -M/-S set, autoconfiguring for "-S default"[0m
[1;94m[*] [0mGetting to work...[0m
[1;92m[+] [0mUsing exponential power schedule (FAST)[0m
[1;92m[+] [0mEnabled testcache with 50 MB[0m
[1;92m[+] [0mGenerating fuzz data with a length of min=1 max=1048576[0m
[1;94m[*] [0mChecking core_pattern...[0m

[1;91m[-] [0mHmm, your system is configured to send core dump notifications to an
    external utility. This will cause issues: there will be an extended delay
    between stumbling upon a crash and having this information relayed to the
    fuzzer via the standard waitpid() API.
    If you're just testing, set 'AFL_I_DONT_CARE_ABOUT_MISSING_CRASHES=1'.

    To avoid having crashes misinterpreted as timeouts, please log in as root
    and temporarily modify /proc/sys/kernel/core_pattern, like so:

    echo core >/proc/sys/kernel/core_pattern
[1;92m[+] [0mLooks like we're not running on a tty, so I'll be a bit less verbose.[0m
[1;92m[+] [0mYou have 36 CPU cores and 12 runnable tasks (utilization: 33%).[0m
[1;92m[+] [0mTry parallel jobs - see /usr/local/share/doc/afl/fuzzing_in_depth.md#c-using-multiple-cores[0m
[1;94m[*] [0mSetting up output directories...[0m
[1;94m[*] [0mChecking CPU core loadout...[0m
[1;92m[+] [0mFound a free CPU core, try binding to #1.[0m
[1;94m[*] [0mScanning 'afl-indir'...[0m
[1;92m[+] [0mLoaded a total of 1 seeds.[0m
[1;94m[*] [0mCreating hard links for all input files...[0m
[1;94m[*] [0mValidating target binary...[0m
[1;94m[*] [0mSpinning up the fork server...[0m
[1;92m[+] [0mAll right - fork server is up.[0m
[1;94m[*] [0mTarget map size: 74[0m
[1;94m[*] [0mNo auto-generated dictionary tokens to reuse.[0m
[1;94m[*] [0mLoading extra dictionary from 'afl-inputs.dict' (level 0)...[0m
[1;94m[*] [0mLoaded 80 extra tokens, size range 4 B to 6 B.[0m
[1;92m[+] [0mLoaded a total of 6 extras.[0m
[1;94m[*] [0mAttempting dry run with 'id:000000,time:0,execs:0,orig:testcase.txt'...[0m
[1;90m    len = 3, map size = 19, exec speed = 5625 us, hash = ca589d48df9abc58
[0m[1;92m[+] [0mAll test cases processed.[0m
[1;92m[+] [0mHere are some useful stats:

[1;90m    Test case count : [0m1 favored, 0 variable, 0 ignored, 1 total
[1;90m       Bitmap range : [0m19 to 19 bits (average: 19.00 bits)
[1;90m        Exec timing : [0m5625 to 5625 us (average: 5625 us)
[0m
[1;94m[*] [0mNo -t option specified, so I'll use an exec timeout of 40 ms.[0m
[1;92m[+] [0mAll set and ready to roll![0m
[1;94m[*] [0mEntering queue cycle 1.[0m
[1;94m[*] [0mFuzzing test case #0 (1 total, 0 crashes saved, state: started :-), mode=explore, perf_score=0, weight=0, favorite=1, was_fuzzed=0, exec_us=5625, hits=0, map=19, ascii=0, run_time=0:00:00:00)...[0m
[1;92m[+] [0mEnabled environment variable AFL_BENCH_UNTIL_CRASH with value 1[0m
[1;92m[+] [0mEnabled environment variable AFL_IGNORE_SEED_PROBLEMS with value 1[0m
[1;92m[+] [0mEnabled environment variable AFL_I_DONT_CARE_ABOUT_MISSING_CRASHES with value 1[0m
[1;92m[+] [0mEnabled environment variable AFL_SKIP_CPUFREQ with value 1[0m
[1;92m[+] [0mEnabled environment variable AFL_TRY_AFFINITY with value 1[0m
[1;93m[!] [1;97mWARNING: [0mPotentially mistyped AFL environment variable: USE_PCM_DB=2, did you mean AFL_USE_PCM_DB=2?[0m
[0;36mafl-fuzz++4.09a[0m based on afl by Michal Zalewski and a large online community
[1;92m[+] [0mAFL++ is maintained by Marc "van Hauser" Heuse, Dominik Maier, Andrea Fioraldi and Heiko "hexcoder" Eißfeldt[0m
[1;92m[+] [0mAFL++ is open source, get it at https://github.com/AFLplusplus/AFLplusplus[0m
[1;92m[+] [0mNOTE: AFL++ >= v3 has changed defaults and behaviours - see README.md[0m
[1;92m[+] [0mNo -M/-S set, autoconfiguring for "-S default"[0m
[1;94m[*] [0mGetting to work...[0m
[1;92m[+] [0mUsing exponential power schedule (FAST)[0m
[1;92m[+] [0mEnabled testcache with 50 MB[0m
[1;92m[+] [0mGenerating fuzz data with a length of min=1 max=1048576[0m
[1;94m[*] [0mChecking core_pattern...[0m

[1;91m[-] [0mHmm, your system is configured to send core dump notifications to an
    external utility. This will cause issues: there will be an extended delay
    between stumbling upon a crash and having this information relayed to the
    fuzzer via the standard waitpid() API.
    If you're just testing, set 'AFL_I_DONT_CARE_ABOUT_MISSING_CRASHES=1'.

    To avoid having crashes misinterpreted as timeouts, please log in as root
    and temporarily modify /proc/sys/kernel/core_pattern, like so:

    echo core >/proc/sys/kernel/core_pattern
[1;92m[+] [0mLooks like we're not running on a tty, so I'll be a bit less verbose.[0m
[1;92m[+] [0mYou have 36 CPU cores and 4 runnable tasks (utilization: 11%).[0m
[1;92m[+] [0mTry parallel jobs - see /usr/local/share/doc/afl/fuzzing_in_depth.md#c-using-multiple-cores[0m
[1;94m[*] [0mSetting up output directories...[0m
[1;94m[*] [0mChecking CPU core loadout...[0m
[1;92m[+] [0mFound a free CPU core, try binding to #2.[0m
[1;94m[*] [0mScanning 'our-indir'...[0m
[1;92m[+] [0mLoaded a total of 1 seeds.[0m
[1;94m[*] [0mCreating hard links for all input files...[0m
[1;94m[*] [0mValidating target binary...[0m
[1;94m[*] [0mSpinning up the fork server...[0m
[1;92m[+] [0mAll right - fork server is up.[0m
[1;94m[*] [0mTarget map size: 74[0m
[1;94m[*] [0mNo auto-generated dictionary tokens to reuse.[0m
[1;94m[*] [0mLoading extra dictionary from 'our-inputs.dict' (level 0)...[0m
[1;94m[*] [0mLoaded 80 extra tokens, size range 4 B to 6 B.[0m
[1;92m[+] [0mLoaded a total of 6 extras.[0m
[1;94m[*] [0mAttempting dry run with 'id:000000,time:0,execs:0,orig:variables.txt'...[0m
[1;90m    len = 560, map size = 20, exec speed = 10306 us, hash = fe825d59491019c6
[0m[1;92m[+] [0mAll test cases processed.[0m
[1;93m[!] [1;97mWARNING: [0m[1;91mThe target binary is pretty slow! See /usr/local/share/doc/afl/fuzzing_in_depth.md#i-improve-the-speed[0m
[1;92m[+] [0mHere are some useful stats:

[1;90m    Test case count : [0m1 favored, 0 variable, 0 ignored, 1 total
[1;90m       Bitmap range : [0m20 to 20 bits (average: 20.00 bits)
[1;90m        Exec timing : [0m10.3k to 10.3k us (average: 10.3k us)
[0m
[1;94m[*] [0mNo -t option specified, so I'll use an exec timeout of 40 ms.[0m
[1;92m[+] [0mAll set and ready to roll![0m
[1;94m[*] [0mEntering queue cycle 1.[0m
[1;94m[*] [0mFuzzing test case #0 (1 total, 0 crashes saved, state: started :-), mode=explore, perf_score=0, weight=0, favorite=1, was_fuzzed=0, exec_us=10306, hits=0, map=20, ascii=0, run_time=0:00:00:00)...[0m
[Objective #0] run time: 0h-0m-2s, clients: 1, corpus: 2, objectives: 15, executions: 15, exec/sec: 7.208
[Objective #0] run time: 0h-0m-2s, clients: 1, corpus: 2, objectives: 16, executions: 15, exec/sec: 6.714
[1;94m[*] [0mFuzzing test case #2 (3 total, 0 crashes saved, state: started :-), mode=explore, perf_score=0, weight=0, favorite=1, was_fuzzed=0, exec_us=3799, hits=1, map=19, ascii=0, run_time=0:00:00:00)...[0m
[1;94m[*] [0mFuzzing test case #1 (3 total, 0 crashes saved, state: started :-), mode=explore, perf_score=100, weight=6, favorite=1, was_fuzzed=0, exec_us=5695, hits=4, map=20, ascii=0, run_time=0:00:00:00)...[0m
[Objective #0] run time: 0h-0m-2s, clients: 1, corpus: 2, objectives: 17, executions: 15, exec/sec: 6.287
[Objective #0] run time: 0h-0m-2s, clients: 1, corpus: 2, objectives: 18, executions: 15, exec/sec: 5.962
[Objective #0] run time: 0h-0m-2s, clients: 1, corpus: 2, objectives: 19, executions: 15, exec/sec: 5.634
[Objective #0] run time: 0h-0m-2s, clients: 1, corpus: 2, objectives: 20, executions: 15, exec/sec: 5.323
[Objective #0] run time: 0h-0m-2s, clients: 1, corpus: 2, objectives: 21, executions: 15, exec/sec: 5.092
[Objective #0] run time: 0h-0m-3s, clients: 1, corpus: 2, objectives: 22, executions: 15, exec/sec: 4.843
[Objective #0] run time: 0h-0m-3s, clients: 1, corpus: 2, objectives: 23, executions: 15, exec/sec: 4.657
[Objective #0] run time: 0h-0m-3s, clients: 1, corpus: 2, objectives: 24, executions: 15, exec/sec: 4.462
[Objective #0] run time: 0h-0m-3s, clients: 1, corpus: 2, objectives: 25, executions: 15, exec/sec: 4.289
[Objective #0] run time: 0h-0m-3s, clients: 1, corpus: 2, objectives: 26, executions: 15, exec/sec: 4.113
[Objective #0] run time: 0h-0m-3s, clients: 1, corpus: 2, objectives: 27, executions: 15, exec/sec: 3.965
[Objective #0] run time: 0h-0m-3s, clients: 1, corpus: 2, objectives: 28, executions: 15, exec/sec: 3.829
[Objective #0] run time: 0h-0m-4s, clients: 1, corpus: 2, objectives: 29, executions: 15, exec/sec: 3.705
[Objective #0] run time: 0h-0m-4s, clients: 1, corpus: 2, objectives: 30, executions: 15, exec/sec: 3.585
[Objective #0] run time: 0h-0m-4s, clients: 1, corpus: 2, objectives: 31, executions: 15, exec/sec: 3.472
[Objective #0] run time: 0h-0m-4s, clients: 1, corpus: 2, objectives: 32, executions: 15, exec/sec: 3.362
[Objective #0] run time: 0h-0m-4s, clients: 1, corpus: 2, objectives: 33, executions: 15, exec/sec: 3.267
[Objective #0] run time: 0h-0m-4s, clients: 1, corpus: 2, objectives: 34, executions: 15, exec/sec: 3.168
[Objective #0] run time: 0h-0m-4s, clients: 1, corpus: 2, objectives: 35, executions: 15, exec/sec: 3.078
[Objective #0] run time: 0h-0m-5s, clients: 1, corpus: 2, objectives: 36, executions: 15, exec/sec: 2.990
[Objective #0] run time: 0h-0m-5s, clients: 1, corpus: 2, objectives: 37, executions: 15, exec/sec: 2.902
[Objective #0] run time: 0h-0m-5s, clients: 1, corpus: 2, objectives: 38, executions: 15, exec/sec: 2.825
[Objective #0] run time: 0h-0m-5s, clients: 1, corpus: 2, objectives: 39, executions: 15, exec/sec: 2.755
[Objective #0] run time: 0h-0m-5s, clients: 1, corpus: 2, objectives: 40, executions: 15, exec/sec: 2.675
[Objective #0] run time: 0h-0m-5s, clients: 1, corpus: 2, objectives: 41, executions: 15, exec/sec: 2.582
[Objective #0] run time: 0h-0m-5s, clients: 1, corpus: 2, objectives: 42, executions: 15, exec/sec: 2.520
[Objective #0] run time: 0h-0m-6s, clients: 1, corpus: 2, objectives: 43, executions: 15, exec/sec: 2.463
[Objective #0] run time: 0h-0m-6s, clients: 1, corpus: 2, objectives: 44, executions: 15, exec/sec: 2.417
[Objective #0] run time: 0h-0m-6s, clients: 1, corpus: 2, objectives: 45, executions: 15, exec/sec: 2.366
[Objective #0] run time: 0h-0m-6s, clients: 1, corpus: 2, objectives: 46, executions: 15, exec/sec: 2.310
[Objective #0] run time: 0h-0m-6s, clients: 1, corpus: 2, objectives: 47, executions: 15, exec/sec: 2.261
[Objective #0] run time: 0h-0m-6s, clients: 1, corpus: 2, objectives: 48, executions: 15, exec/sec: 2.213
[Objective #0] run time: 0h-0m-6s, clients: 1, corpus: 2, objectives: 49, executions: 15, exec/sec: 2.165
[Objective #0] run time: 0h-0m-7s, clients: 1, corpus: 2, objectives: 50, executions: 15, exec/sec: 2.121
[Objective #0] run time: 0h-0m-7s, clients: 1, corpus: 2, objectives: 51, executions: 15, exec/sec: 2.078
[Objective #0] run time: 0h-0m-7s, clients: 1, corpus: 2, objectives: 52, executions: 15, exec/sec: 2.036
[Objective #0] run time: 0h-0m-7s, clients: 1, corpus: 2, objectives: 53, executions: 15, exec/sec: 2.004
[Objective #0] run time: 0h-0m-7s, clients: 1, corpus: 2, objectives: 54, executions: 15, exec/sec: 1.971
[Objective #0] run time: 0h-0m-7s, clients: 1, corpus: 2, objectives: 55, executions: 15, exec/sec: 1.936
[Objective #0] run time: 0h-0m-7s, clients: 1, corpus: 2, objectives: 56, executions: 15, exec/sec: 1.902
[Objective #0] run time: 0h-0m-8s, clients: 1, corpus: 2, objectives: 57, executions: 15, exec/sec: 1.872
[Objective #0] run time: 0h-0m-8s, clients: 1, corpus: 2, objectives: 58, executions: 15, exec/sec: 1.841
[Objective #0] run time: 0h-0m-8s, clients: 1, corpus: 2, objectives: 59, executions: 15, exec/sec: 1.809
[Objective #0] run time: 0h-0m-8s, clients: 1, corpus: 2, objectives: 60, executions: 15, exec/sec: 1.782
[Objective #0] run time: 0h-0m-8s, clients: 1, corpus: 2, objectives: 61, executions: 15, exec/sec: 1.753
[Objective #0] run time: 0h-0m-8s, clients: 1, corpus: 2, objectives: 62, executions: 15, exec/sec: 1.722
[Objective #0] run time: 0h-0m-8s, clients: 1, corpus: 2, objectives: 63, executions: 15, exec/sec: 1.696
[Objective #0] run time: 0h-0m-9s, clients: 1, corpus: 2, objectives: 64, executions: 15, exec/sec: 1.668
[Objective #0] run time: 0h-0m-9s, clients: 1, corpus: 2, objectives: 65, executions: 15, exec/sec: 1.642
[Objective #0] run time: 0h-0m-9s, clients: 1, corpus: 2, objectives: 66, executions: 15, exec/sec: 1.619
[Objective #0] run time: 0h-0m-9s, clients: 1, corpus: 2, objectives: 67, executions: 15, exec/sec: 1.595
[Objective #0] run time: 0h-0m-9s, clients: 1, corpus: 2, objectives: 68, executions: 15, exec/sec: 1.570
[Objective #0] run time: 0h-0m-9s, clients: 1, corpus: 2, objectives: 69, executions: 15, exec/sec: 1.545
[Objective #0] run time: 0h-0m-9s, clients: 1, corpus: 2, objectives: 70, executions: 15, exec/sec: 1.525
Crash limit reached: 1
[?25h[1;91m

+++ Testing aborted programmatically +++
[0m[1;94m[*] [0mStatistics: 26 new corpus items found, 44.59% coverage achieved, 1 crashes saved, 0 timeouts saved, total runtime 0 days, 0 hrs, 1 min, 50 sec[0m
[1;92m[+] [0mWe're done here. Have a nice day!
[0m
[1;94m[*] [0mFuzzing test case #4 (10 total, 0 crashes saved, state: started :-), mode=explore, perf_score=0, weight=0, favorite=1, was_fuzzed=0, exec_us=5011, hits=1265, map=20, ascii=0, run_time=0:00:01:53)...[0m
[1;94m[*] [0mFuzzing test case #4 (10 total, 0 crashes saved, state: started :-), mode=explore, perf_score=114, weight=2, favorite=1, was_fuzzed=1, exec_us=5011, hits=1265, map=20, ascii=0, run_time=0:00:01:53)...[0m
[1;94m[*] [0mFuzzing test case #2 (10 total, 0 crashes saved, state: started :-), mode=explore, perf_score=345, weight=30, favorite=1, was_fuzzed=1, exec_us=3799, hits=11, map=19, ascii=0, run_time=0:00:01:53)...[0m
[1;94m[*] [0mFuzzing test case #10 (16 total, 0 crashes saved, state: started :-), mode=explore, perf_score=0, weight=0, favorite=1, was_fuzzed=0, exec_us=1306, hits=106, map=20, ascii=0, run_time=0:00:03:14)...[0m
[1;94m[*] [0mFuzzing test case #11 (16 total, 0 crashes saved, state: started :-), mode=explore, perf_score=150, weight=19, favorite=1, was_fuzzed=0, exec_us=1311, hits=20, map=21, ascii=0, run_time=0:00:03:14)...[0m
[1;94m[*] [0mFuzzing test case #15 (17 total, 0 crashes saved, state: started :-), mode=explore, perf_score=150, weight=29, favorite=1, was_fuzzed=0, exec_us=1322, hits=3, map=19, ascii=0, run_time=0:00:03:15)...[0m
[1;94m[*] [0mFuzzing test case #10 (17 total, 0 crashes saved, state: started :-), mode=explore, perf_score=172, weight=60, favorite=1, was_fuzzed=1, exec_us=1306, hits=125, map=20, ascii=0, run_time=0:00:03:16)...[0m
[1;94m[*] [0mFuzzing test case #16 (17 total, 0 crashes saved, state: started :-), mode=explore, perf_score=300, weight=42, favorite=1, was_fuzzed=0, exec_us=1365, hits=1, map=21, ascii=0, run_time=0:00:03:16)...[0m
[1;94m[*] [0mFuzzing test case #25 (27 total, 0 crashes saved, state: started :-), mode=explore, perf_score=0, weight=0, favorite=1, was_fuzzed=0, exec_us=1208, hits=1, map=23, ascii=0, run_time=0:00:04:33)...[0m
[1;94m[*] [0mFuzzing test case #17 (27 total, 0 crashes saved, state: started :-), mode=explore, perf_score=200, weight=27, favorite=1, was_fuzzed=0, exec_us=1295, hits=46, map=21, ascii=0, run_time=0:00:04:33)...[0m
[1;94m[*] [0mFuzzing test case #23 (28 total, 0 crashes saved, state: started :-), mode=explore, perf_score=200, weight=29, favorite=1, was_fuzzed=0, exec_us=1315, hits=2, map=23, ascii=0, run_time=0:00:04:34)...[0m
[1;94m[*] [0mFuzzing test case #19 (29 total, 0 crashes saved, state: started :-), mode=explore, perf_score=300, weight=31, favorite=1, was_fuzzed=0, exec_us=1269, hits=3, map=24, ascii=0, run_time=0:00:04:35)...[0m
[1;94m[*] [0mFuzzing test case #33 (42 total, 0 crashes saved, state: in progress, mode=explore, perf_score=0, weight=0, favorite=1, was_fuzzed=0, exec_us=1233, hits=2, map=23, ascii=0, run_time=0:00:05:34)...[0m
[1;94m[*] [0mFuzzing test case #32 (42 total, 0 crashes saved, state: in progress, mode=explore, perf_score=200, weight=25, favorite=1, was_fuzzed=0, exec_us=1273, hits=3, map=23, ascii=0, run_time=0:00:05:34)...[0m
[1;94m[*] [0mFuzzing test case #14 (44 total, 0 crashes saved, state: in progress, mode=explore, perf_score=100, weight=15, favorite=1, was_fuzzed=0, exec_us=1311, hits=19, map=19, ascii=0, run_time=0:00:05:35)...[0m
[1;94m[*] [0mFuzzing test case #31 (44 total, 0 crashes saved, state: in progress, mode=explore, perf_score=200, weight=23, favorite=1, was_fuzzed=0, exec_us=1225, hits=5, map=23, ascii=0, run_time=0:00:05:35)...[0m
[1;94m[*] [0mFuzzing test case #13 (45 total, 0 crashes saved, state: in progress, mode=explore, perf_score=100, weight=12, favorite=1, was_fuzzed=0, exec_us=1324, hits=56, map=19, ascii=0, run_time=0:00:05:36)...[0m
[1;94m[*] [0mFuzzing test case #25 (45 total, 0 crashes saved, state: in progress, mode=explore, perf_score=919, weight=20, favorite=1, was_fuzzed=1, exec_us=1208, hits=1, map=23, ascii=0, run_time=0:00:05:36)...[0m
[1;94m[*] [0mFuzzing test case #10 (48 total, 0 crashes saved, state: in progress, mode=explore, perf_score=114, weight=48, favorite=1, was_fuzzed=1, exec_us=1306, hits=3425, map=20, ascii=0, run_time=0:00:06:07)...[0m
[1;94m[*] [0mFuzzing test case #33 (48 total, 0 crashes saved, state: in progress, mode=explore, perf_score=919, weight=24, favorite=1, was_fuzzed=1, exec_us=1233, hits=2, map=23, ascii=0, run_time=0:00:06:08)...[0m
[1;94m[*] [0mFuzzing test case #32 (48 total, 0 crashes saved, state: in progress, mode=explore, perf_score=690, weight=12, favorite=1, was_fuzzed=1, exec_us=1273, hits=5, map=23, ascii=0, run_time=0:00:06:12)...[0m
[1;94m[*] [0mFuzzing test case #17 (48 total, 0 crashes saved, state: in progress, mode=explore, perf_score=229, weight=14, favorite=1, was_fuzzed=1, exec_us=1295, hits=72, map=21, ascii=0, run_time=0:00:06:38)...[0m
[1;94m[*] [0mFuzzing test case #31 (48 total, 0 crashes saved, state: in progress, mode=explore, perf_score=690, weight=10, favorite=1, was_fuzzed=1, exec_us=1225, hits=13, map=23, ascii=0, run_time=0:00:06:39)...[0m
[1;94m[*] [0mFuzzing test case #31 (48 total, 0 crashes saved, state: in progress, mode=explore, perf_score=690, weight=10, favorite=1, was_fuzzed=1, exec_us=1225, hits=88, map=23, ascii=0, run_time=0:00:06:42)...[0m
[1;94m[*] [0mFuzzing test case #10 (48 total, 0 crashes saved, state: in progress, mode=explore, perf_score=114, weight=48, favorite=1, was_fuzzed=1, exec_us=1306, hits=3691, map=20, ascii=0, run_time=0:00:07:14)...[0m
[1;94m[*] [0mFuzzing test case #10 (49 total, 0 crashes saved, state: in progress, mode=explore, perf_score=114, weight=48, favorite=1, was_fuzzed=1, exec_us=1306, hits=3705, map=20, ascii=0, run_time=0:00:07:14)...[0m
[1;94m[*] [0mFuzzing test case #17 (49 total, 0 crashes saved, state: in progress, mode=explore, perf_score=229, weight=13, favorite=1, was_fuzzed=1, exec_us=1295, hits=109, map=21, ascii=0, run_time=0:00:07:15)...[0m
[1;94m[*] [0mFuzzing test case #10 (49 total, 0 crashes saved, state: in progress, mode=explore, perf_score=114, weight=48, favorite=1, was_fuzzed=1, exec_us=1306, hits=3734, map=20, ascii=0, run_time=0:00:07:15)...[0m
[1;94m[*] [0mFuzzing test case #11 (49 total, 0 crashes saved, state: in progress, mode=explore, perf_score=114, weight=5, favorite=1, was_fuzzed=1, exec_us=1311, hits=759, map=21, ascii=0, run_time=0:00:07:16)...[0m
[1;94m[*] [0mFuzzing test case #10 (49 total, 0 crashes saved, state: in progress, mode=explore, perf_score=114, weight=48, favorite=1, was_fuzzed=1, exec_us=1306, hits=3767, map=20, ascii=0, run_time=0:00:07:16)...[0m
[1;94m[*] [0mFuzzing test case #10 (49 total, 0 crashes saved, state: in progress, mode=explore, perf_score=114, weight=48, favorite=1, was_fuzzed=1, exec_us=1306, hits=3788, map=20, ascii=0, run_time=0:00:07:17)...[0m
[1;94m[*] [0mFuzzing test case #10 (49 total, 0 crashes saved, state: in progress, mode=explore, perf_score=114, weight=48, favorite=1, was_fuzzed=1, exec_us=1306, hits=3800, map=20, ascii=0, run_time=0:00:07:17)...[0m
[1;94m[*] [0mFuzzing test case #25 (50 total, 0 crashes saved, state: in progress, mode=explore, perf_score=229, weight=7, favorite=1, was_fuzzed=1, exec_us=1208, hits=116, map=23, ascii=0, run_time=0:00:07:18)...[0m
[1;94m[*] [0mFuzzing test case #17 (50 total, 0 crashes saved, state: in progress, mode=explore, perf_score=229, weight=13, favorite=1, was_fuzzed=1, exec_us=1295, hits=122, map=21, ascii=0, run_time=0:00:07:18)...[0m
[1;94m[*] [0mFuzzing test case #10 (51 total, 0 crashes saved, state: in progress, mode=explore, perf_score=114, weight=49, favorite=1, was_fuzzed=1, exec_us=1306, hits=3851, map=20, ascii=0, run_time=0:00:07:20)...[0m
[1;94m[*] [0mFuzzing test case #10 (51 total, 0 crashes saved, state: in progress, mode=explore, perf_score=114, weight=49, favorite=1, was_fuzzed=1, exec_us=1306, hits=3872, map=20, ascii=0, run_time=0:00:07:22)...[0m
[1;94m[*] [0mFuzzing test case #10 (51 total, 0 crashes saved, state: in progress, mode=explore, perf_score=114, weight=49, favorite=1, was_fuzzed=1, exec_us=1306, hits=3888, map=20, ascii=0, run_time=0:00:07:39)...[0m
[1;94m[*] [0mFuzzing test case #10 (51 total, 0 crashes saved, state: in progress, mode=explore, perf_score=114, weight=49, favorite=1, was_fuzzed=1, exec_us=1306, hits=3904, map=20, ascii=0, run_time=0:00:07:40)...[0m
[1;94m[*] [0mFuzzing test case #10 (51 total, 0 crashes saved, state: in progress, mode=explore, perf_score=114, weight=49, favorite=1, was_fuzzed=1, exec_us=1306, hits=3925, map=20, ascii=0, run_time=0:00:07:40)...[0m
[1;94m[*] [0mFuzzing test case #17 (51 total, 0 crashes saved, state: in progress, mode=explore, perf_score=229, weight=13, favorite=1, was_fuzzed=1, exec_us=1295, hits=127, map=21, ascii=0, run_time=0:00:07:40)...[0m
[1;94m[*] [0mFuzzing test case #10 (51 total, 0 crashes saved, state: in progress, mode=explore, perf_score=114, weight=49, favorite=1, was_fuzzed=1, exec_us=1306, hits=3978, map=20, ascii=0, run_time=0:00:07:41)...[0m
[1;94m[*] [0mFuzzing test case #10 (51 total, 0 crashes saved, state: in progress, mode=explore, perf_score=114, weight=49, favorite=1, was_fuzzed=1, exec_us=1306, hits=3990, map=20, ascii=0, run_time=0:00:07:42)...[0m
[1;94m[*] [0mFuzzing test case #10 (51 total, 0 crashes saved, state: in progress, mode=explore, perf_score=114, weight=49, favorite=1, was_fuzzed=1, exec_us=1306, hits=4010, map=20, ascii=0, run_time=0:00:07:42)...[0m
[1;94m[*] [0mFuzzing test case #10 (51 total, 0 crashes saved, state: in progress, mode=explore, perf_score=114, weight=49, favorite=1, was_fuzzed=1, exec_us=1306, hits=4035, map=20, ascii=0, run_time=0:00:07:42)...[0m
[1;94m[*] [0mFuzzing test case #25 (51 total, 0 crashes saved, state: in progress, mode=explore, perf_score=229, weight=7, favorite=1, was_fuzzed=1, exec_us=1208, hits=125, map=23, ascii=0, run_time=0:00:07:43)...[0m
[1;94m[*] [0mFuzzing test case #17 (51 total, 0 crashes saved, state: in progress, mode=explore, perf_score=229, weight=13, favorite=1, was_fuzzed=1, exec_us=1295, hits=151, map=21, ascii=0, run_time=0:00:07:44)...[0m
[1;94m[*] [0mFuzzing test case #23 (51 total, 0 crashes saved, state: in progress, mode=explore, perf_score=459, weight=8, favorite=1, was_fuzzed=1, exec_us=1315, hits=19, map=23, ascii=0, run_time=0:00:07:45)...[0m
[1;94m[*] [0mFuzzing test case #10 (51 total, 0 crashes saved, state: in progress, mode=explore, perf_score=114, weight=49, favorite=1, was_fuzzed=1, exec_us=1306, hits=4148, map=20, ascii=0, run_time=0:00:08:05)...[0m
[1;94m[*] [0mFuzzing test case #11 (51 total, 0 crashes saved, state: in progress, mode=explore, perf_score=114, weight=5, favorite=1, was_fuzzed=1, exec_us=1311, hits=871, map=21, ascii=0, run_time=0:00:08:05)...[0m
[1;94m[*] [0mFuzzing test case #10 (51 total, 0 crashes saved, state: in progress, mode=explore, perf_score=114, weight=49, favorite=1, was_fuzzed=1, exec_us=1306, hits=4167, map=20, ascii=0, run_time=0:00:08:06)...[0m
[1;94m[*] [0mFuzzing test case #23 (51 total, 0 crashes saved, state: in progress, mode=explore, perf_score=459, weight=8, favorite=1, was_fuzzed=1, exec_us=1315, hits=23, map=23, ascii=0, run_time=0:00:08:06)...[0m
[1;94m[*] [0mFuzzing test case #10 (51 total, 0 crashes saved, state: in progress, mode=explore, perf_score=114, weight=49, favorite=1, was_fuzzed=1, exec_us=1306, hits=4310, map=20, ascii=0, run_time=0:00:08:08)...[0m
[1;94m[*] [0mFuzzing test case #13 (51 total, 0 crashes saved, state: in progress, mode=explore, perf_score=114, weight=6, favorite=1, was_fuzzed=1, exec_us=1324, hits=86, map=19, ascii=0, run_time=0:00:08:08)...[0m
[1;94m[*] [0mFuzzing test case #23 (51 total, 0 crashes saved, state: in progress, mode=explore, perf_score=459, weight=8, favorite=1, was_fuzzed=1, exec_us=1315, hits=29, map=23, ascii=0, run_time=0:00:08:09)...[0m
[1;94m[*] [0mFuzzing test case #10 (51 total, 0 crashes saved, state: in progress, mode=explore, perf_score=114, weight=49, favorite=1, was_fuzzed=1, exec_us=1306, hits=4482, map=20, ascii=0, run_time=0:00:08:22)...[0m
[1;94m[*] [0mEntering queue cycle 2.[0m
[1;94m[*] [0mFuzzing test case #14 (51 total, 0 crashes saved, state: in progress, mode=explore, perf_score=114, weight=7, favorite=1, was_fuzzed=1, exec_us=1311, hits=54, map=19, ascii=0, run_time=0:00:08:23)...[0m
[1;94m[*] [0mFuzzing test case #11 (51 total, 0 crashes saved, state: in progress, mode=explore, perf_score=114, weight=5, favorite=1, was_fuzzed=1, exec_us=1311, hits=907, map=21, ascii=0, run_time=0:00:08:23)...[0m
[1;94m[*] [0mFuzzing test case #10 (51 total, 0 crashes saved, state: in progress, mode=explore, perf_score=114, weight=49, favorite=1, was_fuzzed=1, exec_us=1306, hits=4516, map=20, ascii=0, run_time=0:00:08:23)...[0m
[1;94m[*] [0mFuzzing test case #11 (51 total, 0 crashes saved, state: in progress, mode=explore, perf_score=114, weight=5, favorite=1, was_fuzzed=1, exec_us=1311, hits=925, map=21, ascii=0, run_time=0:00:08:24)...[0m
[1;94m[*] [0mFuzzing test case #13 (51 total, 0 crashes saved, state: in progress, mode=explore, perf_score=114, weight=6, favorite=1, was_fuzzed=1, exec_us=1324, hits=94, map=19, ascii=0, run_time=0:00:08:24)...[0m
[1;94m[*] [0mFuzzing test case #10 (51 total, 0 crashes saved, state: in progress, mode=explore, perf_score=114, weight=49, favorite=1, was_fuzzed=1, exec_us=1306, hits=4539, map=20, ascii=0, run_time=0:00:08:25)...[0m
[1;94m[*] [0mFuzzing test case #33 (51 total, 0 crashes saved, state: in progress, mode=explore, perf_score=229, weight=13, favorite=1, was_fuzzed=1, exec_us=1233, hits=35, map=23, ascii=0, run_time=0:00:08:25)...[0m
[1;94m[*] [0mFuzzing test case #31 (51 total, 0 crashes saved, state: in progress, mode=explore, perf_score=229, weight=7, favorite=1, was_fuzzed=1, exec_us=1225, hits=126, map=23, ascii=0, run_time=0:00:08:26)...[0m
[1;94m[*] [0mFuzzing test case #10 (51 total, 0 crashes saved, state: in progress, mode=explore, perf_score=114, weight=49, favorite=1, was_fuzzed=1, exec_us=1306, hits=4601, map=20, ascii=0, run_time=0:00:08:39)...[0m
[1;94m[*] [0mFuzzing test case #15 (51 total, 0 crashes saved, state: in progress, mode=explore, perf_score=229, weight=7, favorite=1, was_fuzzed=1, exec_us=1322, hits=27, map=19, ascii=0, run_time=0:00:08:39)...[0m
[1;94m[*] [0mFuzzing test case #10 (52 total, 0 crashes saved, state: in progress, mode=explore, perf_score=114, weight=49, favorite=1, was_fuzzed=1, exec_us=1306, hits=4638, map=20, ascii=0, run_time=0:00:08:40)...[0m
[1;94m[*] [0mFuzzing test case #10 (52 total, 0 crashes saved, state: in progress, mode=explore, perf_score=114, weight=49, favorite=1, was_fuzzed=1, exec_us=1306, hits=4661, map=20, ascii=0, run_time=0:00:08:41)...[0m
[1;94m[*] [0mFuzzing test case #23 (52 total, 0 crashes saved, state: in progress, mode=explore, perf_score=229, weight=7, favorite=1, was_fuzzed=1, exec_us=1315, hits=39, map=23, ascii=0, run_time=0:00:08:41)...[0m
[1;94m[*] [0mFuzzing test case #32 (52 total, 0 crashes saved, state: in progress, mode=explore, perf_score=690, weight=9, favorite=1, was_fuzzed=1, exec_us=1273, hits=15, map=23, ascii=0, run_time=0:00:08:42)...[0m
[1;94m[*] [0mFuzzing test case #13 (52 total, 0 crashes saved, state: in progress, mode=explore, perf_score=114, weight=6, favorite=1, was_fuzzed=1, exec_us=1324, hits=121, map=19, ascii=0, run_time=0:00:08:45)...[0m
[1;94m[*] [0mFuzzing test case #10 (52 total, 0 crashes saved, state: in progress, mode=explore, perf_score=114, weight=49, favorite=1, was_fuzzed=1, exec_us=1306, hits=4743, map=20, ascii=0, run_time=0:00:08:45)...[0m
[1;94m[*] [0mFuzzing test case #10 (53 total, 0 crashes saved, state: in progress, mode=explore, perf_score=114, weight=49, favorite=1, was_fuzzed=1, exec_us=1306, hits=4762, map=20, ascii=0, run_time=0:00:08:45)...[0m
[1;94m[*] [0mFuzzing test case #10 (54 total, 0 crashes saved, state: in progress, mode=explore, perf_score=114, weight=50, favorite=1, was_fuzzed=1, exec_us=1306, hits=4780, map=20, ascii=0, run_time=0:00:08:46)...[0m
[1;94m[*] [0mFuzzing test case #31 (54 total, 0 crashes saved, state: in progress, mode=explore, perf_score=229, weight=6, favorite=1, was_fuzzed=1, exec_us=1225, hits=156, map=23, ascii=0, run_time=0:00:09:00)...[0m
[1;94m[*] [0mFuzzing test case #15 (54 total, 0 crashes saved, state: in progress, mode=explore, perf_score=114, weight=7, favorite=1, was_fuzzed=1, exec_us=1322, hits=36, map=19, ascii=0, run_time=0:00:09:01)...[0m
[1;94m[*] [0mFuzzing test case #33 (54 total, 0 crashes saved, state: in progress, mode=explore, perf_score=229, weight=13, favorite=1, was_fuzzed=1, exec_us=1233, hits=42, map=23, ascii=0, run_time=0:00:09:01)...[0m
[1;94m[*] [0mFuzzing test case #31 (54 total, 0 crashes saved, state: in progress, mode=explore, perf_score=229, weight=6, favorite=1, was_fuzzed=1, exec_us=1225, hits=169, map=23, ascii=0, run_time=0:00:09:02)...[0m
[1;94m[*] [0mFuzzing test case #10 (54 total, 0 crashes saved, state: in progress, mode=explore, perf_score=114, weight=50, favorite=1, was_fuzzed=1, exec_us=1306, hits=4877, map=20, ascii=0, run_time=0:00:09:03)...[0m
[1;94m[*] [0mFuzzing test case #23 (54 total, 0 crashes saved, state: in progress, mode=explore, perf_score=229, weight=7, favorite=1, was_fuzzed=1, exec_us=1315, hits=44, map=23, ascii=0, run_time=0:00:09:03)...[0m
[1;94m[*] [0mFuzzing test case #10 (54 total, 0 crashes saved, state: in progress, mode=explore, perf_score=114, weight=50, favorite=1, was_fuzzed=1, exec_us=1306, hits=4956, map=20, ascii=0, run_time=0:00:09:04)...[0m
[1;94m[*] [0mFuzzing test case #25 (54 total, 0 crashes saved, state: in progress, mode=explore, perf_score=229, weight=7, favorite=1, was_fuzzed=1, exec_us=1208, hits=134, map=23, ascii=0, run_time=0:00:09:04)...[0m
[1;94m[*] [0mFuzzing test case #32 (54 total, 0 crashes saved, state: in progress, mode=explore, perf_score=459, weight=9, favorite=1, was_fuzzed=1, exec_us=1273, hits=24, map=23, ascii=0, run_time=0:00:09:05)...[0m
[1;94m[*] [0mFuzzing test case #31 (54 total, 0 crashes saved, state: in progress, mode=explore, perf_score=229, weight=6, favorite=1, was_fuzzed=1, exec_us=1225, hits=184, map=23, ascii=0, run_time=0:00:09:07)...[0m
[1;94m[*] [0mFuzzing test case #10 (54 total, 0 crashes saved, state: in progress, mode=explore, perf_score=114, weight=50, favorite=1, was_fuzzed=1, exec_us=1306, hits=5087, map=20, ascii=0, run_time=0:00:09:21)...[0m
[1;94m[*] [0mFuzzing test case #10 (54 total, 0 crashes saved, state: in progress, mode=explore, perf_score=114, weight=50, favorite=1, was_fuzzed=1, exec_us=1306, hits=5107, map=20, ascii=0, run_time=0:00:09:22)...[0m
[1;94m[*] [0mFuzzing test case #25 (54 total, 0 crashes saved, state: in progress, mode=explore, perf_score=229, weight=7, favorite=1, was_fuzzed=1, exec_us=1208, hits=147, map=23, ascii=0, run_time=0:00:09:22)...[0m
[1;94m[*] [0mFuzzing test case #10 (54 total, 0 crashes saved, state: in progress, mode=explore, perf_score=114, weight=50, favorite=1, was_fuzzed=1, exec_us=1306, hits=5149, map=20, ascii=0, run_time=0:00:09:23)...[0m
[1;94m[*] [0mFuzzing test case #11 (54 total, 0 crashes saved, state: in progress, mode=explore, perf_score=114, weight=5, favorite=1, was_fuzzed=1, exec_us=1311, hits=1107, map=21, ascii=0, run_time=0:00:09:23)...[0m
[1;94m[*] [0mFuzzing test case #11 (54 total, 0 crashes saved, state: in progress, mode=explore, perf_score=114, weight=5, favorite=1, was_fuzzed=1, exec_us=1311, hits=1114, map=21, ascii=0, run_time=0:00:09:24)...[0m
[1;94m[*] [0mFuzzing test case #10 (54 total, 0 crashes saved, state: in progress, mode=explore, perf_score=114, weight=50, favorite=1, was_fuzzed=1, exec_us=1306, hits=5181, map=20, ascii=0, run_time=0:00:09:24)...[0m
[1;94m[*] [0mFuzzing test case #10 (54 total, 0 crashes saved, state: in progress, mode=explore, perf_score=114, weight=50, favorite=1, was_fuzzed=1, exec_us=1306, hits=5196, map=20, ascii=0, run_time=0:00:09:25)...[0m
[1;94m[*] [0mFuzzing test case #11 (54 total, 0 crashes saved, state: in progress, mode=explore, perf_score=114, weight=5, favorite=1, was_fuzzed=1, exec_us=1311, hits=1127, map=21, ascii=0, run_time=0:00:09:25)...[0m
[1;94m[*] [0mFuzzing test case #10 (54 total, 0 crashes saved, state: in progress, mode=explore, perf_score=114, weight=50, favorite=1, was_fuzzed=1, exec_us=1306, hits=5233, map=20, ascii=0, run_time=0:00:09:25)...[0m
[1;94m[*] [0mFuzzing test case #10 (54 total, 0 crashes saved, state: in progress, mode=explore, perf_score=114, weight=50, favorite=1, was_fuzzed=1, exec_us=1306, hits=5269, map=20, ascii=0, run_time=0:00:09:26)...[0m
[1;94m[*] [0mFuzzing test case #31 (54 total, 0 crashes saved, state: in progress, mode=explore, perf_score=229, weight=6, favorite=1, was_fuzzed=1, exec_us=1225, hits=203, map=23, ascii=0, run_time=0:00:09:26)...[0m
[1;94m[*] [0mFuzzing test case #10 (54 total, 0 crashes saved, state: in progress, mode=explore, perf_score=114, weight=50, favorite=1, was_fuzzed=1, exec_us=1306, hits=5314, map=20, ascii=0, run_time=0:00:09:27)...[0m
[1;94m[*] [0mFuzzing test case #13 (54 total, 0 crashes saved, state: in progress, mode=explore, perf_score=114, weight=6, favorite=1, was_fuzzed=1, exec_us=1324, hits=145, map=19, ascii=0, run_time=0:00:09:27)...[0m
[1;94m[*] [0mFuzzing test case #13 (54 total, 0 crashes saved, state: in progress, mode=explore, perf_score=114, weight=6, favorite=1, was_fuzzed=1, exec_us=1324, hits=146, map=19, ascii=0, run_time=0:00:09:28)...[0m
[1;94m[*] [0mFuzzing test case #23 (54 total, 0 crashes saved, state: in progress, mode=explore, perf_score=229, weight=7, favorite=1, was_fuzzed=1, exec_us=1315, hits=48, map=23, ascii=0, run_time=0:00:09:28)...[0m
[1;94m[*] [0mFuzzing test case #10 (54 total, 0 crashes saved, state: in progress, mode=explore, perf_score=114, weight=50, favorite=1, was_fuzzed=1, exec_us=1306, hits=5393, map=20, ascii=0, run_time=0:00:09:36)...[0m
[1;94m[*] [0mFuzzing test case #31 (54 total, 0 crashes saved, state: in progress, mode=explore, perf_score=229, weight=6, favorite=1, was_fuzzed=1, exec_us=1225, hits=242, map=23, ascii=0, run_time=0:00:09:36)...[0m
[1;94m[*] [0mFuzzing test case #21 (54 total, 0 crashes saved, state: in progress, mode=explore, perf_score=200, weight=1, favorite=0, was_fuzzed=0, exec_us=1244, hits=10, map=21, ascii=0, run_time=0:00:09:37)...[0m
[1;94m[*] [0mFuzzing test case #14 (54 total, 0 crashes saved, state: in progress, mode=explore, perf_score=114, weight=6, favorite=1, was_fuzzed=1, exec_us=1311, hits=98, map=19, ascii=0, run_time=0:00:09:38)...[0m
[1;94m[*] [0mFuzzing test case #33 (54 total, 0 crashes saved, state: in progress, mode=explore, perf_score=229, weight=12, favorite=1, was_fuzzed=1, exec_us=1233, hits=52, map=23, ascii=0, run_time=0:00:09:38)...[0m
[1;94m[*] [0mFuzzing test case #54 (55 total, 0 crashes saved, state: in progress, mode=explore, perf_score=0, weight=0, favorite=1, was_fuzzed=0, exec_us=1186, hits=1, map=25, ascii=0, run_time=0:00:09:39)...[0m
[1;94m[*] [0mFuzzing test case #10 (55 total, 0 crashes saved, state: in progress, mode=explore, perf_score=114, weight=48, favorite=1, was_fuzzed=1, exec_us=1306, hits=5480, map=20, ascii=0, run_time=0:00:09:39)...[0m
[1;94m[*] [0mFuzzing test case #10 (55 total, 0 crashes saved, state: in progress, mode=explore, perf_score=114, weight=48, favorite=1, was_fuzzed=1, exec_us=1306, hits=5488, map=20, ascii=0, run_time=0:00:09:39)...[0m
[1;94m[*] [0mFuzzing test case #6 (56 total, 0 crashes saved, state: in progress, mode=explore, perf_score=100, weight=0, favorite=0, was_fuzzed=0, exec_us=1935, hits=682, map=20, ascii=0, run_time=0:00:09:49)...[0m
[1;94m[*] [0mFuzzing test case #10 (56 total, 0 crashes saved, state: in progress, mode=explore, perf_score=114, weight=49, favorite=1, was_fuzzed=1, exec_us=1306, hits=5498, map=20, ascii=0, run_time=0:00:09:50)...[0m
[1;94m[*] [0mFuzzing test case #10 (56 total, 0 crashes saved, state: in progress, mode=explore, perf_score=114, weight=49, favorite=1, was_fuzzed=1, exec_us=1306, hits=5508, map=20, ascii=0, run_time=0:00:09:50)...[0m
[1;94m[*] [0mFuzzing test case #10 (56 total, 0 crashes saved, state: in progress, mode=explore, perf_score=114, weight=49, favorite=1, was_fuzzed=1, exec_us=1306, hits=5539, map=20, ascii=0, run_time=0:00:09:50)...[0m
[1;94m[*] [0mFuzzing test case #31 (56 total, 0 crashes saved, state: in progress, mode=explore, perf_score=229, weight=6, favorite=1, was_fuzzed=1, exec_us=1225, hits=265, map=23, ascii=0, run_time=0:00:09:51)...[0m
[1;94m[*] [0mFuzzing test case #17 (56 total, 0 crashes saved, state: in progress, mode=explore, perf_score=229, weight=13, favorite=1, was_fuzzed=1, exec_us=1295, hits=179, map=21, ascii=0, run_time=0:00:09:51)...[0m
[1;94m[*] [0mFuzzing test case #14 (56 total, 0 crashes saved, state: in progress, mode=explore, perf_score=114, weight=6, favorite=1, was_fuzzed=1, exec_us=1311, hits=113, map=19, ascii=0, run_time=0:00:09:52)...[0m
[1;94m[*] [0mEntering queue cycle 3.[0m
[1;94m[*] [0mFuzzing test case #31 (56 total, 0 crashes saved, state: in progress, mode=explore, perf_score=229, weight=6, favorite=1, was_fuzzed=1, exec_us=1225, hits=269, map=23, ascii=0, run_time=0:00:09:53)...[0m
[1;94m[*] [0mFuzzing test case #38 (56 total, 0 crashes saved, state: in progress, mode=explore, perf_score=200, weight=1, favorite=0, was_fuzzed=0, exec_us=1210, hits=11, map=25, ascii=0, run_time=0:00:09:53)...[0m
[1;94m[*] [0mFuzzing test case #13 (56 total, 0 crashes saved, state: in progress, mode=explore, perf_score=114, weight=6, favorite=1, was_fuzzed=1, exec_us=1324, hits=158, map=19, ascii=0, run_time=0:00:09:54)...[0m
[1;94m[*] [0mFuzzing test case #10 (56 total, 0 crashes saved, state: in progress, mode=explore, perf_score=114, weight=49, favorite=1, was_fuzzed=1, exec_us=1306, hits=5675, map=20, ascii=0, run_time=0:00:09:55)...[0m
[1;94m[*] [0mFuzzing test case #10 (56 total, 0 crashes saved, state: in progress, mode=explore, perf_score=114, weight=49, favorite=1, was_fuzzed=1, exec_us=1306, hits=5702, map=20, ascii=0, run_time=0:00:09:55)...[0m
[1;94m[*] [0mFuzzing test case #25 (56 total, 0 crashes saved, state: in progress, mode=explore, perf_score=229, weight=6, favorite=1, was_fuzzed=1, exec_us=1208, hits=160, map=23, ascii=0, run_time=0:00:09:55)...[0m
[1;94m[*] [0mFuzzing test case #23 (56 total, 0 crashes saved, state: in progress, mode=explore, perf_score=229, weight=7, favorite=1, was_fuzzed=1, exec_us=1315, hits=52, map=23, ascii=0, run_time=0:00:09:56)...[0m
[1;94m[*] [0mFuzzing test case #14 (57 total, 0 crashes saved, state: in progress, mode=explore, perf_score=114, weight=6, favorite=1, was_fuzzed=1, exec_us=1311, hits=116, map=19, ascii=0, run_time=0:00:10:03)...[0m
[1;94m[*] [0mFuzzing test case #15 (58 total, 0 crashes saved, state: in progress, mode=explore, perf_score=114, weight=7, favorite=1, was_fuzzed=1, exec_us=1322, hits=55, map=19, ascii=0, run_time=0:00:10:03)...[0m
[1;94m[*] [0mFuzzing test case #10 (60 total, 0 crashes saved, state: in progress, mode=explore, perf_score=114, weight=51, favorite=1, was_fuzzed=1, exec_us=1306, hits=5761, map=20, ascii=0, run_time=0:00:10:04)...[0m
[1;94m[*] [0mFuzzing test case #10 (61 total, 0 crashes saved, state: in progress, mode=explore, perf_score=114, weight=51, favorite=1, was_fuzzed=1, exec_us=1306, hits=5777, map=20, ascii=0, run_time=0:00:10:04)...[0m
[1;94m[*] [0mFuzzing test case #32 (62 total, 0 crashes saved, state: in progress, mode=explore, perf_score=459, weight=8, favorite=1, was_fuzzed=1, exec_us=1273, hits=27, map=23, ascii=0, run_time=0:00:10:04)...[0m
[1;94m[*] [0mFuzzing test case #54 (71 total, 0 crashes saved, state: in progress, mode=explore, perf_score=919, weight=16, favorite=1, was_fuzzed=1, exec_us=1186, hits=3, map=25, ascii=0, run_time=0:00:10:07)...[0m
[?25h[1;91m

+++ Testing aborted programmatically +++
[0m[1;94m[*] [0mStatistics: 72 new corpus items found, 48.65% coverage achieved, 1 crashes saved, 0 timeouts saved, total runtime 0 days, 0 hrs, 10 min, 16 sec[0m
[1;92m[+] [0mWe're done here. Have a nice day!
[0m
