JOB timestamp: Mon Dec 18 15:28:05 MST 2023
JOB ID: 121639
Array Task ID: 28
Current directory: /lfs/koff9454.ui/projects/plc_runtime_fuzzer/code_analysis/src
r4i1n1
gcc (Spack GCC) 12.1.0
Copyright (C) 2022 Free Software Foundation, Inc.
This is free software; see the source for copying conditions.  There is NO
warranty; not even for MERCHANTABILITY or FITNESS FOR A PARTICULAR PURPOSE.

Python 3.11.5
/lfs/koff9454.ui/miniconda3/envs/plc/bin/python
matiec version 0.1
changeset id: 
Number of programs: 3
Programs: condition_1 condition_2 condition_3
Fuzzing program: condition_2, Job ID: 28
input dir exist, skipping
harness file exist, skipping
Running the fuzzers
Workdir: "/lfs/koff9454.ui/projects/plc_runtime_fuzzer/code_analysis/src/programs/condition/condition_2/runs/run-28"
Out dir at "fuzzer-outdir" already exists.
Let's fuzz :)
[Stats #0] run time: 0h-0m-0s, clients: 1, corpus: 0, objectives: 0, executions: 0, exec/sec: 0.000
[Testcase #0] run time: 0h-0m-0s, clients: 1, corpus: 1, objectives: 0, executions: 1, exec/sec: 0.000
We imported 1 inputs from disk.
[Objective #0] run time: 0h-0m-0s, clients: 1, corpus: 1, objectives: 1, executions: 1, exec/sec: 0.000
[Objective #0] run time: 0h-0m-0s, clients: 1, corpus: 1, objectives: 2, executions: 1, exec/sec: 0.000
[Stats #0] run time: 0h-0m-0s, clients: 1, corpus: 1, objectives: 2, executions: 1, exec/sec: 0.000
[Testcase #0] run time: 0h-0m-0s, clients: 1, corpus: 2, objectives: 2, executions: 12, exec/sec: 0.000
[Objective #0] run time: 0h-0m-0s, clients: 1, corpus: 2, objectives: 3, executions: 12, exec/sec: 0.000
[Objective #0] run time: 0h-0m-0s, clients: 1, corpus: 2, objectives: 4, executions: 12, exec/sec: 0.000
[Objective #0] run time: 0h-0m-0s, clients: 1, corpus: 2, objectives: 5, executions: 12, exec/sec: 0.000
[Objective #0] run time: 0h-0m-0s, clients: 1, corpus: 2, objectives: 6, executions: 12, exec/sec: 0.000
[Objective #0] run time: 0h-0m-1s, clients: 1, corpus: 2, objectives: 7, executions: 12, exec/sec: 12.00
[Objective #0] run time: 0h-0m-1s, clients: 1, corpus: 2, objectives: 8, executions: 12, exec/sec: 10.32
[Objective #0] run time: 0h-0m-1s, clients: 1, corpus: 2, objectives: 9, executions: 12, exec/sec: 9.232
[Objective #0] run time: 0h-0m-1s, clients: 1, corpus: 2, objectives: 10, executions: 12, exec/sec: 8.430
[Objective #0] run time: 0h-0m-1s, clients: 1, corpus: 2, objectives: 11, executions: 12, exec/sec: 7.600
[Objective #0] run time: 0h-0m-1s, clients: 1, corpus: 2, objectives: 12, executions: 12, exec/sec: 7.001
[Objective #0] run time: 0h-0m-1s, clients: 1, corpus: 2, objectives: 13, executions: 12, exec/sec: 6.413
[Objective #0] run time: 0h-0m-2s, clients: 1, corpus: 2, objectives: 14, executions: 12, exec/sec: 5.968
[1;92m[+] [0mEnabled environment variable AFL_BENCH_UNTIL_CRASH with value 1[0m
[1;92m[+] [0mEnabled environment variable AFL_IGNORE_SEED_PROBLEMS with value 1[0m
[1;92m[+] [0mEnabled environment variable AFL_I_DONT_CARE_ABOUT_MISSING_CRASHES with value 1[0m
[1;92m[+] [0mEnabled environment variable AFL_SKIP_CPUFREQ with value 1[0m
[1;92m[+] [0mEnabled environment variable AFL_TRY_AFFINITY with value 1[0m
[1;93m[!] [1;97mWARNING: [0mPotentially mistyped AFL environment variable: USE_PCM_DB=2, did you mean AFL_USE_PCM_DB=2?[0m
[0;36mafl-fuzz++4.09a[0m based on afl by Michal Zalewski and a large online community
[1;92m[+] [0mAFL++ is maintained by Marc "van Hauser" Heuse, Dominik Maier, Andrea Fioraldi and Heiko "hexcoder" Eißfeldt[0m
[1;92m[+] [0mAFL++ is open source, get it at https://github.com/AFLplusplus/AFLplusplus[0m
[1;92m[+] [0mNOTE: AFL++ >= v3 has changed defaults and behaviours - see README.md[0m
[1;92m[+] [0mNo -M/-S set, autoconfiguring for "-S default"[0m
[1;94m[*] [0mGetting to work...[0m
[1;92m[+] [0mUsing exponential power schedule (FAST)[0m
[1;92m[+] [0mEnabled testcache with 50 MB[0m
[1;92m[+] [0mGenerating fuzz data with a length of min=1 max=1048576[0m
[1;94m[*] [0mChecking core_pattern...[0m

[1;91m[-] [0mHmm, your system is configured to send core dump notifications to an
    external utility. This will cause issues: there will be an extended delay
    between stumbling upon a crash and having this information relayed to the
    fuzzer via the standard waitpid() API.
    If you're just testing, set 'AFL_I_DONT_CARE_ABOUT_MISSING_CRASHES=1'.

    To avoid having crashes misinterpreted as timeouts, please log in as root
    and temporarily modify /proc/sys/kernel/core_pattern, like so:

    echo core >/proc/sys/kernel/core_pattern
[1;92m[+] [0mLooks like we're not running on a tty, so I'll be a bit less verbose.[0m
[1;92m[+] [0mYou have 36 CPU cores and 2 runnable tasks (utilization: 6%).[0m
[1;92m[+] [0mTry parallel jobs - see /usr/local/share/doc/afl/fuzzing_in_depth.md#c-using-multiple-cores[0m
[1;94m[*] [0mSetting up output directories...[0m
[1;94m[*] [0mChecking CPU core loadout...[0m
[1;92m[+] [0mFound a free CPU core, try binding to #1.[0m
[1;94m[*] [0mScanning 'afl-indir'...[0m
[1;92m[+] [0mLoaded a total of 1 seeds.[0m
[1;94m[*] [0mCreating hard links for all input files...[0m
[1;94m[*] [0mValidating target binary...[0m
[1;94m[*] [0mSpinning up the fork server...[0m
[1;92m[+] [0mAll right - fork server is up.[0m
[1;94m[*] [0mTarget map size: 74[0m
[1;94m[*] [0mNo auto-generated dictionary tokens to reuse.[0m
[1;94m[*] [0mLoading extra dictionary from 'afl-inputs.dict' (level 0)...[0m
[1;94m[*] [0mLoaded 80 extra tokens, size range 4 B to 6 B.[0m
[1;92m[+] [0mLoaded a total of 6 extras.[0m
[1;94m[*] [0mAttempting dry run with 'id:000000,time:0,execs:0,orig:testcase.txt'...[0m
[1;90m    len = 3, map size = 19, exec speed = 3849 us, hash = ca589d48df9abc58
[0m[1;92m[+] [0mAll test cases processed.[0m
[1;92m[+] [0mHere are some useful stats:

[1;90m    Test case count : [0m1 favored, 0 variable, 0 ignored, 1 total
[1;90m       Bitmap range : [0m19 to 19 bits (average: 19.00 bits)
[1;90m        Exec timing : [0m3849 to 3849 us (average: 3849 us)
[0m
[1;94m[*] [0mNo -t option specified, so I'll use an exec timeout of 20 ms.[0m
[1;92m[+] [0mAll set and ready to roll![0m
[1;94m[*] [0mEntering queue cycle 1.[0m
[1;94m[*] [0mFuzzing test case #0 (1 total, 0 crashes saved, state: started :-), mode=explore, perf_score=0, weight=0, favorite=1, was_fuzzed=0, exec_us=3849, hits=0, map=19, ascii=0, run_time=0:00:00:00)...[0m
[1;92m[+] [0mEnabled environment variable AFL_BENCH_UNTIL_CRASH with value 1[0m
[1;92m[+] [0mEnabled environment variable AFL_IGNORE_SEED_PROBLEMS with value 1[0m
[1;92m[+] [0mEnabled environment variable AFL_I_DONT_CARE_ABOUT_MISSING_CRASHES with value 1[0m
[1;92m[+] [0mEnabled environment variable AFL_SKIP_CPUFREQ with value 1[0m
[1;92m[+] [0mEnabled environment variable AFL_TRY_AFFINITY with value 1[0m
[1;93m[!] [1;97mWARNING: [0mPotentially mistyped AFL environment variable: USE_PCM_DB=2, did you mean AFL_USE_PCM_DB=2?[0m
[0;36mafl-fuzz++4.09a[0m based on afl by Michal Zalewski and a large online community
[1;92m[+] [0mAFL++ is maintained by Marc "van Hauser" Heuse, Dominik Maier, Andrea Fioraldi and Heiko "hexcoder" Eißfeldt[0m
[1;92m[+] [0mAFL++ is open source, get it at https://github.com/AFLplusplus/AFLplusplus[0m
[1;92m[+] [0mNOTE: AFL++ >= v3 has changed defaults and behaviours - see README.md[0m
[1;92m[+] [0mNo -M/-S set, autoconfiguring for "-S default"[0m
[1;94m[*] [0mGetting to work...[0m
[1;92m[+] [0mUsing exponential power schedule (FAST)[0m
[1;92m[+] [0mEnabled testcache with 50 MB[0m
[1;92m[+] [0mGenerating fuzz data with a length of min=1 max=1048576[0m
[1;94m[*] [0mChecking core_pattern...[0m

[1;91m[-] [0mHmm, your system is configured to send core dump notifications to an
    external utility. This will cause issues: there will be an extended delay
    between stumbling upon a crash and having this information relayed to the
    fuzzer via the standard waitpid() API.
    If you're just testing, set 'AFL_I_DONT_CARE_ABOUT_MISSING_CRASHES=1'.

    To avoid having crashes misinterpreted as timeouts, please log in as root
    and temporarily modify /proc/sys/kernel/core_pattern, like so:

    echo core >/proc/sys/kernel/core_pattern
[1;92m[+] [0mLooks like we're not running on a tty, so I'll be a bit less verbose.[0m
[1;92m[+] [0mYou have 36 CPU cores and 11 runnable tasks (utilization: 31%).[0m
[1;92m[+] [0mTry parallel jobs - see /usr/local/share/doc/afl/fuzzing_in_depth.md#c-using-multiple-cores[0m
[1;94m[*] [0mSetting up output directories...[0m
[1;94m[*] [0mChecking CPU core loadout...[0m
[1;92m[+] [0mFound a free CPU core, try binding to #4.[0m
[1;94m[*] [0mScanning 'our-indir'...[0m
[1;92m[+] [0mLoaded a total of 1 seeds.[0m
[1;94m[*] [0mCreating hard links for all input files...[0m
[1;94m[*] [0mValidating target binary...[0m
[1;94m[*] [0mSpinning up the fork server...[0m
[1;92m[+] [0mAll right - fork server is up.[0m
[1;94m[*] [0mTarget map size: 74[0m
[1;94m[*] [0mNo auto-generated dictionary tokens to reuse.[0m
[1;94m[*] [0mLoading extra dictionary from 'our-inputs.dict' (level 0)...[0m
[1;94m[*] [0mLoaded 80 extra tokens, size range 4 B to 6 B.[0m
[1;92m[+] [0mLoaded a total of 6 extras.[0m
[1;94m[*] [0mAttempting dry run with 'id:000000,time:0,execs:0,orig:variables.txt'...[0m
[1;90m    len = 560, map size = 20, exec speed = 4406 us, hash = fe825d59491019c6
[0m[1;92m[+] [0mAll test cases processed.[0m
[1;92m[+] [0mHere are some useful stats:

[1;90m    Test case count : [0m1 favored, 0 variable, 0 ignored, 1 total
[1;90m       Bitmap range : [0m20 to 20 bits (average: 20.00 bits)
[1;90m        Exec timing : [0m4406 to 4406 us (average: 4406 us)
[0m
[1;94m[*] [0mNo -t option specified, so I'll use an exec timeout of 40 ms.[0m
[1;92m[+] [0mAll set and ready to roll![0m
[1;94m[*] [0mEntering queue cycle 1.[0m
[1;94m[*] [0mFuzzing test case #0 (1 total, 0 crashes saved, state: started :-), mode=explore, perf_score=0, weight=0, favorite=1, was_fuzzed=0, exec_us=4406, hits=0, map=20, ascii=0, run_time=0:00:00:00)...[0m
[Objective #0] run time: 0h-0m-2s, clients: 1, corpus: 2, objectives: 15, executions: 12, exec/sec: 5.585
[1;94m[*] [0mFuzzing test case #1 (2 total, 0 crashes saved, state: started :-), mode=explore, perf_score=0, weight=0, favorite=1, was_fuzzed=0, exec_us=8473, hits=1, map=20, ascii=0, run_time=0:00:00:00)...[0m
[Objective #0] run time: 0h-0m-2s, clients: 1, corpus: 2, objectives: 16, executions: 12, exec/sec: 5.243
[1;94m[*] [0mFuzzing test case #0 (2 total, 0 crashes saved, state: started :-), mode=explore, perf_score=459, weight=23, favorite=1, was_fuzzed=1, exec_us=3849, hits=0, map=19, ascii=0, run_time=0:00:00:00)...[0m
[Objective #0] run time: 0h-0m-2s, clients: 1, corpus: 2, objectives: 17, executions: 12, exec/sec: 4.982
[Objective #0] run time: 0h-0m-2s, clients: 1, corpus: 2, objectives: 18, executions: 12, exec/sec: 4.732
[Objective #0] run time: 0h-0m-2s, clients: 1, corpus: 2, objectives: 19, executions: 12, exec/sec: 4.478
[Objective #0] run time: 0h-0m-2s, clients: 1, corpus: 2, objectives: 20, executions: 12, exec/sec: 4.258
[Objective #0] run time: 0h-0m-2s, clients: 1, corpus: 2, objectives: 21, executions: 12, exec/sec: 4.071
[Objective #0] run time: 0h-0m-3s, clients: 1, corpus: 2, objectives: 22, executions: 12, exec/sec: 3.888
[Objective #0] run time: 0h-0m-3s, clients: 1, corpus: 2, objectives: 23, executions: 12, exec/sec: 3.729
[Objective #0] run time: 0h-0m-3s, clients: 1, corpus: 2, objectives: 24, executions: 12, exec/sec: 3.582
[Objective #0] run time: 0h-0m-3s, clients: 1, corpus: 2, objectives: 25, executions: 12, exec/sec: 3.422
[Objective #0] run time: 0h-0m-3s, clients: 1, corpus: 2, objectives: 26, executions: 12, exec/sec: 3.292
[Objective #0] run time: 0h-0m-3s, clients: 1, corpus: 2, objectives: 27, executions: 12, exec/sec: 3.175
[Objective #0] run time: 0h-0m-3s, clients: 1, corpus: 2, objectives: 28, executions: 12, exec/sec: 3.053
[Objective #0] run time: 0h-0m-4s, clients: 1, corpus: 2, objectives: 29, executions: 12, exec/sec: 2.936
[Objective #0] run time: 0h-0m-4s, clients: 1, corpus: 2, objectives: 30, executions: 12, exec/sec: 2.840
[Objective #0] run time: 0h-0m-4s, clients: 1, corpus: 2, objectives: 31, executions: 12, exec/sec: 2.755
[Objective #0] run time: 0h-0m-4s, clients: 1, corpus: 2, objectives: 32, executions: 12, exec/sec: 2.664
[Objective #0] run time: 0h-0m-4s, clients: 1, corpus: 2, objectives: 33, executions: 12, exec/sec: 2.589
[Objective #0] run time: 0h-0m-4s, clients: 1, corpus: 2, objectives: 34, executions: 12, exec/sec: 2.513
[Objective #0] run time: 0h-0m-4s, clients: 1, corpus: 2, objectives: 35, executions: 12, exec/sec: 2.452
[Objective #0] run time: 0h-0m-5s, clients: 1, corpus: 2, objectives: 36, executions: 12, exec/sec: 2.380
[Objective #0] run time: 0h-0m-5s, clients: 1, corpus: 2, objectives: 37, executions: 12, exec/sec: 2.322
[Objective #0] run time: 0h-0m-5s, clients: 1, corpus: 2, objectives: 38, executions: 12, exec/sec: 2.263
[Objective #0] run time: 0h-0m-5s, clients: 1, corpus: 2, objectives: 39, executions: 12, exec/sec: 2.204
[Objective #0] run time: 0h-0m-5s, clients: 1, corpus: 2, objectives: 40, executions: 12, exec/sec: 2.146
[Objective #0] run time: 0h-0m-5s, clients: 1, corpus: 2, objectives: 41, executions: 12, exec/sec: 2.086
[Objective #0] run time: 0h-0m-5s, clients: 1, corpus: 2, objectives: 42, executions: 12, exec/sec: 2.022
[Objective #0] run time: 0h-0m-6s, clients: 1, corpus: 2, objectives: 43, executions: 12, exec/sec: 1.975
[Objective #0] run time: 0h-0m-6s, clients: 1, corpus: 2, objectives: 44, executions: 12, exec/sec: 1.927
[Objective #0] run time: 0h-0m-6s, clients: 1, corpus: 2, objectives: 45, executions: 12, exec/sec: 1.886
[Objective #0] run time: 0h-0m-6s, clients: 1, corpus: 2, objectives: 46, executions: 12, exec/sec: 1.843
[Objective #0] run time: 0h-0m-6s, clients: 1, corpus: 2, objectives: 47, executions: 12, exec/sec: 1.808
[Objective #0] run time: 0h-0m-6s, clients: 1, corpus: 2, objectives: 48, executions: 12, exec/sec: 1.768
[Objective #0] run time: 0h-0m-6s, clients: 1, corpus: 2, objectives: 49, executions: 12, exec/sec: 1.733
[Objective #0] run time: 0h-0m-7s, clients: 1, corpus: 2, objectives: 50, executions: 12, exec/sec: 1.698
[Objective #0] run time: 0h-0m-7s, clients: 1, corpus: 2, objectives: 51, executions: 12, exec/sec: 1.663
[Objective #0] run time: 0h-0m-7s, clients: 1, corpus: 2, objectives: 52, executions: 12, exec/sec: 1.633
[Objective #0] run time: 0h-0m-7s, clients: 1, corpus: 2, objectives: 53, executions: 12, exec/sec: 1.604
[Objective #0] run time: 0h-0m-7s, clients: 1, corpus: 2, objectives: 54, executions: 12, exec/sec: 1.576
[Objective #0] run time: 0h-0m-7s, clients: 1, corpus: 2, objectives: 55, executions: 12, exec/sec: 1.551
[Objective #0] run time: 0h-0m-7s, clients: 1, corpus: 2, objectives: 56, executions: 12, exec/sec: 1.521
[Objective #0] run time: 0h-0m-8s, clients: 1, corpus: 2, objectives: 57, executions: 12, exec/sec: 1.496
[Objective #0] run time: 0h-0m-8s, clients: 1, corpus: 2, objectives: 58, executions: 12, exec/sec: 1.471
[Objective #0] run time: 0h-0m-8s, clients: 1, corpus: 2, objectives: 59, executions: 12, exec/sec: 1.446
[Objective #0] run time: 0h-0m-8s, clients: 1, corpus: 2, objectives: 60, executions: 12, exec/sec: 1.423
[Objective #0] run time: 0h-0m-8s, clients: 1, corpus: 2, objectives: 61, executions: 12, exec/sec: 1.400
[Objective #0] run time: 0h-0m-8s, clients: 1, corpus: 2, objectives: 62, executions: 12, exec/sec: 1.380
[Objective #0] run time: 0h-0m-8s, clients: 1, corpus: 2, objectives: 63, executions: 12, exec/sec: 1.356
[Objective #0] run time: 0h-0m-8s, clients: 1, corpus: 2, objectives: 64, executions: 12, exec/sec: 1.334
[Objective #0] run time: 0h-0m-9s, clients: 1, corpus: 2, objectives: 65, executions: 12, exec/sec: 1.316
[Objective #0] run time: 0h-0m-9s, clients: 1, corpus: 2, objectives: 66, executions: 12, exec/sec: 1.298
[Objective #0] run time: 0h-0m-9s, clients: 1, corpus: 2, objectives: 67, executions: 12, exec/sec: 1.279
[Objective #0] run time: 0h-0m-9s, clients: 1, corpus: 2, objectives: 68, executions: 12, exec/sec: 1.262
[Objective #0] run time: 0h-0m-9s, clients: 1, corpus: 2, objectives: 69, executions: 12, exec/sec: 1.244
[Objective #0] run time: 0h-0m-9s, clients: 1, corpus: 2, objectives: 70, executions: 12, exec/sec: 1.223
[Objective #0] run time: 0h-0m-9s, clients: 1, corpus: 2, objectives: 71, executions: 12, exec/sec: 1.207
[Objective #0] run time: 0h-0m-10s, clients: 1, corpus: 2, objectives: 72, executions: 12, exec/sec: 1.189
[Objective #0] run time: 0h-0m-10s, clients: 1, corpus: 2, objectives: 73, executions: 12, exec/sec: 1.175
[Objective #0] run time: 0h-0m-10s, clients: 1, corpus: 2, objectives: 74, executions: 12, exec/sec: 1.158
[Objective #0] run time: 0h-0m-10s, clients: 1, corpus: 2, objectives: 75, executions: 12, exec/sec: 1.143
Crash limit reached: 1
[?25h[1;91m

+++ Testing aborted programmatically +++
[0m[1;94m[*] [0mStatistics: 18 new corpus items found, 41.89% coverage achieved, 1 crashes saved, 0 timeouts saved, total runtime 0 days, 0 hrs, 0 min, 40 sec[0m
[1;92m[+] [0mWe're done here. Have a nice day!
[0m
[1;94m[*] [0mFuzzing test case #6 (9 total, 0 crashes saved, state: started :-), mode=explore, perf_score=0, weight=0, favorite=1, was_fuzzed=0, exec_us=7303, hits=17, map=19, ascii=0, run_time=0:00:01:19)...[0m
[1;94m[*] [0mFuzzing test case #3 (9 total, 0 crashes saved, state: started :-), mode=explore, perf_score=150, weight=10, favorite=1, was_fuzzed=0, exec_us=2089, hits=270, map=20, ascii=0, run_time=0:00:01:19)...[0m
[1;94m[*] [0mFuzzing test case #0 (9 total, 0 crashes saved, state: started :-), mode=explore, perf_score=459, weight=60, favorite=1, was_fuzzed=1, exec_us=3849, hits=0, map=19, ascii=0, run_time=0:00:01:20)...[0m
[1;94m[*] [0mFuzzing test case #0 (9 total, 0 crashes saved, state: started :-), mode=explore, perf_score=459, weight=60, favorite=1, was_fuzzed=1, exec_us=3849, hits=0, map=19, ascii=0, run_time=0:00:01:47)...[0m
[1;94m[*] [0mFuzzing test case #3 (9 total, 0 crashes saved, state: started :-), mode=explore, perf_score=172, weight=5, favorite=1, was_fuzzed=1, exec_us=2089, hits=396, map=20, ascii=0, run_time=0:00:01:48)...[0m
[1;94m[*] [0mFuzzing test case #0 (9 total, 0 crashes saved, state: started :-), mode=explore, perf_score=459, weight=60, favorite=1, was_fuzzed=1, exec_us=3849, hits=0, map=19, ascii=0, run_time=0:00:01:48)...[0m
[1;94m[*] [0mFuzzing test case #0 (9 total, 0 crashes saved, state: started :-), mode=explore, perf_score=459, weight=60, favorite=1, was_fuzzed=1, exec_us=3849, hits=0, map=19, ascii=0, run_time=0:00:01:49)...[0m
[1;94m[*] [0mFuzzing test case #0 (9 total, 0 crashes saved, state: started :-), mode=explore, perf_score=459, weight=60, favorite=1, was_fuzzed=1, exec_us=3849, hits=0, map=19, ascii=0, run_time=0:00:01:50)...[0m
[1;94m[*] [0mFuzzing test case #0 (9 total, 0 crashes saved, state: started :-), mode=explore, perf_score=459, weight=60, favorite=1, was_fuzzed=1, exec_us=3849, hits=0, map=19, ascii=0, run_time=0:00:01:51)...[0m
[1;94m[*] [0mFuzzing test case #0 (9 total, 0 crashes saved, state: started :-), mode=explore, perf_score=459, weight=60, favorite=1, was_fuzzed=1, exec_us=3849, hits=0, map=19, ascii=0, run_time=0:00:01:51)...[0m
[1;94m[*] [0mEntering queue cycle 2.[0m
[1;94m[*] [0mFuzzing test case #0 (9 total, 0 crashes saved, state: started :-), mode=explore, perf_score=459, weight=60, favorite=1, was_fuzzed=1, exec_us=3849, hits=0, map=19, ascii=0, run_time=0:00:01:52)...[0m
[1;94m[*] [0mFuzzing test case #0 (9 total, 0 crashes saved, state: started :-), mode=explore, perf_score=459, weight=60, favorite=1, was_fuzzed=1, exec_us=3849, hits=0, map=19, ascii=0, run_time=0:00:01:53)...[0m
[1;94m[*] [0mFuzzing test case #0 (9 total, 0 crashes saved, state: started :-), mode=explore, perf_score=459, weight=60, favorite=1, was_fuzzed=1, exec_us=3849, hits=0, map=19, ascii=0, run_time=0:00:02:15)...[0m
[1;94m[*] [0mFuzzing test case #3 (9 total, 0 crashes saved, state: started :-), mode=explore, perf_score=172, weight=5, favorite=1, was_fuzzed=1, exec_us=2089, hits=685, map=20, ascii=0, run_time=0:00:02:16)...[0m
[1;94m[*] [0mFuzzing test case #0 (9 total, 0 crashes saved, state: started :-), mode=explore, perf_score=459, weight=60, favorite=1, was_fuzzed=1, exec_us=3849, hits=0, map=19, ascii=0, run_time=0:00:02:17)...[0m
[1;94m[*] [0mFuzzing test case #7 (9 total, 0 crashes saved, state: started :-), mode=explore, perf_score=100, weight=0, favorite=0, was_fuzzed=0, exec_us=6382, hits=332, map=20, ascii=0, run_time=0:00:02:17)...[0m
[1;94m[*] [0mFuzzing test case #0 (9 total, 0 crashes saved, state: started :-), mode=explore, perf_score=459, weight=60, favorite=1, was_fuzzed=1, exec_us=3849, hits=0, map=19, ascii=0, run_time=0:00:02:18)...[0m
[1;94m[*] [0mFuzzing test case #0 (9 total, 0 crashes saved, state: started :-), mode=explore, perf_score=459, weight=60, favorite=1, was_fuzzed=1, exec_us=3849, hits=0, map=19, ascii=0, run_time=0:00:02:19)...[0m
[1;94m[*] [0mFuzzing test case #0 (9 total, 0 crashes saved, state: started :-), mode=explore, perf_score=459, weight=60, favorite=1, was_fuzzed=1, exec_us=3849, hits=0, map=19, ascii=0, run_time=0:00:02:19)...[0m
[1;94m[*] [0mFuzzing test case #0 (9 total, 0 crashes saved, state: started :-), mode=explore, perf_score=459, weight=60, favorite=1, was_fuzzed=1, exec_us=3849, hits=0, map=19, ascii=0, run_time=0:00:02:20)...[0m
[1;94m[*] [0mFuzzing test case #0 (9 total, 0 crashes saved, state: started :-), mode=explore, perf_score=459, weight=60, favorite=1, was_fuzzed=1, exec_us=3849, hits=0, map=19, ascii=0, run_time=0:00:02:45)...[0m
[1;94m[*] [0mEntering queue cycle 3.[0m
[1;94m[*] [0mFuzzing test case #0 (9 total, 0 crashes saved, state: started :-), mode=explore, perf_score=459, weight=60, favorite=1, was_fuzzed=1, exec_us=3849, hits=0, map=19, ascii=0, run_time=0:00:02:46)...[0m
[1;94m[*] [0mFuzzing test case #0 (9 total, 0 crashes saved, state: started :-), mode=explore, perf_score=459, weight=60, favorite=1, was_fuzzed=1, exec_us=3849, hits=0, map=19, ascii=0, run_time=0:00:02:46)...[0m
[1;94m[*] [0mFuzzing test case #15 (16 total, 0 crashes saved, state: started :-), mode=explore, perf_score=0, weight=0, favorite=1, was_fuzzed=0, exec_us=1351, hits=1, map=19, ascii=0, run_time=0:00:03:38)...[0m
[1;94m[*] [0mFuzzing test case #13 (16 total, 0 crashes saved, state: started :-), mode=explore, perf_score=300, weight=41, favorite=1, was_fuzzed=0, exec_us=1426, hits=1, map=21, ascii=0, run_time=0:00:03:38)...[0m
[1;94m[*] [0mFuzzing test case #21 (28 total, 0 crashes saved, state: started :-), mode=explore, perf_score=0, weight=0, favorite=1, was_fuzzed=0, exec_us=1318, hits=11, map=21, ascii=0, run_time=0:00:04:37)...[0m
[1;94m[*] [0mFuzzing test case #19 (28 total, 0 crashes saved, state: started :-), mode=explore, perf_score=200, weight=30, favorite=1, was_fuzzed=0, exec_us=1702, hits=1, map=23, ascii=0, run_time=0:00:04:37)...[0m
[1;94m[*] [0mFuzzing test case #24 (30 total, 0 crashes saved, state: started :-), mode=explore, perf_score=200, weight=72, favorite=1, was_fuzzed=0, exec_us=1374, hits=1, map=23, ascii=0, run_time=0:00:04:38)...[0m
[1;94m[*] [0mFuzzing test case #26 (31 total, 0 crashes saved, state: started :-), mode=explore, perf_score=300, weight=40, favorite=1, was_fuzzed=0, exec_us=1298, hits=1, map=25, ascii=0, run_time=0:00:04:40)...[0m
[1;94m[*] [0mFuzzing test case #18 (31 total, 0 crashes saved, state: in progress, mode=explore, perf_score=200, weight=18, favorite=1, was_fuzzed=0, exec_us=1350, hits=17, map=21, ascii=0, run_time=0:00:05:00)...[0m
[1;94m[*] [0mFuzzing test case #31 (33 total, 0 crashes saved, state: in progress, mode=explore, perf_score=0, weight=0, favorite=1, was_fuzzed=0, exec_us=1249, hits=1, map=23, ascii=0, run_time=0:00:05:01)...[0m
[1;94m[*] [0mFuzzing test case #28 (33 total, 0 crashes saved, state: in progress, mode=explore, perf_score=400, weight=31, favorite=1, was_fuzzed=0, exec_us=1278, hits=2, map=23, ascii=0, run_time=0:00:05:01)...[0m
[1;94m[*] [0mFuzzing test case #12 (35 total, 0 crashes saved, state: in progress, mode=explore, perf_score=100, weight=15, favorite=1, was_fuzzed=0, exec_us=1416, hits=25, map=21, ascii=0, run_time=0:00:05:04)...[0m
[1;94m[*] [0mFuzzing test case #15 (37 total, 0 crashes saved, state: in progress, mode=explore, perf_score=459, weight=193, favorite=1, was_fuzzed=1, exec_us=1351, hits=1, map=19, ascii=0, run_time=0:00:05:05)...[0m
[1;94m[*] [0mFuzzing test case #37 (42 total, 0 crashes saved, state: in progress, mode=explore, perf_score=0, weight=0, favorite=1, was_fuzzed=0, exec_us=1288, hits=1, map=24, ascii=0, run_time=0:00:05:34)...[0m
[1;94m[*] [0mFuzzing test case #37 (42 total, 0 crashes saved, state: in progress, mode=explore, perf_score=919, weight=43, favorite=1, was_fuzzed=1, exec_us=1288, hits=1, map=24, ascii=0, run_time=0:00:05:34)...[0m
[1;94m[*] [0mFuzzing test case #15 (44 total, 0 crashes saved, state: in progress, mode=explore, perf_score=345, weight=105, favorite=1, was_fuzzed=1, exec_us=1351, hits=9, map=19, ascii=0, run_time=0:00:05:39)...[0m
[1;94m[*] [0mFuzzing test case #37 (45 total, 0 crashes saved, state: in progress, mode=explore, perf_score=114, weight=12, favorite=1, was_fuzzed=1, exec_us=1288, hits=470, map=24, ascii=0, run_time=0:00:05:41)...[0m
[1;94m[*] [0mFuzzing test case #14 (45 total, 0 crashes saved, state: in progress, mode=explore, perf_score=100, weight=1, favorite=0, was_fuzzed=0, exec_us=1363, hits=104, map=21, ascii=0, run_time=0:00:06:05)...[0m
[1;94m[*] [0mFuzzing test case #15 (45 total, 0 crashes saved, state: in progress, mode=explore, perf_score=229, weight=86, favorite=1, was_fuzzed=1, exec_us=1351, hits=25, map=19, ascii=0, run_time=0:00:06:05)...[0m
[1;94m[*] [0mFuzzing test case #15 (45 total, 0 crashes saved, state: in progress, mode=explore, perf_score=229, weight=86, favorite=1, was_fuzzed=1, exec_us=1351, hits=32, map=19, ascii=0, run_time=0:00:06:06)...[0m
[1;94m[*] [0mFuzzing test case #13 (45 total, 0 crashes saved, state: in progress, mode=explore, perf_score=114, weight=4, favorite=1, was_fuzzed=1, exec_us=1426, hits=1022, map=21, ascii=0, run_time=0:00:06:07)...[0m
[1;94m[*] [0mFuzzing test case #15 (45 total, 0 crashes saved, state: in progress, mode=explore, perf_score=229, weight=86, favorite=1, was_fuzzed=1, exec_us=1351, hits=42, map=19, ascii=0, run_time=0:00:06:08)...[0m
[1;94m[*] [0mFuzzing test case #15 (46 total, 0 crashes saved, state: in progress, mode=explore, perf_score=114, weight=81, favorite=1, was_fuzzed=1, exec_us=1351, hits=46, map=19, ascii=0, run_time=0:00:06:09)...[0m
[1;94m[*] [0mFuzzing test case #15 (47 total, 0 crashes saved, state: in progress, mode=explore, perf_score=114, weight=81, favorite=1, was_fuzzed=1, exec_us=1351, hits=52, map=19, ascii=0, run_time=0:00:06:10)...[0m
[1;94m[*] [0mFuzzing test case #15 (47 total, 0 crashes saved, state: in progress, mode=explore, perf_score=114, weight=81, favorite=1, was_fuzzed=1, exec_us=1351, hits=52, map=19, ascii=0, run_time=0:00:06:10)...[0m
[1;94m[*] [0mFuzzing test case #15 (47 total, 0 crashes saved, state: in progress, mode=explore, perf_score=114, weight=81, favorite=1, was_fuzzed=1, exec_us=1351, hits=53, map=19, ascii=0, run_time=0:00:06:11)...[0m
[1;94m[*] [0mFuzzing test case #15 (47 total, 0 crashes saved, state: in progress, mode=explore, perf_score=114, weight=81, favorite=1, was_fuzzed=1, exec_us=1351, hits=58, map=19, ascii=0, run_time=0:00:06:11)...[0m
[1;94m[*] [0mFuzzing test case #15 (47 total, 0 crashes saved, state: in progress, mode=explore, perf_score=114, weight=81, favorite=1, was_fuzzed=1, exec_us=1351, hits=65, map=19, ascii=0, run_time=0:00:06:36)...[0m
[1;94m[*] [0mFuzzing test case #15 (47 total, 0 crashes saved, state: in progress, mode=explore, perf_score=114, weight=81, favorite=1, was_fuzzed=1, exec_us=1351, hits=70, map=19, ascii=0, run_time=0:00:06:36)...[0m
[1;94m[*] [0mFuzzing test case #0 (47 total, 0 crashes saved, state: in progress, mode=explore, perf_score=345, weight=7, favorite=1, was_fuzzed=1, exec_us=3849, hits=0, map=19, ascii=0, run_time=0:00:06:36)...[0m
[1;94m[*] [0mFuzzing test case #37 (47 total, 0 crashes saved, state: in progress, mode=explore, perf_score=114, weight=13, favorite=1, was_fuzzed=1, exec_us=1288, hits=500, map=24, ascii=0, run_time=0:00:06:37)...[0m
[1;94m[*] [0mFuzzing test case #15 (47 total, 0 crashes saved, state: in progress, mode=explore, perf_score=114, weight=81, favorite=1, was_fuzzed=1, exec_us=1351, hits=73, map=19, ascii=0, run_time=0:00:06:37)...[0m
[1;94m[*] [0mFuzzing test case #28 (47 total, 0 crashes saved, state: in progress, mode=explore, perf_score=229, weight=6, favorite=1, was_fuzzed=1, exec_us=1278, hits=276, map=23, ascii=0, run_time=0:00:06:38)...[0m
[1;94m[*] [0mFuzzing test case #47 (48 total, 0 crashes saved, state: in progress, mode=explore, perf_score=0, weight=0, favorite=1, was_fuzzed=0, exec_us=1740, hits=1, map=26, ascii=0, run_time=0:00:06:39)...[0m
[1;94m[*] [0mFuzzing test case #24 (48 total, 0 crashes saved, state: in progress, mode=explore, perf_score=229, weight=9, favorite=1, was_fuzzed=1, exec_us=1374, hits=19, map=23, ascii=0, run_time=0:00:06:39)...[0m
[1;94m[*] [0mFuzzing test case #15 (48 total, 0 crashes saved, state: in progress, mode=explore, perf_score=114, weight=75, favorite=1, was_fuzzed=1, exec_us=1351, hits=73, map=19, ascii=0, run_time=0:00:06:40)...[0m
[1;94m[*] [0mFuzzing test case #15 (48 total, 0 crashes saved, state: in progress, mode=explore, perf_score=114, weight=75, favorite=1, was_fuzzed=1, exec_us=1351, hits=78, map=19, ascii=0, run_time=0:00:06:41)...[0m
[1;94m[*] [0mFuzzing test case #41 (48 total, 0 crashes saved, state: in progress, mode=explore, perf_score=100, weight=3, favorite=0, was_fuzzed=0, exec_us=1283, hits=1, map=23, ascii=0, run_time=0:00:06:41)...[0m
[1;94m[*] [0mFuzzing test case #28 (48 total, 0 crashes saved, state: in progress, mode=explore, perf_score=229, weight=6, favorite=1, was_fuzzed=1, exec_us=1278, hits=297, map=23, ascii=0, run_time=0:00:06:42)...[0m
[1;94m[*] [0mFuzzing test case #15 (48 total, 0 crashes saved, state: in progress, mode=explore, perf_score=114, weight=75, favorite=1, was_fuzzed=1, exec_us=1351, hits=78, map=19, ascii=0, run_time=0:00:06:54)...[0m
[1;94m[*] [0mFuzzing test case #48 (49 total, 0 crashes saved, state: in progress, mode=explore, perf_score=0, weight=0, favorite=1, was_fuzzed=0, exec_us=1466, hits=1, map=24, ascii=0, run_time=0:00:06:54)...[0m
[1;94m[*] [0mFuzzing test case #15 (49 total, 0 crashes saved, state: in progress, mode=explore, perf_score=114, weight=72, favorite=1, was_fuzzed=1, exec_us=1351, hits=92, map=19, ascii=0, run_time=0:00:06:54)...[0m
[1;94m[*] [0mFuzzing test case #49 (50 total, 0 crashes saved, state: in progress, mode=explore, perf_score=0, weight=0, favorite=1, was_fuzzed=0, exec_us=1459, hits=1, map=25, ascii=0, run_time=0:00:07:13)...[0m
[1;94m[*] [0mFuzzing test case #15 (50 total, 0 crashes saved, state: in progress, mode=explore, perf_score=114, weight=72, favorite=1, was_fuzzed=1, exec_us=1351, hits=100, map=19, ascii=0, run_time=0:00:07:13)...[0m
[1;94m[*] [0mFuzzing test case #15 (50 total, 0 crashes saved, state: in progress, mode=explore, perf_score=114, weight=71, favorite=1, was_fuzzed=1, exec_us=1351, hits=111, map=19, ascii=0, run_time=0:00:07:13)...[0m
[1;94m[*] [0mFuzzing test case #24 (51 total, 0 crashes saved, state: in progress, mode=explore, perf_score=114, weight=8, favorite=1, was_fuzzed=1, exec_us=1374, hits=35, map=23, ascii=0, run_time=0:00:07:14)...[0m
[1;94m[*] [0mFuzzing test case #15 (51 total, 0 crashes saved, state: in progress, mode=explore, perf_score=114, weight=71, favorite=1, was_fuzzed=1, exec_us=1351, hits=123, map=19, ascii=0, run_time=0:00:07:14)...[0m
[1;94m[*] [0mFuzzing test case #15 (51 total, 0 crashes saved, state: in progress, mode=explore, perf_score=114, weight=71, favorite=1, was_fuzzed=1, exec_us=1351, hits=127, map=19, ascii=0, run_time=0:00:07:15)...[0m
[1;94m[*] [0mFuzzing test case #37 (51 total, 0 crashes saved, state: in progress, mode=explore, perf_score=114, weight=12, favorite=1, was_fuzzed=1, exec_us=1288, hits=512, map=24, ascii=0, run_time=0:00:07:15)...[0m
[1;94m[*] [0mFuzzing test case #21 (51 total, 0 crashes saved, state: in progress, mode=explore, perf_score=114, weight=8, favorite=1, was_fuzzed=1, exec_us=1318, hits=36, map=21, ascii=0, run_time=0:00:07:16)...[0m
[1;94m[*] [0mFuzzing test case #15 (51 total, 0 crashes saved, state: in progress, mode=explore, perf_score=114, weight=71, favorite=1, was_fuzzed=1, exec_us=1351, hits=133, map=19, ascii=0, run_time=0:00:07:16)...[0m
[1;94m[*] [0mFuzzing test case #15 (51 total, 0 crashes saved, state: in progress, mode=explore, perf_score=114, weight=71, favorite=1, was_fuzzed=1, exec_us=1351, hits=135, map=19, ascii=0, run_time=0:00:07:17)...[0m
[1;94m[*] [0mFuzzing test case #13 (51 total, 0 crashes saved, state: in progress, mode=explore, perf_score=114, weight=5, favorite=1, was_fuzzed=1, exec_us=1426, hits=1047, map=21, ascii=0, run_time=0:00:07:17)...[0m
[1;94m[*] [0mFuzzing test case #48 (51 total, 0 crashes saved, state: in progress, mode=explore, perf_score=459, weight=18, favorite=1, was_fuzzed=1, exec_us=1466, hits=1, map=24, ascii=0, run_time=0:00:07:17)...[0m
[?25h[1;91m

+++ Testing aborted programmatically +++
[0m[1;94m[*] [0mStatistics: 53 new corpus items found, 48.65% coverage achieved, 1 crashes saved, 0 timeouts saved, total runtime 0 days, 0 hrs, 7 min, 20 sec[0m
[1;92m[+] [0mWe're done here. Have a nice day!
[0m
