JOB timestamp: Tue Dec 19 10:49:38 MST 2023
JOB ID: 121823
Array Task ID: 4
Current directory: /lfs/koff9454.ui/projects/plc_runtime_fuzzer/code_analysis/src
r1i2n11
gcc (Spack GCC) 12.1.0
Copyright (C) 2022 Free Software Foundation, Inc.
This is free software; see the source for copying conditions.  There is NO
warranty; not even for MERCHANTABILITY or FITNESS FOR A PARTICULAR PURPOSE.

Python 3.11.5
/lfs/koff9454.ui/miniconda3/envs/plc/bin/python
matiec version 0.1
changeset id: 
Number of programs: 3
Programs: depth_1 depth_2 depth_3
Fuzzing program: depth_2, Job ID: 4
input dir exist, skipping
harness file exist, skipping
Running the fuzzers
Workdir: "/lfs/koff9454.ui/projects/plc_runtime_fuzzer/code_analysis/src/programs/depth/depth_2/runs/run-4"
Out dir at "fuzzer-outdir" already exists.
Let's fuzz :)
[Stats #0] run time: 0h-0m-0s, clients: 1, corpus: 0, objectives: 0, executions: 0, exec/sec: 0.000
[Testcase #0] run time: 0h-0m-0s, clients: 1, corpus: 1, objectives: 0, executions: 1, exec/sec: 0.000
We imported 1 inputs from disk.
[Stats #0] run time: 0h-0m-0s, clients: 1, corpus: 1, objectives: 0, executions: 1, exec/sec: 0.000
[Testcase #0] run time: 0h-0m-0s, clients: 1, corpus: 2, objectives: 0, executions: 10, exec/sec: 0.000
[Objective #0] run time: 0h-0m-0s, clients: 1, corpus: 2, objectives: 1, executions: 10, exec/sec: 0.000
[Objective #0] run time: 0h-0m-0s, clients: 1, corpus: 2, objectives: 2, executions: 10, exec/sec: 0.000
[Objective #0] run time: 0h-0m-0s, clients: 1, corpus: 2, objectives: 3, executions: 10, exec/sec: 0.000
[Stats #0] run time: 0h-0m-0s, clients: 1, corpus: 2, objectives: 3, executions: 10, exec/sec: 0.000
[Testcase #0] run time: 0h-0m-0s, clients: 1, corpus: 3, objectives: 3, executions: 16, exec/sec: 0.000
[Objective #0] run time: 0h-0m-1s, clients: 1, corpus: 3, objectives: 4, executions: 16, exec/sec: 14.54
[Objective #0] run time: 0h-0m-1s, clients: 1, corpus: 3, objectives: 5, executions: 16, exec/sec: 11.93
[Objective #0] run time: 0h-0m-1s, clients: 1, corpus: 3, objectives: 6, executions: 16, exec/sec: 10.12
[1;92m[+] [0mEnabled environment variable AFL_BENCH_UNTIL_CRASH with value 1[0m
[1;92m[+] [0mEnabled environment variable AFL_IGNORE_SEED_PROBLEMS with value 1[0m
[1;92m[+] [0mEnabled environment variable AFL_I_DONT_CARE_ABOUT_MISSING_CRASHES with value 1[0m
[1;92m[+] [0mEnabled environment variable AFL_SKIP_CPUFREQ with value 1[0m
[1;92m[+] [0mEnabled environment variable AFL_TRY_AFFINITY with value 1[0m
[1;93m[!] [1;97mWARNING: [0mPotentially mistyped AFL environment variable: USE_PCM_DB=2, did you mean AFL_USE_PCM_DB=2?[0m
[0;36mafl-fuzz++4.09a[0m based on afl by Michal Zalewski and a large online community
[1;92m[+] [0mAFL++ is maintained by Marc "van Hauser" Heuse, Dominik Maier, Andrea Fioraldi and Heiko "hexcoder" Eißfeldt[0m
[1;92m[+] [0mAFL++ is open source, get it at https://github.com/AFLplusplus/AFLplusplus[0m
[1;92m[+] [0mNOTE: AFL++ >= v3 has changed defaults and behaviours - see README.md[0m
[1;92m[+] [0mNo -M/-S set, autoconfiguring for "-S default"[0m
[1;94m[*] [0mGetting to work...[0m
[1;92m[+] [0mUsing exponential power schedule (FAST)[0m
[1;92m[+] [0mEnabled testcache with 50 MB[0m
[1;92m[+] [0mGenerating fuzz data with a length of min=1 max=1048576[0m
[1;94m[*] [0mChecking core_pattern...[0m

[1;91m[-] [0mHmm, your system is configured to send core dump notifications to an
    external utility. This will cause issues: there will be an extended delay
    between stumbling upon a crash and having this information relayed to the
    fuzzer via the standard waitpid() API.
    If you're just testing, set 'AFL_I_DONT_CARE_ABOUT_MISSING_CRASHES=1'.

    To avoid having crashes misinterpreted as timeouts, please log in as root
    and temporarily modify /proc/sys/kernel/core_pattern, like so:

    echo core >/proc/sys/kernel/core_pattern
[1;92m[+] [0mLooks like we're not running on a tty, so I'll be a bit less verbose.[0m
[1;92m[+] [0mYou have 36 CPU cores and 8 runnable tasks (utilization: 22%).[0m
[1;92m[+] [0mTry parallel jobs - see /usr/local/share/doc/afl/fuzzing_in_depth.md#c-using-multiple-cores[0m
[1;94m[*] [0mSetting up output directories...[0m
[1;94m[*] [0mChecking CPU core loadout...[0m
[1;92m[+] [0mFound a free CPU core, try binding to #0.[0m
[1;94m[*] [0mScanning 'afl-indir'...[0m
[1;92m[+] [0mLoaded a total of 1 seeds.[0m
[1;94m[*] [0mCreating hard links for all input files...[0m
[1;94m[*] [0mValidating target binary...[0m
[1;94m[*] [0mSpinning up the fork server...[0m
[1;92m[+] [0mAll right - fork server is up.[0m
[1;94m[*] [0mTarget map size: 73[0m
[1;94m[*] [0mNo auto-generated dictionary tokens to reuse.[0m
[1;94m[*] [0mLoading extra dictionary from 'afl-inputs.dict' (level 0)...[0m
[1;94m[*] [0mLoaded 80 extra tokens, size range 4 B to 6 B.[0m
[1;92m[+] [0mLoaded a total of 6 extras.[0m
[1;94m[*] [0mAttempting dry run with 'id:000000,time:0,execs:0,orig:testcase.txt'...[0m
[1;90m    len = 3, map size = 17, exec speed = 1524 us, hash = 132a48609fb7abee
[0m[1;92m[+] [0mAll test cases processed.[0m
[1;92m[+] [0mHere are some useful stats:

[1;90m    Test case count : [0m1 favored, 0 variable, 0 ignored, 1 total
[1;90m       Bitmap range : [0m17 to 17 bits (average: 17.00 bits)
[1;90m        Exec timing : [0m1524 to 1524 us (average: 1524 us)
[0m
[1;94m[*] [0mNo -t option specified, so I'll use an exec timeout of 20 ms.[0m
[1;92m[+] [0mAll set and ready to roll![0m
[1;94m[*] [0mEntering queue cycle 1.[0m
[1;94m[*] [0mFuzzing test case #0 (1 total, 0 crashes saved, state: started :-), mode=explore, perf_score=0, weight=0, favorite=1, was_fuzzed=0, exec_us=1524, hits=0, map=17, ascii=0, run_time=0:00:00:00)...[0m
[1;94m[*] [0mFuzzing test case #1 (2 total, 0 crashes saved, state: started :-), mode=explore, perf_score=0, weight=0, favorite=1, was_fuzzed=0, exec_us=1443, hits=3, map=18, ascii=0, run_time=0:00:00:00)...[0m
[1;94m[*] [0mFuzzing test case #0 (2 total, 0 crashes saved, state: started :-), mode=explore, perf_score=459, weight=14, favorite=1, was_fuzzed=1, exec_us=1524, hits=0, map=17, ascii=0, run_time=0:00:00:00)...[0m
[Objective #0] run time: 0h-0m-1s, clients: 1, corpus: 3, objectives: 7, executions: 16, exec/sec: 8.944
[Objective #0] run time: 0h-0m-2s, clients: 1, corpus: 3, objectives: 8, executions: 16, exec/sec: 7.941
[1;92m[+] [0mEnabled environment variable AFL_BENCH_UNTIL_CRASH with value 1[0m
[1;92m[+] [0mEnabled environment variable AFL_IGNORE_SEED_PROBLEMS with value 1[0m
[1;92m[+] [0mEnabled environment variable AFL_I_DONT_CARE_ABOUT_MISSING_CRASHES with value 1[0m
[1;92m[+] [0mEnabled environment variable AFL_SKIP_CPUFREQ with value 1[0m
[1;92m[+] [0mEnabled environment variable AFL_TRY_AFFINITY with value 1[0m
[1;93m[!] [1;97mWARNING: [0mPotentially mistyped AFL environment variable: USE_PCM_DB=2, did you mean AFL_USE_PCM_DB=2?[0m
[0;36mafl-fuzz++4.09a[0m based on afl by Michal Zalewski and a large online community
[1;92m[+] [0mAFL++ is maintained by Marc "van Hauser" Heuse, Dominik Maier, Andrea Fioraldi and Heiko "hexcoder" Eißfeldt[0m
[1;92m[+] [0mAFL++ is open source, get it at https://github.com/AFLplusplus/AFLplusplus[0m
[1;92m[+] [0mNOTE: AFL++ >= v3 has changed defaults and behaviours - see README.md[0m
[1;92m[+] [0mNo -M/-S set, autoconfiguring for "-S default"[0m
[1;94m[*] [0mGetting to work...[0m
[1;92m[+] [0mUsing exponential power schedule (FAST)[0m
[1;92m[+] [0mEnabled testcache with 50 MB[0m
[1;92m[+] [0mGenerating fuzz data with a length of min=1 max=1048576[0m
[1;94m[*] [0mChecking core_pattern...[0m

[1;91m[-] [0mHmm, your system is configured to send core dump notifications to an
    external utility. This will cause issues: there will be an extended delay
    between stumbling upon a crash and having this information relayed to the
    fuzzer via the standard waitpid() API.
    If you're just testing, set 'AFL_I_DONT_CARE_ABOUT_MISSING_CRASHES=1'.

    To avoid having crashes misinterpreted as timeouts, please log in as root
    and temporarily modify /proc/sys/kernel/core_pattern, like so:

    echo core >/proc/sys/kernel/core_pattern
[1;92m[+] [0mLooks like we're not running on a tty, so I'll be a bit less verbose.[0m
[1;92m[+] [0mYou have 36 CPU cores and 19 runnable tasks (utilization: 53%).[0m
[1;92m[+] [0mTry parallel jobs - see /usr/local/share/doc/afl/fuzzing_in_depth.md#c-using-multiple-cores[0m
[1;94m[*] [0mSetting up output directories...[0m
[1;94m[*] [0mChecking CPU core loadout...[0m
[1;92m[+] [0mFound a free CPU core, try binding to #12.[0m
[1;94m[*] [0mScanning 'our-indir'...[0m
[1;92m[+] [0mLoaded a total of 1 seeds.[0m
[1;94m[*] [0mCreating hard links for all input files...[0m
[1;94m[*] [0mValidating target binary...[0m
[1;94m[*] [0mSpinning up the fork server...[0m
[1;92m[+] [0mAll right - fork server is up.[0m
[1;94m[*] [0mTarget map size: 73[0m
[1;94m[*] [0mNo auto-generated dictionary tokens to reuse.[0m
[1;94m[*] [0mLoading extra dictionary from 'our-inputs.dict' (level 0)...[0m
[1;94m[*] [0mLoaded 80 extra tokens, size range 4 B to 6 B.[0m
[1;92m[+] [0mLoaded a total of 6 extras.[0m
[1;94m[*] [0mAttempting dry run with 'id:000000,time:0,execs:0,orig:variables.txt'...[0m
[1;90m    len = 560, map size = 18, exec speed = 1256 us, hash = 3bfce94389763267
[0m[1;92m[+] [0mAll test cases processed.[0m
[1;92m[+] [0mHere are some useful stats:

[1;90m    Test case count : [0m1 favored, 0 variable, 0 ignored, 1 total
[1;90m       Bitmap range : [0m18 to 18 bits (average: 18.00 bits)
[1;90m        Exec timing : [0m1256 to 1256 us (average: 1256 us)
[0m
[1;94m[*] [0mNo -t option specified, so I'll use an exec timeout of 20 ms.[0m
[1;92m[+] [0mAll set and ready to roll![0m
[1;94m[*] [0mEntering queue cycle 1.[0m
[1;94m[*] [0mFuzzing test case #0 (1 total, 0 crashes saved, state: started :-), mode=explore, perf_score=0, weight=0, favorite=1, was_fuzzed=0, exec_us=1256, hits=0, map=18, ascii=0, run_time=0:00:00:00)...[0m
[Objective #0] run time: 0h-0m-2s, clients: 1, corpus: 3, objectives: 9, executions: 16, exec/sec: 7.042
[Objective #0] run time: 0h-0m-2s, clients: 1, corpus: 3, objectives: 10, executions: 16, exec/sec: 6.318
[Objective #0] run time: 0h-0m-2s, clients: 1, corpus: 3, objectives: 11, executions: 16, exec/sec: 5.762
[Objective #0] run time: 0h-0m-3s, clients: 1, corpus: 3, objectives: 12, executions: 16, exec/sec: 5.266
[Objective #0] run time: 0h-0m-3s, clients: 1, corpus: 3, objectives: 13, executions: 16, exec/sec: 4.757
[Objective #0] run time: 0h-0m-3s, clients: 1, corpus: 3, objectives: 14, executions: 16, exec/sec: 4.385
[Objective #0] run time: 0h-0m-4s, clients: 1, corpus: 3, objectives: 15, executions: 16, exec/sec: 3.981
[Objective #0] run time: 0h-0m-4s, clients: 1, corpus: 3, objectives: 16, executions: 16, exec/sec: 3.699
[Objective #0] run time: 0h-0m-4s, clients: 1, corpus: 3, objectives: 17, executions: 16, exec/sec: 3.451
[Objective #0] run time: 0h-0m-4s, clients: 1, corpus: 3, objectives: 18, executions: 16, exec/sec: 3.307
[Objective #0] run time: 0h-0m-5s, clients: 1, corpus: 3, objectives: 19, executions: 16, exec/sec: 3.127
[Objective #0] run time: 0h-0m-5s, clients: 1, corpus: 3, objectives: 20, executions: 16, exec/sec: 2.994
[Objective #0] run time: 0h-0m-5s, clients: 1, corpus: 3, objectives: 21, executions: 16, exec/sec: 2.870
[Objective #0] run time: 0h-0m-5s, clients: 1, corpus: 3, objectives: 22, executions: 16, exec/sec: 2.728
[Objective #0] run time: 0h-0m-6s, clients: 1, corpus: 3, objectives: 23, executions: 16, exec/sec: 2.545
[Objective #0] run time: 0h-0m-6s, clients: 1, corpus: 3, objectives: 24, executions: 16, exec/sec: 2.463
Crash limit reached: 1
[1;94m[*] [0mFuzzing test case #3 (10 total, 0 crashes saved, state: started :-), mode=explore, perf_score=0, weight=0, favorite=1, was_fuzzed=0, exec_us=1506, hits=45, map=17, ascii=0, run_time=0:00:00:12)...[0m
[1;94m[*] [0mFuzzing test case #0 (10 total, 0 crashes saved, state: started :-), mode=explore, perf_score=459, weight=48, favorite=1, was_fuzzed=1, exec_us=1524, hits=0, map=17, ascii=0, run_time=0:00:00:12)...[0m
[1;94m[*] [0mFuzzing test case #0 (10 total, 0 crashes saved, state: started :-), mode=explore, perf_score=459, weight=48, favorite=1, was_fuzzed=1, exec_us=1524, hits=0, map=17, ascii=0, run_time=0:00:00:13)...[0m
[1;94m[*] [0mFuzzing test case #0 (10 total, 0 crashes saved, state: started :-), mode=explore, perf_score=459, weight=48, favorite=1, was_fuzzed=1, exec_us=1524, hits=0, map=17, ascii=0, run_time=0:00:00:13)...[0m
[1;94m[*] [0mFuzzing test case #0 (10 total, 0 crashes saved, state: started :-), mode=explore, perf_score=459, weight=48, favorite=1, was_fuzzed=1, exec_us=1524, hits=0, map=17, ascii=0, run_time=0:00:00:14)...[0m
[1;94m[*] [0mFuzzing test case #10 (11 total, 0 crashes saved, state: started :-), mode=explore, perf_score=0, weight=0, favorite=1, was_fuzzed=0, exec_us=1471, hits=1, map=17, ascii=0, run_time=0:00:00:16)...[0m
[1;94m[*] [0mFuzzing test case #0 (11 total, 0 crashes saved, state: started :-), mode=explore, perf_score=459, weight=50, favorite=1, was_fuzzed=1, exec_us=1524, hits=0, map=17, ascii=0, run_time=0:00:00:16)...[0m
[1;94m[*] [0mFuzzing test case #0 (11 total, 0 crashes saved, state: started :-), mode=explore, perf_score=459, weight=50, favorite=1, was_fuzzed=1, exec_us=1524, hits=0, map=17, ascii=0, run_time=0:00:00:16)...[0m
[1;94m[*] [0mFuzzing test case #0 (11 total, 0 crashes saved, state: started :-), mode=explore, perf_score=459, weight=50, favorite=1, was_fuzzed=1, exec_us=1524, hits=0, map=17, ascii=0, run_time=0:00:00:17)...[0m
[1;94m[*] [0mFuzzing test case #0 (12 total, 0 crashes saved, state: started :-), mode=explore, perf_score=459, weight=55, favorite=1, was_fuzzed=1, exec_us=1524, hits=0, map=17, ascii=0, run_time=0:00:00:19)...[0m
[1;94m[*] [0mFuzzing test case #0 (12 total, 0 crashes saved, state: started :-), mode=explore, perf_score=459, weight=55, favorite=1, was_fuzzed=1, exec_us=1524, hits=0, map=17, ascii=0, run_time=0:00:00:19)...[0m
[1;94m[*] [0mFuzzing test case #0 (13 total, 0 crashes saved, state: started :-), mode=explore, perf_score=459, weight=59, favorite=1, was_fuzzed=1, exec_us=1524, hits=0, map=17, ascii=0, run_time=0:00:00:21)...[0m
[1;94m[*] [0mFuzzing test case #13 (15 total, 0 crashes saved, state: started :-), mode=explore, perf_score=0, weight=0, favorite=1, was_fuzzed=0, exec_us=1464, hits=5, map=19, ascii=0, run_time=0:00:00:24)...[0m
[1;94m[*] [0mFuzzing test case #0 (15 total, 0 crashes saved, state: started :-), mode=explore, perf_score=459, weight=64, favorite=1, was_fuzzed=1, exec_us=1524, hits=0, map=17, ascii=0, run_time=0:00:00:24)...[0m
[1;94m[*] [0mFuzzing test case #0 (15 total, 0 crashes saved, state: started :-), mode=explore, perf_score=459, weight=64, favorite=1, was_fuzzed=1, exec_us=1524, hits=0, map=17, ascii=0, run_time=0:00:00:25)...[0m
[1;94m[*] [0mFuzzing test case #0 (15 total, 0 crashes saved, state: started :-), mode=explore, perf_score=459, weight=64, favorite=1, was_fuzzed=1, exec_us=1524, hits=0, map=17, ascii=0, run_time=0:00:00:26)...[0m
[1;94m[*] [0mFuzzing test case #0 (15 total, 0 crashes saved, state: started :-), mode=explore, perf_score=459, weight=64, favorite=1, was_fuzzed=1, exec_us=1524, hits=0, map=17, ascii=0, run_time=0:00:00:26)...[0m
[1;94m[*] [0mFuzzing test case #10 (15 total, 0 crashes saved, state: started :-), mode=explore, perf_score=459, weight=6, favorite=1, was_fuzzed=1, exec_us=1471, hits=3, map=17, ascii=0, run_time=0:00:00:27)...[0m
[1;94m[*] [0mFuzzing test case #18 (19 total, 0 crashes saved, state: started :-), mode=explore, perf_score=0, weight=0, favorite=1, was_fuzzed=0, exec_us=1700, hits=1, map=17, ascii=0, run_time=0:00:00:31)...[0m
[1;94m[*] [0mFuzzing test case #15 (19 total, 0 crashes saved, state: started :-), mode=explore, perf_score=100, weight=11, favorite=1, was_fuzzed=0, exec_us=1611, hits=4, map=17, ascii=0, run_time=0:00:00:31)...[0m
[1;94m[*] [0mFuzzing test case #13 (19 total, 0 crashes saved, state: started :-), mode=explore, perf_score=345, weight=5, favorite=1, was_fuzzed=1, exec_us=1464, hits=13, map=19, ascii=0, run_time=0:00:00:31)...[0m
[1;94m[*] [0mFuzzing test case #0 (19 total, 0 crashes saved, state: started :-), mode=explore, perf_score=459, weight=75, favorite=1, was_fuzzed=1, exec_us=1524, hits=0, map=17, ascii=0, run_time=0:00:00:33)...[0m
[1;94m[*] [0mFuzzing test case #0 (19 total, 0 crashes saved, state: started :-), mode=explore, perf_score=459, weight=75, favorite=1, was_fuzzed=1, exec_us=1524, hits=0, map=17, ascii=0, run_time=0:00:00:34)...[0m
[1;94m[*] [0mEntering queue cycle 2.[0m
[1;94m[*] [0mFuzzing test case #0 (19 total, 0 crashes saved, state: started :-), mode=explore, perf_score=459, weight=75, favorite=1, was_fuzzed=1, exec_us=1524, hits=0, map=17, ascii=0, run_time=0:00:00:34)...[0m
[1;94m[*] [0mFuzzing test case #0 (19 total, 0 crashes saved, state: started :-), mode=explore, perf_score=459, weight=75, favorite=1, was_fuzzed=1, exec_us=1524, hits=0, map=17, ascii=0, run_time=0:00:00:35)...[0m
[1;94m[*] [0mFuzzing test case #3 (19 total, 0 crashes saved, state: started :-), mode=explore, perf_score=114, weight=2, favorite=1, was_fuzzed=1, exec_us=1506, hits=614, map=17, ascii=0, run_time=0:00:00:36)...[0m
[1;94m[*] [0mFuzzing test case #0 (19 total, 0 crashes saved, state: started :-), mode=explore, perf_score=459, weight=75, favorite=1, was_fuzzed=1, exec_us=1524, hits=0, map=17, ascii=0, run_time=0:00:00:37)...[0m
[1;94m[*] [0mFuzzing test case #0 (19 total, 0 crashes saved, state: started :-), mode=explore, perf_score=459, weight=75, favorite=1, was_fuzzed=1, exec_us=1524, hits=0, map=17, ascii=0, run_time=0:00:00:37)...[0m
[1;94m[*] [0mFuzzing test case #0 (19 total, 0 crashes saved, state: started :-), mode=explore, perf_score=459, weight=75, favorite=1, was_fuzzed=1, exec_us=1524, hits=0, map=17, ascii=0, run_time=0:00:00:38)...[0m
[1;94m[*] [0mFuzzing test case #15 (19 total, 0 crashes saved, state: started :-), mode=explore, perf_score=345, weight=5, favorite=1, was_fuzzed=1, exec_us=1611, hits=9, map=17, ascii=0, run_time=0:00:00:39)...[0m
[1;94m[*] [0mFuzzing test case #0 (20 total, 0 crashes saved, state: started :-), mode=explore, perf_score=459, weight=79, favorite=1, was_fuzzed=1, exec_us=1524, hits=0, map=17, ascii=0, run_time=0:00:00:41)...[0m
[1;94m[*] [0mFuzzing test case #0 (20 total, 0 crashes saved, state: started :-), mode=explore, perf_score=459, weight=79, favorite=1, was_fuzzed=1, exec_us=1524, hits=0, map=17, ascii=0, run_time=0:00:00:41)...[0m
[1;94m[*] [0mFuzzing test case #0 (20 total, 0 crashes saved, state: started :-), mode=explore, perf_score=459, weight=79, favorite=1, was_fuzzed=1, exec_us=1524, hits=0, map=17, ascii=0, run_time=0:00:00:42)...[0m
[1;94m[*] [0mFuzzing test case #0 (20 total, 0 crashes saved, state: started :-), mode=explore, perf_score=459, weight=79, favorite=1, was_fuzzed=1, exec_us=1524, hits=0, map=17, ascii=0, run_time=0:00:00:43)...[0m
[1;94m[*] [0mFuzzing test case #0 (20 total, 0 crashes saved, state: started :-), mode=explore, perf_score=459, weight=79, favorite=1, was_fuzzed=1, exec_us=1524, hits=0, map=17, ascii=0, run_time=0:00:00:44)...[0m
[1;94m[*] [0mFuzzing test case #0 (20 total, 0 crashes saved, state: started :-), mode=explore, perf_score=459, weight=79, favorite=1, was_fuzzed=1, exec_us=1524, hits=0, map=17, ascii=0, run_time=0:00:00:44)...[0m
[1;94m[*] [0mFuzzing test case #2 (20 total, 0 crashes saved, state: started :-), mode=explore, perf_score=100, weight=0, favorite=0, was_fuzzed=0, exec_us=1408, hits=1120, map=18, ascii=0, run_time=0:00:00:45)...[0m
[1;94m[*] [0mFuzzing test case #0 (20 total, 0 crashes saved, state: started :-), mode=explore, perf_score=459, weight=79, favorite=1, was_fuzzed=1, exec_us=1524, hits=0, map=17, ascii=0, run_time=0:00:00:46)...[0m
[1;94m[*] [0mFuzzing test case #0 (20 total, 0 crashes saved, state: started :-), mode=explore, perf_score=459, weight=79, favorite=1, was_fuzzed=1, exec_us=1524, hits=0, map=17, ascii=0, run_time=0:00:00:46)...[0m
[1;94m[*] [0mFuzzing test case #0 (20 total, 0 crashes saved, state: started :-), mode=explore, perf_score=459, weight=79, favorite=1, was_fuzzed=1, exec_us=1524, hits=0, map=17, ascii=0, run_time=0:00:00:47)...[0m
[1;94m[*] [0mFuzzing test case #0 (20 total, 0 crashes saved, state: started :-), mode=explore, perf_score=459, weight=79, favorite=1, was_fuzzed=1, exec_us=1524, hits=0, map=17, ascii=0, run_time=0:00:00:48)...[0m
[1;94m[*] [0mFuzzing test case #0 (20 total, 0 crashes saved, state: started :-), mode=explore, perf_score=459, weight=79, favorite=1, was_fuzzed=1, exec_us=1524, hits=0, map=17, ascii=0, run_time=0:00:00:49)...[0m
[1;94m[*] [0mFuzzing test case #0 (20 total, 0 crashes saved, state: started :-), mode=explore, perf_score=459, weight=79, favorite=1, was_fuzzed=1, exec_us=1524, hits=0, map=17, ascii=0, run_time=0:00:00:49)...[0m
[1;94m[*] [0mFuzzing test case #0 (20 total, 0 crashes saved, state: started :-), mode=explore, perf_score=459, weight=79, favorite=1, was_fuzzed=1, exec_us=1524, hits=0, map=17, ascii=0, run_time=0:00:00:50)...[0m
[1;94m[*] [0mFuzzing test case #0 (20 total, 0 crashes saved, state: started :-), mode=explore, perf_score=459, weight=79, favorite=1, was_fuzzed=1, exec_us=1524, hits=0, map=17, ascii=0, run_time=0:00:00:51)...[0m
[1;94m[*] [0mEntering queue cycle 3.[0m
[1;94m[*] [0mFuzzing test case #0 (20 total, 0 crashes saved, state: started :-), mode=explore, perf_score=459, weight=79, favorite=1, was_fuzzed=1, exec_us=1524, hits=0, map=17, ascii=0, run_time=0:00:00:52)...[0m
[1;94m[*] [0mFuzzing test case #0 (20 total, 0 crashes saved, state: started :-), mode=explore, perf_score=459, weight=79, favorite=1, was_fuzzed=1, exec_us=1524, hits=0, map=17, ascii=0, run_time=0:00:00:52)...[0m
[1;94m[*] [0mFuzzing test case #0 (20 total, 0 crashes saved, state: started :-), mode=explore, perf_score=459, weight=79, favorite=1, was_fuzzed=1, exec_us=1524, hits=0, map=17, ascii=0, run_time=0:00:00:53)...[0m
[1;94m[*] [0mFuzzing test case #13 (20 total, 0 crashes saved, state: started :-), mode=explore, perf_score=114, weight=4, favorite=1, was_fuzzed=1, exec_us=1464, hits=66, map=19, ascii=0, run_time=0:00:00:54)...[0m
[1;94m[*] [0mFuzzing test case #0 (20 total, 0 crashes saved, state: started :-), mode=explore, perf_score=459, weight=79, favorite=1, was_fuzzed=1, exec_us=1524, hits=0, map=17, ascii=0, run_time=0:00:00:54)...[0m
[1;94m[*] [0mFuzzing test case #0 (20 total, 0 crashes saved, state: started :-), mode=explore, perf_score=459, weight=79, favorite=1, was_fuzzed=1, exec_us=1524, hits=0, map=17, ascii=0, run_time=0:00:00:55)...[0m
[1;94m[*] [0mFuzzing test case #15 (20 total, 0 crashes saved, state: started :-), mode=explore, perf_score=229, weight=4, favorite=1, was_fuzzed=1, exec_us=1611, hits=22, map=17, ascii=0, run_time=0:00:00:56)...[0m
[1;94m[*] [0mFuzzing test case #15 (20 total, 0 crashes saved, state: started :-), mode=explore, perf_score=229, weight=4, favorite=1, was_fuzzed=1, exec_us=1611, hits=51, map=17, ascii=0, run_time=0:00:00:57)...[0m
[1;94m[*] [0mFuzzing test case #0 (20 total, 0 crashes saved, state: started :-), mode=explore, perf_score=459, weight=79, favorite=1, was_fuzzed=1, exec_us=1524, hits=0, map=17, ascii=0, run_time=0:00:00:58)...[0m
[1;94m[*] [0mFuzzing test case #0 (20 total, 0 crashes saved, state: started :-), mode=explore, perf_score=459, weight=79, favorite=1, was_fuzzed=1, exec_us=1524, hits=0, map=17, ascii=0, run_time=0:00:00:59)...[0m
[1;94m[*] [0mFuzzing test case #13 (20 total, 0 crashes saved, state: started :-), mode=explore, perf_score=114, weight=4, favorite=1, was_fuzzed=1, exec_us=1464, hits=76, map=19, ascii=0, run_time=0:00:01:00)...[0m
[1;94m[*] [0mFuzzing test case #0 (20 total, 0 crashes saved, state: started :-), mode=explore, perf_score=459, weight=79, favorite=1, was_fuzzed=1, exec_us=1524, hits=0, map=17, ascii=0, run_time=0:00:01:00)...[0m
[1;94m[*] [0mFuzzing test case #0 (20 total, 0 crashes saved, state: started :-), mode=explore, perf_score=459, weight=79, favorite=1, was_fuzzed=1, exec_us=1524, hits=0, map=17, ascii=0, run_time=0:00:01:01)...[0m
[1;94m[*] [0mFuzzing test case #0 (20 total, 0 crashes saved, state: started :-), mode=explore, perf_score=459, weight=79, favorite=1, was_fuzzed=1, exec_us=1524, hits=0, map=17, ascii=0, run_time=0:00:01:02)...[0m
[1;94m[*] [0mFuzzing test case #15 (20 total, 0 crashes saved, state: started :-), mode=explore, perf_score=229, weight=4, favorite=1, was_fuzzed=1, exec_us=1611, hits=67, map=17, ascii=0, run_time=0:00:01:02)...[0m
[1;94m[*] [0mFuzzing test case #0 (20 total, 0 crashes saved, state: started :-), mode=explore, perf_score=459, weight=79, favorite=1, was_fuzzed=1, exec_us=1524, hits=0, map=17, ascii=0, run_time=0:00:01:04)...[0m
[1;94m[*] [0mFuzzing test case #0 (20 total, 0 crashes saved, state: started :-), mode=explore, perf_score=459, weight=79, favorite=1, was_fuzzed=1, exec_us=1524, hits=0, map=17, ascii=0, run_time=0:00:01:04)...[0m
[1;94m[*] [0mFuzzing test case #0 (20 total, 0 crashes saved, state: started :-), mode=explore, perf_score=459, weight=79, favorite=1, was_fuzzed=1, exec_us=1524, hits=0, map=17, ascii=0, run_time=0:00:01:05)...[0m
[1;94m[*] [0mFuzzing test case #7 (20 total, 0 crashes saved, state: started :-), mode=explore, perf_score=100, weight=0, favorite=0, was_fuzzed=0, exec_us=1647, hits=616, map=18, ascii=0, run_time=0:00:01:06)...[0m
[1;94m[*] [0mFuzzing test case #0 (20 total, 0 crashes saved, state: started :-), mode=explore, perf_score=459, weight=79, favorite=1, was_fuzzed=1, exec_us=1524, hits=0, map=17, ascii=0, run_time=0:00:01:07)...[0m
[1;94m[*] [0mFuzzing test case #0 (20 total, 0 crashes saved, state: started :-), mode=explore, perf_score=459, weight=79, favorite=1, was_fuzzed=1, exec_us=1524, hits=0, map=17, ascii=0, run_time=0:00:01:07)...[0m
[1;94m[*] [0mFuzzing test case #0 (20 total, 0 crashes saved, state: started :-), mode=explore, perf_score=459, weight=79, favorite=1, was_fuzzed=1, exec_us=1524, hits=0, map=17, ascii=0, run_time=0:00:01:08)...[0m
[1;94m[*] [0mEntering queue cycle 4.[0m
[1;94m[*] [0mFuzzing test case #0 (20 total, 0 crashes saved, state: started :-), mode=explore, perf_score=459, weight=79, favorite=1, was_fuzzed=1, exec_us=1524, hits=0, map=17, ascii=0, run_time=0:00:01:09)...[0m
[1;94m[*] [0mFuzzing test case #10 (20 total, 0 crashes saved, state: started :-), mode=explore, perf_score=114, weight=3, favorite=1, was_fuzzed=1, exec_us=1471, hits=263, map=17, ascii=0, run_time=0:00:01:10)...[0m
[1;94m[*] [0mFuzzing test case #0 (20 total, 0 crashes saved, state: started :-), mode=explore, perf_score=459, weight=79, favorite=1, was_fuzzed=1, exec_us=1524, hits=0, map=17, ascii=0, run_time=0:00:01:10)...[0m
[1;94m[*] [0mFuzzing test case #0 (20 total, 0 crashes saved, state: started :-), mode=explore, perf_score=459, weight=79, favorite=1, was_fuzzed=1, exec_us=1524, hits=0, map=17, ascii=0, run_time=0:00:01:11)...[0m
[1;94m[*] [0mFuzzing test case #0 (20 total, 0 crashes saved, state: started :-), mode=explore, perf_score=459, weight=79, favorite=1, was_fuzzed=1, exec_us=1524, hits=0, map=17, ascii=0, run_time=0:00:01:12)...[0m
[1;94m[*] [0mFuzzing test case #0 (20 total, 0 crashes saved, state: started :-), mode=explore, perf_score=459, weight=79, favorite=1, was_fuzzed=1, exec_us=1524, hits=0, map=17, ascii=0, run_time=0:00:01:13)...[0m
[1;94m[*] [0mFuzzing test case #0 (20 total, 0 crashes saved, state: started :-), mode=explore, perf_score=459, weight=79, favorite=1, was_fuzzed=1, exec_us=1524, hits=0, map=17, ascii=0, run_time=0:00:01:13)...[0m
[1;94m[*] [0mFuzzing test case #0 (20 total, 0 crashes saved, state: started :-), mode=explore, perf_score=459, weight=79, favorite=1, was_fuzzed=1, exec_us=1524, hits=0, map=17, ascii=0, run_time=0:00:01:14)...[0m
[1;94m[*] [0mFuzzing test case #13 (20 total, 0 crashes saved, state: started :-), mode=explore, perf_score=114, weight=3, favorite=1, was_fuzzed=1, exec_us=1464, hits=124, map=19, ascii=0, run_time=0:00:01:15)...[0m
[1;94m[*] [0mFuzzing test case #18 (20 total, 0 crashes saved, state: started :-), mode=explore, perf_score=345, weight=4, favorite=1, was_fuzzed=1, exec_us=1700, hits=10, map=17, ascii=0, run_time=0:00:01:17)...[0m
[1;94m[*] [0mFuzzing test case #0 (20 total, 0 crashes saved, state: started :-), mode=explore, perf_score=459, weight=79, favorite=1, was_fuzzed=1, exec_us=1524, hits=0, map=17, ascii=0, run_time=0:00:01:19)...[0m
[1;94m[*] [0mFuzzing test case #0 (20 total, 0 crashes saved, state: started :-), mode=explore, perf_score=459, weight=79, favorite=1, was_fuzzed=1, exec_us=1524, hits=0, map=17, ascii=0, run_time=0:00:01:19)...[0m
[1;94m[*] [0mFuzzing test case #0 (20 total, 0 crashes saved, state: started :-), mode=explore, perf_score=459, weight=79, favorite=1, was_fuzzed=1, exec_us=1524, hits=0, map=17, ascii=0, run_time=0:00:01:20)...[0m
[1;94m[*] [0mFuzzing test case #13 (20 total, 0 crashes saved, state: started :-), mode=explore, perf_score=114, weight=3, favorite=1, was_fuzzed=1, exec_us=1464, hits=141, map=19, ascii=0, run_time=0:00:01:21)...[0m
[1;94m[*] [0mFuzzing test case #0 (20 total, 0 crashes saved, state: started :-), mode=explore, perf_score=459, weight=79, favorite=1, was_fuzzed=1, exec_us=1524, hits=0, map=17, ascii=0, run_time=0:00:01:22)...[0m
[1;94m[*] [0mFuzzing test case #0 (20 total, 0 crashes saved, state: started :-), mode=explore, perf_score=459, weight=79, favorite=1, was_fuzzed=1, exec_us=1524, hits=0, map=17, ascii=0, run_time=0:00:01:22)...[0m
[1;94m[*] [0mFuzzing test case #0 (20 total, 0 crashes saved, state: started :-), mode=explore, perf_score=459, weight=79, favorite=1, was_fuzzed=1, exec_us=1524, hits=0, map=17, ascii=0, run_time=0:00:01:23)...[0m
[1;94m[*] [0mFuzzing test case #0 (20 total, 0 crashes saved, state: started :-), mode=explore, perf_score=459, weight=79, favorite=1, was_fuzzed=1, exec_us=1524, hits=0, map=17, ascii=0, run_time=0:00:01:24)...[0m
[1;94m[*] [0mFuzzing test case #0 (20 total, 0 crashes saved, state: started :-), mode=explore, perf_score=459, weight=79, favorite=1, was_fuzzed=1, exec_us=1524, hits=0, map=17, ascii=0, run_time=0:00:01:24)...[0m
[1;94m[*] [0mFuzzing test case #0 (20 total, 0 crashes saved, state: started :-), mode=explore, perf_score=459, weight=79, favorite=1, was_fuzzed=1, exec_us=1524, hits=0, map=17, ascii=0, run_time=0:00:01:25)...[0m
[1;94m[*] [0mFuzzing test case #0 (20 total, 0 crashes saved, state: started :-), mode=explore, perf_score=459, weight=79, favorite=1, was_fuzzed=1, exec_us=1524, hits=0, map=17, ascii=0, run_time=0:00:01:26)...[0m
[1;94m[*] [0mFuzzing test case #0 (20 total, 0 crashes saved, state: started :-), mode=explore, perf_score=459, weight=79, favorite=1, was_fuzzed=1, exec_us=1524, hits=0, map=17, ascii=0, run_time=0:00:01:27)...[0m
[1;94m[*] [0mEntering queue cycle 5.[0m
[1;94m[*] [0mFuzzing test case #0 (20 total, 0 crashes saved, state: started :-), mode=explore, perf_score=459, weight=79, favorite=1, was_fuzzed=1, exec_us=1524, hits=0, map=17, ascii=0, run_time=0:00:01:28)...[0m
[1;94m[*] [0mFuzzing test case #0 (20 total, 0 crashes saved, state: started :-), mode=explore, perf_score=459, weight=79, favorite=1, was_fuzzed=1, exec_us=1524, hits=0, map=17, ascii=0, run_time=0:00:01:29)...[0m
[1;94m[*] [0mFuzzing test case #0 (20 total, 0 crashes saved, state: started :-), mode=explore, perf_score=459, weight=79, favorite=1, was_fuzzed=1, exec_us=1524, hits=0, map=17, ascii=0, run_time=0:00:01:29)...[0m
[1;94m[*] [0mFuzzing test case #15 (20 total, 0 crashes saved, state: started :-), mode=explore, perf_score=114, weight=3, favorite=1, was_fuzzed=1, exec_us=1611, hits=137, map=17, ascii=0, run_time=0:00:01:30)...[0m
[1;94m[*] [0mFuzzing test case #0 (20 total, 0 crashes saved, state: started :-), mode=explore, perf_score=459, weight=79, favorite=1, was_fuzzed=1, exec_us=1524, hits=0, map=17, ascii=0, run_time=0:00:01:31)...[0m
[1;94m[*] [0mFuzzing test case #0 (20 total, 0 crashes saved, state: started :-), mode=explore, perf_score=459, weight=79, favorite=1, was_fuzzed=1, exec_us=1524, hits=0, map=17, ascii=0, run_time=0:00:01:31)...[0m
[1;94m[*] [0mFuzzing test case #0 (20 total, 0 crashes saved, state: started :-), mode=explore, perf_score=459, weight=79, favorite=1, was_fuzzed=1, exec_us=1524, hits=0, map=17, ascii=0, run_time=0:00:01:32)...[0m
[1;94m[*] [0mFuzzing test case #3 (20 total, 0 crashes saved, state: started :-), mode=explore, perf_score=114, weight=2, favorite=1, was_fuzzed=1, exec_us=1506, hits=1876, map=17, ascii=0, run_time=0:00:01:33)...[0m
[1;94m[*] [0mFuzzing test case #0 (20 total, 0 crashes saved, state: started :-), mode=explore, perf_score=459, weight=79, favorite=1, was_fuzzed=1, exec_us=1524, hits=0, map=17, ascii=0, run_time=0:00:01:33)...[0m
[1;94m[*] [0mFuzzing test case #0 (20 total, 0 crashes saved, state: started :-), mode=explore, perf_score=459, weight=79, favorite=1, was_fuzzed=1, exec_us=1524, hits=0, map=17, ascii=0, run_time=0:00:01:34)...[0m
[1;94m[*] [0mFuzzing test case #0 (20 total, 0 crashes saved, state: started :-), mode=explore, perf_score=459, weight=79, favorite=1, was_fuzzed=1, exec_us=1524, hits=0, map=17, ascii=0, run_time=0:00:01:35)...[0m
[1;94m[*] [0mFuzzing test case #0 (20 total, 0 crashes saved, state: started :-), mode=explore, perf_score=459, weight=79, favorite=1, was_fuzzed=1, exec_us=1524, hits=0, map=17, ascii=0, run_time=0:00:01:36)...[0m
[1;94m[*] [0mFuzzing test case #10 (20 total, 0 crashes saved, state: started :-), mode=explore, perf_score=114, weight=3, favorite=1, was_fuzzed=1, exec_us=1471, hits=296, map=17, ascii=0, run_time=0:00:01:37)...[0m
[1;94m[*] [0mFuzzing test case #0 (20 total, 0 crashes saved, state: started :-), mode=explore, perf_score=459, weight=79, favorite=1, was_fuzzed=1, exec_us=1524, hits=0, map=17, ascii=0, run_time=0:00:01:37)...[0m
[1;94m[*] [0mFuzzing test case #0 (20 total, 0 crashes saved, state: started :-), mode=explore, perf_score=459, weight=79, favorite=1, was_fuzzed=1, exec_us=1524, hits=0, map=17, ascii=0, run_time=0:00:01:38)...[0m
[1;94m[*] [0mFuzzing test case #0 (20 total, 0 crashes saved, state: started :-), mode=explore, perf_score=459, weight=79, favorite=1, was_fuzzed=1, exec_us=1524, hits=0, map=17, ascii=0, run_time=0:00:01:39)...[0m
[1;94m[*] [0mFuzzing test case #0 (20 total, 0 crashes saved, state: started :-), mode=explore, perf_score=459, weight=79, favorite=1, was_fuzzed=1, exec_us=1524, hits=0, map=17, ascii=0, run_time=0:00:01:39)...[0m
[1;94m[*] [0mFuzzing test case #0 (20 total, 0 crashes saved, state: started :-), mode=explore, perf_score=459, weight=79, favorite=1, was_fuzzed=1, exec_us=1524, hits=0, map=17, ascii=0, run_time=0:00:01:40)...[0m
[1;94m[*] [0mFuzzing test case #0 (20 total, 0 crashes saved, state: started :-), mode=explore, perf_score=459, weight=79, favorite=1, was_fuzzed=1, exec_us=1524, hits=0, map=17, ascii=0, run_time=0:00:01:41)...[0m
[1;94m[*] [0mFuzzing test case #0 (20 total, 0 crashes saved, state: started :-), mode=explore, perf_score=459, weight=79, favorite=1, was_fuzzed=1, exec_us=1524, hits=0, map=17, ascii=0, run_time=0:00:01:42)...[0m
[1;94m[*] [0mFuzzing test case #0 (20 total, 0 crashes saved, state: started :-), mode=explore, perf_score=459, weight=79, favorite=1, was_fuzzed=1, exec_us=1524, hits=0, map=17, ascii=0, run_time=0:00:01:43)...[0m
[1;94m[*] [0mFuzzing test case #0 (20 total, 0 crashes saved, state: started :-), mode=explore, perf_score=459, weight=79, favorite=1, was_fuzzed=1, exec_us=1524, hits=0, map=17, ascii=0, run_time=0:00:01:43)...[0m
[1;94m[*] [0mEntering queue cycle 6.[0m
[1;94m[*] [0mFuzzing test case #0 (20 total, 0 crashes saved, state: started :-), mode=explore, perf_score=459, weight=79, favorite=1, was_fuzzed=1, exec_us=1524, hits=0, map=17, ascii=0, run_time=0:00:01:44)...[0m
[1;94m[*] [0mFuzzing test case #13 (20 total, 0 crashes saved, state: started :-), mode=explore, perf_score=114, weight=3, favorite=1, was_fuzzed=1, exec_us=1464, hits=184, map=19, ascii=0, run_time=0:00:01:45)...[0m
[1;94m[*] [0mFuzzing test case #0 (20 total, 0 crashes saved, state: started :-), mode=explore, perf_score=459, weight=79, favorite=1, was_fuzzed=1, exec_us=1524, hits=0, map=17, ascii=0, run_time=0:00:01:46)...[0m
[1;94m[*] [0mFuzzing test case #0 (20 total, 0 crashes saved, state: started :-), mode=explore, perf_score=459, weight=79, favorite=1, was_fuzzed=1, exec_us=1524, hits=0, map=17, ascii=0, run_time=0:00:01:46)...[0m
[1;94m[*] [0mFuzzing test case #0 (20 total, 0 crashes saved, state: started :-), mode=explore, perf_score=459, weight=79, favorite=1, was_fuzzed=1, exec_us=1524, hits=0, map=17, ascii=0, run_time=0:00:01:47)...[0m
[1;94m[*] [0mFuzzing test case #0 (20 total, 0 crashes saved, state: started :-), mode=explore, perf_score=459, weight=79, favorite=1, was_fuzzed=1, exec_us=1524, hits=0, map=17, ascii=0, run_time=0:00:01:48)...[0m
[1;94m[*] [0mFuzzing test case #0 (20 total, 0 crashes saved, state: started :-), mode=explore, perf_score=459, weight=79, favorite=1, was_fuzzed=1, exec_us=1524, hits=0, map=17, ascii=0, run_time=0:00:01:49)...[0m
[1;94m[*] [0mFuzzing test case #0 (20 total, 0 crashes saved, state: started :-), mode=explore, perf_score=459, weight=79, favorite=1, was_fuzzed=1, exec_us=1524, hits=0, map=17, ascii=0, run_time=0:00:01:50)...[0m
[1;94m[*] [0mFuzzing test case #0 (20 total, 0 crashes saved, state: started :-), mode=explore, perf_score=459, weight=79, favorite=1, was_fuzzed=1, exec_us=1524, hits=0, map=17, ascii=0, run_time=0:00:01:51)...[0m
[1;94m[*] [0mFuzzing test case #18 (20 total, 0 crashes saved, state: started :-), mode=explore, perf_score=345, weight=4, favorite=1, was_fuzzed=1, exec_us=1700, hits=104, map=17, ascii=0, run_time=0:00:01:51)...[0m
[1;94m[*] [0mFuzzing test case #13 (20 total, 0 crashes saved, state: started :-), mode=explore, perf_score=114, weight=3, favorite=1, was_fuzzed=1, exec_us=1464, hits=210, map=19, ascii=0, run_time=0:00:01:53)...[0m
[1;94m[*] [0mFuzzing test case #0 (20 total, 0 crashes saved, state: started :-), mode=explore, perf_score=459, weight=79, favorite=1, was_fuzzed=1, exec_us=1524, hits=0, map=17, ascii=0, run_time=0:00:01:53)...[0m
[1;94m[*] [0mFuzzing test case #18 (20 total, 0 crashes saved, state: started :-), mode=explore, perf_score=345, weight=4, favorite=1, was_fuzzed=1, exec_us=1700, hits=198, map=17, ascii=0, run_time=0:00:01:54)...[0m
[1;94m[*] [0mFuzzing test case #0 (20 total, 0 crashes saved, state: started :-), mode=explore, perf_score=459, weight=79, favorite=1, was_fuzzed=1, exec_us=1524, hits=0, map=17, ascii=0, run_time=0:00:01:56)...[0m
[1;94m[*] [0mFuzzing test case #0 (20 total, 0 crashes saved, state: started :-), mode=explore, perf_score=459, weight=79, favorite=1, was_fuzzed=1, exec_us=1524, hits=0, map=17, ascii=0, run_time=0:00:01:57)...[0m
[1;94m[*] [0mFuzzing test case #3 (20 total, 0 crashes saved, state: started :-), mode=explore, perf_score=114, weight=2, favorite=1, was_fuzzed=1, exec_us=1506, hits=2468, map=17, ascii=0, run_time=0:00:01:58)...[0m
[1;94m[*] [0mFuzzing test case #0 (20 total, 0 crashes saved, state: started :-), mode=explore, perf_score=459, weight=79, favorite=1, was_fuzzed=1, exec_us=1524, hits=0, map=17, ascii=0, run_time=0:00:01:58)...[0m
[1;94m[*] [0mFuzzing test case #0 (20 total, 0 crashes saved, state: started :-), mode=explore, perf_score=459, weight=79, favorite=1, was_fuzzed=1, exec_us=1524, hits=0, map=17, ascii=0, run_time=0:00:01:59)...[0m
[1;94m[*] [0mFuzzing test case #0 (20 total, 0 crashes saved, state: started :-), mode=explore, perf_score=459, weight=79, favorite=1, was_fuzzed=1, exec_us=1524, hits=0, map=17, ascii=0, run_time=0:00:02:00)...[0m
[1;94m[*] [0mFuzzing test case #0 (20 total, 0 crashes saved, state: started :-), mode=explore, perf_score=459, weight=79, favorite=1, was_fuzzed=1, exec_us=1524, hits=0, map=17, ascii=0, run_time=0:00:02:01)...[0m
[1;94m[*] [0mFuzzing test case #0 (20 total, 0 crashes saved, state: started :-), mode=explore, perf_score=459, weight=79, favorite=1, was_fuzzed=1, exec_us=1524, hits=0, map=17, ascii=0, run_time=0:00:02:01)...[0m
[1;94m[*] [0mFuzzing test case #0 (20 total, 0 crashes saved, state: started :-), mode=explore, perf_score=459, weight=79, favorite=1, was_fuzzed=1, exec_us=1524, hits=0, map=17, ascii=0, run_time=0:00:02:02)...[0m
[1;94m[*] [0mEntering queue cycle 7.[0m
[1;94m[*] [0mFuzzing test case #10 (20 total, 0 crashes saved, state: started :-), mode=explore, perf_score=114, weight=3, favorite=1, was_fuzzed=1, exec_us=1471, hits=319, map=17, ascii=0, run_time=0:00:02:03)...[0m
[1;94m[*] [0mFuzzing test case #0 (20 total, 0 crashes saved, state: started :-), mode=explore, perf_score=459, weight=79, favorite=1, was_fuzzed=1, exec_us=1524, hits=0, map=17, ascii=0, run_time=0:00:02:03)...[0m
[1;94m[*] [0mFuzzing test case #0 (20 total, 0 crashes saved, state: started :-), mode=explore, perf_score=459, weight=79, favorite=1, was_fuzzed=1, exec_us=1524, hits=0, map=17, ascii=0, run_time=0:00:02:04)...[0m
[1;94m[*] [0mFuzzing test case #0 (20 total, 0 crashes saved, state: started :-), mode=explore, perf_score=459, weight=79, favorite=1, was_fuzzed=1, exec_us=1524, hits=0, map=17, ascii=0, run_time=0:00:02:05)...[0m
[1;94m[*] [0mFuzzing test case #0 (20 total, 0 crashes saved, state: started :-), mode=explore, perf_score=459, weight=79, favorite=1, was_fuzzed=1, exec_us=1524, hits=0, map=17, ascii=0, run_time=0:00:02:06)...[0m
[1;94m[*] [0mFuzzing test case #0 (20 total, 0 crashes saved, state: started :-), mode=explore, perf_score=459, weight=79, favorite=1, was_fuzzed=1, exec_us=1524, hits=0, map=17, ascii=0, run_time=0:00:02:07)...[0m
[1;94m[*] [0mFuzzing test case #0 (20 total, 0 crashes saved, state: started :-), mode=explore, perf_score=459, weight=79, favorite=1, was_fuzzed=1, exec_us=1524, hits=0, map=17, ascii=0, run_time=0:00:02:08)...[0m
[1;94m[*] [0mFuzzing test case #0 (20 total, 0 crashes saved, state: started :-), mode=explore, perf_score=459, weight=79, favorite=1, was_fuzzed=1, exec_us=1524, hits=0, map=17, ascii=0, run_time=0:00:02:09)...[0m
[1;94m[*] [0mFuzzing test case #0 (20 total, 0 crashes saved, state: started :-), mode=explore, perf_score=459, weight=79, favorite=1, was_fuzzed=1, exec_us=1524, hits=0, map=17, ascii=0, run_time=0:00:02:10)...[0m
[1;94m[*] [0mFuzzing test case #0 (20 total, 0 crashes saved, state: started :-), mode=explore, perf_score=459, weight=79, favorite=1, was_fuzzed=1, exec_us=1524, hits=0, map=17, ascii=0, run_time=0:00:02:11)...[0m
[1;94m[*] [0mFuzzing test case #0 (20 total, 0 crashes saved, state: started :-), mode=explore, perf_score=459, weight=79, favorite=1, was_fuzzed=1, exec_us=1524, hits=0, map=17, ascii=0, run_time=0:00:02:11)...[0m
[1;94m[*] [0mFuzzing test case #0 (20 total, 0 crashes saved, state: started :-), mode=explore, perf_score=459, weight=79, favorite=1, was_fuzzed=1, exec_us=1524, hits=0, map=17, ascii=0, run_time=0:00:02:12)...[0m
[1;94m[*] [0mFuzzing test case #0 (20 total, 0 crashes saved, state: started :-), mode=explore, perf_score=459, weight=79, favorite=1, was_fuzzed=1, exec_us=1524, hits=0, map=17, ascii=0, run_time=0:00:02:13)...[0m
[1;94m[*] [0mFuzzing test case #0 (20 total, 0 crashes saved, state: started :-), mode=explore, perf_score=459, weight=79, favorite=1, was_fuzzed=1, exec_us=1524, hits=0, map=17, ascii=0, run_time=0:00:02:14)...[0m
[1;94m[*] [0mFuzzing test case #10 (20 total, 0 crashes saved, state: started :-), mode=explore, perf_score=114, weight=3, favorite=1, was_fuzzed=1, exec_us=1471, hits=355, map=17, ascii=0, run_time=0:00:02:14)...[0m
[1;94m[*] [0mFuzzing test case #0 (20 total, 0 crashes saved, state: started :-), mode=explore, perf_score=459, weight=79, favorite=1, was_fuzzed=1, exec_us=1524, hits=0, map=17, ascii=0, run_time=0:00:02:15)...[0m
[1;94m[*] [0mFuzzing test case #13 (20 total, 0 crashes saved, state: started :-), mode=explore, perf_score=114, weight=3, favorite=1, was_fuzzed=1, exec_us=1464, hits=301, map=19, ascii=0, run_time=0:00:02:16)...[0m
[1;94m[*] [0mFuzzing test case #0 (20 total, 0 crashes saved, state: started :-), mode=explore, perf_score=459, weight=79, favorite=1, was_fuzzed=1, exec_us=1524, hits=0, map=17, ascii=0, run_time=0:00:02:17)...[0m
[1;94m[*] [0mFuzzing test case #18 (20 total, 0 crashes saved, state: started :-), mode=explore, perf_score=345, weight=4, favorite=1, was_fuzzed=1, exec_us=1700, hits=247, map=17, ascii=0, run_time=0:00:02:17)...[0m
[1;94m[*] [0mFuzzing test case #13 (20 total, 0 crashes saved, state: started :-), mode=explore, perf_score=114, weight=3, favorite=1, was_fuzzed=1, exec_us=1464, hits=310, map=19, ascii=0, run_time=0:00:02:19)...[0m
[1;94m[*] [0mFuzzing test case #0 (20 total, 0 crashes saved, state: started :-), mode=explore, perf_score=459, weight=79, favorite=1, was_fuzzed=1, exec_us=1524, hits=0, map=17, ascii=0, run_time=0:00:02:19)...[0m
[1;94m[*] [0mFuzzing test case #0 (20 total, 0 crashes saved, state: started :-), mode=explore, perf_score=459, weight=79, favorite=1, was_fuzzed=1, exec_us=1524, hits=0, map=17, ascii=0, run_time=0:00:02:20)...[0m
[1;94m[*] [0mEntering queue cycle 8.[0m
[1;94m[*] [0mFuzzing test case #0 (20 total, 0 crashes saved, state: started :-), mode=explore, perf_score=459, weight=79, favorite=1, was_fuzzed=1, exec_us=1524, hits=0, map=17, ascii=0, run_time=0:00:02:21)...[0m
[1;94m[*] [0mFuzzing test case #0 (20 total, 0 crashes saved, state: started :-), mode=explore, perf_score=459, weight=79, favorite=1, was_fuzzed=1, exec_us=1524, hits=0, map=17, ascii=0, run_time=0:00:02:22)...[0m
[1;94m[*] [0mFuzzing test case #0 (20 total, 0 crashes saved, state: started :-), mode=explore, perf_score=459, weight=79, favorite=1, was_fuzzed=1, exec_us=1524, hits=0, map=17, ascii=0, run_time=0:00:02:22)...[0m
[1;94m[*] [0mFuzzing test case #13 (20 total, 0 crashes saved, state: started :-), mode=explore, perf_score=114, weight=3, favorite=1, was_fuzzed=1, exec_us=1464, hits=334, map=19, ascii=0, run_time=0:00:02:23)...[0m
[1;94m[*] [0mFuzzing test case #15 (20 total, 0 crashes saved, state: started :-), mode=explore, perf_score=114, weight=3, favorite=1, was_fuzzed=1, exec_us=1611, hits=150, map=17, ascii=0, run_time=0:00:02:24)...[0m
[1;94m[*] [0mFuzzing test case #0 (20 total, 0 crashes saved, state: started :-), mode=explore, perf_score=459, weight=79, favorite=1, was_fuzzed=1, exec_us=1524, hits=0, map=17, ascii=0, run_time=0:00:02:24)...[0m
[1;94m[*] [0mFuzzing test case #3 (20 total, 0 crashes saved, state: started :-), mode=explore, perf_score=114, weight=2, favorite=1, was_fuzzed=1, exec_us=1506, hits=3137, map=17, ascii=0, run_time=0:00:02:25)...[0m
[1;94m[*] [0mFuzzing test case #0 (20 total, 0 crashes saved, state: started :-), mode=explore, perf_score=459, weight=79, favorite=1, was_fuzzed=1, exec_us=1524, hits=0, map=17, ascii=0, run_time=0:00:02:26)...[0m
[1;94m[*] [0mFuzzing test case #18 (20 total, 0 crashes saved, state: started :-), mode=explore, perf_score=345, weight=4, favorite=1, was_fuzzed=1, exec_us=1700, hits=288, map=17, ascii=0, run_time=0:00:02:26)...[0m
[1;94m[*] [0mFuzzing test case #0 (20 total, 0 crashes saved, state: started :-), mode=explore, perf_score=459, weight=79, favorite=1, was_fuzzed=1, exec_us=1524, hits=0, map=17, ascii=0, run_time=0:00:02:28)...[0m
[1;94m[*] [0mFuzzing test case #20 (21 total, 0 crashes saved, state: started :-), mode=explore, perf_score=0, weight=0, favorite=1, was_fuzzed=0, exec_us=1363, hits=1, map=21, ascii=0, run_time=0:00:02:29)...[0m
[1;94m[*] [0mFuzzing test case #20 (21 total, 0 crashes saved, state: started :-), mode=explore, perf_score=1839, weight=20, favorite=1, was_fuzzed=1, exec_us=1363, hits=1, map=21, ascii=0, run_time=0:00:02:29)...[0m
[1;94m[*] [0mFuzzing test case #25 (28 total, 0 crashes saved, state: started :-), mode=explore, perf_score=0, weight=0, favorite=1, was_fuzzed=0, exec_us=1525, hits=3, map=19, ascii=0, run_time=0:00:02:49)...[0m
[1;94m[*] [0mFuzzing test case #24 (28 total, 0 crashes saved, state: started :-), mode=explore, perf_score=400, weight=15, favorite=1, was_fuzzed=0, exec_us=1559, hits=2, map=21, ascii=0, run_time=0:00:02:49)...[0m
[1;94m[*] [0mFuzzing test case #23 (30 total, 0 crashes saved, state: started :-), mode=explore, perf_score=200, weight=11, favorite=1, was_fuzzed=0, exec_us=1469, hits=8, map=21, ascii=0, run_time=0:00:02:52)...[0m
[1;94m[*] [0mFuzzing test case #25 (30 total, 0 crashes saved, state: started :-), mode=explore, perf_score=690, weight=13, favorite=1, was_fuzzed=1, exec_us=1525, hits=4, map=19, ascii=0, run_time=0:00:02:53)...[0m
[1;94m[*] [0mFuzzing test case #0 (32 total, 0 crashes saved, state: started :-), mode=explore, perf_score=459, weight=94, favorite=1, was_fuzzed=1, exec_us=1524, hits=0, map=17, ascii=0, run_time=0:00:02:57)...[0m
[1;94m[*] [0mFuzzing test case #0 (32 total, 0 crashes saved, state: started :-), mode=explore, perf_score=459, weight=94, favorite=1, was_fuzzed=1, exec_us=1524, hits=0, map=17, ascii=0, run_time=0:00:02:58)...[0m
[1;94m[*] [0mFuzzing test case #3 (32 total, 0 crashes saved, state: started :-), mode=explore, perf_score=114, weight=2, favorite=1, was_fuzzed=1, exec_us=1506, hits=4102, map=17, ascii=0, run_time=0:00:02:58)...[0m
[1;94m[*] [0mFuzzing test case #0 (32 total, 0 crashes saved, state: started :-), mode=explore, perf_score=459, weight=94, favorite=1, was_fuzzed=1, exec_us=1524, hits=0, map=17, ascii=0, run_time=0:00:02:59)...[0m
[1;94m[*] [0mFuzzing test case #0 (32 total, 0 crashes saved, state: started :-), mode=explore, perf_score=459, weight=94, favorite=1, was_fuzzed=1, exec_us=1524, hits=0, map=17, ascii=0, run_time=0:00:02:59)...[0m
[1;94m[*] [0mFuzzing test case #0 (32 total, 0 crashes saved, state: started :-), mode=explore, perf_score=459, weight=94, favorite=1, was_fuzzed=1, exec_us=1524, hits=0, map=17, ascii=0, run_time=0:00:03:00)...[0m
[1;94m[*] [0mFuzzing test case #0 (32 total, 0 crashes saved, state: started :-), mode=explore, perf_score=459, weight=94, favorite=1, was_fuzzed=1, exec_us=1524, hits=0, map=17, ascii=0, run_time=0:00:03:01)...[0m
[1;94m[*] [0mFuzzing test case #0 (32 total, 0 crashes saved, state: started :-), mode=explore, perf_score=459, weight=94, favorite=1, was_fuzzed=1, exec_us=1524, hits=0, map=17, ascii=0, run_time=0:00:03:02)...[0m
[1;94m[*] [0mFuzzing test case #0 (32 total, 0 crashes saved, state: started :-), mode=explore, perf_score=459, weight=94, favorite=1, was_fuzzed=1, exec_us=1524, hits=0, map=17, ascii=0, run_time=0:00:03:02)...[0m
[1;94m[*] [0mFuzzing test case #0 (32 total, 0 crashes saved, state: started :-), mode=explore, perf_score=459, weight=94, favorite=1, was_fuzzed=1, exec_us=1524, hits=0, map=17, ascii=0, run_time=0:00:03:03)...[0m
[1;94m[*] [0mFuzzing test case #0 (32 total, 0 crashes saved, state: started :-), mode=explore, perf_score=459, weight=94, favorite=1, was_fuzzed=1, exec_us=1524, hits=0, map=17, ascii=0, run_time=0:00:03:04)...[0m
[1;94m[*] [0mFuzzing test case #0 (32 total, 0 crashes saved, state: started :-), mode=explore, perf_score=459, weight=94, favorite=1, was_fuzzed=1, exec_us=1524, hits=0, map=17, ascii=0, run_time=0:00:03:06)...[0m
[1;94m[*] [0mFuzzing test case #10 (32 total, 0 crashes saved, state: started :-), mode=explore, perf_score=114, weight=3, favorite=1, was_fuzzed=1, exec_us=1471, hits=393, map=17, ascii=0, run_time=0:00:03:06)...[0m
[1;94m[*] [0mFuzzing test case #20 (32 total, 0 crashes saved, state: started :-), mode=explore, perf_score=114, weight=3, favorite=1, was_fuzzed=1, exec_us=1363, hits=604, map=21, ascii=0, run_time=0:00:03:07)...[0m
[1;94m[*] [0mFuzzing test case #23 (32 total, 0 crashes saved, state: started :-), mode=explore, perf_score=459, weight=5, favorite=1, was_fuzzed=1, exec_us=1469, hits=26, map=21, ascii=0, run_time=0:00:03:07)...[0m
[1;94m[*] [0mFuzzing test case #0 (34 total, 0 crashes saved, state: started :-), mode=explore, perf_score=459, weight=100, favorite=1, was_fuzzed=1, exec_us=1524, hits=0, map=17, ascii=0, run_time=0:00:03:09)...[0m
[1;94m[*] [0mFuzzing test case #0 (34 total, 0 crashes saved, state: started :-), mode=explore, perf_score=459, weight=100, favorite=1, was_fuzzed=1, exec_us=1524, hits=0, map=17, ascii=0, run_time=0:00:03:10)...[0m
[1;94m[*] [0mFuzzing test case #0 (34 total, 0 crashes saved, state: started :-), mode=explore, perf_score=459, weight=100, favorite=1, was_fuzzed=1, exec_us=1524, hits=0, map=17, ascii=0, run_time=0:00:03:11)...[0m
[1;94m[*] [0mFuzzing test case #0 (34 total, 0 crashes saved, state: started :-), mode=explore, perf_score=459, weight=100, favorite=1, was_fuzzed=1, exec_us=1524, hits=0, map=17, ascii=0, run_time=0:00:03:12)...[0m
[1;94m[*] [0mFuzzing test case #0 (34 total, 0 crashes saved, state: started :-), mode=explore, perf_score=459, weight=100, favorite=1, was_fuzzed=1, exec_us=1524, hits=0, map=17, ascii=0, run_time=0:00:03:12)...[0m
[1;94m[*] [0mFuzzing test case #0 (34 total, 0 crashes saved, state: started :-), mode=explore, perf_score=459, weight=100, favorite=1, was_fuzzed=1, exec_us=1524, hits=0, map=17, ascii=0, run_time=0:00:03:14)...[0m
[1;94m[*] [0mFuzzing test case #0 (34 total, 0 crashes saved, state: started :-), mode=explore, perf_score=459, weight=100, favorite=1, was_fuzzed=1, exec_us=1524, hits=0, map=17, ascii=0, run_time=0:00:03:14)...[0m
[1;94m[*] [0mEntering queue cycle 9.[0m
[1;94m[*] [0mFuzzing test case #0 (34 total, 0 crashes saved, state: started :-), mode=explore, perf_score=459, weight=100, favorite=1, was_fuzzed=1, exec_us=1524, hits=0, map=17, ascii=0, run_time=0:00:03:15)...[0m
[1;94m[*] [0mFuzzing test case #0 (34 total, 0 crashes saved, state: started :-), mode=explore, perf_score=459, weight=100, favorite=1, was_fuzzed=1, exec_us=1524, hits=0, map=17, ascii=0, run_time=0:00:03:16)...[0m
[1;94m[*] [0mFuzzing test case #25 (34 total, 0 crashes saved, state: started :-), mode=explore, perf_score=345, weight=11, favorite=1, was_fuzzed=1, exec_us=1525, hits=13, map=19, ascii=0, run_time=0:00:03:17)...[0m
[1;94m[*] [0mFuzzing test case #34 (36 total, 0 crashes saved, state: started :-), mode=explore, perf_score=0, weight=0, favorite=1, was_fuzzed=0, exec_us=1491, hits=2, map=19, ascii=0, run_time=0:00:03:20)...[0m
[1;94m[*] [0mFuzzing test case #35 (36 total, 0 crashes saved, state: started :-), mode=explore, perf_score=800, weight=36, favorite=1, was_fuzzed=0, exec_us=1450, hits=2, map=19, ascii=0, run_time=0:00:03:20)...[0m
[1;94m[*] [0mFuzzing test case #39 (42 total, 0 crashes saved, state: started :-), mode=explore, perf_score=0, weight=0, favorite=1, was_fuzzed=0, exec_us=1449, hits=16, map=17, ascii=0, run_time=0:00:03:44)...[0m
[1;94m[*] [0mFuzzing test case #37 (42 total, 0 crashes saved, state: started :-), mode=explore, perf_score=800, weight=1, favorite=1, was_fuzzed=0, exec_us=1478, hits=6, map=21, ascii=0, run_time=0:00:03:44)...[0m
[1;94m[*] [0mFuzzing test case #47 (50 total, 0 crashes saved, state: started :-), mode=explore, perf_score=0, weight=0, favorite=1, was_fuzzed=0, exec_us=1540, hits=3, map=22, ascii=0, run_time=0:00:04:08)...[0m
[1;94m[*] [0mFuzzing test case #43 (50 total, 0 crashes saved, state: started :-), mode=explore, perf_score=800, weight=1, favorite=1, was_fuzzed=0, exec_us=1443, hits=1, map=21, ascii=0, run_time=0:00:04:08)...[0m
[1;94m[*] [0mFuzzing test case #51 (53 total, 0 crashes saved, state: started :-), mode=explore, perf_score=0, weight=0, favorite=1, was_fuzzed=0, exec_us=1602, hits=1, map=21, ascii=0, run_time=0:00:04:12)...[0m
[1;94m[*] [0mFuzzing test case #3 (53 total, 0 crashes saved, state: started :-), mode=explore, perf_score=114, weight=0, favorite=1, was_fuzzed=1, exec_us=1506, hits=6961, map=17, ascii=0, run_time=0:00:04:12)...[0m
[1;94m[*] [0mFuzzing test case #50 (53 total, 0 crashes saved, state: started :-), mode=explore, perf_score=800, weight=0, favorite=0, was_fuzzed=0, exec_us=1454, hits=5, map=22, ascii=0, run_time=0:00:04:13)...[0m
[?25h[1;91m

+++ Testing aborted programmatically +++
[0m[1;94m[*] [0mStatistics: 53 new corpus items found, 52.05% coverage achieved, 1 crashes saved, 0 timeouts saved, total runtime 0 days, 0 hrs, 4 min, 16 sec[0m
[1;92m[+] [0mWe're done here. Have a nice day!
[0m
[1;94m[*] [0mFuzzing test case #22 (32 total, 0 crashes saved, state: started :-), mode=explore, perf_score=0, weight=0, favorite=1, was_fuzzed=0, exec_us=1172, hits=7, map=20, ascii=0, run_time=0:00:04:50)...[0m
[1;94m[*] [0mFuzzing test case #22 (32 total, 0 crashes saved, state: started :-), mode=explore, perf_score=345, weight=54, favorite=1, was_fuzzed=1, exec_us=1172, hits=7, map=20, ascii=0, run_time=0:00:04:50)...[0m
[1;94m[*] [0mFuzzing test case #19 (33 total, 0 crashes saved, state: started :-), mode=explore, perf_score=100, weight=46, favorite=1, was_fuzzed=0, exec_us=1189, hits=2, map=24, ascii=0, run_time=0:00:04:51)...[0m
[1;94m[*] [0mFuzzing test case #34 (35 total, 0 crashes saved, state: started :-), mode=explore, perf_score=0, weight=0, favorite=1, was_fuzzed=0, exec_us=1100, hits=1, map=27, ascii=0, run_time=0:00:04:52)...[0m
[1;94m[*] [0mFuzzing test case #29 (35 total, 0 crashes saved, state: started :-), mode=explore, perf_score=100, weight=32, favorite=1, was_fuzzed=0, exec_us=1165, hits=1, map=22, ascii=0, run_time=0:00:04:52)...[0m
[1;94m[*] [0mFuzzing test case #30 (35 total, 0 crashes saved, state: started :-), mode=explore, perf_score=100, weight=22, favorite=1, was_fuzzed=0, exec_us=1153, hits=1, map=23, ascii=0, run_time=0:00:04:53)...[0m
[1;94m[*] [0mFuzzing test case #21 (38 total, 0 crashes saved, state: started :-), mode=explore, perf_score=100, weight=20, favorite=1, was_fuzzed=0, exec_us=1230, hits=1, map=21, ascii=0, run_time=0:00:04:53)...[0m
[1;94m[*] [0mFuzzing test case #45 (46 total, 0 crashes saved, state: in progress, mode=explore, perf_score=0, weight=0, favorite=1, was_fuzzed=0, exec_us=1125, hits=1, map=20, ascii=0, run_time=0:00:05:09)...[0m
[1;94m[*] [0mFuzzing test case #20 (46 total, 0 crashes saved, state: in progress, mode=explore, perf_score=100, weight=25, favorite=1, was_fuzzed=0, exec_us=1177, hits=1, map=23, ascii=0, run_time=0:00:05:09)...[0m
[1;94m[*] [0mFuzzing test case #39 (46 total, 0 crashes saved, state: in progress, mode=explore, perf_score=100, weight=19, favorite=1, was_fuzzed=0, exec_us=1094, hits=17, map=22, ascii=0, run_time=0:00:05:10)...[0m
[1;94m[*] [0mFuzzing test case #34 (46 total, 0 crashes saved, state: in progress, mode=explore, perf_score=459, weight=63, favorite=1, was_fuzzed=1, exec_us=1100, hits=1, map=27, ascii=0, run_time=0:00:05:10)...[0m
[1;94m[*] [0mFuzzing test case #45 (48 total, 0 crashes saved, state: in progress, mode=explore, perf_score=459, weight=154, favorite=1, was_fuzzed=1, exec_us=1125, hits=1, map=20, ascii=0, run_time=0:00:05:12)...[0m
[1;94m[*] [0mFuzzing test case #49 (53 total, 0 crashes saved, state: in progress, mode=explore, perf_score=0, weight=0, favorite=1, was_fuzzed=0, exec_us=1114, hits=1, map=20, ascii=0, run_time=0:00:05:18)...[0m
[1;94m[*] [0mFuzzing test case #49 (53 total, 0 crashes saved, state: in progress, mode=explore, perf_score=919, weight=177, favorite=1, was_fuzzed=1, exec_us=1114, hits=1, map=20, ascii=0, run_time=0:00:05:18)...[0m
[1;94m[*] [0mFuzzing test case #49 (53 total, 0 crashes saved, state: in progress, mode=explore, perf_score=229, weight=65, favorite=1, was_fuzzed=1, exec_us=1114, hits=53, map=20, ascii=0, run_time=0:00:05:21)...[0m
[1;94m[*] [0mFuzzing test case #49 (54 total, 0 crashes saved, state: in progress, mode=explore, perf_score=229, weight=65, favorite=1, was_fuzzed=1, exec_us=1114, hits=60, map=20, ascii=0, run_time=0:00:05:22)...[0m
[1;94m[*] [0mFuzzing test case #30 (55 total, 0 crashes saved, state: in progress, mode=explore, perf_score=345, weight=7, favorite=1, was_fuzzed=1, exec_us=1153, hits=10, map=23, ascii=0, run_time=0:00:05:23)...[0m
[1;94m[*] [0mFuzzing test case #49 (55 total, 0 crashes saved, state: in progress, mode=explore, perf_score=229, weight=62, favorite=1, was_fuzzed=1, exec_us=1114, hits=89, map=20, ascii=0, run_time=0:00:05:24)...[0m
[1;94m[*] [0mFuzzing test case #34 (55 total, 0 crashes saved, state: in progress, mode=explore, perf_score=345, weight=38, favorite=1, was_fuzzed=1, exec_us=1100, hits=9, map=27, ascii=0, run_time=0:00:05:25)...[0m
[1;94m[*] [0mFuzzing test case #55 (56 total, 0 crashes saved, state: in progress, mode=explore, perf_score=0, weight=0, favorite=1, was_fuzzed=0, exec_us=1207, hits=1, map=27, ascii=0, run_time=0:00:05:26)...[0m
[1;94m[*] [0mFuzzing test case #30 (56 total, 0 crashes saved, state: in progress, mode=explore, perf_score=229, weight=6, favorite=1, was_fuzzed=1, exec_us=1153, hits=24, map=23, ascii=0, run_time=0:00:05:27)...[0m
[1;94m[*] [0mFuzzing test case #49 (56 total, 0 crashes saved, state: in progress, mode=explore, perf_score=229, weight=58, favorite=1, was_fuzzed=1, exec_us=1114, hits=104, map=20, ascii=0, run_time=0:00:05:27)...[0m
[1;94m[*] [0mFuzzing test case #22 (56 total, 0 crashes saved, state: in progress, mode=explore, perf_score=114, weight=5, favorite=1, was_fuzzed=1, exec_us=1172, hits=36, map=20, ascii=0, run_time=0:00:05:28)...[0m
[1;94m[*] [0mFuzzing test case #55 (56 total, 0 crashes saved, state: in progress, mode=explore, perf_score=919, weight=66, favorite=1, was_fuzzed=1, exec_us=1207, hits=1, map=27, ascii=0, run_time=0:00:05:28)...[0m
[1;94m[*] [0mFuzzing test case #57 (58 total, 0 crashes saved, state: in progress, mode=explore, perf_score=0, weight=0, favorite=1, was_fuzzed=0, exec_us=1104, hits=1, map=24, ascii=0, run_time=0:00:05:35)...[0m
[1;94m[*] [0mFuzzing test case #56 (58 total, 0 crashes saved, state: in progress, mode=explore, perf_score=200, weight=66, favorite=1, was_fuzzed=0, exec_us=1125, hits=1, map=25, ascii=0, run_time=0:00:05:35)...[0m
[1;94m[*] [0mFuzzing test case #56 (58 total, 0 crashes saved, state: in progress, mode=explore, perf_score=690, weight=21, favorite=1, was_fuzzed=1, exec_us=1125, hits=11, map=25, ascii=0, run_time=0:00:05:36)...[0m
[1;94m[*] [0mFuzzing test case #49 (60 total, 0 crashes saved, state: in progress, mode=explore, perf_score=229, weight=59, favorite=1, was_fuzzed=1, exec_us=1114, hits=113, map=20, ascii=0, run_time=0:00:05:40)...[0m
[1;94m[*] [0mFuzzing test case #49 (61 total, 0 crashes saved, state: in progress, mode=explore, perf_score=229, weight=60, favorite=1, was_fuzzed=1, exec_us=1114, hits=119, map=20, ascii=0, run_time=0:00:05:41)...[0m
[1;94m[*] [0mFuzzing test case #29 (61 total, 0 crashes saved, state: in progress, mode=explore, perf_score=345, weight=7, favorite=1, was_fuzzed=1, exec_us=1165, hits=8, map=22, ascii=0, run_time=0:00:05:41)...[0m
[1;94m[*] [0mFuzzing test case #49 (61 total, 0 crashes saved, state: in progress, mode=explore, perf_score=229, weight=60, favorite=1, was_fuzzed=1, exec_us=1114, hits=130, map=20, ascii=0, run_time=0:00:05:42)...[0m
[1;94m[*] [0mFuzzing test case #49 (61 total, 0 crashes saved, state: in progress, mode=explore, perf_score=229, weight=60, favorite=1, was_fuzzed=1, exec_us=1114, hits=151, map=20, ascii=0, run_time=0:00:05:43)...[0m
[1;94m[*] [0mFuzzing test case #49 (61 total, 0 crashes saved, state: in progress, mode=explore, perf_score=229, weight=60, favorite=1, was_fuzzed=1, exec_us=1114, hits=161, map=20, ascii=0, run_time=0:00:05:44)...[0m
[1;94m[*] [0mFuzzing test case #20 (61 total, 0 crashes saved, state: in progress, mode=explore, perf_score=345, weight=8, favorite=1, was_fuzzed=1, exec_us=1177, hits=6, map=23, ascii=0, run_time=0:00:05:45)...[0m
[1;94m[*] [0mFuzzing test case #57 (61 total, 0 crashes saved, state: in progress, mode=explore, perf_score=919, weight=44, favorite=1, was_fuzzed=1, exec_us=1104, hits=1, map=24, ascii=0, run_time=0:00:05:46)...[0m
[?25h[1;91m

+++ Testing aborted programmatically +++
[0m[1;94m[*] [0mStatistics: 61 new corpus items found, 52.05% coverage achieved, 1 crashes saved, 0 timeouts saved, total runtime 0 days, 0 hrs, 5 min, 48 sec[0m
[1;92m[+] [0mWe're done here. Have a nice day!
[0m
