JOB timestamp: Mon Dec 18 14:40:32 MST 2023
JOB ID: 121568
Array Task ID: 0
Current directory: /lfs/koff9454.ui/projects/plc_runtime_fuzzer/code_analysis/src
r2i1n4
gcc (Spack GCC) 12.1.0
Copyright (C) 2022 Free Software Foundation, Inc.
This is free software; see the source for copying conditions.  There is NO
warranty; not even for MERCHANTABILITY or FITNESS FOR A PARTICULAR PURPOSE.

Python 3.11.5
/lfs/koff9454.ui/miniconda3/envs/plc/bin/python
matiec version 0.1
changeset id: 
Number of programs: 3
Programs: condition_1 condition_2 condition_3
Fuzzing program: condition_1, Job ID: 0
input dir does not exist, creating
(source_file (program_definition program_name: (identifier) (variable_definition (variable_definition_body name: (identifier) address: (address) type: (basic_data_type)) (variable_definition_body name: (identifier) address: (address) type: (basic_data_type)) (variable_definition_body name: (identifier) address: (address) type: (basic_data_type))) (if_statement condition: (binary_expression (variable name: (identifier)) (variable name: (identifier))) (assignment (variable name: (identifier)) (boolean)) (else_clause (assignment (variable name: (identifier)) (boolean))))) (configuration (identifier) (resource (identifier) (task (identifier) (time) (integer)) (program_instance (identifier) (identifier) (identifier)))))
variable_name:  button1
variable_type:  BOOL
variable_address:  %IX0.0

variable_name:  button2
variable_type:  BOOL
variable_address:  %IX0.1

variable_name:  led
variable_type:  BOOL
variable_address:  %QX0.0

visit_assignment:  (assignment (variable name: (identifier)) (boolean))

variable name:  led
visit_assignment:  (assignment (variable name: (identifier)) (boolean))

variable name:  led

variables:  {'button1': ('BOOL', '%IX0.0'), 'button2': ('BOOL', '%IX0.1'), 'led': ('BOOL', '%QX0.0')}
content:  %IX0.0,BOOL,9

content:  %IX0.1,BOOL,9

plc_inputs:  [{'name': '%IX0.0', 'type': 'BOOL', 'value': 9}, {'name': '%IX0.1', 'type': 'BOOL', 'value': 9}]
plc_input_code:  #include "iec_std_lib.h"
#include "iec_types_all.h" 
#include <string.h>
#include <stdlib.h>
#include "/lfs/koff9454.ui/projects/plc_runtime_fuzzer/runtime/inputs.h"

    
extern BOOL *__IX0_0;
extern BOOL *__IX0_1;

void set_plc_input(const char *name, const char *type, PLC_Value value) {

    if (strcmp(name, "%IX0.0") == 0) {
        if (strcmp(type, "BOOL") == 0) {
            *__IX0_0 = (BOOL)value._BOOL;
        }
    } else

    if (strcmp(name, "%IX0.1") == 0) {
        if (strcmp(type, "BOOL") == 0) {
            *__IX0_1 = (BOOL)value._BOOL;
        }
    }
}
harness executable does not exist, creating
~/projects/plc_runtime_fuzzer/runtime ~/projects/plc_runtime_fuzzer/code_analysis/src/programs/condition/condition_1
(source_file (program_definition program_name: (identifier) (variable_definition (variable_definition_body name: (identifier) address: (address) type: (basic_data_type)) (variable_definition_body name: (identifier) address: (address) type: (basic_data_type)) (variable_definition_body name: (identifier) address: (address) type: (basic_data_type))) (if_statement condition: (binary_expression (variable name: (identifier)) (variable name: (identifier))) (assignment (variable name: (identifier)) (boolean)) (else_clause (assignment (variable name: (identifier)) (boolean))))) (configuration (identifier) (resource (identifier) (task (identifier) (time) (integer)) (program_instance (identifier) (identifier) (identifier)))))
variable_name:  button1
variable_type:  BOOL
variable_address:  %IX0.0

variable_name:  button2
variable_type:  BOOL
variable_address:  %IX0.1

variable_name:  led
variable_type:  BOOL
variable_address:  %QX0.0

visit_assignment:  (assignment (variable name: (identifier)) (boolean))

variable name:  led
visit_assignment:  (assignment (variable name: (identifier)) (boolean))

variable name:  led

variables:  {'button1': ('BOOL', '%IX0.0'), 'button2': ('BOOL', '%IX0.1'), 'led': ('BOOL', '%QX0.0')}
content:  %IX0.0,BOOL,9

content:  %IX0.1,BOOL,9

plc_inputs:  [{'name': '%IX0.0', 'type': 'BOOL', 'value': 9}, {'name': '%IX0.1', 'type': 'BOOL', 'value': 9}]
plc_input_code:  #include "iec_std_lib.h"
#include "iec_types_all.h" 
#include <string.h>
#include <stdlib.h>
#include "/lfs/koff9454.ui/projects/plc_runtime_fuzzer/runtime/inputs.h"

    
extern BOOL *__IX0_0;
extern BOOL *__IX0_1;

void set_plc_input(const char *name, const char *type, PLC_Value value) {

    if (strcmp(name, "%IX0.0") == 0) {
        if (strcmp(type, "BOOL") == 0) {
            *__IX0_0 = (BOOL)value._BOOL;
        }
    } else

    if (strcmp(name, "%IX0.1") == 0) {
        if (strcmp(type, "BOOL") == 0) {
            *__IX0_1 = (BOOL)value._BOOL;
        }
    }
}
Created temporary directory: /lfs/koff9454.ui/projects/plc_runtime_fuzzer/runtime/tmp.ksB2Vl
Generating IEC sources from ST file
POUS.c
POUS.h
LOCATED_VARIABLES.h
VARIABLES.csv
STD_CONF.c
STD_CONF.h
STD_RESSOURCE.c
Compiling the fuzzing harness
Compiling the set_input
Creating the executable
~/projects/plc_runtime_fuzzer/code_analysis/src/programs/condition/condition_1
Current directory: /lfs/koff9454.ui/projects/plc_runtime_fuzzer/code_analysis/src/programs/condition/condition_1
Files moved to /lfs/koff9454.ui/projects/plc_runtime_fuzzer/code_analysis/src/programs/condition/condition_1
Running the fuzzers
Workdir: "/lfs/koff9454.ui/projects/plc_runtime_fuzzer/code_analysis/src/programs/condition/condition_1/runs/run-0"
Out dir at "fuzzer-outdir" already exists.
Let's fuzz :)
[Stats #0] run time: 0h-0m-0s, clients: 1, corpus: 0, objectives: 0, executions: 0, exec/sec: 0.000
[Testcase #0] run time: 0h-0m-0s, clients: 1, corpus: 1, objectives: 0, executions: 1, exec/sec: 0.000
We imported 1 inputs from disk.
[Objective #0] run time: 0h-0m-0s, clients: 1, corpus: 1, objectives: 1, executions: 1, exec/sec: 0.000
[Objective #0] run time: 0h-0m-0s, clients: 1, corpus: 1, objectives: 2, executions: 1, exec/sec: 0.000
[Objective #0] run time: 0h-0m-0s, clients: 1, corpus: 1, objectives: 3, executions: 1, exec/sec: 0.000
[Objective #0] run time: 0h-0m-0s, clients: 1, corpus: 1, objectives: 4, executions: 1, exec/sec: 0.000
[Objective #0] run time: 0h-0m-0s, clients: 1, corpus: 1, objectives: 5, executions: 1, exec/sec: 0.000
[Objective #0] run time: 0h-0m-0s, clients: 1, corpus: 1, objectives: 6, executions: 1, exec/sec: 0.000
[Objective #0] run time: 0h-0m-1s, clients: 1, corpus: 1, objectives: 7, executions: 1, exec/sec: 0.000
[Objective #0] run time: 0h-0m-1s, clients: 1, corpus: 1, objectives: 8, executions: 1, exec/sec: 0.890
[Stats #0] run time: 0h-0m-1s, clients: 1, corpus: 1, objectives: 8, executions: 1, exec/sec: 0.888
[Testcase #0] run time: 0h-0m-1s, clients: 1, corpus: 2, objectives: 8, executions: 18, exec/sec: 15.93
[Objective #0] run time: 0h-0m-1s, clients: 1, corpus: 2, objectives: 9, executions: 18, exec/sec: 14.13
[Objective #0] run time: 0h-0m-1s, clients: 1, corpus: 2, objectives: 10, executions: 18, exec/sec: 12.67
[Objective #0] run time: 0h-0m-1s, clients: 1, corpus: 2, objectives: 11, executions: 18, exec/sec: 11.55
[Objective #0] run time: 0h-0m-1s, clients: 1, corpus: 2, objectives: 12, executions: 18, exec/sec: 10.65
[Objective #0] run time: 0h-0m-1s, clients: 1, corpus: 2, objectives: 13, executions: 18, exec/sec: 9.709
[Objective #0] run time: 0h-0m-2s, clients: 1, corpus: 2, objectives: 14, executions: 18, exec/sec: 9.076
[Objective #0] run time: 0h-0m-2s, clients: 1, corpus: 2, objectives: 15, executions: 18, exec/sec: 8.431
[Objective #0] run time: 0h-0m-2s, clients: 1, corpus: 2, objectives: 16, executions: 18, exec/sec: 7.861
[Objective #0] run time: 0h-0m-2s, clients: 1, corpus: 2, objectives: 17, executions: 18, exec/sec: 7.449
[Objective #0] run time: 0h-0m-2s, clients: 1, corpus: 2, objectives: 18, executions: 18, exec/sec: 7.030
[Objective #0] run time: 0h-0m-2s, clients: 1, corpus: 2, objectives: 19, executions: 18, exec/sec: 6.682
[Objective #0] run time: 0h-0m-2s, clients: 1, corpus: 2, objectives: 20, executions: 18, exec/sec: 6.348
[Objective #0] run time: 0h-0m-3s, clients: 1, corpus: 2, objectives: 21, executions: 18, exec/sec: 6.026
[Objective #0] run time: 0h-0m-3s, clients: 1, corpus: 2, objectives: 22, executions: 18, exec/sec: 5.744
[Objective #0] run time: 0h-0m-3s, clients: 1, corpus: 2, objectives: 23, executions: 18, exec/sec: 5.525
[Objective #0] run time: 0h-0m-3s, clients: 1, corpus: 2, objectives: 24, executions: 18, exec/sec: 5.320
[Objective #0] run time: 0h-0m-3s, clients: 1, corpus: 2, objectives: 25, executions: 18, exec/sec: 5.116
[Objective #0] run time: 0h-0m-3s, clients: 1, corpus: 2, objectives: 26, executions: 18, exec/sec: 4.933
[Objective #0] run time: 0h-0m-3s, clients: 1, corpus: 2, objectives: 27, executions: 18, exec/sec: 4.749
[Objective #0] run time: 0h-0m-3s, clients: 1, corpus: 2, objectives: 28, executions: 18, exec/sec: 4.590
[Objective #0] run time: 0h-0m-4s, clients: 1, corpus: 2, objectives: 29, executions: 18, exec/sec: 4.411
[Objective #0] run time: 0h-0m-4s, clients: 1, corpus: 2, objectives: 30, executions: 18, exec/sec: 4.286
[Objective #0] run time: 0h-0m-4s, clients: 1, corpus: 2, objectives: 31, executions: 18, exec/sec: 4.153
[Objective #0] run time: 0h-0m-4s, clients: 1, corpus: 2, objectives: 32, executions: 18, exec/sec: 4.014
[Objective #0] run time: 0h-0m-4s, clients: 1, corpus: 2, objectives: 33, executions: 18, exec/sec: 3.906
[Objective #0] run time: 0h-0m-4s, clients: 1, corpus: 2, objectives: 34, executions: 18, exec/sec: 3.782
[Objective #0] run time: 0h-0m-4s, clients: 1, corpus: 2, objectives: 35, executions: 18, exec/sec: 3.679
[Objective #0] run time: 0h-0m-5s, clients: 1, corpus: 2, objectives: 36, executions: 18, exec/sec: 3.578
[Objective #0] run time: 0h-0m-5s, clients: 1, corpus: 2, objectives: 37, executions: 18, exec/sec: 3.490
[Objective #0] run time: 0h-0m-5s, clients: 1, corpus: 2, objectives: 38, executions: 18, exec/sec: 3.368
[Objective #0] run time: 0h-0m-5s, clients: 1, corpus: 2, objectives: 39, executions: 18, exec/sec: 3.277
[Objective #0] run time: 0h-0m-5s, clients: 1, corpus: 2, objectives: 40, executions: 18, exec/sec: 3.201
[Objective #0] run time: 0h-0m-5s, clients: 1, corpus: 2, objectives: 41, executions: 18, exec/sec: 3.128
[Objective #0] run time: 0h-0m-5s, clients: 1, corpus: 2, objectives: 42, executions: 18, exec/sec: 3.055
[Objective #0] run time: 0h-0m-6s, clients: 1, corpus: 2, objectives: 43, executions: 18, exec/sec: 2.983
[Objective #0] run time: 0h-0m-6s, clients: 1, corpus: 2, objectives: 44, executions: 18, exec/sec: 2.914
[Objective #0] run time: 0h-0m-6s, clients: 1, corpus: 2, objectives: 45, executions: 18, exec/sec: 2.852
[Objective #0] run time: 0h-0m-6s, clients: 1, corpus: 2, objectives: 46, executions: 18, exec/sec: 2.791
[Objective #0] run time: 0h-0m-6s, clients: 1, corpus: 2, objectives: 47, executions: 18, exec/sec: 2.736
[Objective #0] run time: 0h-0m-6s, clients: 1, corpus: 2, objectives: 48, executions: 18, exec/sec: 2.685
[Objective #0] run time: 0h-0m-6s, clients: 1, corpus: 2, objectives: 49, executions: 18, exec/sec: 2.625
[Objective #0] run time: 0h-0m-7s, clients: 1, corpus: 2, objectives: 50, executions: 18, exec/sec: 2.573
[Objective #0] run time: 0h-0m-7s, clients: 1, corpus: 2, objectives: 51, executions: 18, exec/sec: 2.523
[Objective #0] run time: 0h-0m-7s, clients: 1, corpus: 2, objectives: 52, executions: 18, exec/sec: 2.474
[Objective #0] run time: 0h-0m-7s, clients: 1, corpus: 2, objectives: 53, executions: 18, exec/sec: 2.425
[Objective #0] run time: 0h-0m-7s, clients: 1, corpus: 2, objectives: 54, executions: 18, exec/sec: 2.382
[Objective #0] run time: 0h-0m-7s, clients: 1, corpus: 2, objectives: 55, executions: 18, exec/sec: 2.337
[Objective #0] run time: 0h-0m-7s, clients: 1, corpus: 2, objectives: 56, executions: 18, exec/sec: 2.300
[Objective #0] run time: 0h-0m-7s, clients: 1, corpus: 2, objectives: 57, executions: 18, exec/sec: 2.258
[Objective #0] run time: 0h-0m-8s, clients: 1, corpus: 2, objectives: 58, executions: 18, exec/sec: 2.220
[Objective #0] run time: 0h-0m-8s, clients: 1, corpus: 2, objectives: 59, executions: 18, exec/sec: 2.183
[Objective #0] run time: 0h-0m-8s, clients: 1, corpus: 2, objectives: 60, executions: 18, exec/sec: 2.149
[Objective #0] run time: 0h-0m-8s, clients: 1, corpus: 2, objectives: 61, executions: 18, exec/sec: 2.119
[Objective #0] run time: 0h-0m-8s, clients: 1, corpus: 2, objectives: 62, executions: 18, exec/sec: 2.086
[Objective #0] run time: 0h-0m-8s, clients: 1, corpus: 2, objectives: 63, executions: 18, exec/sec: 2.058
[Objective #0] run time: 0h-0m-8s, clients: 1, corpus: 2, objectives: 64, executions: 18, exec/sec: 2.023
[Objective #0] run time: 0h-0m-9s, clients: 1, corpus: 2, objectives: 65, executions: 18, exec/sec: 1.994
[Objective #0] run time: 0h-0m-9s, clients: 1, corpus: 2, objectives: 66, executions: 18, exec/sec: 1.965
[Objective #0] run time: 0h-0m-9s, clients: 1, corpus: 2, objectives: 67, executions: 18, exec/sec: 1.938
[Objective #0] run time: 0h-0m-9s, clients: 1, corpus: 2, objectives: 68, executions: 18, exec/sec: 1.908
[Objective #0] run time: 0h-0m-9s, clients: 1, corpus: 2, objectives: 69, executions: 18, exec/sec: 1.874
[Objective #0] run time: 0h-0m-9s, clients: 1, corpus: 2, objectives: 70, executions: 18, exec/sec: 1.851
[Objective #0] run time: 0h-0m-9s, clients: 1, corpus: 2, objectives: 71, executions: 18, exec/sec: 1.828
[Objective #0] run time: 0h-0m-10s, clients: 1, corpus: 2, objectives: 72, executions: 18, exec/sec: 1.800
[Objective #0] run time: 0h-0m-10s, clients: 1, corpus: 2, objectives: 73, executions: 18, exec/sec: 1.778
[Objective #0] run time: 0h-0m-10s, clients: 1, corpus: 2, objectives: 74, executions: 18, exec/sec: 1.753
[Objective #0] run time: 0h-0m-10s, clients: 1, corpus: 2, objectives: 75, executions: 18, exec/sec: 1.731
[Objective #0] run time: 0h-0m-10s, clients: 1, corpus: 2, objectives: 76, executions: 18, exec/sec: 1.712
[Objective #0] run time: 0h-0m-10s, clients: 1, corpus: 2, objectives: 77, executions: 18, exec/sec: 1.691
Crash limit reached: 1
