JOB timestamp: Tue Dec 19 10:49:38 MST 2023
JOB ID: 121829
Array Task ID: 10
Current directory: /lfs/koff9454.ui/projects/plc_runtime_fuzzer/code_analysis/src
r3i4n3
gcc (Spack GCC) 12.1.0
Copyright (C) 2022 Free Software Foundation, Inc.
This is free software; see the source for copying conditions.  There is NO
warranty; not even for MERCHANTABILITY or FITNESS FOR A PARTICULAR PURPOSE.

Python 3.11.5
/lfs/koff9454.ui/miniconda3/envs/plc/bin/python
matiec version 0.1
changeset id: 
Number of programs: 3
Programs: depth_1 depth_2 depth_3
Fuzzing program: depth_2, Job ID: 10
input dir exist, skipping
harness file exist, skipping
Running the fuzzers
Workdir: "/lfs/koff9454.ui/projects/plc_runtime_fuzzer/code_analysis/src/programs/depth/depth_2/runs/run-10"
Out dir at "fuzzer-outdir" already exists.
Let's fuzz :)
[1;92m[+] [0mEnabled environment variable AFL_BENCH_UNTIL_CRASH with value 1[0m
[1;92m[+] [0mEnabled environment variable AFL_IGNORE_SEED_PROBLEMS with value 1[0m
[1;92m[+] [0mEnabled environment variable AFL_I_DONT_CARE_ABOUT_MISSING_CRASHES with value 1[0m
[1;92m[+] [0mEnabled environment variable AFL_SKIP_CPUFREQ with value 1[0m
[1;92m[+] [0mEnabled environment variable AFL_TRY_AFFINITY with value 1[0m
[1;93m[!] [1;97mWARNING: [0mPotentially mistyped AFL environment variable: USE_PCM_DB=2, did you mean AFL_USE_PCM_DB=2?[0m
[0;36mafl-fuzz++4.09a[0m based on afl by Michal Zalewski and a large online community
[1;92m[+] [0mAFL++ is maintained by Marc "van Hauser" Heuse, Dominik Maier, Andrea Fioraldi and Heiko "hexcoder" Eißfeldt[0m
[1;92m[+] [0mAFL++ is open source, get it at https://github.com/AFLplusplus/AFLplusplus[0m
[1;92m[+] [0mNOTE: AFL++ >= v3 has changed defaults and behaviours - see README.md[0m
[1;92m[+] [0mNo -M/-S set, autoconfiguring for "-S default"[0m
[1;94m[*] [0mGetting to work...[0m
[1;92m[+] [0mUsing exponential power schedule (FAST)[0m
[1;92m[+] [0mEnabled testcache with 50 MB[0m
[1;92m[+] [0mGenerating fuzz data with a length of min=1 max=1048576[0m
[1;94m[*] [0mChecking core_pattern...[0m

[1;91m[-] [0mHmm, your system is configured to send core dump notifications to an
    external utility. This will cause issues: there will be an extended delay
    between stumbling upon a crash and having this information relayed to the
    fuzzer via the standard waitpid() API.
    If you're just testing, set 'AFL_I_DONT_CARE_ABOUT_MISSING_CRASHES=1'.

    To avoid having crashes misinterpreted as timeouts, please log in as root
    and temporarily modify /proc/sys/kernel/core_pattern, like so:

    echo core >/proc/sys/kernel/core_pattern
[1;92m[+] [0mLooks like we're not running on a tty, so I'll be a bit less verbose.[0m
[1;92m[+] [0mYou have 36 CPU cores and 7 runnable tasks (utilization: 19%).[0m
[1;92m[+] [0mTry parallel jobs - see /usr/local/share/doc/afl/fuzzing_in_depth.md#c-using-multiple-cores[0m
[1;94m[*] [0mSetting up output directories...[0m
[1;94m[*] [0mChecking CPU core loadout...[0m
[1;92m[+] [0mFound a free CPU core, try binding to #4.[0m
[1;94m[*] [0mScanning 'afl-indir'...[0m
[1;92m[+] [0mLoaded a total of 1 seeds.[0m
[1;94m[*] [0mCreating hard links for all input files...[0m
[1;94m[*] [0mValidating target binary...[0m
[1;94m[*] [0mSpinning up the fork server...[0m
[1;92m[+] [0mAll right - fork server is up.[0m
[1;94m[*] [0mTarget map size: 73[0m
[1;94m[*] [0mNo auto-generated dictionary tokens to reuse.[0m
[1;94m[*] [0mLoading extra dictionary from 'afl-inputs.dict' (level 0)...[0m
[1;94m[*] [0mLoaded 80 extra tokens, size range 4 B to 6 B.[0m
[1;92m[+] [0mLoaded a total of 6 extras.[0m
[1;94m[*] [0mAttempting dry run with 'id:000000,time:0,execs:0,orig:testcase.txt'...[0m
[1;90m    len = 3, map size = 17, exec speed = 1153 us, hash = 132a48609fb7abee
[0m[1;92m[+] [0mAll test cases processed.[0m
[1;92m[+] [0mHere are some useful stats:

[1;90m    Test case count : [0m1 favored, 0 variable, 0 ignored, 1 total
[1;90m       Bitmap range : [0m17 to 17 bits (average: 17.00 bits)
[1;90m        Exec timing : [0m1153 to 1153 us (average: 1153 us)
[0m
[1;94m[*] [0mNo -t option specified, so I'll use an exec timeout of 20 ms.[0m
[1;92m[+] [0mAll set and ready to roll![0m
[1;94m[*] [0mEntering queue cycle 1.[0m
[1;94m[*] [0mFuzzing test case #0 (1 total, 0 crashes saved, state: started :-), mode=explore, perf_score=0, weight=0, favorite=1, was_fuzzed=0, exec_us=1153, hits=0, map=17, ascii=0, run_time=0:00:00:00)...[0m
[1;94m[*] [0mFuzzing test case #0 (1 total, 0 crashes saved, state: started :-), mode=explore, perf_score=459, weight=10, favorite=1, was_fuzzed=1, exec_us=1153, hits=0, map=17, ascii=0, run_time=0:00:00:00)...[0m
[1;92m[+] [0mEnabled environment variable AFL_BENCH_UNTIL_CRASH with value 1[0m
[1;92m[+] [0mEnabled environment variable AFL_IGNORE_SEED_PROBLEMS with value 1[0m
[1;92m[+] [0mEnabled environment variable AFL_I_DONT_CARE_ABOUT_MISSING_CRASHES with value 1[0m
[1;92m[+] [0mEnabled environment variable AFL_SKIP_CPUFREQ with value 1[0m
[1;92m[+] [0mEnabled environment variable AFL_TRY_AFFINITY with value 1[0m
[1;93m[!] [1;97mWARNING: [0mPotentially mistyped AFL environment variable: USE_PCM_DB=2, did you mean AFL_USE_PCM_DB=2?[0m
[0;36mafl-fuzz++4.09a[0m based on afl by Michal Zalewski and a large online community
[1;92m[+] [0mAFL++ is maintained by Marc "van Hauser" Heuse, Dominik Maier, Andrea Fioraldi and Heiko "hexcoder" Eißfeldt[0m
[1;92m[+] [0mAFL++ is open source, get it at https://github.com/AFLplusplus/AFLplusplus[0m
[1;92m[+] [0mNOTE: AFL++ >= v3 has changed defaults and behaviours - see README.md[0m
[1;92m[+] [0mNo -M/-S set, autoconfiguring for "-S default"[0m
[1;94m[*] [0mGetting to work...[0m
[1;92m[+] [0mUsing exponential power schedule (FAST)[0m
[1;92m[+] [0mEnabled testcache with 50 MB[0m
[1;92m[+] [0mGenerating fuzz data with a length of min=1 max=1048576[0m
[1;94m[*] [0mChecking core_pattern...[0m

[1;91m[-] [0mHmm, your system is configured to send core dump notifications to an
    external utility. This will cause issues: there will be an extended delay
    between stumbling upon a crash and having this information relayed to the
    fuzzer via the standard waitpid() API.
    If you're just testing, set 'AFL_I_DONT_CARE_ABOUT_MISSING_CRASHES=1'.

    To avoid having crashes misinterpreted as timeouts, please log in as root
    and temporarily modify /proc/sys/kernel/core_pattern, like so:

    echo core >/proc/sys/kernel/core_pattern
[1;92m[+] [0mLooks like we're not running on a tty, so I'll be a bit less verbose.[0m
[1;92m[+] [0mYou have 36 CPU cores and 15 runnable tasks (utilization: 42%).[0m
[1;92m[+] [0mTry parallel jobs - see /usr/local/share/doc/afl/fuzzing_in_depth.md#c-using-multiple-cores[0m
[1;94m[*] [0mSetting up output directories...[0m
[1;94m[*] [0mChecking CPU core loadout...[0m
[1;92m[+] [0mFound a free CPU core, try binding to #7.[0m
[1;94m[*] [0mScanning 'our-indir'...[0m
[1;92m[+] [0mLoaded a total of 1 seeds.[0m
[1;94m[*] [0mCreating hard links for all input files...[0m
[1;94m[*] [0mValidating target binary...[0m
[1;94m[*] [0mSpinning up the fork server...[0m
[1;92m[+] [0mAll right - fork server is up.[0m
[1;94m[*] [0mTarget map size: 73[0m
[1;94m[*] [0mNo auto-generated dictionary tokens to reuse.[0m
[1;94m[*] [0mLoading extra dictionary from 'our-inputs.dict' (level 0)...[0m
[1;94m[*] [0mLoaded 80 extra tokens, size range 4 B to 6 B.[0m
[1;92m[+] [0mLoaded a total of 6 extras.[0m
[1;94m[*] [0mAttempting dry run with 'id:000000,time:0,execs:0,orig:variables.txt'...[0m
[1;90m    len = 560, map size = 18, exec speed = 1151 us, hash = 3bfce94389763267
[0m[1;92m[+] [0mAll test cases processed.[0m
[1;92m[+] [0mHere are some useful stats:

[1;90m    Test case count : [0m1 favored, 0 variable, 0 ignored, 1 total
[1;90m       Bitmap range : [0m18 to 18 bits (average: 18.00 bits)
[1;90m        Exec timing : [0m1151 to 1151 us (average: 1151 us)
[0m
[1;94m[*] [0mNo -t option specified, so I'll use an exec timeout of 20 ms.[0m
[1;92m[+] [0mAll set and ready to roll![0m
[1;94m[*] [0mEntering queue cycle 1.[0m
[1;94m[*] [0mFuzzing test case #0 (1 total, 0 crashes saved, state: started :-), mode=explore, perf_score=0, weight=0, favorite=1, was_fuzzed=0, exec_us=1151, hits=0, map=18, ascii=0, run_time=0:00:00:00)...[0m
[1;94m[*] [0mFuzzing test case #1 (16 total, 0 crashes saved, state: started :-), mode=explore, perf_score=0, weight=0, favorite=1, was_fuzzed=0, exec_us=1130, hits=477, map=18, ascii=0, run_time=0:00:00:10)...[0m
[1;94m[*] [0mFuzzing test case #13 (16 total, 0 crashes saved, state: started :-), mode=explore, perf_score=100, weight=17, favorite=1, was_fuzzed=0, exec_us=1354, hits=1, map=19, ascii=0, run_time=0:00:00:10)...[0m
[1;94m[*] [0mFuzzing test case #17 (18 total, 0 crashes saved, state: started :-), mode=explore, perf_score=0, weight=0, favorite=1, was_fuzzed=0, exec_us=1530, hits=2, map=21, ascii=0, run_time=0:00:00:11)...[0m
[1;94m[*] [0mFuzzing test case #4 (18 total, 0 crashes saved, state: started :-), mode=explore, perf_score=100, weight=5, favorite=1, was_fuzzed=0, exec_us=1369, hits=159, map=17, ascii=0, run_time=0:00:00:11)...[0m
[1;94m[*] [0mFuzzing test case #12 (19 total, 0 crashes saved, state: started :-), mode=explore, perf_score=100, weight=8, favorite=1, was_fuzzed=0, exec_us=1308, hits=16, map=19, ascii=0, run_time=0:00:00:11)...[0m
[1;94m[*] [0mFuzzing test case #1 (20 total, 0 crashes saved, state: started :-), mode=explore, perf_score=114, weight=25, favorite=1, was_fuzzed=1, exec_us=1130, hits=520, map=18, ascii=0, run_time=0:00:00:12)...[0m
[1;94m[*] [0mFuzzing test case #1 (20 total, 0 crashes saved, state: started :-), mode=explore, perf_score=114, weight=25, favorite=1, was_fuzzed=1, exec_us=1130, hits=563, map=18, ascii=0, run_time=0:00:00:12)...[0m
[1;94m[*] [0mFuzzing test case #20 (21 total, 0 crashes saved, state: started :-), mode=explore, perf_score=0, weight=0, favorite=1, was_fuzzed=0, exec_us=1314, hits=1, map=20, ascii=0, run_time=0:00:00:12)...[0m
[1;94m[*] [0mFuzzing test case #1 (21 total, 0 crashes saved, state: started :-), mode=explore, perf_score=114, weight=25, favorite=1, was_fuzzed=1, exec_us=1130, hits=590, map=18, ascii=0, run_time=0:00:00:12)...[0m
[1;94m[*] [0mFuzzing test case #20 (21 total, 0 crashes saved, state: started :-), mode=explore, perf_score=459, weight=9, favorite=1, was_fuzzed=1, exec_us=1314, hits=1, map=20, ascii=0, run_time=0:00:00:12)...[0m
[1;94m[*] [0mFuzzing test case #24 (28 total, 0 crashes saved, state: started :-), mode=explore, perf_score=0, weight=0, favorite=1, was_fuzzed=0, exec_us=1282, hits=3, map=20, ascii=0, run_time=0:00:00:24)...[0m
[1;94m[*] [0mFuzzing test case #22 (28 total, 0 crashes saved, state: started :-), mode=explore, perf_score=200, weight=16, favorite=1, was_fuzzed=0, exec_us=1280, hits=2, map=22, ascii=0, run_time=0:00:00:24)...[0m
[1;94m[*] [0mFuzzing test case #25 (30 total, 0 crashes saved, state: started :-), mode=explore, perf_score=200, weight=14, favorite=1, was_fuzzed=0, exec_us=1269, hits=3, map=20, ascii=0, run_time=0:00:00:25)...[0m
[1;94m[*] [0mFuzzing test case #31 (32 total, 0 crashes saved, state: started :-), mode=explore, perf_score=0, weight=0, favorite=1, was_fuzzed=0, exec_us=1287, hits=1, map=22, ascii=0, run_time=0:00:00:27)...[0m
[1;94m[*] [0mFuzzing test case #22 (32 total, 0 crashes saved, state: started :-), mode=explore, perf_score=229, weight=4, favorite=1, was_fuzzed=1, exec_us=1280, hits=51, map=22, ascii=0, run_time=0:00:00:27)...[0m
[1;94m[*] [0mFuzzing test case #17 (34 total, 0 crashes saved, state: started :-), mode=explore, perf_score=229, weight=8, favorite=1, was_fuzzed=1, exec_us=1530, hits=25, map=21, ascii=0, run_time=0:00:00:28)...[0m
[1;94m[*] [0mFuzzing test case #25 (35 total, 0 crashes saved, state: started :-), mode=explore, perf_score=229, weight=4, favorite=1, was_fuzzed=1, exec_us=1269, hits=77, map=20, ascii=0, run_time=0:00:00:29)...[0m
[1;94m[*] [0mFuzzing test case #24 (36 total, 0 crashes saved, state: started :-), mode=explore, perf_score=690, weight=6, favorite=1, was_fuzzed=1, exec_us=1282, hits=7, map=20, ascii=0, run_time=0:00:00:30)...[0m
[1;94m[*] [0mFuzzing test case #36 (37 total, 0 crashes saved, state: started :-), mode=explore, perf_score=0, weight=0, favorite=1, was_fuzzed=0, exec_us=1339, hits=1, map=22, ascii=0, run_time=0:00:00:34)...[0m
[1;94m[*] [0mFuzzing test case #13 (37 total, 0 crashes saved, state: started :-), mode=explore, perf_score=114, weight=4, favorite=1, was_fuzzed=1, exec_us=1354, hits=53, map=19, ascii=0, run_time=0:00:00:34)...[0m
[1;94m[*] [0mFuzzing test case #36 (37 total, 0 crashes saved, state: started :-), mode=explore, perf_score=919, weight=11, favorite=1, was_fuzzed=1, exec_us=1339, hits=1, map=22, ascii=0, run_time=0:00:00:34)...[0m
[1;94m[*] [0mFuzzing test case #39 (44 total, 0 crashes saved, state: started :-), mode=explore, perf_score=0, weight=0, favorite=1, was_fuzzed=0, exec_us=1285, hits=2, map=22, ascii=0, run_time=0:00:00:47)...[0m
[1;94m[*] [0mFuzzing test case #42 (44 total, 0 crashes saved, state: started :-), mode=explore, perf_score=200, weight=32, favorite=1, was_fuzzed=0, exec_us=1311, hits=1, map=22, ascii=0, run_time=0:00:00:47)...[0m
[1;94m[*] [0mFuzzing test case #24 (45 total, 0 crashes saved, state: started :-), mode=explore, perf_score=229, weight=5, favorite=1, was_fuzzed=1, exec_us=1282, hits=119, map=20, ascii=0, run_time=0:00:00:48)...[0m
[1;94m[*] [0mFuzzing test case #20 (45 total, 0 crashes saved, state: started :-), mode=explore, perf_score=114, weight=4, favorite=1, was_fuzzed=1, exec_us=1314, hits=1017, map=20, ascii=0, run_time=0:00:00:49)...[0m
[1;94m[*] [0mFuzzing test case #39 (46 total, 0 crashes saved, state: started :-), mode=explore, perf_score=919, weight=20, favorite=1, was_fuzzed=1, exec_us=1285, hits=2, map=22, ascii=0, run_time=0:00:00:49)...[0m
[1;94m[*] [0mFuzzing test case #1 (47 total, 0 crashes saved, state: started :-), mode=explore, perf_score=114, weight=50, favorite=1, was_fuzzed=1, exec_us=1130, hits=819, map=18, ascii=0, run_time=0:00:00:54)...[0m
[1;94m[*] [0mFuzzing test case #1 (47 total, 0 crashes saved, state: started :-), mode=explore, perf_score=114, weight=50, favorite=1, was_fuzzed=1, exec_us=1130, hits=835, map=18, ascii=0, run_time=0:00:00:55)...[0m
[1;94m[*] [0mFuzzing test case #20 (47 total, 0 crashes saved, state: started :-), mode=explore, perf_score=114, weight=4, favorite=1, was_fuzzed=1, exec_us=1314, hits=1030, map=20, ascii=0, run_time=0:00:00:55)...[0m
[1;94m[*] [0mFuzzing test case #42 (47 total, 0 crashes saved, state: started :-), mode=explore, perf_score=229, weight=6, favorite=1, was_fuzzed=1, exec_us=1311, hits=43, map=22, ascii=0, run_time=0:00:00:55)...[0m
[1;94m[*] [0mFuzzing test case #1 (47 total, 0 crashes saved, state: started :-), mode=explore, perf_score=114, weight=50, favorite=1, was_fuzzed=1, exec_us=1130, hits=852, map=18, ascii=0, run_time=0:00:00:56)...[0m
[1;94m[*] [0mFuzzing test case #1 (47 total, 0 crashes saved, state: started :-), mode=explore, perf_score=114, weight=50, favorite=1, was_fuzzed=1, exec_us=1130, hits=895, map=18, ascii=0, run_time=0:00:00:56)...[0m
[1;94m[*] [0mFuzzing test case #13 (47 total, 0 crashes saved, state: started :-), mode=explore, perf_score=114, weight=5, favorite=1, was_fuzzed=1, exec_us=1354, hits=69, map=19, ascii=0, run_time=0:00:00:56)...[0m
[1;94m[*] [0mFuzzing test case #31 (47 total, 0 crashes saved, state: started :-), mode=explore, perf_score=919, weight=17, favorite=1, was_fuzzed=1, exec_us=1287, hits=1, map=22, ascii=0, run_time=0:00:00:57)...[0m
[1;94m[*] [0mFuzzing test case #17 (49 total, 0 crashes saved, state: started :-), mode=explore, perf_score=114, weight=11, favorite=1, was_fuzzed=1, exec_us=1530, hits=59, map=21, ascii=0, run_time=0:00:01:04)...[0m
[1;94m[*] [0mFuzzing test case #17 (49 total, 0 crashes saved, state: started :-), mode=explore, perf_score=114, weight=11, favorite=1, was_fuzzed=1, exec_us=1530, hits=72, map=21, ascii=0, run_time=0:00:01:05)...[0m
[1;94m[*] [0mFuzzing test case #24 (49 total, 0 crashes saved, state: started :-), mode=explore, perf_score=229, weight=5, favorite=1, was_fuzzed=1, exec_us=1282, hits=148, map=20, ascii=0, run_time=0:00:01:05)...[0m
[1;94m[*] [0mFuzzing test case #20 (49 total, 0 crashes saved, state: started :-), mode=explore, perf_score=114, weight=4, favorite=1, was_fuzzed=1, exec_us=1314, hits=1042, map=20, ascii=0, run_time=0:00:01:06)...[0m
[1;94m[*] [0mFuzzing test case #1 (49 total, 0 crashes saved, state: started :-), mode=explore, perf_score=114, weight=51, favorite=1, was_fuzzed=1, exec_us=1130, hits=983, map=18, ascii=0, run_time=0:00:01:07)...[0m
[1;94m[*] [0mFuzzing test case #22 (49 total, 0 crashes saved, state: started :-), mode=explore, perf_score=229, weight=6, favorite=1, was_fuzzed=1, exec_us=1280, hits=79, map=22, ascii=0, run_time=0:00:01:07)...[0m
[1;94m[*] [0mFuzzing test case #1 (49 total, 0 crashes saved, state: started :-), mode=explore, perf_score=114, weight=51, favorite=1, was_fuzzed=1, exec_us=1130, hits=1000, map=18, ascii=0, run_time=0:00:01:08)...[0m
[1;94m[*] [0mFuzzing test case #1 (49 total, 0 crashes saved, state: started :-), mode=explore, perf_score=114, weight=51, favorite=1, was_fuzzed=1, exec_us=1130, hits=1016, map=18, ascii=0, run_time=0:00:01:08)...[0m
[1;94m[*] [0mFuzzing test case #1 (49 total, 0 crashes saved, state: started :-), mode=explore, perf_score=114, weight=51, favorite=1, was_fuzzed=1, exec_us=1130, hits=1055, map=18, ascii=0, run_time=0:00:01:08)...[0m
[1;94m[*] [0mFuzzing test case #1 (49 total, 0 crashes saved, state: started :-), mode=explore, perf_score=114, weight=51, favorite=1, was_fuzzed=1, exec_us=1130, hits=1071, map=18, ascii=0, run_time=0:00:01:08)...[0m
[1;94m[*] [0mFuzzing test case #24 (49 total, 0 crashes saved, state: started :-), mode=explore, perf_score=229, weight=5, favorite=1, was_fuzzed=1, exec_us=1282, hits=176, map=20, ascii=0, run_time=0:00:01:08)...[0m
[1;94m[*] [0mFuzzing test case #12 (49 total, 0 crashes saved, state: started :-), mode=explore, perf_score=114, weight=6, favorite=1, was_fuzzed=1, exec_us=1308, hits=35, map=19, ascii=0, run_time=0:00:01:09)...[0m
[1;94m[*] [0mFuzzing test case #22 (49 total, 0 crashes saved, state: started :-), mode=explore, perf_score=229, weight=6, favorite=1, was_fuzzed=1, exec_us=1280, hits=112, map=22, ascii=0, run_time=0:00:01:10)...[0m
[1;94m[*] [0mFuzzing test case #12 (49 total, 0 crashes saved, state: started :-), mode=explore, perf_score=114, weight=6, favorite=1, was_fuzzed=1, exec_us=1308, hits=48, map=19, ascii=0, run_time=0:00:01:11)...[0m
[1;94m[*] [0mFuzzing test case #45 (50 total, 0 crashes saved, state: started :-), mode=explore, perf_score=200, weight=1, favorite=0, was_fuzzed=0, exec_us=1474, hits=9, map=22, ascii=0, run_time=0:00:01:11)...[0m
[1;94m[*] [0mFuzzing test case #1 (50 total, 0 crashes saved, state: started :-), mode=explore, perf_score=114, weight=51, favorite=1, was_fuzzed=1, exec_us=1130, hits=1147, map=18, ascii=0, run_time=0:00:01:12)...[0m
[1;94m[*] [0mFuzzing test case #1 (50 total, 0 crashes saved, state: started :-), mode=explore, perf_score=114, weight=51, favorite=1, was_fuzzed=1, exec_us=1130, hits=1166, map=18, ascii=0, run_time=0:00:01:12)...[0m
[1;94m[*] [0mFuzzing test case #39 (50 total, 0 crashes saved, state: started :-), mode=explore, perf_score=229, weight=9, favorite=1, was_fuzzed=1, exec_us=1285, hits=112, map=22, ascii=0, run_time=0:00:01:12)...[0m
[1;94m[*] [0mFuzzing test case #1 (50 total, 0 crashes saved, state: started :-), mode=explore, perf_score=114, weight=51, favorite=1, was_fuzzed=1, exec_us=1130, hits=1182, map=18, ascii=0, run_time=0:00:01:13)...[0m
[1;94m[*] [0mFuzzing test case #12 (50 total, 0 crashes saved, state: started :-), mode=explore, perf_score=114, weight=6, favorite=1, was_fuzzed=1, exec_us=1308, hits=58, map=19, ascii=0, run_time=0:00:01:13)...[0m
[1;94m[*] [0mFuzzing test case #13 (50 total, 0 crashes saved, state: started :-), mode=explore, perf_score=114, weight=5, favorite=1, was_fuzzed=1, exec_us=1354, hits=112, map=19, ascii=0, run_time=0:00:01:14)...[0m
[1;94m[*] [0mFuzzing test case #17 (50 total, 0 crashes saved, state: started :-), mode=explore, perf_score=114, weight=10, favorite=1, was_fuzzed=1, exec_us=1530, hits=102, map=21, ascii=0, run_time=0:00:01:14)...[0m
[1;94m[*] [0mFuzzing test case #39 (51 total, 0 crashes saved, state: started :-), mode=explore, perf_score=229, weight=9, favorite=1, was_fuzzed=1, exec_us=1285, hits=149, map=22, ascii=0, run_time=0:00:01:15)...[0m
[1;94m[*] [0mFuzzing test case #20 (51 total, 0 crashes saved, state: started :-), mode=explore, perf_score=114, weight=4, favorite=1, was_fuzzed=1, exec_us=1314, hits=1065, map=20, ascii=0, run_time=0:00:01:16)...[0m
[1;94m[*] [0mEntering queue cycle 2.[0m
[1;94m[*] [0mFuzzing test case #20 (51 total, 0 crashes saved, state: started :-), mode=explore, perf_score=114, weight=4, favorite=1, was_fuzzed=1, exec_us=1314, hits=1090, map=20, ascii=0, run_time=0:00:01:16)...[0m
[1;94m[*] [0mFuzzing test case #42 (51 total, 0 crashes saved, state: started :-), mode=explore, perf_score=229, weight=6, favorite=1, was_fuzzed=1, exec_us=1311, hits=103, map=22, ascii=0, run_time=0:00:01:17)...[0m
[1;94m[*] [0mFuzzing test case #1 (51 total, 0 crashes saved, state: started :-), mode=explore, perf_score=114, weight=51, favorite=1, was_fuzzed=1, exec_us=1130, hits=1284, map=18, ascii=0, run_time=0:00:01:17)...[0m
[1;94m[*] [0mFuzzing test case #1 (51 total, 0 crashes saved, state: started :-), mode=explore, perf_score=114, weight=51, favorite=1, was_fuzzed=1, exec_us=1130, hits=1301, map=18, ascii=0, run_time=0:00:01:18)...[0m
[1;94m[*] [0mFuzzing test case #20 (51 total, 0 crashes saved, state: started :-), mode=explore, perf_score=114, weight=4, favorite=1, was_fuzzed=1, exec_us=1314, hits=1121, map=20, ascii=0, run_time=0:00:01:18)...[0m
[1;94m[*] [0mFuzzing test case #1 (51 total, 0 crashes saved, state: started :-), mode=explore, perf_score=114, weight=51, favorite=1, was_fuzzed=1, exec_us=1130, hits=1313, map=18, ascii=0, run_time=0:00:01:18)...[0m
[1;94m[*] [0mFuzzing test case #42 (51 total, 0 crashes saved, state: started :-), mode=explore, perf_score=229, weight=6, favorite=1, was_fuzzed=1, exec_us=1311, hits=141, map=22, ascii=0, run_time=0:00:01:18)...[0m
[1;94m[*] [0mFuzzing test case #1 (51 total, 0 crashes saved, state: started :-), mode=explore, perf_score=114, weight=51, favorite=1, was_fuzzed=1, exec_us=1130, hits=1335, map=18, ascii=0, run_time=0:00:01:19)...[0m
[1;94m[*] [0mFuzzing test case #24 (51 total, 0 crashes saved, state: started :-), mode=explore, perf_score=229, weight=5, favorite=1, was_fuzzed=1, exec_us=1282, hits=221, map=20, ascii=0, run_time=0:00:01:19)...[0m
[1;94m[*] [0mFuzzing test case #25 (51 total, 0 crashes saved, state: started :-), mode=explore, perf_score=229, weight=5, favorite=1, was_fuzzed=1, exec_us=1269, hits=169, map=20, ascii=0, run_time=0:00:01:21)...[0m
[1;94m[*] [0mFuzzing test case #1 (51 total, 0 crashes saved, state: started :-), mode=explore, perf_score=114, weight=51, favorite=1, was_fuzzed=1, exec_us=1130, hits=1360, map=18, ascii=0, run_time=0:00:01:21)...[0m
[1;94m[*] [0mFuzzing test case #1 (51 total, 0 crashes saved, state: started :-), mode=explore, perf_score=114, weight=51, favorite=1, was_fuzzed=1, exec_us=1130, hits=1382, map=18, ascii=0, run_time=0:00:01:22)...[0m
[1;94m[*] [0mFuzzing test case #20 (51 total, 0 crashes saved, state: started :-), mode=explore, perf_score=114, weight=4, favorite=1, was_fuzzed=1, exec_us=1314, hits=1129, map=20, ascii=0, run_time=0:00:01:22)...[0m
[1;94m[*] [0mFuzzing test case #17 (51 total, 0 crashes saved, state: started :-), mode=explore, perf_score=114, weight=10, favorite=1, was_fuzzed=1, exec_us=1530, hits=114, map=21, ascii=0, run_time=0:00:01:22)...[0m
[1;94m[*] [0mFuzzing test case #1 (51 total, 0 crashes saved, state: started :-), mode=explore, perf_score=114, weight=51, favorite=1, was_fuzzed=1, exec_us=1130, hits=1418, map=18, ascii=0, run_time=0:00:01:23)...[0m
[1;94m[*] [0mFuzzing test case #13 (51 total, 0 crashes saved, state: started :-), mode=explore, perf_score=114, weight=5, favorite=1, was_fuzzed=1, exec_us=1354, hits=142, map=19, ascii=0, run_time=0:00:01:23)...[0m
[1;94m[*] [0mFuzzing test case #25 (51 total, 0 crashes saved, state: started :-), mode=explore, perf_score=229, weight=5, favorite=1, was_fuzzed=1, exec_us=1269, hits=188, map=20, ascii=0, run_time=0:00:01:23)...[0m
[1;94m[*] [0mFuzzing test case #1 (51 total, 0 crashes saved, state: started :-), mode=explore, perf_score=114, weight=51, favorite=1, was_fuzzed=1, exec_us=1130, hits=1468, map=18, ascii=0, run_time=0:00:01:24)...[0m
[1;94m[*] [0mFuzzing test case #1 (51 total, 0 crashes saved, state: started :-), mode=explore, perf_score=114, weight=51, favorite=1, was_fuzzed=1, exec_us=1130, hits=1502, map=18, ascii=0, run_time=0:00:01:24)...[0m
[1;94m[*] [0mFuzzing test case #1 (51 total, 0 crashes saved, state: started :-), mode=explore, perf_score=114, weight=51, favorite=1, was_fuzzed=1, exec_us=1130, hits=1541, map=18, ascii=0, run_time=0:00:01:24)...[0m
[1;94m[*] [0mFuzzing test case #12 (51 total, 0 crashes saved, state: started :-), mode=explore, perf_score=114, weight=6, favorite=1, was_fuzzed=1, exec_us=1308, hits=79, map=19, ascii=0, run_time=0:00:01:24)...[0m
[1;94m[*] [0mFuzzing test case #13 (51 total, 0 crashes saved, state: started :-), mode=explore, perf_score=114, weight=5, favorite=1, was_fuzzed=1, exec_us=1354, hits=173, map=19, ascii=0, run_time=0:00:01:25)...[0m
[1;94m[*] [0mFuzzing test case #34 (51 total, 0 crashes saved, state: started :-), mode=explore, perf_score=200, weight=2, favorite=0, was_fuzzed=0, exec_us=1317, hits=2, map=20, ascii=0, run_time=0:00:01:25)...[0m
[1;94m[*] [0mFuzzing test case #17 (52 total, 0 crashes saved, state: started :-), mode=explore, perf_score=114, weight=10, favorite=1, was_fuzzed=1, exec_us=1530, hits=127, map=21, ascii=0, run_time=0:00:01:26)...[0m
[1;94m[*] [0mFuzzing test case #1 (52 total, 0 crashes saved, state: started :-), mode=explore, perf_score=114, weight=50, favorite=1, was_fuzzed=1, exec_us=1130, hits=1614, map=18, ascii=0, run_time=0:00:01:27)...[0m
[1;94m[*] [0mFuzzing test case #1 (52 total, 0 crashes saved, state: started :-), mode=explore, perf_score=114, weight=50, favorite=1, was_fuzzed=1, exec_us=1130, hits=1631, map=18, ascii=0, run_time=0:00:01:27)...[0m
[1;94m[*] [0mFuzzing test case #12 (52 total, 0 crashes saved, state: started :-), mode=explore, perf_score=114, weight=5, favorite=1, was_fuzzed=1, exec_us=1308, hits=89, map=19, ascii=0, run_time=0:00:01:27)...[0m
[1;94m[*] [0mFuzzing test case #20 (52 total, 0 crashes saved, state: started :-), mode=explore, perf_score=114, weight=4, favorite=1, was_fuzzed=1, exec_us=1314, hits=1147, map=20, ascii=0, run_time=0:00:01:27)...[0m
[1;94m[*] [0mFuzzing test case #17 (53 total, 0 crashes saved, state: started :-), mode=explore, perf_score=114, weight=10, favorite=1, was_fuzzed=1, exec_us=1530, hits=144, map=21, ascii=0, run_time=0:00:01:28)...[0m
[1;94m[*] [0mFuzzing test case #1 (53 total, 0 crashes saved, state: started :-), mode=explore, perf_score=114, weight=51, favorite=1, was_fuzzed=1, exec_us=1130, hits=1678, map=18, ascii=0, run_time=0:00:01:28)...[0m
[1;94m[*] [0mFuzzing test case #1 (53 total, 0 crashes saved, state: started :-), mode=explore, perf_score=114, weight=51, favorite=1, was_fuzzed=1, exec_us=1130, hits=1689, map=18, ascii=0, run_time=0:00:01:29)...[0m
[1;94m[*] [0mFuzzing test case #1 (53 total, 0 crashes saved, state: started :-), mode=explore, perf_score=114, weight=51, favorite=1, was_fuzzed=1, exec_us=1130, hits=1700, map=18, ascii=0, run_time=0:00:01:29)...[0m
[1;94m[*] [0mFuzzing test case #24 (53 total, 0 crashes saved, state: started :-), mode=explore, perf_score=229, weight=5, favorite=1, was_fuzzed=1, exec_us=1282, hits=242, map=20, ascii=0, run_time=0:00:01:29)...[0m
[1;94m[*] [0mFuzzing test case #1 (53 total, 0 crashes saved, state: started :-), mode=explore, perf_score=114, weight=51, favorite=1, was_fuzzed=1, exec_us=1130, hits=1715, map=18, ascii=0, run_time=0:00:01:30)...[0m
[1;94m[*] [0mFuzzing test case #17 (53 total, 0 crashes saved, state: started :-), mode=explore, perf_score=114, weight=10, favorite=1, was_fuzzed=1, exec_us=1530, hits=172, map=21, ascii=0, run_time=0:00:01:30)...[0m
[1;94m[*] [0mFuzzing test case #1 (53 total, 0 crashes saved, state: started :-), mode=explore, perf_score=114, weight=51, favorite=1, was_fuzzed=1, exec_us=1130, hits=1759, map=18, ascii=0, run_time=0:00:01:31)...[0m
[1;94m[*] [0mFuzzing test case #39 (53 total, 0 crashes saved, state: started :-), mode=explore, perf_score=229, weight=9, favorite=1, was_fuzzed=1, exec_us=1285, hits=174, map=22, ascii=0, run_time=0:00:01:31)...[0m
[1;94m[*] [0mFuzzing test case #1 (53 total, 0 crashes saved, state: started :-), mode=explore, perf_score=114, weight=51, favorite=1, was_fuzzed=1, exec_us=1130, hits=1797, map=18, ascii=0, run_time=0:00:01:32)...[0m
[1;94m[*] [0mFuzzing test case #12 (53 total, 0 crashes saved, state: started :-), mode=explore, perf_score=114, weight=5, favorite=1, was_fuzzed=1, exec_us=1308, hits=103, map=19, ascii=0, run_time=0:00:01:32)...[0m
[1;94m[*] [0mFuzzing test case #13 (53 total, 0 crashes saved, state: started :-), mode=explore, perf_score=114, weight=5, favorite=1, was_fuzzed=1, exec_us=1354, hits=179, map=19, ascii=0, run_time=0:00:01:32)...[0m
[1;94m[*] [0mFuzzing test case #31 (53 total, 0 crashes saved, state: started :-), mode=explore, perf_score=229, weight=5, favorite=1, was_fuzzed=1, exec_us=1287, hits=172, map=22, ascii=0, run_time=0:00:01:33)...[0m
[1;94m[*] [0mFuzzing test case #8 (53 total, 0 crashes saved, state: started :-), mode=explore, perf_score=100, weight=1, favorite=0, was_fuzzed=0, exec_us=1401, hits=54, map=19, ascii=0, run_time=0:00:01:34)...[0m
[1;94m[*] [0mFuzzing test case #1 (53 total, 0 crashes saved, state: started :-), mode=explore, perf_score=114, weight=50, favorite=1, was_fuzzed=1, exec_us=1130, hits=1851, map=18, ascii=0, run_time=0:00:01:34)...[0m
[1;94m[*] [0mFuzzing test case #17 (53 total, 0 crashes saved, state: started :-), mode=explore, perf_score=114, weight=10, favorite=1, was_fuzzed=1, exec_us=1530, hits=198, map=21, ascii=0, run_time=0:00:01:35)...[0m
[1;94m[*] [0mFuzzing test case #1 (54 total, 0 crashes saved, state: started :-), mode=explore, perf_score=114, weight=51, favorite=1, was_fuzzed=1, exec_us=1130, hits=1887, map=18, ascii=0, run_time=0:00:01:35)...[0m
[1;94m[*] [0mFuzzing test case #17 (54 total, 0 crashes saved, state: started :-), mode=explore, perf_score=114, weight=10, favorite=1, was_fuzzed=1, exec_us=1530, hits=224, map=21, ascii=0, run_time=0:00:01:35)...[0m
[1;94m[*] [0mFuzzing test case #1 (54 total, 0 crashes saved, state: started :-), mode=explore, perf_score=114, weight=51, favorite=1, was_fuzzed=1, exec_us=1130, hits=1913, map=18, ascii=0, run_time=0:00:01:36)...[0m
[1;94m[*] [0mFuzzing test case #1 (54 total, 0 crashes saved, state: started :-), mode=explore, perf_score=114, weight=51, favorite=1, was_fuzzed=1, exec_us=1130, hits=1935, map=18, ascii=0, run_time=0:00:01:36)...[0m
[1;94m[*] [0mFuzzing test case #1 (54 total, 0 crashes saved, state: started :-), mode=explore, perf_score=114, weight=51, favorite=1, was_fuzzed=1, exec_us=1130, hits=1965, map=18, ascii=0, run_time=0:00:01:36)...[0m
[1;94m[*] [0mFuzzing test case #52 (54 total, 0 crashes saved, state: started :-), mode=explore, perf_score=200, weight=1, favorite=0, was_fuzzed=0, exec_us=1240, hits=10, map=22, ascii=0, run_time=0:00:01:36)...[0m
[1;94m[*] [0mFuzzing test case #42 (54 total, 0 crashes saved, state: started :-), mode=explore, perf_score=229, weight=5, favorite=1, was_fuzzed=1, exec_us=1311, hits=231, map=22, ascii=0, run_time=0:00:01:37)...[0m
[1;94m[*] [0mFuzzing test case #25 (54 total, 0 crashes saved, state: started :-), mode=explore, perf_score=229, weight=5, favorite=1, was_fuzzed=1, exec_us=1269, hits=246, map=20, ascii=0, run_time=0:00:01:38)...[0m
[1;94m[*] [0mFuzzing test case #24 (54 total, 0 crashes saved, state: started :-), mode=explore, perf_score=229, weight=5, favorite=1, was_fuzzed=1, exec_us=1282, hits=263, map=20, ascii=0, run_time=0:00:01:39)...[0m
[1;94m[*] [0mFuzzing test case #1 (54 total, 0 crashes saved, state: started :-), mode=explore, perf_score=114, weight=51, favorite=1, was_fuzzed=1, exec_us=1130, hits=2011, map=18, ascii=0, run_time=0:00:01:40)...[0m
[1;94m[*] [0mFuzzing test case #1 (54 total, 0 crashes saved, state: started :-), mode=explore, perf_score=114, weight=51, favorite=1, was_fuzzed=1, exec_us=1130, hits=2050, map=18, ascii=0, run_time=0:00:01:40)...[0m
[1;94m[*] [0mFuzzing test case #17 (54 total, 0 crashes saved, state: started :-), mode=explore, perf_score=114, weight=10, favorite=1, was_fuzzed=1, exec_us=1530, hits=251, map=21, ascii=0, run_time=0:00:01:40)...[0m
[1;94m[*] [0mEntering queue cycle 3.[0m
[1;94m[*] [0mFuzzing test case #24 (54 total, 0 crashes saved, state: started :-), mode=explore, perf_score=229, weight=5, favorite=1, was_fuzzed=1, exec_us=1282, hits=274, map=20, ascii=0, run_time=0:00:01:41)...[0m
[1;94m[*] [0mFuzzing test case #23 (54 total, 0 crashes saved, state: started :-), mode=explore, perf_score=200, weight=1, favorite=0, was_fuzzed=0, exec_us=1251, hits=5, map=19, ascii=0, run_time=0:00:01:42)...[0m
[1;94m[*] [0mFuzzing test case #17 (54 total, 0 crashes saved, state: started :-), mode=explore, perf_score=114, weight=9, favorite=1, was_fuzzed=1, exec_us=1530, hits=277, map=21, ascii=0, run_time=0:00:01:42)...[0m
[1;94m[*] [0mFuzzing test case #1 (54 total, 0 crashes saved, state: started :-), mode=explore, perf_score=114, weight=50, favorite=1, was_fuzzed=1, exec_us=1130, hits=2104, map=18, ascii=0, run_time=0:00:01:43)...[0m
[1;94m[*] [0mFuzzing test case #42 (54 total, 0 crashes saved, state: started :-), mode=explore, perf_score=229, weight=5, favorite=1, was_fuzzed=1, exec_us=1311, hits=248, map=22, ascii=0, run_time=0:00:01:43)...[0m
[1;94m[*] [0mFuzzing test case #1 (54 total, 0 crashes saved, state: started :-), mode=explore, perf_score=114, weight=50, favorite=1, was_fuzzed=1, exec_us=1130, hits=2123, map=18, ascii=0, run_time=0:00:01:44)...[0m
[1;94m[*] [0mFuzzing test case #1 (54 total, 0 crashes saved, state: started :-), mode=explore, perf_score=114, weight=50, favorite=1, was_fuzzed=1, exec_us=1130, hits=2163, map=18, ascii=0, run_time=0:00:01:44)...[0m
[1;94m[*] [0mFuzzing test case #1 (54 total, 0 crashes saved, state: started :-), mode=explore, perf_score=114, weight=50, favorite=1, was_fuzzed=1, exec_us=1130, hits=2183, map=18, ascii=0, run_time=0:00:01:44)...[0m
[1;94m[*] [0mFuzzing test case #12 (54 total, 0 crashes saved, state: started :-), mode=explore, perf_score=114, weight=5, favorite=1, was_fuzzed=1, exec_us=1308, hits=114, map=19, ascii=0, run_time=0:00:01:44)...[0m
[1;94m[*] [0mFuzzing test case #1 (54 total, 0 crashes saved, state: started :-), mode=explore, perf_score=114, weight=50, favorite=1, was_fuzzed=1, exec_us=1130, hits=2218, map=18, ascii=0, run_time=0:00:01:45)...[0m
[1;94m[*] [0mFuzzing test case #31 (54 total, 0 crashes saved, state: started :-), mode=explore, perf_score=229, weight=5, favorite=1, was_fuzzed=1, exec_us=1287, hits=208, map=22, ascii=0, run_time=0:00:01:45)...[0m
[1;94m[*] [0mFuzzing test case #1 (54 total, 0 crashes saved, state: started :-), mode=explore, perf_score=114, weight=50, favorite=1, was_fuzzed=1, exec_us=1130, hits=2251, map=18, ascii=0, run_time=0:00:01:46)...[0m
[1;94m[*] [0mFuzzing test case #13 (54 total, 0 crashes saved, state: started :-), mode=explore, perf_score=114, weight=5, favorite=1, was_fuzzed=1, exec_us=1354, hits=219, map=19, ascii=0, run_time=0:00:01:46)...[0m
[1;94m[*] [0mFuzzing test case #12 (54 total, 0 crashes saved, state: started :-), mode=explore, perf_score=114, weight=5, favorite=1, was_fuzzed=1, exec_us=1308, hits=121, map=19, ascii=0, run_time=0:00:01:47)...[0m
[1;94m[*] [0mFuzzing test case #22 (54 total, 0 crashes saved, state: started :-), mode=explore, perf_score=229, weight=6, favorite=1, was_fuzzed=1, exec_us=1280, hits=134, map=22, ascii=0, run_time=0:00:01:47)...[0m
[1;94m[*] [0mFuzzing test case #55 (56 total, 0 crashes saved, state: started :-), mode=explore, perf_score=0, weight=0, favorite=1, was_fuzzed=0, exec_us=1124, hits=1, map=24, ascii=0, run_time=0:00:01:48)...[0m
[1;94m[*] [0mFuzzing test case #55 (56 total, 0 crashes saved, state: started :-), mode=explore, perf_score=1839, weight=20, favorite=1, was_fuzzed=1, exec_us=1124, hits=1, map=24, ascii=0, run_time=0:00:01:48)...[0m
[1;94m[*] [0mFuzzing test case #57 (64 total, 0 crashes saved, state: started :-), mode=explore, perf_score=0, weight=0, favorite=1, was_fuzzed=0, exec_us=1257, hits=1, map=25, ascii=0, run_time=0:00:02:04)...[0m
[1;94m[*] [0mFuzzing test case #58 (64 total, 0 crashes saved, state: started :-), mode=explore, perf_score=400, weight=38, favorite=1, was_fuzzed=0, exec_us=1226, hits=1, map=24, ascii=0, run_time=0:00:02:04)...[0m
[1;94m[*] [0mFuzzing test case #64 (67 total, 0 crashes saved, state: started :-), mode=explore, perf_score=0, weight=0, favorite=1, was_fuzzed=0, exec_us=1459, hits=1, map=25, ascii=0, run_time=0:00:02:08)...[0m
[1;94m[*] [0mFuzzing test case #12 (67 total, 0 crashes saved, state: started :-), mode=explore, perf_score=114, weight=5, favorite=1, was_fuzzed=1, exec_us=1308, hits=156, map=19, ascii=0, run_time=0:00:02:08)...[0m
[1;94m[*] [0mFuzzing test case #1 (67 total, 0 crashes saved, state: started :-), mode=explore, perf_score=114, weight=49, favorite=1, was_fuzzed=1, exec_us=1130, hits=2293, map=18, ascii=0, run_time=0:00:02:09)...[0m
[1;94m[*] [0mFuzzing test case #17 (67 total, 0 crashes saved, state: started :-), mode=explore, perf_score=114, weight=9, favorite=1, was_fuzzed=1, exec_us=1530, hits=300, map=21, ascii=0, run_time=0:00:02:09)...[0m
[1;94m[*] [0mFuzzing test case #25 (67 total, 0 crashes saved, state: started :-), mode=explore, perf_score=229, weight=5, favorite=1, was_fuzzed=1, exec_us=1269, hits=309, map=20, ascii=0, run_time=0:00:02:09)...[0m
[1;94m[*] [0mFuzzing test case #24 (67 total, 0 crashes saved, state: started :-), mode=explore, perf_score=229, weight=5, favorite=1, was_fuzzed=1, exec_us=1282, hits=317, map=20, ascii=0, run_time=0:00:02:10)...[0m
[1;94m[*] [0mFuzzing test case #19 (68 total, 0 crashes saved, state: started :-), mode=explore, perf_score=100, weight=1, favorite=0, was_fuzzed=0, exec_us=1306, hits=4, map=22, ascii=0, run_time=0:00:02:11)...[0m
[1;94m[*] [0mFuzzing test case #64 (68 total, 0 crashes saved, state: started :-), mode=explore, perf_score=919, weight=36, favorite=1, was_fuzzed=1, exec_us=1459, hits=1, map=25, ascii=0, run_time=0:00:02:12)...[0m
[?25h[1;91m

+++ Testing aborted programmatically +++
[0m[1;94m[*] [0mStatistics: 67 new corpus items found, 52.05% coverage achieved, 2 crashes saved, 0 timeouts saved, total runtime 0 days, 0 hrs, 2 min, 14 sec[0m
[1;92m[+] [0mWe're done here. Have a nice day!
[0m
[1;94m[*] [0mFuzzing test case #30 (31 total, 0 crashes saved, state: in progress, mode=explore, perf_score=0, weight=0, favorite=1, was_fuzzed=0, exec_us=1087, hits=1, map=21, ascii=0, run_time=0:00:14:41)...[0m
[1;94m[*] [0mFuzzing test case #25 (31 total, 0 crashes saved, state: in progress, mode=explore, perf_score=100, weight=21, favorite=1, was_fuzzed=0, exec_us=1104, hits=1, map=19, ascii=0, run_time=0:00:14:41)...[0m
[1;94m[*] [0mFuzzing test case #35 (40 total, 0 crashes saved, state: in progress, mode=explore, perf_score=0, weight=0, favorite=1, was_fuzzed=0, exec_us=1083, hits=1, map=21, ascii=0, run_time=0:00:14:56)...[0m
[1;94m[*] [0mFuzzing test case #39 (40 total, 0 crashes saved, state: in progress, mode=explore, perf_score=100, weight=37, favorite=1, was_fuzzed=0, exec_us=1096, hits=1, map=22, ascii=0, run_time=0:00:14:56)...[0m
[1;94m[*] [0mFuzzing test case #41 (43 total, 0 crashes saved, state: in progress, mode=explore, perf_score=0, weight=0, favorite=1, was_fuzzed=0, exec_us=1083, hits=1, map=19, ascii=0, run_time=0:00:14:56)...[0m
[1;94m[*] [0mFuzzing test case #29 (43 total, 0 crashes saved, state: in progress, mode=explore, perf_score=100, weight=25, favorite=1, was_fuzzed=0, exec_us=1102, hits=1, map=22, ascii=0, run_time=0:00:14:56)...[0m
[1;94m[*] [0mFuzzing test case #20 (43 total, 0 crashes saved, state: in progress, mode=explore, perf_score=100, weight=26, favorite=1, was_fuzzed=0, exec_us=1174, hits=20, map=22, ascii=0, run_time=0:00:14:57)...[0m
[1;94m[*] [0mFuzzing test case #45 (47 total, 0 crashes saved, state: in progress, mode=explore, perf_score=0, weight=0, favorite=1, was_fuzzed=0, exec_us=1079, hits=9, map=22, ascii=0, run_time=0:00:14:58)...[0m
[1;94m[*] [0mFuzzing test case #19 (47 total, 0 crashes saved, state: in progress, mode=explore, perf_score=100, weight=17, favorite=1, was_fuzzed=0, exec_us=1228, hits=12, map=21, ascii=0, run_time=0:00:14:58)...[0m
[1;94m[*] [0mFuzzing test case #42 (49 total, 0 crashes saved, state: in progress, mode=explore, perf_score=200, weight=25, favorite=1, was_fuzzed=0, exec_us=1094, hits=1, map=20, ascii=0, run_time=0:00:14:58)...[0m
[1;94m[*] [0mFuzzing test case #47 (51 total, 0 crashes saved, state: in progress, mode=explore, perf_score=0, weight=0, favorite=1, was_fuzzed=0, exec_us=1121, hits=1, map=23, ascii=0, run_time=0:00:14:59)...[0m
[1;94m[*] [0mFuzzing test case #18 (51 total, 0 crashes saved, state: in progress, mode=explore, perf_score=100, weight=10, favorite=1, was_fuzzed=0, exec_us=1240, hits=18, map=20, ascii=0, run_time=0:00:14:59)...[0m
[1;94m[*] [0mFuzzing test case #50 (51 total, 0 crashes saved, state: in progress, mode=explore, perf_score=200, weight=27, favorite=1, was_fuzzed=0, exec_us=1094, hits=1, map=22, ascii=0, run_time=0:00:14:59)...[0m
[1;94m[*] [0mFuzzing test case #42 (52 total, 0 crashes saved, state: in progress, mode=explore, perf_score=229, weight=5, favorite=1, was_fuzzed=1, exec_us=1094, hits=61, map=20, ascii=0, run_time=0:00:15:01)...[0m
[1;94m[*] [0mFuzzing test case #45 (52 total, 0 crashes saved, state: in progress, mode=explore, perf_score=345, weight=94, favorite=1, was_fuzzed=1, exec_us=1079, hits=9, map=22, ascii=0, run_time=0:00:15:01)...[0m
[1;94m[*] [0mFuzzing test case #35 (52 total, 0 crashes saved, state: in progress, mode=explore, perf_score=459, weight=13, favorite=1, was_fuzzed=1, exec_us=1083, hits=1, map=21, ascii=0, run_time=0:00:15:02)...[0m
[1;94m[*] [0mFuzzing test case #45 (52 total, 0 crashes saved, state: in progress, mode=explore, perf_score=345, weight=94, favorite=1, was_fuzzed=1, exec_us=1079, hits=13, map=22, ascii=0, run_time=0:00:15:04)...[0m
[1;94m[*] [0mFuzzing test case #52 (55 total, 0 crashes saved, state: in progress, mode=explore, perf_score=0, weight=0, favorite=1, was_fuzzed=0, exec_us=1067, hits=6, map=21, ascii=0, run_time=0:00:15:06)...[0m
[1;94m[*] [0mFuzzing test case #39 (55 total, 0 crashes saved, state: in progress, mode=explore, perf_score=229, weight=9, favorite=1, was_fuzzed=1, exec_us=1096, hits=23, map=22, ascii=0, run_time=0:00:15:06)...[0m
[1;94m[*] [0mFuzzing test case #52 (55 total, 0 crashes saved, state: in progress, mode=explore, perf_score=690, weight=100, favorite=1, was_fuzzed=1, exec_us=1067, hits=6, map=21, ascii=0, run_time=0:00:15:07)...[0m
[?25h[1;91m

+++ Testing aborted programmatically +++
[0m[1;94m[*] [0mStatistics: 57 new corpus items found, 50.68% coverage achieved, 1 crashes saved, 0 timeouts saved, total runtime 0 days, 0 hrs, 15 min, 9 sec[0m
[1;92m[+] [0mWe're done here. Have a nice day!
[0m
