JOB timestamp: Mon Dec 18 15:33:47 MST 2023
JOB ID: 121737
Array Task ID: 33
Current directory: /lfs/koff9454.ui/projects/plc_runtime_fuzzer/code_analysis/src
r5i7n4
gcc (Spack GCC) 12.1.0
Copyright (C) 2022 Free Software Foundation, Inc.
This is free software; see the source for copying conditions.  There is NO
warranty; not even for MERCHANTABILITY or FITNESS FOR A PARTICULAR PURPOSE.

Python 3.11.5
/lfs/koff9454.ui/miniconda3/envs/plc/bin/python
matiec version 0.1
changeset id: 
Number of programs: 11
Programs: complex_1 complex_10 complex_2 complex_3 complex_4 complex_5 complex_6 complex_7 complex_8 complex_9 runs
Fuzzing program: complex_1, Job ID: 33
input dir exist, skipping
harness file exist, skipping
Running the fuzzers
Workdir: "/lfs/koff9454.ui/projects/plc_runtime_fuzzer/code_analysis/src/programs/complex/complex_1/runs/run-33"
Out dir at "fuzzer-outdir" already exists.
Let's fuzz :)
[Stats #0] run time: 0h-0m-0s, clients: 1, corpus: 0, objectives: 0, executions: 0, exec/sec: 0.000
[Testcase #0] run time: 0h-0m-0s, clients: 1, corpus: 1, objectives: 0, executions: 1, exec/sec: 0.000
We imported 1 inputs from disk.
[Objective #0] run time: 0h-0m-0s, clients: 1, corpus: 1, objectives: 1, executions: 1, exec/sec: 0.000
[Objective #0] run time: 0h-0m-0s, clients: 1, corpus: 1, objectives: 2, executions: 1, exec/sec: 0.000
[Objective #0] run time: 0h-0m-0s, clients: 1, corpus: 1, objectives: 3, executions: 1, exec/sec: 0.000
[Objective #0] run time: 0h-0m-0s, clients: 1, corpus: 1, objectives: 4, executions: 1, exec/sec: 0.000
[Objective #0] run time: 0h-0m-0s, clients: 1, corpus: 1, objectives: 5, executions: 1, exec/sec: 0.000
[Objective #0] run time: 0h-0m-0s, clients: 1, corpus: 1, objectives: 6, executions: 1, exec/sec: 0.000
[Objective #0] run time: 0h-0m-0s, clients: 1, corpus: 1, objectives: 7, executions: 1, exec/sec: 0.000
[Objective #0] run time: 0h-0m-1s, clients: 1, corpus: 1, objectives: 8, executions: 1, exec/sec: 0.932
[Objective #0] run time: 0h-0m-1s, clients: 1, corpus: 1, objectives: 9, executions: 1, exec/sec: 0.812
[Objective #0] run time: 0h-0m-1s, clients: 1, corpus: 1, objectives: 10, executions: 1, exec/sec: 0.730
[Objective #0] run time: 0h-0m-25s, clients: 1, corpus: 1, objectives: 11, executions: 1, exec/sec: 0.040
[Objective #0] run time: 0h-0m-25s, clients: 1, corpus: 1, objectives: 12, executions: 1, exec/sec: 0.039
[1;92m[+] [0mEnabled environment variable AFL_BENCH_UNTIL_CRASH with value 1[0m
[1;92m[+] [0mEnabled environment variable AFL_IGNORE_SEED_PROBLEMS with value 1[0m
[1;92m[+] [0mEnabled environment variable AFL_I_DONT_CARE_ABOUT_MISSING_CRASHES with value 1[0m
[1;92m[+] [0mEnabled environment variable AFL_SKIP_CPUFREQ with value 1[0m
[1;92m[+] [0mEnabled environment variable AFL_TRY_AFFINITY with value 1[0m
[1;93m[!] [1;97mWARNING: [0mPotentially mistyped AFL environment variable: USE_PCM_DB=2, did you mean AFL_USE_PCM_DB=2?[0m
[0;36mafl-fuzz++4.09a[0m based on afl by Michal Zalewski and a large online community
[1;92m[+] [0mAFL++ is maintained by Marc "van Hauser" Heuse, Dominik Maier, Andrea Fioraldi and Heiko "hexcoder" Eißfeldt[0m
[1;92m[+] [0mAFL++ is open source, get it at https://github.com/AFLplusplus/AFLplusplus[0m
[1;92m[+] [0mNOTE: AFL++ >= v3 has changed defaults and behaviours - see README.md[0m
[1;92m[+] [0mNo -M/-S set, autoconfiguring for "-S default"[0m
[1;94m[*] [0mGetting to work...[0m
[1;92m[+] [0mUsing exponential power schedule (FAST)[0m
[1;92m[+] [0mEnabled testcache with 50 MB[0m
[1;92m[+] [0mGenerating fuzz data with a length of min=1 max=1048576[0m
[1;94m[*] [0mChecking core_pattern...[0m

[1;91m[-] [0mHmm, your system is configured to send core dump notifications to an
    external utility. This will cause issues: there will be an extended delay
    between stumbling upon a crash and having this information relayed to the
    fuzzer via the standard waitpid() API.
    If you're just testing, set 'AFL_I_DONT_CARE_ABOUT_MISSING_CRASHES=1'.

    To avoid having crashes misinterpreted as timeouts, please log in as root
    and temporarily modify /proc/sys/kernel/core_pattern, like so:

    echo core >/proc/sys/kernel/core_pattern
[1;92m[+] [0mLooks like we're not running on a tty, so I'll be a bit less verbose.[0m
[1;92m[+] [0mYou have 36 CPU cores and 1 runnable tasks (utilization: 3%).[0m
[1;92m[+] [0mTry parallel jobs - see /usr/local/share/doc/afl/fuzzing_in_depth.md#c-using-multiple-cores[0m
[1;94m[*] [0mSetting up output directories...[0m
[1;94m[*] [0mChecking CPU core loadout...[0m
[1;92m[+] [0mFound a free CPU core, try binding to #1.[0m
[1;94m[*] [0mScanning 'afl-indir'...[0m
[1;92m[+] [0mLoaded a total of 1 seeds.[0m
[1;94m[*] [0mCreating hard links for all input files...[0m
[1;94m[*] [0mValidating target binary...[0m
[1;94m[*] [0mSpinning up the fork server...[0m
[1;92m[+] [0mAll right - fork server is up.[0m
[1;94m[*] [0mTarget map size: 62[0m
[1;94m[*] [0mNo auto-generated dictionary tokens to reuse.[0m
[1;94m[*] [0mLoading extra dictionary from 'afl-inputs.dict' (level 0)...[0m
[1;94m[*] [0mLoaded 60 extra tokens, size range 3 B to 6 B.[0m
[1;92m[+] [0mLoaded a total of 6 extras.[0m
[1;94m[*] [0mAttempting dry run with 'id:000000,time:0,execs:0,orig:testcase.txt'...[0m
[1;90m    len = 3, map size = 16, exec speed = 20309 us, hash = f830d57204dabce9
[0m[1;92m[+] [0mAll test cases processed.[0m
[1;93m[!] [1;97mWARNING: [0m[1;91mThe target binary is pretty slow! See /usr/local/share/doc/afl/fuzzing_in_depth.md#i-improve-the-speed[0m
[1;92m[+] [0mHere are some useful stats:

[1;90m    Test case count : [0m1 favored, 0 variable, 0 ignored, 1 total
[1;90m       Bitmap range : [0m16 to 16 bits (average: 16.00 bits)
[1;90m        Exec timing : [0m20.3k to 20.3k us (average: 20.3k us)
[0m
[1;94m[*] [0mNo -t option specified, so I'll use an exec timeout of 80 ms.[0m
[1;92m[+] [0mAll set and ready to roll![0m
[1;94m[*] [0mEntering queue cycle 1.[0m
[1;94m[*] [0mFuzzing test case #0 (1 total, 0 crashes saved, state: started :-), mode=explore, perf_score=0, weight=0, favorite=1, was_fuzzed=0, exec_us=20309, hits=0, map=16, ascii=0, run_time=0:00:00:00)...[0m
[1;92m[+] [0mEnabled environment variable AFL_BENCH_UNTIL_CRASH with value 1[0m
[1;92m[+] [0mEnabled environment variable AFL_IGNORE_SEED_PROBLEMS with value 1[0m
[1;92m[+] [0mEnabled environment variable AFL_I_DONT_CARE_ABOUT_MISSING_CRASHES with value 1[0m
[1;92m[+] [0mEnabled environment variable AFL_SKIP_CPUFREQ with value 1[0m
[1;92m[+] [0mEnabled environment variable AFL_TRY_AFFINITY with value 1[0m
[1;93m[!] [1;97mWARNING: [0mPotentially mistyped AFL environment variable: USE_PCM_DB=2, did you mean AFL_USE_PCM_DB=2?[0m
[0;36mafl-fuzz++4.09a[0m based on afl by Michal Zalewski and a large online community
[1;92m[+] [0mAFL++ is maintained by Marc "van Hauser" Heuse, Dominik Maier, Andrea Fioraldi and Heiko "hexcoder" Eißfeldt[0m
[1;92m[+] [0mAFL++ is open source, get it at https://github.com/AFLplusplus/AFLplusplus[0m
[1;92m[+] [0mNOTE: AFL++ >= v3 has changed defaults and behaviours - see README.md[0m
[1;92m[+] [0mNo -M/-S set, autoconfiguring for "-S default"[0m
[1;94m[*] [0mGetting to work...[0m
[1;92m[+] [0mUsing exponential power schedule (FAST)[0m
[1;92m[+] [0mEnabled testcache with 50 MB[0m
[1;92m[+] [0mGenerating fuzz data with a length of min=1 max=1048576[0m
[1;94m[*] [0mChecking core_pattern...[0m

[1;91m[-] [0mHmm, your system is configured to send core dump notifications to an
    external utility. This will cause issues: there will be an extended delay
    between stumbling upon a crash and having this information relayed to the
    fuzzer via the standard waitpid() API.
    If you're just testing, set 'AFL_I_DONT_CARE_ABOUT_MISSING_CRASHES=1'.

    To avoid having crashes misinterpreted as timeouts, please log in as root
    and temporarily modify /proc/sys/kernel/core_pattern, like so:

    echo core >/proc/sys/kernel/core_pattern
[1;92m[+] [0mLooks like we're not running on a tty, so I'll be a bit less verbose.[0m
[1;92m[+] [0mYou have 36 CPU cores and 1 runnable tasks (utilization: 3%).[0m
[1;92m[+] [0mTry parallel jobs - see /usr/local/share/doc/afl/fuzzing_in_depth.md#c-using-multiple-cores[0m
[1;94m[*] [0mSetting up output directories...[0m
[1;94m[*] [0mChecking CPU core loadout...[0m
[1;92m[+] [0mFound a free CPU core, try binding to #1.[0m
[1;94m[*] [0mScanning 'our-indir'...[0m
[1;92m[+] [0mLoaded a total of 1 seeds.[0m
[1;94m[*] [0mCreating hard links for all input files...[0m
[1;94m[*] [0mValidating target binary...[0m
[1;94m[*] [0mSpinning up the fork server...[0m
[1;92m[+] [0mAll right - fork server is up.[0m
[1;94m[*] [0mTarget map size: 62[0m
[1;94m[*] [0mNo auto-generated dictionary tokens to reuse.[0m
[1;94m[*] [0mLoading extra dictionary from 'our-inputs.dict' (level 0)...[0m
[1;94m[*] [0mLoaded 60 extra tokens, size range 3 B to 6 B.[0m
[1;92m[+] [0mLoaded a total of 6 extras.[0m
[1;94m[*] [0mAttempting dry run with 'id:000000,time:0,execs:0,orig:variables.txt'...[0m
[1;90m    len = 260, map size = 19, exec speed = 9473 us, hash = 854124e6c12f8f5d
[0m[1;92m[+] [0mAll test cases processed.[0m
[1;92m[+] [0mHere are some useful stats:

[1;90m    Test case count : [0m1 favored, 0 variable, 0 ignored, 1 total
[1;90m       Bitmap range : [0m19 to 19 bits (average: 19.00 bits)
[1;90m        Exec timing : [0m9473 to 9473 us (average: 9473 us)
[0m
[1;94m[*] [0mNo -t option specified, so I'll use an exec timeout of 60 ms.[0m
[1;92m[+] [0mAll set and ready to roll![0m
[1;94m[*] [0mEntering queue cycle 1.[0m
[1;94m[*] [0mFuzzing test case #0 (1 total, 0 crashes saved, state: started :-), mode=explore, perf_score=0, weight=0, favorite=1, was_fuzzed=0, exec_us=9473, hits=0, map=19, ascii=0, run_time=0:00:00:00)...[0m
[Objective #0] run time: 0h-0m-25s, clients: 1, corpus: 1, objectives: 13, executions: 1, exec/sec: 0.039
[Objective #0] run time: 0h-0m-25s, clients: 1, corpus: 1, objectives: 14, executions: 1, exec/sec: 0.039
[1;94m[*] [0mFuzzing test case #1 (2 total, 0 crashes saved, state: started :-), mode=explore, perf_score=0, weight=0, favorite=1, was_fuzzed=0, exec_us=8110, hits=2, map=17, ascii=0, run_time=0:00:00:00)...[0m
[1;94m[*] [0mFuzzing test case #1 (2 total, 0 crashes saved, state: started :-), mode=explore, perf_score=459, weight=8, favorite=1, was_fuzzed=1, exec_us=8110, hits=2, map=17, ascii=0, run_time=0:00:00:00)...[0m
[Objective #0] run time: 0h-0m-25s, clients: 1, corpus: 1, objectives: 15, executions: 1, exec/sec: 0.039
[Objective #0] run time: 0h-0m-26s, clients: 1, corpus: 1, objectives: 16, executions: 1, exec/sec: 0.038
[Objective #0] run time: 0h-0m-26s, clients: 1, corpus: 1, objectives: 17, executions: 1, exec/sec: 0.038
[Objective #0] run time: 0h-0m-26s, clients: 1, corpus: 1, objectives: 18, executions: 1, exec/sec: 0.038
[Objective #0] run time: 0h-0m-26s, clients: 1, corpus: 1, objectives: 19, executions: 1, exec/sec: 0.038
[Objective #0] run time: 0h-0m-26s, clients: 1, corpus: 1, objectives: 20, executions: 1, exec/sec: 0.038
[Objective #0] run time: 0h-0m-26s, clients: 1, corpus: 1, objectives: 21, executions: 1, exec/sec: 0.037
[Objective #0] run time: 0h-0m-26s, clients: 1, corpus: 1, objectives: 22, executions: 1, exec/sec: 0.037
[Objective #0] run time: 0h-0m-26s, clients: 1, corpus: 1, objectives: 23, executions: 1, exec/sec: 0.037
[Objective #0] run time: 0h-0m-27s, clients: 1, corpus: 1, objectives: 24, executions: 1, exec/sec: 0.037
[Objective #0] run time: 0h-0m-27s, clients: 1, corpus: 1, objectives: 25, executions: 1, exec/sec: 0.037
[Objective #0] run time: 0h-0m-27s, clients: 1, corpus: 1, objectives: 26, executions: 1, exec/sec: 0.037
[Objective #0] run time: 0h-0m-27s, clients: 1, corpus: 1, objectives: 27, executions: 1, exec/sec: 0.036
[Objective #0] run time: 0h-0m-27s, clients: 1, corpus: 1, objectives: 28, executions: 1, exec/sec: 0.036
[Objective #0] run time: 0h-0m-27s, clients: 1, corpus: 1, objectives: 29, executions: 1, exec/sec: 0.036
[Objective #0] run time: 0h-0m-27s, clients: 1, corpus: 1, objectives: 30, executions: 1, exec/sec: 0.036
[Objective #0] run time: 0h-0m-28s, clients: 1, corpus: 1, objectives: 31, executions: 1, exec/sec: 0.036
[Objective #0] run time: 0h-0m-28s, clients: 1, corpus: 1, objectives: 32, executions: 1, exec/sec: 0.035
[Objective #0] run time: 0h-0m-28s, clients: 1, corpus: 1, objectives: 33, executions: 1, exec/sec: 0.035
[?25h[1;91m

+++ Testing aborted programmatically +++
[0m[1;94m[*] [0mStatistics: 16 new corpus items found, 37.10% coverage achieved, 1 crashes saved, 0 timeouts saved, total runtime 0 days, 0 hrs, 0 min, 2 sec[0m
[1;92m[+] [0mWe're done here. Have a nice day!
[0m
[Objective #0] run time: 0h-0m-28s, clients: 1, corpus: 1, objectives: 34, executions: 1, exec/sec: 0.035
[Objective #0] run time: 0h-0m-28s, clients: 1, corpus: 1, objectives: 35, executions: 1, exec/sec: 0.035
[Objective #0] run time: 0h-0m-28s, clients: 1, corpus: 1, objectives: 36, executions: 1, exec/sec: 0.035
[Objective #0] run time: 0h-0m-28s, clients: 1, corpus: 1, objectives: 37, executions: 1, exec/sec: 0.035
[Objective #0] run time: 0h-0m-29s, clients: 1, corpus: 1, objectives: 38, executions: 1, exec/sec: 0.034
[Objective #0] run time: 0h-0m-29s, clients: 1, corpus: 1, objectives: 39, executions: 1, exec/sec: 0.034
[Objective #0] run time: 0h-0m-29s, clients: 1, corpus: 1, objectives: 40, executions: 1, exec/sec: 0.034
[Objective #0] run time: 0h-0m-29s, clients: 1, corpus: 1, objectives: 41, executions: 1, exec/sec: 0.034
[Objective #0] run time: 0h-0m-29s, clients: 1, corpus: 1, objectives: 42, executions: 1, exec/sec: 0.034
[Objective #0] run time: 0h-0m-29s, clients: 1, corpus: 1, objectives: 43, executions: 1, exec/sec: 0.034
[Objective #0] run time: 0h-0m-29s, clients: 1, corpus: 1, objectives: 44, executions: 1, exec/sec: 0.033
[Objective #0] run time: 0h-0m-30s, clients: 1, corpus: 1, objectives: 45, executions: 1, exec/sec: 0.033
[Objective #0] run time: 0h-0m-30s, clients: 1, corpus: 1, objectives: 46, executions: 1, exec/sec: 0.033
[Objective #0] run time: 0h-0m-30s, clients: 1, corpus: 1, objectives: 47, executions: 1, exec/sec: 0.033
[Objective #0] run time: 0h-0m-30s, clients: 1, corpus: 1, objectives: 48, executions: 1, exec/sec: 0.033
[Objective #0] run time: 0h-0m-30s, clients: 1, corpus: 1, objectives: 49, executions: 1, exec/sec: 0.033
[Objective #0] run time: 0h-0m-30s, clients: 1, corpus: 1, objectives: 50, executions: 1, exec/sec: 0.033
[Objective #0] run time: 0h-0m-30s, clients: 1, corpus: 1, objectives: 51, executions: 1, exec/sec: 0.032
Crash limit reached: 1
[1;94m[*] [0mFuzzing test case #6 (8 total, 0 crashes saved, state: started :-), mode=explore, perf_score=0, weight=0, favorite=1, was_fuzzed=0, exec_us=7028, hits=11, map=16, ascii=0, run_time=0:00:00:35)...[0m
[1;94m[*] [0mFuzzing test case #1 (8 total, 0 crashes saved, state: started :-), mode=explore, perf_score=114, weight=2, favorite=1, was_fuzzed=1, exec_us=8110, hits=908, map=17, ascii=0, run_time=0:00:00:35)...[0m
[1;94m[*] [0mFuzzing test case #6 (9 total, 0 crashes saved, state: started :-), mode=explore, perf_score=345, weight=28, favorite=1, was_fuzzed=1, exec_us=7028, hits=12, map=16, ascii=0, run_time=0:00:00:36)...[0m
[1;94m[*] [0mFuzzing test case #6 (9 total, 0 crashes saved, state: started :-), mode=explore, perf_score=345, weight=28, favorite=1, was_fuzzed=1, exec_us=7028, hits=21, map=16, ascii=0, run_time=0:00:00:49)...[0m
[1;94m[*] [0mFuzzing test case #0 (9 total, 0 crashes saved, state: started :-), mode=explore, perf_score=229, weight=3, favorite=1, was_fuzzed=1, exec_us=20309, hits=0, map=16, ascii=0, run_time=0:00:01:08)...[0m
[1;94m[*] [0mFuzzing test case #6 (9 total, 0 crashes saved, state: started :-), mode=explore, perf_score=345, weight=28, favorite=1, was_fuzzed=1, exec_us=7028, hits=59, map=16, ascii=0, run_time=0:00:01:09)...[0m
[1;94m[*] [0mFuzzing test case #6 (10 total, 0 crashes saved, state: started :-), mode=explore, perf_score=114, weight=21, favorite=1, was_fuzzed=1, exec_us=7028, hits=75, map=16, ascii=0, run_time=0:00:01:10)...[0m
[1;94m[*] [0mFuzzing test case #6 (10 total, 0 crashes saved, state: started :-), mode=explore, perf_score=114, weight=21, favorite=1, was_fuzzed=1, exec_us=7028, hits=76, map=16, ascii=0, run_time=0:00:01:11)...[0m
[1;94m[*] [0mFuzzing test case #1 (10 total, 0 crashes saved, state: started :-), mode=explore, perf_score=114, weight=2, favorite=1, was_fuzzed=1, exec_us=8110, hits=1044, map=17, ascii=0, run_time=0:00:01:12)...[0m
[1;94m[*] [0mFuzzing test case #6 (10 total, 0 crashes saved, state: started :-), mode=explore, perf_score=114, weight=21, favorite=1, was_fuzzed=1, exec_us=7028, hits=86, map=16, ascii=0, run_time=0:00:01:13)...[0m
[1;94m[*] [0mFuzzing test case #10 (11 total, 0 crashes saved, state: started :-), mode=explore, perf_score=0, weight=0, favorite=1, was_fuzzed=0, exec_us=6587, hits=1, map=16, ascii=0, run_time=0:00:01:14)...[0m
[1;94m[*] [0mFuzzing test case #6 (11 total, 0 crashes saved, state: started :-), mode=explore, perf_score=114, weight=21, favorite=1, was_fuzzed=1, exec_us=7028, hits=93, map=16, ascii=0, run_time=0:00:01:14)...[0m
[1;94m[*] [0mFuzzing test case #10 (11 total, 0 crashes saved, state: started :-), mode=explore, perf_score=919, weight=8, favorite=1, was_fuzzed=1, exec_us=6587, hits=2, map=16, ascii=0, run_time=0:00:01:14)...[0m
[1;94m[*] [0mFuzzing test case #15 (16 total, 0 crashes saved, state: started :-), mode=explore, perf_score=0, weight=0, favorite=1, was_fuzzed=0, exec_us=6196, hits=2, map=16, ascii=0, run_time=0:00:02:03)...[0m
[1;94m[*] [0mFuzzing test case #13 (16 total, 0 crashes saved, state: started :-), mode=explore, perf_score=600, weight=584, favorite=1, was_fuzzed=0, exec_us=6200, hits=3, map=18, ascii=0, run_time=0:00:02:03)...[0m
[1;94m[*] [0mFuzzing test case #14 (18 total, 0 crashes saved, state: started :-), mode=explore, perf_score=600, weight=235, favorite=1, was_fuzzed=0, exec_us=6363, hits=10, map=16, ascii=0, run_time=0:00:02:17)...[0m
[1;94m[*] [0mFuzzing test case #6 (19 total, 0 crashes saved, state: started :-), mode=explore, perf_score=345, weight=366, favorite=1, was_fuzzed=1, exec_us=7028, hits=681, map=16, ascii=0, run_time=0:00:02:20)...[0m
[1;94m[*] [0mFuzzing test case #6 (19 total, 0 crashes saved, state: started :-), mode=explore, perf_score=345, weight=366, favorite=1, was_fuzzed=1, exec_us=7028, hits=703, map=16, ascii=0, run_time=0:00:02:33)...[0m
[1;94m[*] [0mFuzzing test case #13 (19 total, 0 crashes saved, state: started :-), mode=explore, perf_score=2070, weight=197, favorite=1, was_fuzzed=1, exec_us=6200, hits=12, map=18, ascii=0, run_time=0:00:02:35)...[0m
[1;94m[*] [0mFuzzing test case #6 (20 total, 0 crashes saved, state: started :-), mode=explore, perf_score=345, weight=354, favorite=1, was_fuzzed=1, exec_us=7028, hits=907, map=16, ascii=0, run_time=0:00:02:56)...[0m
[1;94m[*] [0mFuzzing test case #6 (20 total, 0 crashes saved, state: started :-), mode=explore, perf_score=345, weight=354, favorite=1, was_fuzzed=1, exec_us=7028, hits=964, map=16, ascii=0, run_time=0:00:02:58)...[0m
[1;94m[*] [0mFuzzing test case #6 (20 total, 0 crashes saved, state: started :-), mode=explore, perf_score=345, weight=354, favorite=1, was_fuzzed=1, exec_us=7028, hits=1010, map=16, ascii=0, run_time=0:00:02:59)...[0m
[1;94m[*] [0mFuzzing test case #13 (20 total, 0 crashes saved, state: started :-), mode=explore, perf_score=1380, weight=179, favorite=1, was_fuzzed=1, exec_us=6200, hits=19, map=18, ascii=0, run_time=0:00:03:00)...[0m
[1;94m[*] [0mFuzzing test case #20 (22 total, 0 crashes saved, state: started :-), mode=explore, perf_score=0, weight=0, favorite=1, was_fuzzed=0, exec_us=6643, hits=2, map=18, ascii=0, run_time=0:00:03:21)...[0m
[1;94m[*] [0mFuzzing test case #13 (22 total, 0 crashes saved, state: started :-), mode=explore, perf_score=690, weight=142, favorite=1, was_fuzzed=1, exec_us=6200, hits=50, map=18, ascii=0, run_time=0:00:03:21)...[0m
[1;94m[*] [0mFuzzing test case #22 (23 total, 0 crashes saved, state: started :-), mode=explore, perf_score=0, weight=0, favorite=1, was_fuzzed=0, exec_us=6359, hits=1, map=16, ascii=0, run_time=0:00:03:31)...[0m
[1;94m[*] [0mFuzzing test case #22 (23 total, 0 crashes saved, state: started :-), mode=explore, perf_score=2760, weight=178, favorite=1, was_fuzzed=1, exec_us=6359, hits=1, map=16, ascii=0, run_time=0:00:03:31)...[0m
[1;94m[*] [0mFuzzing test case #22 (25 total, 0 crashes saved, state: started :-), mode=explore, perf_score=690, weight=67, favorite=1, was_fuzzed=1, exec_us=6359, hits=35, map=16, ascii=0, run_time=0:00:03:50)...[0m
[1;94m[*] [0mFuzzing test case #6 (26 total, 0 crashes saved, state: started :-), mode=explore, perf_score=345, weight=300, favorite=1, was_fuzzed=1, exec_us=7028, hits=1898, map=16, ascii=0, run_time=0:00:03:58)...[0m
[1;94m[*] [0mFuzzing test case #13 (26 total, 0 crashes saved, state: started :-), mode=explore, perf_score=690, weight=129, favorite=1, was_fuzzed=1, exec_us=6200, hits=62, map=18, ascii=0, run_time=0:00:04:00)...[0m
[1;94m[*] [0mFuzzing test case #15 (26 total, 0 crashes saved, state: started :-), mode=explore, perf_score=2070, weight=90, favorite=1, was_fuzzed=1, exec_us=6196, hits=8, map=16, ascii=0, run_time=0:00:04:02)...[0m
[1;94m[*] [0mFuzzing test case #13 (27 total, 0 crashes saved, state: started :-), mode=explore, perf_score=690, weight=125, favorite=1, was_fuzzed=1, exec_us=6200, hits=67, map=18, ascii=0, run_time=0:00:04:16)...[0m
[1;94m[*] [0mFuzzing test case #27 (28 total, 0 crashes saved, state: started :-), mode=explore, perf_score=0, weight=0, favorite=1, was_fuzzed=0, exec_us=6374, hits=1, map=16, ascii=0, run_time=0:00:04:24)...[0m
[1;94m[*] [0mFuzzing test case #27 (28 total, 0 crashes saved, state: started :-), mode=explore, perf_score=2760, weight=158, favorite=1, was_fuzzed=1, exec_us=6374, hits=1, map=16, ascii=0, run_time=0:00:04:24)...[0m
[1;94m[*] [0mEntering queue cycle 2.[0m
[1;94m[*] [0mFuzzing test case #6 (28 total, 0 crashes saved, state: started :-), mode=explore, perf_score=345, weight=277, favorite=1, was_fuzzed=1, exec_us=7028, hits=2924, map=16, ascii=0, run_time=0:00:04:40)...[0m
[1;94m[*] [0mFuzzing test case #27 (28 total, 0 crashes saved, state: started :-), mode=explore, perf_score=1380, weight=68, favorite=1, was_fuzzed=1, exec_us=6374, hits=21, map=16, ascii=0, run_time=0:00:04:41)...[0m
[1;94m[*] [0mFuzzing test case #13 (28 total, 0 crashes saved, state: started :-), mode=explore, perf_score=690, weight=114, favorite=1, was_fuzzed=1, exec_us=6200, hits=102, map=18, ascii=0, run_time=0:00:04:46)...[0m
[1;94m[*] [0mFuzzing test case #14 (28 total, 0 crashes saved, state: started :-), mode=explore, perf_score=1380, weight=64, favorite=1, was_fuzzed=1, exec_us=6363, hits=33, map=16, ascii=0, run_time=0:00:04:59)...[0m
[1;94m[*] [0mFuzzing test case #13 (28 total, 0 crashes saved, state: in progress, mode=explore, perf_score=690, weight=114, favorite=1, was_fuzzed=1, exec_us=6200, hits=108, map=18, ascii=0, run_time=0:00:05:03)...[0m
[1;94m[*] [0mFuzzing test case #27 (28 total, 0 crashes saved, state: in progress, mode=explore, perf_score=1380, weight=68, favorite=1, was_fuzzed=1, exec_us=6374, hits=26, map=16, ascii=0, run_time=0:00:05:06)...[0m
[1;94m[*] [0mFuzzing test case #6 (28 total, 0 crashes saved, state: in progress, mode=explore, perf_score=345, weight=277, favorite=1, was_fuzzed=1, exec_us=7028, hits=3776, map=16, ascii=0, run_time=0:00:05:12)...[0m
[1;94m[*] [0mFuzzing test case #27 (28 total, 0 crashes saved, state: in progress, mode=explore, perf_score=1380, weight=68, favorite=1, was_fuzzed=1, exec_us=6374, hits=29, map=16, ascii=0, run_time=0:00:05:13)...[0m
[1;94m[*] [0mFuzzing test case #6 (28 total, 0 crashes saved, state: in progress, mode=explore, perf_score=345, weight=277, favorite=1, was_fuzzed=1, exec_us=7028, hits=4090, map=16, ascii=0, run_time=0:00:05:23)...[0m
[1;94m[*] [0mFuzzing test case #0 (28 total, 0 crashes saved, state: in progress, mode=explore, perf_score=1380, weight=50, favorite=1, was_fuzzed=1, exec_us=20309, hits=0, map=16, ascii=0, run_time=0:00:05:25)...[0m
[1;94m[*] [0mFuzzing test case #15 (28 total, 0 crashes saved, state: in progress, mode=explore, perf_score=690, weight=59, favorite=1, was_fuzzed=1, exec_us=6196, hits=79, map=16, ascii=0, run_time=0:00:05:26)...[0m
[1;94m[*] [0mFuzzing test case #15 (28 total, 0 crashes saved, state: in progress, mode=explore, perf_score=690, weight=59, favorite=1, was_fuzzed=1, exec_us=6196, hits=97, map=16, ascii=0, run_time=0:00:05:28)...[0m
[1;94m[*] [0mFuzzing test case #15 (28 total, 0 crashes saved, state: in progress, mode=explore, perf_score=690, weight=59, favorite=1, was_fuzzed=1, exec_us=6196, hits=113, map=16, ascii=0, run_time=0:00:05:31)...[0m
[1;94m[*] [0mFuzzing test case #6 (28 total, 0 crashes saved, state: in progress, mode=explore, perf_score=345, weight=277, favorite=1, was_fuzzed=1, exec_us=7028, hits=4516, map=16, ascii=0, run_time=0:00:05:33)...[0m
[1;94m[*] [0mFuzzing test case #6 (28 total, 0 crashes saved, state: in progress, mode=explore, perf_score=345, weight=277, favorite=1, was_fuzzed=1, exec_us=7028, hits=4546, map=16, ascii=0, run_time=0:00:05:34)...[0m
[1;94m[*] [0mFuzzing test case #6 (28 total, 0 crashes saved, state: in progress, mode=explore, perf_score=345, weight=277, favorite=1, was_fuzzed=1, exec_us=7028, hits=4571, map=16, ascii=0, run_time=0:00:05:35)...[0m
[1;94m[*] [0mFuzzing test case #6 (28 total, 0 crashes saved, state: in progress, mode=explore, perf_score=345, weight=277, favorite=1, was_fuzzed=1, exec_us=7028, hits=4600, map=16, ascii=0, run_time=0:00:05:37)...[0m
[1;94m[*] [0mFuzzing test case #23 (28 total, 0 crashes saved, state: in progress, mode=explore, perf_score=600, weight=10, favorite=0, was_fuzzed=0, exec_us=5769, hits=153, map=19, ascii=0, run_time=0:00:05:38)...[0m
[1;94m[*] [0mFuzzing test case #13 (28 total, 0 crashes saved, state: in progress, mode=explore, perf_score=690, weight=111, favorite=1, was_fuzzed=1, exec_us=6200, hits=121, map=18, ascii=0, run_time=0:00:05:42)...[0m
[1;94m[*] [0mFuzzing test case #27 (28 total, 0 crashes saved, state: in progress, mode=explore, perf_score=690, weight=62, favorite=1, was_fuzzed=1, exec_us=6374, hits=34, map=16, ascii=0, run_time=0:00:05:45)...[0m
[1;94m[*] [0mFuzzing test case #15 (28 total, 0 crashes saved, state: in progress, mode=explore, perf_score=690, weight=52, favorite=1, was_fuzzed=1, exec_us=6196, hits=133, map=16, ascii=0, run_time=0:00:05:47)...[0m
[1;94m[*] [0mFuzzing test case #6 (28 total, 0 crashes saved, state: in progress, mode=explore, perf_score=345, weight=265, favorite=1, was_fuzzed=1, exec_us=7028, hits=5006, map=16, ascii=0, run_time=0:00:05:51)...[0m
[1;94m[*] [0mFuzzing test case #6 (28 total, 0 crashes saved, state: in progress, mode=explore, perf_score=345, weight=265, favorite=1, was_fuzzed=1, exec_us=7028, hits=5046, map=16, ascii=0, run_time=0:00:05:53)...[0m
[1;94m[*] [0mFuzzing test case #13 (28 total, 0 crashes saved, state: in progress, mode=explore, perf_score=690, weight=111, favorite=1, was_fuzzed=1, exec_us=6200, hits=130, map=18, ascii=0, run_time=0:00:05:54)...[0m
[1;94m[*] [0mFuzzing test case #22 (28 total, 0 crashes saved, state: in progress, mode=explore, perf_score=690, weight=57, favorite=1, was_fuzzed=1, exec_us=6359, hits=63, map=16, ascii=0, run_time=0:00:05:56)...[0m
[1;94m[*] [0mFuzzing test case #13 (28 total, 0 crashes saved, state: in progress, mode=explore, perf_score=690, weight=111, favorite=1, was_fuzzed=1, exec_us=6200, hits=133, map=18, ascii=0, run_time=0:00:05:58)...[0m
[1;94m[*] [0mFuzzing test case #13 (29 total, 0 crashes saved, state: in progress, mode=explore, perf_score=690, weight=108, favorite=1, was_fuzzed=1, exec_us=6200, hits=139, map=18, ascii=0, run_time=0:00:06:01)...[0m
[1;94m[*] [0mFuzzing test case #7 (29 total, 0 crashes saved, state: in progress, mode=explore, perf_score=300, weight=6, favorite=0, was_fuzzed=0, exec_us=7244, hits=338, map=17, ascii=0, run_time=0:00:06:03)...[0m
[1;94m[*] [0mFuzzing test case #6 (29 total, 0 crashes saved, state: in progress, mode=explore, perf_score=345, weight=261, favorite=1, was_fuzzed=1, exec_us=7028, hits=5443, map=16, ascii=0, run_time=0:00:06:04)...[0m
[1;94m[*] [0mFuzzing test case #20 (29 total, 0 crashes saved, state: in progress, mode=explore, perf_score=2070, weight=82, favorite=1, was_fuzzed=1, exec_us=6643, hits=8, map=18, ascii=0, run_time=0:00:06:06)...[0m
[1;94m[*] [0mFuzzing test case #29 (30 total, 0 crashes saved, state: in progress, mode=explore, perf_score=0, weight=0, favorite=1, was_fuzzed=0, exec_us=5679, hits=1, map=18, ascii=0, run_time=0:00:06:15)...[0m
[1;94m[*] [0mFuzzing test case #29 (30 total, 0 crashes saved, state: in progress, mode=explore, perf_score=5520, weight=357, favorite=1, was_fuzzed=1, exec_us=5679, hits=1, map=18, ascii=0, run_time=0:00:06:15)...[0m
[1;94m[*] [0mFuzzing test case #14 (30 total, 0 crashes saved, state: in progress, mode=explore, perf_score=690, weight=50, favorite=1, was_fuzzed=1, exec_us=6363, hits=110, map=16, ascii=0, run_time=0:00:06:38)...[0m
[1;94m[*] [0mEntering queue cycle 3.[0m
[1;94m[*] [0mFuzzing test case #29 (30 total, 0 crashes saved, state: in progress, mode=explore, perf_score=5520, weight=357, favorite=1, was_fuzzed=1, exec_us=5679, hits=62, map=18, ascii=0, run_time=0:00:06:40)...[0m
[1;94m[*] [0mFuzzing test case #6 (30 total, 0 crashes saved, state: in progress, mode=explore, perf_score=345, weight=250, favorite=1, was_fuzzed=1, exec_us=7028, hits=8048, map=16, ascii=0, run_time=0:00:07:01)...[0m
[1;94m[*] [0mFuzzing test case #6 (30 total, 0 crashes saved, state: in progress, mode=explore, perf_score=345, weight=250, favorite=1, was_fuzzed=1, exec_us=7028, hits=8102, map=16, ascii=0, run_time=0:00:07:03)...[0m
[1;94m[*] [0mFuzzing test case #20 (30 total, 0 crashes saved, state: in progress, mode=explore, perf_score=1380, weight=63, favorite=1, was_fuzzed=1, exec_us=6643, hits=28, map=18, ascii=0, run_time=0:00:07:04)...[0m
[1;94m[*] [0mFuzzing test case #15 (30 total, 0 crashes saved, state: in progress, mode=explore, perf_score=690, weight=49, favorite=1, was_fuzzed=1, exec_us=6196, hits=186, map=16, ascii=0, run_time=0:00:07:09)...[0m
[1;94m[*] [0mFuzzing test case #22 (30 total, 0 crashes saved, state: in progress, mode=explore, perf_score=690, weight=52, favorite=1, was_fuzzed=1, exec_us=6359, hits=150, map=16, ascii=0, run_time=0:00:07:11)...[0m
[1;94m[*] [0mFuzzing test case #29 (30 total, 0 crashes saved, state: in progress, mode=explore, perf_score=5520, weight=357, favorite=1, was_fuzzed=1, exec_us=5679, hits=76, map=18, ascii=0, run_time=0:00:07:15)...[0m
[1;94m[*] [0mFuzzing test case #6 (30 total, 0 crashes saved, state: in progress, mode=explore, perf_score=345, weight=250, favorite=1, was_fuzzed=1, exec_us=7028, hits=9085, map=16, ascii=0, run_time=0:00:07:34)...[0m
[1;94m[*] [0mFuzzing test case #20 (30 total, 0 crashes saved, state: in progress, mode=explore, perf_score=1380, weight=63, favorite=1, was_fuzzed=1, exec_us=6643, hits=34, map=18, ascii=0, run_time=0:00:07:35)...[0m
[1;94m[*] [0mFuzzing test case #5 (30 total, 0 crashes saved, state: in progress, mode=explore, perf_score=300, weight=5, favorite=0, was_fuzzed=0, exec_us=8086, hits=936, map=17, ascii=0, run_time=0:00:07:43)...[0m
[1;94m[*] [0mFuzzing test case #13 (30 total, 0 crashes saved, state: in progress, mode=explore, perf_score=690, weight=50, favorite=1, was_fuzzed=1, exec_us=6200, hits=176, map=18, ascii=0, run_time=0:00:07:44)...[0m
[1;94m[*] [0mFuzzing test case #1 (30 total, 0 crashes saved, state: in progress, mode=explore, perf_score=345, weight=28, favorite=1, was_fuzzed=1, exec_us=8110, hits=2167, map=17, ascii=0, run_time=0:00:07:46)...[0m
[1;94m[*] [0mFuzzing test case #13 (30 total, 0 crashes saved, state: in progress, mode=explore, perf_score=690, weight=50, favorite=1, was_fuzzed=1, exec_us=6200, hits=183, map=18, ascii=0, run_time=0:00:07:47)...[0m
[1;94m[*] [0mFuzzing test case #6 (30 total, 0 crashes saved, state: in progress, mode=explore, perf_score=345, weight=240, favorite=1, was_fuzzed=1, exec_us=7028, hits=9635, map=16, ascii=0, run_time=0:00:07:49)...[0m
[1;94m[*] [0mFuzzing test case #22 (30 total, 0 crashes saved, state: in progress, mode=explore, perf_score=690, weight=47, favorite=1, was_fuzzed=1, exec_us=6359, hits=171, map=16, ascii=0, run_time=0:00:07:50)...[0m
[1;94m[*] [0mFuzzing test case #14 (30 total, 0 crashes saved, state: in progress, mode=explore, perf_score=690, weight=47, favorite=1, was_fuzzed=1, exec_us=6363, hits=164, map=16, ascii=0, run_time=0:00:07:53)...[0m
[1;94m[*] [0mFuzzing test case #22 (30 total, 0 crashes saved, state: in progress, mode=explore, perf_score=690, weight=47, favorite=1, was_fuzzed=1, exec_us=6359, hits=173, map=16, ascii=0, run_time=0:00:07:55)...[0m
[1;94m[*] [0mFuzzing test case #15 (30 total, 0 crashes saved, state: in progress, mode=explore, perf_score=690, weight=47, favorite=1, was_fuzzed=1, exec_us=6196, hits=207, map=16, ascii=0, run_time=0:00:07:57)...[0m
[1;94m[*] [0mFuzzing test case #6 (30 total, 0 crashes saved, state: in progress, mode=explore, perf_score=345, weight=240, favorite=1, was_fuzzed=1, exec_us=7028, hits=10030, map=16, ascii=0, run_time=0:00:07:59)...[0m
[1;94m[*] [0mFuzzing test case #6 (30 total, 0 crashes saved, state: in progress, mode=explore, perf_score=345, weight=240, favorite=1, was_fuzzed=1, exec_us=7028, hits=10060, map=16, ascii=0, run_time=0:00:08:00)...[0m
[1;94m[*] [0mFuzzing test case #22 (30 total, 0 crashes saved, state: in progress, mode=explore, perf_score=690, weight=47, favorite=1, was_fuzzed=1, exec_us=6359, hits=188, map=16, ascii=0, run_time=0:00:08:01)...[0m
[1;94m[*] [0mFuzzing test case #29 (30 total, 0 crashes saved, state: in progress, mode=explore, perf_score=690, weight=120, favorite=1, was_fuzzed=1, exec_us=5679, hits=95, map=18, ascii=0, run_time=0:00:08:03)...[0m
[1;94m[*] [0mFuzzing test case #6 (30 total, 0 crashes saved, state: in progress, mode=explore, perf_score=345, weight=240, favorite=1, was_fuzzed=1, exec_us=7028, hits=10260, map=16, ascii=0, run_time=0:00:08:05)...[0m
[1;94m[*] [0mFuzzing test case #20 (30 total, 0 crashes saved, state: in progress, mode=explore, perf_score=690, weight=57, favorite=1, was_fuzzed=1, exec_us=6643, hits=45, map=18, ascii=0, run_time=0:00:08:06)...[0m
[1;94m[*] [0mFuzzing test case #13 (30 total, 0 crashes saved, state: in progress, mode=explore, perf_score=690, weight=50, favorite=1, was_fuzzed=1, exec_us=6200, hits=187, map=18, ascii=0, run_time=0:00:08:08)...[0m
[1;94m[*] [0mFuzzing test case #14 (30 total, 0 crashes saved, state: in progress, mode=explore, perf_score=690, weight=47, favorite=1, was_fuzzed=1, exec_us=6363, hits=181, map=16, ascii=0, run_time=0:00:08:10)...[0m
[1;94m[*] [0mFuzzing test case #6 (30 total, 0 crashes saved, state: in progress, mode=explore, perf_score=345, weight=240, favorite=1, was_fuzzed=1, exec_us=7028, hits=10569, map=16, ascii=0, run_time=0:00:08:12)...[0m
[1;94m[*] [0mFuzzing test case #29 (30 total, 0 crashes saved, state: in progress, mode=explore, perf_score=690, weight=120, favorite=1, was_fuzzed=1, exec_us=5679, hits=97, map=18, ascii=0, run_time=0:00:08:13)...[0m
[1;94m[*] [0mFuzzing test case #10 (30 total, 0 crashes saved, state: in progress, mode=explore, perf_score=690, weight=41, favorite=1, was_fuzzed=1, exec_us=6587, hits=376, map=16, ascii=0, run_time=0:00:08:15)...[0m
[1;94m[*] [0mFuzzing test case #22 (31 total, 0 crashes saved, state: in progress, mode=explore, perf_score=690, weight=44, favorite=1, was_fuzzed=1, exec_us=6359, hits=219, map=16, ascii=0, run_time=0:00:08:17)...[0m
[1;94m[*] [0mFuzzing test case #6 (31 total, 0 crashes saved, state: in progress, mode=explore, perf_score=345, weight=236, favorite=1, was_fuzzed=1, exec_us=7028, hits=10879, map=16, ascii=0, run_time=0:00:08:19)...[0m
[1;94m[*] [0mFuzzing test case #6 (31 total, 0 crashes saved, state: in progress, mode=explore, perf_score=345, weight=236, favorite=1, was_fuzzed=1, exec_us=7028, hits=10913, map=16, ascii=0, run_time=0:00:08:20)...[0m
[1;94m[*] [0mFuzzing test case #6 (31 total, 0 crashes saved, state: in progress, mode=explore, perf_score=345, weight=236, favorite=1, was_fuzzed=1, exec_us=7028, hits=10930, map=16, ascii=0, run_time=0:00:08:21)...[0m
[1;94m[*] [0mEntering queue cycle 4.[0m
[1;94m[*] [0mFuzzing test case #14 (31 total, 0 crashes saved, state: in progress, mode=explore, perf_score=690, weight=45, favorite=1, was_fuzzed=1, exec_us=6363, hits=205, map=16, ascii=0, run_time=0:00:08:22)...[0m
[1;94m[*] [0mFuzzing test case #27 (31 total, 0 crashes saved, state: in progress, mode=explore, perf_score=690, weight=54, favorite=1, was_fuzzed=1, exec_us=6374, hits=53, map=16, ascii=0, run_time=0:00:08:24)...[0m
[1;94m[*] [0mFuzzing test case #22 (31 total, 0 crashes saved, state: in progress, mode=explore, perf_score=690, weight=44, favorite=1, was_fuzzed=1, exec_us=6359, hits=226, map=16, ascii=0, run_time=0:00:08:26)...[0m
[1;94m[*] [0mFuzzing test case #31 (32 total, 0 crashes saved, state: in progress, mode=explore, perf_score=0, weight=0, favorite=1, was_fuzzed=0, exec_us=5268, hits=1, map=18, ascii=0, run_time=0:00:08:28)...[0m
[1;94m[*] [0mFuzzing test case #31 (32 total, 0 crashes saved, state: in progress, mode=explore, perf_score=5520, weight=181, favorite=1, was_fuzzed=1, exec_us=5268, hits=1, map=18, ascii=0, run_time=0:00:08:28)...[0m
[1;94m[*] [0mFuzzing test case #32 (35 total, 0 crashes saved, state: in progress, mode=explore, perf_score=0, weight=0, favorite=1, was_fuzzed=0, exec_us=5243, hits=1, map=18, ascii=0, run_time=0:00:08:51)...[0m
[1;94m[*] [0mFuzzing test case #34 (35 total, 0 crashes saved, state: in progress, mode=explore, perf_score=1800, weight=444, favorite=1, was_fuzzed=0, exec_us=4247, hits=1, map=22, ascii=0, run_time=0:00:08:51)...[0m
[1;94m[*] [0mFuzzing test case #32 (36 total, 0 crashes saved, state: in progress, mode=explore, perf_score=6400, weight=255, favorite=1, was_fuzzed=1, exec_us=5243, hits=1, map=18, ascii=0, run_time=0:00:08:57)...[0m
[?25h[1;91m

+++ Testing aborted programmatically +++
[0m[1;94m[*] [0mStatistics: 35 new corpus items found, 50.00% coverage achieved, 1 crashes saved, 0 timeouts saved, total runtime 0 days, 0 hrs, 9 min, 5 sec[0m
[1;92m[+] [0mWe're done here. Have a nice day!
[0m
