JOB timestamp: Mon Dec 18 13:29:19 MST 2023
JOB ID: 121400
Array Task ID: 0
Current directory: /lfs/koff9454.ui/projects/plc_runtime_fuzzer/code_analysis/src
r2i1n4
gcc (Spack GCC) 12.1.0
Copyright (C) 2022 Free Software Foundation, Inc.
This is free software; see the source for copying conditions.  There is NO
warranty; not even for MERCHANTABILITY or FITNESS FOR A PARTICULAR PURPOSE.

Python 3.11.5
/lfs/koff9454.ui/miniconda3/envs/plc/bin/python
matiec version 0.1
changeset id: 
Number of programs: 10
Programs: complex_1 complex_10 complex_2 complex_3 complex_4 complex_5 complex_6 complex_7 complex_8 complex_9
Fuzzing program: complex_1, Job ID: 0
input dir exist, skipping
harness file exist, skipping
Running the fuzzers
Workdir: "/lfs/koff9454.ui/projects/plc_runtime_fuzzer/code_analysis/src/programs/complex/complex_1/runs/run-0"
Out dir at "fuzzer-outdir" already exists.
Let's fuzz :)
[Stats #0] run time: 0h-0m-0s, clients: 1, corpus: 0, objectives: 0, executions: 0, exec/sec: 0.000
[Testcase #0] run time: 0h-0m-0s, clients: 1, corpus: 1, objectives: 0, executions: 1, exec/sec: 0.000
We imported 1 inputs from disk.
[Objective #0] run time: 0h-0m-0s, clients: 1, corpus: 1, objectives: 1, executions: 1, exec/sec: 0.000
[Objective #0] run time: 0h-0m-0s, clients: 1, corpus: 1, objectives: 2, executions: 1, exec/sec: 0.000
[Objective #0] run time: 0h-0m-0s, clients: 1, corpus: 1, objectives: 3, executions: 1, exec/sec: 0.000
[Objective #0] run time: 0h-0m-0s, clients: 1, corpus: 1, objectives: 4, executions: 1, exec/sec: 0.000
[Objective #0] run time: 0h-0m-0s, clients: 1, corpus: 1, objectives: 5, executions: 1, exec/sec: 0.000
[Objective #0] run time: 0h-0m-0s, clients: 1, corpus: 1, objectives: 6, executions: 1, exec/sec: 0.000
[Objective #0] run time: 0h-0m-1s, clients: 1, corpus: 1, objectives: 7, executions: 1, exec/sec: 0.961
[Objective #0] run time: 0h-0m-1s, clients: 1, corpus: 1, objectives: 8, executions: 1, exec/sec: 0.844
[Objective #0] run time: 0h-0m-1s, clients: 1, corpus: 1, objectives: 9, executions: 1, exec/sec: 0.754
[Objective #0] run time: 0h-0m-1s, clients: 1, corpus: 1, objectives: 10, executions: 1, exec/sec: 0.673
[Objective #0] run time: 0h-0m-1s, clients: 1, corpus: 1, objectives: 11, executions: 1, exec/sec: 0.621
[Objective #0] run time: 0h-0m-1s, clients: 1, corpus: 1, objectives: 12, executions: 1, exec/sec: 0.569
[Objective #0] run time: 0h-0m-1s, clients: 1, corpus: 1, objectives: 13, executions: 1, exec/sec: 0.526
[Objective #0] run time: 0h-0m-2s, clients: 1, corpus: 1, objectives: 14, executions: 1, exec/sec: 0.493
[Objective #0] run time: 0h-0m-2s, clients: 1, corpus: 1, objectives: 15, executions: 1, exec/sec: 0.461
[Objective #0] run time: 0h-0m-2s, clients: 1, corpus: 1, objectives: 16, executions: 1, exec/sec: 0.435
[Objective #0] run time: 0h-0m-2s, clients: 1, corpus: 1, objectives: 17, executions: 1, exec/sec: 0.409
[Objective #0] run time: 0h-0m-2s, clients: 1, corpus: 1, objectives: 18, executions: 1, exec/sec: 0.386
[Objective #0] run time: 0h-0m-2s, clients: 1, corpus: 1, objectives: 19, executions: 1, exec/sec: 0.367
[Objective #0] run time: 0h-0m-2s, clients: 1, corpus: 1, objectives: 20, executions: 1, exec/sec: 0.349
[Objective #0] run time: 0h-0m-3s, clients: 1, corpus: 1, objectives: 21, executions: 1, exec/sec: 0.331
[Objective #0] run time: 0h-0m-3s, clients: 1, corpus: 1, objectives: 22, executions: 1, exec/sec: 0.317
[Objective #0] run time: 0h-0m-3s, clients: 1, corpus: 1, objectives: 23, executions: 1, exec/sec: 0.302
[Objective #0] run time: 0h-0m-3s, clients: 1, corpus: 1, objectives: 24, executions: 1, exec/sec: 0.291
[Objective #0] run time: 0h-0m-3s, clients: 1, corpus: 1, objectives: 25, executions: 1, exec/sec: 0.280
[Objective #0] run time: 0h-0m-3s, clients: 1, corpus: 1, objectives: 26, executions: 1, exec/sec: 0.269
[Objective #0] run time: 0h-0m-3s, clients: 1, corpus: 1, objectives: 27, executions: 1, exec/sec: 0.260
[Objective #0] run time: 0h-0m-4s, clients: 1, corpus: 1, objectives: 28, executions: 1, exec/sec: 0.249
[Objective #0] run time: 0h-0m-4s, clients: 1, corpus: 1, objectives: 29, executions: 1, exec/sec: 0.241
[Objective #0] run time: 0h-0m-4s, clients: 1, corpus: 1, objectives: 30, executions: 1, exec/sec: 0.233
[Objective #0] run time: 0h-0m-4s, clients: 1, corpus: 1, objectives: 31, executions: 1, exec/sec: 0.226
[Objective #0] run time: 0h-0m-4s, clients: 1, corpus: 1, objectives: 32, executions: 1, exec/sec: 0.219
[Objective #0] run time: 0h-0m-4s, clients: 1, corpus: 1, objectives: 33, executions: 1, exec/sec: 0.212
[Objective #0] run time: 0h-0m-4s, clients: 1, corpus: 1, objectives: 34, executions: 1, exec/sec: 0.205
[Objective #0] run time: 0h-0m-5s, clients: 1, corpus: 1, objectives: 35, executions: 1, exec/sec: 0.199
[Objective #0] run time: 0h-0m-5s, clients: 1, corpus: 1, objectives: 36, executions: 1, exec/sec: 0.193
[Objective #0] run time: 0h-0m-5s, clients: 1, corpus: 1, objectives: 37, executions: 1, exec/sec: 0.188
[Objective #0] run time: 0h-0m-5s, clients: 1, corpus: 1, objectives: 38, executions: 1, exec/sec: 0.183
[Objective #0] run time: 0h-0m-5s, clients: 1, corpus: 1, objectives: 39, executions: 1, exec/sec: 0.180
[Objective #0] run time: 0h-0m-5s, clients: 1, corpus: 1, objectives: 40, executions: 1, exec/sec: 0.176
[Objective #0] run time: 0h-0m-5s, clients: 1, corpus: 1, objectives: 41, executions: 1, exec/sec: 0.172
[Objective #0] run time: 0h-0m-5s, clients: 1, corpus: 1, objectives: 42, executions: 1, exec/sec: 0.168
[Objective #0] run time: 0h-0m-6s, clients: 1, corpus: 1, objectives: 43, executions: 1, exec/sec: 0.164
[Objective #0] run time: 0h-0m-6s, clients: 1, corpus: 1, objectives: 44, executions: 1, exec/sec: 0.161
[Objective #0] run time: 0h-0m-6s, clients: 1, corpus: 1, objectives: 45, executions: 1, exec/sec: 0.158
Crash limit reached: 1
