JOB timestamp: Mon Dec 18 15:33:47 MST 2023
JOB ID: 121742
Array Task ID: 38
Current directory: /lfs/koff9454.ui/projects/plc_runtime_fuzzer/code_analysis/src
r5i7n4
gcc (Spack GCC) 12.1.0
Copyright (C) 2022 Free Software Foundation, Inc.
This is free software; see the source for copying conditions.  There is NO
warranty; not even for MERCHANTABILITY or FITNESS FOR A PARTICULAR PURPOSE.

Python 3.11.5
/lfs/koff9454.ui/miniconda3/envs/plc/bin/python
matiec version 0.1
changeset id: 
Number of programs: 11
Programs: complex_1 complex_10 complex_2 complex_3 complex_4 complex_5 complex_6 complex_7 complex_8 complex_9 runs
Fuzzing program: complex_5, Job ID: 38
input dir exist, skipping
harness file exist, skipping
Running the fuzzers
Workdir: "/lfs/koff9454.ui/projects/plc_runtime_fuzzer/code_analysis/src/programs/complex/complex_5/runs/run-38"
Out dir at "fuzzer-outdir" already exists.
Let's fuzz :)
[Stats #0] run time: 0h-0m-0s, clients: 1, corpus: 0, objectives: 0, executions: 0, exec/sec: 0.000
[Testcase #0] run time: 0h-0m-0s, clients: 1, corpus: 1, objectives: 0, executions: 1, exec/sec: 0.000
We imported 1 inputs from disk.
[Stats #0] run time: 0h-0m-0s, clients: 1, corpus: 1, objectives: 0, executions: 1, exec/sec: 0.000
[Testcase #0] run time: 0h-0m-0s, clients: 1, corpus: 2, objectives: 0, executions: 10, exec/sec: 0.000
[Stats #0] run time: 0h-0m-0s, clients: 1, corpus: 2, objectives: 0, executions: 10, exec/sec: 0.000
[Testcase #0] run time: 0h-0m-0s, clients: 1, corpus: 3, objectives: 0, executions: 15, exec/sec: 0.000
[Objective #0] run time: 0h-0m-0s, clients: 1, corpus: 3, objectives: 1, executions: 15, exec/sec: 0.000
[Objective #0] run time: 0h-0m-0s, clients: 1, corpus: 3, objectives: 2, executions: 15, exec/sec: 0.000
[Objective #0] run time: 0h-0m-0s, clients: 1, corpus: 3, objectives: 3, executions: 15, exec/sec: 0.000
[Objective #0] run time: 0h-0m-0s, clients: 1, corpus: 3, objectives: 4, executions: 15, exec/sec: 0.000
[Objective #0] run time: 0h-0m-0s, clients: 1, corpus: 3, objectives: 5, executions: 15, exec/sec: 0.000
[Objective #0] run time: 0h-0m-0s, clients: 1, corpus: 3, objectives: 6, executions: 15, exec/sec: 0.000
[Objective #0] run time: 0h-0m-1s, clients: 1, corpus: 3, objectives: 7, executions: 15, exec/sec: 0.000
[Objective #0] run time: 0h-0m-1s, clients: 1, corpus: 3, objectives: 8, executions: 15, exec/sec: 13.03
[Objective #0] run time: 0h-0m-1s, clients: 1, corpus: 3, objectives: 9, executions: 15, exec/sec: 11.56
[Objective #0] run time: 0h-0m-25s, clients: 1, corpus: 3, objectives: 10, executions: 15, exec/sec: 0.593
[Objective #0] run time: 0h-0m-25s, clients: 1, corpus: 3, objectives: 11, executions: 15, exec/sec: 0.590
[1;92m[+] [0mEnabled environment variable AFL_BENCH_UNTIL_CRASH with value 1[0m
[1;92m[+] [0mEnabled environment variable AFL_IGNORE_SEED_PROBLEMS with value 1[0m
[1;92m[+] [0mEnabled environment variable AFL_I_DONT_CARE_ABOUT_MISSING_CRASHES with value 1[0m
[1;92m[+] [0mEnabled environment variable AFL_SKIP_CPUFREQ with value 1[0m
[1;92m[+] [0mEnabled environment variable AFL_TRY_AFFINITY with value 1[0m
[1;93m[!] [1;97mWARNING: [0mPotentially mistyped AFL environment variable: USE_PCM_DB=2, did you mean AFL_USE_PCM_DB=2?[0m
[0;36mafl-fuzz++4.09a[0m based on afl by Michal Zalewski and a large online community
[1;92m[+] [0mAFL++ is maintained by Marc "van Hauser" Heuse, Dominik Maier, Andrea Fioraldi and Heiko "hexcoder" Eißfeldt[0m
[1;92m[+] [0mAFL++ is open source, get it at https://github.com/AFLplusplus/AFLplusplus[0m
[1;92m[+] [0mNOTE: AFL++ >= v3 has changed defaults and behaviours - see README.md[0m
[1;92m[+] [0mNo -M/-S set, autoconfiguring for "-S default"[0m
[1;94m[*] [0mGetting to work...[0m
[1;92m[+] [0mUsing exponential power schedule (FAST)[0m
[1;92m[+] [0mEnabled testcache with 50 MB[0m
[1;92m[+] [0mGenerating fuzz data with a length of min=1 max=1048576[0m
[1;94m[*] [0mChecking core_pattern...[0m

[1;91m[-] [0mHmm, your system is configured to send core dump notifications to an
    external utility. This will cause issues: there will be an extended delay
    between stumbling upon a crash and having this information relayed to the
    fuzzer via the standard waitpid() API.
    If you're just testing, set 'AFL_I_DONT_CARE_ABOUT_MISSING_CRASHES=1'.

    To avoid having crashes misinterpreted as timeouts, please log in as root
    and temporarily modify /proc/sys/kernel/core_pattern, like so:

    echo core >/proc/sys/kernel/core_pattern
[1;92m[+] [0mLooks like we're not running on a tty, so I'll be a bit less verbose.[0m
[1;92m[+] [0mYou have 36 CPU cores and 2 runnable tasks (utilization: 6%).[0m
[1;92m[+] [0mTry parallel jobs - see /usr/local/share/doc/afl/fuzzing_in_depth.md#c-using-multiple-cores[0m
[1;94m[*] [0mSetting up output directories...[0m
[1;94m[*] [0mChecking CPU core loadout...[0m
[1;92m[+] [0mFound a free CPU core, try binding to #1.[0m
[1;94m[*] [0mScanning 'afl-indir'...[0m
[1;92m[+] [0mLoaded a total of 1 seeds.[0m
[1;94m[*] [0mCreating hard links for all input files...[0m
[1;94m[*] [0mValidating target binary...[0m
[1;94m[*] [0mSpinning up the fork server...[0m
[1;92m[+] [0mAll right - fork server is up.[0m
[1;94m[*] [0mTarget map size: 78[0m
[1;94m[*] [0mNo auto-generated dictionary tokens to reuse.[0m
[1;94m[*] [0mLoading extra dictionary from 'afl-inputs.dict' (level 0)...[0m
[1;94m[*] [0mLoaded 32 extra tokens, size range 4 B to 6 B.[0m
[1;92m[+] [0mLoaded a total of 6 extras.[0m
[1;94m[*] [0mAttempting dry run with 'id:000000,time:0,execs:0,orig:testcase.txt'...[0m
[1;90m    len = 3, map size = 23, exec speed = 18416 us, hash = 02a069de4b186a40
[0m[1;92m[+] [0mAll test cases processed.[0m
[1;93m[!] [1;97mWARNING: [0m[1;91mThe target binary is pretty slow! See /usr/local/share/doc/afl/fuzzing_in_depth.md#i-improve-the-speed[0m
[1;92m[+] [0mHere are some useful stats:

[1;90m    Test case count : [0m1 favored, 0 variable, 0 ignored, 1 total
[1;90m       Bitmap range : [0m23 to 23 bits (average: 23.00 bits)
[1;90m        Exec timing : [0m18.4k to 18.4k us (average: 18.4k us)
[0m
[1;94m[*] [0mNo -t option specified, so I'll use an exec timeout of 60 ms.[0m
[1;92m[+] [0mAll set and ready to roll![0m
[1;94m[*] [0mEntering queue cycle 1.[0m
[1;94m[*] [0mFuzzing test case #0 (1 total, 0 crashes saved, state: started :-), mode=explore, perf_score=0, weight=0, favorite=1, was_fuzzed=0, exec_us=18416, hits=0, map=23, ascii=0, run_time=0:00:00:00)...[0m
[1;92m[+] [0mEnabled environment variable AFL_BENCH_UNTIL_CRASH with value 1[0m
[1;92m[+] [0mEnabled environment variable AFL_IGNORE_SEED_PROBLEMS with value 1[0m
[1;92m[+] [0mEnabled environment variable AFL_I_DONT_CARE_ABOUT_MISSING_CRASHES with value 1[0m
[1;92m[+] [0mEnabled environment variable AFL_SKIP_CPUFREQ with value 1[0m
[1;92m[+] [0mEnabled environment variable AFL_TRY_AFFINITY with value 1[0m
[1;93m[!] [1;97mWARNING: [0mPotentially mistyped AFL environment variable: USE_PCM_DB=2, did you mean AFL_USE_PCM_DB=2?[0m
[0;36mafl-fuzz++4.09a[0m based on afl by Michal Zalewski and a large online community
[1;92m[+] [0mAFL++ is maintained by Marc "van Hauser" Heuse, Dominik Maier, Andrea Fioraldi and Heiko "hexcoder" Eißfeldt[0m
[1;92m[+] [0mAFL++ is open source, get it at https://github.com/AFLplusplus/AFLplusplus[0m
[1;92m[+] [0mNOTE: AFL++ >= v3 has changed defaults and behaviours - see README.md[0m
[1;92m[+] [0mNo -M/-S set, autoconfiguring for "-S default"[0m
[1;94m[*] [0mGetting to work...[0m
[1;92m[+] [0mUsing exponential power schedule (FAST)[0m
[1;92m[+] [0mEnabled testcache with 50 MB[0m
[1;92m[+] [0mGenerating fuzz data with a length of min=1 max=1048576[0m
[1;94m[*] [0mChecking core_pattern...[0m

[1;91m[-] [0mHmm, your system is configured to send core dump notifications to an
    external utility. This will cause issues: there will be an extended delay
    between stumbling upon a crash and having this information relayed to the
    fuzzer via the standard waitpid() API.
    If you're just testing, set 'AFL_I_DONT_CARE_ABOUT_MISSING_CRASHES=1'.

    To avoid having crashes misinterpreted as timeouts, please log in as root
    and temporarily modify /proc/sys/kernel/core_pattern, like so:

    echo core >/proc/sys/kernel/core_pattern
[1;92m[+] [0mLooks like we're not running on a tty, so I'll be a bit less verbose.[0m
[1;92m[+] [0mYou have 36 CPU cores and 1 runnable tasks (utilization: 3%).[0m
[1;92m[+] [0mTry parallel jobs - see /usr/local/share/doc/afl/fuzzing_in_depth.md#c-using-multiple-cores[0m
[1;94m[*] [0mSetting up output directories...[0m
[1;94m[*] [0mChecking CPU core loadout...[0m
[1;92m[+] [0mFound a free CPU core, try binding to #1.[0m
[1;94m[*] [0mScanning 'our-indir'...[0m
[1;92m[+] [0mLoaded a total of 1 seeds.[0m
[1;94m[*] [0mCreating hard links for all input files...[0m
[1;94m[*] [0mValidating target binary...[0m
[1;94m[*] [0mSpinning up the fork server...[0m
[1;92m[+] [0mAll right - fork server is up.[0m
[1;94m[*] [0mTarget map size: 78[0m
[1;94m[*] [0mNo auto-generated dictionary tokens to reuse.[0m
[1;94m[*] [0mLoading extra dictionary from 'our-inputs.dict' (level 0)...[0m
[1;94m[*] [0mLoaded 32 extra tokens, size range 4 B to 6 B.[0m
[1;92m[+] [0mLoaded a total of 6 extras.[0m
[1;94m[*] [0mAttempting dry run with 'id:000000,time:0,execs:0,orig:variables.txt'...[0m
[1;90m    len = 224, map size = 26, exec speed = 11978 us, hash = da733f0693e4f72a
[0m[1;92m[+] [0mAll test cases processed.[0m
[1;93m[!] [1;97mWARNING: [0m[1;91mThe target binary is pretty slow! See /usr/local/share/doc/afl/fuzzing_in_depth.md#i-improve-the-speed[0m
[1;92m[+] [0mHere are some useful stats:

[1;90m    Test case count : [0m1 favored, 0 variable, 0 ignored, 1 total
[1;90m       Bitmap range : [0m26 to 26 bits (average: 26.00 bits)
[1;90m        Exec timing : [0m12.0k to 12.0k us (average: 12.0k us)
[0m
[1;94m[*] [0mNo -t option specified, so I'll use an exec timeout of 40 ms.[0m
[1;92m[+] [0mAll set and ready to roll![0m
[1;94m[*] [0mEntering queue cycle 1.[0m
[1;94m[*] [0mFuzzing test case #0 (1 total, 0 crashes saved, state: started :-), mode=explore, perf_score=0, weight=0, favorite=1, was_fuzzed=0, exec_us=11978, hits=0, map=26, ascii=0, run_time=0:00:00:00)...[0m
[Objective #0] run time: 0h-0m-25s, clients: 1, corpus: 3, objectives: 12, executions: 15, exec/sec: 0.586
[Objective #0] run time: 0h-0m-25s, clients: 1, corpus: 3, objectives: 13, executions: 15, exec/sec: 0.583
[Objective #0] run time: 0h-0m-25s, clients: 1, corpus: 3, objectives: 14, executions: 15, exec/sec: 0.580
[Objective #0] run time: 0h-0m-26s, clients: 1, corpus: 3, objectives: 15, executions: 15, exec/sec: 0.576
[Objective #0] run time: 0h-0m-26s, clients: 1, corpus: 3, objectives: 16, executions: 15, exec/sec: 0.574
[Objective #0] run time: 0h-0m-26s, clients: 1, corpus: 3, objectives: 17, executions: 15, exec/sec: 0.570
[Objective #0] run time: 0h-0m-26s, clients: 1, corpus: 3, objectives: 18, executions: 15, exec/sec: 0.567
[Objective #0] run time: 0h-0m-26s, clients: 1, corpus: 3, objectives: 19, executions: 15, exec/sec: 0.564
[Objective #0] run time: 0h-0m-26s, clients: 1, corpus: 3, objectives: 20, executions: 15, exec/sec: 0.562
[Objective #0] run time: 0h-0m-26s, clients: 1, corpus: 3, objectives: 21, executions: 15, exec/sec: 0.559
[Objective #0] run time: 0h-0m-26s, clients: 1, corpus: 3, objectives: 22, executions: 15, exec/sec: 0.556
[Objective #0] run time: 0h-0m-27s, clients: 1, corpus: 3, objectives: 23, executions: 15, exec/sec: 0.553
[Objective #0] run time: 0h-0m-27s, clients: 1, corpus: 3, objectives: 24, executions: 15, exec/sec: 0.550
[1;94m[*] [0mFuzzing test case #2 (5 total, 0 crashes saved, state: started :-), mode=explore, perf_score=0, weight=0, favorite=1, was_fuzzed=0, exec_us=7819, hits=24, map=24, ascii=0, run_time=0:00:00:01)...[0m
[1;94m[*] [0mFuzzing test case #2 (5 total, 0 crashes saved, state: started :-), mode=explore, perf_score=229, weight=17, favorite=1, was_fuzzed=1, exec_us=7819, hits=24, map=24, ascii=0, run_time=0:00:00:01)...[0m
[Objective #0] run time: 0h-0m-27s, clients: 1, corpus: 3, objectives: 25, executions: 15, exec/sec: 0.547
[Objective #0] run time: 0h-0m-27s, clients: 1, corpus: 3, objectives: 26, executions: 15, exec/sec: 0.544
Crash limit reached: 1
[1;94m[*] [0mFuzzing test case #7 (8 total, 0 crashes saved, state: started :-), mode=explore, perf_score=0, weight=0, favorite=1, was_fuzzed=0, exec_us=6951, hits=2, map=23, ascii=0, run_time=0:00:00:32)...[0m
[1;94m[*] [0mFuzzing test case #7 (8 total, 0 crashes saved, state: started :-), mode=explore, perf_score=459, weight=42, favorite=1, was_fuzzed=1, exec_us=6951, hits=2, map=23, ascii=0, run_time=0:00:00:32)...[0m
[1;94m[*] [0mFuzzing test case #13 (14 total, 0 crashes saved, state: started :-), mode=explore, perf_score=0, weight=0, favorite=1, was_fuzzed=0, exec_us=6104, hits=1, map=23, ascii=0, run_time=0:00:02:02)...[0m
[1;94m[*] [0mFuzzing test case #12 (14 total, 0 crashes saved, state: started :-), mode=explore, perf_score=200, weight=12, favorite=1, was_fuzzed=0, exec_us=6311, hits=4, map=23, ascii=0, run_time=0:00:02:02)...[0m
[1;94m[*] [0mFuzzing test case #7 (14 total, 0 crashes saved, state: started :-), mode=explore, perf_score=114, weight=21, favorite=1, was_fuzzed=1, exec_us=6951, hits=464, map=23, ascii=0, run_time=0:00:02:04)...[0m
[1;94m[*] [0mFuzzing test case #7 (14 total, 0 crashes saved, state: started :-), mode=explore, perf_score=114, weight=21, favorite=1, was_fuzzed=1, exec_us=6951, hits=472, map=23, ascii=0, run_time=0:00:02:17)...[0m
[1;94m[*] [0mFuzzing test case #2 (14 total, 0 crashes saved, state: started :-), mode=explore, perf_score=114, weight=3, favorite=1, was_fuzzed=1, exec_us=7819, hits=688, map=24, ascii=0, run_time=0:00:02:17)...[0m
[1;94m[*] [0mFuzzing test case #13 (14 total, 0 crashes saved, state: started :-), mode=explore, perf_score=919, weight=10, favorite=1, was_fuzzed=1, exec_us=6104, hits=1, map=23, ascii=0, run_time=0:00:02:17)...[0m
[1;94m[*] [0mFuzzing test case #15 (17 total, 0 crashes saved, state: started :-), mode=explore, perf_score=0, weight=0, favorite=1, was_fuzzed=0, exec_us=6276, hits=4, map=23, ascii=0, run_time=0:00:03:01)...[0m
[1;94m[*] [0mFuzzing test case #14 (17 total, 0 crashes saved, state: started :-), mode=explore, perf_score=200, weight=11, favorite=1, was_fuzzed=0, exec_us=6269, hits=7, map=23, ascii=0, run_time=0:00:03:01)...[0m
[1;94m[*] [0mFuzzing test case #13 (17 total, 0 crashes saved, state: started :-), mode=explore, perf_score=229, weight=3, favorite=1, was_fuzzed=1, exec_us=6104, hits=144, map=23, ascii=0, run_time=0:00:03:16)...[0m
[1;94m[*] [0mFuzzing test case #15 (18 total, 0 crashes saved, state: started :-), mode=explore, perf_score=690, weight=6, favorite=1, was_fuzzed=1, exec_us=6276, hits=4, map=23, ascii=0, run_time=0:00:03:18)...[0m
[1;94m[*] [0mFuzzing test case #18 (19 total, 0 crashes saved, state: started :-), mode=explore, perf_score=0, weight=0, favorite=1, was_fuzzed=0, exec_us=6176, hits=17, map=27, ascii=0, run_time=0:00:03:32)...[0m
[1;94m[*] [0mFuzzing test case #7 (19 total, 0 crashes saved, state: started :-), mode=explore, perf_score=114, weight=19, favorite=1, was_fuzzed=1, exec_us=6951, hits=1711, map=23, ascii=0, run_time=0:00:03:32)...[0m
[1;94m[*] [0mFuzzing test case #7 (19 total, 0 crashes saved, state: started :-), mode=explore, perf_score=114, weight=19, favorite=1, was_fuzzed=1, exec_us=6951, hits=1723, map=23, ascii=0, run_time=0:00:03:32)...[0m
[1;94m[*] [0mFuzzing test case #12 (19 total, 0 crashes saved, state: started :-), mode=explore, perf_score=459, weight=4, favorite=1, was_fuzzed=1, exec_us=6311, hits=28, map=23, ascii=0, run_time=0:00:03:32)...[0m
[?25h[1;91m

+++ Testing aborted programmatically +++
[0m[1;94m[*] [0mStatistics: 33 new corpus items found, 55.13% coverage achieved, 1 crashes saved, 0 timeouts saved, total runtime 0 days, 0 hrs, 3 min, 34 sec[0m
[1;92m[+] [0mWe're done here. Have a nice day!
[0m
[1;94m[*] [0mFuzzing test case #14 (20 total, 0 crashes saved, state: started :-), mode=explore, perf_score=690, weight=5, favorite=1, was_fuzzed=1, exec_us=6269, hits=12, map=23, ascii=0, run_time=0:00:03:46)...[0m
[1;94m[*] [0mFuzzing test case #7 (20 total, 0 crashes saved, state: started :-), mode=explore, perf_score=114, weight=19, favorite=1, was_fuzzed=1, exec_us=6951, hits=2053, map=23, ascii=0, run_time=0:00:03:57)...[0m
[1;94m[*] [0mFuzzing test case #7 (20 total, 0 crashes saved, state: started :-), mode=explore, perf_score=114, weight=19, favorite=1, was_fuzzed=1, exec_us=6951, hits=2078, map=23, ascii=0, run_time=0:00:03:57)...[0m
[1;94m[*] [0mFuzzing test case #7 (20 total, 0 crashes saved, state: started :-), mode=explore, perf_score=114, weight=19, favorite=1, was_fuzzed=1, exec_us=6951, hits=2093, map=23, ascii=0, run_time=0:00:03:58)...[0m
[1;94m[*] [0mFuzzing test case #7 (20 total, 0 crashes saved, state: started :-), mode=explore, perf_score=114, weight=19, favorite=1, was_fuzzed=1, exec_us=6951, hits=2098, map=23, ascii=0, run_time=0:00:03:58)...[0m
[1;94m[*] [0mFuzzing test case #7 (20 total, 0 crashes saved, state: started :-), mode=explore, perf_score=114, weight=19, favorite=1, was_fuzzed=1, exec_us=6951, hits=2113, map=23, ascii=0, run_time=0:00:03:58)...[0m
[1;94m[*] [0mFuzzing test case #7 (20 total, 0 crashes saved, state: started :-), mode=explore, perf_score=114, weight=19, favorite=1, was_fuzzed=1, exec_us=6951, hits=2134, map=23, ascii=0, run_time=0:00:03:59)...[0m
[1;94m[*] [0mFuzzing test case #7 (20 total, 0 crashes saved, state: started :-), mode=explore, perf_score=114, weight=19, favorite=1, was_fuzzed=1, exec_us=6951, hits=2141, map=23, ascii=0, run_time=0:00:03:59)...[0m
[1;94m[*] [0mEntering queue cycle 2.[0m
[1;94m[*] [0mFuzzing test case #12 (20 total, 0 crashes saved, state: started :-), mode=explore, perf_score=229, weight=4, favorite=1, was_fuzzed=1, exec_us=6311, hits=49, map=23, ascii=0, run_time=0:00:03:59)...[0m
[1;94m[*] [0mFuzzing test case #7 (21 total, 0 crashes saved, state: started :-), mode=explore, perf_score=114, weight=20, favorite=1, was_fuzzed=1, exec_us=6951, hits=2178, map=23, ascii=0, run_time=0:00:04:01)...[0m
[1;94m[*] [0mFuzzing test case #15 (21 total, 0 crashes saved, state: started :-), mode=explore, perf_score=459, weight=4, favorite=1, was_fuzzed=1, exec_us=6276, hits=17, map=23, ascii=0, run_time=0:00:04:02)...[0m
[1;94m[*] [0mFuzzing test case #12 (22 total, 0 crashes saved, state: started :-), mode=explore, perf_score=229, weight=4, favorite=1, was_fuzzed=1, exec_us=6311, hits=53, map=23, ascii=0, run_time=0:00:04:13)...[0m
[1;94m[*] [0mFuzzing test case #18 (23 total, 0 crashes saved, state: started :-), mode=explore, perf_score=459, weight=8, favorite=1, was_fuzzed=1, exec_us=6176, hits=21, map=27, ascii=0, run_time=0:00:04:15)...[0m
[1;94m[*] [0mFuzzing test case #18 (24 total, 0 crashes saved, state: started :-), mode=explore, perf_score=229, weight=7, favorite=1, was_fuzzed=1, exec_us=6176, hits=68, map=27, ascii=0, run_time=0:00:04:24)...[0m
[1;94m[*] [0mFuzzing test case #2 (24 total, 0 crashes saved, state: started :-), mode=explore, perf_score=114, weight=3, favorite=1, was_fuzzed=1, exec_us=7819, hits=1005, map=24, ascii=0, run_time=0:00:04:26)...[0m
[1;94m[*] [0mFuzzing test case #7 (24 total, 0 crashes saved, state: started :-), mode=explore, perf_score=114, weight=21, favorite=1, was_fuzzed=1, exec_us=6951, hits=2439, map=23, ascii=0, run_time=0:00:04:26)...[0m
[1;94m[*] [0mFuzzing test case #14 (24 total, 0 crashes saved, state: started :-), mode=explore, perf_score=459, weight=4, favorite=1, was_fuzzed=1, exec_us=6269, hits=23, map=23, ascii=0, run_time=0:00:04:27)...[0m
[1;94m[*] [0mFuzzing test case #7 (24 total, 0 crashes saved, state: started :-), mode=explore, perf_score=114, weight=21, favorite=1, was_fuzzed=1, exec_us=6951, hits=2541, map=23, ascii=0, run_time=0:00:04:38)...[0m
[1;94m[*] [0mFuzzing test case #7 (24 total, 0 crashes saved, state: started :-), mode=explore, perf_score=114, weight=21, favorite=1, was_fuzzed=1, exec_us=6951, hits=2549, map=23, ascii=0, run_time=0:00:04:38)...[0m
[1;94m[*] [0mFuzzing test case #7 (24 total, 0 crashes saved, state: started :-), mode=explore, perf_score=114, weight=21, favorite=1, was_fuzzed=1, exec_us=6951, hits=2565, map=23, ascii=0, run_time=0:00:04:38)...[0m
[1;94m[*] [0mFuzzing test case #14 (24 total, 0 crashes saved, state: started :-), mode=explore, perf_score=459, weight=4, favorite=1, was_fuzzed=1, exec_us=6269, hits=33, map=23, ascii=0, run_time=0:00:04:39)...[0m
[1;94m[*] [0mFuzzing test case #26 (28 total, 0 crashes saved, state: started :-), mode=explore, perf_score=0, weight=0, favorite=1, was_fuzzed=0, exec_us=5436, hits=1, map=30, ascii=0, run_time=0:00:04:43)...[0m
[1;94m[*] [0mFuzzing test case #25 (28 total, 0 crashes saved, state: started :-), mode=explore, perf_score=400, weight=12, favorite=1, was_fuzzed=0, exec_us=5734, hits=10, map=29, ascii=0, run_time=0:00:04:43)...[0m
[1;94m[*] [0mFuzzing test case #29 (30 total, 0 crashes saved, state: in progress, mode=explore, perf_score=0, weight=0, favorite=1, was_fuzzed=0, exec_us=5743, hits=1, map=29, ascii=0, run_time=0:00:05:01)...[0m
[1;94m[*] [0mFuzzing test case #15 (30 total, 0 crashes saved, state: in progress, mode=explore, perf_score=229, weight=4, favorite=1, was_fuzzed=1, exec_us=6276, hits=35, map=23, ascii=0, run_time=0:00:05:01)...[0m
[1;94m[*] [0mFuzzing test case #7 (30 total, 0 crashes saved, state: in progress, mode=explore, perf_score=114, weight=23, favorite=1, was_fuzzed=1, exec_us=6951, hits=2820, map=23, ascii=0, run_time=0:00:05:03)...[0m
[1;94m[*] [0mFuzzing test case #7 (30 total, 0 crashes saved, state: in progress, mode=explore, perf_score=114, weight=23, favorite=1, was_fuzzed=1, exec_us=6951, hits=2832, map=23, ascii=0, run_time=0:00:05:03)...[0m
[1;94m[*] [0mFuzzing test case #25 (30 total, 0 crashes saved, state: in progress, mode=explore, perf_score=229, weight=4, favorite=1, was_fuzzed=1, exec_us=5734, hits=120, map=29, ascii=0, run_time=0:00:05:04)...[0m
[1;94m[*] [0mFuzzing test case #7 (31 total, 0 crashes saved, state: in progress, mode=explore, perf_score=114, weight=23, favorite=1, was_fuzzed=1, exec_us=6951, hits=2880, map=23, ascii=0, run_time=0:00:05:05)...[0m
[1;94m[*] [0mFuzzing test case #18 (31 total, 0 crashes saved, state: in progress, mode=explore, perf_score=229, weight=7, favorite=1, was_fuzzed=1, exec_us=6176, hits=105, map=27, ascii=0, run_time=0:00:05:06)...[0m
[1;94m[*] [0mFuzzing test case #31 (32 total, 0 crashes saved, state: in progress, mode=explore, perf_score=0, weight=0, favorite=1, was_fuzzed=0, exec_us=5327, hits=1, map=30, ascii=0, run_time=0:00:05:10)...[0m
[1;94m[*] [0mFuzzing test case #7 (32 total, 0 crashes saved, state: in progress, mode=explore, perf_score=114, weight=23, favorite=1, was_fuzzed=1, exec_us=6951, hits=2926, map=23, ascii=0, run_time=0:00:05:10)...[0m
[1;94m[*] [0mFuzzing test case #7 (32 total, 0 crashes saved, state: in progress, mode=explore, perf_score=114, weight=23, favorite=1, was_fuzzed=1, exec_us=6951, hits=2947, map=23, ascii=0, run_time=0:00:05:10)...[0m
[1;94m[*] [0mFuzzing test case #7 (32 total, 0 crashes saved, state: in progress, mode=explore, perf_score=114, weight=23, favorite=1, was_fuzzed=1, exec_us=6951, hits=2968, map=23, ascii=0, run_time=0:00:05:11)...[0m
[1;94m[*] [0mFuzzing test case #29 (32 total, 0 crashes saved, state: in progress, mode=explore, perf_score=919, weight=12, favorite=1, was_fuzzed=1, exec_us=5743, hits=1, map=29, ascii=0, run_time=0:00:05:11)...[0m
[1;94m[*] [0mFuzzing test case #12 (34 total, 0 crashes saved, state: in progress, mode=explore, perf_score=229, weight=4, favorite=1, was_fuzzed=1, exec_us=6311, hits=78, map=23, ascii=0, run_time=0:00:05:27)...[0m
[1;94m[*] [0mFuzzing test case #13 (36 total, 0 crashes saved, state: in progress, mode=explore, perf_score=229, weight=3, favorite=1, was_fuzzed=1, exec_us=6104, hits=151, map=23, ascii=0, run_time=0:00:05:29)...[0m
[1;94m[*] [0mFuzzing test case #23 (37 total, 0 crashes saved, state: in progress, mode=explore, perf_score=200, weight=1, favorite=0, was_fuzzed=0, exec_us=5462, hits=6, map=28, ascii=0, run_time=0:00:05:31)...[0m
[1;94m[*] [0mFuzzing test case #31 (37 total, 0 crashes saved, state: in progress, mode=explore, perf_score=919, weight=13, favorite=1, was_fuzzed=1, exec_us=5327, hits=1, map=30, ascii=0, run_time=0:00:05:33)...[0m
[1;94m[*] [0mFuzzing test case #37 (42 total, 0 crashes saved, state: in progress, mode=explore, perf_score=0, weight=0, favorite=1, was_fuzzed=0, exec_us=5762, hits=2, map=30, ascii=0, run_time=0:00:06:04)...[0m
[1;94m[*] [0mFuzzing test case #41 (42 total, 0 crashes saved, state: in progress, mode=explore, perf_score=600, weight=26, favorite=1, was_fuzzed=0, exec_us=5648, hits=1, map=30, ascii=0, run_time=0:00:06:04)...[0m
[1;94m[*] [0mFuzzing test case #45 (47 total, 0 crashes saved, state: in progress, mode=explore, perf_score=0, weight=0, favorite=1, was_fuzzed=0, exec_us=4848, hits=1, map=29, ascii=0, run_time=0:00:06:40)...[0m
[1;94m[*] [0mFuzzing test case #7 (47 total, 0 crashes saved, state: in progress, mode=explore, perf_score=114, weight=29, favorite=1, was_fuzzed=1, exec_us=6951, hits=3285, map=23, ascii=0, run_time=0:00:06:40)...[0m
[1;94m[*] [0mFuzzing test case #45 (47 total, 0 crashes saved, state: in progress, mode=explore, perf_score=1380, weight=15, favorite=1, was_fuzzed=1, exec_us=4848, hits=1, map=29, ascii=0, run_time=0:00:06:40)...[0m
[1;94m[*] [0mFuzzing test case #18 (50 total, 0 crashes saved, state: in progress, mode=explore, perf_score=229, weight=9, favorite=1, was_fuzzed=1, exec_us=6176, hits=108, map=27, ascii=0, run_time=0:00:07:07)...[0m
[1;94m[*] [0mFuzzing test case #18 (50 total, 0 crashes saved, state: in progress, mode=explore, perf_score=229, weight=9, favorite=1, was_fuzzed=1, exec_us=6176, hits=113, map=27, ascii=0, run_time=0:00:07:09)...[0m
[1;94m[*] [0mFuzzing test case #2 (51 total, 0 crashes saved, state: in progress, mode=explore, perf_score=114, weight=4, favorite=1, was_fuzzed=1, exec_us=7819, hits=1229, map=24, ascii=0, run_time=0:00:07:11)...[0m
[1;94m[*] [0mFuzzing test case #45 (51 total, 0 crashes saved, state: in progress, mode=explore, perf_score=345, weight=4, favorite=1, was_fuzzed=1, exec_us=4848, hits=486, map=29, ascii=0, run_time=0:00:07:11)...[0m
[1;94m[*] [0mFuzzing test case #41 (51 total, 0 crashes saved, state: in progress, mode=explore, perf_score=345, weight=7, favorite=1, was_fuzzed=1, exec_us=5648, hits=183, map=30, ascii=0, run_time=0:00:07:16)...[0m
[1;94m[*] [0mFuzzing test case #7 (51 total, 0 crashes saved, state: in progress, mode=explore, perf_score=114, weight=31, favorite=1, was_fuzzed=1, exec_us=6951, hits=3392, map=23, ascii=0, run_time=0:00:07:19)...[0m
[1;94m[*] [0mFuzzing test case #7 (51 total, 0 crashes saved, state: in progress, mode=explore, perf_score=114, weight=31, favorite=1, was_fuzzed=1, exec_us=6951, hits=3419, map=23, ascii=0, run_time=0:00:07:19)...[0m
[1;94m[*] [0mFuzzing test case #7 (51 total, 0 crashes saved, state: in progress, mode=explore, perf_score=114, weight=31, favorite=1, was_fuzzed=1, exec_us=6951, hits=3435, map=23, ascii=0, run_time=0:00:07:19)...[0m
[1;94m[*] [0mFuzzing test case #41 (51 total, 0 crashes saved, state: in progress, mode=explore, perf_score=345, weight=7, favorite=1, was_fuzzed=1, exec_us=5648, hits=202, map=30, ascii=0, run_time=0:00:07:20)...[0m
[1;94m[*] [0mFuzzing test case #18 (51 total, 0 crashes saved, state: in progress, mode=explore, perf_score=229, weight=8, favorite=1, was_fuzzed=1, exec_us=6176, hits=137, map=27, ascii=0, run_time=0:00:07:23)...[0m
[1;94m[*] [0mFuzzing test case #29 (51 total, 0 crashes saved, state: in progress, mode=explore, perf_score=229, weight=5, favorite=1, was_fuzzed=1, exec_us=5743, hits=68, map=29, ascii=0, run_time=0:00:07:25)...[0m
[1;94m[*] [0mFuzzing test case #51 (52 total, 0 crashes saved, state: in progress, mode=explore, perf_score=0, weight=0, favorite=1, was_fuzzed=0, exec_us=5732, hits=1, map=30, ascii=0, run_time=0:00:07:27)...[0m
[1;94m[*] [0mFuzzing test case #13 (52 total, 0 crashes saved, state: in progress, mode=explore, perf_score=229, weight=4, favorite=1, was_fuzzed=1, exec_us=6104, hits=165, map=23, ascii=0, run_time=0:00:07:27)...[0m
[1;94m[*] [0mFuzzing test case #29 (53 total, 0 crashes saved, state: in progress, mode=explore, perf_score=229, weight=5, favorite=1, was_fuzzed=1, exec_us=5743, hits=95, map=29, ascii=0, run_time=0:00:07:29)...[0m
[1;94m[*] [0mFuzzing test case #51 (53 total, 0 crashes saved, state: in progress, mode=explore, perf_score=1380, weight=11, favorite=1, was_fuzzed=1, exec_us=5732, hits=2, map=30, ascii=0, run_time=0:00:07:31)...[0m
[?25h[1;91m

+++ Testing aborted programmatically +++
[0m[1;94m[*] [0mStatistics: 53 new corpus items found, 50.00% coverage achieved, 1 crashes saved, 0 timeouts saved, total runtime 0 days, 0 hrs, 7 min, 32 sec[0m
[1;92m[+] [0mWe're done here. Have a nice day!
[0m
