JOB timestamp: Tue Dec 19 10:49:39 MST 2023
JOB ID: 121841
Array Task ID: 22
Current directory: /lfs/koff9454.ui/projects/plc_runtime_fuzzer/code_analysis/src
r3i4n10
gcc (Spack GCC) 12.1.0
Copyright (C) 2022 Free Software Foundation, Inc.
This is free software; see the source for copying conditions.  There is NO
warranty; not even for MERCHANTABILITY or FITNESS FOR A PARTICULAR PURPOSE.

Python 3.11.5
/lfs/koff9454.ui/miniconda3/envs/plc/bin/python
matiec version 0.1
changeset id: 
Number of programs: 3
Programs: depth_1 depth_2 depth_3
Fuzzing program: depth_2, Job ID: 22
input dir exist, skipping
harness file exist, skipping
Running the fuzzers
Workdir: "/lfs/koff9454.ui/projects/plc_runtime_fuzzer/code_analysis/src/programs/depth/depth_2/runs/run-22"
Out dir at "fuzzer-outdir" already exists.
Let's fuzz :)
[Stats #0] run time: 0h-0m-0s, clients: 1, corpus: 0, objectives: 0, executions: 0, exec/sec: 0.000
[Testcase #0] run time: 0h-0m-0s, clients: 1, corpus: 1, objectives: 0, executions: 1, exec/sec: 0.000
We imported 1 inputs from disk.
[Objective #0] run time: 0h-0m-0s, clients: 1, corpus: 1, objectives: 1, executions: 1, exec/sec: 0.000
[Stats #0] run time: 0h-0m-0s, clients: 1, corpus: 1, objectives: 1, executions: 1, exec/sec: 0.000
[Testcase #0] run time: 0h-0m-0s, clients: 1, corpus: 2, objectives: 1, executions: 11, exec/sec: 0.000
[Stats #0] run time: 0h-0m-0s, clients: 1, corpus: 2, objectives: 1, executions: 11, exec/sec: 0.000
[Testcase #0] run time: 0h-0m-0s, clients: 1, corpus: 3, objectives: 1, executions: 12, exec/sec: 0.000
[Stats #0] run time: 0h-0m-0s, clients: 1, corpus: 3, objectives: 1, executions: 12, exec/sec: 0.000
[Testcase #0] run time: 0h-0m-0s, clients: 1, corpus: 4, objectives: 1, executions: 13, exec/sec: 0.000
[Objective #0] run time: 0h-0m-0s, clients: 1, corpus: 4, objectives: 2, executions: 13, exec/sec: 0.000
[Objective #0] run time: 0h-0m-0s, clients: 1, corpus: 4, objectives: 3, executions: 13, exec/sec: 0.000
[Objective #0] run time: 0h-0m-0s, clients: 1, corpus: 4, objectives: 4, executions: 13, exec/sec: 0.000
[Objective #0] run time: 0h-0m-0s, clients: 1, corpus: 4, objectives: 5, executions: 13, exec/sec: 0.000
[Objective #0] run time: 0h-0m-0s, clients: 1, corpus: 4, objectives: 6, executions: 13, exec/sec: 0.000
[Objective #0] run time: 0h-0m-0s, clients: 1, corpus: 4, objectives: 7, executions: 13, exec/sec: 0.000
[Objective #0] run time: 0h-0m-0s, clients: 1, corpus: 4, objectives: 8, executions: 13, exec/sec: 0.000
[Objective #0] run time: 0h-0m-0s, clients: 1, corpus: 4, objectives: 9, executions: 13, exec/sec: 0.000
[Objective #0] run time: 0h-0m-0s, clients: 1, corpus: 4, objectives: 10, executions: 13, exec/sec: 0.000
[Objective #0] run time: 0h-0m-0s, clients: 1, corpus: 4, objectives: 11, executions: 13, exec/sec: 0.000
[Objective #0] run time: 0h-0m-0s, clients: 1, corpus: 4, objectives: 12, executions: 13, exec/sec: 0.000
[Objective #0] run time: 0h-0m-0s, clients: 1, corpus: 4, objectives: 13, executions: 13, exec/sec: 0.000
[Objective #0] run time: 0h-0m-0s, clients: 1, corpus: 4, objectives: 14, executions: 13, exec/sec: 0.000
[Objective #0] run time: 0h-0m-0s, clients: 1, corpus: 4, objectives: 15, executions: 13, exec/sec: 0.000
[Objective #0] run time: 0h-0m-0s, clients: 1, corpus: 4, objectives: 16, executions: 13, exec/sec: 0.000
[Objective #0] run time: 0h-0m-0s, clients: 1, corpus: 4, objectives: 17, executions: 13, exec/sec: 0.000
[Objective #0] run time: 0h-0m-0s, clients: 1, corpus: 4, objectives: 18, executions: 13, exec/sec: 0.000
[Objective #0] run time: 0h-0m-0s, clients: 1, corpus: 4, objectives: 19, executions: 13, exec/sec: 0.000
[Objective #0] run time: 0h-0m-0s, clients: 1, corpus: 4, objectives: 20, executions: 13, exec/sec: 0.000
[Objective #0] run time: 0h-0m-0s, clients: 1, corpus: 4, objectives: 21, executions: 13, exec/sec: 0.000
[Objective #0] run time: 0h-0m-0s, clients: 1, corpus: 4, objectives: 22, executions: 13, exec/sec: 0.000
[Objective #0] run time: 0h-0m-0s, clients: 1, corpus: 4, objectives: 23, executions: 13, exec/sec: 0.000
Crash limit reached: 1
[1;92m[+] [0mEnabled environment variable AFL_BENCH_UNTIL_CRASH with value 1[0m
[1;92m[+] [0mEnabled environment variable AFL_IGNORE_SEED_PROBLEMS with value 1[0m
[1;92m[+] [0mEnabled environment variable AFL_I_DONT_CARE_ABOUT_MISSING_CRASHES with value 1[0m
[1;92m[+] [0mEnabled environment variable AFL_SKIP_CPUFREQ with value 1[0m
[1;92m[+] [0mEnabled environment variable AFL_TRY_AFFINITY with value 1[0m
[1;93m[!] [1;97mWARNING: [0mPotentially mistyped AFL environment variable: USE_PCM_DB=2, did you mean AFL_USE_PCM_DB=2?[0m
[0;36mafl-fuzz++4.09a[0m based on afl by Michal Zalewski and a large online community
[1;92m[+] [0mAFL++ is maintained by Marc "van Hauser" Heuse, Dominik Maier, Andrea Fioraldi and Heiko "hexcoder" Eißfeldt[0m
[1;92m[+] [0mAFL++ is open source, get it at https://github.com/AFLplusplus/AFLplusplus[0m
[1;92m[+] [0mNOTE: AFL++ >= v3 has changed defaults and behaviours - see README.md[0m
[1;92m[+] [0mNo -M/-S set, autoconfiguring for "-S default"[0m
[1;94m[*] [0mGetting to work...[0m
[1;92m[+] [0mUsing exponential power schedule (FAST)[0m
[1;92m[+] [0mEnabled testcache with 50 MB[0m
[1;92m[+] [0mGenerating fuzz data with a length of min=1 max=1048576[0m
[1;94m[*] [0mChecking core_pattern...[0m

[1;91m[-] [0mHmm, your system is configured to send core dump notifications to an
    external utility. This will cause issues: there will be an extended delay
    between stumbling upon a crash and having this information relayed to the
    fuzzer via the standard waitpid() API.
    If you're just testing, set 'AFL_I_DONT_CARE_ABOUT_MISSING_CRASHES=1'.

    To avoid having crashes misinterpreted as timeouts, please log in as root
    and temporarily modify /proc/sys/kernel/core_pattern, like so:

    echo core >/proc/sys/kernel/core_pattern
[1;92m[+] [0mLooks like we're not running on a tty, so I'll be a bit less verbose.[0m
[1;92m[+] [0mYou have 36 CPU cores and 13 runnable tasks (utilization: 36%).[0m
[1;92m[+] [0mTry parallel jobs - see /usr/local/share/doc/afl/fuzzing_in_depth.md#c-using-multiple-cores[0m
[1;94m[*] [0mSetting up output directories...[0m
[1;94m[*] [0mChecking CPU core loadout...[0m
[1;92m[+] [0mFound a free CPU core, try binding to #5.[0m
[1;94m[*] [0mScanning 'our-indir'...[0m
[1;92m[+] [0mLoaded a total of 1 seeds.[0m
[1;94m[*] [0mCreating hard links for all input files...[0m
[1;94m[*] [0mValidating target binary...[0m
[1;94m[*] [0mSpinning up the fork server...[0m
[1;92m[+] [0mAll right - fork server is up.[0m
[1;94m[*] [0mTarget map size: 73[0m
[1;94m[*] [0mNo auto-generated dictionary tokens to reuse.[0m
[1;94m[*] [0mLoading extra dictionary from 'our-inputs.dict' (level 0)...[0m
[1;94m[*] [0mLoaded 80 extra tokens, size range 4 B to 6 B.[0m
[1;92m[+] [0mLoaded a total of 6 extras.[0m
[1;94m[*] [0mAttempting dry run with 'id:000000,time:0,execs:0,orig:variables.txt'...[0m
[1;90m    len = 560, map size = 18, exec speed = 1162 us, hash = 3bfce94389763267
[0m[1;92m[+] [0mAll test cases processed.[0m
[1;92m[+] [0mHere are some useful stats:

[1;90m    Test case count : [0m1 favored, 0 variable, 0 ignored, 1 total
[1;90m       Bitmap range : [0m18 to 18 bits (average: 18.00 bits)
[1;90m        Exec timing : [0m1162 to 1162 us (average: 1162 us)
[0m
[1;94m[*] [0mNo -t option specified, so I'll use an exec timeout of 20 ms.[0m
[1;92m[+] [0mAll set and ready to roll![0m
[1;94m[*] [0mEntering queue cycle 1.[0m
[1;94m[*] [0mFuzzing test case #0 (1 total, 0 crashes saved, state: started :-), mode=explore, perf_score=0, weight=0, favorite=1, was_fuzzed=0, exec_us=1162, hits=0, map=18, ascii=0, run_time=0:00:00:00)...[0m
[1;92m[+] [0mEnabled environment variable AFL_BENCH_UNTIL_CRASH with value 1[0m
[1;92m[+] [0mEnabled environment variable AFL_IGNORE_SEED_PROBLEMS with value 1[0m
[1;92m[+] [0mEnabled environment variable AFL_I_DONT_CARE_ABOUT_MISSING_CRASHES with value 1[0m
[1;92m[+] [0mEnabled environment variable AFL_SKIP_CPUFREQ with value 1[0m
[1;92m[+] [0mEnabled environment variable AFL_TRY_AFFINITY with value 1[0m
[1;93m[!] [1;97mWARNING: [0mPotentially mistyped AFL environment variable: USE_PCM_DB=2, did you mean AFL_USE_PCM_DB=2?[0m
[0;36mafl-fuzz++4.09a[0m based on afl by Michal Zalewski and a large online community
[1;92m[+] [0mAFL++ is maintained by Marc "van Hauser" Heuse, Dominik Maier, Andrea Fioraldi and Heiko "hexcoder" Eißfeldt[0m
[1;92m[+] [0mAFL++ is open source, get it at https://github.com/AFLplusplus/AFLplusplus[0m
[1;92m[+] [0mNOTE: AFL++ >= v3 has changed defaults and behaviours - see README.md[0m
[1;92m[+] [0mNo -M/-S set, autoconfiguring for "-S default"[0m
[1;94m[*] [0mGetting to work...[0m
[1;92m[+] [0mUsing exponential power schedule (FAST)[0m
[1;92m[+] [0mEnabled testcache with 50 MB[0m
[1;92m[+] [0mGenerating fuzz data with a length of min=1 max=1048576[0m
[1;94m[*] [0mChecking core_pattern...[0m

[1;91m[-] [0mHmm, your system is configured to send core dump notifications to an
    external utility. This will cause issues: there will be an extended delay
    between stumbling upon a crash and having this information relayed to the
    fuzzer via the standard waitpid() API.
    If you're just testing, set 'AFL_I_DONT_CARE_ABOUT_MISSING_CRASHES=1'.

    To avoid having crashes misinterpreted as timeouts, please log in as root
    and temporarily modify /proc/sys/kernel/core_pattern, like so:

    echo core >/proc/sys/kernel/core_pattern
[1;92m[+] [0mLooks like we're not running on a tty, so I'll be a bit less verbose.[0m
[1;92m[+] [0mYou have 36 CPU cores and 6 runnable tasks (utilization: 17%).[0m
[1;92m[+] [0mTry parallel jobs - see /usr/local/share/doc/afl/fuzzing_in_depth.md#c-using-multiple-cores[0m
[1;94m[*] [0mSetting up output directories...[0m
[1;94m[*] [0mChecking CPU core loadout...[0m
[1;92m[+] [0mFound a free CPU core, try binding to #0.[0m
[1;94m[*] [0mScanning 'afl-indir'...[0m
[1;92m[+] [0mLoaded a total of 1 seeds.[0m
[1;94m[*] [0mCreating hard links for all input files...[0m
[1;94m[*] [0mValidating target binary...[0m
[1;94m[*] [0mSpinning up the fork server...[0m
[1;92m[+] [0mAll right - fork server is up.[0m
[1;94m[*] [0mTarget map size: 73[0m
[1;94m[*] [0mNo auto-generated dictionary tokens to reuse.[0m
[1;94m[*] [0mLoading extra dictionary from 'afl-inputs.dict' (level 0)...[0m
[1;94m[*] [0mLoaded 80 extra tokens, size range 4 B to 6 B.[0m
[1;92m[+] [0mLoaded a total of 6 extras.[0m
[1;94m[*] [0mAttempting dry run with 'id:000000,time:0,execs:0,orig:testcase.txt'...[0m
[1;90m    len = 3, map size = 17, exec speed = 9044 us, hash = 132a48609fb7abee
[0m[1;92m[+] [0mAll test cases processed.[0m
[1;92m[+] [0mHere are some useful stats:

[1;90m    Test case count : [0m1 favored, 0 variable, 0 ignored, 1 total
[1;90m       Bitmap range : [0m17 to 17 bits (average: 17.00 bits)
[1;90m        Exec timing : [0m9044 to 9044 us (average: 9044 us)
[0m
[1;94m[*] [0mNo -t option specified, so I'll use an exec timeout of 60 ms.[0m
[1;92m[+] [0mAll set and ready to roll![0m
[1;94m[*] [0mEntering queue cycle 1.[0m
[1;94m[*] [0mFuzzing test case #0 (1 total, 0 crashes saved, state: started :-), mode=explore, perf_score=0, weight=0, favorite=1, was_fuzzed=0, exec_us=9044, hits=0, map=17, ascii=0, run_time=0:00:00:00)...[0m
[1;94m[*] [0mFuzzing test case #0 (1 total, 0 crashes saved, state: started :-), mode=explore, perf_score=459, weight=10, favorite=1, was_fuzzed=1, exec_us=9044, hits=0, map=17, ascii=0, run_time=0:00:00:00)...[0m
[1;94m[*] [0mFuzzing test case #13 (14 total, 0 crashes saved, state: started :-), mode=explore, perf_score=0, weight=0, favorite=1, was_fuzzed=0, exec_us=5808, hits=4, map=19, ascii=0, run_time=0:00:00:43)...[0m
[1;94m[*] [0mFuzzing test case #2 (14 total, 0 crashes saved, state: started :-), mode=explore, perf_score=100, weight=6, favorite=1, was_fuzzed=0, exec_us=5670, hits=100, map=17, ascii=0, run_time=0:00:00:43)...[0m
[1;94m[*] [0mFuzzing test case #12 (15 total, 0 crashes saved, state: started :-), mode=explore, perf_score=100, weight=11, favorite=1, was_fuzzed=0, exec_us=5414, hits=10, map=19, ascii=0, run_time=0:00:00:45)...[0m
[1;94m[*] [0mFuzzing test case #14 (17 total, 0 crashes saved, state: started :-), mode=explore, perf_score=100, weight=18, favorite=1, was_fuzzed=0, exec_us=5744, hits=1, map=19, ascii=0, run_time=0:00:00:49)...[0m
[1;94m[*] [0mFuzzing test case #2 (17 total, 0 crashes saved, state: started :-), mode=explore, perf_score=114, weight=23, favorite=1, was_fuzzed=1, exec_us=5670, hits=139, map=17, ascii=0, run_time=0:00:00:51)...[0m
[1;94m[*] [0mFuzzing test case #0 (18 total, 0 crashes saved, state: started :-), mode=explore, perf_score=345, weight=6, favorite=1, was_fuzzed=1, exec_us=9044, hits=0, map=17, ascii=0, run_time=0:00:00:53)...[0m
[1;94m[*] [0mFuzzing test case #14 (18 total, 0 crashes saved, state: started :-), mode=explore, perf_score=345, weight=5, favorite=1, was_fuzzed=1, exec_us=5744, hits=8, map=19, ascii=0, run_time=0:00:00:55)...[0m
[1;94m[*] [0mFuzzing test case #2 (19 total, 0 crashes saved, state: started :-), mode=explore, perf_score=114, weight=24, favorite=1, was_fuzzed=1, exec_us=5670, hits=175, map=17, ascii=0, run_time=0:00:01:01)...[0m
[1;94m[*] [0mFuzzing test case #2 (19 total, 0 crashes saved, state: started :-), mode=explore, perf_score=114, weight=24, favorite=1, was_fuzzed=1, exec_us=5670, hits=186, map=17, ascii=0, run_time=0:00:01:03)...[0m
[1;94m[*] [0mFuzzing test case #19 (20 total, 0 crashes saved, state: started :-), mode=explore, perf_score=0, weight=0, favorite=1, was_fuzzed=0, exec_us=5710, hits=1, map=22, ascii=0, run_time=0:00:01:05)...[0m
[1;94m[*] [0mFuzzing test case #2 (20 total, 0 crashes saved, state: started :-), mode=explore, perf_score=114, weight=22, favorite=1, was_fuzzed=1, exec_us=5670, hits=208, map=17, ascii=0, run_time=0:00:01:05)...[0m
[1;94m[*] [0mFuzzing test case #19 (21 total, 0 crashes saved, state: started :-), mode=explore, perf_score=459, weight=19, favorite=1, was_fuzzed=1, exec_us=5710, hits=1, map=22, ascii=0, run_time=0:00:01:07)...[0m
[1;94m[*] [0mFuzzing test case #24 (25 total, 0 crashes saved, state: started :-), mode=explore, perf_score=0, weight=0, favorite=1, was_fuzzed=0, exec_us=4924, hits=1, map=21, ascii=0, run_time=0:00:01:21)...[0m
[1;94m[*] [0mFuzzing test case #23 (25 total, 0 crashes saved, state: started :-), mode=explore, perf_score=200, weight=23, favorite=1, was_fuzzed=0, exec_us=4903, hits=1, map=21, ascii=0, run_time=0:00:01:21)...[0m
[1;94m[*] [0mFuzzing test case #29 (39 total, 0 crashes saved, state: started :-), mode=explore, perf_score=0, weight=0, favorite=1, was_fuzzed=0, exec_us=4896, hits=2, map=20, ascii=0, run_time=0:00:02:30)...[0m
[1;94m[*] [0mFuzzing test case #38 (39 total, 0 crashes saved, state: started :-), mode=explore, perf_score=200, weight=26, favorite=1, was_fuzzed=0, exec_us=4895, hits=1, map=20, ascii=0, run_time=0:00:02:31)...[0m
[1;94m[*] [0mFuzzing test case #32 (40 total, 0 crashes saved, state: started :-), mode=explore, perf_score=200, weight=17, favorite=1, was_fuzzed=0, exec_us=4781, hits=5, map=21, ascii=0, run_time=0:00:02:35)...[0m
[1;94m[*] [0mFuzzing test case #32 (41 total, 0 crashes saved, state: started :-), mode=explore, perf_score=459, weight=6, favorite=1, was_fuzzed=1, exec_us=4781, hits=23, map=21, ascii=0, run_time=0:00:02:38)...[0m
[1;94m[*] [0mFuzzing test case #24 (43 total, 0 crashes saved, state: started :-), mode=explore, perf_score=919, weight=23, favorite=1, was_fuzzed=1, exec_us=4924, hits=2, map=21, ascii=0, run_time=0:00:02:46)...[0m
[1;94m[*] [0mFuzzing test case #0 (44 total, 0 crashes saved, state: started :-), mode=explore, perf_score=345, weight=7, favorite=1, was_fuzzed=1, exec_us=9044, hits=0, map=17, ascii=0, run_time=0:00:02:59)...[0m
[1;94m[*] [0mFuzzing test case #2 (44 total, 0 crashes saved, state: started :-), mode=explore, perf_score=114, weight=34, favorite=1, was_fuzzed=1, exec_us=5670, hits=300, map=17, ascii=0, run_time=0:00:03:01)...[0m
[1;94m[*] [0mFuzzing test case #2 (45 total, 0 crashes saved, state: started :-), mode=explore, perf_score=114, weight=34, favorite=1, was_fuzzed=1, exec_us=5670, hits=341, map=17, ascii=0, run_time=0:00:03:03)...[0m
[1;94m[*] [0mFuzzing test case #13 (45 total, 0 crashes saved, state: started :-), mode=explore, perf_score=345, weight=6, favorite=1, was_fuzzed=1, exec_us=5808, hits=9, map=19, ascii=0, run_time=0:00:03:05)...[0m
[1;94m[*] [0mFuzzing test case #24 (45 total, 0 crashes saved, state: started :-), mode=explore, perf_score=229, weight=9, favorite=1, was_fuzzed=1, exec_us=4924, hits=253, map=21, ascii=0, run_time=0:00:03:09)...[0m
[1;94m[*] [0mFuzzing test case #23 (45 total, 0 crashes saved, state: started :-), mode=explore, perf_score=229, weight=4, favorite=1, was_fuzzed=1, exec_us=4903, hits=505, map=21, ascii=0, run_time=0:00:03:12)...[0m
[1;94m[*] [0mFuzzing test case #19 (45 total, 0 crashes saved, state: started :-), mode=explore, perf_score=114, weight=4, favorite=1, was_fuzzed=1, exec_us=5710, hits=160, map=22, ascii=0, run_time=0:00:03:15)...[0m
[1;94m[*] [0mFuzzing test case #0 (45 total, 0 crashes saved, state: started :-), mode=explore, perf_score=345, weight=7, favorite=1, was_fuzzed=1, exec_us=9044, hits=0, map=17, ascii=0, run_time=0:00:03:16)...[0m
[1;94m[*] [0mFuzzing test case #24 (45 total, 0 crashes saved, state: started :-), mode=explore, perf_score=229, weight=9, favorite=1, was_fuzzed=1, exec_us=4924, hits=272, map=21, ascii=0, run_time=0:00:03:18)...[0m
[1;94m[*] [0mFuzzing test case #24 (45 total, 0 crashes saved, state: started :-), mode=explore, perf_score=229, weight=9, favorite=1, was_fuzzed=1, exec_us=4924, hits=296, map=21, ascii=0, run_time=0:00:03:20)...[0m
[1;94m[*] [0mFuzzing test case #23 (46 total, 0 crashes saved, state: started :-), mode=explore, perf_score=229, weight=4, favorite=1, was_fuzzed=1, exec_us=4903, hits=515, map=21, ascii=0, run_time=0:00:03:23)...[0m
[1;94m[*] [0mFuzzing test case #32 (46 total, 0 crashes saved, state: started :-), mode=explore, perf_score=229, weight=5, favorite=1, was_fuzzed=1, exec_us=4781, hits=50, map=21, ascii=0, run_time=0:00:03:27)...[0m
[1;94m[*] [0mFuzzing test case #2 (47 total, 0 crashes saved, state: started :-), mode=explore, perf_score=114, weight=35, favorite=1, was_fuzzed=1, exec_us=5670, hits=412, map=17, ascii=0, run_time=0:00:03:29)...[0m
[1;94m[*] [0mFuzzing test case #0 (47 total, 0 crashes saved, state: started :-), mode=explore, perf_score=345, weight=7, favorite=1, was_fuzzed=1, exec_us=9044, hits=0, map=17, ascii=0, run_time=0:00:03:31)...[0m
[1;94m[*] [0mFuzzing test case #2 (47 total, 0 crashes saved, state: started :-), mode=explore, perf_score=114, weight=35, favorite=1, was_fuzzed=1, exec_us=5670, hits=439, map=17, ascii=0, run_time=0:00:03:32)...[0m
[1;94m[*] [0mFuzzing test case #38 (47 total, 0 crashes saved, state: started :-), mode=explore, perf_score=229, weight=6, favorite=1, was_fuzzed=1, exec_us=4895, hits=35, map=20, ascii=0, run_time=0:00:03:33)...[0m
[1;94m[*] [0mFuzzing test case #2 (47 total, 0 crashes saved, state: started :-), mode=explore, perf_score=114, weight=35, favorite=1, was_fuzzed=1, exec_us=5670, hits=485, map=17, ascii=0, run_time=0:00:03:36)...[0m
[1;94m[*] [0mFuzzing test case #2 (47 total, 0 crashes saved, state: started :-), mode=explore, perf_score=114, weight=35, favorite=1, was_fuzzed=1, exec_us=5670, hits=496, map=17, ascii=0, run_time=0:00:03:37)...[0m
[1;94m[*] [0mFuzzing test case #0 (47 total, 0 crashes saved, state: started :-), mode=explore, perf_score=345, weight=7, favorite=1, was_fuzzed=1, exec_us=9044, hits=0, map=17, ascii=0, run_time=0:00:03:39)...[0m
[1;94m[*] [0mFuzzing test case #2 (47 total, 0 crashes saved, state: started :-), mode=explore, perf_score=114, weight=35, favorite=1, was_fuzzed=1, exec_us=5670, hits=519, map=17, ascii=0, run_time=0:00:03:40)...[0m
[1;94m[*] [0mFuzzing test case #29 (47 total, 0 crashes saved, state: started :-), mode=explore, perf_score=459, weight=6, favorite=1, was_fuzzed=1, exec_us=4896, hits=24, map=20, ascii=0, run_time=0:00:03:41)...[0m
[1;94m[*] [0mFuzzing test case #2 (47 total, 0 crashes saved, state: started :-), mode=explore, perf_score=114, weight=35, favorite=1, was_fuzzed=1, exec_us=5670, hits=547, map=17, ascii=0, run_time=0:00:03:47)...[0m
[1;94m[*] [0mFuzzing test case #19 (48 total, 0 crashes saved, state: started :-), mode=explore, perf_score=114, weight=4, favorite=1, was_fuzzed=1, exec_us=5710, hits=177, map=22, ascii=0, run_time=0:00:03:48)...[0m
[1;94m[*] [0mFuzzing test case #0 (48 total, 0 crashes saved, state: started :-), mode=explore, perf_score=345, weight=7, favorite=1, was_fuzzed=1, exec_us=9044, hits=0, map=17, ascii=0, run_time=0:00:03:50)...[0m
[1;94m[*] [0mFuzzing test case #29 (48 total, 0 crashes saved, state: started :-), mode=explore, perf_score=229, weight=4, favorite=1, was_fuzzed=1, exec_us=4896, hits=177, map=20, ascii=0, run_time=0:00:03:51)...[0m
[1;94m[*] [0mFuzzing test case #23 (48 total, 0 crashes saved, state: started :-), mode=explore, perf_score=229, weight=4, favorite=1, was_fuzzed=1, exec_us=4903, hits=521, map=21, ascii=0, run_time=0:00:03:54)...[0m
[1;94m[*] [0mFuzzing test case #2 (48 total, 0 crashes saved, state: started :-), mode=explore, perf_score=114, weight=34, favorite=1, was_fuzzed=1, exec_us=5670, hits=595, map=17, ascii=0, run_time=0:00:03:57)...[0m
[1;94m[*] [0mFuzzing test case #32 (48 total, 0 crashes saved, state: started :-), mode=explore, perf_score=229, weight=5, favorite=1, was_fuzzed=1, exec_us=4781, hits=74, map=21, ascii=0, run_time=0:00:03:58)...[0m
[1;94m[*] [0mFuzzing test case #2 (48 total, 0 crashes saved, state: started :-), mode=explore, perf_score=114, weight=34, favorite=1, was_fuzzed=1, exec_us=5670, hits=655, map=17, ascii=0, run_time=0:00:04:01)...[0m
[1;94m[*] [0mFuzzing test case #2 (48 total, 0 crashes saved, state: started :-), mode=explore, perf_score=114, weight=34, favorite=1, was_fuzzed=1, exec_us=5670, hits=671, map=17, ascii=0, run_time=0:00:04:02)...[0m
[1;94m[*] [0mFuzzing test case #24 (48 total, 0 crashes saved, state: started :-), mode=explore, perf_score=229, weight=9, favorite=1, was_fuzzed=1, exec_us=4924, hits=339, map=21, ascii=0, run_time=0:00:04:03)...[0m
[1;94m[*] [0mFuzzing test case #14 (49 total, 0 crashes saved, state: started :-), mode=explore, perf_score=114, weight=5, favorite=1, was_fuzzed=1, exec_us=5744, hits=41, map=19, ascii=0, run_time=0:00:04:06)...[0m
[1;94m[*] [0mFuzzing test case #2 (49 total, 0 crashes saved, state: started :-), mode=explore, perf_score=114, weight=33, favorite=1, was_fuzzed=1, exec_us=5670, hits=733, map=17, ascii=0, run_time=0:00:04:08)...[0m
[1;94m[*] [0mFuzzing test case #32 (49 total, 0 crashes saved, state: started :-), mode=explore, perf_score=229, weight=5, favorite=1, was_fuzzed=1, exec_us=4781, hits=96, map=21, ascii=0, run_time=0:00:04:09)...[0m
[1;94m[*] [0mEntering queue cycle 2.[0m
[1;94m[*] [0mFuzzing test case #23 (49 total, 0 crashes saved, state: started :-), mode=explore, perf_score=229, weight=4, favorite=1, was_fuzzed=1, exec_us=4903, hits=555, map=21, ascii=0, run_time=0:00:04:12)...[0m
[1;94m[*] [0mFuzzing test case #2 (49 total, 0 crashes saved, state: started :-), mode=explore, perf_score=114, weight=33, favorite=1, was_fuzzed=1, exec_us=5670, hits=761, map=17, ascii=0, run_time=0:00:04:15)...[0m
[1;94m[*] [0mFuzzing test case #38 (49 total, 0 crashes saved, state: started :-), mode=explore, perf_score=229, weight=5, favorite=1, was_fuzzed=1, exec_us=4895, hits=93, map=20, ascii=0, run_time=0:00:04:16)...[0m
[1;94m[*] [0mFuzzing test case #24 (49 total, 0 crashes saved, state: started :-), mode=explore, perf_score=229, weight=9, favorite=1, was_fuzzed=1, exec_us=4924, hits=347, map=21, ascii=0, run_time=0:00:04:19)...[0m
[1;94m[*] [0mFuzzing test case #19 (49 total, 0 crashes saved, state: started :-), mode=explore, perf_score=114, weight=4, favorite=1, was_fuzzed=1, exec_us=5710, hits=207, map=22, ascii=0, run_time=0:00:04:22)...[0m
[1;94m[*] [0mFuzzing test case #23 (49 total, 0 crashes saved, state: started :-), mode=explore, perf_score=229, weight=4, favorite=1, was_fuzzed=1, exec_us=4903, hits=583, map=21, ascii=0, run_time=0:00:04:23)...[0m
[1;94m[*] [0mFuzzing test case #1 (49 total, 0 crashes saved, state: started :-), mode=explore, perf_score=100, weight=1, favorite=0, was_fuzzed=0, exec_us=5437, hits=2221, map=18, ascii=0, run_time=0:00:04:26)...[0m
[1;94m[*] [0mFuzzing test case #1 (49 total, 0 crashes saved, state: started :-), mode=explore, perf_score=114, weight=33, favorite=1, was_fuzzed=1, exec_us=5437, hits=2274, map=18, ascii=0, run_time=0:00:04:27)...[0m
[1;94m[*] [0mFuzzing test case #1 (50 total, 0 crashes saved, state: started :-), mode=explore, perf_score=114, weight=34, favorite=1, was_fuzzed=1, exec_us=5437, hits=2323, map=18, ascii=0, run_time=0:00:04:28)...[0m
[1;94m[*] [0mFuzzing test case #24 (50 total, 0 crashes saved, state: started :-), mode=explore, perf_score=229, weight=9, favorite=1, was_fuzzed=1, exec_us=4924, hits=382, map=21, ascii=0, run_time=0:00:04:30)...[0m
[1;94m[*] [0mFuzzing test case #24 (50 total, 0 crashes saved, state: started :-), mode=explore, perf_score=229, weight=9, favorite=1, was_fuzzed=1, exec_us=4924, hits=444, map=21, ascii=0, run_time=0:00:04:33)...[0m
[1;94m[*] [0mFuzzing test case #49 (50 total, 0 crashes saved, state: started :-), mode=explore, perf_score=200, weight=2, favorite=0, was_fuzzed=0, exec_us=4408, hits=13, map=20, ascii=0, run_time=0:00:04:35)...[0m
[1;94m[*] [0mFuzzing test case #1 (50 total, 0 crashes saved, state: started :-), mode=explore, perf_score=114, weight=33, favorite=1, was_fuzzed=1, exec_us=5437, hits=2397, map=18, ascii=0, run_time=0:00:04:38)...[0m
[1;94m[*] [0mFuzzing test case #24 (50 total, 0 crashes saved, state: started :-), mode=explore, perf_score=229, weight=9, favorite=1, was_fuzzed=1, exec_us=4924, hits=514, map=21, ascii=0, run_time=0:00:04:39)...[0m
[1;94m[*] [0mFuzzing test case #1 (50 total, 0 crashes saved, state: started :-), mode=explore, perf_score=114, weight=33, favorite=1, was_fuzzed=1, exec_us=5437, hits=2469, map=18, ascii=0, run_time=0:00:04:42)...[0m
[1;94m[*] [0mFuzzing test case #38 (50 total, 0 crashes saved, state: started :-), mode=explore, perf_score=229, weight=5, favorite=1, was_fuzzed=1, exec_us=4895, hits=108, map=20, ascii=0, run_time=0:00:04:44)...[0m
[1;94m[*] [0mFuzzing test case #6 (50 total, 0 crashes saved, state: started :-), mode=explore, perf_score=100, weight=0, favorite=0, was_fuzzed=0, exec_us=5502, hits=1500, map=19, ascii=0, run_time=0:00:04:47)...[0m
[1;94m[*] [0mFuzzing test case #1 (50 total, 0 crashes saved, state: started :-), mode=explore, perf_score=114, weight=33, favorite=1, was_fuzzed=1, exec_us=5437, hits=2545, map=18, ascii=0, run_time=0:00:04:48)...[0m
[1;94m[*] [0mFuzzing test case #1 (50 total, 0 crashes saved, state: started :-), mode=explore, perf_score=114, weight=33, favorite=1, was_fuzzed=1, exec_us=5437, hits=2587, map=18, ascii=0, run_time=0:00:04:49)...[0m
[1;94m[*] [0mFuzzing test case #31 (50 total, 0 crashes saved, state: started :-), mode=explore, perf_score=200, weight=1, favorite=0, was_fuzzed=0, exec_us=4770, hits=28, map=22, ascii=0, run_time=0:00:04:50)...[0m
[1;94m[*] [0mFuzzing test case #12 (50 total, 0 crashes saved, state: started :-), mode=explore, perf_score=114, weight=4, favorite=1, was_fuzzed=1, exec_us=5414, hits=145, map=19, ascii=0, run_time=0:00:04:53)...[0m
[1;94m[*] [0mFuzzing test case #32 (50 total, 0 crashes saved, state: started :-), mode=explore, perf_score=229, weight=5, favorite=1, was_fuzzed=1, exec_us=4781, hits=165, map=21, ascii=0, run_time=0:00:04:54)...[0m
[1;94m[*] [0mFuzzing test case #24 (50 total, 0 crashes saved, state: started :-), mode=explore, perf_score=229, weight=9, favorite=1, was_fuzzed=1, exec_us=4924, hits=527, map=21, ascii=0, run_time=0:00:04:57)...[0m
[1;94m[*] [0mFuzzing test case #1 (50 total, 0 crashes saved, state: in progress, mode=explore, perf_score=114, weight=33, favorite=1, was_fuzzed=1, exec_us=5437, hits=2742, map=18, ascii=0, run_time=0:00:05:00)...[0m
[1;94m[*] [0mFuzzing test case #14 (50 total, 0 crashes saved, state: in progress, mode=explore, perf_score=114, weight=5, favorite=1, was_fuzzed=1, exec_us=5744, hits=46, map=19, ascii=0, run_time=0:00:05:01)...[0m
[1;94m[*] [0mFuzzing test case #1 (50 total, 0 crashes saved, state: in progress, mode=explore, perf_score=114, weight=33, favorite=1, was_fuzzed=1, exec_us=5437, hits=2778, map=18, ascii=0, run_time=0:00:05:03)...[0m
[1;94m[*] [0mFuzzing test case #1 (50 total, 0 crashes saved, state: in progress, mode=explore, perf_score=114, weight=33, favorite=1, was_fuzzed=1, exec_us=5437, hits=2813, map=18, ascii=0, run_time=0:00:05:04)...[0m
[1;94m[*] [0mFuzzing test case #11 (50 total, 0 crashes saved, state: in progress, mode=explore, perf_score=100, weight=0, favorite=0, was_fuzzed=0, exec_us=5355, hits=168, map=18, ascii=0, run_time=0:00:05:06)...[0m
[1;94m[*] [0mFuzzing test case #23 (51 total, 0 crashes saved, state: in progress, mode=explore, perf_score=229, weight=4, favorite=1, was_fuzzed=1, exec_us=4903, hits=648, map=21, ascii=0, run_time=0:00:05:07)...[0m
[1;94m[*] [0mFuzzing test case #1 (51 total, 0 crashes saved, state: in progress, mode=explore, perf_score=114, weight=33, favorite=1, was_fuzzed=1, exec_us=5437, hits=2849, map=18, ascii=0, run_time=0:00:05:10)...[0m
[1;94m[*] [0mFuzzing test case #24 (52 total, 0 crashes saved, state: in progress, mode=explore, perf_score=229, weight=9, favorite=1, was_fuzzed=1, exec_us=4924, hits=533, map=21, ascii=0, run_time=0:00:05:11)...[0m
[1;94m[*] [0mFuzzing test case #14 (52 total, 0 crashes saved, state: in progress, mode=explore, perf_score=114, weight=5, favorite=1, was_fuzzed=1, exec_us=5744, hits=55, map=19, ascii=0, run_time=0:00:05:14)...[0m
[1;94m[*] [0mFuzzing test case #1 (52 total, 0 crashes saved, state: in progress, mode=explore, perf_score=114, weight=34, favorite=1, was_fuzzed=1, exec_us=5437, hits=2907, map=18, ascii=0, run_time=0:00:05:15)...[0m
[1;94m[*] [0mFuzzing test case #1 (52 total, 0 crashes saved, state: in progress, mode=explore, perf_score=114, weight=34, favorite=1, was_fuzzed=1, exec_us=5437, hits=2971, map=18, ascii=0, run_time=0:00:05:17)...[0m
[1;94m[*] [0mFuzzing test case #32 (52 total, 0 crashes saved, state: in progress, mode=explore, perf_score=229, weight=5, favorite=1, was_fuzzed=1, exec_us=4781, hits=197, map=21, ascii=0, run_time=0:00:05:18)...[0m
[1;94m[*] [0mFuzzing test case #1 (52 total, 0 crashes saved, state: in progress, mode=explore, perf_score=114, weight=34, favorite=1, was_fuzzed=1, exec_us=5437, hits=3038, map=18, ascii=0, run_time=0:00:05:21)...[0m
[1;94m[*] [0mFuzzing test case #13 (52 total, 0 crashes saved, state: in progress, mode=explore, perf_score=114, weight=4, favorite=1, was_fuzzed=1, exec_us=5808, hits=61, map=19, ascii=0, run_time=0:00:05:22)...[0m
[1;94m[*] [0mFuzzing test case #1 (52 total, 0 crashes saved, state: in progress, mode=explore, perf_score=114, weight=34, favorite=1, was_fuzzed=1, exec_us=5437, hits=3100, map=18, ascii=0, run_time=0:00:05:23)...[0m
[1;94m[*] [0mFuzzing test case #23 (52 total, 0 crashes saved, state: in progress, mode=explore, perf_score=229, weight=4, favorite=1, was_fuzzed=1, exec_us=4903, hits=668, map=21, ascii=0, run_time=0:00:05:25)...[0m
[1;94m[*] [0mFuzzing test case #32 (52 total, 0 crashes saved, state: in progress, mode=explore, perf_score=229, weight=5, favorite=1, was_fuzzed=1, exec_us=4781, hits=284, map=21, ascii=0, run_time=0:00:05:28)...[0m
[1;94m[*] [0mFuzzing test case #38 (52 total, 0 crashes saved, state: in progress, mode=explore, perf_score=229, weight=5, favorite=1, was_fuzzed=1, exec_us=4895, hits=130, map=20, ascii=0, run_time=0:00:05:30)...[0m
[1;94m[*] [0mFuzzing test case #1 (52 total, 0 crashes saved, state: in progress, mode=explore, perf_score=114, weight=34, favorite=1, was_fuzzed=1, exec_us=5437, hits=3183, map=18, ascii=0, run_time=0:00:05:33)...[0m
[1;94m[*] [0mFuzzing test case #24 (52 total, 0 crashes saved, state: in progress, mode=explore, perf_score=229, weight=9, favorite=1, was_fuzzed=1, exec_us=4924, hits=569, map=21, ascii=0, run_time=0:00:05:35)...[0m
[1;94m[*] [0mFuzzing test case #1 (52 total, 0 crashes saved, state: in progress, mode=explore, perf_score=114, weight=34, favorite=1, was_fuzzed=1, exec_us=5437, hits=3225, map=18, ascii=0, run_time=0:00:05:37)...[0m
[1;94m[*] [0mFuzzing test case #1 (52 total, 0 crashes saved, state: in progress, mode=explore, perf_score=114, weight=34, favorite=1, was_fuzzed=1, exec_us=5437, hits=3273, map=18, ascii=0, run_time=0:00:05:39)...[0m
[1;94m[*] [0mFuzzing test case #24 (52 total, 0 crashes saved, state: in progress, mode=explore, perf_score=229, weight=9, favorite=1, was_fuzzed=1, exec_us=4924, hits=615, map=21, ascii=0, run_time=0:00:05:40)...[0m
[1;94m[*] [0mFuzzing test case #1 (52 total, 0 crashes saved, state: in progress, mode=explore, perf_score=114, weight=34, favorite=1, was_fuzzed=1, exec_us=5437, hits=3323, map=18, ascii=0, run_time=0:00:05:43)...[0m
[1;94m[*] [0mFuzzing test case #24 (52 total, 0 crashes saved, state: in progress, mode=explore, perf_score=229, weight=9, favorite=1, was_fuzzed=1, exec_us=4924, hits=674, map=21, ascii=0, run_time=0:00:05:45)...[0m
[1;94m[*] [0mFuzzing test case #1 (52 total, 0 crashes saved, state: in progress, mode=explore, perf_score=114, weight=34, favorite=1, was_fuzzed=1, exec_us=5437, hits=3361, map=18, ascii=0, run_time=0:00:05:47)...[0m
[1;94m[*] [0mFuzzing test case #1 (52 total, 0 crashes saved, state: in progress, mode=explore, perf_score=114, weight=34, favorite=1, was_fuzzed=1, exec_us=5437, hits=3421, map=18, ascii=0, run_time=0:00:05:49)...[0m
[1;94m[*] [0mFuzzing test case #1 (52 total, 0 crashes saved, state: in progress, mode=explore, perf_score=114, weight=34, favorite=1, was_fuzzed=1, exec_us=5437, hits=3440, map=18, ascii=0, run_time=0:00:05:50)...[0m
[1;94m[*] [0mFuzzing test case #27 (52 total, 0 crashes saved, state: in progress, mode=explore, perf_score=200, weight=1, favorite=0, was_fuzzed=0, exec_us=4915, hits=140, map=19, ascii=0, run_time=0:00:05:51)...[0m
[1;94m[*] [0mFuzzing test case #24 (52 total, 0 crashes saved, state: in progress, mode=explore, perf_score=229, weight=9, favorite=1, was_fuzzed=1, exec_us=4924, hits=742, map=21, ascii=0, run_time=0:00:05:54)...[0m
[1;94m[*] [0mFuzzing test case #32 (52 total, 0 crashes saved, state: in progress, mode=explore, perf_score=229, weight=4, favorite=1, was_fuzzed=1, exec_us=4781, hits=324, map=21, ascii=0, run_time=0:00:05:57)...[0m
[1;94m[*] [0mEntering queue cycle 3.[0m
[1;94m[*] [0mFuzzing test case #32 (52 total, 0 crashes saved, state: in progress, mode=explore, perf_score=229, weight=4, favorite=1, was_fuzzed=1, exec_us=4781, hits=408, map=21, ascii=0, run_time=0:00:06:00)...[0m
[1;94m[*] [0mFuzzing test case #24 (52 total, 0 crashes saved, state: in progress, mode=explore, perf_score=229, weight=9, favorite=1, was_fuzzed=1, exec_us=4924, hits=768, map=21, ascii=0, run_time=0:00:06:02)...[0m
[1;94m[*] [0mFuzzing test case #1 (52 total, 0 crashes saved, state: in progress, mode=explore, perf_score=114, weight=33, favorite=1, was_fuzzed=1, exec_us=5437, hits=3574, map=18, ascii=0, run_time=0:00:06:05)...[0m
[1;94m[*] [0mFuzzing test case #1 (52 total, 0 crashes saved, state: in progress, mode=explore, perf_score=114, weight=33, favorite=1, was_fuzzed=1, exec_us=5437, hits=3600, map=18, ascii=0, run_time=0:00:06:07)...[0m
[1;94m[*] [0mFuzzing test case #1 (52 total, 0 crashes saved, state: in progress, mode=explore, perf_score=114, weight=33, favorite=1, was_fuzzed=1, exec_us=5437, hits=3658, map=18, ascii=0, run_time=0:00:06:08)...[0m
[1;94m[*] [0mFuzzing test case #19 (52 total, 0 crashes saved, state: in progress, mode=explore, perf_score=114, weight=4, favorite=1, was_fuzzed=1, exec_us=5710, hits=288, map=22, ascii=0, run_time=0:00:06:09)...[0m
[1;94m[*] [0mFuzzing test case #13 (52 total, 0 crashes saved, state: in progress, mode=explore, perf_score=114, weight=4, favorite=1, was_fuzzed=1, exec_us=5808, hits=73, map=19, ascii=0, run_time=0:00:06:11)...[0m
[1;94m[*] [0mFuzzing test case #32 (52 total, 0 crashes saved, state: in progress, mode=explore, perf_score=229, weight=4, favorite=1, was_fuzzed=1, exec_us=4781, hits=433, map=21, ascii=0, run_time=0:00:06:12)...[0m
[1;94m[*] [0mFuzzing test case #1 (52 total, 0 crashes saved, state: in progress, mode=explore, perf_score=114, weight=33, favorite=1, was_fuzzed=1, exec_us=5437, hits=3716, map=18, ascii=0, run_time=0:00:06:15)...[0m
[1;94m[*] [0mFuzzing test case #52 (53 total, 0 crashes saved, state: in progress, mode=explore, perf_score=0, weight=0, favorite=1, was_fuzzed=0, exec_us=4102, hits=1, map=25, ascii=0, run_time=0:00:06:16)...[0m
[1;94m[*] [0mFuzzing test case #29 (53 total, 0 crashes saved, state: in progress, mode=explore, perf_score=229, weight=4, favorite=1, was_fuzzed=1, exec_us=4896, hits=253, map=20, ascii=0, run_time=0:00:06:16)...[0m
[1;94m[*] [0mFuzzing test case #12 (53 total, 0 crashes saved, state: in progress, mode=explore, perf_score=114, weight=4, favorite=1, was_fuzzed=1, exec_us=5414, hits=187, map=19, ascii=0, run_time=0:00:06:19)...[0m
[1;94m[*] [0mFuzzing test case #23 (53 total, 0 crashes saved, state: in progress, mode=explore, perf_score=229, weight=4, favorite=1, was_fuzzed=1, exec_us=4903, hits=677, map=21, ascii=0, run_time=0:00:06:21)...[0m
[1;94m[*] [0mFuzzing test case #13 (53 total, 0 crashes saved, state: in progress, mode=explore, perf_score=114, weight=4, favorite=1, was_fuzzed=1, exec_us=5808, hits=94, map=19, ascii=0, run_time=0:00:06:23)...[0m
[1;94m[*] [0mFuzzing test case #1 (53 total, 0 crashes saved, state: in progress, mode=explore, perf_score=114, weight=32, favorite=1, was_fuzzed=1, exec_us=5437, hits=3806, map=18, ascii=0, run_time=0:00:06:25)...[0m
[1;94m[*] [0mFuzzing test case #29 (53 total, 0 crashes saved, state: in progress, mode=explore, perf_score=229, weight=4, favorite=1, was_fuzzed=1, exec_us=4896, hits=267, map=20, ascii=0, run_time=0:00:06:26)...[0m
[1;94m[*] [0mFuzzing test case #14 (53 total, 0 crashes saved, state: in progress, mode=explore, perf_score=114, weight=4, favorite=1, was_fuzzed=1, exec_us=5744, hits=56, map=19, ascii=0, run_time=0:00:06:29)...[0m
[1;94m[*] [0mFuzzing test case #14 (53 total, 0 crashes saved, state: in progress, mode=explore, perf_score=114, weight=4, favorite=1, was_fuzzed=1, exec_us=5744, hits=57, map=19, ascii=0, run_time=0:00:06:30)...[0m
[1;94m[*] [0mFuzzing test case #24 (53 total, 0 crashes saved, state: in progress, mode=explore, perf_score=229, weight=8, favorite=1, was_fuzzed=1, exec_us=4924, hits=832, map=21, ascii=0, run_time=0:00:06:32)...[0m
[1;94m[*] [0mFuzzing test case #1 (53 total, 0 crashes saved, state: in progress, mode=explore, perf_score=114, weight=32, favorite=1, was_fuzzed=1, exec_us=5437, hits=3889, map=18, ascii=0, run_time=0:00:06:34)...[0m
[1;94m[*] [0mFuzzing test case #1 (54 total, 0 crashes saved, state: in progress, mode=explore, perf_score=114, weight=33, favorite=1, was_fuzzed=1, exec_us=5437, hits=3928, map=18, ascii=0, run_time=0:00:06:36)...[0m
[1;94m[*] [0mFuzzing test case #1 (54 total, 0 crashes saved, state: in progress, mode=explore, perf_score=114, weight=33, favorite=1, was_fuzzed=1, exec_us=5437, hits=3987, map=18, ascii=0, run_time=0:00:06:37)...[0m
[1;94m[*] [0mFuzzing test case #1 (54 total, 0 crashes saved, state: in progress, mode=explore, perf_score=114, weight=33, favorite=1, was_fuzzed=1, exec_us=5437, hits=4042, map=18, ascii=0, run_time=0:00:06:39)...[0m
[1;94m[*] [0mFuzzing test case #29 (54 total, 0 crashes saved, state: in progress, mode=explore, perf_score=229, weight=4, favorite=1, was_fuzzed=1, exec_us=4896, hits=295, map=20, ascii=0, run_time=0:00:06:40)...[0m
[1;94m[*] [0mFuzzing test case #32 (54 total, 0 crashes saved, state: in progress, mode=explore, perf_score=229, weight=4, favorite=1, was_fuzzed=1, exec_us=4781, hits=491, map=21, ascii=0, run_time=0:00:06:43)...[0m
[1;94m[*] [0mFuzzing test case #12 (54 total, 0 crashes saved, state: in progress, mode=explore, perf_score=114, weight=4, favorite=1, was_fuzzed=1, exec_us=5414, hits=202, map=19, ascii=0, run_time=0:00:06:46)...[0m
[1;94m[*] [0mFuzzing test case #52 (54 total, 0 crashes saved, state: in progress, mode=explore, perf_score=345, weight=12, favorite=1, was_fuzzed=1, exec_us=4102, hits=4, map=25, ascii=0, run_time=0:00:06:47)...[0m
[1;94m[*] [0mFuzzing test case #54 (55 total, 0 crashes saved, state: in progress, mode=explore, perf_score=0, weight=0, favorite=1, was_fuzzed=0, exec_us=4266, hits=1, map=25, ascii=0, run_time=0:00:06:53)...[0m
[1;94m[*] [0mFuzzing test case #12 (55 total, 0 crashes saved, state: in progress, mode=explore, perf_score=114, weight=4, favorite=1, was_fuzzed=1, exec_us=5414, hits=223, map=19, ascii=0, run_time=0:00:06:53)...[0m
[1;94m[*] [0mFuzzing test case #24 (55 total, 0 crashes saved, state: in progress, mode=explore, perf_score=229, weight=8, favorite=1, was_fuzzed=1, exec_us=4924, hits=846, map=21, ascii=0, run_time=0:00:06:54)...[0m
[1;94m[*] [0mFuzzing test case #54 (55 total, 0 crashes saved, state: in progress, mode=explore, perf_score=1839, weight=40, favorite=1, was_fuzzed=1, exec_us=4266, hits=1, map=25, ascii=0, run_time=0:00:06:57)...[0m
[1;94m[*] [0mFuzzing test case #53 (58 total, 0 crashes saved, state: in progress, mode=explore, perf_score=100, weight=1, favorite=0, was_fuzzed=0, exec_us=4496, hits=30, map=25, ascii=0, run_time=0:00:07:44)...[0m
[1;94m[*] [0mFuzzing test case #12 (59 total, 0 crashes saved, state: in progress, mode=explore, perf_score=114, weight=4, favorite=1, was_fuzzed=1, exec_us=5414, hits=242, map=19, ascii=0, run_time=0:00:07:46)...[0m
[1;94m[*] [0mFuzzing test case #1 (59 total, 0 crashes saved, state: in progress, mode=explore, perf_score=114, weight=34, favorite=1, was_fuzzed=1, exec_us=5437, hits=4215, map=18, ascii=0, run_time=0:00:07:47)...[0m
[1;94m[*] [0mFuzzing test case #13 (59 total, 0 crashes saved, state: in progress, mode=explore, perf_score=114, weight=4, favorite=1, was_fuzzed=1, exec_us=5808, hits=118, map=19, ascii=0, run_time=0:00:07:48)...[0m
[1;94m[*] [0mFuzzing test case #32 (59 total, 0 crashes saved, state: in progress, mode=explore, perf_score=229, weight=4, favorite=1, was_fuzzed=1, exec_us=4781, hits=517, map=21, ascii=0, run_time=0:00:07:50)...[0m
[1;94m[*] [0mFuzzing test case #54 (59 total, 0 crashes saved, state: in progress, mode=explore, perf_score=229, weight=11, favorite=1, was_fuzzed=1, exec_us=4266, hits=863, map=25, ascii=0, run_time=0:00:07:52)...[0m
[1;94m[*] [0mFuzzing test case #1 (59 total, 0 crashes saved, state: in progress, mode=explore, perf_score=114, weight=34, favorite=1, was_fuzzed=1, exec_us=5437, hits=4301, map=18, ascii=0, run_time=0:00:07:55)...[0m
[1;94m[*] [0mFuzzing test case #24 (59 total, 0 crashes saved, state: in progress, mode=explore, perf_score=229, weight=9, favorite=1, was_fuzzed=1, exec_us=4924, hits=877, map=21, ascii=0, run_time=0:00:07:57)...[0m
[1;94m[*] [0mFuzzing test case #54 (59 total, 0 crashes saved, state: in progress, mode=explore, perf_score=229, weight=11, favorite=1, was_fuzzed=1, exec_us=4266, hits=908, map=25, ascii=0, run_time=0:00:07:59)...[0m
[1;94m[*] [0mFuzzing test case #24 (59 total, 0 crashes saved, state: in progress, mode=explore, perf_score=229, weight=9, favorite=1, was_fuzzed=1, exec_us=4924, hits=882, map=21, ascii=0, run_time=0:00:08:02)...[0m
[1;94m[*] [0mFuzzing test case #24 (59 total, 0 crashes saved, state: in progress, mode=explore, perf_score=229, weight=9, favorite=1, was_fuzzed=1, exec_us=4924, hits=948, map=21, ascii=0, run_time=0:00:08:05)...[0m
[1;94m[*] [0mFuzzing test case #52 (59 total, 0 crashes saved, state: in progress, mode=explore, perf_score=114, weight=7, favorite=1, was_fuzzed=1, exec_us=4102, hits=78, map=25, ascii=0, run_time=0:00:08:08)...[0m
[1;94m[*] [0mFuzzing test case #1 (59 total, 0 crashes saved, state: in progress, mode=explore, perf_score=114, weight=34, favorite=1, was_fuzzed=1, exec_us=5437, hits=4412, map=18, ascii=0, run_time=0:00:08:09)...[0m
[1;94m[*] [0mFuzzing test case #13 (59 total, 0 crashes saved, state: in progress, mode=explore, perf_score=114, weight=4, favorite=1, was_fuzzed=1, exec_us=5808, hits=143, map=19, ascii=0, run_time=0:00:08:10)...[0m
[1;94m[*] [0mFuzzing test case #57 (59 total, 0 crashes saved, state: in progress, mode=explore, perf_score=400, weight=3, favorite=0, was_fuzzed=0, exec_us=4319, hits=6, map=25, ascii=0, run_time=0:00:08:12)...[0m
[1;94m[*] [0mFuzzing test case #1 (59 total, 0 crashes saved, state: in progress, mode=explore, perf_score=114, weight=33, favorite=1, was_fuzzed=1, exec_us=5437, hits=4485, map=18, ascii=0, run_time=0:00:08:17)...[0m
[1;94m[*] [0mFuzzing test case #24 (59 total, 0 crashes saved, state: in progress, mode=explore, perf_score=229, weight=9, favorite=1, was_fuzzed=1, exec_us=4924, hits=955, map=21, ascii=0, run_time=0:00:08:18)...[0m
[1;94m[*] [0mFuzzing test case #13 (59 total, 0 crashes saved, state: in progress, mode=explore, perf_score=114, weight=4, favorite=1, was_fuzzed=1, exec_us=5808, hits=151, map=19, ascii=0, run_time=0:00:08:21)...[0m
[1;94m[*] [0mFuzzing test case #52 (59 total, 0 crashes saved, state: in progress, mode=explore, perf_score=114, weight=7, favorite=1, was_fuzzed=1, exec_us=4102, hits=83, map=25, ascii=0, run_time=0:00:08:22)...[0m
[1;94m[*] [0mFuzzing test case #1 (59 total, 0 crashes saved, state: in progress, mode=explore, perf_score=114, weight=33, favorite=1, was_fuzzed=1, exec_us=5437, hits=4560, map=18, ascii=0, run_time=0:00:08:24)...[0m
[1;94m[*] [0mFuzzing test case #1 (59 total, 0 crashes saved, state: in progress, mode=explore, perf_score=114, weight=33, favorite=1, was_fuzzed=1, exec_us=5437, hits=4597, map=18, ascii=0, run_time=0:00:08:25)...[0m
[1;94m[*] [0mFuzzing test case #1 (59 total, 0 crashes saved, state: in progress, mode=explore, perf_score=114, weight=33, favorite=1, was_fuzzed=1, exec_us=5437, hits=4633, map=18, ascii=0, run_time=0:00:08:27)...[0m
[1;94m[*] [0mFuzzing test case #12 (59 total, 0 crashes saved, state: in progress, mode=explore, perf_score=114, weight=4, favorite=1, was_fuzzed=1, exec_us=5414, hits=259, map=19, ascii=0, run_time=0:00:08:28)...[0m
[1;94m[*] [0mFuzzing test case #14 (59 total, 0 crashes saved, state: in progress, mode=explore, perf_score=114, weight=4, favorite=1, was_fuzzed=1, exec_us=5744, hits=78, map=19, ascii=0, run_time=0:00:08:29)...[0m
[1;94m[*] [0mFuzzing test case #54 (59 total, 0 crashes saved, state: in progress, mode=explore, perf_score=229, weight=11, favorite=1, was_fuzzed=1, exec_us=4266, hits=958, map=25, ascii=0, run_time=0:00:08:31)...[0m
[1;94m[*] [0mFuzzing test case #1 (59 total, 0 crashes saved, state: in progress, mode=explore, perf_score=114, weight=33, favorite=1, was_fuzzed=1, exec_us=5437, hits=4708, map=18, ascii=0, run_time=0:00:08:33)...[0m
[1;94m[*] [0mFuzzing test case #24 (59 total, 0 crashes saved, state: in progress, mode=explore, perf_score=229, weight=9, favorite=1, was_fuzzed=1, exec_us=4924, hits=1007, map=21, ascii=0, run_time=0:00:08:35)...[0m
[1;94m[*] [0mFuzzing test case #55 (59 total, 0 crashes saved, state: in progress, mode=explore, perf_score=200, weight=2, favorite=0, was_fuzzed=0, exec_us=4043, hits=6, map=24, ascii=0, run_time=0:00:08:38)...[0m
[1;94m[*] [0mFuzzing test case #32 (59 total, 0 crashes saved, state: in progress, mode=explore, perf_score=229, weight=4, favorite=1, was_fuzzed=1, exec_us=4781, hits=535, map=21, ascii=0, run_time=0:00:08:40)...[0m
[1;94m[*] [0mFuzzing test case #1 (59 total, 0 crashes saved, state: in progress, mode=explore, perf_score=114, weight=33, favorite=1, was_fuzzed=1, exec_us=5437, hits=4817, map=18, ascii=0, run_time=0:00:08:43)...[0m
[1;94m[*] [0mFuzzing test case #13 (59 total, 0 crashes saved, state: in progress, mode=explore, perf_score=114, weight=4, favorite=1, was_fuzzed=1, exec_us=5808, hits=161, map=19, ascii=0, run_time=0:00:08:44)...[0m
[1;94m[*] [0mFuzzing test case #54 (59 total, 0 crashes saved, state: in progress, mode=explore, perf_score=229, weight=11, favorite=1, was_fuzzed=1, exec_us=4266, hits=992, map=25, ascii=0, run_time=0:00:08:46)...[0m
[1;94m[*] [0mEntering queue cycle 4.[0m
[1;94m[*] [0mFuzzing test case #24 (59 total, 0 crashes saved, state: in progress, mode=explore, perf_score=229, weight=9, favorite=1, was_fuzzed=1, exec_us=4924, hits=1083, map=21, ascii=0, run_time=0:00:08:49)...[0m
[1;94m[*] [0mFuzzing test case #1 (59 total, 0 crashes saved, state: in progress, mode=explore, perf_score=114, weight=33, favorite=1, was_fuzzed=1, exec_us=5437, hits=4877, map=18, ascii=0, run_time=0:00:08:51)...[0m
[1;94m[*] [0mFuzzing test case #1 (59 total, 0 crashes saved, state: in progress, mode=explore, perf_score=114, weight=33, favorite=1, was_fuzzed=1, exec_us=5437, hits=4909, map=18, ascii=0, run_time=0:00:08:53)...[0m
[1;94m[*] [0mFuzzing test case #52 (59 total, 0 crashes saved, state: in progress, mode=explore, perf_score=114, weight=7, favorite=1, was_fuzzed=1, exec_us=4102, hits=86, map=25, ascii=0, run_time=0:00:08:54)...[0m
[1;94m[*] [0mFuzzing test case #52 (59 total, 0 crashes saved, state: in progress, mode=explore, perf_score=114, weight=7, favorite=1, was_fuzzed=1, exec_us=4102, hits=90, map=25, ascii=0, run_time=0:00:08:55)...[0m
[1;94m[*] [0mFuzzing test case #1 (59 total, 0 crashes saved, state: in progress, mode=explore, perf_score=114, weight=33, favorite=1, was_fuzzed=1, exec_us=5437, hits=4947, map=18, ascii=0, run_time=0:00:08:57)...[0m
[1;94m[*] [0mFuzzing test case #14 (59 total, 0 crashes saved, state: in progress, mode=explore, perf_score=114, weight=4, favorite=1, was_fuzzed=1, exec_us=5744, hits=89, map=19, ascii=0, run_time=0:00:08:58)...[0m
[1;94m[*] [0mFuzzing test case #24 (59 total, 0 crashes saved, state: in progress, mode=explore, perf_score=229, weight=9, favorite=1, was_fuzzed=1, exec_us=4924, hits=1155, map=21, ascii=0, run_time=0:00:08:59)...[0m
[1;94m[*] [0mFuzzing test case #1 (59 total, 0 crashes saved, state: in progress, mode=explore, perf_score=114, weight=33, favorite=1, was_fuzzed=1, exec_us=5437, hits=5016, map=18, ascii=0, run_time=0:00:09:02)...[0m
[1;94m[*] [0mFuzzing test case #54 (59 total, 0 crashes saved, state: in progress, mode=explore, perf_score=229, weight=11, favorite=1, was_fuzzed=1, exec_us=4266, hits=1007, map=25, ascii=0, run_time=0:00:09:03)...[0m
[1;94m[*] [0mFuzzing test case #15 (59 total, 0 crashes saved, state: in progress, mode=explore, perf_score=100, weight=1, favorite=0, was_fuzzed=0, exec_us=5780, hits=59, map=19, ascii=0, run_time=0:00:09:06)...[0m
[1;94m[*] [0mFuzzing test case #1 (59 total, 0 crashes saved, state: in progress, mode=explore, perf_score=114, weight=33, favorite=1, was_fuzzed=1, exec_us=5437, hits=5034, map=18, ascii=0, run_time=0:00:09:07)...[0m
[1;94m[*] [0mFuzzing test case #32 (59 total, 0 crashes saved, state: in progress, mode=explore, perf_score=229, weight=4, favorite=1, was_fuzzed=1, exec_us=4781, hits=572, map=21, ascii=0, run_time=0:00:09:09)...[0m
[1;94m[*] [0mFuzzing test case #28 (31 total, 0 crashes saved, state: in progress, mode=explore, perf_score=0, weight=0, favorite=1, was_fuzzed=0, exec_us=1094, hits=1, map=22, ascii=0, run_time=0:00:09:09)...[0m
[1;94m[*] [0mFuzzing test case #23 (31 total, 0 crashes saved, state: in progress, mode=explore, perf_score=100, weight=9, favorite=1, was_fuzzed=0, exec_us=1134, hits=11, map=20, ascii=0, run_time=0:00:09:09)...[0m
[1;94m[*] [0mFuzzing test case #32 (33 total, 0 crashes saved, state: in progress, mode=explore, perf_score=0, weight=0, favorite=1, was_fuzzed=0, exec_us=1070, hits=4, map=20, ascii=0, run_time=0:00:09:10)...[0m
[1;94m[*] [0mFuzzing test case #22 (33 total, 0 crashes saved, state: in progress, mode=explore, perf_score=100, weight=12, favorite=1, was_fuzzed=0, exec_us=1162, hits=4, map=20, ascii=0, run_time=0:00:09:10)...[0m
[1;94m[*] [0mFuzzing test case #38 (40 total, 0 crashes saved, state: in progress, mode=explore, perf_score=0, weight=0, favorite=1, was_fuzzed=0, exec_us=1061, hits=1, map=20, ascii=0, run_time=0:00:09:11)...[0m
[1;94m[*] [0mFuzzing test case #37 (40 total, 0 crashes saved, state: in progress, mode=explore, perf_score=100, weight=27, favorite=1, was_fuzzed=0, exec_us=1074, hits=2, map=21, ascii=0, run_time=0:00:09:11)...[0m
[1;94m[*] [0mFuzzing test case #38 (59 total, 0 crashes saved, state: in progress, mode=explore, perf_score=229, weight=4, favorite=1, was_fuzzed=1, exec_us=4895, hits=230, map=20, ascii=0, run_time=0:00:09:12)...[0m
[1;94m[*] [0mFuzzing test case #40 (44 total, 0 crashes saved, state: in progress, mode=explore, perf_score=0, weight=0, favorite=1, was_fuzzed=0, exec_us=1061, hits=2, map=19, ascii=0, run_time=0:00:09:13)...[0m
[1;94m[*] [0mFuzzing test case #14 (44 total, 0 crashes saved, state: in progress, mode=explore, perf_score=100, weight=55, favorite=1, was_fuzzed=0, exec_us=1192, hits=2, map=24, ascii=0, run_time=0:00:09:13)...[0m
[1;94m[*] [0mFuzzing test case #27 (46 total, 0 crashes saved, state: in progress, mode=explore, perf_score=100, weight=16, favorite=1, was_fuzzed=0, exec_us=1127, hits=3, map=23, ascii=0, run_time=0:00:09:14)...[0m
[1;94m[*] [0mFuzzing test case #45 (49 total, 0 crashes saved, state: in progress, mode=explore, perf_score=0, weight=0, favorite=1, was_fuzzed=0, exec_us=1080, hits=1, map=26, ascii=0, run_time=0:00:09:14)...[0m
[1;94m[*] [0mFuzzing test case #38 (59 total, 0 crashes saved, state: in progress, mode=explore, perf_score=229, weight=4, favorite=1, was_fuzzed=1, exec_us=4895, hits=299, map=20, ascii=0, run_time=0:00:09:14)...[0m
[1;94m[*] [0mFuzzing test case #30 (49 total, 0 crashes saved, state: in progress, mode=explore, perf_score=100, weight=20, favorite=1, was_fuzzed=0, exec_us=1429, hits=1, map=23, ascii=0, run_time=0:00:09:14)...[0m
[1;94m[*] [0mFuzzing test case #26 (49 total, 0 crashes saved, state: in progress, mode=explore, perf_score=100, weight=24, favorite=1, was_fuzzed=0, exec_us=1143, hits=1, map=23, ascii=0, run_time=0:00:09:15)...[0m
[1;94m[*] [0mFuzzing test case #33 (50 total, 0 crashes saved, state: in progress, mode=explore, perf_score=100, weight=24, favorite=1, was_fuzzed=0, exec_us=1111, hits=1, map=20, ascii=0, run_time=0:00:09:16)...[0m
[1;94m[*] [0mFuzzing test case #21 (52 total, 0 crashes saved, state: in progress, mode=explore, perf_score=100, weight=25, favorite=1, was_fuzzed=0, exec_us=1118, hits=1, map=23, ascii=0, run_time=0:00:09:16)...[0m
[1;94m[*] [0mFuzzing test case #40 (52 total, 0 crashes saved, state: in progress, mode=explore, perf_score=919, weight=114, favorite=1, was_fuzzed=1, exec_us=1061, hits=2, map=19, ascii=0, run_time=0:00:09:16)...[0m
[1;94m[*] [0mFuzzing test case #38 (59 total, 0 crashes saved, state: in progress, mode=explore, perf_score=229, weight=4, favorite=1, was_fuzzed=1, exec_us=4895, hits=332, map=20, ascii=0, run_time=0:00:09:17)...[0m
[1;94m[*] [0mFuzzing test case #27 (55 total, 0 crashes saved, state: in progress, mode=explore, perf_score=345, weight=11, favorite=1, was_fuzzed=1, exec_us=1127, hits=8, map=23, ascii=0, run_time=0:00:09:20)...[0m
[1;94m[*] [0mFuzzing test case #54 (59 total, 0 crashes saved, state: in progress, mode=explore, perf_score=229, weight=11, favorite=1, was_fuzzed=1, exec_us=4266, hits=1020, map=25, ascii=0, run_time=0:00:09:20)...[0m
[1;94m[*] [0mFuzzing test case #40 (57 total, 0 crashes saved, state: in progress, mode=explore, perf_score=229, weight=56, favorite=1, was_fuzzed=1, exec_us=1061, hits=75, map=19, ascii=0, run_time=0:00:09:21)...[0m
[1;94m[*] [0mFuzzing test case #40 (57 total, 0 crashes saved, state: in progress, mode=explore, perf_score=229, weight=56, favorite=1, was_fuzzed=1, exec_us=1061, hits=95, map=19, ascii=0, run_time=0:00:09:22)...[0m
[1;94m[*] [0mFuzzing test case #24 (59 total, 0 crashes saved, state: in progress, mode=explore, perf_score=229, weight=8, favorite=1, was_fuzzed=1, exec_us=4924, hits=1190, map=21, ascii=0, run_time=0:00:09:23)...[0m
[1;94m[*] [0mFuzzing test case #33 (58 total, 0 crashes saved, state: in progress, mode=explore, perf_score=229, weight=6, favorite=1, was_fuzzed=1, exec_us=1111, hits=19, map=20, ascii=0, run_time=0:00:09:23)...[0m
[1;94m[*] [0mFuzzing test case #45 (58 total, 0 crashes saved, state: in progress, mode=explore, perf_score=459, weight=15, favorite=1, was_fuzzed=1, exec_us=1080, hits=1, map=26, ascii=0, run_time=0:00:09:23)...[0m
[1;94m[*] [0mFuzzing test case #58 (59 total, 0 crashes saved, state: in progress, mode=explore, perf_score=0, weight=0, favorite=1, was_fuzzed=0, exec_us=1090, hits=1, map=24, ascii=0, run_time=0:00:09:25)...[0m
[1;94m[*] [0mFuzzing test case #27 (59 total, 0 crashes saved, state: in progress, mode=explore, perf_score=229, weight=9, favorite=1, was_fuzzed=1, exec_us=1127, hits=20, map=23, ascii=0, run_time=0:00:09:25)...[0m
[1;94m[*] [0mFuzzing test case #1 (59 total, 0 crashes saved, state: in progress, mode=explore, perf_score=114, weight=33, favorite=1, was_fuzzed=1, exec_us=5437, hits=5150, map=18, ascii=0, run_time=0:00:09:25)...[0m
[1;94m[*] [0mFuzzing test case #27 (59 total, 0 crashes saved, state: in progress, mode=explore, perf_score=229, weight=9, favorite=1, was_fuzzed=1, exec_us=1127, hits=24, map=23, ascii=0, run_time=0:00:09:26)...[0m
[1;94m[*] [0mFuzzing test case #21 (59 total, 0 crashes saved, state: in progress, mode=explore, perf_score=459, weight=17, favorite=1, was_fuzzed=1, exec_us=1118, hits=2, map=23, ascii=0, run_time=0:00:09:27)...[0m
[1;94m[*] [0mFuzzing test case #54 (59 total, 0 crashes saved, state: in progress, mode=explore, perf_score=229, weight=11, favorite=1, was_fuzzed=1, exec_us=4266, hits=1062, map=25, ascii=0, run_time=0:00:09:27)...[0m
[1;94m[*] [0mFuzzing test case #59 (61 total, 0 crashes saved, state: in progress, mode=explore, perf_score=0, weight=0, favorite=1, was_fuzzed=0, exec_us=1059, hits=1, map=23, ascii=0, run_time=0:00:09:28)...[0m
[1;94m[*] [0mFuzzing test case #27 (61 total, 0 crashes saved, state: in progress, mode=explore, perf_score=114, weight=9, favorite=1, was_fuzzed=1, exec_us=1127, hits=32, map=23, ascii=0, run_time=0:00:09:28)...[0m
[1;94m[*] [0mFuzzing test case #40 (61 total, 0 crashes saved, state: in progress, mode=explore, perf_score=229, weight=53, favorite=1, was_fuzzed=1, exec_us=1061, hits=109, map=19, ascii=0, run_time=0:00:09:29)...[0m
[1;94m[*] [0mFuzzing test case #40 (62 total, 0 crashes saved, state: in progress, mode=explore, perf_score=229, weight=51, favorite=1, was_fuzzed=1, exec_us=1061, hits=173, map=19, ascii=0, run_time=0:00:09:30)...[0m
[1;94m[*] [0mFuzzing test case #14 (59 total, 0 crashes saved, state: in progress, mode=explore, perf_score=114, weight=4, favorite=1, was_fuzzed=1, exec_us=5744, hits=98, map=19, ascii=0, run_time=0:00:09:29)...[0m
[1;94m[*] [0mFuzzing test case #21 (62 total, 0 crashes saved, state: in progress, mode=explore, perf_score=345, weight=11, favorite=1, was_fuzzed=1, exec_us=1118, hits=9, map=23, ascii=0, run_time=0:00:09:30)...[0m
[1;94m[*] [0mFuzzing test case #1 (59 total, 0 crashes saved, state: in progress, mode=explore, perf_score=114, weight=33, favorite=1, was_fuzzed=1, exec_us=5437, hits=5190, map=18, ascii=0, run_time=0:00:09:31)...[0m
[1;94m[*] [0mFuzzing test case #26 (62 total, 0 crashes saved, state: in progress, mode=explore, perf_score=345, weight=8, favorite=1, was_fuzzed=1, exec_us=1143, hits=4, map=23, ascii=0, run_time=0:00:09:31)...[0m
[1;94m[*] [0mFuzzing test case #1 (59 total, 0 crashes saved, state: in progress, mode=explore, perf_score=114, weight=33, favorite=1, was_fuzzed=1, exec_us=5437, hits=5217, map=18, ascii=0, run_time=0:00:09:32)...[0m
[1;94m[*] [0mFuzzing test case #14 (63 total, 0 crashes saved, state: in progress, mode=explore, perf_score=345, weight=18, favorite=1, was_fuzzed=1, exec_us=1192, hits=11, map=24, ascii=0, run_time=0:00:09:32)...[0m
[1;94m[*] [0mFuzzing test case #12 (59 total, 0 crashes saved, state: in progress, mode=explore, perf_score=114, weight=4, favorite=1, was_fuzzed=1, exec_us=5414, hits=289, map=19, ascii=0, run_time=0:00:09:34)...[0m
[1;94m[*] [0mFuzzing test case #40 (63 total, 0 crashes saved, state: in progress, mode=explore, perf_score=229, weight=49, favorite=1, was_fuzzed=1, exec_us=1061, hits=236, map=19, ascii=0, run_time=0:00:09:34)...[0m
[1;94m[*] [0mFuzzing test case #40 (63 total, 0 crashes saved, state: in progress, mode=explore, perf_score=229, weight=49, favorite=1, was_fuzzed=1, exec_us=1061, hits=275, map=19, ascii=0, run_time=0:00:09:34)...[0m
[1;94m[*] [0mFuzzing test case #1 (59 total, 0 crashes saved, state: in progress, mode=explore, perf_score=114, weight=33, favorite=1, was_fuzzed=1, exec_us=5437, hits=5289, map=18, ascii=0, run_time=0:00:09:35)...[0m
[1;94m[*] [0mFuzzing test case #40 (63 total, 0 crashes saved, state: in progress, mode=explore, perf_score=229, weight=49, favorite=1, was_fuzzed=1, exec_us=1061, hits=316, map=19, ascii=0, run_time=0:00:09:35)...[0m
[1;94m[*] [0mFuzzing test case #40 (63 total, 0 crashes saved, state: in progress, mode=explore, perf_score=229, weight=49, favorite=1, was_fuzzed=1, exec_us=1061, hits=331, map=19, ascii=0, run_time=0:00:09:36)...[0m
[1;94m[*] [0mFuzzing test case #52 (59 total, 0 crashes saved, state: in progress, mode=explore, perf_score=114, weight=6, favorite=1, was_fuzzed=1, exec_us=4102, hits=112, map=25, ascii=0, run_time=0:00:09:36)...[0m
[1;94m[*] [0mFuzzing test case #40 (63 total, 0 crashes saved, state: in progress, mode=explore, perf_score=229, weight=49, favorite=1, was_fuzzed=1, exec_us=1061, hits=369, map=19, ascii=0, run_time=0:00:09:37)...[0m
[1;94m[*] [0mFuzzing test case #14 (63 total, 0 crashes saved, state: in progress, mode=explore, perf_score=345, weight=18, favorite=1, was_fuzzed=1, exec_us=1192, hits=18, map=24, ascii=0, run_time=0:00:09:37)...[0m
[1;94m[*] [0mFuzzing test case #1 (59 total, 0 crashes saved, state: in progress, mode=explore, perf_score=114, weight=33, favorite=1, was_fuzzed=1, exec_us=5437, hits=5322, map=18, ascii=0, run_time=0:00:09:38)...[0m
[1;94m[*] [0mFuzzing test case #21 (64 total, 0 crashes saved, state: in progress, mode=explore, perf_score=345, weight=10, favorite=1, was_fuzzed=1, exec_us=1118, hits=15, map=23, ascii=0, run_time=0:00:09:38)...[0m
[1;94m[*] [0mFuzzing test case #54 (59 total, 0 crashes saved, state: in progress, mode=explore, perf_score=229, weight=11, favorite=1, was_fuzzed=1, exec_us=4266, hits=1066, map=25, ascii=0, run_time=0:00:09:39)...[0m
[1;94m[*] [0mFuzzing test case #58 (64 total, 0 crashes saved, state: in progress, mode=explore, perf_score=919, weight=51, favorite=1, was_fuzzed=1, exec_us=1090, hits=1, map=24, ascii=0, run_time=0:00:09:40)...[0m
[?25h[1;91m

+++ Testing aborted programmatically +++
[0m[1;94m[*] [0mStatistics: 63 new corpus items found, 52.05% coverage achieved, 1 crashes saved, 0 timeouts saved, total runtime 0 days, 0 hrs, 9 min, 41 sec[0m
[1;92m[+] [0mWe're done here. Have a nice day!
[0m
[1;94m[*] [0mFuzzing test case #1 (59 total, 0 crashes saved, state: in progress, mode=explore, perf_score=114, weight=33, favorite=1, was_fuzzed=1, exec_us=5437, hits=5418, map=18, ascii=0, run_time=0:00:09:42)...[0m
[1;94m[*] [0mFuzzing test case #13 (59 total, 0 crashes saved, state: in progress, mode=explore, perf_score=114, weight=4, favorite=1, was_fuzzed=1, exec_us=5808, hits=174, map=19, ascii=0, run_time=0:00:09:43)...[0m
[1;94m[*] [0mFuzzing test case #1 (59 total, 0 crashes saved, state: in progress, mode=explore, perf_score=114, weight=33, favorite=1, was_fuzzed=1, exec_us=5437, hits=5497, map=18, ascii=0, run_time=0:00:09:45)...[0m
[1;94m[*] [0mFuzzing test case #32 (59 total, 0 crashes saved, state: in progress, mode=explore, perf_score=229, weight=4, favorite=1, was_fuzzed=1, exec_us=4781, hits=620, map=21, ascii=0, run_time=0:00:09:46)...[0m
[1;94m[*] [0mFuzzing test case #32 (59 total, 0 crashes saved, state: in progress, mode=explore, perf_score=229, weight=4, favorite=1, was_fuzzed=1, exec_us=4781, hits=665, map=21, ascii=0, run_time=0:00:09:49)...[0m
[1;94m[*] [0mFuzzing test case #54 (59 total, 0 crashes saved, state: in progress, mode=explore, perf_score=229, weight=11, favorite=1, was_fuzzed=1, exec_us=4266, hits=1100, map=25, ascii=0, run_time=0:00:09:52)...[0m
[1;94m[*] [0mFuzzing test case #38 (59 total, 0 crashes saved, state: in progress, mode=explore, perf_score=229, weight=4, favorite=1, was_fuzzed=1, exec_us=4895, hits=382, map=20, ascii=0, run_time=0:00:09:54)...[0m
[1;94m[*] [0mFuzzing test case #29 (59 total, 0 crashes saved, state: in progress, mode=explore, perf_score=229, weight=4, favorite=1, was_fuzzed=1, exec_us=4896, hits=394, map=20, ascii=0, run_time=0:00:09:57)...[0m
[1;94m[*] [0mFuzzing test case #1 (59 total, 0 crashes saved, state: in progress, mode=explore, perf_score=114, weight=33, favorite=1, was_fuzzed=1, exec_us=5437, hits=5605, map=18, ascii=0, run_time=0:00:10:00)...[0m
[1;94m[*] [0mFuzzing test case #12 (60 total, 0 crashes saved, state: in progress, mode=explore, perf_score=114, weight=4, favorite=1, was_fuzzed=1, exec_us=5414, hits=303, map=19, ascii=0, run_time=0:00:10:01)...[0m
[1;94m[*] [0mFuzzing test case #24 (60 total, 0 crashes saved, state: in progress, mode=explore, perf_score=229, weight=9, favorite=1, was_fuzzed=1, exec_us=4924, hits=1227, map=21, ascii=0, run_time=0:00:10:03)...[0m
[1;94m[*] [0mFuzzing test case #1 (64 total, 0 crashes saved, state: in progress, mode=explore, perf_score=114, weight=35, favorite=1, was_fuzzed=1, exec_us=5437, hits=5691, map=18, ascii=0, run_time=0:00:10:06)...[0m
[1;94m[*] [0mFuzzing test case #1 (65 total, 0 crashes saved, state: in progress, mode=explore, perf_score=114, weight=35, favorite=1, was_fuzzed=1, exec_us=5437, hits=5719, map=18, ascii=0, run_time=0:00:10:08)...[0m
[1;94m[*] [0mFuzzing test case #38 (65 total, 0 crashes saved, state: in progress, mode=explore, perf_score=229, weight=4, favorite=1, was_fuzzed=1, exec_us=4895, hits=421, map=20, ascii=0, run_time=0:00:10:09)...[0m
[1;94m[*] [0mFuzzing test case #1 (69 total, 0 crashes saved, state: in progress, mode=explore, perf_score=114, weight=37, favorite=1, was_fuzzed=1, exec_us=5437, hits=5784, map=18, ascii=0, run_time=0:00:10:13)...[0m
[1;94m[*] [0mFuzzing test case #14 (69 total, 0 crashes saved, state: in progress, mode=explore, perf_score=114, weight=4, favorite=1, was_fuzzed=1, exec_us=5744, hits=100, map=19, ascii=0, run_time=0:00:10:15)...[0m
[1;94m[*] [0mFuzzing test case #1 (72 total, 0 crashes saved, state: in progress, mode=explore, perf_score=114, weight=38, favorite=1, was_fuzzed=1, exec_us=5437, hits=5811, map=18, ascii=0, run_time=0:00:10:17)...[0m
[1;94m[*] [0mFuzzing test case #38 (74 total, 0 crashes saved, state: in progress, mode=explore, perf_score=229, weight=5, favorite=1, was_fuzzed=1, exec_us=4895, hits=476, map=20, ascii=0, run_time=0:00:10:18)...[0m
[1;94m[*] [0mFuzzing test case #54 (74 total, 0 crashes saved, state: in progress, mode=explore, perf_score=229, weight=12, favorite=1, was_fuzzed=1, exec_us=4266, hits=1109, map=25, ascii=0, run_time=0:00:10:21)...[0m
[1;94m[*] [0mFuzzing test case #13 (74 total, 0 crashes saved, state: in progress, mode=explore, perf_score=114, weight=4, favorite=1, was_fuzzed=1, exec_us=5808, hits=187, map=19, ascii=0, run_time=0:00:10:24)...[0m
[1;94m[*] [0mFuzzing test case #1 (74 total, 0 crashes saved, state: in progress, mode=explore, perf_score=114, weight=39, favorite=1, was_fuzzed=1, exec_us=5437, hits=5901, map=18, ascii=0, run_time=0:00:10:25)...[0m
[1;94m[*] [0mFuzzing test case #1 (74 total, 0 crashes saved, state: in progress, mode=explore, perf_score=114, weight=39, favorite=1, was_fuzzed=1, exec_us=5437, hits=5954, map=18, ascii=0, run_time=0:00:10:27)...[0m
[1;94m[*] [0mFuzzing test case #32 (74 total, 0 crashes saved, state: in progress, mode=explore, perf_score=229, weight=4, favorite=1, was_fuzzed=1, exec_us=4781, hits=709, map=21, ascii=0, run_time=0:00:10:28)...[0m
[1;94m[*] [0mFuzzing test case #54 (75 total, 0 crashes saved, state: in progress, mode=explore, perf_score=229, weight=12, favorite=1, was_fuzzed=1, exec_us=4266, hits=1134, map=25, ascii=0, run_time=0:00:10:31)...[0m
[1;94m[*] [0mFuzzing test case #25 (75 total, 0 crashes saved, state: in progress, mode=explore, perf_score=200, weight=0, favorite=0, was_fuzzed=0, exec_us=5046, hits=237, map=22, ascii=0, run_time=0:00:10:34)...[0m
[1;94m[*] [0mFuzzing test case #52 (75 total, 0 crashes saved, state: in progress, mode=explore, perf_score=114, weight=7, favorite=1, was_fuzzed=1, exec_us=4102, hits=142, map=25, ascii=0, run_time=0:00:10:37)...[0m
[1;94m[*] [0mFuzzing test case #54 (75 total, 0 crashes saved, state: in progress, mode=explore, perf_score=229, weight=12, favorite=1, was_fuzzed=1, exec_us=4266, hits=1149, map=25, ascii=0, run_time=0:00:10:38)...[0m
[1;94m[*] [0mFuzzing test case #68 (76 total, 0 crashes saved, state: in progress, mode=explore, perf_score=200, weight=1, favorite=0, was_fuzzed=0, exec_us=4481, hits=22, map=25, ascii=0, run_time=0:00:10:41)...[0m
[1;94m[*] [0mFuzzing test case #52 (77 total, 0 crashes saved, state: in progress, mode=explore, perf_score=114, weight=7, favorite=1, was_fuzzed=1, exec_us=4102, hits=172, map=25, ascii=0, run_time=0:00:10:45)...[0m
[1;94m[*] [0mFuzzing test case #54 (77 total, 0 crashes saved, state: in progress, mode=explore, perf_score=229, weight=12, favorite=1, was_fuzzed=1, exec_us=4266, hits=1192, map=25, ascii=0, run_time=0:00:10:47)...[0m
[1;94m[*] [0mFuzzing test case #38 (77 total, 0 crashes saved, state: in progress, mode=explore, perf_score=229, weight=5, favorite=1, was_fuzzed=1, exec_us=4895, hits=499, map=20, ascii=0, run_time=0:00:10:49)...[0m
[1;94m[*] [0mFuzzing test case #54 (78 total, 0 crashes saved, state: in progress, mode=explore, perf_score=229, weight=12, favorite=1, was_fuzzed=1, exec_us=4266, hits=1203, map=25, ascii=0, run_time=0:00:10:52)...[0m
[1;94m[*] [0mFuzzing test case #38 (79 total, 0 crashes saved, state: in progress, mode=explore, perf_score=229, weight=5, favorite=1, was_fuzzed=1, exec_us=4895, hits=533, map=20, ascii=0, run_time=0:00:10:55)...[0m
[1;94m[*] [0mFuzzing test case #1 (79 total, 0 crashes saved, state: in progress, mode=explore, perf_score=114, weight=41, favorite=1, was_fuzzed=1, exec_us=5437, hits=6085, map=18, ascii=0, run_time=0:00:10:58)...[0m
[1;94m[*] [0mFuzzing test case #54 (81 total, 0 crashes saved, state: in progress, mode=explore, perf_score=229, weight=13, favorite=1, was_fuzzed=1, exec_us=4266, hits=1230, map=25, ascii=0, run_time=0:00:11:00)...[0m
[1;94m[*] [0mFuzzing test case #13 (81 total, 0 crashes saved, state: in progress, mode=explore, perf_score=114, weight=4, favorite=1, was_fuzzed=1, exec_us=5808, hits=192, map=19, ascii=0, run_time=0:00:11:03)...[0m
[1;94m[*] [0mFuzzing test case #12 (81 total, 0 crashes saved, state: in progress, mode=explore, perf_score=114, weight=4, favorite=1, was_fuzzed=1, exec_us=5414, hits=332, map=19, ascii=0, run_time=0:00:11:04)...[0m
[1;94m[*] [0mFuzzing test case #82 (83 total, 0 crashes saved, state: in progress, mode=explore, perf_score=0, weight=0, favorite=1, was_fuzzed=0, exec_us=4666, hits=1, map=31, ascii=0, run_time=0:00:11:06)...[0m
[1;94m[*] [0mFuzzing test case #12 (83 total, 0 crashes saved, state: in progress, mode=explore, perf_score=114, weight=4, favorite=1, was_fuzzed=1, exec_us=5414, hits=337, map=19, ascii=0, run_time=0:00:11:15)...[0m
[1;94m[*] [0mFuzzing test case #1 (84 total, 0 crashes saved, state: in progress, mode=explore, perf_score=114, weight=42, favorite=1, was_fuzzed=1, exec_us=5437, hits=6211, map=18, ascii=0, run_time=0:00:11:16)...[0m
[1;94m[*] [0mFuzzing test case #29 (84 total, 0 crashes saved, state: in progress, mode=explore, perf_score=229, weight=5, favorite=1, was_fuzzed=1, exec_us=4896, hits=424, map=20, ascii=0, run_time=0:00:11:18)...[0m
[1;94m[*] [0mFuzzing test case #14 (84 total, 0 crashes saved, state: in progress, mode=explore, perf_score=114, weight=5, favorite=1, was_fuzzed=1, exec_us=5744, hits=104, map=19, ascii=0, run_time=0:00:11:21)...[0m
[1;94m[*] [0mFuzzing test case #52 (85 total, 0 crashes saved, state: in progress, mode=explore, perf_score=114, weight=7, favorite=1, was_fuzzed=1, exec_us=4102, hits=208, map=25, ascii=0, run_time=0:00:11:22)...[0m
[1;94m[*] [0mFuzzing test case #85 (86 total, 0 crashes saved, state: in progress, mode=explore, perf_score=0, weight=0, favorite=1, was_fuzzed=0, exec_us=4610, hits=1, map=31, ascii=0, run_time=0:00:11:24)...[0m
[1;94m[*] [0mFuzzing test case #54 (86 total, 0 crashes saved, state: in progress, mode=explore, perf_score=229, weight=13, favorite=1, was_fuzzed=1, exec_us=4266, hits=1269, map=25, ascii=0, run_time=0:00:11:31)...[0m
[1;94m[*] [0mFuzzing test case #52 (86 total, 0 crashes saved, state: in progress, mode=explore, perf_score=114, weight=7, favorite=1, was_fuzzed=1, exec_us=4102, hits=211, map=25, ascii=0, run_time=0:00:11:34)...[0m
[1;94m[*] [0mFuzzing test case #86 (88 total, 0 crashes saved, state: in progress, mode=explore, perf_score=0, weight=0, favorite=1, was_fuzzed=0, exec_us=4444, hits=12, map=31, ascii=0, run_time=0:00:11:36)...[0m
[1;94m[*] [0mFuzzing test case #29 (88 total, 0 crashes saved, state: in progress, mode=explore, perf_score=229, weight=5, favorite=1, was_fuzzed=1, exec_us=4896, hits=457, map=20, ascii=0, run_time=0:00:11:41)...[0m
[1;94m[*] [0mFuzzing test case #56 (88 total, 0 crashes saved, state: in progress, mode=explore, perf_score=200, weight=1, favorite=0, was_fuzzed=0, exec_us=4505, hits=18, map=23, ascii=0, run_time=0:00:11:44)...[0m
[1;94m[*] [0mFuzzing test case #86 (89 total, 0 crashes saved, state: in progress, mode=explore, perf_score=2070, weight=11, favorite=1, was_fuzzed=1, exec_us=4444, hits=12, map=31, ascii=0, run_time=0:00:11:47)...[0m
[1;94m[*] [0mFuzzing test case #90 (100 total, 0 crashes saved, state: in progress, mode=explore, perf_score=0, weight=0, favorite=1, was_fuzzed=0, exec_us=4733, hits=1, map=32, ascii=0, run_time=0:00:12:50)...[0m
[1;94m[*] [0mFuzzing test case #92 (100 total, 0 crashes saved, state: in progress, mode=explore, perf_score=600, weight=43, favorite=1, was_fuzzed=0, exec_us=4647, hits=1, map=32, ascii=0, run_time=0:00:12:52)...[0m
[1;94m[*] [0mFuzzing test case #47 (103 total, 0 crashes saved, state: in progress, mode=explore, perf_score=100, weight=1, favorite=0, was_fuzzed=0, exec_us=4014, hits=105, map=23, ascii=0, run_time=0:00:13:20)...[0m
[1;94m[*] [0mFuzzing test case #90 (103 total, 0 crashes saved, state: in progress, mode=explore, perf_score=2760, weight=70, favorite=1, was_fuzzed=1, exec_us=4733, hits=1, map=32, ascii=0, run_time=0:00:13:22)...[0m
[1;94m[*] [0mFuzzing test case #24 (107 total, 0 crashes saved, state: in progress, mode=explore, perf_score=229, weight=12, favorite=1, was_fuzzed=1, exec_us=4924, hits=1247, map=21, ascii=0, run_time=0:00:14:07)...[0m
[1;94m[*] [0mFuzzing test case #90 (107 total, 0 crashes saved, state: in progress, mode=explore, perf_score=345, weight=21, favorite=1, was_fuzzed=1, exec_us=4733, hits=271, map=32, ascii=0, run_time=0:00:14:10)...[0m
[1;94m[*] [0mFuzzing test case #81 (107 total, 0 crashes saved, state: in progress, mode=explore, perf_score=100, weight=1, favorite=0, was_fuzzed=0, exec_us=4388, hits=57, map=27, ascii=0, run_time=0:00:14:14)...[0m
[1;94m[*] [0mFuzzing test case #90 (107 total, 0 crashes saved, state: in progress, mode=explore, perf_score=345, weight=21, favorite=1, was_fuzzed=1, exec_us=4733, hits=329, map=32, ascii=0, run_time=0:00:14:22)...[0m
[1;94m[*] [0mFuzzing test case #106 (107 total, 0 crashes saved, state: in progress, mode=explore, perf_score=600, weight=1, favorite=0, was_fuzzed=0, exec_us=5306, hits=11, map=32, ascii=0, run_time=0:00:14:26)...[0m
[1;94m[*] [0mFuzzing test case #1 (107 total, 0 crashes saved, state: in progress, mode=explore, perf_score=114, weight=46, favorite=1, was_fuzzed=1, exec_us=5437, hits=6636, map=18, ascii=0, run_time=0:00:14:44)...[0m
[1;94m[*] [0mFuzzing test case #90 (107 total, 0 crashes saved, state: in progress, mode=explore, perf_score=345, weight=21, favorite=1, was_fuzzed=1, exec_us=4733, hits=348, map=32, ascii=0, run_time=0:00:14:46)...[0m
[1;94m[*] [0mFuzzing test case #54 (107 total, 0 crashes saved, state: in progress, mode=explore, perf_score=229, weight=14, favorite=1, was_fuzzed=1, exec_us=4266, hits=1275, map=25, ascii=0, run_time=0:00:14:52)...[0m
[1;94m[*] [0mFuzzing test case #90 (107 total, 0 crashes saved, state: in progress, mode=explore, perf_score=345, weight=21, favorite=1, was_fuzzed=1, exec_us=4733, hits=436, map=32, ascii=0, run_time=0:00:14:57)...[0m
[1;94m[*] [0mFuzzing test case #1 (107 total, 0 crashes saved, state: in progress, mode=explore, perf_score=114, weight=46, favorite=1, was_fuzzed=1, exec_us=5437, hits=6669, map=18, ascii=0, run_time=0:00:15:03)...[0m
[1;94m[*] [0mFuzzing test case #81 (107 total, 0 crashes saved, state: in progress, mode=explore, perf_score=80, weight=0, favorite=0, was_fuzzed=1, exec_us=4388, hits=86, map=27, ascii=0, run_time=0:00:15:05)...[0m
[1;94m[*] [0mFuzzing test case #94 (107 total, 0 crashes saved, state: in progress, mode=explore, perf_score=300, weight=2, favorite=0, was_fuzzed=0, exec_us=4515, hits=1, map=31, ascii=0, run_time=0:00:15:06)...[0m
[1;94m[*] [0mFuzzing test case #1 (107 total, 0 crashes saved, state: in progress, mode=explore, perf_score=114, weight=46, favorite=1, was_fuzzed=1, exec_us=5437, hits=6741, map=18, ascii=0, run_time=0:00:15:18)...[0m
[1;94m[*] [0mFuzzing test case #1 (107 total, 0 crashes saved, state: in progress, mode=explore, perf_score=114, weight=46, favorite=1, was_fuzzed=1, exec_us=5437, hits=6772, map=18, ascii=0, run_time=0:00:15:20)...[0m
[1;94m[*] [0mFuzzing test case #1 (107 total, 0 crashes saved, state: in progress, mode=explore, perf_score=114, weight=46, favorite=1, was_fuzzed=1, exec_us=5437, hits=6811, map=18, ascii=0, run_time=0:00:15:21)...[0m
[1;94m[*] [0mFuzzing test case #75 (107 total, 0 crashes saved, state: in progress, mode=explore, perf_score=200, weight=1, favorite=0, was_fuzzed=0, exec_us=4232, hits=9, map=21, ascii=0, run_time=0:00:15:23)...[0m
[1;94m[*] [0mFuzzing test case #1 (107 total, 0 crashes saved, state: in progress, mode=explore, perf_score=114, weight=46, favorite=1, was_fuzzed=1, exec_us=5437, hits=6873, map=18, ascii=0, run_time=0:00:15:26)...[0m
[1;94m[*] [0mFuzzing test case #1 (107 total, 0 crashes saved, state: in progress, mode=explore, perf_score=114, weight=46, favorite=1, was_fuzzed=1, exec_us=5437, hits=6902, map=18, ascii=0, run_time=0:00:15:27)...[0m
[1;94m[*] [0mFuzzing test case #1 (107 total, 0 crashes saved, state: in progress, mode=explore, perf_score=114, weight=46, favorite=1, was_fuzzed=1, exec_us=5437, hits=6947, map=18, ascii=0, run_time=0:00:15:29)...[0m
[1;94m[*] [0mFuzzing test case #90 (107 total, 0 crashes saved, state: in progress, mode=explore, perf_score=345, weight=20, favorite=1, was_fuzzed=1, exec_us=4733, hits=477, map=32, ascii=0, run_time=0:00:15:30)...[0m
[1;94m[*] [0mFuzzing test case #1 (107 total, 0 crashes saved, state: in progress, mode=explore, perf_score=114, weight=46, favorite=1, was_fuzzed=1, exec_us=5437, hits=6974, map=18, ascii=0, run_time=0:00:15:34)...[0m
[1;94m[*] [0mFuzzing test case #92 (107 total, 0 crashes saved, state: in progress, mode=explore, perf_score=345, weight=7, favorite=1, was_fuzzed=1, exec_us=4647, hits=212, map=32, ascii=0, run_time=0:00:15:36)...[0m
[1;94m[*] [0mFuzzing test case #1 (107 total, 0 crashes saved, state: in progress, mode=explore, perf_score=114, weight=46, favorite=1, was_fuzzed=1, exec_us=5437, hits=7052, map=18, ascii=0, run_time=0:00:15:40)...[0m
[1;94m[*] [0mFuzzing test case #1 (107 total, 0 crashes saved, state: in progress, mode=explore, perf_score=114, weight=46, favorite=1, was_fuzzed=1, exec_us=5437, hits=7071, map=18, ascii=0, run_time=0:00:15:42)...[0m
[1;94m[*] [0mFuzzing test case #1 (107 total, 0 crashes saved, state: in progress, mode=explore, perf_score=114, weight=46, favorite=1, was_fuzzed=1, exec_us=5437, hits=7087, map=18, ascii=0, run_time=0:00:15:43)...[0m
[1;94m[*] [0mFuzzing test case #1 (108 total, 0 crashes saved, state: in progress, mode=explore, perf_score=114, weight=46, favorite=1, was_fuzzed=1, exec_us=5437, hits=7123, map=18, ascii=0, run_time=0:00:15:45)...[0m
[1;94m[*] [0mFuzzing test case #1 (108 total, 0 crashes saved, state: in progress, mode=explore, perf_score=114, weight=46, favorite=1, was_fuzzed=1, exec_us=5437, hits=7146, map=18, ascii=0, run_time=0:00:15:46)...[0m
[1;94m[*] [0mFuzzing test case #24 (108 total, 0 crashes saved, state: in progress, mode=explore, perf_score=229, weight=12, favorite=1, was_fuzzed=1, exec_us=4924, hits=1260, map=21, ascii=0, run_time=0:00:15:48)...[0m
[1;94m[*] [0mFuzzing test case #97 (109 total, 0 crashes saved, state: in progress, mode=explore, perf_score=200, weight=1, favorite=0, was_fuzzed=0, exec_us=4461, hits=7, map=23, ascii=0, run_time=0:00:15:51)...[0m
[1;94m[*] [0mFuzzing test case #90 (109 total, 0 crashes saved, state: in progress, mode=explore, perf_score=345, weight=20, favorite=1, was_fuzzed=1, exec_us=4733, hits=580, map=32, ascii=0, run_time=0:00:15:54)...[0m
[1;94m[*] [0mFuzzing test case #24 (109 total, 0 crashes saved, state: in progress, mode=explore, perf_score=229, weight=12, favorite=1, was_fuzzed=1, exec_us=4924, hits=1295, map=21, ascii=0, run_time=0:00:15:58)...[0m
[1;94m[*] [0mFuzzing test case #24 (109 total, 0 crashes saved, state: in progress, mode=explore, perf_score=229, weight=12, favorite=1, was_fuzzed=1, exec_us=4924, hits=1300, map=21, ascii=0, run_time=0:00:16:01)...[0m
[1;94m[*] [0mFuzzing test case #92 (109 total, 0 crashes saved, state: in progress, mode=explore, perf_score=345, weight=7, favorite=1, was_fuzzed=1, exec_us=4647, hits=246, map=32, ascii=0, run_time=0:00:16:04)...[0m
[1;94m[*] [0mEntering queue cycle 5.[0m
[1;94m[*] [0mFuzzing test case #1 (109 total, 0 crashes saved, state: in progress, mode=explore, perf_score=114, weight=47, favorite=1, was_fuzzed=1, exec_us=5437, hits=7316, map=18, ascii=0, run_time=0:00:16:09)...[0m
[1;94m[*] [0mFuzzing test case #90 (109 total, 0 crashes saved, state: in progress, mode=explore, perf_score=345, weight=20, favorite=1, was_fuzzed=1, exec_us=4733, hits=604, map=32, ascii=0, run_time=0:00:16:10)...[0m
[1;94m[*] [0mFuzzing test case #109 (110 total, 0 crashes saved, state: in progress, mode=explore, perf_score=0, weight=0, favorite=1, was_fuzzed=0, exec_us=5213, hits=1, map=31, ascii=0, run_time=0:00:16:15)...[0m
[1;94m[*] [0mFuzzing test case #1 (110 total, 0 crashes saved, state: in progress, mode=explore, perf_score=114, weight=46, favorite=1, was_fuzzed=1, exec_us=5437, hits=7348, map=18, ascii=0, run_time=0:00:16:24)...[0m
[1;94m[*] [0mFuzzing test case #1 (110 total, 0 crashes saved, state: in progress, mode=explore, perf_score=114, weight=46, favorite=1, was_fuzzed=1, exec_us=5437, hits=7369, map=18, ascii=0, run_time=0:00:16:26)...[0m
[1;94m[*] [0mFuzzing test case #90 (110 total, 0 crashes saved, state: in progress, mode=explore, perf_score=345, weight=19, favorite=1, was_fuzzed=1, exec_us=4733, hits=658, map=32, ascii=0, run_time=0:00:16:27)...[0m
[1;94m[*] [0mFuzzing test case #1 (110 total, 0 crashes saved, state: in progress, mode=explore, perf_score=114, weight=46, favorite=1, was_fuzzed=1, exec_us=5437, hits=7427, map=18, ascii=0, run_time=0:00:16:32)...[0m
[1;94m[*] [0mFuzzing test case #109 (110 total, 0 crashes saved, state: in progress, mode=explore, perf_score=1380, weight=20, favorite=1, was_fuzzed=1, exec_us=5213, hits=1, map=31, ascii=0, run_time=0:00:16:33)...[0m
[1;94m[*] [0mFuzzing test case #109 (110 total, 0 crashes saved, state: in progress, mode=explore, perf_score=1380, weight=20, favorite=1, was_fuzzed=1, exec_us=5213, hits=435, map=31, ascii=0, run_time=0:00:16:51)...[0m
[1;94m[*] [0mFuzzing test case #54 (112 total, 0 crashes saved, state: in progress, mode=explore, perf_score=229, weight=14, favorite=1, was_fuzzed=1, exec_us=4266, hits=1296, map=25, ascii=0, run_time=0:00:17:14)...[0m
[1;94m[*] [0mFuzzing test case #90 (112 total, 0 crashes saved, state: in progress, mode=explore, perf_score=229, weight=19, favorite=1, was_fuzzed=1, exec_us=4733, hits=716, map=32, ascii=0, run_time=0:00:17:17)...[0m
[1;94m[*] [0mFuzzing test case #24 (112 total, 0 crashes saved, state: in progress, mode=explore, perf_score=229, weight=12, favorite=1, was_fuzzed=1, exec_us=4924, hits=1322, map=21, ascii=0, run_time=0:00:17:20)...[0m
[1;94m[*] [0mFuzzing test case #90 (112 total, 0 crashes saved, state: in progress, mode=explore, perf_score=229, weight=19, favorite=1, was_fuzzed=1, exec_us=4733, hits=749, map=32, ascii=0, run_time=0:00:17:22)...[0m
[1;94m[*] [0mFuzzing test case #1 (112 total, 0 crashes saved, state: in progress, mode=explore, perf_score=114, weight=47, favorite=1, was_fuzzed=1, exec_us=5437, hits=7534, map=18, ascii=0, run_time=0:00:17:26)...[0m
[1;94m[*] [0mFuzzing test case #90 (112 total, 0 crashes saved, state: in progress, mode=explore, perf_score=229, weight=19, favorite=1, was_fuzzed=1, exec_us=4733, hits=809, map=32, ascii=0, run_time=0:00:17:27)...[0m
[1;94m[*] [0mFuzzing test case #1 (112 total, 0 crashes saved, state: in progress, mode=explore, perf_score=114, weight=47, favorite=1, was_fuzzed=1, exec_us=5437, hits=7588, map=18, ascii=0, run_time=0:00:17:30)...[0m
[1;94m[*] [0mFuzzing test case #1 (112 total, 0 crashes saved, state: in progress, mode=explore, perf_score=114, weight=47, favorite=1, was_fuzzed=1, exec_us=5437, hits=7622, map=18, ascii=0, run_time=0:00:17:32)...[0m
[1;94m[*] [0mFuzzing test case #54 (112 total, 0 crashes saved, state: in progress, mode=explore, perf_score=229, weight=14, favorite=1, was_fuzzed=1, exec_us=4266, hits=1324, map=25, ascii=0, run_time=0:00:17:33)...[0m
[1;94m[*] [0mFuzzing test case #1 (112 total, 0 crashes saved, state: in progress, mode=explore, perf_score=114, weight=47, favorite=1, was_fuzzed=1, exec_us=5437, hits=7652, map=18, ascii=0, run_time=0:00:17:36)...[0m
[1;94m[*] [0mFuzzing test case #90 (112 total, 0 crashes saved, state: in progress, mode=explore, perf_score=229, weight=19, favorite=1, was_fuzzed=1, exec_us=4733, hits=833, map=32, ascii=0, run_time=0:00:17:38)...[0m
[1;94m[*] [0mFuzzing test case #54 (112 total, 0 crashes saved, state: in progress, mode=explore, perf_score=229, weight=14, favorite=1, was_fuzzed=1, exec_us=4266, hits=1329, map=25, ascii=0, run_time=0:00:17:41)...[0m
[1;94m[*] [0mFuzzing test case #54 (112 total, 0 crashes saved, state: in progress, mode=explore, perf_score=229, weight=14, favorite=1, was_fuzzed=1, exec_us=4266, hits=1375, map=25, ascii=0, run_time=0:00:17:44)...[0m
[1;94m[*] [0mFuzzing test case #90 (112 total, 0 crashes saved, state: in progress, mode=explore, perf_score=229, weight=19, favorite=1, was_fuzzed=1, exec_us=4733, hits=845, map=32, ascii=0, run_time=0:00:17:47)...[0m
[1;94m[*] [0mFuzzing test case #54 (112 total, 0 crashes saved, state: in progress, mode=explore, perf_score=229, weight=14, favorite=1, was_fuzzed=1, exec_us=4266, hits=1389, map=25, ascii=0, run_time=0:00:17:50)...[0m
[1;94m[*] [0mFuzzing test case #1 (112 total, 0 crashes saved, state: in progress, mode=explore, perf_score=114, weight=47, favorite=1, was_fuzzed=1, exec_us=5437, hits=7753, map=18, ascii=0, run_time=0:00:17:53)...[0m
[1;94m[*] [0mFuzzing test case #80 (112 total, 0 crashes saved, state: in progress, mode=explore, perf_score=100, weight=1, favorite=0, was_fuzzed=0, exec_us=5092, hits=20, map=23, ascii=0, run_time=0:00:17:54)...[0m
[1;94m[*] [0mFuzzing test case #1 (112 total, 0 crashes saved, state: in progress, mode=explore, perf_score=114, weight=47, favorite=1, was_fuzzed=1, exec_us=5437, hits=7773, map=18, ascii=0, run_time=0:00:17:56)...[0m
[1;94m[*] [0mFuzzing test case #1 (112 total, 0 crashes saved, state: in progress, mode=explore, perf_score=114, weight=47, favorite=1, was_fuzzed=1, exec_us=5437, hits=7809, map=18, ascii=0, run_time=0:00:17:57)...[0m
[1;94m[*] [0mFuzzing test case #90 (112 total, 0 crashes saved, state: in progress, mode=explore, perf_score=229, weight=19, favorite=1, was_fuzzed=1, exec_us=4733, hits=913, map=32, ascii=0, run_time=0:00:17:59)...[0m
[1;94m[*] [0mFuzzing test case #1 (112 total, 0 crashes saved, state: in progress, mode=explore, perf_score=114, weight=47, favorite=1, was_fuzzed=1, exec_us=5437, hits=7834, map=18, ascii=0, run_time=0:00:18:02)...[0m
[1;94m[*] [0mFuzzing test case #54 (112 total, 0 crashes saved, state: in progress, mode=explore, perf_score=229, weight=14, favorite=1, was_fuzzed=1, exec_us=4266, hits=1405, map=25, ascii=0, run_time=0:00:18:03)...[0m
[1;94m[*] [0mFuzzing test case #1 (112 total, 0 crashes saved, state: in progress, mode=explore, perf_score=114, weight=47, favorite=1, was_fuzzed=1, exec_us=5437, hits=7864, map=18, ascii=0, run_time=0:00:18:06)...[0m
[1;94m[*] [0mFuzzing test case #91 (112 total, 0 crashes saved, state: in progress, mode=explore, perf_score=200, weight=1, favorite=0, was_fuzzed=0, exec_us=4724, hits=60, map=31, ascii=0, run_time=0:00:18:07)...[0m
[1;94m[*] [0mFuzzing test case #1 (112 total, 0 crashes saved, state: in progress, mode=explore, perf_score=114, weight=47, favorite=1, was_fuzzed=1, exec_us=5437, hits=7927, map=18, ascii=0, run_time=0:00:18:16)...[0m
[1;94m[*] [0mFuzzing test case #1 (112 total, 0 crashes saved, state: in progress, mode=explore, perf_score=114, weight=47, favorite=1, was_fuzzed=1, exec_us=5437, hits=7988, map=18, ascii=0, run_time=0:00:18:17)...[0m
[1;94m[*] [0mFuzzing test case #1 (112 total, 0 crashes saved, state: in progress, mode=explore, perf_score=114, weight=47, favorite=1, was_fuzzed=1, exec_us=5437, hits=8020, map=18, ascii=0, run_time=0:00:18:18)...[0m
[1;94m[*] [0mFuzzing test case #90 (112 total, 0 crashes saved, state: in progress, mode=explore, perf_score=229, weight=19, favorite=1, was_fuzzed=1, exec_us=4733, hits=920, map=32, ascii=0, run_time=0:00:18:20)...[0m
[1;94m[*] [0mFuzzing test case #1 (112 total, 0 crashes saved, state: in progress, mode=explore, perf_score=114, weight=47, favorite=1, was_fuzzed=1, exec_us=5437, hits=8087, map=18, ascii=0, run_time=0:00:18:23)...[0m
[1;94m[*] [0mFuzzing test case #1 (112 total, 0 crashes saved, state: in progress, mode=explore, perf_score=114, weight=47, favorite=1, was_fuzzed=1, exec_us=5437, hits=8143, map=18, ascii=0, run_time=0:00:18:25)...[0m
[1;94m[*] [0mFuzzing test case #1 (112 total, 0 crashes saved, state: in progress, mode=explore, perf_score=114, weight=47, favorite=1, was_fuzzed=1, exec_us=5437, hits=8199, map=18, ascii=0, run_time=0:00:18:26)...[0m
[1;94m[*] [0mFuzzing test case #24 (112 total, 0 crashes saved, state: in progress, mode=explore, perf_score=229, weight=12, favorite=1, was_fuzzed=1, exec_us=4924, hits=1339, map=21, ascii=0, run_time=0:00:18:28)...[0m
[1;94m[*] [0mFuzzing test case #24 (112 total, 0 crashes saved, state: in progress, mode=explore, perf_score=229, weight=12, favorite=1, was_fuzzed=1, exec_us=4924, hits=1412, map=21, ascii=0, run_time=0:00:18:30)...[0m
[1;94m[*] [0mFuzzing test case #1 (112 total, 0 crashes saved, state: in progress, mode=explore, perf_score=114, weight=47, favorite=1, was_fuzzed=1, exec_us=5437, hits=8250, map=18, ascii=0, run_time=0:00:18:33)...[0m
[1;94m[*] [0mFuzzing test case #90 (112 total, 0 crashes saved, state: in progress, mode=explore, perf_score=229, weight=19, favorite=1, was_fuzzed=1, exec_us=4733, hits=948, map=32, ascii=0, run_time=0:00:18:35)...[0m
[1;94m[*] [0mFuzzing test case #1 (112 total, 0 crashes saved, state: in progress, mode=explore, perf_score=114, weight=47, favorite=1, was_fuzzed=1, exec_us=5437, hits=8299, map=18, ascii=0, run_time=0:00:18:38)...[0m
[1;94m[*] [0mFuzzing test case #1 (112 total, 0 crashes saved, state: in progress, mode=explore, perf_score=114, weight=47, favorite=1, was_fuzzed=1, exec_us=5437, hits=8346, map=18, ascii=0, run_time=0:00:18:39)...[0m
[1;94m[*] [0mFuzzing test case #1 (112 total, 0 crashes saved, state: in progress, mode=explore, perf_score=114, weight=47, favorite=1, was_fuzzed=1, exec_us=5437, hits=8379, map=18, ascii=0, run_time=0:00:18:41)...[0m
[1;94m[*] [0mFuzzing test case #1 (112 total, 0 crashes saved, state: in progress, mode=explore, perf_score=114, weight=47, favorite=1, was_fuzzed=1, exec_us=5437, hits=8396, map=18, ascii=0, run_time=0:00:18:42)...[0m
[1;94m[*] [0mFuzzing test case #1 (112 total, 0 crashes saved, state: in progress, mode=explore, perf_score=114, weight=47, favorite=1, was_fuzzed=1, exec_us=5437, hits=8407, map=18, ascii=0, run_time=0:00:18:43)...[0m
[1;94m[*] [0mFuzzing test case #1 (112 total, 0 crashes saved, state: in progress, mode=explore, perf_score=114, weight=47, favorite=1, was_fuzzed=1, exec_us=5437, hits=8447, map=18, ascii=0, run_time=0:00:18:45)...[0m
[1;94m[*] [0mFuzzing test case #1 (112 total, 0 crashes saved, state: in progress, mode=explore, perf_score=114, weight=47, favorite=1, was_fuzzed=1, exec_us=5437, hits=8500, map=18, ascii=0, run_time=0:00:18:46)...[0m
[1;94m[*] [0mFuzzing test case #1 (112 total, 0 crashes saved, state: in progress, mode=explore, perf_score=114, weight=47, favorite=1, was_fuzzed=1, exec_us=5437, hits=8529, map=18, ascii=0, run_time=0:00:18:48)...[0m
[1;94m[*] [0mFuzzing test case #54 (112 total, 0 crashes saved, state: in progress, mode=explore, perf_score=229, weight=14, favorite=1, was_fuzzed=1, exec_us=4266, hits=1416, map=25, ascii=0, run_time=0:00:18:49)...[0m
[1;94m[*] [0mFuzzing test case #105 (112 total, 0 crashes saved, state: in progress, mode=explore, perf_score=200, weight=2, favorite=0, was_fuzzed=0, exec_us=5408, hits=1, map=31, ascii=0, run_time=0:00:18:53)...[0m
[1;94m[*] [0mFuzzing test case #109 (112 total, 0 crashes saved, state: in progress, mode=explore, perf_score=229, weight=6, favorite=1, was_fuzzed=1, exec_us=5213, hits=562, map=31, ascii=0, run_time=0:00:19:01)...[0m
[1;94m[*] [0mFuzzing test case #90 (113 total, 0 crashes saved, state: in progress, mode=explore, perf_score=229, weight=19, favorite=1, was_fuzzed=1, exec_us=4733, hits=956, map=32, ascii=0, run_time=0:00:19:05)...[0m
[1;94m[*] [0mFuzzing test case #1 (113 total, 0 crashes saved, state: in progress, mode=explore, perf_score=114, weight=47, favorite=1, was_fuzzed=1, exec_us=5437, hits=8618, map=18, ascii=0, run_time=0:00:19:08)...[0m
[1;94m[*] [0mFuzzing test case #1 (113 total, 0 crashes saved, state: in progress, mode=explore, perf_score=114, weight=47, favorite=1, was_fuzzed=1, exec_us=5437, hits=8642, map=18, ascii=0, run_time=0:00:19:09)...[0m
[1;94m[*] [0mFuzzing test case #1 (113 total, 0 crashes saved, state: in progress, mode=explore, perf_score=114, weight=47, favorite=1, was_fuzzed=1, exec_us=5437, hits=8702, map=18, ascii=0, run_time=0:00:19:11)...[0m
[1;94m[*] [0mFuzzing test case #1 (113 total, 0 crashes saved, state: in progress, mode=explore, perf_score=114, weight=47, favorite=1, was_fuzzed=1, exec_us=5437, hits=8741, map=18, ascii=0, run_time=0:00:19:12)...[0m
[1;94m[*] [0mFuzzing test case #1 (113 total, 0 crashes saved, state: in progress, mode=explore, perf_score=114, weight=47, favorite=1, was_fuzzed=1, exec_us=5437, hits=8779, map=18, ascii=0, run_time=0:00:19:14)...[0m
[1;94m[*] [0mFuzzing test case #62 (113 total, 0 crashes saved, state: in progress, mode=explore, perf_score=200, weight=1, favorite=0, was_fuzzed=0, exec_us=4466, hits=71, map=23, ascii=0, run_time=0:00:19:15)...[0m
[1;94m[*] [0mFuzzing test case #54 (113 total, 0 crashes saved, state: in progress, mode=explore, perf_score=229, weight=15, favorite=1, was_fuzzed=1, exec_us=4266, hits=1441, map=25, ascii=0, run_time=0:00:19:20)...[0m
[1;94m[*] [0mFuzzing test case #98 (113 total, 0 crashes saved, state: in progress, mode=explore, perf_score=200, weight=1, favorite=0, was_fuzzed=0, exec_us=4055, hits=19, map=23, ascii=0, run_time=0:00:19:23)...[0m
[1;94m[*] [0mFuzzing test case #1 (113 total, 0 crashes saved, state: in progress, mode=explore, perf_score=114, weight=47, favorite=1, was_fuzzed=1, exec_us=5437, hits=8817, map=18, ascii=0, run_time=0:00:19:27)...[0m
[1;94m[*] [0mFuzzing test case #109 (113 total, 0 crashes saved, state: in progress, mode=explore, perf_score=229, weight=6, favorite=1, was_fuzzed=1, exec_us=5213, hits=589, map=31, ascii=0, run_time=0:00:19:29)...[0m
[1;94m[*] [0mFuzzing test case #90 (113 total, 0 crashes saved, state: in progress, mode=explore, perf_score=229, weight=19, favorite=1, was_fuzzed=1, exec_us=4733, hits=966, map=32, ascii=0, run_time=0:00:19:32)...[0m
[1;94m[*] [0mFuzzing test case #109 (113 total, 0 crashes saved, state: in progress, mode=explore, perf_score=229, weight=6, favorite=1, was_fuzzed=1, exec_us=5213, hits=668, map=31, ascii=0, run_time=0:00:19:35)...[0m
[?25h[1;91m

+++ Testing aborted programmatically +++
[0m[1;94m[*] [0mStatistics: 112 new corpus items found, 52.05% coverage achieved, 2 crashes saved, 0 timeouts saved, total runtime 0 days, 0 hrs, 19 min, 37 sec[0m
[1;92m[+] [0mWe're done here. Have a nice day!
[0m
