JOB timestamp: Mon Dec 18 13:29:19 MST 2023
JOB ID: 121403
Array Task ID: 3
Current directory: /lfs/koff9454.ui/projects/plc_runtime_fuzzer/code_analysis/src
r2i1n4
gcc (Spack GCC) 12.1.0
Copyright (C) 2022 Free Software Foundation, Inc.
This is free software; see the source for copying conditions.  There is NO
warranty; not even for MERCHANTABILITY or FITNESS FOR A PARTICULAR PURPOSE.

Python 3.11.5
/lfs/koff9454.ui/miniconda3/envs/plc/bin/python
matiec version 0.1
changeset id: 
Number of programs: 10
Programs: complex_1 complex_10 complex_2 complex_3 complex_4 complex_5 complex_6 complex_7 complex_8 complex_9
Fuzzing program: complex_3, Job ID: 3
input dir exist, skipping
harness file exist, skipping
Running the fuzzers
Workdir: "/lfs/koff9454.ui/projects/plc_runtime_fuzzer/code_analysis/src/programs/complex/complex_3/runs/run-3"
Out dir at "fuzzer-outdir" already exists.
Let's fuzz :)
[Stats #0] run time: 0h-0m-0s, clients: 1, corpus: 0, objectives: 0, executions: 0, exec/sec: 0.000
[Testcase #0] run time: 0h-0m-0s, clients: 1, corpus: 1, objectives: 0, executions: 1, exec/sec: 0.000
We imported 1 inputs from disk.
[Objective #0] run time: 0h-0m-0s, clients: 1, corpus: 1, objectives: 1, executions: 1, exec/sec: 0.000
[Objective #0] run time: 0h-0m-0s, clients: 1, corpus: 1, objectives: 2, executions: 1, exec/sec: 0.000
[Stats #0] run time: 0h-0m-0s, clients: 1, corpus: 1, objectives: 2, executions: 1, exec/sec: 0.000
[Testcase #0] run time: 0h-0m-0s, clients: 1, corpus: 2, objectives: 2, executions: 14, exec/sec: 0.000
[Objective #0] run time: 0h-0m-0s, clients: 1, corpus: 2, objectives: 3, executions: 14, exec/sec: 0.000
[Objective #0] run time: 0h-0m-0s, clients: 1, corpus: 2, objectives: 4, executions: 14, exec/sec: 0.000
[Objective #0] run time: 0h-0m-0s, clients: 1, corpus: 2, objectives: 5, executions: 14, exec/sec: 0.000
[Objective #0] run time: 0h-0m-0s, clients: 1, corpus: 2, objectives: 6, executions: 14, exec/sec: 0.000
[Objective #0] run time: 0h-0m-1s, clients: 1, corpus: 2, objectives: 7, executions: 14, exec/sec: 13.51
[Objective #0] run time: 0h-0m-1s, clients: 1, corpus: 2, objectives: 8, executions: 14, exec/sec: 11.96
[Stats #0] run time: 0h-0m-1s, clients: 1, corpus: 2, objectives: 8, executions: 14, exec/sec: 11.95
[Testcase #0] run time: 0h-0m-1s, clients: 1, corpus: 3, objectives: 8, executions: 52, exec/sec: 44.30
[Objective #0] run time: 0h-0m-1s, clients: 1, corpus: 3, objectives: 9, executions: 52, exec/sec: 39.07
[Objective #0] run time: 0h-0m-1s, clients: 1, corpus: 3, objectives: 10, executions: 52, exec/sec: 35.05
[Objective #0] run time: 0h-0m-1s, clients: 1, corpus: 3, objectives: 11, executions: 52, exec/sec: 31.89
[Objective #0] run time: 0h-0m-1s, clients: 1, corpus: 3, objectives: 12, executions: 52, exec/sec: 29.41
[Objective #0] run time: 0h-0m-1s, clients: 1, corpus: 3, objectives: 13, executions: 52, exec/sec: 27.55
[Objective #0] run time: 0h-0m-2s, clients: 1, corpus: 3, objectives: 14, executions: 52, exec/sec: 25.62
[Objective #0] run time: 0h-0m-2s, clients: 1, corpus: 3, objectives: 15, executions: 52, exec/sec: 24.24
[Objective #0] run time: 0h-0m-2s, clients: 1, corpus: 3, objectives: 16, executions: 52, exec/sec: 22.88
[Objective #0] run time: 0h-0m-2s, clients: 1, corpus: 3, objectives: 17, executions: 52, exec/sec: 21.56
[Objective #0] run time: 0h-0m-2s, clients: 1, corpus: 3, objectives: 18, executions: 52, exec/sec: 20.31
[Objective #0] run time: 0h-0m-2s, clients: 1, corpus: 3, objectives: 19, executions: 52, exec/sec: 19.12
[Objective #0] run time: 0h-0m-2s, clients: 1, corpus: 3, objectives: 20, executions: 52, exec/sec: 18.01
[Objective #0] run time: 0h-0m-3s, clients: 1, corpus: 3, objectives: 21, executions: 52, exec/sec: 17.15
[Objective #0] run time: 0h-0m-3s, clients: 1, corpus: 3, objectives: 22, executions: 52, exec/sec: 16.32
Crash limit reached: 1
