JOB timestamp: Mon Dec 18 15:28:05 MST 2023
JOB ID: 121616
Array Task ID: 5
Current directory: /lfs/koff9454.ui/projects/plc_runtime_fuzzer/code_analysis/src
r2i1n4
gcc (Spack GCC) 12.1.0
Copyright (C) 2022 Free Software Foundation, Inc.
This is free software; see the source for copying conditions.  There is NO
warranty; not even for MERCHANTABILITY or FITNESS FOR A PARTICULAR PURPOSE.

Python 3.11.5
/lfs/koff9454.ui/miniconda3/envs/plc/bin/python
matiec version 0.1
changeset id: 
Number of programs: 3
Programs: condition_1 condition_2 condition_3
Fuzzing program: condition_3, Job ID: 5
input dir exist, skipping
harness file exist, skipping
Running the fuzzers
Workdir: "/lfs/koff9454.ui/projects/plc_runtime_fuzzer/code_analysis/src/programs/condition/condition_3/runs/run-5"
Out dir at "fuzzer-outdir" already exists.
Let's fuzz :)
[Stats #0] run time: 0h-0m-0s, clients: 1, corpus: 0, objectives: 0, executions: 0, exec/sec: 0.000
[Testcase #0] run time: 0h-0m-0s, clients: 1, corpus: 1, objectives: 0, executions: 1, exec/sec: 0.000
We imported 1 inputs from disk.
[Objective #0] run time: 0h-0m-0s, clients: 1, corpus: 1, objectives: 1, executions: 1, exec/sec: 0.000
[Stats #0] run time: 0h-0m-0s, clients: 1, corpus: 1, objectives: 1, executions: 1, exec/sec: 0.000
[Testcase #0] run time: 0h-0m-0s, clients: 1, corpus: 2, objectives: 1, executions: 11, exec/sec: 0.000
[Objective #0] run time: 0h-0m-0s, clients: 1, corpus: 2, objectives: 2, executions: 11, exec/sec: 0.000
[Objective #0] run time: 0h-0m-0s, clients: 1, corpus: 2, objectives: 3, executions: 11, exec/sec: 0.000
[Stats #0] run time: 0h-0m-0s, clients: 1, corpus: 2, objectives: 3, executions: 11, exec/sec: 0.000
[Testcase #0] run time: 0h-0m-0s, clients: 1, corpus: 3, objectives: 3, executions: 16, exec/sec: 0.000
[Objective #0] run time: 0h-0m-0s, clients: 1, corpus: 3, objectives: 4, executions: 16, exec/sec: 0.000
[Objective #0] run time: 0h-0m-0s, clients: 1, corpus: 3, objectives: 5, executions: 16, exec/sec: 0.000
[Objective #0] run time: 0h-0m-0s, clients: 1, corpus: 3, objectives: 6, executions: 16, exec/sec: 0.000
[Objective #0] run time: 0h-0m-0s, clients: 1, corpus: 3, objectives: 7, executions: 16, exec/sec: 0.000
[Objective #0] run time: 0h-0m-1s, clients: 1, corpus: 3, objectives: 8, executions: 16, exec/sec: 14.23
[Objective #0] run time: 0h-0m-1s, clients: 1, corpus: 3, objectives: 9, executions: 16, exec/sec: 12.64
[Objective #0] run time: 0h-0m-1s, clients: 1, corpus: 3, objectives: 10, executions: 16, exec/sec: 11.40
[Objective #0] run time: 0h-0m-1s, clients: 1, corpus: 3, objectives: 11, executions: 16, exec/sec: 10.44
[Objective #0] run time: 0h-0m-1s, clients: 1, corpus: 3, objectives: 12, executions: 16, exec/sec: 9.602
[Objective #0] run time: 0h-0m-1s, clients: 1, corpus: 3, objectives: 13, executions: 16, exec/sec: 8.905
[Objective #0] run time: 0h-0m-1s, clients: 1, corpus: 3, objectives: 14, executions: 16, exec/sec: 8.274
[1;92m[+] [0mEnabled environment variable AFL_BENCH_UNTIL_CRASH with value 1[0m
[1;92m[+] [0mEnabled environment variable AFL_IGNORE_SEED_PROBLEMS with value 1[0m
[1;92m[+] [0mEnabled environment variable AFL_I_DONT_CARE_ABOUT_MISSING_CRASHES with value 1[0m
[1;92m[+] [0mEnabled environment variable AFL_SKIP_CPUFREQ with value 1[0m
[1;92m[+] [0mEnabled environment variable AFL_TRY_AFFINITY with value 1[0m
[1;93m[!] [1;97mWARNING: [0mPotentially mistyped AFL environment variable: USE_PCM_DB=2, did you mean AFL_USE_PCM_DB=2?[0m
[0;36mafl-fuzz++4.09a[0m based on afl by Michal Zalewski and a large online community
[1;92m[+] [0mAFL++ is maintained by Marc "van Hauser" Heuse, Dominik Maier, Andrea Fioraldi and Heiko "hexcoder" Eißfeldt[0m
[1;92m[+] [0mAFL++ is open source, get it at https://github.com/AFLplusplus/AFLplusplus[0m
[1;92m[+] [0mNOTE: AFL++ >= v3 has changed defaults and behaviours - see README.md[0m
[1;92m[+] [0mNo -M/-S set, autoconfiguring for "-S default"[0m
[1;94m[*] [0mGetting to work...[0m
[1;92m[+] [0mUsing exponential power schedule (FAST)[0m
[1;92m[+] [0mEnabled testcache with 50 MB[0m
[1;92m[+] [0mGenerating fuzz data with a length of min=1 max=1048576[0m
[1;94m[*] [0mChecking core_pattern...[0m

[1;91m[-] [0mHmm, your system is configured to send core dump notifications to an
    external utility. This will cause issues: there will be an extended delay
    between stumbling upon a crash and having this information relayed to the
    fuzzer via the standard waitpid() API.
    If you're just testing, set 'AFL_I_DONT_CARE_ABOUT_MISSING_CRASHES=1'.

    To avoid having crashes misinterpreted as timeouts, please log in as root
    and temporarily modify /proc/sys/kernel/core_pattern, like so:

    echo core >/proc/sys/kernel/core_pattern
[1;92m[+] [0mLooks like we're not running on a tty, so I'll be a bit less verbose.[0m
[1;92m[+] [0mYou have 36 CPU cores and 10 runnable tasks (utilization: 28%).[0m
[1;92m[+] [0mTry parallel jobs - see /usr/local/share/doc/afl/fuzzing_in_depth.md#c-using-multiple-cores[0m
[1;94m[*] [0mSetting up output directories...[0m
[1;94m[*] [0mChecking CPU core loadout...[0m
[1;92m[+] [0mFound a free CPU core, try binding to #4.[0m
[1;94m[*] [0mScanning 'afl-indir'...[0m
[1;92m[+] [0mLoaded a total of 1 seeds.[0m
[1;94m[*] [0mCreating hard links for all input files...[0m
[1;94m[*] [0mValidating target binary...[0m
[1;94m[*] [0mSpinning up the fork server...[0m
[1;92m[+] [0mAll right - fork server is up.[0m
[1;94m[*] [0mTarget map size: 75[0m
[1;94m[*] [0mNo auto-generated dictionary tokens to reuse.[0m
[1;94m[*] [0mLoading extra dictionary from 'afl-inputs.dict' (level 0)...[0m
[1;94m[*] [0mLoaded 80 extra tokens, size range 4 B to 6 B.[0m
[1;92m[+] [0mLoaded a total of 6 extras.[0m
[1;94m[*] [0mAttempting dry run with 'id:000000,time:0,execs:0,orig:testcase.txt'...[0m
[1;90m    len = 3, map size = 22, exec speed = 7158 us, hash = f12e82753eb161b5
[0m[1;92m[+] [0mAll test cases processed.[0m
[1;92m[+] [0mHere are some useful stats:

[1;90m    Test case count : [0m1 favored, 0 variable, 0 ignored, 1 total
[1;90m       Bitmap range : [0m22 to 22 bits (average: 22.00 bits)
[1;90m        Exec timing : [0m7158 to 7158 us (average: 7158 us)
[0m
[1;94m[*] [0mNo -t option specified, so I'll use an exec timeout of 40 ms.[0m
[1;92m[+] [0mAll set and ready to roll![0m
[1;94m[*] [0mEntering queue cycle 1.[0m
[1;94m[*] [0mFuzzing test case #0 (1 total, 0 crashes saved, state: started :-), mode=explore, perf_score=0, weight=0, favorite=1, was_fuzzed=0, exec_us=7158, hits=0, map=22, ascii=0, run_time=0:00:00:00)...[0m
[Objective #0] run time: 0h-0m-2s, clients: 1, corpus: 3, objectives: 15, executions: 16, exec/sec: 7.685
[1;92m[+] [0mEnabled environment variable AFL_BENCH_UNTIL_CRASH with value 1[0m
[1;92m[+] [0mEnabled environment variable AFL_IGNORE_SEED_PROBLEMS with value 1[0m
[1;92m[+] [0mEnabled environment variable AFL_I_DONT_CARE_ABOUT_MISSING_CRASHES with value 1[0m
[1;92m[+] [0mEnabled environment variable AFL_SKIP_CPUFREQ with value 1[0m
[1;92m[+] [0mEnabled environment variable AFL_TRY_AFFINITY with value 1[0m
[1;93m[!] [1;97mWARNING: [0mPotentially mistyped AFL environment variable: USE_PCM_DB=2, did you mean AFL_USE_PCM_DB=2?[0m
[0;36mafl-fuzz++4.09a[0m based on afl by Michal Zalewski and a large online community
[1;92m[+] [0mAFL++ is maintained by Marc "van Hauser" Heuse, Dominik Maier, Andrea Fioraldi and Heiko "hexcoder" Eißfeldt[0m
[1;92m[+] [0mAFL++ is open source, get it at https://github.com/AFLplusplus/AFLplusplus[0m
[1;92m[+] [0mNOTE: AFL++ >= v3 has changed defaults and behaviours - see README.md[0m
[1;92m[+] [0mNo -M/-S set, autoconfiguring for "-S default"[0m
[1;94m[*] [0mGetting to work...[0m
[1;92m[+] [0mUsing exponential power schedule (FAST)[0m
[1;92m[+] [0mEnabled testcache with 50 MB[0m
[1;92m[+] [0mGenerating fuzz data with a length of min=1 max=1048576[0m
[1;94m[*] [0mChecking core_pattern...[0m

[1;91m[-] [0mHmm, your system is configured to send core dump notifications to an
    external utility. This will cause issues: there will be an extended delay
    between stumbling upon a crash and having this information relayed to the
    fuzzer via the standard waitpid() API.
    If you're just testing, set 'AFL_I_DONT_CARE_ABOUT_MISSING_CRASHES=1'.

    To avoid having crashes misinterpreted as timeouts, please log in as root
    and temporarily modify /proc/sys/kernel/core_pattern, like so:

    echo core >/proc/sys/kernel/core_pattern
[1;92m[+] [0mLooks like we're not running on a tty, so I'll be a bit less verbose.[0m
[1;92m[+] [0mYou have 36 CPU cores and 6 runnable tasks (utilization: 17%).[0m
[1;92m[+] [0mTry parallel jobs - see /usr/local/share/doc/afl/fuzzing_in_depth.md#c-using-multiple-cores[0m
[1;94m[*] [0mSetting up output directories...[0m
[1;94m[*] [0mChecking CPU core loadout...[0m
[1;92m[+] [0mFound a free CPU core, try binding to #7.[0m
[1;94m[*] [0mScanning 'our-indir'...[0m
[1;92m[+] [0mLoaded a total of 1 seeds.[0m
[1;94m[*] [0mCreating hard links for all input files...[0m
[1;94m[*] [0mValidating target binary...[0m
[1;94m[*] [0mSpinning up the fork server...[0m
[1;92m[+] [0mAll right - fork server is up.[0m
[1;94m[*] [0mTarget map size: 75[0m
[1;94m[*] [0mNo auto-generated dictionary tokens to reuse.[0m
[1;94m[*] [0mLoading extra dictionary from 'our-inputs.dict' (level 0)...[0m
[1;94m[*] [0mLoaded 80 extra tokens, size range 4 B to 6 B.[0m
[1;92m[+] [0mLoaded a total of 6 extras.[0m
[1;94m[*] [0mAttempting dry run with 'id:000000,time:0,execs:0,orig:variables.txt'...[0m
[1;90m    len = 560, map size = 23, exec speed = 5630 us, hash = 9b4849e5a795fa70
[0m[1;92m[+] [0mAll test cases processed.[0m
[1;92m[+] [0mHere are some useful stats:

[1;90m    Test case count : [0m1 favored, 0 variable, 0 ignored, 1 total
[1;90m       Bitmap range : [0m23 to 23 bits (average: 23.00 bits)
[1;90m        Exec timing : [0m5630 to 5630 us (average: 5630 us)
[0m
[1;94m[*] [0mNo -t option specified, so I'll use an exec timeout of 40 ms.[0m
[1;92m[+] [0mAll set and ready to roll![0m
[1;94m[*] [0mEntering queue cycle 1.[0m
[1;94m[*] [0mFuzzing test case #0 (1 total, 0 crashes saved, state: started :-), mode=explore, perf_score=0, weight=0, favorite=1, was_fuzzed=0, exec_us=5630, hits=0, map=23, ascii=0, run_time=0:00:00:00)...[0m
[1;94m[*] [0mFuzzing test case #1 (2 total, 0 crashes saved, state: started :-), mode=explore, perf_score=0, weight=0, favorite=1, was_fuzzed=0, exec_us=2452, hits=5, map=23, ascii=0, run_time=0:00:00:00)...[0m
[1;94m[*] [0mFuzzing test case #1 (2 total, 0 crashes saved, state: started :-), mode=explore, perf_score=345, weight=17, favorite=1, was_fuzzed=1, exec_us=2452, hits=5, map=23, ascii=0, run_time=0:00:00:00)...[0m
[Objective #0] run time: 0h-0m-2s, clients: 1, corpus: 3, objectives: 16, executions: 16, exec/sec: 7.112
[Objective #0] run time: 0h-0m-2s, clients: 1, corpus: 3, objectives: 17, executions: 16, exec/sec: 6.735
[Objective #0] run time: 0h-0m-2s, clients: 1, corpus: 3, objectives: 18, executions: 16, exec/sec: 6.365
[Objective #0] run time: 0h-0m-2s, clients: 1, corpus: 3, objectives: 19, executions: 16, exec/sec: 6.014
[Objective #0] run time: 0h-0m-2s, clients: 1, corpus: 3, objectives: 20, executions: 16, exec/sec: 5.691
[Objective #0] run time: 0h-0m-2s, clients: 1, corpus: 3, objectives: 21, executions: 16, exec/sec: 5.439
[Objective #0] run time: 0h-0m-3s, clients: 1, corpus: 3, objectives: 22, executions: 16, exec/sec: 5.171
[Objective #0] run time: 0h-0m-3s, clients: 1, corpus: 3, objectives: 23, executions: 16, exec/sec: 4.943
[Objective #0] run time: 0h-0m-3s, clients: 1, corpus: 3, objectives: 24, executions: 16, exec/sec: 4.707
[Objective #0] run time: 0h-0m-3s, clients: 1, corpus: 3, objectives: 25, executions: 16, exec/sec: 4.526
[Objective #0] run time: 0h-0m-3s, clients: 1, corpus: 3, objectives: 26, executions: 16, exec/sec: 4.325
[Objective #0] run time: 0h-0m-3s, clients: 1, corpus: 3, objectives: 27, executions: 16, exec/sec: 4.166
[Objective #0] run time: 0h-0m-3s, clients: 1, corpus: 3, objectives: 28, executions: 16, exec/sec: 4.008
[Objective #0] run time: 0h-0m-4s, clients: 1, corpus: 3, objectives: 29, executions: 16, exec/sec: 3.852
[Objective #0] run time: 0h-0m-4s, clients: 1, corpus: 3, objectives: 30, executions: 16, exec/sec: 3.729
[Objective #0] run time: 0h-0m-4s, clients: 1, corpus: 3, objectives: 31, executions: 16, exec/sec: 3.613
[Objective #0] run time: 0h-0m-4s, clients: 1, corpus: 3, objectives: 32, executions: 16, exec/sec: 3.511
[Objective #0] run time: 0h-0m-4s, clients: 1, corpus: 3, objectives: 33, executions: 16, exec/sec: 3.407
[Objective #0] run time: 0h-0m-4s, clients: 1, corpus: 3, objectives: 34, executions: 16, exec/sec: 3.306
[Objective #0] run time: 0h-0m-4s, clients: 1, corpus: 3, objectives: 35, executions: 16, exec/sec: 3.207
[Objective #0] run time: 0h-0m-5s, clients: 1, corpus: 3, objectives: 36, executions: 16, exec/sec: 3.104
[Objective #0] run time: 0h-0m-5s, clients: 1, corpus: 3, objectives: 37, executions: 16, exec/sec: 3.020
[Objective #0] run time: 0h-0m-5s, clients: 1, corpus: 3, objectives: 38, executions: 16, exec/sec: 2.928
[Objective #0] run time: 0h-0m-5s, clients: 1, corpus: 3, objectives: 39, executions: 16, exec/sec: 2.851
[Objective #0] run time: 0h-0m-5s, clients: 1, corpus: 3, objectives: 40, executions: 16, exec/sec: 2.758
[Objective #0] run time: 0h-0m-5s, clients: 1, corpus: 3, objectives: 41, executions: 16, exec/sec: 2.678
[Objective #0] run time: 0h-0m-6s, clients: 1, corpus: 3, objectives: 42, executions: 16, exec/sec: 2.617
[Objective #0] run time: 0h-0m-6s, clients: 1, corpus: 3, objectives: 43, executions: 16, exec/sec: 2.566
[Objective #0] run time: 0h-0m-6s, clients: 1, corpus: 3, objectives: 44, executions: 16, exec/sec: 2.513
[Objective #0] run time: 0h-0m-6s, clients: 1, corpus: 3, objectives: 45, executions: 16, exec/sec: 2.457
[Objective #0] run time: 0h-0m-6s, clients: 1, corpus: 3, objectives: 46, executions: 16, exec/sec: 2.403
[Objective #0] run time: 0h-0m-6s, clients: 1, corpus: 3, objectives: 47, executions: 16, exec/sec: 2.355
[Objective #0] run time: 0h-0m-6s, clients: 1, corpus: 3, objectives: 48, executions: 16, exec/sec: 2.304
[Objective #0] run time: 0h-0m-7s, clients: 1, corpus: 3, objectives: 49, executions: 16, exec/sec: 2.263
[Objective #0] run time: 0h-0m-7s, clients: 1, corpus: 3, objectives: 50, executions: 16, exec/sec: 2.214
[Objective #0] run time: 0h-0m-7s, clients: 1, corpus: 3, objectives: 51, executions: 16, exec/sec: 2.170
Crash limit reached: 1
[1;94m[*] [0mFuzzing test case #7 (9 total, 0 crashes saved, state: started :-), mode=explore, perf_score=0, weight=0, favorite=1, was_fuzzed=0, exec_us=7195, hits=32, map=24, ascii=0, run_time=0:00:01:51)...[0m
[1;94m[*] [0mFuzzing test case #1 (9 total, 0 crashes saved, state: started :-), mode=explore, perf_score=172, weight=25, favorite=1, was_fuzzed=1, exec_us=2452, hits=4376, map=23, ascii=0, run_time=0:00:01:51)...[0m
[1;94m[*] [0mFuzzing test case #1 (9 total, 0 crashes saved, state: started :-), mode=explore, perf_score=172, weight=25, favorite=1, was_fuzzed=1, exec_us=2452, hits=4437, map=23, ascii=0, run_time=0:00:01:51)...[0m
[1;94m[*] [0mFuzzing test case #1 (9 total, 0 crashes saved, state: started :-), mode=explore, perf_score=172, weight=25, favorite=1, was_fuzzed=1, exec_us=2452, hits=4515, map=23, ascii=0, run_time=0:00:01:51)...[0m
[1;94m[*] [0mFuzzing test case #1 (9 total, 0 crashes saved, state: started :-), mode=explore, perf_score=172, weight=25, favorite=1, was_fuzzed=1, exec_us=2452, hits=4554, map=23, ascii=0, run_time=0:00:01:51)...[0m
[1;94m[*] [0mFuzzing test case #8 (9 total, 0 crashes saved, state: started :-), mode=explore, perf_score=100, weight=2, favorite=0, was_fuzzed=0, exec_us=3310, hits=9, map=23, ascii=0, run_time=0:00:01:52)...[0m
[1;94m[*] [0mFuzzing test case #1 (9 total, 0 crashes saved, state: started :-), mode=explore, perf_score=172, weight=25, favorite=1, was_fuzzed=1, exec_us=2452, hits=4607, map=23, ascii=0, run_time=0:00:01:52)...[0m
[1;94m[*] [0mFuzzing test case #1 (9 total, 0 crashes saved, state: started :-), mode=explore, perf_score=172, weight=25, favorite=1, was_fuzzed=1, exec_us=2452, hits=4658, map=23, ascii=0, run_time=0:00:01:52)...[0m
[1;94m[*] [0mFuzzing test case #1 (9 total, 0 crashes saved, state: started :-), mode=explore, perf_score=172, weight=25, favorite=1, was_fuzzed=1, exec_us=2452, hits=4703, map=23, ascii=0, run_time=0:00:01:53)...[0m
[1;94m[*] [0mFuzzing test case #1 (9 total, 0 crashes saved, state: started :-), mode=explore, perf_score=172, weight=25, favorite=1, was_fuzzed=1, exec_us=2452, hits=4759, map=23, ascii=0, run_time=0:00:01:53)...[0m
[1;94m[*] [0mEntering queue cycle 2.[0m
[1;94m[*] [0mFuzzing test case #1 (9 total, 0 crashes saved, state: started :-), mode=explore, perf_score=172, weight=25, favorite=1, was_fuzzed=1, exec_us=2452, hits=4792, map=23, ascii=0, run_time=0:00:01:53)...[0m
[1;94m[*] [0mFuzzing test case #1 (9 total, 0 crashes saved, state: started :-), mode=explore, perf_score=172, weight=25, favorite=1, was_fuzzed=1, exec_us=2452, hits=4826, map=23, ascii=0, run_time=0:00:02:15)...[0m
[1;94m[*] [0mFuzzing test case #1 (9 total, 0 crashes saved, state: started :-), mode=explore, perf_score=172, weight=25, favorite=1, was_fuzzed=1, exec_us=2452, hits=4881, map=23, ascii=0, run_time=0:00:02:15)...[0m
[1;94m[*] [0mFuzzing test case #0 (9 total, 0 crashes saved, state: started :-), mode=explore, perf_score=400, weight=1, favorite=0, was_fuzzed=1, exec_us=7158, hits=0, map=22, ascii=0, run_time=0:00:02:15)...[0m
[1;94m[*] [0mFuzzing test case #9 (10 total, 0 crashes saved, state: started :-), mode=explore, perf_score=0, weight=0, favorite=1, was_fuzzed=0, exec_us=1279, hits=4, map=24, ascii=0, run_time=0:00:02:16)...[0m
[1;94m[*] [0mFuzzing test case #9 (10 total, 0 crashes saved, state: started :-), mode=explore, perf_score=2070, weight=19, favorite=1, was_fuzzed=1, exec_us=1279, hits=4, map=24, ascii=0, run_time=0:00:02:16)...[0m
[1;94m[*] [0mFuzzing test case #16 (19 total, 0 crashes saved, state: started :-), mode=explore, perf_score=0, weight=0, favorite=1, was_fuzzed=0, exec_us=1228, hits=2, map=22, ascii=0, run_time=0:00:03:38)...[0m
[1;94m[*] [0mFuzzing test case #15 (19 total, 0 crashes saved, state: started :-), mode=explore, perf_score=300, weight=52, favorite=1, was_fuzzed=0, exec_us=1251, hits=2, map=25, ascii=0, run_time=0:00:03:38)...[0m
[1;94m[*] [0mFuzzing test case #14 (19 total, 0 crashes saved, state: started :-), mode=explore, perf_score=150, weight=45, favorite=1, was_fuzzed=0, exec_us=1276, hits=1, map=22, ascii=0, run_time=0:00:03:39)...[0m
[1;94m[*] [0mFuzzing test case #12 (19 total, 0 crashes saved, state: started :-), mode=explore, perf_score=150, weight=18, favorite=1, was_fuzzed=0, exec_us=1265, hits=35, map=24, ascii=0, run_time=0:00:03:40)...[0m
[?25h[1;91m

+++ Testing aborted programmatically +++
[0m[1;94m[*] [0mStatistics: 27 new corpus items found, 48.00% coverage achieved, 1 crashes saved, 0 timeouts saved, total runtime 0 days, 0 hrs, 3 min, 40 sec[0m
[1;92m[+] [0mWe're done here. Have a nice day!
[0m
[1;94m[*] [0mFuzzing test case #16 (20 total, 0 crashes saved, state: started :-), mode=explore, perf_score=690, weight=173, favorite=1, was_fuzzed=1, exec_us=1228, hits=2, map=22, ascii=0, run_time=0:00:03:40)...[0m
[1;94m[*] [0mFuzzing test case #21 (22 total, 0 crashes saved, state: started :-), mode=explore, perf_score=0, weight=0, favorite=1, was_fuzzed=0, exec_us=1219, hits=1, map=26, ascii=0, run_time=0:00:04:04)...[0m
[1;94m[*] [0mFuzzing test case #16 (22 total, 0 crashes saved, state: started :-), mode=explore, perf_score=172, weight=75, favorite=1, was_fuzzed=1, exec_us=1228, hits=61, map=22, ascii=0, run_time=0:00:04:04)...[0m
[1;94m[*] [0mFuzzing test case #16 (22 total, 0 crashes saved, state: started :-), mode=explore, perf_score=172, weight=75, favorite=1, was_fuzzed=1, exec_us=1228, hits=63, map=22, ascii=0, run_time=0:00:04:05)...[0m
[1;94m[*] [0mFuzzing test case #16 (22 total, 0 crashes saved, state: started :-), mode=explore, perf_score=172, weight=75, favorite=1, was_fuzzed=1, exec_us=1228, hits=65, map=22, ascii=0, run_time=0:00:04:05)...[0m
[1;94m[*] [0mFuzzing test case #16 (22 total, 0 crashes saved, state: started :-), mode=explore, perf_score=172, weight=75, favorite=1, was_fuzzed=1, exec_us=1228, hits=77, map=22, ascii=0, run_time=0:00:04:06)...[0m
[1;94m[*] [0mFuzzing test case #16 (22 total, 0 crashes saved, state: started :-), mode=explore, perf_score=172, weight=75, favorite=1, was_fuzzed=1, exec_us=1228, hits=79, map=22, ascii=0, run_time=0:00:04:07)...[0m
[1;94m[*] [0mFuzzing test case #15 (22 total, 0 crashes saved, state: started :-), mode=explore, perf_score=690, weight=21, favorite=1, was_fuzzed=1, exec_us=1251, hits=3, map=25, ascii=0, run_time=0:00:04:07)...[0m
[1;94m[*] [0mFuzzing test case #12 (23 total, 0 crashes saved, state: started :-), mode=explore, perf_score=172, weight=7, favorite=1, was_fuzzed=1, exec_us=1265, hits=76, map=24, ascii=0, run_time=0:00:04:34)...[0m
[1;94m[*] [0mFuzzing test case #16 (23 total, 0 crashes saved, state: started :-), mode=explore, perf_score=172, weight=71, favorite=1, was_fuzzed=1, exec_us=1228, hits=98, map=22, ascii=0, run_time=0:00:04:34)...[0m
[1;94m[*] [0mFuzzing test case #16 (23 total, 0 crashes saved, state: started :-), mode=explore, perf_score=172, weight=71, favorite=1, was_fuzzed=1, exec_us=1228, hits=100, map=22, ascii=0, run_time=0:00:04:35)...[0m
[1;94m[*] [0mFuzzing test case #16 (23 total, 0 crashes saved, state: started :-), mode=explore, perf_score=172, weight=71, favorite=1, was_fuzzed=1, exec_us=1228, hits=123, map=22, ascii=0, run_time=0:00:04:35)...[0m
[1;94m[*] [0mFuzzing test case #21 (23 total, 0 crashes saved, state: started :-), mode=explore, perf_score=1035, weight=25, favorite=1, was_fuzzed=1, exec_us=1219, hits=5, map=26, ascii=0, run_time=0:00:04:36)...[0m
[1;94m[*] [0mFuzzing test case #26 (27 total, 0 crashes saved, state: in progress, mode=explore, perf_score=0, weight=0, favorite=1, was_fuzzed=0, exec_us=1183, hits=2, map=26, ascii=0, run_time=0:00:05:34)...[0m
[1;94m[*] [0mFuzzing test case #26 (27 total, 0 crashes saved, state: in progress, mode=explore, perf_score=2760, weight=33, favorite=1, was_fuzzed=1, exec_us=1183, hits=2, map=26, ascii=0, run_time=0:00:05:34)...[0m
[1;94m[*] [0mFuzzing test case #35 (39 total, 0 crashes saved, state: in progress, mode=explore, perf_score=0, weight=0, favorite=1, was_fuzzed=0, exec_us=1249, hits=1, map=25, ascii=0, run_time=0:00:07:16)...[0m
[1;94m[*] [0mFuzzing test case #31 (39 total, 0 crashes saved, state: in progress, mode=explore, perf_score=400, weight=57, favorite=1, was_fuzzed=0, exec_us=1273, hits=1, map=24, ascii=0, run_time=0:00:07:16)...[0m
[1;94m[*] [0mFuzzing test case #29 (40 total, 0 crashes saved, state: in progress, mode=explore, perf_score=600, weight=38, favorite=1, was_fuzzed=0, exec_us=1150, hits=21, map=26, ascii=0, run_time=0:00:07:18)...[0m
[1;94m[*] [0mFuzzing test case #14 (41 total, 0 crashes saved, state: in progress, mode=explore, perf_score=229, weight=8, favorite=1, was_fuzzed=1, exec_us=1276, hits=20, map=22, ascii=0, run_time=0:00:07:39)...[0m
[1;94m[*] [0mFuzzing test case #35 (42 total, 0 crashes saved, state: in progress, mode=explore, perf_score=459, weight=9, favorite=1, was_fuzzed=1, exec_us=1249, hits=17, map=25, ascii=0, run_time=0:00:07:40)...[0m
[1;94m[*] [0mFuzzing test case #31 (43 total, 0 crashes saved, state: in progress, mode=explore, perf_score=690, weight=15, favorite=1, was_fuzzed=1, exec_us=1273, hits=9, map=24, ascii=0, run_time=0:00:07:42)...[0m
[1;94m[*] [0mFuzzing test case #12 (43 total, 0 crashes saved, state: in progress, mode=explore, perf_score=114, weight=6, favorite=1, was_fuzzed=1, exec_us=1265, hits=151, map=24, ascii=0, run_time=0:00:07:44)...[0m
[1;94m[*] [0mFuzzing test case #31 (43 total, 0 crashes saved, state: in progress, mode=explore, perf_score=690, weight=15, favorite=1, was_fuzzed=1, exec_us=1273, hits=19, map=24, ascii=0, run_time=0:00:07:45)...[0m
[1;94m[*] [0mFuzzing test case #43 (46 total, 0 crashes saved, state: in progress, mode=explore, perf_score=0, weight=0, favorite=1, was_fuzzed=0, exec_us=1229, hits=3, map=24, ascii=0, run_time=0:00:08:08)...[0m
[1;94m[*] [0mFuzzing test case #44 (46 total, 0 crashes saved, state: in progress, mode=explore, perf_score=400, weight=38, favorite=1, was_fuzzed=0, exec_us=1237, hits=1, map=24, ascii=0, run_time=0:00:08:08)...[0m
[?25h[1;91m

+++ Testing aborted programmatically +++
[0m[1;94m[*] [0mStatistics: 45 new corpus items found, 50.67% coverage achieved, 1 crashes saved, 0 timeouts saved, total runtime 0 days, 0 hrs, 8 min, 8 sec[0m
[1;92m[+] [0mWe're done here. Have a nice day!
[0m
