JOB timestamp: Mon Dec 18 15:28:05 MST 2023
JOB ID: 121614
Array Task ID: 3
Current directory: /lfs/koff9454.ui/projects/plc_runtime_fuzzer/code_analysis/src
r2i1n4
gcc (Spack GCC) 12.1.0
Copyright (C) 2022 Free Software Foundation, Inc.
This is free software; see the source for copying conditions.  There is NO
warranty; not even for MERCHANTABILITY or FITNESS FOR A PARTICULAR PURPOSE.

Python 3.11.5
/lfs/koff9454.ui/miniconda3/envs/plc/bin/python
matiec version 0.1
changeset id: 
Number of programs: 3
Programs: condition_1 condition_2 condition_3
Fuzzing program: condition_1, Job ID: 3
input dir exist, skipping
harness file exist, skipping
Running the fuzzers
Workdir: "/lfs/koff9454.ui/projects/plc_runtime_fuzzer/code_analysis/src/programs/condition/condition_1/runs/run-3"
Out dir at "fuzzer-outdir" already exists.
Let's fuzz :)
[1;92m[+] [0mEnabled environment variable AFL_BENCH_UNTIL_CRASH with value 1[0m
[1;92m[+] [0mEnabled environment variable AFL_IGNORE_SEED_PROBLEMS with value 1[0m
[1;92m[+] [0mEnabled environment variable AFL_I_DONT_CARE_ABOUT_MISSING_CRASHES with value 1[0m
[1;92m[+] [0mEnabled environment variable AFL_SKIP_CPUFREQ with value 1[0m
[1;92m[+] [0mEnabled environment variable AFL_TRY_AFFINITY with value 1[0m
[1;93m[!] [1;97mWARNING: [0mPotentially mistyped AFL environment variable: USE_PCM_DB=2, did you mean AFL_USE_PCM_DB=2?[0m
[0;36mafl-fuzz++4.09a[0m based on afl by Michal Zalewski and a large online community
[1;92m[+] [0mAFL++ is maintained by Marc "van Hauser" Heuse, Dominik Maier, Andrea Fioraldi and Heiko "hexcoder" Eißfeldt[0m
[1;92m[+] [0mAFL++ is open source, get it at https://github.com/AFLplusplus/AFLplusplus[0m
[1;92m[+] [0mNOTE: AFL++ >= v3 has changed defaults and behaviours - see README.md[0m
[1;92m[+] [0mNo -M/-S set, autoconfiguring for "-S default"[0m
[1;94m[*] [0mGetting to work...[0m
[1;92m[+] [0mUsing exponential power schedule (FAST)[0m
[1;92m[+] [0mEnabled testcache with 50 MB[0m
[1;92m[+] [0mGenerating fuzz data with a length of min=1 max=1048576[0m
[1;94m[*] [0mChecking core_pattern...[0m

[1;91m[-] [0mHmm, your system is configured to send core dump notifications to an
    external utility. This will cause issues: there will be an extended delay
    between stumbling upon a crash and having this information relayed to the
    fuzzer via the standard waitpid() API.
    If you're just testing, set 'AFL_I_DONT_CARE_ABOUT_MISSING_CRASHES=1'.

    To avoid having crashes misinterpreted as timeouts, please log in as root
    and temporarily modify /proc/sys/kernel/core_pattern, like so:

    echo core >/proc/sys/kernel/core_pattern
[1;92m[+] [0mLooks like we're not running on a tty, so I'll be a bit less verbose.[0m
[1;92m[+] [0mYou have 36 CPU cores and 8 runnable tasks (utilization: 22%).[0m
[1;92m[+] [0mTry parallel jobs - see /usr/local/share/doc/afl/fuzzing_in_depth.md#c-using-multiple-cores[0m
[1;94m[*] [0mSetting up output directories...[0m
[1;94m[*] [0mChecking CPU core loadout...[0m
[1;92m[+] [0mFound a free CPU core, try binding to #5.[0m
[1;94m[*] [0mScanning 'our-indir'...[0m
[1;92m[+] [0mLoaded a total of 1 seeds.[0m
[1;94m[*] [0mCreating hard links for all input files...[0m
[1;94m[*] [0mValidating target binary...[0m
[1;94m[*] [0mSpinning up the fork server...[0m
[1;92m[+] [0mAll right - fork server is up.[0m
[1;94m[*] [0mTarget map size: 68[0m
[1;94m[*] [0mNo auto-generated dictionary tokens to reuse.[0m
[1;94m[*] [0mLoading extra dictionary from 'our-inputs.dict' (level 0)...[0m
[1;94m[*] [0mLoaded 88 extra tokens, size range 4 B to 6 B.[0m
[1;92m[+] [0mLoaded a total of 6 extras.[0m
[1;94m[*] [0mAttempting dry run with 'id:000000,time:0,execs:0,orig:variables.txt'...[0m
[1;90m    len = 616, map size = 19, exec speed = 4885 us, hash = 64e735e0cc07a8c6
[0m[1;92m[+] [0mAll test cases processed.[0m
[1;92m[+] [0mHere are some useful stats:

[1;90m    Test case count : [0m1 favored, 0 variable, 0 ignored, 1 total
[1;90m       Bitmap range : [0m19 to 19 bits (average: 19.00 bits)
[1;90m        Exec timing : [0m4885 to 4885 us (average: 4885 us)
[0m
[1;94m[*] [0mNo -t option specified, so I'll use an exec timeout of 40 ms.[0m
[1;92m[+] [0mAll set and ready to roll![0m
[1;94m[*] [0mEntering queue cycle 1.[0m
[1;94m[*] [0mFuzzing test case #0 (1 total, 0 crashes saved, state: started :-), mode=explore, perf_score=0, weight=0, favorite=1, was_fuzzed=0, exec_us=4885, hits=0, map=19, ascii=0, run_time=0:00:00:00)...[0m
[1;92m[+] [0mEnabled environment variable AFL_BENCH_UNTIL_CRASH with value 1[0m
[1;92m[+] [0mEnabled environment variable AFL_IGNORE_SEED_PROBLEMS with value 1[0m
[1;92m[+] [0mEnabled environment variable AFL_I_DONT_CARE_ABOUT_MISSING_CRASHES with value 1[0m
[1;92m[+] [0mEnabled environment variable AFL_SKIP_CPUFREQ with value 1[0m
[1;92m[+] [0mEnabled environment variable AFL_TRY_AFFINITY with value 1[0m
[1;93m[!] [1;97mWARNING: [0mPotentially mistyped AFL environment variable: USE_PCM_DB=2, did you mean AFL_USE_PCM_DB=2?[0m
[0;36mafl-fuzz++4.09a[0m based on afl by Michal Zalewski and a large online community
[1;92m[+] [0mAFL++ is maintained by Marc "van Hauser" Heuse, Dominik Maier, Andrea Fioraldi and Heiko "hexcoder" Eißfeldt[0m
[1;92m[+] [0mAFL++ is open source, get it at https://github.com/AFLplusplus/AFLplusplus[0m
[1;92m[+] [0mNOTE: AFL++ >= v3 has changed defaults and behaviours - see README.md[0m
[1;92m[+] [0mNo -M/-S set, autoconfiguring for "-S default"[0m
[1;94m[*] [0mGetting to work...[0m
[1;92m[+] [0mUsing exponential power schedule (FAST)[0m
[1;92m[+] [0mEnabled testcache with 50 MB[0m
[1;92m[+] [0mGenerating fuzz data with a length of min=1 max=1048576[0m
[1;94m[*] [0mChecking core_pattern...[0m

[1;91m[-] [0mHmm, your system is configured to send core dump notifications to an
    external utility. This will cause issues: there will be an extended delay
    between stumbling upon a crash and having this information relayed to the
    fuzzer via the standard waitpid() API.
    If you're just testing, set 'AFL_I_DONT_CARE_ABOUT_MISSING_CRASHES=1'.

    To avoid having crashes misinterpreted as timeouts, please log in as root
    and temporarily modify /proc/sys/kernel/core_pattern, like so:

    echo core >/proc/sys/kernel/core_pattern
[1;92m[+] [0mLooks like we're not running on a tty, so I'll be a bit less verbose.[0m
[1;92m[+] [0mYou have 36 CPU cores and 11 runnable tasks (utilization: 31%).[0m
[1;92m[+] [0mTry parallel jobs - see /usr/local/share/doc/afl/fuzzing_in_depth.md#c-using-multiple-cores[0m
[1;94m[*] [0mSetting up output directories...[0m
[1;94m[*] [0mChecking CPU core loadout...[0m
[1;92m[+] [0mFound a free CPU core, try binding to #10.[0m
[1;94m[*] [0mScanning 'afl-indir'...[0m
[1;92m[+] [0mLoaded a total of 1 seeds.[0m
[1;94m[*] [0mCreating hard links for all input files...[0m
[1;94m[*] [0mValidating target binary...[0m
[1;94m[*] [0mSpinning up the fork server...[0m
[1;92m[+] [0mAll right - fork server is up.[0m
[1;94m[*] [0mTarget map size: 68[0m
[1;94m[*] [0mNo auto-generated dictionary tokens to reuse.[0m
[1;94m[*] [0mLoading extra dictionary from 'afl-inputs.dict' (level 0)...[0m
[1;94m[*] [0mLoaded 88 extra tokens, size range 4 B to 6 B.[0m
[1;92m[+] [0mLoaded a total of 6 extras.[0m
[1;94m[*] [0mAttempting dry run with 'id:000000,time:0,execs:0,orig:testcase.txt'...[0m
[1;90m    len = 3, map size = 18, exec speed = 3683 us, hash = dcecfe8b41bb142f
[0m[1;92m[+] [0mAll test cases processed.[0m
[1;92m[+] [0mHere are some useful stats:

[1;90m    Test case count : [0m1 favored, 0 variable, 0 ignored, 1 total
[1;90m       Bitmap range : [0m18 to 18 bits (average: 18.00 bits)
[1;90m        Exec timing : [0m3683 to 3683 us (average: 3683 us)
[0m
[1;94m[*] [0mNo -t option specified, so I'll use an exec timeout of 20 ms.[0m
[1;92m[+] [0mAll set and ready to roll![0m
[1;94m[*] [0mEntering queue cycle 1.[0m
[1;94m[*] [0mFuzzing test case #0 (1 total, 0 crashes saved, state: started :-), mode=explore, perf_score=0, weight=0, favorite=1, was_fuzzed=0, exec_us=3683, hits=0, map=18, ascii=0, run_time=0:00:00:00)...[0m
[1;94m[*] [0mFuzzing test case #0 (1 total, 0 crashes saved, state: started :-), mode=explore, perf_score=459, weight=10, favorite=1, was_fuzzed=1, exec_us=3683, hits=0, map=18, ascii=0, run_time=0:00:00:00)...[0m
[1;94m[*] [0mFuzzing test case #1 (9 total, 0 crashes saved, state: started :-), mode=explore, perf_score=0, weight=0, favorite=1, was_fuzzed=0, exec_us=5494, hits=9, map=18, ascii=0, run_time=0:00:01:18)...[0m
[1;94m[*] [0mFuzzing test case #0 (9 total, 0 crashes saved, state: started :-), mode=explore, perf_score=459, weight=61, favorite=1, was_fuzzed=1, exec_us=3683, hits=0, map=18, ascii=0, run_time=0:00:01:18)...[0m
[?25h[1;91m

+++ Testing aborted programmatically +++
[0m[1;94m[*] [0mStatistics: 25 new corpus items found, 48.53% coverage achieved, 1 crashes saved, 0 timeouts saved, total runtime 0 days, 0 hrs, 1 min, 19 sec[0m
[1;92m[+] [0mWe're done here. Have a nice day!
[0m
[1;94m[*] [0mFuzzing test case #2 (9 total, 0 crashes saved, state: started :-), mode=explore, perf_score=100, weight=3, favorite=1, was_fuzzed=0, exec_us=6092, hits=958, map=19, ascii=0, run_time=0:00:01:19)...[0m
[1;94m[*] [0mFuzzing test case #0 (9 total, 0 crashes saved, state: started :-), mode=explore, perf_score=459, weight=61, favorite=1, was_fuzzed=1, exec_us=3683, hits=0, map=18, ascii=0, run_time=0:00:01:20)...[0m
[1;94m[*] [0mFuzzing test case #0 (9 total, 0 crashes saved, state: started :-), mode=explore, perf_score=459, weight=61, favorite=1, was_fuzzed=1, exec_us=3683, hits=0, map=18, ascii=0, run_time=0:00:01:46)...[0m
[1;94m[*] [0mFuzzing test case #0 (9 total, 0 crashes saved, state: started :-), mode=explore, perf_score=459, weight=61, favorite=1, was_fuzzed=1, exec_us=3683, hits=0, map=18, ascii=0, run_time=0:00:01:47)...[0m
[1;94m[*] [0mFuzzing test case #0 (9 total, 0 crashes saved, state: started :-), mode=explore, perf_score=459, weight=61, favorite=1, was_fuzzed=1, exec_us=3683, hits=0, map=18, ascii=0, run_time=0:00:01:48)...[0m
[1;94m[*] [0mFuzzing test case #0 (9 total, 0 crashes saved, state: started :-), mode=explore, perf_score=459, weight=61, favorite=1, was_fuzzed=1, exec_us=3683, hits=0, map=18, ascii=0, run_time=0:00:01:49)...[0m
[1;94m[*] [0mFuzzing test case #0 (9 total, 0 crashes saved, state: started :-), mode=explore, perf_score=459, weight=61, favorite=1, was_fuzzed=1, exec_us=3683, hits=0, map=18, ascii=0, run_time=0:00:01:49)...[0m
[1;94m[*] [0mFuzzing test case #0 (9 total, 0 crashes saved, state: started :-), mode=explore, perf_score=459, weight=61, favorite=1, was_fuzzed=1, exec_us=3683, hits=0, map=18, ascii=0, run_time=0:00:01:50)...[0m
[1;94m[*] [0mEntering queue cycle 2.[0m
[1;94m[*] [0mFuzzing test case #0 (9 total, 0 crashes saved, state: started :-), mode=explore, perf_score=459, weight=61, favorite=1, was_fuzzed=1, exec_us=3683, hits=0, map=18, ascii=0, run_time=0:00:01:50)...[0m
[1;94m[*] [0mFuzzing test case #0 (9 total, 0 crashes saved, state: started :-), mode=explore, perf_score=459, weight=61, favorite=1, was_fuzzed=1, exec_us=3683, hits=0, map=18, ascii=0, run_time=0:00:01:51)...[0m
[1;94m[*] [0mFuzzing test case #0 (9 total, 0 crashes saved, state: started :-), mode=explore, perf_score=459, weight=61, favorite=1, was_fuzzed=1, exec_us=3683, hits=0, map=18, ascii=0, run_time=0:00:01:52)...[0m
[1;94m[*] [0mFuzzing test case #0 (9 total, 0 crashes saved, state: started :-), mode=explore, perf_score=459, weight=61, favorite=1, was_fuzzed=1, exec_us=3683, hits=0, map=18, ascii=0, run_time=0:00:01:52)...[0m
[1;94m[*] [0mFuzzing test case #0 (9 total, 0 crashes saved, state: started :-), mode=explore, perf_score=459, weight=61, favorite=1, was_fuzzed=1, exec_us=3683, hits=0, map=18, ascii=0, run_time=0:00:01:53)...[0m
[1;94m[*] [0mFuzzing test case #2 (9 total, 0 crashes saved, state: started :-), mode=explore, perf_score=114, weight=2, favorite=1, was_fuzzed=1, exec_us=6092, hits=1724, map=19, ascii=0, run_time=0:00:02:15)...[0m
[1;94m[*] [0mFuzzing test case #0 (9 total, 0 crashes saved, state: started :-), mode=explore, perf_score=459, weight=61, favorite=1, was_fuzzed=1, exec_us=3683, hits=0, map=18, ascii=0, run_time=0:00:02:15)...[0m
[1;94m[*] [0mFuzzing test case #0 (9 total, 0 crashes saved, state: started :-), mode=explore, perf_score=459, weight=61, favorite=1, was_fuzzed=1, exec_us=3683, hits=0, map=18, ascii=0, run_time=0:00:02:16)...[0m
[1;94m[*] [0mFuzzing test case #0 (9 total, 0 crashes saved, state: started :-), mode=explore, perf_score=459, weight=61, favorite=1, was_fuzzed=1, exec_us=3683, hits=0, map=18, ascii=0, run_time=0:00:02:17)...[0m
[1;94m[*] [0mFuzzing test case #0 (9 total, 0 crashes saved, state: started :-), mode=explore, perf_score=459, weight=61, favorite=1, was_fuzzed=1, exec_us=3683, hits=0, map=18, ascii=0, run_time=0:00:02:17)...[0m
[1;94m[*] [0mFuzzing test case #0 (9 total, 0 crashes saved, state: started :-), mode=explore, perf_score=459, weight=61, favorite=1, was_fuzzed=1, exec_us=3683, hits=0, map=18, ascii=0, run_time=0:00:02:18)...[0m
[1;94m[*] [0mEntering queue cycle 3.[0m
[1;94m[*] [0mFuzzing test case #0 (9 total, 0 crashes saved, state: started :-), mode=explore, perf_score=459, weight=61, favorite=1, was_fuzzed=1, exec_us=3683, hits=0, map=18, ascii=0, run_time=0:00:02:19)...[0m
[1;94m[*] [0mFuzzing test case #0 (9 total, 0 crashes saved, state: started :-), mode=explore, perf_score=459, weight=61, favorite=1, was_fuzzed=1, exec_us=3683, hits=0, map=18, ascii=0, run_time=0:00:02:19)...[0m
[1;94m[*] [0mFuzzing test case #1 (9 total, 0 crashes saved, state: started :-), mode=explore, perf_score=345, weight=3, favorite=1, was_fuzzed=1, exec_us=5494, hits=31, map=18, ascii=0, run_time=0:00:02:20)...[0m
[1;94m[*] [0mFuzzing test case #13 (16 total, 0 crashes saved, state: started :-), mode=explore, perf_score=0, weight=0, favorite=1, was_fuzzed=0, exec_us=1264, hits=4, map=18, ascii=0, run_time=0:00:03:39)...[0m
[1;94m[*] [0mFuzzing test case #10 (16 total, 0 crashes saved, state: started :-), mode=explore, perf_score=300, weight=19, favorite=1, was_fuzzed=0, exec_us=1336, hits=18, map=18, ascii=0, run_time=0:00:03:39)...[0m
[1;94m[*] [0mFuzzing test case #14 (19 total, 0 crashes saved, state: started :-), mode=explore, perf_score=300, weight=28, favorite=1, was_fuzzed=0, exec_us=1284, hits=3, map=18, ascii=0, run_time=0:00:03:40)...[0m
[1;94m[*] [0mFuzzing test case #15 (20 total, 0 crashes saved, state: started :-), mode=explore, perf_score=150, weight=21, favorite=1, was_fuzzed=0, exec_us=1319, hits=8, map=18, ascii=0, run_time=0:00:03:42)...[0m
[1;94m[*] [0mFuzzing test case #9 (20 total, 0 crashes saved, state: started :-), mode=explore, perf_score=150, weight=19, favorite=1, was_fuzzed=0, exec_us=1424, hits=95, map=19, ascii=0, run_time=0:00:03:42)...[0m
[1;94m[*] [0mFuzzing test case #13 (20 total, 0 crashes saved, state: started :-), mode=explore, perf_score=517, weight=115, favorite=1, was_fuzzed=1, exec_us=1264, hits=4, map=18, ascii=0, run_time=0:00:04:04)...[0m
[1;94m[*] [0mFuzzing test case #20 (21 total, 0 crashes saved, state: started :-), mode=explore, perf_score=0, weight=0, favorite=1, was_fuzzed=0, exec_us=1208, hits=1, map=24, ascii=0, run_time=0:00:04:06)...[0m
[1;94m[*] [0mFuzzing test case #13 (21 total, 0 crashes saved, state: started :-), mode=explore, perf_score=517, weight=86, favorite=1, was_fuzzed=1, exec_us=1264, hits=9, map=18, ascii=0, run_time=0:00:04:06)...[0m
[1;94m[*] [0mFuzzing test case #22 (23 total, 0 crashes saved, state: started :-), mode=explore, perf_score=0, weight=0, favorite=1, was_fuzzed=0, exec_us=1228, hits=1, map=24, ascii=0, run_time=0:00:04:08)...[0m
[1;94m[*] [0mFuzzing test case #13 (23 total, 0 crashes saved, state: started :-), mode=explore, perf_score=517, weight=82, favorite=1, was_fuzzed=1, exec_us=1264, hits=11, map=18, ascii=0, run_time=0:00:04:08)...[0m
[1;94m[*] [0mFuzzing test case #13 (26 total, 0 crashes saved, state: started :-), mode=explore, perf_score=172, weight=65, favorite=1, was_fuzzed=1, exec_us=1264, hits=49, map=18, ascii=0, run_time=0:00:04:33)...[0m
[1;94m[*] [0mFuzzing test case #15 (26 total, 0 crashes saved, state: started :-), mode=explore, perf_score=229, weight=8, favorite=1, was_fuzzed=1, exec_us=1319, hits=18, map=18, ascii=0, run_time=0:00:04:34)...[0m
[1;94m[*] [0mFuzzing test case #20 (27 total, 0 crashes saved, state: started :-), mode=explore, perf_score=1035, weight=11, favorite=1, was_fuzzed=1, exec_us=1208, hits=9, map=24, ascii=0, run_time=0:00:04:35)...[0m
[1;94m[*] [0mFuzzing test case #13 (27 total, 0 crashes saved, state: started :-), mode=explore, perf_score=114, weight=64, favorite=1, was_fuzzed=1, exec_us=1264, hits=57, map=18, ascii=0, run_time=0:00:04:38)...[0m
[1;94m[*] [0mFuzzing test case #20 (27 total, 0 crashes saved, state: started :-), mode=explore, perf_score=1035, weight=11, favorite=1, was_fuzzed=1, exec_us=1208, hits=155, map=24, ascii=0, run_time=0:00:04:39)...[0m
[1;94m[*] [0mFuzzing test case #25 (27 total, 0 crashes saved, state: in progress, mode=explore, perf_score=600, weight=3, favorite=0, was_fuzzed=0, exec_us=1246, hits=1, map=23, ascii=0, run_time=0:00:05:01)...[0m
[1;94m[*] [0mFuzzing test case #27 (29 total, 0 crashes saved, state: in progress, mode=explore, perf_score=0, weight=0, favorite=1, was_fuzzed=0, exec_us=1221, hits=1, map=24, ascii=0, run_time=0:00:05:05)...[0m
[1;94m[*] [0mFuzzing test case #22 (29 total, 0 crashes saved, state: in progress, mode=explore, perf_score=919, weight=32, favorite=1, was_fuzzed=1, exec_us=1228, hits=2, map=24, ascii=0, run_time=0:00:05:05)...[0m
[1;94m[*] [0mFuzzing test case #32 (35 total, 0 crashes saved, state: in progress, mode=explore, perf_score=0, weight=0, favorite=1, was_fuzzed=0, exec_us=1164, hits=2, map=24, ascii=0, run_time=0:00:06:07)...[0m
[1;94m[*] [0mFuzzing test case #31 (35 total, 0 crashes saved, state: in progress, mode=explore, perf_score=400, weight=42, favorite=1, was_fuzzed=0, exec_us=1182, hits=1, map=24, ascii=0, run_time=0:00:06:07)...[0m
[1;94m[*] [0mFuzzing test case #13 (39 total, 0 crashes saved, state: in progress, mode=explore, perf_score=114, weight=69, favorite=1, was_fuzzed=1, exec_us=1264, hits=59, map=18, ascii=0, run_time=0:00:06:41)...[0m
[1;94m[*] [0mFuzzing test case #13 (39 total, 0 crashes saved, state: in progress, mode=explore, perf_score=114, weight=69, favorite=1, was_fuzzed=1, exec_us=1264, hits=63, map=18, ascii=0, run_time=0:00:06:41)...[0m
[1;94m[*] [0mFuzzing test case #10 (39 total, 0 crashes saved, state: in progress, mode=explore, perf_score=114, weight=6, favorite=1, was_fuzzed=1, exec_us=1336, hits=62, map=18, ascii=0, run_time=0:00:06:41)...[0m
[1;94m[*] [0mFuzzing test case #13 (39 total, 0 crashes saved, state: in progress, mode=explore, perf_score=114, weight=69, favorite=1, was_fuzzed=1, exec_us=1264, hits=69, map=18, ascii=0, run_time=0:00:06:42)...[0m
[1;94m[*] [0mFuzzing test case #32 (40 total, 0 crashes saved, state: in progress, mode=explore, perf_score=919, weight=36, favorite=1, was_fuzzed=1, exec_us=1164, hits=2, map=24, ascii=0, run_time=0:00:06:54)...[0m
[1;94m[*] [0mFuzzing test case #41 (45 total, 0 crashes saved, state: in progress, mode=explore, perf_score=0, weight=0, favorite=1, was_fuzzed=0, exec_us=1275, hits=2, map=22, ascii=0, run_time=0:00:07:42)...[0m
[1;94m[*] [0mFuzzing test case #10 (45 total, 0 crashes saved, state: in progress, mode=explore, perf_score=114, weight=6, favorite=1, was_fuzzed=1, exec_us=1336, hits=87, map=18, ascii=0, run_time=0:00:07:43)...[0m
[1;94m[*] [0mFuzzing test case #13 (45 total, 0 crashes saved, state: in progress, mode=explore, perf_score=114, weight=70, favorite=1, was_fuzzed=1, exec_us=1264, hits=71, map=18, ascii=0, run_time=0:00:07:43)...[0m
[1;94m[*] [0mFuzzing test case #13 (45 total, 0 crashes saved, state: in progress, mode=explore, perf_score=114, weight=70, favorite=1, was_fuzzed=1, exec_us=1264, hits=73, map=18, ascii=0, run_time=0:00:07:43)...[0m
[1;94m[*] [0mFuzzing test case #13 (46 total, 0 crashes saved, state: in progress, mode=explore, perf_score=114, weight=71, favorite=1, was_fuzzed=1, exec_us=1264, hits=78, map=18, ascii=0, run_time=0:00:07:44)...[0m
[1;94m[*] [0mFuzzing test case #13 (46 total, 0 crashes saved, state: in progress, mode=explore, perf_score=114, weight=71, favorite=1, was_fuzzed=1, exec_us=1264, hits=81, map=18, ascii=0, run_time=0:00:07:45)...[0m
[1;94m[*] [0mFuzzing test case #13 (46 total, 0 crashes saved, state: in progress, mode=explore, perf_score=114, weight=71, favorite=1, was_fuzzed=1, exec_us=1264, hits=83, map=18, ascii=0, run_time=0:00:07:45)...[0m
[1;94m[*] [0mFuzzing test case #27 (46 total, 0 crashes saved, state: in progress, mode=explore, perf_score=919, weight=21, favorite=1, was_fuzzed=1, exec_us=1221, hits=1, map=24, ascii=0, run_time=0:00:07:45)...[0m
[1;94m[*] [0mFuzzing test case #48 (51 total, 0 crashes saved, state: in progress, mode=explore, perf_score=0, weight=0, favorite=1, was_fuzzed=0, exec_us=1221, hits=1, map=25, ascii=0, run_time=0:00:08:40)...[0m
[1;94m[*] [0mFuzzing test case #46 (51 total, 0 crashes saved, state: in progress, mode=explore, perf_score=400, weight=40, favorite=1, was_fuzzed=0, exec_us=1254, hits=1, map=24, ascii=0, run_time=0:00:08:40)...[0m
[1;94m[*] [0mFuzzing test case #22 (51 total, 0 crashes saved, state: in progress, mode=explore, perf_score=229, weight=5, favorite=1, was_fuzzed=1, exec_us=1228, hits=979, map=24, ascii=0, run_time=0:00:08:41)...[0m
[1;94m[*] [0mFuzzing test case #27 (51 total, 0 crashes saved, state: in progress, mode=explore, perf_score=229, weight=5, favorite=1, was_fuzzed=1, exec_us=1221, hits=1331, map=24, ascii=0, run_time=0:00:08:42)...[0m
[1;94m[*] [0mFuzzing test case #41 (51 total, 0 crashes saved, state: in progress, mode=explore, perf_score=919, weight=15, favorite=1, was_fuzzed=1, exec_us=1275, hits=2, map=22, ascii=0, run_time=0:00:08:43)...[0m
[1;94m[*] [0mFuzzing test case #15 (53 total, 0 crashes saved, state: in progress, mode=explore, perf_score=229, weight=7, favorite=1, was_fuzzed=1, exec_us=1319, hits=26, map=18, ascii=0, run_time=0:00:09:01)...[0m
[1;94m[*] [0mFuzzing test case #46 (53 total, 0 crashes saved, state: in progress, mode=explore, perf_score=690, weight=10, favorite=1, was_fuzzed=1, exec_us=1254, hits=12, map=24, ascii=0, run_time=0:00:09:02)...[0m
[1;94m[*] [0mFuzzing test case #53 (54 total, 0 crashes saved, state: in progress, mode=explore, perf_score=0, weight=0, favorite=1, was_fuzzed=0, exec_us=1410, hits=1, map=26, ascii=0, run_time=0:00:09:05)...[0m
[1;94m[*] [0mFuzzing test case #13 (54 total, 0 crashes saved, state: in progress, mode=explore, perf_score=114, weight=70, favorite=1, was_fuzzed=1, exec_us=1264, hits=89, map=18, ascii=0, run_time=0:00:09:05)...[0m
[1;94m[*] [0mFuzzing test case #13 (54 total, 0 crashes saved, state: in progress, mode=explore, perf_score=114, weight=70, favorite=1, was_fuzzed=1, exec_us=1264, hits=92, map=18, ascii=0, run_time=0:00:09:05)...[0m
[1;94m[*] [0mFuzzing test case #13 (56 total, 0 crashes saved, state: in progress, mode=explore, perf_score=114, weight=71, favorite=1, was_fuzzed=1, exec_us=1264, hits=93, map=18, ascii=0, run_time=0:00:09:06)...[0m
[1;94m[*] [0mFuzzing test case #13 (56 total, 0 crashes saved, state: in progress, mode=explore, perf_score=114, weight=71, favorite=1, was_fuzzed=1, exec_us=1264, hits=102, map=18, ascii=0, run_time=0:00:09:06)...[0m
[1;94m[*] [0mFuzzing test case #31 (57 total, 0 crashes saved, state: in progress, mode=explore, perf_score=229, weight=6, favorite=1, was_fuzzed=1, exec_us=1182, hits=297, map=24, ascii=0, run_time=0:00:09:06)...[0m
[1;94m[*] [0mFuzzing test case #13 (57 total, 0 crashes saved, state: in progress, mode=explore, perf_score=114, weight=71, favorite=1, was_fuzzed=1, exec_us=1264, hits=106, map=18, ascii=0, run_time=0:00:09:07)...[0m
[1;94m[*] [0mFuzzing test case #46 (58 total, 0 crashes saved, state: in progress, mode=explore, perf_score=229, weight=7, favorite=1, was_fuzzed=1, exec_us=1254, hits=98, map=24, ascii=0, run_time=0:00:09:21)...[0m
[1;94m[*] [0mFuzzing test case #13 (58 total, 0 crashes saved, state: in progress, mode=explore, perf_score=114, weight=71, favorite=1, was_fuzzed=1, exec_us=1264, hits=108, map=18, ascii=0, run_time=0:00:09:22)...[0m
[1;94m[*] [0mFuzzing test case #27 (58 total, 0 crashes saved, state: in progress, mode=explore, perf_score=229, weight=5, favorite=1, was_fuzzed=1, exec_us=1221, hits=1340, map=24, ascii=0, run_time=0:00:09:23)...[0m
[1;94m[*] [0mFuzzing test case #13 (58 total, 0 crashes saved, state: in progress, mode=explore, perf_score=114, weight=71, favorite=1, was_fuzzed=1, exec_us=1264, hits=117, map=18, ascii=0, run_time=0:00:09:23)...[0m
[1;94m[*] [0mFuzzing test case #32 (58 total, 0 crashes saved, state: in progress, mode=explore, perf_score=229, weight=13, favorite=1, was_fuzzed=1, exec_us=1164, hits=518, map=24, ascii=0, run_time=0:00:09:24)...[0m
[1;94m[*] [0mFuzzing test case #10 (58 total, 0 crashes saved, state: in progress, mode=explore, perf_score=114, weight=6, favorite=1, was_fuzzed=1, exec_us=1336, hits=96, map=18, ascii=0, run_time=0:00:09:25)...[0m
[1;94m[*] [0mFuzzing test case #13 (58 total, 0 crashes saved, state: in progress, mode=explore, perf_score=114, weight=71, favorite=1, was_fuzzed=1, exec_us=1264, hits=122, map=18, ascii=0, run_time=0:00:09:25)...[0m
[1;94m[*] [0mFuzzing test case #13 (58 total, 0 crashes saved, state: in progress, mode=explore, perf_score=114, weight=71, favorite=1, was_fuzzed=1, exec_us=1264, hits=125, map=18, ascii=0, run_time=0:00:09:25)...[0m
[1;94m[*] [0mFuzzing test case #10 (58 total, 0 crashes saved, state: in progress, mode=explore, perf_score=114, weight=6, favorite=1, was_fuzzed=1, exec_us=1336, hits=96, map=18, ascii=0, run_time=0:00:09:26)...[0m
[1;94m[*] [0mFuzzing test case #13 (58 total, 0 crashes saved, state: in progress, mode=explore, perf_score=114, weight=71, favorite=1, was_fuzzed=1, exec_us=1264, hits=126, map=18, ascii=0, run_time=0:00:09:26)...[0m
[1;94m[*] [0mFuzzing test case #13 (58 total, 0 crashes saved, state: in progress, mode=explore, perf_score=114, weight=71, favorite=1, was_fuzzed=1, exec_us=1264, hits=131, map=18, ascii=0, run_time=0:00:09:27)...[0m
[1;94m[*] [0mFuzzing test case #31 (58 total, 0 crashes saved, state: in progress, mode=explore, perf_score=229, weight=6, favorite=1, was_fuzzed=1, exec_us=1182, hits=315, map=24, ascii=0, run_time=0:00:09:27)...[0m
[1;94m[*] [0mFuzzing test case #3 (58 total, 0 crashes saved, state: in progress, mode=explore, perf_score=75, weight=0, favorite=0, was_fuzzed=0, exec_us=3654, hits=1183, map=19, ascii=0, run_time=0:00:09:28)...[0m
[1;94m[*] [0mFuzzing test case #48 (58 total, 0 crashes saved, state: in progress, mode=explore, perf_score=919, weight=21, favorite=1, was_fuzzed=1, exec_us=1221, hits=1, map=25, ascii=0, run_time=0:00:09:28)...[0m
[?25h[1;91m

+++ Testing aborted programmatically +++
[0m[1;94m[*] [0mStatistics: 57 new corpus items found, 51.47% coverage achieved, 1 crashes saved, 0 timeouts saved, total runtime 0 days, 0 hrs, 9 min, 36 sec[0m
[1;92m[+] [0mWe're done here. Have a nice day!
[0m
