JOB timestamp: Tue Dec 19 10:49:39 MST 2023
JOB ID: 121832
Array Task ID: 13
Current directory: /lfs/koff9454.ui/projects/plc_runtime_fuzzer/code_analysis/src
r3i4n3
gcc (Spack GCC) 12.1.0
Copyright (C) 2022 Free Software Foundation, Inc.
This is free software; see the source for copying conditions.  There is NO
warranty; not even for MERCHANTABILITY or FITNESS FOR A PARTICULAR PURPOSE.

Python 3.11.5
/lfs/koff9454.ui/miniconda3/envs/plc/bin/python
matiec version 0.1
changeset id: 
Number of programs: 3
Programs: depth_1 depth_2 depth_3
Fuzzing program: depth_2, Job ID: 13
input dir exist, skipping
harness file exist, skipping
Running the fuzzers
Workdir: "/lfs/koff9454.ui/projects/plc_runtime_fuzzer/code_analysis/src/programs/depth/depth_2/runs/run-13"
Out dir at "fuzzer-outdir" already exists.
Let's fuzz :)
[Stats #0] run time: 0h-0m-0s, clients: 1, corpus: 0, objectives: 0, executions: 0, exec/sec: 0.000
[Testcase #0] run time: 0h-0m-0s, clients: 1, corpus: 1, objectives: 0, executions: 1, exec/sec: 0.000
We imported 1 inputs from disk.
[Stats #0] run time: 0h-0m-0s, clients: 1, corpus: 1, objectives: 0, executions: 1, exec/sec: 0.000
[Testcase #0] run time: 0h-0m-0s, clients: 1, corpus: 2, objectives: 0, executions: 10, exec/sec: 0.000
[Stats #0] run time: 0h-0m-0s, clients: 1, corpus: 2, objectives: 0, executions: 10, exec/sec: 0.000
[Testcase #0] run time: 0h-0m-0s, clients: 1, corpus: 3, objectives: 0, executions: 14, exec/sec: 0.000
[Objective #0] run time: 0h-0m-0s, clients: 1, corpus: 3, objectives: 1, executions: 14, exec/sec: 0.000
[Objective #0] run time: 0h-0m-0s, clients: 1, corpus: 3, objectives: 2, executions: 14, exec/sec: 0.000
[Objective #0] run time: 0h-0m-0s, clients: 1, corpus: 3, objectives: 3, executions: 14, exec/sec: 0.000
[Objective #0] run time: 0h-0m-0s, clients: 1, corpus: 3, objectives: 4, executions: 14, exec/sec: 0.000
[Objective #0] run time: 0h-0m-0s, clients: 1, corpus: 3, objectives: 5, executions: 14, exec/sec: 0.000
[Objective #0] run time: 0h-0m-0s, clients: 1, corpus: 3, objectives: 6, executions: 14, exec/sec: 0.000
[Objective #0] run time: 0h-0m-0s, clients: 1, corpus: 3, objectives: 7, executions: 14, exec/sec: 0.000
[Objective #0] run time: 0h-0m-1s, clients: 1, corpus: 3, objectives: 8, executions: 14, exec/sec: 13.44
[Objective #0] run time: 0h-0m-1s, clients: 1, corpus: 3, objectives: 9, executions: 14, exec/sec: 11.96
[Objective #0] run time: 0h-0m-1s, clients: 1, corpus: 3, objectives: 10, executions: 14, exec/sec: 10.80
[Objective #0] run time: 0h-0m-1s, clients: 1, corpus: 3, objectives: 11, executions: 14, exec/sec: 9.827
[Objective #0] run time: 0h-0m-1s, clients: 1, corpus: 3, objectives: 12, executions: 14, exec/sec: 9.016
[Objective #0] run time: 0h-0m-1s, clients: 1, corpus: 3, objectives: 13, executions: 14, exec/sec: 8.334
[Objective #0] run time: 0h-0m-1s, clients: 1, corpus: 3, objectives: 14, executions: 14, exec/sec: 7.686
[1;92m[+] [0mEnabled environment variable AFL_BENCH_UNTIL_CRASH with value 1[0m
[1;92m[+] [0mEnabled environment variable AFL_IGNORE_SEED_PROBLEMS with value 1[0m
[1;92m[+] [0mEnabled environment variable AFL_I_DONT_CARE_ABOUT_MISSING_CRASHES with value 1[0m
[1;92m[+] [0mEnabled environment variable AFL_SKIP_CPUFREQ with value 1[0m
[1;92m[+] [0mEnabled environment variable AFL_TRY_AFFINITY with value 1[0m
[1;93m[!] [1;97mWARNING: [0mPotentially mistyped AFL environment variable: USE_PCM_DB=2, did you mean AFL_USE_PCM_DB=2?[0m
[0;36mafl-fuzz++4.09a[0m based on afl by Michal Zalewski and a large online community
[1;92m[+] [0mAFL++ is maintained by Marc "van Hauser" Heuse, Dominik Maier, Andrea Fioraldi and Heiko "hexcoder" Eißfeldt[0m
[1;92m[+] [0mAFL++ is open source, get it at https://github.com/AFLplusplus/AFLplusplus[0m
[1;92m[+] [0mNOTE: AFL++ >= v3 has changed defaults and behaviours - see README.md[0m
[1;92m[+] [0mNo -M/-S set, autoconfiguring for "-S default"[0m
[1;94m[*] [0mGetting to work...[0m
[1;92m[+] [0mUsing exponential power schedule (FAST)[0m
[1;92m[+] [0mEnabled testcache with 50 MB[0m
[1;92m[+] [0mGenerating fuzz data with a length of min=1 max=1048576[0m
[1;94m[*] [0mChecking core_pattern...[0m

[1;91m[-] [0mHmm, your system is configured to send core dump notifications to an
    external utility. This will cause issues: there will be an extended delay
    between stumbling upon a crash and having this information relayed to the
    fuzzer via the standard waitpid() API.
    If you're just testing, set 'AFL_I_DONT_CARE_ABOUT_MISSING_CRASHES=1'.

    To avoid having crashes misinterpreted as timeouts, please log in as root
    and temporarily modify /proc/sys/kernel/core_pattern, like so:

    echo core >/proc/sys/kernel/core_pattern
[1;92m[+] [0mLooks like we're not running on a tty, so I'll be a bit less verbose.[0m
[1;92m[+] [0mYou have 36 CPU cores and 8 runnable tasks (utilization: 22%).[0m
[1;92m[+] [0mTry parallel jobs - see /usr/local/share/doc/afl/fuzzing_in_depth.md#c-using-multiple-cores[0m
[1;94m[*] [0mSetting up output directories...[0m
[1;94m[*] [0mChecking CPU core loadout...[0m
[1;92m[+] [0mFound a free CPU core, try binding to #2.[0m
[1;94m[*] [0mScanning 'our-indir'...[0m
[1;92m[+] [0mLoaded a total of 1 seeds.[0m
[1;94m[*] [0mCreating hard links for all input files...[0m
[1;94m[*] [0mValidating target binary...[0m
[1;94m[*] [0mSpinning up the fork server...[0m
[1;92m[+] [0mAll right - fork server is up.[0m
[1;94m[*] [0mTarget map size: 73[0m
[1;94m[*] [0mNo auto-generated dictionary tokens to reuse.[0m
[1;94m[*] [0mLoading extra dictionary from 'our-inputs.dict' (level 0)...[0m
[1;94m[*] [0mLoaded 80 extra tokens, size range 4 B to 6 B.[0m
[1;92m[+] [0mLoaded a total of 6 extras.[0m
[1;94m[*] [0mAttempting dry run with 'id:000000,time:0,execs:0,orig:variables.txt'...[0m
[1;90m    len = 560, map size = 18, exec speed = 3129 us, hash = 3bfce94389763267
[0m[1;92m[+] [0mAll test cases processed.[0m
[1;92m[+] [0mHere are some useful stats:

[1;90m    Test case count : [0m1 favored, 0 variable, 0 ignored, 1 total
[1;90m       Bitmap range : [0m18 to 18 bits (average: 18.00 bits)
[1;90m        Exec timing : [0m3129 to 3129 us (average: 3129 us)
[0m
[1;94m[*] [0mNo -t option specified, so I'll use an exec timeout of 20 ms.[0m
[1;92m[+] [0mAll set and ready to roll![0m
[1;94m[*] [0mEntering queue cycle 1.[0m
[1;94m[*] [0mFuzzing test case #0 (1 total, 0 crashes saved, state: started :-), mode=explore, perf_score=0, weight=0, favorite=1, was_fuzzed=0, exec_us=3129, hits=0, map=18, ascii=0, run_time=0:00:00:00)...[0m
[Objective #0] run time: 0h-0m-1s, clients: 1, corpus: 3, objectives: 15, executions: 14, exec/sec: 7.092
[1;92m[+] [0mEnabled environment variable AFL_BENCH_UNTIL_CRASH with value 1[0m
[1;92m[+] [0mEnabled environment variable AFL_IGNORE_SEED_PROBLEMS with value 1[0m
[1;92m[+] [0mEnabled environment variable AFL_I_DONT_CARE_ABOUT_MISSING_CRASHES with value 1[0m
[1;92m[+] [0mEnabled environment variable AFL_SKIP_CPUFREQ with value 1[0m
[1;92m[+] [0mEnabled environment variable AFL_TRY_AFFINITY with value 1[0m
[1;93m[!] [1;97mWARNING: [0mPotentially mistyped AFL environment variable: USE_PCM_DB=2, did you mean AFL_USE_PCM_DB=2?[0m
[0;36mafl-fuzz++4.09a[0m based on afl by Michal Zalewski and a large online community
[1;92m[+] [0mAFL++ is maintained by Marc "van Hauser" Heuse, Dominik Maier, Andrea Fioraldi and Heiko "hexcoder" Eißfeldt[0m
[1;92m[+] [0mAFL++ is open source, get it at https://github.com/AFLplusplus/AFLplusplus[0m
[1;92m[+] [0mNOTE: AFL++ >= v3 has changed defaults and behaviours - see README.md[0m
[1;92m[+] [0mNo -M/-S set, autoconfiguring for "-S default"[0m
[1;94m[*] [0mGetting to work...[0m
[1;92m[+] [0mUsing exponential power schedule (FAST)[0m
[1;92m[+] [0mEnabled testcache with 50 MB[0m
[1;92m[+] [0mGenerating fuzz data with a length of min=1 max=1048576[0m
[1;94m[*] [0mChecking core_pattern...[0m

[1;91m[-] [0mHmm, your system is configured to send core dump notifications to an
    external utility. This will cause issues: there will be an extended delay
    between stumbling upon a crash and having this information relayed to the
    fuzzer via the standard waitpid() API.
    If you're just testing, set 'AFL_I_DONT_CARE_ABOUT_MISSING_CRASHES=1'.

    To avoid having crashes misinterpreted as timeouts, please log in as root
    and temporarily modify /proc/sys/kernel/core_pattern, like so:

    echo core >/proc/sys/kernel/core_pattern
[1;92m[+] [0mLooks like we're not running on a tty, so I'll be a bit less verbose.[0m
[1;92m[+] [0mYou have 36 CPU cores and 15 runnable tasks (utilization: 42%).[0m
[1;92m[+] [0mTry parallel jobs - see /usr/local/share/doc/afl/fuzzing_in_depth.md#c-using-multiple-cores[0m
[1;94m[*] [0mSetting up output directories...[0m
[1;94m[*] [0mChecking CPU core loadout...[0m
[1;92m[+] [0mFound a free CPU core, try binding to #12.[0m
[1;94m[*] [0mScanning 'afl-indir'...[0m
[1;92m[+] [0mLoaded a total of 1 seeds.[0m
[1;94m[*] [0mCreating hard links for all input files...[0m
[1;94m[*] [0mValidating target binary...[0m
[1;94m[*] [0mSpinning up the fork server...[0m
[1;92m[+] [0mAll right - fork server is up.[0m
[1;94m[*] [0mTarget map size: 73[0m
[1;94m[*] [0mNo auto-generated dictionary tokens to reuse.[0m
[1;94m[*] [0mLoading extra dictionary from 'afl-inputs.dict' (level 0)...[0m
[1;94m[*] [0mLoaded 80 extra tokens, size range 4 B to 6 B.[0m
[1;92m[+] [0mLoaded a total of 6 extras.[0m
[1;94m[*] [0mAttempting dry run with 'id:000000,time:0,execs:0,orig:testcase.txt'...[0m
[1;90m    len = 3, map size = 17, exec speed = 1256 us, hash = 132a48609fb7abee
[0m[1;92m[+] [0mAll test cases processed.[0m
[1;92m[+] [0mHere are some useful stats:

[1;90m    Test case count : [0m1 favored, 0 variable, 0 ignored, 1 total
[1;90m       Bitmap range : [0m17 to 17 bits (average: 17.00 bits)
[1;90m        Exec timing : [0m1256 to 1256 us (average: 1256 us)
[0m
[1;94m[*] [0mNo -t option specified, so I'll use an exec timeout of 20 ms.[0m
[1;92m[+] [0mAll set and ready to roll![0m
[1;94m[*] [0mEntering queue cycle 1.[0m
[1;94m[*] [0mFuzzing test case #0 (1 total, 0 crashes saved, state: started :-), mode=explore, perf_score=0, weight=0, favorite=1, was_fuzzed=0, exec_us=1256, hits=0, map=17, ascii=0, run_time=0:00:00:00)...[0m
[1;94m[*] [0mFuzzing test case #0 (1 total, 0 crashes saved, state: started :-), mode=explore, perf_score=459, weight=10, favorite=1, was_fuzzed=1, exec_us=1256, hits=0, map=17, ascii=0, run_time=0:00:00:00)...[0m
[Objective #0] run time: 0h-0m-2s, clients: 1, corpus: 3, objectives: 16, executions: 14, exec/sec: 6.574
[Objective #0] run time: 0h-0m-2s, clients: 1, corpus: 3, objectives: 17, executions: 14, exec/sec: 6.201
[Objective #0] run time: 0h-0m-2s, clients: 1, corpus: 3, objectives: 18, executions: 14, exec/sec: 5.839
[Objective #0] run time: 0h-0m-2s, clients: 1, corpus: 3, objectives: 19, executions: 14, exec/sec: 5.520
[Objective #0] run time: 0h-0m-2s, clients: 1, corpus: 3, objectives: 20, executions: 14, exec/sec: 5.220
[Objective #0] run time: 0h-0m-2s, clients: 1, corpus: 3, objectives: 21, executions: 14, exec/sec: 4.973
[Objective #0] run time: 0h-0m-2s, clients: 1, corpus: 3, objectives: 22, executions: 14, exec/sec: 4.734
Crash limit reached: 1
[1;94m[*] [0mFuzzing test case #6 (12 total, 0 crashes saved, state: started :-), mode=explore, perf_score=0, weight=0, favorite=1, was_fuzzed=0, exec_us=1362, hits=73, map=19, ascii=0, run_time=0:00:00:09)...[0m
[1;94m[*] [0mFuzzing test case #0 (12 total, 0 crashes saved, state: started :-), mode=explore, perf_score=459, weight=58, favorite=1, was_fuzzed=1, exec_us=1256, hits=0, map=17, ascii=0, run_time=0:00:00:09)...[0m
[1;94m[*] [0mFuzzing test case #0 (12 total, 0 crashes saved, state: started :-), mode=explore, perf_score=459, weight=58, favorite=1, was_fuzzed=1, exec_us=1256, hits=0, map=17, ascii=0, run_time=0:00:00:10)...[0m
[1;94m[*] [0mFuzzing test case #6 (12 total, 0 crashes saved, state: started :-), mode=explore, perf_score=114, weight=3, favorite=1, was_fuzzed=1, exec_us=1362, hits=83, map=19, ascii=0, run_time=0:00:00:11)...[0m
[1;94m[*] [0mFuzzing test case #0 (12 total, 0 crashes saved, state: started :-), mode=explore, perf_score=459, weight=58, favorite=1, was_fuzzed=1, exec_us=1256, hits=0, map=17, ascii=0, run_time=0:00:00:11)...[0m
[1;94m[*] [0mFuzzing test case #0 (12 total, 0 crashes saved, state: started :-), mode=explore, perf_score=459, weight=58, favorite=1, was_fuzzed=1, exec_us=1256, hits=0, map=17, ascii=0, run_time=0:00:00:12)...[0m
[1;94m[*] [0mFuzzing test case #0 (12 total, 0 crashes saved, state: started :-), mode=explore, perf_score=459, weight=58, favorite=1, was_fuzzed=1, exec_us=1256, hits=0, map=17, ascii=0, run_time=0:00:00:12)...[0m
[1;94m[*] [0mFuzzing test case #0 (12 total, 0 crashes saved, state: started :-), mode=explore, perf_score=459, weight=58, favorite=1, was_fuzzed=1, exec_us=1256, hits=0, map=17, ascii=0, run_time=0:00:00:13)...[0m
[1;94m[*] [0mFuzzing test case #0 (12 total, 0 crashes saved, state: started :-), mode=explore, perf_score=459, weight=58, favorite=1, was_fuzzed=1, exec_us=1256, hits=0, map=17, ascii=0, run_time=0:00:00:13)...[0m
[1;94m[*] [0mFuzzing test case #12 (13 total, 0 crashes saved, state: started :-), mode=explore, perf_score=0, weight=0, favorite=1, was_fuzzed=0, exec_us=1225, hits=2, map=19, ascii=0, run_time=0:00:00:15)...[0m
[1;94m[*] [0mFuzzing test case #0 (13 total, 0 crashes saved, state: started :-), mode=explore, perf_score=459, weight=59, favorite=1, was_fuzzed=1, exec_us=1256, hits=0, map=17, ascii=0, run_time=0:00:00:15)...[0m
[1;94m[*] [0mFuzzing test case #0 (13 total, 0 crashes saved, state: started :-), mode=explore, perf_score=459, weight=59, favorite=1, was_fuzzed=1, exec_us=1256, hits=0, map=17, ascii=0, run_time=0:00:00:15)...[0m
[1;94m[*] [0mFuzzing test case #0 (13 total, 0 crashes saved, state: started :-), mode=explore, perf_score=459, weight=59, favorite=1, was_fuzzed=1, exec_us=1256, hits=0, map=17, ascii=0, run_time=0:00:00:16)...[0m
[1;94m[*] [0mFuzzing test case #0 (13 total, 0 crashes saved, state: started :-), mode=explore, perf_score=459, weight=59, favorite=1, was_fuzzed=1, exec_us=1256, hits=0, map=17, ascii=0, run_time=0:00:00:16)...[0m
[1;94m[*] [0mFuzzing test case #0 (13 total, 0 crashes saved, state: started :-), mode=explore, perf_score=459, weight=59, favorite=1, was_fuzzed=1, exec_us=1256, hits=0, map=17, ascii=0, run_time=0:00:00:17)...[0m
[1;94m[*] [0mEntering queue cycle 2.[0m
[1;94m[*] [0mFuzzing test case #0 (13 total, 0 crashes saved, state: started :-), mode=explore, perf_score=459, weight=59, favorite=1, was_fuzzed=1, exec_us=1256, hits=0, map=17, ascii=0, run_time=0:00:00:18)...[0m
[1;94m[*] [0mFuzzing test case #0 (13 total, 0 crashes saved, state: started :-), mode=explore, perf_score=459, weight=59, favorite=1, was_fuzzed=1, exec_us=1256, hits=0, map=17, ascii=0, run_time=0:00:00:18)...[0m
[1;94m[*] [0mFuzzing test case #0 (13 total, 0 crashes saved, state: started :-), mode=explore, perf_score=459, weight=59, favorite=1, was_fuzzed=1, exec_us=1256, hits=0, map=17, ascii=0, run_time=0:00:00:19)...[0m
[1;94m[*] [0mFuzzing test case #0 (13 total, 0 crashes saved, state: started :-), mode=explore, perf_score=459, weight=59, favorite=1, was_fuzzed=1, exec_us=1256, hits=0, map=17, ascii=0, run_time=0:00:00:19)...[0m
[1;94m[*] [0mFuzzing test case #0 (13 total, 0 crashes saved, state: started :-), mode=explore, perf_score=459, weight=59, favorite=1, was_fuzzed=1, exec_us=1256, hits=0, map=17, ascii=0, run_time=0:00:00:20)...[0m
[1;94m[*] [0mFuzzing test case #0 (13 total, 0 crashes saved, state: started :-), mode=explore, perf_score=459, weight=59, favorite=1, was_fuzzed=1, exec_us=1256, hits=0, map=17, ascii=0, run_time=0:00:00:21)...[0m
[1;94m[*] [0mFuzzing test case #0 (13 total, 0 crashes saved, state: started :-), mode=explore, perf_score=459, weight=59, favorite=1, was_fuzzed=1, exec_us=1256, hits=0, map=17, ascii=0, run_time=0:00:00:21)...[0m
[1;94m[*] [0mFuzzing test case #0 (13 total, 0 crashes saved, state: started :-), mode=explore, perf_score=459, weight=59, favorite=1, was_fuzzed=1, exec_us=1256, hits=0, map=17, ascii=0, run_time=0:00:00:22)...[0m
[1;94m[*] [0mFuzzing test case #13 (14 total, 0 crashes saved, state: started :-), mode=explore, perf_score=0, weight=0, favorite=1, was_fuzzed=0, exec_us=1259, hits=1, map=22, ascii=0, run_time=0:00:00:23)...[0m
[1;94m[*] [0mFuzzing test case #0 (14 total, 0 crashes saved, state: started :-), mode=explore, perf_score=459, weight=56, favorite=1, was_fuzzed=1, exec_us=1256, hits=0, map=17, ascii=0, run_time=0:00:00:23)...[0m
[1;94m[*] [0mFuzzing test case #0 (14 total, 0 crashes saved, state: started :-), mode=explore, perf_score=459, weight=56, favorite=1, was_fuzzed=1, exec_us=1256, hits=0, map=17, ascii=0, run_time=0:00:00:24)...[0m
[1;94m[*] [0mFuzzing test case #0 (14 total, 0 crashes saved, state: started :-), mode=explore, perf_score=459, weight=56, favorite=1, was_fuzzed=1, exec_us=1256, hits=0, map=17, ascii=0, run_time=0:00:00:24)...[0m
[1;94m[*] [0mFuzzing test case #13 (14 total, 0 crashes saved, state: started :-), mode=explore, perf_score=459, weight=15, favorite=1, was_fuzzed=1, exec_us=1259, hits=1, map=22, ascii=0, run_time=0:00:00:25)...[0m
[1;94m[*] [0mFuzzing test case #21 (31 total, 0 crashes saved, state: started :-), mode=explore, perf_score=0, weight=0, favorite=1, was_fuzzed=0, exec_us=1227, hits=2, map=23, ascii=0, run_time=0:00:00:37)...[0m
[1;94m[*] [0mFuzzing test case #19 (31 total, 0 crashes saved, state: started :-), mode=explore, perf_score=200, weight=20, favorite=1, was_fuzzed=0, exec_us=1378, hits=1, map=20, ascii=0, run_time=0:00:00:37)...[0m
[1;94m[*] [0mFuzzing test case #26 (33 total, 0 crashes saved, state: started :-), mode=explore, perf_score=200, weight=23, favorite=1, was_fuzzed=0, exec_us=1181, hits=1, map=20, ascii=0, run_time=0:00:00:39)...[0m
[1;94m[*] [0mFuzzing test case #22 (38 total, 0 crashes saved, state: started :-), mode=explore, perf_score=200, weight=16, favorite=1, was_fuzzed=0, exec_us=1228, hits=3, map=22, ascii=0, run_time=0:00:00:41)...[0m
[1;94m[*] [0mFuzzing test case #33 (41 total, 0 crashes saved, state: started :-), mode=explore, perf_score=0, weight=0, favorite=1, was_fuzzed=0, exec_us=1206, hits=1, map=23, ascii=0, run_time=0:00:00:43)...[0m
[1;94m[*] [0mFuzzing test case #40 (41 total, 0 crashes saved, state: started :-), mode=explore, perf_score=400, weight=26, favorite=1, was_fuzzed=0, exec_us=1200, hits=1, map=22, ascii=0, run_time=0:00:00:43)...[0m
[1;94m[*] [0mFuzzing test case #46 (49 total, 0 crashes saved, state: started :-), mode=explore, perf_score=0, weight=0, favorite=1, was_fuzzed=0, exec_us=1194, hits=1, map=24, ascii=0, run_time=0:00:01:02)...[0m
[1;94m[*] [0mFuzzing test case #43 (49 total, 0 crashes saved, state: started :-), mode=explore, perf_score=400, weight=55, favorite=1, was_fuzzed=0, exec_us=1177, hits=1, map=22, ascii=0, run_time=0:00:01:02)...[0m
[1;94m[*] [0mFuzzing test case #18 (53 total, 0 crashes saved, state: started :-), mode=explore, perf_score=100, weight=9, favorite=1, was_fuzzed=0, exec_us=1287, hits=45, map=20, ascii=0, run_time=0:00:01:07)...[0m
[1;94m[*] [0mFuzzing test case #31 (53 total, 0 crashes saved, state: started :-), mode=explore, perf_score=200, weight=17, favorite=1, was_fuzzed=0, exec_us=1183, hits=8, map=20, ascii=0, run_time=0:00:01:07)...[0m
[1;94m[*] [0mFuzzing test case #41 (54 total, 0 crashes saved, state: started :-), mode=explore, perf_score=400, weight=16, favorite=1, was_fuzzed=0, exec_us=1191, hits=4, map=22, ascii=0, run_time=0:00:01:08)...[0m
[1;94m[*] [0mFuzzing test case #51 (54 total, 0 crashes saved, state: started :-), mode=explore, perf_score=0, weight=0, favorite=1, was_fuzzed=0, exec_us=1213, hits=11, map=23, ascii=0, run_time=0:00:01:10)...[0m
[1;94m[*] [0mFuzzing test case #45 (54 total, 0 crashes saved, state: started :-), mode=explore, perf_score=200, weight=20, favorite=1, was_fuzzed=0, exec_us=1191, hits=2, map=22, ascii=0, run_time=0:00:01:10)...[0m
[1;94m[*] [0mFuzzing test case #33 (54 total, 0 crashes saved, state: started :-), mode=explore, perf_score=919, weight=14, favorite=1, was_fuzzed=1, exec_us=1206, hits=3, map=23, ascii=0, run_time=0:00:01:11)...[0m
[1;94m[*] [0mFuzzing test case #0 (55 total, 0 crashes saved, state: started :-), mode=explore, perf_score=459, weight=121, favorite=1, was_fuzzed=1, exec_us=1256, hits=0, map=17, ascii=0, run_time=0:00:01:14)...[0m
[1;94m[*] [0mFuzzing test case #0 (55 total, 0 crashes saved, state: started :-), mode=explore, perf_score=459, weight=121, favorite=1, was_fuzzed=1, exec_us=1256, hits=0, map=17, ascii=0, run_time=0:00:01:15)...[0m
[1;94m[*] [0mFuzzing test case #51 (55 total, 0 crashes saved, state: started :-), mode=explore, perf_score=690, weight=7, favorite=1, was_fuzzed=1, exec_us=1213, hits=11, map=23, ascii=0, run_time=0:00:01:16)...[0m
[1;94m[*] [0mFuzzing test case #31 (57 total, 0 crashes saved, state: started :-), mode=explore, perf_score=229, weight=4, favorite=1, was_fuzzed=1, exec_us=1183, hits=102, map=20, ascii=0, run_time=0:00:01:19)...[0m
[1;94m[*] [0mFuzzing test case #0 (57 total, 0 crashes saved, state: started :-), mode=explore, perf_score=459, weight=125, favorite=1, was_fuzzed=1, exec_us=1256, hits=0, map=17, ascii=0, run_time=0:00:01:20)...[0m
[1;94m[*] [0mFuzzing test case #41 (57 total, 0 crashes saved, state: started :-), mode=explore, perf_score=459, weight=12, favorite=1, was_fuzzed=1, exec_us=1191, hits=30, map=22, ascii=0, run_time=0:00:01:21)...[0m
[1;94m[*] [0mFuzzing test case #0 (59 total, 0 crashes saved, state: started :-), mode=explore, perf_score=459, weight=129, favorite=1, was_fuzzed=1, exec_us=1256, hits=0, map=17, ascii=0, run_time=0:00:01:23)...[0m
[1;94m[*] [0mFuzzing test case #0 (59 total, 0 crashes saved, state: started :-), mode=explore, perf_score=459, weight=129, favorite=1, was_fuzzed=1, exec_us=1256, hits=0, map=17, ascii=0, run_time=0:00:01:24)...[0m
[1;94m[*] [0mFuzzing test case #0 (59 total, 0 crashes saved, state: started :-), mode=explore, perf_score=459, weight=129, favorite=1, was_fuzzed=1, exec_us=1256, hits=0, map=17, ascii=0, run_time=0:00:01:24)...[0m
[1;94m[*] [0mFuzzing test case #49 (59 total, 0 crashes saved, state: started :-), mode=explore, perf_score=200, weight=2, favorite=0, was_fuzzed=0, exec_us=1232, hits=1, map=22, ascii=0, run_time=0:00:01:25)...[0m
[1;94m[*] [0mFuzzing test case #0 (59 total, 0 crashes saved, state: started :-), mode=explore, perf_score=459, weight=129, favorite=1, was_fuzzed=1, exec_us=1256, hits=0, map=17, ascii=0, run_time=0:00:01:26)...[0m
[1;94m[*] [0mFuzzing test case #46 (59 total, 0 crashes saved, state: started :-), mode=explore, perf_score=919, weight=31, favorite=1, was_fuzzed=1, exec_us=1194, hits=1, map=24, ascii=0, run_time=0:00:01:26)...[0m
[1;94m[*] [0mFuzzing test case #45 (62 total, 0 crashes saved, state: started :-), mode=explore, perf_score=229, weight=6, favorite=1, was_fuzzed=1, exec_us=1191, hits=32, map=22, ascii=0, run_time=0:00:01:34)...[0m
[1;94m[*] [0mFuzzing test case #0 (62 total, 0 crashes saved, state: started :-), mode=explore, perf_score=459, weight=135, favorite=1, was_fuzzed=1, exec_us=1256, hits=0, map=17, ascii=0, run_time=0:00:01:35)...[0m
[1;94m[*] [0mFuzzing test case #0 (62 total, 0 crashes saved, state: started :-), mode=explore, perf_score=459, weight=135, favorite=1, was_fuzzed=1, exec_us=1256, hits=0, map=17, ascii=0, run_time=0:00:01:35)...[0m
[1;94m[*] [0mFuzzing test case #0 (62 total, 0 crashes saved, state: started :-), mode=explore, perf_score=459, weight=135, favorite=1, was_fuzzed=1, exec_us=1256, hits=0, map=17, ascii=0, run_time=0:00:01:36)...[0m
[1;94m[*] [0mFuzzing test case #54 (62 total, 0 crashes saved, state: started :-), mode=explore, perf_score=200, weight=2, favorite=0, was_fuzzed=0, exec_us=1191, hits=1, map=22, ascii=0, run_time=0:00:01:37)...[0m
[1;94m[*] [0mFuzzing test case #21 (62 total, 0 crashes saved, state: started :-), mode=explore, perf_score=345, weight=14, favorite=1, was_fuzzed=1, exec_us=1227, hits=4, map=23, ascii=0, run_time=0:00:01:37)...[0m
[?25h[1;91m

+++ Testing aborted programmatically +++
[0m[1;94m[*] [0mStatistics: 61 new corpus items found, 52.05% coverage achieved, 1 crashes saved, 0 timeouts saved, total runtime 0 days, 0 hrs, 1 min, 39 sec[0m
[1;92m[+] [0mWe're done here. Have a nice day!
[0m
[1;94m[*] [0mFuzzing test case #29 (33 total, 0 crashes saved, state: in progress, mode=explore, perf_score=0, weight=0, favorite=1, was_fuzzed=0, exec_us=1069, hits=1, map=23, ascii=0, run_time=0:00:15:38)...[0m
[1;94m[*] [0mFuzzing test case #26 (33 total, 0 crashes saved, state: in progress, mode=explore, perf_score=100, weight=9, favorite=1, was_fuzzed=0, exec_us=1329, hits=13, map=23, ascii=0, run_time=0:00:15:38)...[0m
[1;94m[*] [0mFuzzing test case #24 (35 total, 0 crashes saved, state: in progress, mode=explore, perf_score=100, weight=26, favorite=1, was_fuzzed=0, exec_us=1189, hits=10, map=23, ascii=0, run_time=0:00:15:39)...[0m
[1;94m[*] [0mFuzzing test case #33 (36 total, 0 crashes saved, state: in progress, mode=explore, perf_score=0, weight=0, favorite=1, was_fuzzed=0, exec_us=1071, hits=1, map=21, ascii=0, run_time=0:00:15:39)...[0m
[1;94m[*] [0mFuzzing test case #30 (36 total, 0 crashes saved, state: in progress, mode=explore, perf_score=100, weight=24, favorite=1, was_fuzzed=0, exec_us=1082, hits=1, map=23, ascii=0, run_time=0:00:15:39)...[0m
[1;94m[*] [0mFuzzing test case #37 (41 total, 0 crashes saved, state: in progress, mode=explore, perf_score=0, weight=0, favorite=1, was_fuzzed=0, exec_us=1050, hits=1, map=24, ascii=0, run_time=0:00:15:40)...[0m
[1;94m[*] [0mFuzzing test case #34 (41 total, 0 crashes saved, state: in progress, mode=explore, perf_score=100, weight=15, favorite=1, was_fuzzed=0, exec_us=1038, hits=6, map=24, ascii=0, run_time=0:00:15:40)...[0m
[1;94m[*] [0mFuzzing test case #36 (44 total, 0 crashes saved, state: in progress, mode=explore, perf_score=100, weight=25, favorite=1, was_fuzzed=0, exec_us=1071, hits=1, map=22, ascii=0, run_time=0:00:15:41)...[0m
[1;94m[*] [0mFuzzing test case #44 (45 total, 0 crashes saved, state: in progress, mode=explore, perf_score=0, weight=0, favorite=1, was_fuzzed=0, exec_us=1023, hits=1, map=21, ascii=0, run_time=0:00:15:41)...[0m
[1;94m[*] [0mFuzzing test case #25 (45 total, 0 crashes saved, state: in progress, mode=explore, perf_score=100, weight=18, favorite=1, was_fuzzed=0, exec_us=1188, hits=2, map=22, ascii=0, run_time=0:00:15:41)...[0m
[1;94m[*] [0mFuzzing test case #13 (46 total, 0 crashes saved, state: in progress, mode=explore, perf_score=100, weight=6, favorite=1, was_fuzzed=0, exec_us=1323, hits=430, map=20, ascii=0, run_time=0:00:15:42)...[0m
[1;94m[*] [0mFuzzing test case #45 (47 total, 0 crashes saved, state: in progress, mode=explore, perf_score=0, weight=0, favorite=1, was_fuzzed=0, exec_us=1106, hits=1, map=22, ascii=0, run_time=0:00:15:43)...[0m
[1;94m[*] [0mFuzzing test case #44 (47 total, 0 crashes saved, state: in progress, mode=explore, perf_score=919, weight=169, favorite=1, was_fuzzed=1, exec_us=1023, hits=1, map=21, ascii=0, run_time=0:00:15:43)...[0m
[1;94m[*] [0mFuzzing test case #48 (51 total, 0 crashes saved, state: in progress, mode=explore, perf_score=0, weight=0, favorite=1, was_fuzzed=0, exec_us=1109, hits=1, map=19, ascii=0, run_time=0:00:15:49)...[0m
[1;94m[*] [0mFuzzing test case #50 (51 total, 0 crashes saved, state: in progress, mode=explore, perf_score=200, weight=46, favorite=1, was_fuzzed=0, exec_us=1046, hits=1, map=24, ascii=0, run_time=0:00:15:49)...[0m
[1;94m[*] [0mFuzzing test case #16 (51 total, 0 crashes saved, state: in progress, mode=explore, perf_score=100, weight=16, favorite=1, was_fuzzed=0, exec_us=1209, hits=4, map=23, ascii=0, run_time=0:00:15:49)...[0m
[1;94m[*] [0mFuzzing test case #48 (51 total, 0 crashes saved, state: in progress, mode=explore, perf_score=919, weight=147, favorite=1, was_fuzzed=1, exec_us=1109, hits=1, map=19, ascii=0, run_time=0:00:15:50)...[0m
[1;94m[*] [0mFuzzing test case #51 (55 total, 0 crashes saved, state: in progress, mode=explore, perf_score=0, weight=0, favorite=1, was_fuzzed=0, exec_us=1053, hits=108, map=18, ascii=0, run_time=0:00:15:54)...[0m
[1;94m[*] [0mFuzzing test case #37 (55 total, 0 crashes saved, state: in progress, mode=explore, perf_score=459, weight=33, favorite=1, was_fuzzed=1, exec_us=1050, hits=1, map=24, ascii=0, run_time=0:00:15:54)...[0m
[1;94m[*] [0mFuzzing test case #24 (56 total, 0 crashes saved, state: in progress, mode=explore, perf_score=229, weight=16, favorite=1, was_fuzzed=1, exec_us=1189, hits=19, map=23, ascii=0, run_time=0:00:15:56)...[0m
[1;94m[*] [0mFuzzing test case #24 (57 total, 0 crashes saved, state: in progress, mode=explore, perf_score=229, weight=16, favorite=1, was_fuzzed=1, exec_us=1189, hits=27, map=23, ascii=0, run_time=0:00:15:56)...[0m
[1;94m[*] [0mFuzzing test case #51 (58 total, 0 crashes saved, state: in progress, mode=explore, perf_score=229, weight=53, favorite=1, was_fuzzed=1, exec_us=1053, hits=108, map=18, ascii=0, run_time=0:00:15:57)...[0m
[1;94m[*] [0mFuzzing test case #51 (59 total, 0 crashes saved, state: in progress, mode=explore, perf_score=229, weight=51, favorite=1, was_fuzzed=1, exec_us=1053, hits=166, map=18, ascii=0, run_time=0:00:15:58)...[0m
[1;94m[*] [0mFuzzing test case #51 (59 total, 0 crashes saved, state: in progress, mode=explore, perf_score=229, weight=51, favorite=1, was_fuzzed=1, exec_us=1053, hits=233, map=18, ascii=0, run_time=0:00:15:59)...[0m
[1;94m[*] [0mFuzzing test case #51 (59 total, 0 crashes saved, state: in progress, mode=explore, perf_score=229, weight=51, favorite=1, was_fuzzed=1, exec_us=1053, hits=263, map=18, ascii=0, run_time=0:00:15:59)...[0m
[1;94m[*] [0mFuzzing test case #50 (59 total, 0 crashes saved, state: in progress, mode=explore, perf_score=690, weight=12, favorite=1, was_fuzzed=1, exec_us=1046, hits=12, map=24, ascii=0, run_time=0:00:16:00)...[0m
[1;94m[*] [0mFuzzing test case #24 (60 total, 0 crashes saved, state: in progress, mode=explore, perf_score=229, weight=16, favorite=1, was_fuzzed=1, exec_us=1189, hits=29, map=23, ascii=0, run_time=0:00:16:02)...[0m
[1;94m[*] [0mFuzzing test case #16 (60 total, 0 crashes saved, state: in progress, mode=explore, perf_score=345, weight=6, favorite=1, was_fuzzed=1, exec_us=1209, hits=12, map=23, ascii=0, run_time=0:00:16:03)...[0m
[1;94m[*] [0mFuzzing test case #32 (60 total, 0 crashes saved, state: in progress, mode=explore, perf_score=100, weight=1, favorite=0, was_fuzzed=0, exec_us=1046, hits=9, map=22, ascii=0, run_time=0:00:16:04)...[0m
[1;94m[*] [0mFuzzing test case #24 (60 total, 0 crashes saved, state: in progress, mode=explore, perf_score=114, weight=15, favorite=1, was_fuzzed=1, exec_us=1189, hits=37, map=23, ascii=0, run_time=0:00:16:05)...[0m
[1;94m[*] [0mFuzzing test case #44 (60 total, 0 crashes saved, state: in progress, mode=explore, perf_score=229, weight=10, favorite=1, was_fuzzed=1, exec_us=1023, hits=450, map=21, ascii=0, run_time=0:00:16:05)...[0m
[1;94m[*] [0mFuzzing test case #37 (60 total, 0 crashes saved, state: in progress, mode=explore, perf_score=229, weight=16, favorite=1, was_fuzzed=1, exec_us=1050, hits=17, map=24, ascii=0, run_time=0:00:16:06)...[0m
[1;94m[*] [0mFuzzing test case #37 (60 total, 0 crashes saved, state: in progress, mode=explore, perf_score=229, weight=16, favorite=1, was_fuzzed=1, exec_us=1050, hits=24, map=24, ascii=0, run_time=0:00:16:06)...[0m
[1;94m[*] [0mFuzzing test case #51 (60 total, 0 crashes saved, state: in progress, mode=explore, perf_score=229, weight=47, favorite=1, was_fuzzed=1, exec_us=1053, hits=312, map=18, ascii=0, run_time=0:00:16:07)...[0m
[1;94m[*] [0mFuzzing test case #51 (60 total, 0 crashes saved, state: in progress, mode=explore, perf_score=229, weight=47, favorite=1, was_fuzzed=1, exec_us=1053, hits=382, map=18, ascii=0, run_time=0:00:16:08)...[0m
[1;94m[*] [0mFuzzing test case #51 (60 total, 0 crashes saved, state: in progress, mode=explore, perf_score=229, weight=47, favorite=1, was_fuzzed=1, exec_us=1053, hits=430, map=18, ascii=0, run_time=0:00:16:08)...[0m
[1;94m[*] [0mFuzzing test case #51 (60 total, 0 crashes saved, state: in progress, mode=explore, perf_score=229, weight=47, favorite=1, was_fuzzed=1, exec_us=1053, hits=528, map=18, ascii=0, run_time=0:00:16:09)...[0m
[1;94m[*] [0mFuzzing test case #51 (60 total, 0 crashes saved, state: in progress, mode=explore, perf_score=229, weight=47, favorite=1, was_fuzzed=1, exec_us=1053, hits=634, map=18, ascii=0, run_time=0:00:16:10)...[0m
[1;94m[*] [0mFuzzing test case #51 (60 total, 0 crashes saved, state: in progress, mode=explore, perf_score=229, weight=47, favorite=1, was_fuzzed=1, exec_us=1053, hits=691, map=18, ascii=0, run_time=0:00:16:11)...[0m
[1;94m[*] [0mFuzzing test case #44 (60 total, 0 crashes saved, state: in progress, mode=explore, perf_score=229, weight=10, favorite=1, was_fuzzed=1, exec_us=1023, hits=497, map=21, ascii=0, run_time=0:00:16:11)...[0m
[1;94m[*] [0mFuzzing test case #50 (61 total, 0 crashes saved, state: in progress, mode=explore, perf_score=229, weight=9, favorite=1, was_fuzzed=1, exec_us=1046, hits=88, map=24, ascii=0, run_time=0:00:16:12)...[0m
[1;94m[*] [0mFuzzing test case #50 (61 total, 0 crashes saved, state: in progress, mode=explore, perf_score=229, weight=9, favorite=1, was_fuzzed=1, exec_us=1046, hits=101, map=24, ascii=0, run_time=0:00:16:13)...[0m
[1;94m[*] [0mFuzzing test case #51 (61 total, 0 crashes saved, state: in progress, mode=explore, perf_score=229, weight=43, favorite=1, was_fuzzed=1, exec_us=1053, hits=736, map=18, ascii=0, run_time=0:00:16:13)...[0m
[1;94m[*] [0mFuzzing test case #51 (61 total, 0 crashes saved, state: in progress, mode=explore, perf_score=229, weight=43, favorite=1, was_fuzzed=1, exec_us=1053, hits=857, map=18, ascii=0, run_time=0:00:16:14)...[0m
[1;94m[*] [0mFuzzing test case #51 (61 total, 0 crashes saved, state: in progress, mode=explore, perf_score=229, weight=43, favorite=1, was_fuzzed=1, exec_us=1053, hits=935, map=18, ascii=0, run_time=0:00:16:15)...[0m
[1;94m[*] [0mFuzzing test case #50 (62 total, 0 crashes saved, state: in progress, mode=explore, perf_score=229, weight=9, favorite=1, was_fuzzed=1, exec_us=1046, hits=105, map=24, ascii=0, run_time=0:00:16:16)...[0m
[1;94m[*] [0mFuzzing test case #50 (62 total, 0 crashes saved, state: in progress, mode=explore, perf_score=229, weight=9, favorite=1, was_fuzzed=1, exec_us=1046, hits=122, map=24, ascii=0, run_time=0:00:16:16)...[0m
[1;94m[*] [0mFuzzing test case #51 (62 total, 0 crashes saved, state: in progress, mode=explore, perf_score=229, weight=43, favorite=1, was_fuzzed=1, exec_us=1053, hits=1026, map=18, ascii=0, run_time=0:00:16:17)...[0m
[1;94m[*] [0mFuzzing test case #51 (62 total, 0 crashes saved, state: in progress, mode=explore, perf_score=229, weight=43, favorite=1, was_fuzzed=1, exec_us=1053, hits=1099, map=18, ascii=0, run_time=0:00:16:18)...[0m
[1;94m[*] [0mFuzzing test case #34 (62 total, 0 crashes saved, state: in progress, mode=explore, perf_score=114, weight=6, favorite=1, was_fuzzed=1, exec_us=1038, hits=41, map=24, ascii=0, run_time=0:00:16:18)...[0m
[1;94m[*] [0mFuzzing test case #24 (62 total, 0 crashes saved, state: in progress, mode=explore, perf_score=114, weight=16, favorite=1, was_fuzzed=1, exec_us=1189, hits=39, map=23, ascii=0, run_time=0:00:16:19)...[0m
[1;94m[*] [0mFuzzing test case #62 (63 total, 0 crashes saved, state: in progress, mode=explore, perf_score=0, weight=0, favorite=1, was_fuzzed=0, exec_us=1066, hits=1, map=24, ascii=0, run_time=0:00:16:19)...[0m
[1;94m[*] [0mFuzzing test case #62 (63 total, 0 crashes saved, state: in progress, mode=explore, perf_score=459, weight=34, favorite=1, was_fuzzed=1, exec_us=1066, hits=1, map=24, ascii=0, run_time=0:00:16:19)...[0m
[?25h[1;91m

+++ Testing aborted programmatically +++
[0m[1;94m[*] [0mStatistics: 62 new corpus items found, 52.05% coverage achieved, 1 crashes saved, 0 timeouts saved, total runtime 0 days, 0 hrs, 16 min, 20 sec[0m
[1;92m[+] [0mWe're done here. Have a nice day!
[0m
