JOB timestamp: Mon Dec 18 15:28:05 MST 2023
JOB ID: 121634
Array Task ID: 23
Current directory: /lfs/koff9454.ui/projects/plc_runtime_fuzzer/code_analysis/src
r3i4n10
gcc (Spack GCC) 12.1.0
Copyright (C) 2022 Free Software Foundation, Inc.
This is free software; see the source for copying conditions.  There is NO
warranty; not even for MERCHANTABILITY or FITNESS FOR A PARTICULAR PURPOSE.

Python 3.11.5
/lfs/koff9454.ui/miniconda3/envs/plc/bin/python
matiec version 0.1
changeset id: 
Number of programs: 3
Programs: condition_1 condition_2 condition_3
Fuzzing program: condition_3, Job ID: 23
input dir exist, skipping
harness file exist, skipping
Running the fuzzers
Workdir: "/lfs/koff9454.ui/projects/plc_runtime_fuzzer/code_analysis/src/programs/condition/condition_3/runs/run-23"
Out dir at "fuzzer-outdir" already exists.
Let's fuzz :)
[Stats #0] run time: 0h-0m-0s, clients: 1, corpus: 0, objectives: 0, executions: 0, exec/sec: 0.000
[Testcase #0] run time: 0h-0m-0s, clients: 1, corpus: 1, objectives: 0, executions: 1, exec/sec: 0.000
We imported 1 inputs from disk.
[Stats #0] run time: 0h-0m-0s, clients: 1, corpus: 1, objectives: 0, executions: 1, exec/sec: 0.000
[Testcase #0] run time: 0h-0m-0s, clients: 1, corpus: 2, objectives: 0, executions: 10, exec/sec: 0.000
[Objective #0] run time: 0h-0m-0s, clients: 1, corpus: 2, objectives: 1, executions: 10, exec/sec: 0.000
[Objective #0] run time: 0h-0m-0s, clients: 1, corpus: 2, objectives: 2, executions: 10, exec/sec: 0.000
[Objective #0] run time: 0h-0m-0s, clients: 1, corpus: 2, objectives: 3, executions: 10, exec/sec: 0.000
[Objective #0] run time: 0h-0m-0s, clients: 1, corpus: 2, objectives: 4, executions: 10, exec/sec: 0.000
[Objective #0] run time: 0h-0m-0s, clients: 1, corpus: 2, objectives: 5, executions: 10, exec/sec: 0.000
[Stats #0] run time: 0h-0m-0s, clients: 1, corpus: 2, objectives: 5, executions: 10, exec/sec: 0.000
[Testcase #0] run time: 0h-0m-0s, clients: 1, corpus: 3, objectives: 5, executions: 18, exec/sec: 0.000
[Objective #0] run time: 0h-0m-0s, clients: 1, corpus: 3, objectives: 6, executions: 18, exec/sec: 0.000
[Objective #0] run time: 0h-0m-0s, clients: 1, corpus: 3, objectives: 7, executions: 18, exec/sec: 0.000
[Objective #0] run time: 0h-0m-0s, clients: 1, corpus: 3, objectives: 8, executions: 18, exec/sec: 0.000
[Objective #0] run time: 0h-0m-0s, clients: 1, corpus: 3, objectives: 9, executions: 18, exec/sec: 0.000
[Objective #0] run time: 0h-0m-0s, clients: 1, corpus: 3, objectives: 10, executions: 18, exec/sec: 0.000
[Objective #0] run time: 0h-0m-0s, clients: 1, corpus: 3, objectives: 11, executions: 18, exec/sec: 0.000
[Objective #0] run time: 0h-0m-0s, clients: 1, corpus: 3, objectives: 12, executions: 18, exec/sec: 0.000
[Objective #0] run time: 0h-0m-0s, clients: 1, corpus: 3, objectives: 13, executions: 18, exec/sec: 0.000
[Objective #0] run time: 0h-0m-0s, clients: 1, corpus: 3, objectives: 14, executions: 18, exec/sec: 0.000
[Objective #0] run time: 0h-0m-0s, clients: 1, corpus: 3, objectives: 15, executions: 18, exec/sec: 0.000
[Objective #0] run time: 0h-0m-0s, clients: 1, corpus: 3, objectives: 16, executions: 18, exec/sec: 0.000
[Objective #0] run time: 0h-0m-0s, clients: 1, corpus: 3, objectives: 17, executions: 18, exec/sec: 0.000
[Objective #0] run time: 0h-0m-0s, clients: 1, corpus: 3, objectives: 18, executions: 18, exec/sec: 0.000
[Objective #0] run time: 0h-0m-0s, clients: 1, corpus: 3, objectives: 19, executions: 18, exec/sec: 0.000
[Objective #0] run time: 0h-0m-0s, clients: 1, corpus: 3, objectives: 20, executions: 18, exec/sec: 0.000
[Objective #0] run time: 0h-0m-0s, clients: 1, corpus: 3, objectives: 21, executions: 18, exec/sec: 0.000
[Objective #0] run time: 0h-0m-0s, clients: 1, corpus: 3, objectives: 22, executions: 18, exec/sec: 0.000
[Objective #0] run time: 0h-0m-0s, clients: 1, corpus: 3, objectives: 23, executions: 18, exec/sec: 0.000
[Objective #0] run time: 0h-0m-0s, clients: 1, corpus: 3, objectives: 24, executions: 18, exec/sec: 0.000
[Objective #0] run time: 0h-0m-0s, clients: 1, corpus: 3, objectives: 25, executions: 18, exec/sec: 0.000
[Objective #0] run time: 0h-0m-0s, clients: 1, corpus: 3, objectives: 26, executions: 18, exec/sec: 0.000
[Objective #0] run time: 0h-0m-0s, clients: 1, corpus: 3, objectives: 27, executions: 18, exec/sec: 0.000
[Objective #0] run time: 0h-0m-0s, clients: 1, corpus: 3, objectives: 28, executions: 18, exec/sec: 0.000
[Objective #0] run time: 0h-0m-0s, clients: 1, corpus: 3, objectives: 29, executions: 18, exec/sec: 0.000
[Objective #0] run time: 0h-0m-0s, clients: 1, corpus: 3, objectives: 30, executions: 18, exec/sec: 0.000
[Objective #0] run time: 0h-0m-0s, clients: 1, corpus: 3, objectives: 31, executions: 18, exec/sec: 0.000
[Objective #0] run time: 0h-0m-0s, clients: 1, corpus: 3, objectives: 32, executions: 18, exec/sec: 0.000
[Objective #0] run time: 0h-0m-0s, clients: 1, corpus: 3, objectives: 33, executions: 18, exec/sec: 0.000
[Objective #0] run time: 0h-0m-0s, clients: 1, corpus: 3, objectives: 34, executions: 18, exec/sec: 0.000
[Objective #0] run time: 0h-0m-0s, clients: 1, corpus: 3, objectives: 35, executions: 18, exec/sec: 0.000
[Objective #0] run time: 0h-0m-0s, clients: 1, corpus: 3, objectives: 36, executions: 18, exec/sec: 0.000
[Objective #0] run time: 0h-0m-0s, clients: 1, corpus: 3, objectives: 37, executions: 18, exec/sec: 0.000
[Objective #0] run time: 0h-0m-0s, clients: 1, corpus: 3, objectives: 38, executions: 18, exec/sec: 0.000
[Objective #0] run time: 0h-0m-0s, clients: 1, corpus: 3, objectives: 39, executions: 18, exec/sec: 0.000
[Objective #0] run time: 0h-0m-0s, clients: 1, corpus: 3, objectives: 40, executions: 18, exec/sec: 0.000
[Objective #0] run time: 0h-0m-0s, clients: 1, corpus: 3, objectives: 41, executions: 18, exec/sec: 0.000
[Objective #0] run time: 0h-0m-0s, clients: 1, corpus: 3, objectives: 42, executions: 18, exec/sec: 0.000
[Objective #0] run time: 0h-0m-0s, clients: 1, corpus: 3, objectives: 43, executions: 18, exec/sec: 0.000
[Objective #0] run time: 0h-0m-0s, clients: 1, corpus: 3, objectives: 44, executions: 18, exec/sec: 0.000
[Objective #0] run time: 0h-0m-0s, clients: 1, corpus: 3, objectives: 45, executions: 18, exec/sec: 0.000
[Objective #0] run time: 0h-0m-0s, clients: 1, corpus: 3, objectives: 46, executions: 18, exec/sec: 0.000
[Objective #0] run time: 0h-0m-0s, clients: 1, corpus: 3, objectives: 47, executions: 18, exec/sec: 0.000
[Objective #0] run time: 0h-0m-0s, clients: 1, corpus: 3, objectives: 48, executions: 18, exec/sec: 0.000
[Objective #0] run time: 0h-0m-0s, clients: 1, corpus: 3, objectives: 49, executions: 18, exec/sec: 0.000
[Objective #0] run time: 0h-0m-0s, clients: 1, corpus: 3, objectives: 50, executions: 18, exec/sec: 0.000
[Objective #0] run time: 0h-0m-0s, clients: 1, corpus: 3, objectives: 51, executions: 18, exec/sec: 0.000
[Objective #0] run time: 0h-0m-0s, clients: 1, corpus: 3, objectives: 52, executions: 18, exec/sec: 0.000
[Objective #0] run time: 0h-0m-1s, clients: 1, corpus: 3, objectives: 53, executions: 18, exec/sec: 0.000
[Objective #0] run time: 0h-0m-1s, clients: 1, corpus: 3, objectives: 54, executions: 18, exec/sec: 17.58
Crash limit reached: 1
[1;92m[+] [0mEnabled environment variable AFL_BENCH_UNTIL_CRASH with value 1[0m
[1;92m[+] [0mEnabled environment variable AFL_IGNORE_SEED_PROBLEMS with value 1[0m
[1;92m[+] [0mEnabled environment variable AFL_I_DONT_CARE_ABOUT_MISSING_CRASHES with value 1[0m
[1;92m[+] [0mEnabled environment variable AFL_SKIP_CPUFREQ with value 1[0m
[1;92m[+] [0mEnabled environment variable AFL_TRY_AFFINITY with value 1[0m
[1;93m[!] [1;97mWARNING: [0mPotentially mistyped AFL environment variable: USE_PCM_DB=2, did you mean AFL_USE_PCM_DB=2?[0m
[0;36mafl-fuzz++4.09a[0m based on afl by Michal Zalewski and a large online community
[1;92m[+] [0mAFL++ is maintained by Marc "van Hauser" Heuse, Dominik Maier, Andrea Fioraldi and Heiko "hexcoder" Eißfeldt[0m
[1;92m[+] [0mAFL++ is open source, get it at https://github.com/AFLplusplus/AFLplusplus[0m
[1;92m[+] [0mNOTE: AFL++ >= v3 has changed defaults and behaviours - see README.md[0m
[1;92m[+] [0mNo -M/-S set, autoconfiguring for "-S default"[0m
[1;94m[*] [0mGetting to work...[0m
[1;92m[+] [0mUsing exponential power schedule (FAST)[0m
[1;92m[+] [0mEnabled testcache with 50 MB[0m
[1;92m[+] [0mGenerating fuzz data with a length of min=1 max=1048576[0m
[1;94m[*] [0mChecking core_pattern...[0m

[1;91m[-] [0mHmm, your system is configured to send core dump notifications to an
    external utility. This will cause issues: there will be an extended delay
    between stumbling upon a crash and having this information relayed to the
    fuzzer via the standard waitpid() API.
    If you're just testing, set 'AFL_I_DONT_CARE_ABOUT_MISSING_CRASHES=1'.

    To avoid having crashes misinterpreted as timeouts, please log in as root
    and temporarily modify /proc/sys/kernel/core_pattern, like so:

    echo core >/proc/sys/kernel/core_pattern
[1;92m[+] [0mLooks like we're not running on a tty, so I'll be a bit less verbose.[0m
[1;92m[+] [0mYou have 36 CPU cores and 1 runnable tasks (utilization: 3%).[0m
[1;92m[+] [0mTry parallel jobs - see /usr/local/share/doc/afl/fuzzing_in_depth.md#c-using-multiple-cores[0m
[1;94m[*] [0mSetting up output directories...[0m
[1;94m[*] [0mChecking CPU core loadout...[0m
[1;92m[+] [0mFound a free CPU core, try binding to #0.[0m
[1;94m[*] [0mScanning 'afl-indir'...[0m
[1;92m[+] [0mLoaded a total of 1 seeds.[0m
[1;94m[*] [0mCreating hard links for all input files...[0m
[1;94m[*] [0mValidating target binary...[0m
[1;94m[*] [0mSpinning up the fork server...[0m
[1;92m[+] [0mAll right - fork server is up.[0m
[1;94m[*] [0mTarget map size: 75[0m
[1;94m[*] [0mNo auto-generated dictionary tokens to reuse.[0m
[1;94m[*] [0mLoading extra dictionary from 'afl-inputs.dict' (level 0)...[0m
[1;94m[*] [0mLoaded 80 extra tokens, size range 4 B to 6 B.[0m
[1;92m[+] [0mLoaded a total of 6 extras.[0m
[1;94m[*] [0mAttempting dry run with 'id:000000,time:0,execs:0,orig:testcase.txt'...[0m
[1;90m    len = 3, map size = 22, exec speed = 5612 us, hash = f12e82753eb161b5
[0m[1;92m[+] [0mAll test cases processed.[0m
[1;92m[+] [0mHere are some useful stats:

[1;90m    Test case count : [0m1 favored, 0 variable, 0 ignored, 1 total
[1;90m       Bitmap range : [0m22 to 22 bits (average: 22.00 bits)
[1;90m        Exec timing : [0m5612 to 5612 us (average: 5612 us)
[0m
[1;94m[*] [0mNo -t option specified, so I'll use an exec timeout of 40 ms.[0m
[1;92m[+] [0mAll set and ready to roll![0m
[1;94m[*] [0mEntering queue cycle 1.[0m
[1;94m[*] [0mFuzzing test case #0 (1 total, 0 crashes saved, state: started :-), mode=explore, perf_score=0, weight=0, favorite=1, was_fuzzed=0, exec_us=5612, hits=0, map=22, ascii=0, run_time=0:00:00:00)...[0m
[1;94m[*] [0mFuzzing test case #0 (1 total, 0 crashes saved, state: started :-), mode=explore, perf_score=459, weight=10, favorite=1, was_fuzzed=1, exec_us=5612, hits=0, map=22, ascii=0, run_time=0:00:00:00)...[0m
[1;92m[+] [0mEnabled environment variable AFL_BENCH_UNTIL_CRASH with value 1[0m
[1;92m[+] [0mEnabled environment variable AFL_IGNORE_SEED_PROBLEMS with value 1[0m
[1;92m[+] [0mEnabled environment variable AFL_I_DONT_CARE_ABOUT_MISSING_CRASHES with value 1[0m
[1;92m[+] [0mEnabled environment variable AFL_SKIP_CPUFREQ with value 1[0m
[1;92m[+] [0mEnabled environment variable AFL_TRY_AFFINITY with value 1[0m
[1;93m[!] [1;97mWARNING: [0mPotentially mistyped AFL environment variable: USE_PCM_DB=2, did you mean AFL_USE_PCM_DB=2?[0m
[0;36mafl-fuzz++4.09a[0m based on afl by Michal Zalewski and a large online community
[1;92m[+] [0mAFL++ is maintained by Marc "van Hauser" Heuse, Dominik Maier, Andrea Fioraldi and Heiko "hexcoder" Eißfeldt[0m
[1;92m[+] [0mAFL++ is open source, get it at https://github.com/AFLplusplus/AFLplusplus[0m
[1;92m[+] [0mNOTE: AFL++ >= v3 has changed defaults and behaviours - see README.md[0m
[1;92m[+] [0mNo -M/-S set, autoconfiguring for "-S default"[0m
[1;94m[*] [0mGetting to work...[0m
[1;92m[+] [0mUsing exponential power schedule (FAST)[0m
[1;92m[+] [0mEnabled testcache with 50 MB[0m
[1;92m[+] [0mGenerating fuzz data with a length of min=1 max=1048576[0m
[1;94m[*] [0mChecking core_pattern...[0m

[1;91m[-] [0mHmm, your system is configured to send core dump notifications to an
    external utility. This will cause issues: there will be an extended delay
    between stumbling upon a crash and having this information relayed to the
    fuzzer via the standard waitpid() API.
    If you're just testing, set 'AFL_I_DONT_CARE_ABOUT_MISSING_CRASHES=1'.

    To avoid having crashes misinterpreted as timeouts, please log in as root
    and temporarily modify /proc/sys/kernel/core_pattern, like so:

    echo core >/proc/sys/kernel/core_pattern
[1;92m[+] [0mLooks like we're not running on a tty, so I'll be a bit less verbose.[0m
[1;92m[+] [0mYou have 36 CPU cores and 4 runnable tasks (utilization: 11%).[0m
[1;92m[+] [0mTry parallel jobs - see /usr/local/share/doc/afl/fuzzing_in_depth.md#c-using-multiple-cores[0m
[1;94m[*] [0mSetting up output directories...[0m
[1;94m[*] [0mChecking CPU core loadout...[0m
[1;92m[+] [0mFound a free CPU core, try binding to #11.[0m
[1;94m[*] [0mScanning 'our-indir'...[0m
[1;92m[+] [0mLoaded a total of 1 seeds.[0m
[1;94m[*] [0mCreating hard links for all input files...[0m
[1;94m[*] [0mValidating target binary...[0m
[1;94m[*] [0mSpinning up the fork server...[0m
[1;92m[+] [0mAll right - fork server is up.[0m
[1;94m[*] [0mTarget map size: 75[0m
[1;94m[*] [0mNo auto-generated dictionary tokens to reuse.[0m
[1;94m[*] [0mLoading extra dictionary from 'our-inputs.dict' (level 0)...[0m
[1;94m[*] [0mLoaded 80 extra tokens, size range 4 B to 6 B.[0m
[1;92m[+] [0mLoaded a total of 6 extras.[0m
[1;94m[*] [0mAttempting dry run with 'id:000000,time:0,execs:0,orig:variables.txt'...[0m
[1;90m    len = 560, map size = 23, exec speed = 4270 us, hash = 9b4849e5a795fa70
[0m[1;92m[+] [0mAll test cases processed.[0m
[1;92m[+] [0mHere are some useful stats:

[1;90m    Test case count : [0m1 favored, 0 variable, 0 ignored, 1 total
[1;90m       Bitmap range : [0m23 to 23 bits (average: 23.00 bits)
[1;90m        Exec timing : [0m4270 to 4270 us (average: 4270 us)
[0m
[1;94m[*] [0mNo -t option specified, so I'll use an exec timeout of 40 ms.[0m
[1;92m[+] [0mAll set and ready to roll![0m
[1;94m[*] [0mEntering queue cycle 1.[0m
[1;94m[*] [0mFuzzing test case #0 (1 total, 0 crashes saved, state: started :-), mode=explore, perf_score=0, weight=0, favorite=1, was_fuzzed=0, exec_us=4270, hits=0, map=23, ascii=0, run_time=0:00:00:00)...[0m
[1;94m[*] [0mFuzzing test case #2 (8 total, 0 crashes saved, state: started :-), mode=explore, perf_score=0, weight=0, favorite=1, was_fuzzed=0, exec_us=7181, hits=72, map=22, ascii=0, run_time=0:00:01:18)...[0m
[1;94m[*] [0mFuzzing test case #3 (8 total, 0 crashes saved, state: started :-), mode=explore, perf_score=100, weight=6, favorite=1, was_fuzzed=0, exec_us=3594, hits=369, map=23, ascii=0, run_time=0:00:01:18)...[0m
[?25h[1;91m

+++ Testing aborted programmatically +++
[0m[1;94m[*] [0mStatistics: 26 new corpus items found, 48.00% coverage achieved, 1 crashes saved, 0 timeouts saved, total runtime 0 days, 0 hrs, 1 min, 19 sec[0m
[1;92m[+] [0mWe're done here. Have a nice day!
[0m
[1;94m[*] [0mFuzzing test case #8 (10 total, 0 crashes saved, state: started :-), mode=explore, perf_score=0, weight=0, favorite=1, was_fuzzed=0, exec_us=1479, hits=2, map=22, ascii=0, run_time=0:00:01:19)...[0m
[1;94m[*] [0mFuzzing test case #0 (10 total, 0 crashes saved, state: started :-), mode=explore, perf_score=459, weight=6, favorite=1, was_fuzzed=1, exec_us=5612, hits=0, map=22, ascii=0, run_time=0:00:01:19)...[0m
[1;94m[*] [0mFuzzing test case #8 (10 total, 0 crashes saved, state: started :-), mode=explore, perf_score=919, weight=121, favorite=1, was_fuzzed=1, exec_us=1479, hits=3, map=22, ascii=0, run_time=0:00:01:19)...[0m
[1;94m[*] [0mFuzzing test case #13 (16 total, 0 crashes saved, state: started :-), mode=explore, perf_score=0, weight=0, favorite=1, was_fuzzed=0, exec_us=1254, hits=1, map=25, ascii=0, run_time=0:00:01:52)...[0m
[1;94m[*] [0mFuzzing test case #15 (16 total, 0 crashes saved, state: started :-), mode=explore, perf_score=300, weight=47, favorite=1, was_fuzzed=0, exec_us=1196, hits=1, map=25, ascii=0, run_time=0:00:01:52)...[0m
[1;94m[*] [0mFuzzing test case #21 (23 total, 0 crashes saved, state: started :-), mode=explore, perf_score=0, weight=0, favorite=1, was_fuzzed=0, exec_us=1148, hits=3, map=25, ascii=0, run_time=0:00:03:11)...[0m
[1;94m[*] [0mFuzzing test case #22 (23 total, 0 crashes saved, state: started :-), mode=explore, perf_score=300, weight=77, favorite=1, was_fuzzed=0, exec_us=1167, hits=1, map=26, ascii=0, run_time=0:00:03:11)...[0m
[1;94m[*] [0mFuzzing test case #19 (25 total, 0 crashes saved, state: started :-), mode=explore, perf_score=300, weight=31, favorite=1, was_fuzzed=0, exec_us=1209, hits=2, map=26, ascii=0, run_time=0:00:03:12)...[0m
[1;94m[*] [0mFuzzing test case #13 (26 total, 0 crashes saved, state: started :-), mode=explore, perf_score=1035, weight=10, favorite=1, was_fuzzed=1, exec_us=1254, hits=8, map=25, ascii=0, run_time=0:00:03:14)...[0m
[1;94m[*] [0mFuzzing test case #27 (34 total, 0 crashes saved, state: started :-), mode=explore, perf_score=0, weight=0, favorite=1, was_fuzzed=0, exec_us=1151, hits=20, map=26, ascii=0, run_time=0:00:04:08)...[0m
[1;94m[*] [0mFuzzing test case #29 (34 total, 0 crashes saved, state: started :-), mode=explore, perf_score=200, weight=100, favorite=1, was_fuzzed=0, exec_us=1150, hits=1, map=26, ascii=0, run_time=0:00:04:08)...[0m
[1;94m[*] [0mFuzzing test case #0 (36 total, 0 crashes saved, state: started :-), mode=explore, perf_score=229, weight=4, favorite=1, was_fuzzed=1, exec_us=5612, hits=0, map=22, ascii=0, run_time=0:00:04:09)...[0m
[1;94m[*] [0mFuzzing test case #27 (36 total, 0 crashes saved, state: started :-), mode=explore, perf_score=459, weight=9, favorite=1, was_fuzzed=1, exec_us=1151, hits=20, map=26, ascii=0, run_time=0:00:04:09)...[0m
[1;94m[*] [0mFuzzing test case #8 (36 total, 0 crashes saved, state: started :-), mode=explore, perf_score=114, weight=50, favorite=1, was_fuzzed=1, exec_us=1479, hits=320, map=22, ascii=0, run_time=0:00:04:34)...[0m
[1;94m[*] [0mFuzzing test case #8 (36 total, 0 crashes saved, state: started :-), mode=explore, perf_score=114, weight=50, favorite=1, was_fuzzed=1, exec_us=1479, hits=323, map=22, ascii=0, run_time=0:00:04:34)...[0m
[1;94m[*] [0mFuzzing test case #8 (36 total, 0 crashes saved, state: started :-), mode=explore, perf_score=114, weight=50, favorite=1, was_fuzzed=1, exec_us=1479, hits=337, map=22, ascii=0, run_time=0:00:04:35)...[0m
[1;94m[*] [0mFuzzing test case #8 (36 total, 0 crashes saved, state: started :-), mode=explore, perf_score=114, weight=50, favorite=1, was_fuzzed=1, exec_us=1479, hits=359, map=22, ascii=0, run_time=0:00:04:35)...[0m
[1;94m[*] [0mFuzzing test case #36 (38 total, 0 crashes saved, state: started :-), mode=explore, perf_score=0, weight=0, favorite=1, was_fuzzed=0, exec_us=1158, hits=1, map=28, ascii=0, run_time=0:00:04:35)...[0m
[1;94m[*] [0mFuzzing test case #21 (38 total, 0 crashes saved, state: started :-), mode=explore, perf_score=690, weight=10, favorite=1, was_fuzzed=1, exec_us=1148, hits=8, map=25, ascii=0, run_time=0:00:04:35)...[0m
[1;94m[*] [0mFuzzing test case #13 (40 total, 0 crashes saved, state: started :-), mode=explore, perf_score=229, weight=5, favorite=1, was_fuzzed=1, exec_us=1254, hits=465, map=25, ascii=0, run_time=0:00:04:39)...[0m
[1;94m[*] [0mFuzzing test case #8 (40 total, 0 crashes saved, state: started :-), mode=explore, perf_score=114, weight=50, favorite=1, was_fuzzed=1, exec_us=1479, hits=380, map=22, ascii=0, run_time=0:00:04:40)...[0m
[1;94m[*] [0mFuzzing test case #8 (40 total, 0 crashes saved, state: started :-), mode=explore, perf_score=114, weight=50, favorite=1, was_fuzzed=1, exec_us=1479, hits=383, map=22, ascii=0, run_time=0:00:04:59)...[0m
[1;94m[*] [0mFuzzing test case #8 (40 total, 0 crashes saved, state: started :-), mode=explore, perf_score=114, weight=50, favorite=1, was_fuzzed=1, exec_us=1479, hits=383, map=22, ascii=0, run_time=0:00:04:59)...[0m
[1;94m[*] [0mFuzzing test case #8 (41 total, 0 crashes saved, state: in progress, mode=explore, perf_score=114, weight=50, favorite=1, was_fuzzed=1, exec_us=1479, hits=389, map=22, ascii=0, run_time=0:00:05:00)...[0m
[1;94m[*] [0mFuzzing test case #8 (41 total, 0 crashes saved, state: in progress, mode=explore, perf_score=114, weight=50, favorite=1, was_fuzzed=1, exec_us=1479, hits=393, map=22, ascii=0, run_time=0:00:05:00)...[0m
[1;94m[*] [0mFuzzing test case #38 (41 total, 0 crashes saved, state: in progress, mode=explore, perf_score=200, weight=2, favorite=0, was_fuzzed=0, exec_us=1174, hits=2, map=25, ascii=0, run_time=0:00:05:01)...[0m
[1;94m[*] [0mFuzzing test case #0 (41 total, 0 crashes saved, state: in progress, mode=explore, perf_score=229, weight=4, favorite=1, was_fuzzed=1, exec_us=5612, hits=0, map=22, ascii=0, run_time=0:00:05:01)...[0m
[1;94m[*] [0mFuzzing test case #8 (41 total, 0 crashes saved, state: in progress, mode=explore, perf_score=114, weight=50, favorite=1, was_fuzzed=1, exec_us=1479, hits=416, map=22, ascii=0, run_time=0:00:05:02)...[0m
[1;94m[*] [0mFuzzing test case #8 (41 total, 0 crashes saved, state: in progress, mode=explore, perf_score=114, weight=50, favorite=1, was_fuzzed=1, exec_us=1479, hits=421, map=22, ascii=0, run_time=0:00:05:02)...[0m
[1;94m[*] [0mFuzzing test case #29 (41 total, 0 crashes saved, state: in progress, mode=explore, perf_score=229, weight=19, favorite=1, was_fuzzed=1, exec_us=1150, hits=56, map=26, ascii=0, run_time=0:00:05:02)...[0m
[1;94m[*] [0mFuzzing test case #8 (43 total, 0 crashes saved, state: in progress, mode=explore, perf_score=114, weight=51, favorite=1, was_fuzzed=1, exec_us=1479, hits=423, map=22, ascii=0, run_time=0:00:05:03)...[0m
[1;94m[*] [0mFuzzing test case #8 (43 total, 0 crashes saved, state: in progress, mode=explore, perf_score=114, weight=51, favorite=1, was_fuzzed=1, exec_us=1479, hits=429, map=22, ascii=0, run_time=0:00:05:04)...[0m
[1;94m[*] [0mFuzzing test case #36 (43 total, 0 crashes saved, state: in progress, mode=explore, perf_score=919, weight=20, favorite=1, was_fuzzed=1, exec_us=1158, hits=1, map=28, ascii=0, run_time=0:00:05:04)...[0m
[1;94m[*] [0mFuzzing test case #29 (45 total, 0 crashes saved, state: in progress, mode=explore, perf_score=229, weight=18, favorite=1, was_fuzzed=1, exec_us=1150, hits=90, map=26, ascii=0, run_time=0:00:05:34)...[0m
[1;94m[*] [0mFuzzing test case #8 (45 total, 0 crashes saved, state: in progress, mode=explore, perf_score=114, weight=52, favorite=1, was_fuzzed=1, exec_us=1479, hits=442, map=22, ascii=0, run_time=0:00:05:35)...[0m
[1;94m[*] [0mFuzzing test case #8 (45 total, 0 crashes saved, state: in progress, mode=explore, perf_score=114, weight=52, favorite=1, was_fuzzed=1, exec_us=1479, hits=463, map=22, ascii=0, run_time=0:00:05:35)...[0m
[1;94m[*] [0mFuzzing test case #8 (45 total, 0 crashes saved, state: in progress, mode=explore, perf_score=114, weight=52, favorite=1, was_fuzzed=1, exec_us=1479, hits=476, map=22, ascii=0, run_time=0:00:05:36)...[0m
[1;94m[*] [0mFuzzing test case #36 (45 total, 0 crashes saved, state: in progress, mode=explore, perf_score=229, weight=7, favorite=1, was_fuzzed=1, exec_us=1158, hits=131, map=28, ascii=0, run_time=0:00:05:36)...[0m
[1;94m[*] [0mFuzzing test case #8 (45 total, 0 crashes saved, state: in progress, mode=explore, perf_score=114, weight=52, favorite=1, was_fuzzed=1, exec_us=1479, hits=484, map=22, ascii=0, run_time=0:00:05:37)...[0m
[1;94m[*] [0mFuzzing test case #8 (45 total, 0 crashes saved, state: in progress, mode=explore, perf_score=114, weight=52, favorite=1, was_fuzzed=1, exec_us=1479, hits=495, map=22, ascii=0, run_time=0:00:05:37)...[0m
[1;94m[*] [0mFuzzing test case #19 (45 total, 0 crashes saved, state: in progress, mode=explore, perf_score=229, weight=6, favorite=1, was_fuzzed=1, exec_us=1209, hits=142, map=26, ascii=0, run_time=0:00:05:37)...[0m
[1;94m[*] [0mFuzzing test case #8 (47 total, 0 crashes saved, state: in progress, mode=explore, perf_score=114, weight=52, favorite=1, was_fuzzed=1, exec_us=1479, hits=524, map=22, ascii=0, run_time=0:00:05:38)...[0m
[1;94m[*] [0mFuzzing test case #8 (47 total, 0 crashes saved, state: in progress, mode=explore, perf_score=114, weight=52, favorite=1, was_fuzzed=1, exec_us=1479, hits=527, map=22, ascii=0, run_time=0:00:05:39)...[0m
[1;94m[*] [0mFuzzing test case #8 (47 total, 0 crashes saved, state: in progress, mode=explore, perf_score=114, weight=52, favorite=1, was_fuzzed=1, exec_us=1479, hits=548, map=22, ascii=0, run_time=0:00:05:39)...[0m
[1;94m[*] [0mFuzzing test case #21 (47 total, 0 crashes saved, state: in progress, mode=explore, perf_score=229, weight=6, favorite=1, was_fuzzed=1, exec_us=1148, hits=125, map=25, ascii=0, run_time=0:00:05:40)...[0m
[1;94m[*] [0mFuzzing test case #8 (47 total, 0 crashes saved, state: in progress, mode=explore, perf_score=114, weight=52, favorite=1, was_fuzzed=1, exec_us=1479, hits=562, map=22, ascii=0, run_time=0:00:05:40)...[0m
[1;94m[*] [0mFuzzing test case #8 (47 total, 0 crashes saved, state: in progress, mode=explore, perf_score=114, weight=52, favorite=1, was_fuzzed=1, exec_us=1479, hits=586, map=22, ascii=0, run_time=0:00:06:05)...[0m
[1;94m[*] [0mFuzzing test case #29 (47 total, 0 crashes saved, state: in progress, mode=explore, perf_score=229, weight=18, favorite=1, was_fuzzed=1, exec_us=1150, hits=132, map=26, ascii=0, run_time=0:00:06:05)...[0m
[1;94m[*] [0mFuzzing test case #29 (47 total, 0 crashes saved, state: in progress, mode=explore, perf_score=229, weight=18, favorite=1, was_fuzzed=1, exec_us=1150, hits=163, map=26, ascii=0, run_time=0:00:06:06)...[0m
[1;94m[*] [0mFuzzing test case #8 (47 total, 0 crashes saved, state: in progress, mode=explore, perf_score=114, weight=52, favorite=1, was_fuzzed=1, exec_us=1479, hits=592, map=22, ascii=0, run_time=0:00:06:07)...[0m
[1;94m[*] [0mFuzzing test case #29 (47 total, 0 crashes saved, state: in progress, mode=explore, perf_score=229, weight=18, favorite=1, was_fuzzed=1, exec_us=1150, hits=166, map=26, ascii=0, run_time=0:00:06:07)...[0m
[1;94m[*] [0mEntering queue cycle 2.[0m
[1;94m[*] [0mFuzzing test case #8 (47 total, 0 crashes saved, state: in progress, mode=explore, perf_score=114, weight=52, favorite=1, was_fuzzed=1, exec_us=1479, hits=597, map=22, ascii=0, run_time=0:00:06:08)...[0m
[1;94m[*] [0mFuzzing test case #29 (47 total, 0 crashes saved, state: in progress, mode=explore, perf_score=229, weight=18, favorite=1, was_fuzzed=1, exec_us=1150, hits=203, map=26, ascii=0, run_time=0:00:06:08)...[0m
[1;94m[*] [0mFuzzing test case #8 (47 total, 0 crashes saved, state: in progress, mode=explore, perf_score=114, weight=52, favorite=1, was_fuzzed=1, exec_us=1479, hits=601, map=22, ascii=0, run_time=0:00:06:09)...[0m
[1;94m[*] [0mFuzzing test case #8 (47 total, 0 crashes saved, state: in progress, mode=explore, perf_score=114, weight=52, favorite=1, was_fuzzed=1, exec_us=1479, hits=610, map=22, ascii=0, run_time=0:00:06:10)...[0m
[1;94m[*] [0mFuzzing test case #0 (47 total, 0 crashes saved, state: in progress, mode=explore, perf_score=229, weight=4, favorite=1, was_fuzzed=1, exec_us=5612, hits=0, map=22, ascii=0, run_time=0:00:06:10)...[0m
[1;94m[*] [0mFuzzing test case #8 (47 total, 0 crashes saved, state: in progress, mode=explore, perf_score=114, weight=52, favorite=1, was_fuzzed=1, exec_us=1479, hits=619, map=22, ascii=0, run_time=0:00:06:10)...[0m
[1;94m[*] [0mFuzzing test case #8 (47 total, 0 crashes saved, state: in progress, mode=explore, perf_score=114, weight=52, favorite=1, was_fuzzed=1, exec_us=1479, hits=632, map=22, ascii=0, run_time=0:00:06:11)...[0m
[1;94m[*] [0mFuzzing test case #26 (47 total, 0 crashes saved, state: in progress, mode=explore, perf_score=200, weight=1, favorite=0, was_fuzzed=0, exec_us=1161, hits=7, map=24, ascii=0, run_time=0:00:06:11)...[0m
[1;94m[*] [0mFuzzing test case #33 (47 total, 0 crashes saved, state: in progress, mode=explore, perf_score=200, weight=2, favorite=0, was_fuzzed=0, exec_us=1183, hits=6, map=26, ascii=0, run_time=0:00:06:12)...[0m
[1;94m[*] [0mFuzzing test case #36 (47 total, 0 crashes saved, state: in progress, mode=explore, perf_score=229, weight=6, favorite=1, was_fuzzed=1, exec_us=1158, hits=143, map=28, ascii=0, run_time=0:00:06:36)...[0m
[1;94m[*] [0mFuzzing test case #8 (47 total, 0 crashes saved, state: in progress, mode=explore, perf_score=114, weight=51, favorite=1, was_fuzzed=1, exec_us=1479, hits=639, map=22, ascii=0, run_time=0:00:06:37)...[0m
[1;94m[*] [0mFuzzing test case #44 (47 total, 0 crashes saved, state: in progress, mode=explore, perf_score=200, weight=2, favorite=0, was_fuzzed=0, exec_us=1144, hits=4, map=25, ascii=0, run_time=0:00:06:37)...[0m
[1;94m[*] [0mFuzzing test case #8 (47 total, 0 crashes saved, state: in progress, mode=explore, perf_score=114, weight=51, favorite=1, was_fuzzed=1, exec_us=1479, hits=648, map=22, ascii=0, run_time=0:00:06:38)...[0m
[1;94m[*] [0mFuzzing test case #20 (47 total, 0 crashes saved, state: in progress, mode=explore, perf_score=200, weight=1, favorite=0, was_fuzzed=0, exec_us=1201, hits=87, map=25, ascii=0, run_time=0:00:06:38)...[0m
[1;94m[*] [0mFuzzing test case #8 (47 total, 0 crashes saved, state: in progress, mode=explore, perf_score=114, weight=51, favorite=1, was_fuzzed=1, exec_us=1479, hits=658, map=22, ascii=0, run_time=0:00:06:39)...[0m
[1;94m[*] [0mFuzzing test case #13 (47 total, 0 crashes saved, state: in progress, mode=explore, perf_score=229, weight=5, favorite=1, was_fuzzed=1, exec_us=1254, hits=589, map=25, ascii=0, run_time=0:00:06:40)...[0m
[1;94m[*] [0mFuzzing test case #8 (47 total, 0 crashes saved, state: in progress, mode=explore, perf_score=114, weight=51, favorite=1, was_fuzzed=1, exec_us=1479, hits=679, map=22, ascii=0, run_time=0:00:06:40)...[0m
[1;94m[*] [0mFuzzing test case #27 (48 total, 0 crashes saved, state: in progress, mode=explore, perf_score=229, weight=8, favorite=1, was_fuzzed=1, exec_us=1151, hits=48, map=26, ascii=0, run_time=0:00:06:41)...[0m
[1;94m[*] [0mFuzzing test case #42 (48 total, 0 crashes saved, state: in progress, mode=explore, perf_score=200, weight=1, favorite=0, was_fuzzed=0, exec_us=1160, hits=71, map=25, ascii=0, run_time=0:00:06:42)...[0m
[1;94m[*] [0mFuzzing test case #8 (48 total, 0 crashes saved, state: in progress, mode=explore, perf_score=114, weight=51, favorite=1, was_fuzzed=1, exec_us=1479, hits=687, map=22, ascii=0, run_time=0:00:06:42)...[0m
[1;94m[*] [0mFuzzing test case #19 (48 total, 0 crashes saved, state: in progress, mode=explore, perf_score=229, weight=6, favorite=1, was_fuzzed=1, exec_us=1209, hits=165, map=26, ascii=0, run_time=0:00:06:54)...[0m
[1;94m[*] [0mFuzzing test case #27 (48 total, 0 crashes saved, state: in progress, mode=explore, perf_score=229, weight=7, favorite=1, was_fuzzed=1, exec_us=1151, hits=71, map=26, ascii=0, run_time=0:00:06:55)...[0m
[1;94m[*] [0mFuzzing test case #48 (49 total, 0 crashes saved, state: in progress, mode=explore, perf_score=0, weight=0, favorite=1, was_fuzzed=0, exec_us=1167, hits=1, map=27, ascii=0, run_time=0:00:07:14)...[0m
[1;94m[*] [0mFuzzing test case #19 (49 total, 0 crashes saved, state: in progress, mode=explore, perf_score=229, weight=6, favorite=1, was_fuzzed=1, exec_us=1209, hits=180, map=26, ascii=0, run_time=0:00:07:14)...[0m
[1;94m[*] [0mFuzzing test case #8 (49 total, 0 crashes saved, state: in progress, mode=explore, perf_score=114, weight=50, favorite=1, was_fuzzed=1, exec_us=1479, hits=690, map=22, ascii=0, run_time=0:00:07:14)...[0m
[1;94m[*] [0mFuzzing test case #29 (49 total, 0 crashes saved, state: in progress, mode=explore, perf_score=229, weight=16, favorite=1, was_fuzzed=1, exec_us=1150, hits=233, map=26, ascii=0, run_time=0:00:07:15)...[0m
[1;94m[*] [0mFuzzing test case #27 (49 total, 0 crashes saved, state: in progress, mode=explore, perf_score=229, weight=7, favorite=1, was_fuzzed=1, exec_us=1151, hits=99, map=26, ascii=0, run_time=0:00:07:16)...[0m
[1;94m[*] [0mFuzzing test case #8 (49 total, 0 crashes saved, state: in progress, mode=explore, perf_score=114, weight=50, favorite=1, was_fuzzed=1, exec_us=1479, hits=694, map=22, ascii=0, run_time=0:00:07:16)...[0m
[1;94m[*] [0mFuzzing test case #29 (49 total, 0 crashes saved, state: in progress, mode=explore, perf_score=229, weight=16, favorite=1, was_fuzzed=1, exec_us=1150, hits=240, map=26, ascii=0, run_time=0:00:07:17)...[0m
[1;94m[*] [0mFuzzing test case #27 (49 total, 0 crashes saved, state: in progress, mode=explore, perf_score=229, weight=7, favorite=1, was_fuzzed=1, exec_us=1151, hits=113, map=26, ascii=0, run_time=0:00:07:17)...[0m
[1;94m[*] [0mFuzzing test case #8 (49 total, 0 crashes saved, state: in progress, mode=explore, perf_score=114, weight=50, favorite=1, was_fuzzed=1, exec_us=1479, hits=712, map=22, ascii=0, run_time=0:00:07:18)...[0m
[1;94m[*] [0mFuzzing test case #27 (49 total, 0 crashes saved, state: in progress, mode=explore, perf_score=229, weight=7, favorite=1, was_fuzzed=1, exec_us=1151, hits=125, map=26, ascii=0, run_time=0:00:07:19)...[0m
[1;94m[*] [0mFuzzing test case #48 (49 total, 0 crashes saved, state: in progress, mode=explore, perf_score=1839, weight=20, favorite=1, was_fuzzed=1, exec_us=1167, hits=3, map=27, ascii=0, run_time=0:00:07:20)...[0m
[1;94m[*] [0mFuzzing test case #50 (56 total, 0 crashes saved, state: in progress, mode=explore, perf_score=0, weight=0, favorite=1, was_fuzzed=0, exec_us=1211, hits=9, map=28, ascii=0, run_time=0:00:08:22)...[0m
[1;94m[*] [0mFuzzing test case #51 (56 total, 0 crashes saved, state: in progress, mode=explore, perf_score=400, weight=38, favorite=1, was_fuzzed=0, exec_us=1181, hits=1, map=28, ascii=0, run_time=0:00:08:22)...[0m
[?25h[1;91m

+++ Testing aborted programmatically +++
[0m[1;94m[*] [0mStatistics: 56 new corpus items found, 54.67% coverage achieved, 1 crashes saved, 0 timeouts saved, total runtime 0 days, 0 hrs, 8 min, 24 sec[0m
[1;92m[+] [0mWe're done here. Have a nice day!
[0m
