JOB timestamp: Mon Dec 18 14:40:33 MST 2023
JOB ID: 121597
Array Task ID: 29
Current directory: /lfs/koff9454.ui/projects/plc_runtime_fuzzer/code_analysis/src
r4i1n1
gcc (Spack GCC) 12.1.0
Copyright (C) 2022 Free Software Foundation, Inc.
This is free software; see the source for copying conditions.  There is NO
warranty; not even for MERCHANTABILITY or FITNESS FOR A PARTICULAR PURPOSE.

Python 3.11.5
/lfs/koff9454.ui/miniconda3/envs/plc/bin/python
matiec version 0.1
changeset id: 
Number of programs: 3
Programs: condition_1 condition_2 condition_3
Fuzzing program: condition_3, Job ID: 29
input dir does not exist, creating
(source_file (program_definition program_name: (identifier) (variable_definition (variable_definition_body name: (identifier) address: (address) type: (basic_data_type)) (variable_definition_body name: (identifier) address: (address) type: (basic_data_type)) (variable_definition_body name: (identifier) address: (address) type: (basic_data_type))) (variable_definition (variable_definition_body name: (identifier) type: (basic_data_type)) (variable_definition_body name: (identifier) type: (basic_data_type))) (assignment (variable name: (identifier)) (binary_expression (parenthesis_expression (binary_expression (variable name: (identifier)) (variable name: (identifier)))) (parenthesis_expression (binary_expression (variable name: (identifier)) (boolean))))) (assignment (variable name: (identifier)) (binary_expression (parenthesis_expression (binary_expression (variable name: (identifier)) (boolean))) (parenthesis_expression (binary_expression (variable name: (identifier)) (boolean))))) (if_statement condition: (binary_expression (variable name: (identifier)) (variable name: (identifier))) (assignment (variable name: (identifier)) (boolean)) (else_clause (assignment (variable name: (identifier)) (boolean))))) (configuration (identifier) (resource (identifier) (task (identifier) (time) (integer)) (program_instance (identifier) (identifier) (identifier)))))
variable_name:  button1
variable_type:  BOOL
variable_address:  %IX0.0

variable_name:  button2
variable_type:  BOOL
variable_address:  %IX0.1

variable_name:  led
variable_type:  BOOL
variable_address:  %QX0.0

variable_name:  LED_STATE
variable_type:  BOOL
variable_address:  None

variable_name:  ALARM_STATE
variable_type:  BOOL
variable_address:  None

visit_assignment:  (assignment (variable name: (identifier)) (binary_expression (parenthesis_expression (binary_expression (variable name: (identifier)) (variable name: (identifier)))) (parenthesis_expression (binary_expression (variable name: (identifier)) (boolean)))))

variable name:  LED_STATE
visit_assignment:  (assignment (variable name: (identifier)) (binary_expression (parenthesis_expression (binary_expression (variable name: (identifier)) (boolean))) (parenthesis_expression (binary_expression (variable name: (identifier)) (boolean)))))

variable name:  ALARM_STATE
visit_assignment:  (assignment (variable name: (identifier)) (boolean))

variable name:  led
visit_assignment:  (assignment (variable name: (identifier)) (boolean))

variable name:  led

variables:  {'button1': ('BOOL', '%IX0.0'), 'button2': ('BOOL', '%IX0.1'), 'led': ('BOOL', '%QX0.0'), 'LED_STATE': ('BOOL', None), 'ALARM_STATE': ('BOOL', None)}
content:  %IX0.0,BOOL,9

content:  %IX0.1,BOOL,9

plc_inputs:  [{'name': '%IX0.0', 'type': 'BOOL', 'value': 9}, {'name': '%IX0.1', 'type': 'BOOL', 'value': 9}]
plc_input_code:  #include "iec_std_lib.h"
#include "iec_types_all.h" 
#include <string.h>
#include <stdlib.h>
#include "/lfs/koff9454.ui/projects/plc_runtime_fuzzer/runtime/inputs.h"

    
extern BOOL *__IX0_0;
extern BOOL *__IX0_1;

void set_plc_input(const char *name, const char *type, PLC_Value value) {

    if (strcmp(name, "%IX0.0") == 0) {
        if (strcmp(type, "BOOL") == 0) {
            *__IX0_0 = (BOOL)value._BOOL;
        }
    } else

    if (strcmp(name, "%IX0.1") == 0) {
        if (strcmp(type, "BOOL") == 0) {
            *__IX0_1 = (BOOL)value._BOOL;
        }
    }
}
harness executable does not exist, creating
~/projects/plc_runtime_fuzzer/runtime ~/projects/plc_runtime_fuzzer/code_analysis/src/programs/condition/condition_3
(source_file (program_definition program_name: (identifier) (variable_definition (variable_definition_body name: (identifier) address: (address) type: (basic_data_type)) (variable_definition_body name: (identifier) address: (address) type: (basic_data_type)) (variable_definition_body name: (identifier) address: (address) type: (basic_data_type))) (variable_definition (variable_definition_body name: (identifier) type: (basic_data_type)) (variable_definition_body name: (identifier) type: (basic_data_type))) (assignment (variable name: (identifier)) (binary_expression (parenthesis_expression (binary_expression (variable name: (identifier)) (variable name: (identifier)))) (parenthesis_expression (binary_expression (variable name: (identifier)) (boolean))))) (assignment (variable name: (identifier)) (binary_expression (parenthesis_expression (binary_expression (variable name: (identifier)) (boolean))) (parenthesis_expression (binary_expression (variable name: (identifier)) (boolean))))) (if_statement condition: (binary_expression (variable name: (identifier)) (variable name: (identifier))) (assignment (variable name: (identifier)) (boolean)) (else_clause (assignment (variable name: (identifier)) (boolean))))) (configuration (identifier) (resource (identifier) (task (identifier) (time) (integer)) (program_instance (identifier) (identifier) (identifier)))))
variable_name:  button1
variable_type:  BOOL
variable_address:  %IX0.0

variable_name:  button2
variable_type:  BOOL
variable_address:  %IX0.1

variable_name:  led
variable_type:  BOOL
variable_address:  %QX0.0

variable_name:  LED_STATE
variable_type:  BOOL
variable_address:  None

variable_name:  ALARM_STATE
variable_type:  BOOL
variable_address:  None

visit_assignment:  (assignment (variable name: (identifier)) (binary_expression (parenthesis_expression (binary_expression (variable name: (identifier)) (variable name: (identifier)))) (parenthesis_expression (binary_expression (variable name: (identifier)) (boolean)))))

variable name:  LED_STATE
visit_assignment:  (assignment (variable name: (identifier)) (binary_expression (parenthesis_expression (binary_expression (variable name: (identifier)) (boolean))) (parenthesis_expression (binary_expression (variable name: (identifier)) (boolean)))))

variable name:  ALARM_STATE
visit_assignment:  (assignment (variable name: (identifier)) (boolean))

variable name:  led
visit_assignment:  (assignment (variable name: (identifier)) (boolean))

variable name:  led

variables:  {'button1': ('BOOL', '%IX0.0'), 'button2': ('BOOL', '%IX0.1'), 'led': ('BOOL', '%QX0.0'), 'LED_STATE': ('BOOL', None), 'ALARM_STATE': ('BOOL', None)}
content:  %IX0.0,BOOL,9

content:  %IX0.1,BOOL,9

plc_inputs:  [{'name': '%IX0.0', 'type': 'BOOL', 'value': 9}, {'name': '%IX0.1', 'type': 'BOOL', 'value': 9}]
plc_input_code:  #include "iec_std_lib.h"
#include "iec_types_all.h" 
#include <string.h>
#include <stdlib.h>
#include "/lfs/koff9454.ui/projects/plc_runtime_fuzzer/runtime/inputs.h"

    
extern BOOL *__IX0_0;
extern BOOL *__IX0_1;

void set_plc_input(const char *name, const char *type, PLC_Value value) {

    if (strcmp(name, "%IX0.0") == 0) {
        if (strcmp(type, "BOOL") == 0) {
            *__IX0_0 = (BOOL)value._BOOL;
        }
    } else

    if (strcmp(name, "%IX0.1") == 0) {
        if (strcmp(type, "BOOL") == 0) {
            *__IX0_1 = (BOOL)value._BOOL;
        }
    }
}
Created temporary directory: /lfs/koff9454.ui/projects/plc_runtime_fuzzer/runtime/tmp.N2dk42
Generating IEC sources from ST file
POUS.c
POUS.h
LOCATED_VARIABLES.h
VARIABLES.csv
STD_CONF.c
STD_CONF.h
STD_RESSOURCE.c
Compiling the fuzzing harness
Compiling the set_input
Creating the executable
~/projects/plc_runtime_fuzzer/code_analysis/src/programs/condition/condition_3
Current directory: /lfs/koff9454.ui/projects/plc_runtime_fuzzer/code_analysis/src/programs/condition/condition_3
Files moved to /lfs/koff9454.ui/projects/plc_runtime_fuzzer/code_analysis/src/programs/condition/condition_3
Running the fuzzers
Workdir: "/lfs/koff9454.ui/projects/plc_runtime_fuzzer/code_analysis/src/programs/condition/condition_3/runs/run-29"
Out dir at "fuzzer-outdir" already exists.
Let's fuzz :)
[Stats #0] run time: 0h-0m-0s, clients: 1, corpus: 0, objectives: 0, executions: 0, exec/sec: 0.000
[Testcase #0] run time: 0h-0m-0s, clients: 1, corpus: 1, objectives: 0, executions: 1, exec/sec: 0.000
We imported 1 inputs from disk.
[Stats #0] run time: 0h-0m-0s, clients: 1, corpus: 1, objectives: 0, executions: 1, exec/sec: 0.000
[Testcase #0] run time: 0h-0m-0s, clients: 1, corpus: 2, objectives: 0, executions: 10, exec/sec: 0.000
[Stats #0] run time: 0h-0m-0s, clients: 1, corpus: 2, objectives: 0, executions: 10, exec/sec: 0.000
[Testcase #0] run time: 0h-0m-0s, clients: 1, corpus: 3, objectives: 0, executions: 11, exec/sec: 0.000
[Objective #0] run time: 0h-0m-0s, clients: 1, corpus: 3, objectives: 1, executions: 11, exec/sec: 0.000
[Objective #0] run time: 0h-0m-0s, clients: 1, corpus: 3, objectives: 2, executions: 11, exec/sec: 0.000
[Objective #0] run time: 0h-0m-0s, clients: 1, corpus: 3, objectives: 3, executions: 11, exec/sec: 0.000
[Objective #0] run time: 0h-0m-0s, clients: 1, corpus: 3, objectives: 4, executions: 11, exec/sec: 0.000
[Objective #0] run time: 0h-0m-0s, clients: 1, corpus: 3, objectives: 5, executions: 11, exec/sec: 0.000
[Objective #0] run time: 0h-0m-0s, clients: 1, corpus: 3, objectives: 6, executions: 11, exec/sec: 0.000
[Objective #0] run time: 0h-0m-0s, clients: 1, corpus: 3, objectives: 7, executions: 11, exec/sec: 0.000
[Objective #0] run time: 0h-0m-1s, clients: 1, corpus: 3, objectives: 8, executions: 11, exec/sec: 9.709
[Objective #0] run time: 0h-0m-1s, clients: 1, corpus: 3, objectives: 9, executions: 11, exec/sec: 8.645
[Objective #0] run time: 0h-0m-1s, clients: 1, corpus: 3, objectives: 10, executions: 11, exec/sec: 7.843
[Objective #0] run time: 0h-0m-1s, clients: 1, corpus: 3, objectives: 11, executions: 11, exec/sec: 7.171
[Objective #0] run time: 0h-0m-1s, clients: 1, corpus: 3, objectives: 12, executions: 11, exec/sec: 6.545
[Objective #0] run time: 0h-0m-1s, clients: 1, corpus: 3, objectives: 13, executions: 11, exec/sec: 6.037
[Objective #0] run time: 0h-0m-2s, clients: 1, corpus: 3, objectives: 14, executions: 11, exec/sec: 5.468
[Objective #0] run time: 0h-0m-2s, clients: 1, corpus: 3, objectives: 15, executions: 11, exec/sec: 5.107
[Objective #0] run time: 0h-0m-2s, clients: 1, corpus: 3, objectives: 16, executions: 11, exec/sec: 4.801
[Objective #0] run time: 0h-0m-2s, clients: 1, corpus: 3, objectives: 17, executions: 11, exec/sec: 4.539
[Objective #0] run time: 0h-0m-2s, clients: 1, corpus: 3, objectives: 18, executions: 11, exec/sec: 4.274
[Objective #0] run time: 0h-0m-2s, clients: 1, corpus: 3, objectives: 19, executions: 11, exec/sec: 4.050
[Objective #0] run time: 0h-0m-2s, clients: 1, corpus: 3, objectives: 20, executions: 11, exec/sec: 3.857
[Objective #0] run time: 0h-0m-2s, clients: 1, corpus: 3, objectives: 21, executions: 11, exec/sec: 3.682
[Objective #0] run time: 0h-0m-3s, clients: 1, corpus: 3, objectives: 22, executions: 11, exec/sec: 3.531
[Objective #0] run time: 0h-0m-3s, clients: 1, corpus: 3, objectives: 23, executions: 11, exec/sec: 3.380
[Objective #0] run time: 0h-0m-3s, clients: 1, corpus: 3, objectives: 24, executions: 11, exec/sec: 3.228
[Objective #0] run time: 0h-0m-3s, clients: 1, corpus: 3, objectives: 25, executions: 11, exec/sec: 3.099
[Objective #0] run time: 0h-0m-3s, clients: 1, corpus: 3, objectives: 26, executions: 11, exec/sec: 2.979
[Objective #0] run time: 0h-0m-3s, clients: 1, corpus: 3, objectives: 27, executions: 11, exec/sec: 2.875
[Objective #0] run time: 0h-0m-3s, clients: 1, corpus: 3, objectives: 28, executions: 11, exec/sec: 2.777
[Objective #0] run time: 0h-0m-4s, clients: 1, corpus: 3, objectives: 29, executions: 11, exec/sec: 2.677
[Objective #0] run time: 0h-0m-4s, clients: 1, corpus: 3, objectives: 30, executions: 11, exec/sec: 2.589
[Objective #0] run time: 0h-0m-4s, clients: 1, corpus: 3, objectives: 31, executions: 11, exec/sec: 2.502
[Objective #0] run time: 0h-0m-4s, clients: 1, corpus: 3, objectives: 32, executions: 11, exec/sec: 2.430
[Objective #0] run time: 0h-0m-4s, clients: 1, corpus: 3, objectives: 33, executions: 11, exec/sec: 2.351
[Objective #0] run time: 0h-0m-4s, clients: 1, corpus: 3, objectives: 34, executions: 11, exec/sec: 2.281
[Objective #0] run time: 0h-0m-4s, clients: 1, corpus: 3, objectives: 35, executions: 11, exec/sec: 2.224
[Objective #0] run time: 0h-0m-5s, clients: 1, corpus: 3, objectives: 36, executions: 11, exec/sec: 2.159
[Objective #0] run time: 0h-0m-5s, clients: 1, corpus: 3, objectives: 37, executions: 11, exec/sec: 2.104
[Objective #0] run time: 0h-0m-5s, clients: 1, corpus: 3, objectives: 38, executions: 11, exec/sec: 2.047
[Objective #0] run time: 0h-0m-5s, clients: 1, corpus: 3, objectives: 39, executions: 11, exec/sec: 1.998
[Objective #0] run time: 0h-0m-5s, clients: 1, corpus: 3, objectives: 40, executions: 11, exec/sec: 1.938
[Objective #0] run time: 0h-0m-5s, clients: 1, corpus: 3, objectives: 41, executions: 11, exec/sec: 1.891
[Objective #0] run time: 0h-0m-5s, clients: 1, corpus: 3, objectives: 42, executions: 11, exec/sec: 1.846
[Objective #0] run time: 0h-0m-6s, clients: 1, corpus: 3, objectives: 43, executions: 11, exec/sec: 1.803
[Objective #0] run time: 0h-0m-6s, clients: 1, corpus: 3, objectives: 44, executions: 11, exec/sec: 1.766
[Objective #0] run time: 0h-0m-6s, clients: 1, corpus: 3, objectives: 45, executions: 11, exec/sec: 1.724
[Objective #0] run time: 0h-0m-6s, clients: 1, corpus: 3, objectives: 46, executions: 11, exec/sec: 1.687
[Objective #0] run time: 0h-0m-6s, clients: 1, corpus: 3, objectives: 47, executions: 11, exec/sec: 1.652
[Objective #0] run time: 0h-0m-6s, clients: 1, corpus: 3, objectives: 48, executions: 11, exec/sec: 1.624
[Objective #0] run time: 0h-0m-6s, clients: 1, corpus: 3, objectives: 49, executions: 11, exec/sec: 1.592
[Objective #0] run time: 0h-0m-7s, clients: 1, corpus: 3, objectives: 50, executions: 11, exec/sec: 1.556
[Objective #0] run time: 0h-0m-7s, clients: 1, corpus: 3, objectives: 51, executions: 11, exec/sec: 1.530
[Objective #0] run time: 0h-0m-7s, clients: 1, corpus: 3, objectives: 52, executions: 11, exec/sec: 1.501
[Objective #0] run time: 0h-0m-7s, clients: 1, corpus: 3, objectives: 53, executions: 11, exec/sec: 1.471
[Objective #0] run time: 0h-0m-7s, clients: 1, corpus: 3, objectives: 54, executions: 11, exec/sec: 1.444
[Objective #0] run time: 0h-0m-7s, clients: 1, corpus: 3, objectives: 55, executions: 11, exec/sec: 1.418
[Objective #0] run time: 0h-0m-7s, clients: 1, corpus: 3, objectives: 56, executions: 11, exec/sec: 1.394
[Objective #0] run time: 0h-0m-8s, clients: 1, corpus: 3, objectives: 57, executions: 11, exec/sec: 1.370
[Objective #0] run time: 0h-0m-8s, clients: 1, corpus: 3, objectives: 58, executions: 11, exec/sec: 1.346
[Objective #0] run time: 0h-0m-8s, clients: 1, corpus: 3, objectives: 59, executions: 11, exec/sec: 1.325
Crash limit reached: 1
