JOB timestamp: Mon Dec 18 15:28:18 MST 2023
JOB ID: 121650
Array Task ID: 8
Current directory: /lfs/koff9454.ui/projects/plc_runtime_fuzzer/code_analysis/src
r4i3n7
gcc (Spack GCC) 12.1.0
Copyright (C) 2022 Free Software Foundation, Inc.
This is free software; see the source for copying conditions.  There is NO
warranty; not even for MERCHANTABILITY or FITNESS FOR A PARTICULAR PURPOSE.

Python 3.11.5
/lfs/koff9454.ui/miniconda3/envs/plc/bin/python
matiec version 0.1
changeset id: 
Number of programs: 3
Programs: width_1 width_2 width_3
Fuzzing program: width_3, Job ID: 8
input dir exist, skipping
harness file exist, skipping
Running the fuzzers
Workdir: "/lfs/koff9454.ui/projects/plc_runtime_fuzzer/code_analysis/src/programs/width/width_3/runs/run-8"
Out dir at "fuzzer-outdir" already exists.
Let's fuzz :)
[1;92m[+] [0mEnabled environment variable AFL_BENCH_UNTIL_CRASH with value 1[0m
[1;92m[+] [0mEnabled environment variable AFL_IGNORE_SEED_PROBLEMS with value 1[0m
[1;92m[+] [0mEnabled environment variable AFL_I_DONT_CARE_ABOUT_MISSING_CRASHES with value 1[0m
[1;92m[+] [0mEnabled environment variable AFL_SKIP_CPUFREQ with value 1[0m
[1;92m[+] [0mEnabled environment variable AFL_TRY_AFFINITY with value 1[0m
[1;93m[!] [1;97mWARNING: [0mPotentially mistyped AFL environment variable: USE_PCM_DB=2, did you mean AFL_USE_PCM_DB=2?[0m
[0;36mafl-fuzz++4.09a[0m based on afl by Michal Zalewski and a large online community
[1;92m[+] [0mAFL++ is maintained by Marc "van Hauser" Heuse, Dominik Maier, Andrea Fioraldi and Heiko "hexcoder" Eißfeldt[0m
[1;92m[+] [0mAFL++ is open source, get it at https://github.com/AFLplusplus/AFLplusplus[0m
[1;92m[+] [0mNOTE: AFL++ >= v3 has changed defaults and behaviours - see README.md[0m
[1;92m[+] [0mNo -M/-S set, autoconfiguring for "-S default"[0m
[1;94m[*] [0mGetting to work...[0m
[1;92m[+] [0mUsing exponential power schedule (FAST)[0m
[1;92m[+] [0mEnabled testcache with 50 MB[0m
[1;92m[+] [0mGenerating fuzz data with a length of min=1 max=1048576[0m
[1;94m[*] [0mChecking core_pattern...[0m

[1;91m[-] [0mHmm, your system is configured to send core dump notifications to an
    external utility. This will cause issues: there will be an extended delay
    between stumbling upon a crash and having this information relayed to the
    fuzzer via the standard waitpid() API.
    If you're just testing, set 'AFL_I_DONT_CARE_ABOUT_MISSING_CRASHES=1'.

    To avoid having crashes misinterpreted as timeouts, please log in as root
    and temporarily modify /proc/sys/kernel/core_pattern, like so:

    echo core >/proc/sys/kernel/core_pattern
[1;92m[+] [0mLooks like we're not running on a tty, so I'll be a bit less verbose.[0m
[1;92m[+] [0mYou have 36 CPU cores and 4 runnable tasks (utilization: 11%).[0m
[1;92m[+] [0mTry parallel jobs - see /usr/local/share/doc/afl/fuzzing_in_depth.md#c-using-multiple-cores[0m
[1;94m[*] [0mSetting up output directories...[0m
[1;94m[*] [0mChecking CPU core loadout...[0m
[1;92m[+] [0mFound a free CPU core, try binding to #0.[0m
[1;94m[*] [0mScanning 'our-indir'...[0m
[1;92m[+] [0mLoaded a total of 1 seeds.[0m
[1;94m[*] [0mCreating hard links for all input files...[0m
[1;94m[*] [0mValidating target binary...[0m
[1;94m[*] [0mSpinning up the fork server...[0m
[1;92m[+] [0mAll right - fork server is up.[0m
[1;94m[*] [0mTarget map size: 69[0m
[1;94m[*] [0mNo auto-generated dictionary tokens to reuse.[0m
[1;94m[*] [0mLoading extra dictionary from 'our-inputs.dict' (level 0)...[0m
[1;94m[*] [0mLoaded 60 extra tokens, size range 3 B to 6 B.[0m
[1;92m[+] [0mLoaded a total of 6 extras.[0m
[1;94m[*] [0mAttempting dry run with 'id:000000,time:0,execs:0,orig:variables.txt'...[0m
[1;90m    len = 260, map size = 17, exec speed = 7109 us, hash = 1e5ea701a79dee18
[0m[1;92m[+] [0mAll test cases processed.[0m
[1;92m[+] [0mHere are some useful stats:

[1;90m    Test case count : [0m1 favored, 0 variable, 0 ignored, 1 total
[1;90m       Bitmap range : [0m17 to 17 bits (average: 17.00 bits)
[1;90m        Exec timing : [0m7109 to 7109 us (average: 7109 us)
[0m
[1;94m[*] [0mNo -t option specified, so I'll use an exec timeout of 40 ms.[0m
[1;92m[+] [0mAll set and ready to roll![0m
[1;94m[*] [0mEntering queue cycle 1.[0m
[1;94m[*] [0mFuzzing test case #0 (1 total, 0 crashes saved, state: started :-), mode=explore, perf_score=0, weight=0, favorite=1, was_fuzzed=0, exec_us=7109, hits=0, map=17, ascii=0, run_time=0:00:00:00)...[0m
[1;92m[+] [0mEnabled environment variable AFL_BENCH_UNTIL_CRASH with value 1[0m
[1;92m[+] [0mEnabled environment variable AFL_IGNORE_SEED_PROBLEMS with value 1[0m
[1;92m[+] [0mEnabled environment variable AFL_I_DONT_CARE_ABOUT_MISSING_CRASHES with value 1[0m
[1;92m[+] [0mEnabled environment variable AFL_SKIP_CPUFREQ with value 1[0m
[1;92m[+] [0mEnabled environment variable AFL_TRY_AFFINITY with value 1[0m
[1;93m[!] [1;97mWARNING: [0mPotentially mistyped AFL environment variable: USE_PCM_DB=2, did you mean AFL_USE_PCM_DB=2?[0m
[0;36mafl-fuzz++4.09a[0m based on afl by Michal Zalewski and a large online community
[1;92m[+] [0mAFL++ is maintained by Marc "van Hauser" Heuse, Dominik Maier, Andrea Fioraldi and Heiko "hexcoder" Eißfeldt[0m
[1;92m[+] [0mAFL++ is open source, get it at https://github.com/AFLplusplus/AFLplusplus[0m
[1;92m[+] [0mNOTE: AFL++ >= v3 has changed defaults and behaviours - see README.md[0m
[1;92m[+] [0mNo -M/-S set, autoconfiguring for "-S default"[0m
[1;94m[*] [0mGetting to work...[0m
[1;92m[+] [0mUsing exponential power schedule (FAST)[0m
[1;92m[+] [0mEnabled testcache with 50 MB[0m
[1;92m[+] [0mGenerating fuzz data with a length of min=1 max=1048576[0m
[1;94m[*] [0mChecking core_pattern...[0m

[1;91m[-] [0mHmm, your system is configured to send core dump notifications to an
    external utility. This will cause issues: there will be an extended delay
    between stumbling upon a crash and having this information relayed to the
    fuzzer via the standard waitpid() API.
    If you're just testing, set 'AFL_I_DONT_CARE_ABOUT_MISSING_CRASHES=1'.

    To avoid having crashes misinterpreted as timeouts, please log in as root
    and temporarily modify /proc/sys/kernel/core_pattern, like so:

    echo core >/proc/sys/kernel/core_pattern
[1;92m[+] [0mLooks like we're not running on a tty, so I'll be a bit less verbose.[0m
[1;92m[+] [0mYou have 36 CPU cores and 8 runnable tasks (utilization: 22%).[0m
[1;92m[+] [0mTry parallel jobs - see /usr/local/share/doc/afl/fuzzing_in_depth.md#c-using-multiple-cores[0m
[1;94m[*] [0mSetting up output directories...[0m
[1;94m[*] [0mChecking CPU core loadout...[0m
[1;92m[+] [0mFound a free CPU core, try binding to #4.[0m
[1;94m[*] [0mScanning 'afl-indir'...[0m
[1;92m[+] [0mLoaded a total of 1 seeds.[0m
[1;94m[*] [0mCreating hard links for all input files...[0m
[1;94m[*] [0mValidating target binary...[0m
[1;94m[*] [0mSpinning up the fork server...[0m
[1;92m[+] [0mAll right - fork server is up.[0m
[1;94m[*] [0mTarget map size: 69[0m
[1;94m[*] [0mNo auto-generated dictionary tokens to reuse.[0m
[1;94m[*] [0mLoading extra dictionary from 'afl-inputs.dict' (level 0)...[0m
[1;94m[*] [0mLoaded 60 extra tokens, size range 3 B to 6 B.[0m
[1;92m[+] [0mLoaded a total of 6 extras.[0m
[1;94m[*] [0mAttempting dry run with 'id:000000,time:0,execs:0,orig:testcase.txt'...[0m
[1;90m    len = 3, map size = 14, exec speed = 4962 us, hash = c34471533c4e8678
[0m[1;92m[+] [0mAll test cases processed.[0m
[1;92m[+] [0mHere are some useful stats:

[1;90m    Test case count : [0m1 favored, 0 variable, 0 ignored, 1 total
[1;90m       Bitmap range : [0m14 to 14 bits (average: 14.00 bits)
[1;90m        Exec timing : [0m4962 to 4962 us (average: 4962 us)
[0m
[1;94m[*] [0mNo -t option specified, so I'll use an exec timeout of 40 ms.[0m
[1;92m[+] [0mAll set and ready to roll![0m
[1;94m[*] [0mEntering queue cycle 1.[0m
[1;94m[*] [0mFuzzing test case #0 (1 total, 0 crashes saved, state: started :-), mode=explore, perf_score=0, weight=0, favorite=1, was_fuzzed=0, exec_us=4962, hits=0, map=14, ascii=0, run_time=0:00:00:00)...[0m
[1;94m[*] [0mFuzzing test case #0 (1 total, 0 crashes saved, state: started :-), mode=explore, perf_score=459, weight=10, favorite=1, was_fuzzed=1, exec_us=4962, hits=0, map=14, ascii=0, run_time=0:00:00:00)...[0m
[1;94m[*] [0mFuzzing test case #7 (9 total, 0 crashes saved, state: started :-), mode=explore, perf_score=0, weight=0, favorite=1, was_fuzzed=0, exec_us=6428, hits=10, map=14, ascii=0, run_time=0:00:01:37)...[0m
[1;94m[*] [0mFuzzing test case #3 (9 total, 0 crashes saved, state: started :-), mode=explore, perf_score=150, weight=15, favorite=1, was_fuzzed=0, exec_us=1915, hits=85, map=15, ascii=0, run_time=0:00:01:37)...[0m
[1;94m[*] [0mFuzzing test case #7 (10 total, 0 crashes saved, state: started :-), mode=explore, perf_score=345, weight=3, favorite=1, was_fuzzed=1, exec_us=6428, hits=11, map=14, ascii=0, run_time=0:00:01:38)...[0m
[1;94m[*] [0mFuzzing test case #10 (18 total, 0 crashes saved, state: started :-), mode=explore, perf_score=0, weight=0, favorite=1, was_fuzzed=0, exec_us=1858, hits=6, map=16, ascii=0, run_time=0:00:03:25)...[0m
[1;94m[*] [0mFuzzing test case #16 (18 total, 0 crashes saved, state: started :-), mode=explore, perf_score=150, weight=28, favorite=1, was_fuzzed=0, exec_us=1606, hits=3, map=17, ascii=0, run_time=0:00:03:25)...[0m
[1;94m[*] [0mFuzzing test case #11 (19 total, 0 crashes saved, state: started :-), mode=explore, perf_score=150, weight=17, favorite=1, was_fuzzed=0, exec_us=1737, hits=15, map=16, ascii=0, run_time=0:00:03:26)...[0m
[1;94m[*] [0mFuzzing test case #17 (21 total, 0 crashes saved, state: started :-), mode=explore, perf_score=150, weight=62, favorite=1, was_fuzzed=0, exec_us=1634, hits=3, map=19, ascii=0, run_time=0:00:03:27)...[0m
[1;94m[*] [0mFuzzing test case #17 (23 total, 0 crashes saved, state: started :-), mode=explore, perf_score=114, weight=15, favorite=1, was_fuzzed=1, exec_us=1634, hits=61, map=19, ascii=0, run_time=0:00:03:28)...[0m
[1;94m[*] [0mFuzzing test case #11 (24 total, 0 crashes saved, state: started :-), mode=explore, perf_score=114, weight=7, favorite=1, was_fuzzed=1, exec_us=1737, hits=58, map=16, ascii=0, run_time=0:00:03:29)...[0m
[1;94m[*] [0mFuzzing test case #16 (25 total, 0 crashes saved, state: started :-), mode=explore, perf_score=229, weight=9, favorite=1, was_fuzzed=1, exec_us=1606, hits=21, map=17, ascii=0, run_time=0:00:03:51)...[0m
[1;94m[*] [0mFuzzing test case #16 (25 total, 0 crashes saved, state: started :-), mode=explore, perf_score=229, weight=9, favorite=1, was_fuzzed=1, exec_us=1606, hits=30, map=17, ascii=0, run_time=0:00:03:52)...[0m
[1;94m[*] [0mFuzzing test case #10 (25 total, 0 crashes saved, state: started :-), mode=explore, perf_score=345, weight=10, favorite=1, was_fuzzed=1, exec_us=1858, hits=6, map=16, ascii=0, run_time=0:00:03:53)...[0m
[1;94m[*] [0mFuzzing test case #25 (28 total, 0 crashes saved, state: started :-), mode=explore, perf_score=0, weight=0, favorite=1, was_fuzzed=0, exec_us=1558, hits=2, map=20, ascii=0, run_time=0:00:03:56)...[0m
[1;94m[*] [0mFuzzing test case #0 (28 total, 0 crashes saved, state: started :-), mode=explore, perf_score=345, weight=49, favorite=1, was_fuzzed=1, exec_us=4962, hits=0, map=14, ascii=0, run_time=0:00:03:56)...[0m
[1;94m[*] [0mFuzzing test case #16 (28 total, 0 crashes saved, state: started :-), mode=explore, perf_score=114, weight=7, favorite=1, was_fuzzed=1, exec_us=1606, hits=93, map=17, ascii=0, run_time=0:00:04:19)...[0m
[1;94m[*] [0mFuzzing test case #28 (29 total, 0 crashes saved, state: started :-), mode=explore, perf_score=0, weight=0, favorite=1, was_fuzzed=0, exec_us=1563, hits=1, map=19, ascii=0, run_time=0:00:04:20)...[0m
[1;94m[*] [0mFuzzing test case #28 (29 total, 0 crashes saved, state: started :-), mode=explore, perf_score=919, weight=44, favorite=1, was_fuzzed=1, exec_us=1563, hits=1, map=19, ascii=0, run_time=0:00:04:20)...[0m
[1;94m[*] [0mFuzzing test case #36 (37 total, 0 crashes saved, state: in progress, mode=explore, perf_score=0, weight=0, favorite=1, was_fuzzed=0, exec_us=1378, hits=1, map=18, ascii=0, run_time=0:00:05:21)...[0m
[1;94m[*] [0mFuzzing test case #32 (37 total, 0 crashes saved, state: in progress, mode=explore, perf_score=200, weight=26, favorite=1, was_fuzzed=0, exec_us=1474, hits=4, map=17, ascii=0, run_time=0:00:05:21)...[0m
[1;94m[*] [0mFuzzing test case #0 (37 total, 0 crashes saved, state: in progress, mode=explore, perf_score=345, weight=50, favorite=1, was_fuzzed=1, exec_us=4962, hits=0, map=14, ascii=0, run_time=0:00:05:22)...[0m
[1;94m[*] [0mFuzzing test case #0 (37 total, 0 crashes saved, state: in progress, mode=explore, perf_score=345, weight=50, favorite=1, was_fuzzed=1, exec_us=4962, hits=0, map=14, ascii=0, run_time=0:00:05:22)...[0m
[1;94m[*] [0mFuzzing test case #25 (37 total, 0 crashes saved, state: in progress, mode=explore, perf_score=919, weight=14, favorite=1, was_fuzzed=1, exec_us=1558, hits=3, map=20, ascii=0, run_time=0:00:05:23)...[0m
[1;94m[*] [0mFuzzing test case #37 (38 total, 0 crashes saved, state: in progress, mode=explore, perf_score=0, weight=0, favorite=1, was_fuzzed=0, exec_us=1360, hits=1, map=20, ascii=0, run_time=0:00:05:53)...[0m
[1;94m[*] [0mFuzzing test case #0 (38 total, 0 crashes saved, state: in progress, mode=explore, perf_score=229, weight=48, favorite=1, was_fuzzed=1, exec_us=4962, hits=0, map=14, ascii=0, run_time=0:00:05:53)...[0m
[1;94m[*] [0mFuzzing test case #0 (38 total, 0 crashes saved, state: in progress, mode=explore, perf_score=229, weight=48, favorite=1, was_fuzzed=1, exec_us=4962, hits=0, map=14, ascii=0, run_time=0:00:05:53)...[0m
[1;94m[*] [0mFuzzing test case #0 (38 total, 0 crashes saved, state: in progress, mode=explore, perf_score=229, weight=48, favorite=1, was_fuzzed=1, exec_us=4962, hits=0, map=14, ascii=0, run_time=0:00:05:54)...[0m
[1;94m[*] [0mFuzzing test case #0 (38 total, 0 crashes saved, state: in progress, mode=explore, perf_score=229, weight=48, favorite=1, was_fuzzed=1, exec_us=4962, hits=0, map=14, ascii=0, run_time=0:00:05:54)...[0m
[1;94m[*] [0mFuzzing test case #36 (38 total, 0 crashes saved, state: in progress, mode=explore, perf_score=919, weight=22, favorite=1, was_fuzzed=1, exec_us=1378, hits=1, map=18, ascii=0, run_time=0:00:05:55)...[0m
[?25h[1;91m

+++ Testing aborted programmatically +++
[0m[1;94m[*] [0mStatistics: 21 new corpus items found, 31.88% coverage achieved, 1 crashes saved, 0 timeouts saved, total runtime 0 days, 0 hrs, 5 min, 55 sec[0m
[1;92m[+] [0mWe're done here. Have a nice day!
[0m
[1;94m[*] [0mFuzzing test case #10 (43 total, 0 crashes saved, state: in progress, mode=explore, perf_score=114, weight=6, favorite=1, was_fuzzed=1, exec_us=1858, hits=58, map=16, ascii=0, run_time=0:00:07:06)...[0m
[1;94m[*] [0mFuzzing test case #10 (43 total, 0 crashes saved, state: in progress, mode=explore, perf_score=114, weight=6, favorite=1, was_fuzzed=1, exec_us=1858, hits=84, map=16, ascii=0, run_time=0:00:07:06)...[0m
[1;94m[*] [0mFuzzing test case #28 (43 total, 0 crashes saved, state: in progress, mode=explore, perf_score=229, weight=14, favorite=1, was_fuzzed=1, exec_us=1563, hits=217, map=19, ascii=0, run_time=0:00:07:26)...[0m
[1;94m[*] [0mFuzzing test case #36 (43 total, 0 crashes saved, state: in progress, mode=explore, perf_score=229, weight=6, favorite=1, was_fuzzed=1, exec_us=1378, hits=457, map=18, ascii=0, run_time=0:00:07:27)...[0m
[1;94m[*] [0mFuzzing test case #0 (44 total, 0 crashes saved, state: in progress, mode=explore, perf_score=229, weight=53, favorite=1, was_fuzzed=1, exec_us=4962, hits=0, map=14, ascii=0, run_time=0:00:07:28)...[0m
[1;94m[*] [0mFuzzing test case #0 (44 total, 0 crashes saved, state: in progress, mode=explore, perf_score=229, weight=53, favorite=1, was_fuzzed=1, exec_us=4962, hits=0, map=14, ascii=0, run_time=0:00:07:28)...[0m
[1;94m[*] [0mFuzzing test case #0 (44 total, 0 crashes saved, state: in progress, mode=explore, perf_score=229, weight=53, favorite=1, was_fuzzed=1, exec_us=4962, hits=0, map=14, ascii=0, run_time=0:00:07:28)...[0m
[1;94m[*] [0mFuzzing test case #37 (44 total, 0 crashes saved, state: in progress, mode=explore, perf_score=919, weight=24, favorite=1, was_fuzzed=1, exec_us=1360, hits=1, map=20, ascii=0, run_time=0:00:07:29)...[0m
[1;94m[*] [0mFuzzing test case #37 (46 total, 0 crashes saved, state: in progress, mode=explore, perf_score=229, weight=7, favorite=1, was_fuzzed=1, exec_us=1360, hits=219, map=20, ascii=0, run_time=0:00:07:52)...[0m
[1;94m[*] [0mFuzzing test case #10 (47 total, 0 crashes saved, state: in progress, mode=explore, perf_score=114, weight=5, favorite=1, was_fuzzed=1, exec_us=1858, hits=116, map=16, ascii=0, run_time=0:00:07:53)...[0m
[1;94m[*] [0mFuzzing test case #0 (48 total, 0 crashes saved, state: in progress, mode=explore, perf_score=229, weight=56, favorite=1, was_fuzzed=1, exec_us=4962, hits=0, map=14, ascii=0, run_time=0:00:07:54)...[0m
[1;94m[*] [0mFuzzing test case #0 (48 total, 0 crashes saved, state: in progress, mode=explore, perf_score=229, weight=56, favorite=1, was_fuzzed=1, exec_us=4962, hits=0, map=14, ascii=0, run_time=0:00:07:54)...[0m
[1;94m[*] [0mFuzzing test case #28 (48 total, 0 crashes saved, state: in progress, mode=explore, perf_score=229, weight=14, favorite=1, was_fuzzed=1, exec_us=1563, hits=226, map=19, ascii=0, run_time=0:00:07:55)...[0m
[1;94m[*] [0mFuzzing test case #0 (50 total, 0 crashes saved, state: in progress, mode=explore, perf_score=229, weight=57, favorite=1, was_fuzzed=1, exec_us=4962, hits=0, map=14, ascii=0, run_time=0:00:08:08)...[0m
[1;94m[*] [0mFuzzing test case #10 (50 total, 0 crashes saved, state: in progress, mode=explore, perf_score=114, weight=5, favorite=1, was_fuzzed=1, exec_us=1858, hits=140, map=16, ascii=0, run_time=0:00:08:09)...[0m
[1;94m[*] [0mFuzzing test case #32 (50 total, 0 crashes saved, state: in progress, mode=explore, perf_score=690, weight=11, favorite=1, was_fuzzed=1, exec_us=1474, hits=12, map=17, ascii=0, run_time=0:00:08:09)...[0m
[1;94m[*] [0mFuzzing test case #28 (50 total, 0 crashes saved, state: in progress, mode=explore, perf_score=229, weight=15, favorite=1, was_fuzzed=1, exec_us=1563, hits=229, map=19, ascii=0, run_time=0:00:08:13)...[0m
[1;94m[*] [0mFuzzing test case #0 (50 total, 0 crashes saved, state: in progress, mode=explore, perf_score=229, weight=57, favorite=1, was_fuzzed=1, exec_us=4962, hits=0, map=14, ascii=0, run_time=0:00:08:26)...[0m
[1;94m[*] [0mFuzzing test case #0 (50 total, 0 crashes saved, state: in progress, mode=explore, perf_score=229, weight=57, favorite=1, was_fuzzed=1, exec_us=4962, hits=0, map=14, ascii=0, run_time=0:00:08:26)...[0m
[1;94m[*] [0mFuzzing test case #28 (50 total, 0 crashes saved, state: in progress, mode=explore, perf_score=229, weight=15, favorite=1, was_fuzzed=1, exec_us=1563, hits=237, map=19, ascii=0, run_time=0:00:08:27)...[0m
[1;94m[*] [0mFuzzing test case #0 (50 total, 0 crashes saved, state: in progress, mode=explore, perf_score=229, weight=57, favorite=1, was_fuzzed=1, exec_us=4962, hits=0, map=14, ascii=0, run_time=0:00:08:28)...[0m
[1;94m[*] [0mFuzzing test case #32 (50 total, 0 crashes saved, state: in progress, mode=explore, perf_score=690, weight=11, favorite=1, was_fuzzed=1, exec_us=1474, hits=38, map=17, ascii=0, run_time=0:00:08:29)...[0m
[1;94m[*] [0mFuzzing test case #36 (51 total, 0 crashes saved, state: in progress, mode=explore, perf_score=229, weight=6, favorite=1, was_fuzzed=1, exec_us=1378, hits=538, map=18, ascii=0, run_time=0:00:08:32)...[0m
[1;94m[*] [0mFuzzing test case #0 (51 total, 0 crashes saved, state: in progress, mode=explore, perf_score=229, weight=58, favorite=1, was_fuzzed=1, exec_us=4962, hits=0, map=14, ascii=0, run_time=0:00:08:47)...[0m
[1;94m[*] [0mFuzzing test case #10 (51 total, 0 crashes saved, state: in progress, mode=explore, perf_score=114, weight=5, favorite=1, was_fuzzed=1, exec_us=1858, hits=161, map=16, ascii=0, run_time=0:00:08:47)...[0m
[1;94m[*] [0mFuzzing test case #32 (51 total, 0 crashes saved, state: in progress, mode=explore, perf_score=229, weight=7, favorite=1, was_fuzzed=1, exec_us=1474, hits=148, map=17, ascii=0, run_time=0:00:08:48)...[0m
[1;94m[*] [0mFuzzing test case #0 (51 total, 0 crashes saved, state: in progress, mode=explore, perf_score=229, weight=58, favorite=1, was_fuzzed=1, exec_us=4962, hits=0, map=14, ascii=0, run_time=0:00:08:49)...[0m
[1;94m[*] [0mFuzzing test case #0 (51 total, 0 crashes saved, state: in progress, mode=explore, perf_score=229, weight=58, favorite=1, was_fuzzed=1, exec_us=4962, hits=0, map=14, ascii=0, run_time=0:00:08:49)...[0m
[1;94m[*] [0mFuzzing test case #0 (51 total, 0 crashes saved, state: in progress, mode=explore, perf_score=229, weight=58, favorite=1, was_fuzzed=1, exec_us=4962, hits=0, map=14, ascii=0, run_time=0:00:08:49)...[0m
[1;94m[*] [0mEntering queue cycle 2.[0m
[1;94m[*] [0mFuzzing test case #0 (51 total, 0 crashes saved, state: in progress, mode=explore, perf_score=229, weight=58, favorite=1, was_fuzzed=1, exec_us=4962, hits=0, map=14, ascii=0, run_time=0:00:08:50)...[0m
[1;94m[*] [0mFuzzing test case #0 (51 total, 0 crashes saved, state: in progress, mode=explore, perf_score=229, weight=58, favorite=1, was_fuzzed=1, exec_us=4962, hits=0, map=14, ascii=0, run_time=0:00:08:50)...[0m
[1;94m[*] [0mFuzzing test case #28 (51 total, 0 crashes saved, state: in progress, mode=explore, perf_score=229, weight=15, favorite=1, was_fuzzed=1, exec_us=1563, hits=245, map=19, ascii=0, run_time=0:00:08:51)...[0m
[1;94m[*] [0mFuzzing test case #0 (51 total, 0 crashes saved, state: in progress, mode=explore, perf_score=229, weight=58, favorite=1, was_fuzzed=1, exec_us=4962, hits=0, map=14, ascii=0, run_time=0:00:08:52)...[0m
[1;94m[*] [0mFuzzing test case #36 (51 total, 0 crashes saved, state: in progress, mode=explore, perf_score=229, weight=6, favorite=1, was_fuzzed=1, exec_us=1378, hits=582, map=18, ascii=0, run_time=0:00:08:52)...[0m
[1;94m[*] [0mFuzzing test case #0 (51 total, 0 crashes saved, state: in progress, mode=explore, perf_score=229, weight=58, favorite=1, was_fuzzed=1, exec_us=4962, hits=0, map=14, ascii=0, run_time=0:00:08:53)...[0m
[1;94m[*] [0mFuzzing test case #0 (51 total, 0 crashes saved, state: in progress, mode=explore, perf_score=229, weight=58, favorite=1, was_fuzzed=1, exec_us=4962, hits=0, map=14, ascii=0, run_time=0:00:08:54)...[0m
[1;94m[*] [0mFuzzing test case #28 (51 total, 0 crashes saved, state: in progress, mode=explore, perf_score=229, weight=15, favorite=1, was_fuzzed=1, exec_us=1563, hits=258, map=19, ascii=0, run_time=0:00:09:08)...[0m
[1;94m[*] [0mFuzzing test case #0 (51 total, 0 crashes saved, state: in progress, mode=explore, perf_score=229, weight=58, favorite=1, was_fuzzed=1, exec_us=4962, hits=0, map=14, ascii=0, run_time=0:00:09:09)...[0m
[1;94m[*] [0mFuzzing test case #0 (51 total, 0 crashes saved, state: in progress, mode=explore, perf_score=229, weight=58, favorite=1, was_fuzzed=1, exec_us=4962, hits=0, map=14, ascii=0, run_time=0:00:09:09)...[0m
[1;94m[*] [0mFuzzing test case #0 (51 total, 0 crashes saved, state: in progress, mode=explore, perf_score=229, weight=58, favorite=1, was_fuzzed=1, exec_us=4962, hits=0, map=14, ascii=0, run_time=0:00:09:10)...[0m
[1;94m[*] [0mFuzzing test case #0 (51 total, 0 crashes saved, state: in progress, mode=explore, perf_score=229, weight=58, favorite=1, was_fuzzed=1, exec_us=4962, hits=0, map=14, ascii=0, run_time=0:00:09:10)...[0m
[1;94m[*] [0mFuzzing test case #0 (51 total, 0 crashes saved, state: in progress, mode=explore, perf_score=229, weight=58, favorite=1, was_fuzzed=1, exec_us=4962, hits=0, map=14, ascii=0, run_time=0:00:09:10)...[0m
[1;94m[*] [0mFuzzing test case #0 (51 total, 0 crashes saved, state: in progress, mode=explore, perf_score=229, weight=58, favorite=1, was_fuzzed=1, exec_us=4962, hits=0, map=14, ascii=0, run_time=0:00:09:11)...[0m
[1;94m[*] [0mFuzzing test case #0 (51 total, 0 crashes saved, state: in progress, mode=explore, perf_score=229, weight=58, favorite=1, was_fuzzed=1, exec_us=4962, hits=0, map=14, ascii=0, run_time=0:00:09:11)...[0m
[1;94m[*] [0mFuzzing test case #37 (51 total, 0 crashes saved, state: in progress, mode=explore, perf_score=229, weight=7, favorite=1, was_fuzzed=1, exec_us=1360, hits=253, map=20, ascii=0, run_time=0:00:09:11)...[0m
[1;94m[*] [0mFuzzing test case #0 (51 total, 0 crashes saved, state: in progress, mode=explore, perf_score=229, weight=58, favorite=1, was_fuzzed=1, exec_us=4962, hits=0, map=14, ascii=0, run_time=0:00:09:12)...[0m
[1;94m[*] [0mFuzzing test case #0 (51 total, 0 crashes saved, state: in progress, mode=explore, perf_score=229, weight=58, favorite=1, was_fuzzed=1, exec_us=4962, hits=0, map=14, ascii=0, run_time=0:00:09:13)...[0m
[1;94m[*] [0mFuzzing test case #0 (51 total, 0 crashes saved, state: in progress, mode=explore, perf_score=229, weight=58, favorite=1, was_fuzzed=1, exec_us=4962, hits=0, map=14, ascii=0, run_time=0:00:09:13)...[0m
[1;94m[*] [0mFuzzing test case #37 (51 total, 0 crashes saved, state: in progress, mode=explore, perf_score=229, weight=7, favorite=1, was_fuzzed=1, exec_us=1360, hits=306, map=20, ascii=0, run_time=0:00:09:13)...[0m
[1;94m[*] [0mFuzzing test case #0 (51 total, 0 crashes saved, state: in progress, mode=explore, perf_score=229, weight=58, favorite=1, was_fuzzed=1, exec_us=4962, hits=0, map=14, ascii=0, run_time=0:00:09:14)...[0m
[1;94m[*] [0mFuzzing test case #0 (51 total, 0 crashes saved, state: in progress, mode=explore, perf_score=229, weight=58, favorite=1, was_fuzzed=1, exec_us=4962, hits=0, map=14, ascii=0, run_time=0:00:09:15)...[0m
[1;94m[*] [0mFuzzing test case #0 (51 total, 0 crashes saved, state: in progress, mode=explore, perf_score=229, weight=58, favorite=1, was_fuzzed=1, exec_us=4962, hits=0, map=14, ascii=0, run_time=0:00:09:22)...[0m
[1;94m[*] [0mFuzzing test case #0 (51 total, 0 crashes saved, state: in progress, mode=explore, perf_score=229, weight=58, favorite=1, was_fuzzed=1, exec_us=4962, hits=0, map=14, ascii=0, run_time=0:00:09:22)...[0m
[1;94m[*] [0mFuzzing test case #25 (51 total, 0 crashes saved, state: in progress, mode=explore, perf_score=229, weight=7, favorite=1, was_fuzzed=1, exec_us=1558, hits=133, map=20, ascii=0, run_time=0:00:09:22)...[0m
[1;94m[*] [0mFuzzing test case #51 (52 total, 0 crashes saved, state: in progress, mode=explore, perf_score=0, weight=0, favorite=1, was_fuzzed=0, exec_us=1867, hits=1, map=21, ascii=0, run_time=0:00:09:24)...[0m
[1;94m[*] [0mFuzzing test case #25 (52 total, 0 crashes saved, state: in progress, mode=explore, perf_score=229, weight=7, favorite=1, was_fuzzed=1, exec_us=1558, hits=189, map=20, ascii=0, run_time=0:00:09:24)...[0m
[1;94m[*] [0mFuzzing test case #10 (52 total, 0 crashes saved, state: in progress, mode=explore, perf_score=114, weight=5, favorite=1, was_fuzzed=1, exec_us=1858, hits=201, map=16, ascii=0, run_time=0:00:09:25)...[0m
[1;94m[*] [0mFuzzing test case #0 (52 total, 0 crashes saved, state: in progress, mode=explore, perf_score=229, weight=57, favorite=1, was_fuzzed=1, exec_us=4962, hits=0, map=14, ascii=0, run_time=0:00:09:25)...[0m
[1;94m[*] [0mFuzzing test case #24 (52 total, 0 crashes saved, state: in progress, mode=explore, perf_score=200, weight=1, favorite=0, was_fuzzed=0, exec_us=1552, hits=27, map=16, ascii=0, run_time=0:00:09:26)...[0m
[1;94m[*] [0mFuzzing test case #0 (52 total, 0 crashes saved, state: in progress, mode=explore, perf_score=229, weight=57, favorite=1, was_fuzzed=1, exec_us=4962, hits=0, map=14, ascii=0, run_time=0:00:09:36)...[0m
[1;94m[*] [0mFuzzing test case #28 (52 total, 0 crashes saved, state: in progress, mode=explore, perf_score=229, weight=14, favorite=1, was_fuzzed=1, exec_us=1563, hits=264, map=19, ascii=0, run_time=0:00:09:36)...[0m
[1;94m[*] [0mFuzzing test case #36 (52 total, 0 crashes saved, state: in progress, mode=explore, perf_score=229, weight=6, favorite=1, was_fuzzed=1, exec_us=1378, hits=601, map=18, ascii=0, run_time=0:00:09:37)...[0m
[1;94m[*] [0mFuzzing test case #0 (52 total, 0 crashes saved, state: in progress, mode=explore, perf_score=229, weight=57, favorite=1, was_fuzzed=1, exec_us=4962, hits=0, map=14, ascii=0, run_time=0:00:09:38)...[0m
[1;94m[*] [0mFuzzing test case #0 (52 total, 0 crashes saved, state: in progress, mode=explore, perf_score=229, weight=57, favorite=1, was_fuzzed=1, exec_us=4962, hits=0, map=14, ascii=0, run_time=0:00:09:38)...[0m
[1;94m[*] [0mFuzzing test case #36 (52 total, 0 crashes saved, state: in progress, mode=explore, perf_score=229, weight=6, favorite=1, was_fuzzed=1, exec_us=1378, hits=624, map=18, ascii=0, run_time=0:00:09:39)...[0m
[1;94m[*] [0mFuzzing test case #0 (52 total, 0 crashes saved, state: in progress, mode=explore, perf_score=229, weight=57, favorite=1, was_fuzzed=1, exec_us=4962, hits=0, map=14, ascii=0, run_time=0:00:09:40)...[0m
[1;94m[*] [0mFuzzing test case #0 (52 total, 0 crashes saved, state: in progress, mode=explore, perf_score=229, weight=57, favorite=1, was_fuzzed=1, exec_us=4962, hits=0, map=14, ascii=0, run_time=0:00:09:40)...[0m
[1;94m[*] [0mFuzzing test case #0 (52 total, 0 crashes saved, state: in progress, mode=explore, perf_score=229, weight=57, favorite=1, was_fuzzed=1, exec_us=4962, hits=0, map=14, ascii=0, run_time=0:00:09:41)...[0m
[1;94m[*] [0mFuzzing test case #0 (52 total, 0 crashes saved, state: in progress, mode=explore, perf_score=229, weight=57, favorite=1, was_fuzzed=1, exec_us=4962, hits=0, map=14, ascii=0, run_time=0:00:09:41)...[0m
[1;94m[*] [0mFuzzing test case #0 (52 total, 0 crashes saved, state: in progress, mode=explore, perf_score=229, weight=57, favorite=1, was_fuzzed=1, exec_us=4962, hits=0, map=14, ascii=0, run_time=0:00:09:41)...[0m
[1;94m[*] [0mFuzzing test case #25 (52 total, 0 crashes saved, state: in progress, mode=explore, perf_score=229, weight=6, favorite=1, was_fuzzed=1, exec_us=1558, hits=225, map=20, ascii=0, run_time=0:00:09:42)...[0m
[1;94m[*] [0mFuzzing test case #28 (52 total, 0 crashes saved, state: in progress, mode=explore, perf_score=229, weight=14, favorite=1, was_fuzzed=1, exec_us=1563, hits=281, map=19, ascii=0, run_time=0:00:09:43)...[0m
[1;94m[*] [0mFuzzing test case #25 (52 total, 0 crashes saved, state: in progress, mode=explore, perf_score=229, weight=6, favorite=1, was_fuzzed=1, exec_us=1558, hits=260, map=20, ascii=0, run_time=0:00:09:49)...[0m
[1;94m[*] [0mFuzzing test case #28 (52 total, 0 crashes saved, state: in progress, mode=explore, perf_score=229, weight=14, favorite=1, was_fuzzed=1, exec_us=1563, hits=292, map=19, ascii=0, run_time=0:00:09:50)...[0m
[1;94m[*] [0mFuzzing test case #32 (52 total, 0 crashes saved, state: in progress, mode=explore, perf_score=229, weight=7, favorite=1, was_fuzzed=1, exec_us=1474, hits=173, map=17, ascii=0, run_time=0:00:09:51)...[0m
[1;94m[*] [0mFuzzing test case #0 (52 total, 0 crashes saved, state: in progress, mode=explore, perf_score=229, weight=57, favorite=1, was_fuzzed=1, exec_us=4962, hits=0, map=14, ascii=0, run_time=0:00:09:52)...[0m
[1;94m[*] [0mFuzzing test case #0 (52 total, 0 crashes saved, state: in progress, mode=explore, perf_score=229, weight=57, favorite=1, was_fuzzed=1, exec_us=4962, hits=0, map=14, ascii=0, run_time=0:00:09:52)...[0m
[1;94m[*] [0mFuzzing test case #0 (52 total, 0 crashes saved, state: in progress, mode=explore, perf_score=229, weight=57, favorite=1, was_fuzzed=1, exec_us=4962, hits=0, map=14, ascii=0, run_time=0:00:09:53)...[0m
[1;94m[*] [0mFuzzing test case #28 (52 total, 0 crashes saved, state: in progress, mode=explore, perf_score=229, weight=14, favorite=1, was_fuzzed=1, exec_us=1563, hits=300, map=19, ascii=0, run_time=0:00:09:53)...[0m
[1;94m[*] [0mFuzzing test case #0 (55 total, 0 crashes saved, state: in progress, mode=explore, perf_score=229, weight=59, favorite=1, was_fuzzed=1, exec_us=4962, hits=0, map=14, ascii=0, run_time=0:00:10:02)...[0m
[1;94m[*] [0mFuzzing test case #0 (55 total, 0 crashes saved, state: in progress, mode=explore, perf_score=229, weight=59, favorite=1, was_fuzzed=1, exec_us=4962, hits=0, map=14, ascii=0, run_time=0:00:10:02)...[0m
[1;94m[*] [0mFuzzing test case #51 (55 total, 0 crashes saved, state: in progress, mode=explore, perf_score=919, weight=19, favorite=1, was_fuzzed=1, exec_us=1867, hits=1, map=21, ascii=0, run_time=0:00:10:03)...[0m
[1;94m[*] [0mFuzzing test case #0 (57 total, 0 crashes saved, state: in progress, mode=explore, perf_score=229, weight=60, favorite=1, was_fuzzed=1, exec_us=4962, hits=0, map=14, ascii=0, run_time=0:00:10:07)...[0m
[1;94m[*] [0mFuzzing test case #0 (57 total, 0 crashes saved, state: in progress, mode=explore, perf_score=229, weight=60, favorite=1, was_fuzzed=1, exec_us=4962, hits=0, map=14, ascii=0, run_time=0:00:10:07)...[0m
[1;94m[*] [0mFuzzing test case #32 (57 total, 0 crashes saved, state: in progress, mode=explore, perf_score=229, weight=7, favorite=1, was_fuzzed=1, exec_us=1474, hits=196, map=17, ascii=0, run_time=0:00:10:08)...[0m
[1;94m[*] [0mFuzzing test case #0 (60 total, 0 crashes saved, state: in progress, mode=explore, perf_score=229, weight=61, favorite=1, was_fuzzed=1, exec_us=4962, hits=0, map=14, ascii=0, run_time=0:00:10:14)...[0m
[1;94m[*] [0mFuzzing test case #22 (60 total, 0 crashes saved, state: in progress, mode=explore, perf_score=200, weight=1, favorite=0, was_fuzzed=0, exec_us=1570, hits=47, map=17, ascii=0, run_time=0:00:10:14)...[0m
[1;94m[*] [0mFuzzing test case #0 (62 total, 0 crashes saved, state: in progress, mode=explore, perf_score=229, weight=62, favorite=1, was_fuzzed=1, exec_us=4962, hits=0, map=14, ascii=0, run_time=0:00:10:15)...[0m
[1;94m[*] [0mFuzzing test case #5 (62 total, 0 crashes saved, state: in progress, mode=explore, perf_score=50, weight=0, favorite=0, was_fuzzed=0, exec_us=6245, hits=368, map=15, ascii=0, run_time=0:00:10:15)...[0m
[1;94m[*] [0mFuzzing test case #60 (62 total, 0 crashes saved, state: in progress, mode=explore, perf_score=300, weight=3, favorite=0, was_fuzzed=0, exec_us=1261, hits=2, map=23, ascii=0, run_time=0:00:10:16)...[0m
[1;94m[*] [0mFuzzing test case #64 (66 total, 0 crashes saved, state: in progress, mode=explore, perf_score=0, weight=0, favorite=1, was_fuzzed=0, exec_us=1285, hits=1, map=25, ascii=0, run_time=0:00:10:31)...[0m
[1;94m[*] [0mFuzzing test case #0 (66 total, 0 crashes saved, state: in progress, mode=explore, perf_score=229, weight=62, favorite=1, was_fuzzed=1, exec_us=4962, hits=0, map=14, ascii=0, run_time=0:00:10:31)...[0m
[1;94m[*] [0mFuzzing test case #0 (66 total, 0 crashes saved, state: in progress, mode=explore, perf_score=229, weight=62, favorite=1, was_fuzzed=1, exec_us=4962, hits=0, map=14, ascii=0, run_time=0:00:10:31)...[0m
[1;94m[*] [0mFuzzing test case #64 (66 total, 0 crashes saved, state: in progress, mode=explore, perf_score=1380, weight=29, favorite=1, was_fuzzed=1, exec_us=1285, hits=1, map=25, ascii=0, run_time=0:00:10:31)...[0m
[?25h[1;91m

+++ Testing aborted programmatically +++
[0m[1;94m[*] [0mStatistics: 68 new corpus items found, 42.03% coverage achieved, 1 crashes saved, 0 timeouts saved, total runtime 0 days, 0 hrs, 10 min, 36 sec[0m
[1;92m[+] [0mWe're done here. Have a nice day!
[0m
