JOB timestamp: Mon Dec 18 13:29:20 MST 2023
JOB ID: 121438
Array Task ID: 38
Current directory: /lfs/koff9454.ui/projects/plc_runtime_fuzzer/code_analysis/src
r4i3n7
gcc (Spack GCC) 12.1.0
Copyright (C) 2022 Free Software Foundation, Inc.
This is free software; see the source for copying conditions.  There is NO
warranty; not even for MERCHANTABILITY or FITNESS FOR A PARTICULAR PURPOSE.

Python 3.11.5
/lfs/koff9454.ui/miniconda3/envs/plc/bin/python
matiec version 0.1
changeset id: 
Number of programs: 10
Programs: complex_1 complex_10 complex_2 complex_3 complex_4 complex_5 complex_6 complex_7 complex_8 complex_9
Fuzzing program: complex_8, Job ID: 38
input dir does not exist, creating
(source_file (program_definition program_name: (identifier) (variable_definition (variable_definition_body name: (identifier) address: (address) type: (basic_data_type)) (block_comment) (variable_definition_body name: (identifier) address: (address) type: (basic_data_type)) (block_comment) (variable_definition_body name: (identifier) address: (address) type: (basic_data_type)) (block_comment)) (block_comment) (case_statement caseControlValue: (variable name: (identifier)) (case (case_value (index_range lowerBound: (integer) upperBound: (integer))) (block_comment) (assignment (variable name: (identifier)) (integer))) (block_comment) (case (case_value (index_range lowerBound: (integer) upperBound: (integer))) (block_comment) (if_statement condition: (binary_expression (variable name: (identifier)) (integer)) (assignment (variable name: (identifier)) (integer)) (block_comment) (else_clause (assignment (variable name: (identifier)) (integer))) (block_comment))) (case (case_value (index_range lowerBound: (integer) upperBound: (integer))) (block_comment) (assignment (variable name: (identifier)) (integer))) (block_comment) (case (case_value (index_range lowerBound: (integer) upperBound: (integer))) (block_comment) (block_comment) (if_statement condition: (binary_expression (variable name: (identifier)) (integer)) (assignment (variable name: (identifier)) (integer)) (block_comment) (else_clause (assignment (variable name: (identifier)) (integer))) (block_comment))) (case (case_value (index_range lowerBound: (integer) upperBound: (integer))) (block_comment) (assignment (variable name: (identifier)) (integer))) (block_comment)) (block_comment)) (configuration (identifier) (resource (identifier) (task (identifier) (time) (integer)) (program_instance (identifier) (identifier) (identifier)))))
variable_name:  currentTime
variable_type:  INT
variable_address:  %IW0.0

variable_name:  trafficCondition
variable_type:  INT
variable_address:  %IW0.1

variable_name:  trafficLightState
variable_type:  INT
variable_address:  %QW0.0

visit_assignment:  (assignment (variable name: (identifier)) (integer))

variable name:  trafficLightState
visit_assignment:  (assignment (variable name: (identifier)) (integer))

variable name:  trafficLightState
visit_assignment:  (assignment (variable name: (identifier)) (integer))

variable name:  trafficLightState
visit_assignment:  (assignment (variable name: (identifier)) (integer))

variable name:  trafficLightState
visit_assignment:  (assignment (variable name: (identifier)) (integer))

variable name:  trafficLightState
visit_assignment:  (assignment (variable name: (identifier)) (integer))

variable name:  trafficLightState
visit_assignment:  (assignment (variable name: (identifier)) (integer))

variable name:  trafficLightState

variables:  {'currentTime': ('INT', '%IW0.0'), 'trafficCondition': ('INT', '%IW0.1'), 'trafficLightState': ('INT', '%QW0.0')}
content:  %IW0.0,INT,9

content:  %IW0.1,INT,9

plc_inputs:  [{'name': '%IW0.0', 'type': 'INT', 'value': 9}, {'name': '%IW0.1', 'type': 'INT', 'value': 9}]
plc_input_code:  #include "iec_std_lib.h"
#include "iec_types_all.h" 
#include <string.h>
#include <stdlib.h>
#include "/lfs/koff9454.ui/projects/plc_runtime_fuzzer/runtime/inputs.h"

    
extern INT *__IW0_0;
extern INT *__IW0_1;

void set_plc_input(const char *name, const char *type, PLC_Value value) {

    if (strcmp(name, "%IW0.0") == 0) {
        if (strcmp(type, "INT") == 0) {
            *__IW0_0 = (INT)value._INT;
        }
    } else

    if (strcmp(name, "%IW0.1") == 0) {
        if (strcmp(type, "INT") == 0) {
            *__IW0_1 = (INT)value._INT;
        }
    }
}
harness executable does not exist, creating
~/projects/plc_runtime_fuzzer/runtime ~/projects/plc_runtime_fuzzer/code_analysis/src/programs/complex/complex_8
(source_file (program_definition program_name: (identifier) (variable_definition (variable_definition_body name: (identifier) address: (address) type: (basic_data_type)) (block_comment) (variable_definition_body name: (identifier) address: (address) type: (basic_data_type)) (block_comment) (variable_definition_body name: (identifier) address: (address) type: (basic_data_type)) (block_comment)) (block_comment) (case_statement caseControlValue: (variable name: (identifier)) (case (case_value (index_range lowerBound: (integer) upperBound: (integer))) (block_comment) (assignment (variable name: (identifier)) (integer))) (block_comment) (case (case_value (index_range lowerBound: (integer) upperBound: (integer))) (block_comment) (if_statement condition: (binary_expression (variable name: (identifier)) (integer)) (assignment (variable name: (identifier)) (integer)) (block_comment) (else_clause (assignment (variable name: (identifier)) (integer))) (block_comment))) (case (case_value (index_range lowerBound: (integer) upperBound: (integer))) (block_comment) (assignment (variable name: (identifier)) (integer))) (block_comment) (case (case_value (index_range lowerBound: (integer) upperBound: (integer))) (block_comment) (block_comment) (if_statement condition: (binary_expression (variable name: (identifier)) (integer)) (assignment (variable name: (identifier)) (integer)) (block_comment) (else_clause (assignment (variable name: (identifier)) (integer))) (block_comment))) (case (case_value (index_range lowerBound: (integer) upperBound: (integer))) (block_comment) (assignment (variable name: (identifier)) (integer))) (block_comment)) (block_comment)) (configuration (identifier) (resource (identifier) (task (identifier) (time) (integer)) (program_instance (identifier) (identifier) (identifier)))))
variable_name:  currentTime
variable_type:  INT
variable_address:  %IW0.0

variable_name:  trafficCondition
variable_type:  INT
variable_address:  %IW0.1

variable_name:  trafficLightState
variable_type:  INT
variable_address:  %QW0.0

visit_assignment:  (assignment (variable name: (identifier)) (integer))

variable name:  trafficLightState
visit_assignment:  (assignment (variable name: (identifier)) (integer))

variable name:  trafficLightState
visit_assignment:  (assignment (variable name: (identifier)) (integer))

variable name:  trafficLightState
visit_assignment:  (assignment (variable name: (identifier)) (integer))

variable name:  trafficLightState
visit_assignment:  (assignment (variable name: (identifier)) (integer))

variable name:  trafficLightState
visit_assignment:  (assignment (variable name: (identifier)) (integer))

variable name:  trafficLightState
visit_assignment:  (assignment (variable name: (identifier)) (integer))

variable name:  trafficLightState

variables:  {'currentTime': ('INT', '%IW0.0'), 'trafficCondition': ('INT', '%IW0.1'), 'trafficLightState': ('INT', '%QW0.0')}
content:  %IW0.0,INT,9

content:  %IW0.1,INT,9

plc_inputs:  [{'name': '%IW0.0', 'type': 'INT', 'value': 9}, {'name': '%IW0.1', 'type': 'INT', 'value': 9}]
plc_input_code:  #include "iec_std_lib.h"
#include "iec_types_all.h" 
#include <string.h>
#include <stdlib.h>
#include "/lfs/koff9454.ui/projects/plc_runtime_fuzzer/runtime/inputs.h"

    
extern INT *__IW0_0;
extern INT *__IW0_1;

void set_plc_input(const char *name, const char *type, PLC_Value value) {

    if (strcmp(name, "%IW0.0") == 0) {
        if (strcmp(type, "INT") == 0) {
            *__IW0_0 = (INT)value._INT;
        }
    } else

    if (strcmp(name, "%IW0.1") == 0) {
        if (strcmp(type, "INT") == 0) {
            *__IW0_1 = (INT)value._INT;
        }
    }
}
Created temporary directory: /lfs/koff9454.ui/projects/plc_runtime_fuzzer/runtime/tmp.3EkYAM
Generating IEC sources from ST file
POUS.c
POUS.h
LOCATED_VARIABLES.h
VARIABLES.csv
STD_CONF.c
STD_CONF.h
STD_RESSOURCE.c
Compiling the fuzzing harness
Compiling the set_input
Creating the executable
~/projects/plc_runtime_fuzzer/code_analysis/src/programs/complex/complex_8
Current directory: /lfs/koff9454.ui/projects/plc_runtime_fuzzer/code_analysis/src/programs/complex/complex_8
Files moved to /lfs/koff9454.ui/projects/plc_runtime_fuzzer/code_analysis/src/programs/complex/complex_8
Running the fuzzers
Workdir: "/lfs/koff9454.ui/projects/plc_runtime_fuzzer/code_analysis/src/programs/complex/complex_8/runs/run-38"
Out dir at "fuzzer-outdir" already exists.
Let's fuzz :)
[Stats #0] run time: 0h-0m-0s, clients: 1, corpus: 0, objectives: 0, executions: 0, exec/sec: 0.000
[Testcase #0] run time: 0h-0m-0s, clients: 1, corpus: 1, objectives: 0, executions: 1, exec/sec: 0.000
We imported 1 inputs from disk.
[Stats #0] run time: 0h-0m-0s, clients: 1, corpus: 1, objectives: 0, executions: 1, exec/sec: 0.000
[Testcase #0] run time: 0h-0m-0s, clients: 1, corpus: 2, objectives: 0, executions: 10, exec/sec: 0.000
[Stats #0] run time: 0h-0m-0s, clients: 1, corpus: 2, objectives: 0, executions: 10, exec/sec: 0.000
[Testcase #0] run time: 0h-0m-0s, clients: 1, corpus: 3, objectives: 0, executions: 34, exec/sec: 0.000
[Stats #0] run time: 0h-0m-0s, clients: 1, corpus: 3, objectives: 0, executions: 34, exec/sec: 0.000
[Testcase #0] run time: 0h-0m-0s, clients: 1, corpus: 4, objectives: 0, executions: 49, exec/sec: 0.000
[Objective #0] run time: 0h-0m-0s, clients: 1, corpus: 4, objectives: 1, executions: 49, exec/sec: 0.000
Crash limit reached: 1
