JOB timestamp: Mon Dec 18 15:28:05 MST 2023
JOB ID: 121638
Array Task ID: 27
Current directory: /lfs/koff9454.ui/projects/plc_runtime_fuzzer/code_analysis/src
r4i1n1
gcc (Spack GCC) 12.1.0
Copyright (C) 2022 Free Software Foundation, Inc.
This is free software; see the source for copying conditions.  There is NO
warranty; not even for MERCHANTABILITY or FITNESS FOR A PARTICULAR PURPOSE.

Python 3.11.5
/lfs/koff9454.ui/miniconda3/envs/plc/bin/python
matiec version 0.1
changeset id: 
Number of programs: 3
Programs: condition_1 condition_2 condition_3
Fuzzing program: condition_1, Job ID: 27
input dir exist, skipping
harness file exist, skipping
Running the fuzzers
Workdir: "/lfs/koff9454.ui/projects/plc_runtime_fuzzer/code_analysis/src/programs/condition/condition_1/runs/run-27"
Out dir at "fuzzer-outdir" already exists.
Let's fuzz :)
[1;92m[+] [0mEnabled environment variable AFL_BENCH_UNTIL_CRASH with value 1[0m
[1;92m[+] [0mEnabled environment variable AFL_IGNORE_SEED_PROBLEMS with value 1[0m
[1;92m[+] [0mEnabled environment variable AFL_I_DONT_CARE_ABOUT_MISSING_CRASHES with value 1[0m
[1;92m[+] [0mEnabled environment variable AFL_SKIP_CPUFREQ with value 1[0m
[1;92m[+] [0mEnabled environment variable AFL_TRY_AFFINITY with value 1[0m
[1;93m[!] [1;97mWARNING: [0mPotentially mistyped AFL environment variable: USE_PCM_DB=2, did you mean AFL_USE_PCM_DB=2?[0m
[0;36mafl-fuzz++4.09a[0m based on afl by Michal Zalewski and a large online community
[1;92m[+] [0mAFL++ is maintained by Marc "van Hauser" Heuse, Dominik Maier, Andrea Fioraldi and Heiko "hexcoder" Eißfeldt[0m
[1;92m[+] [0mAFL++ is open source, get it at https://github.com/AFLplusplus/AFLplusplus[0m
[1;92m[+] [0mNOTE: AFL++ >= v3 has changed defaults and behaviours - see README.md[0m
[1;92m[+] [0mNo -M/-S set, autoconfiguring for "-S default"[0m
[1;94m[*] [0mGetting to work...[0m
[1;92m[+] [0mUsing exponential power schedule (FAST)[0m
[1;92m[+] [0mEnabled testcache with 50 MB[0m
[1;92m[+] [0mGenerating fuzz data with a length of min=1 max=1048576[0m
[1;94m[*] [0mChecking core_pattern...[0m

[1;91m[-] [0mHmm, your system is configured to send core dump notifications to an
    external utility. This will cause issues: there will be an extended delay
    between stumbling upon a crash and having this information relayed to the
    fuzzer via the standard waitpid() API.
    If you're just testing, set 'AFL_I_DONT_CARE_ABOUT_MISSING_CRASHES=1'.

    To avoid having crashes misinterpreted as timeouts, please log in as root
    and temporarily modify /proc/sys/kernel/core_pattern, like so:

    echo core >/proc/sys/kernel/core_pattern
[1;92m[+] [0mLooks like we're not running on a tty, so I'll be a bit less verbose.[0m
[1;92m[+] [0mYou have 36 CPU cores and 8 runnable tasks (utilization: 22%).[0m
[1;92m[+] [0mTry parallel jobs - see /usr/local/share/doc/afl/fuzzing_in_depth.md#c-using-multiple-cores[0m
[1;94m[*] [0mSetting up output directories...[0m
[1;94m[*] [0mChecking CPU core loadout...[0m
[1;92m[+] [0mFound a free CPU core, try binding to #9.[0m
[1;94m[*] [0mScanning 'afl-indir'...[0m
[1;92m[+] [0mLoaded a total of 1 seeds.[0m
[1;94m[*] [0mCreating hard links for all input files...[0m
[1;94m[*] [0mValidating target binary...[0m
[1;94m[*] [0mSpinning up the fork server...[0m
[1;92m[+] [0mAll right - fork server is up.[0m
[1;94m[*] [0mTarget map size: 68[0m
[1;94m[*] [0mNo auto-generated dictionary tokens to reuse.[0m
[1;94m[*] [0mLoading extra dictionary from 'afl-inputs.dict' (level 0)...[0m
[1;94m[*] [0mLoaded 88 extra tokens, size range 4 B to 6 B.[0m
[1;92m[+] [0mLoaded a total of 6 extras.[0m
[1;94m[*] [0mAttempting dry run with 'id:000000,time:0,execs:0,orig:testcase.txt'...[0m
[1;90m    len = 3, map size = 18, exec speed = 6238 us, hash = dcecfe8b41bb142f
[0m[1;92m[+] [0mAll test cases processed.[0m
[1;92m[+] [0mHere are some useful stats:

[1;90m    Test case count : [0m1 favored, 0 variable, 0 ignored, 1 total
[1;90m       Bitmap range : [0m18 to 18 bits (average: 18.00 bits)
[1;90m        Exec timing : [0m6238 to 6238 us (average: 6238 us)
[0m
[1;94m[*] [0mNo -t option specified, so I'll use an exec timeout of 40 ms.[0m
[1;92m[+] [0mAll set and ready to roll![0m
[1;94m[*] [0mEntering queue cycle 1.[0m
[1;94m[*] [0mFuzzing test case #0 (1 total, 0 crashes saved, state: started :-), mode=explore, perf_score=0, weight=0, favorite=1, was_fuzzed=0, exec_us=6238, hits=0, map=18, ascii=0, run_time=0:00:00:00)...[0m
[1;92m[+] [0mEnabled environment variable AFL_BENCH_UNTIL_CRASH with value 1[0m
[1;92m[+] [0mEnabled environment variable AFL_IGNORE_SEED_PROBLEMS with value 1[0m
[1;92m[+] [0mEnabled environment variable AFL_I_DONT_CARE_ABOUT_MISSING_CRASHES with value 1[0m
[1;92m[+] [0mEnabled environment variable AFL_SKIP_CPUFREQ with value 1[0m
[1;92m[+] [0mEnabled environment variable AFL_TRY_AFFINITY with value 1[0m
[1;93m[!] [1;97mWARNING: [0mPotentially mistyped AFL environment variable: USE_PCM_DB=2, did you mean AFL_USE_PCM_DB=2?[0m
[0;36mafl-fuzz++4.09a[0m based on afl by Michal Zalewski and a large online community
[1;92m[+] [0mAFL++ is maintained by Marc "van Hauser" Heuse, Dominik Maier, Andrea Fioraldi and Heiko "hexcoder" Eißfeldt[0m
[1;92m[+] [0mAFL++ is open source, get it at https://github.com/AFLplusplus/AFLplusplus[0m
[1;92m[+] [0mNOTE: AFL++ >= v3 has changed defaults and behaviours - see README.md[0m
[1;92m[+] [0mNo -M/-S set, autoconfiguring for "-S default"[0m
[1;94m[*] [0mGetting to work...[0m
[1;92m[+] [0mUsing exponential power schedule (FAST)[0m
[1;92m[+] [0mEnabled testcache with 50 MB[0m
[1;92m[+] [0mGenerating fuzz data with a length of min=1 max=1048576[0m
[1;94m[*] [0mChecking core_pattern...[0m

[1;91m[-] [0mHmm, your system is configured to send core dump notifications to an
    external utility. This will cause issues: there will be an extended delay
    between stumbling upon a crash and having this information relayed to the
    fuzzer via the standard waitpid() API.
    If you're just testing, set 'AFL_I_DONT_CARE_ABOUT_MISSING_CRASHES=1'.

    To avoid having crashes misinterpreted as timeouts, please log in as root
    and temporarily modify /proc/sys/kernel/core_pattern, like so:

    echo core >/proc/sys/kernel/core_pattern
[1;92m[+] [0mLooks like we're not running on a tty, so I'll be a bit less verbose.[0m
[1;92m[+] [0mYou have 36 CPU cores and 14 runnable tasks (utilization: 39%).[0m
[1;92m[+] [0mTry parallel jobs - see /usr/local/share/doc/afl/fuzzing_in_depth.md#c-using-multiple-cores[0m
[1;94m[*] [0mSetting up output directories...[0m
[1;94m[*] [0mChecking CPU core loadout...[0m
[1;92m[+] [0mFound a free CPU core, try binding to #8.[0m
[1;94m[*] [0mScanning 'our-indir'...[0m
[1;92m[+] [0mLoaded a total of 1 seeds.[0m
[1;94m[*] [0mCreating hard links for all input files...[0m
[1;94m[*] [0mValidating target binary...[0m
[1;94m[*] [0mSpinning up the fork server...[0m
[1;92m[+] [0mAll right - fork server is up.[0m
[1;94m[*] [0mTarget map size: 68[0m
[1;94m[*] [0mNo auto-generated dictionary tokens to reuse.[0m
[1;94m[*] [0mLoading extra dictionary from 'our-inputs.dict' (level 0)...[0m
[1;94m[*] [0mLoaded 88 extra tokens, size range 4 B to 6 B.[0m
[1;92m[+] [0mLoaded a total of 6 extras.[0m
[1;94m[*] [0mAttempting dry run with 'id:000000,time:0,execs:0,orig:variables.txt'...[0m
[1;90m    len = 616, map size = 19, exec speed = 5785 us, hash = 64e735e0cc07a8c6
[0m[1;92m[+] [0mAll test cases processed.[0m
[1;92m[+] [0mHere are some useful stats:

[1;90m    Test case count : [0m1 favored, 0 variable, 0 ignored, 1 total
[1;90m       Bitmap range : [0m19 to 19 bits (average: 19.00 bits)
[1;90m        Exec timing : [0m5785 to 5785 us (average: 5785 us)
[0m
[1;94m[*] [0mNo -t option specified, so I'll use an exec timeout of 40 ms.[0m
[1;92m[+] [0mAll set and ready to roll![0m
[1;94m[*] [0mEntering queue cycle 1.[0m
[1;94m[*] [0mFuzzing test case #0 (1 total, 0 crashes saved, state: started :-), mode=explore, perf_score=0, weight=0, favorite=1, was_fuzzed=0, exec_us=5785, hits=0, map=19, ascii=0, run_time=0:00:00:00)...[0m
[1;94m[*] [0mFuzzing test case #0 (1 total, 0 crashes saved, state: started :-), mode=explore, perf_score=459, weight=10, favorite=1, was_fuzzed=1, exec_us=6238, hits=0, map=18, ascii=0, run_time=0:00:00:00)...[0m
[1;94m[*] [0mFuzzing test case #4 (8 total, 0 crashes saved, state: started :-), mode=explore, perf_score=0, weight=0, favorite=1, was_fuzzed=0, exec_us=4703, hits=303, map=19, ascii=0, run_time=0:00:01:19)...[0m
[1;94m[*] [0mFuzzing test case #3 (8 total, 0 crashes saved, state: started :-), mode=explore, perf_score=100, weight=6, favorite=1, was_fuzzed=0, exec_us=6517, hits=10, map=18, ascii=0, run_time=0:00:01:19)...[0m
[1;94m[*] [0mFuzzing test case #9 (13 total, 0 crashes saved, state: started :-), mode=explore, perf_score=0, weight=0, favorite=1, was_fuzzed=0, exec_us=1599, hits=3, map=20, ascii=0, run_time=0:00:01:50)...[0m
[1;94m[*] [0mFuzzing test case #4 (13 total, 0 crashes saved, state: started :-), mode=explore, perf_score=114, weight=16, favorite=1, was_fuzzed=1, exec_us=4703, hits=490, map=19, ascii=0, run_time=0:00:01:51)...[0m
[1;94m[*] [0mFuzzing test case #9 (13 total, 0 crashes saved, state: started :-), mode=explore, perf_score=690, weight=15, favorite=1, was_fuzzed=1, exec_us=1599, hits=3, map=20, ascii=0, run_time=0:00:01:51)...[0m
[1;94m[*] [0mFuzzing test case #15 (16 total, 0 crashes saved, state: started :-), mode=explore, perf_score=0, weight=0, favorite=1, was_fuzzed=0, exec_us=1677, hits=1, map=18, ascii=0, run_time=0:00:02:19)...[0m
[1;94m[*] [0mFuzzing test case #15 (16 total, 0 crashes saved, state: started :-), mode=explore, perf_score=1380, weight=158, favorite=1, was_fuzzed=1, exec_us=1677, hits=1, map=18, ascii=0, run_time=0:00:02:19)...[0m
[1;94m[*] [0mFuzzing test case #17 (23 total, 0 crashes saved, state: started :-), mode=explore, perf_score=0, weight=0, favorite=1, was_fuzzed=0, exec_us=1407, hits=7, map=18, ascii=0, run_time=0:00:03:38)...[0m
[1;94m[*] [0mFuzzing test case #16 (23 total, 0 crashes saved, state: started :-), mode=explore, perf_score=300, weight=20, favorite=1, was_fuzzed=0, exec_us=1421, hits=10, map=18, ascii=0, run_time=0:00:03:38)...[0m
[1;94m[*] [0mFuzzing test case #17 (24 total, 0 crashes saved, state: started :-), mode=explore, perf_score=1035, weight=92, favorite=1, was_fuzzed=1, exec_us=1407, hits=9, map=18, ascii=0, run_time=0:00:03:39)...[0m
[1;94m[*] [0mFuzzing test case #22 (24 total, 0 crashes saved, state: started :-), mode=explore, perf_score=300, weight=67, favorite=1, was_fuzzed=0, exec_us=1348, hits=2, map=23, ascii=0, run_time=0:00:04:05)...[0m
[?25h[1;91m

+++ Testing aborted programmatically +++
[0m[1;94m[*] [0mStatistics: 23 new corpus items found, 45.59% coverage achieved, 1 crashes saved, 0 timeouts saved, total runtime 0 days, 0 hrs, 4 min, 37 sec[0m
[1;92m[+] [0mWe're done here. Have a nice day!
[0m
[1;94m[*] [0mFuzzing test case #28 (31 total, 0 crashes saved, state: in progress, mode=explore, perf_score=0, weight=0, favorite=1, was_fuzzed=0, exec_us=4186, hits=4, map=21, ascii=0, run_time=0:00:05:01)...[0m
[1;94m[*] [0mFuzzing test case #26 (31 total, 0 crashes saved, state: in progress, mode=explore, perf_score=200, weight=22, favorite=1, was_fuzzed=0, exec_us=1696, hits=4, map=23, ascii=0, run_time=0:00:05:01)...[0m
[1;94m[*] [0mFuzzing test case #33 (34 total, 0 crashes saved, state: in progress, mode=explore, perf_score=0, weight=0, favorite=1, was_fuzzed=0, exec_us=1254, hits=1, map=23, ascii=0, run_time=0:00:05:03)...[0m
[1;94m[*] [0mFuzzing test case #27 (34 total, 0 crashes saved, state: in progress, mode=explore, perf_score=300, weight=21, favorite=1, was_fuzzed=0, exec_us=1314, hits=13, map=23, ascii=0, run_time=0:00:05:03)...[0m
[1;94m[*] [0mFuzzing test case #37 (39 total, 0 crashes saved, state: in progress, mode=explore, perf_score=0, weight=0, favorite=1, was_fuzzed=0, exec_us=1261, hits=1, map=24, ascii=0, run_time=0:00:05:06)...[0m
[1;94m[*] [0mFuzzing test case #17 (39 total, 0 crashes saved, state: in progress, mode=explore, perf_score=459, weight=85, favorite=1, was_fuzzed=1, exec_us=1407, hits=19, map=18, ascii=0, run_time=0:00:05:06)...[0m
[1;94m[*] [0mFuzzing test case #37 (42 total, 0 crashes saved, state: in progress, mode=explore, perf_score=919, weight=36, favorite=1, was_fuzzed=1, exec_us=1261, hits=1, map=24, ascii=0, run_time=0:00:05:34)...[0m
[1;94m[*] [0mFuzzing test case #48 (49 total, 0 crashes saved, state: in progress, mode=explore, perf_score=0, weight=0, favorite=1, was_fuzzed=0, exec_us=1406, hits=1, map=24, ascii=0, run_time=0:00:06:36)...[0m
[1;94m[*] [0mFuzzing test case #43 (49 total, 0 crashes saved, state: in progress, mode=explore, perf_score=300, weight=29, favorite=1, was_fuzzed=0, exec_us=1239, hits=4, map=24, ascii=0, run_time=0:00:06:36)...[0m
[1;94m[*] [0mFuzzing test case #17 (49 total, 0 crashes saved, state: in progress, mode=explore, perf_score=459, weight=86, favorite=1, was_fuzzed=1, exec_us=1407, hits=28, map=18, ascii=0, run_time=0:00:06:38)...[0m
[1;94m[*] [0mFuzzing test case #43 (49 total, 0 crashes saved, state: in progress, mode=explore, perf_score=1035, weight=19, favorite=1, was_fuzzed=1, exec_us=1239, hits=9, map=24, ascii=0, run_time=0:00:06:40)...[0m
[1;94m[*] [0mFuzzing test case #22 (52 total, 0 crashes saved, state: in progress, mode=explore, perf_score=229, weight=5, favorite=1, was_fuzzed=1, exec_us=1348, hits=3388, map=23, ascii=0, run_time=0:00:07:14)...[0m
[1;94m[*] [0mFuzzing test case #33 (52 total, 0 crashes saved, state: in progress, mode=explore, perf_score=690, weight=25, favorite=1, was_fuzzed=1, exec_us=1254, hits=12, map=23, ascii=0, run_time=0:00:07:15)...[0m
[1;94m[*] [0mFuzzing test case #33 (55 total, 0 crashes saved, state: in progress, mode=explore, perf_score=229, weight=18, favorite=1, was_fuzzed=1, exec_us=1254, hits=103, map=23, ascii=0, run_time=0:00:07:20)...[0m
[1;94m[*] [0mFuzzing test case #48 (55 total, 0 crashes saved, state: in progress, mode=explore, perf_score=1380, weight=22, favorite=1, was_fuzzed=1, exec_us=1406, hits=1, map=24, ascii=0, run_time=0:00:07:39)...[0m
[1;94m[*] [0mFuzzing test case #17 (55 total, 0 crashes saved, state: in progress, mode=explore, perf_score=229, weight=86, favorite=1, was_fuzzed=1, exec_us=1407, hits=47, map=18, ascii=0, run_time=0:00:07:45)...[0m
[1;94m[*] [0mFuzzing test case #15 (55 total, 0 crashes saved, state: in progress, mode=explore, perf_score=229, weight=5, favorite=1, was_fuzzed=1, exec_us=1677, hits=384, map=18, ascii=0, run_time=0:00:08:04)...[0m
[1;94m[*] [0mFuzzing test case #16 (56 total, 0 crashes saved, state: in progress, mode=explore, perf_score=459, weight=8, favorite=1, was_fuzzed=1, exec_us=1421, hits=23, map=18, ascii=0, run_time=0:00:08:05)...[0m
[1;94m[*] [0mFuzzing test case #17 (56 total, 0 crashes saved, state: in progress, mode=explore, perf_score=229, weight=84, favorite=1, was_fuzzed=1, exec_us=1407, hits=57, map=18, ascii=0, run_time=0:00:08:06)...[0m
[1;94m[*] [0mFuzzing test case #27 (56 total, 0 crashes saved, state: in progress, mode=explore, perf_score=229, weight=7, favorite=1, was_fuzzed=1, exec_us=1314, hits=229, map=23, ascii=0, run_time=0:00:08:07)...[0m
[1;94m[*] [0mFuzzing test case #16 (56 total, 0 crashes saved, state: in progress, mode=explore, perf_score=459, weight=8, favorite=1, was_fuzzed=1, exec_us=1421, hits=34, map=18, ascii=0, run_time=0:00:08:08)...[0m
[1;94m[*] [0mFuzzing test case #27 (56 total, 0 crashes saved, state: in progress, mode=explore, perf_score=229, weight=7, favorite=1, was_fuzzed=1, exec_us=1314, hits=289, map=23, ascii=0, run_time=0:00:08:22)...[0m
[1;94m[*] [0mFuzzing test case #43 (56 total, 0 crashes saved, state: in progress, mode=explore, perf_score=345, weight=12, favorite=1, was_fuzzed=1, exec_us=1239, hits=217, map=24, ascii=0, run_time=0:00:08:23)...[0m
[1;94m[*] [0mFuzzing test case #4 (57 total, 0 crashes saved, state: in progress, mode=explore, perf_score=57, weight=2, favorite=1, was_fuzzed=1, exec_us=4703, hits=1398, map=19, ascii=0, run_time=0:00:08:25)...[0m
[1;94m[*] [0mFuzzing test case #17 (57 total, 0 crashes saved, state: in progress, mode=explore, perf_score=229, weight=85, favorite=1, was_fuzzed=1, exec_us=1407, hits=59, map=18, ascii=0, run_time=0:00:08:25)...[0m
[1;94m[*] [0mFuzzing test case #17 (57 total, 0 crashes saved, state: in progress, mode=explore, perf_score=229, weight=85, favorite=1, was_fuzzed=1, exec_us=1407, hits=63, map=18, ascii=0, run_time=0:00:08:25)...[0m
[1;94m[*] [0mFuzzing test case #43 (57 total, 0 crashes saved, state: in progress, mode=explore, perf_score=345, weight=12, favorite=1, was_fuzzed=1, exec_us=1239, hits=258, map=24, ascii=0, run_time=0:00:08:38)...[0m
[1;94m[*] [0mFuzzing test case #9 (57 total, 0 crashes saved, state: in progress, mode=explore, perf_score=114, weight=5, favorite=1, was_fuzzed=1, exec_us=1599, hits=207, map=20, ascii=0, run_time=0:00:08:40)...[0m
[1;94m[*] [0mFuzzing test case #17 (57 total, 0 crashes saved, state: in progress, mode=explore, perf_score=229, weight=85, favorite=1, was_fuzzed=1, exec_us=1407, hits=70, map=18, ascii=0, run_time=0:00:08:40)...[0m
[1;94m[*] [0mFuzzing test case #9 (57 total, 0 crashes saved, state: in progress, mode=explore, perf_score=114, weight=5, favorite=1, was_fuzzed=1, exec_us=1599, hits=227, map=20, ascii=0, run_time=0:00:08:41)...[0m
[1;94m[*] [0mFuzzing test case #43 (57 total, 0 crashes saved, state: in progress, mode=explore, perf_score=345, weight=12, favorite=1, was_fuzzed=1, exec_us=1239, hits=289, map=24, ascii=0, run_time=0:00:08:42)...[0m
[1;94m[*] [0mFuzzing test case #9 (57 total, 0 crashes saved, state: in progress, mode=explore, perf_score=114, weight=5, favorite=1, was_fuzzed=1, exec_us=1599, hits=248, map=20, ascii=0, run_time=0:00:08:43)...[0m
[1;94m[*] [0mFuzzing test case #17 (57 total, 0 crashes saved, state: in progress, mode=explore, perf_score=229, weight=85, favorite=1, was_fuzzed=1, exec_us=1407, hits=79, map=18, ascii=0, run_time=0:00:08:43)...[0m
[1;94m[*] [0mFuzzing test case #33 (57 total, 0 crashes saved, state: in progress, mode=explore, perf_score=229, weight=17, favorite=1, was_fuzzed=1, exec_us=1254, hits=171, map=23, ascii=0, run_time=0:00:08:44)...[0m
[1;94m[*] [0mFuzzing test case #17 (57 total, 0 crashes saved, state: in progress, mode=explore, perf_score=229, weight=85, favorite=1, was_fuzzed=1, exec_us=1407, hits=98, map=18, ascii=0, run_time=0:00:08:45)...[0m
[1;94m[*] [0mFuzzing test case #17 (57 total, 0 crashes saved, state: in progress, mode=explore, perf_score=229, weight=85, favorite=1, was_fuzzed=1, exec_us=1407, hits=100, map=18, ascii=0, run_time=0:00:09:00)...[0m
[1;94m[*] [0mFuzzing test case #17 (57 total, 0 crashes saved, state: in progress, mode=explore, perf_score=229, weight=85, favorite=1, was_fuzzed=1, exec_us=1407, hits=113, map=18, ascii=0, run_time=0:00:09:00)...[0m
[1;94m[*] [0mFuzzing test case #17 (58 total, 0 crashes saved, state: in progress, mode=explore, perf_score=229, weight=77, favorite=1, was_fuzzed=1, exec_us=1407, hits=120, map=18, ascii=0, run_time=0:00:09:01)...[0m
[1;94m[*] [0mFuzzing test case #27 (59 total, 0 crashes saved, state: in progress, mode=explore, perf_score=229, weight=7, favorite=1, was_fuzzed=1, exec_us=1314, hits=362, map=23, ascii=0, run_time=0:00:09:02)...[0m
[1;94m[*] [0mFuzzing test case #17 (59 total, 0 crashes saved, state: in progress, mode=explore, perf_score=229, weight=77, favorite=1, was_fuzzed=1, exec_us=1407, hits=130, map=18, ascii=0, run_time=0:00:09:03)...[0m
[1;94m[*] [0mFuzzing test case #17 (59 total, 0 crashes saved, state: in progress, mode=explore, perf_score=229, weight=77, favorite=1, was_fuzzed=1, exec_us=1407, hits=133, map=18, ascii=0, run_time=0:00:09:04)...[0m
[1;94m[*] [0mFuzzing test case #27 (59 total, 0 crashes saved, state: in progress, mode=explore, perf_score=229, weight=7, favorite=1, was_fuzzed=1, exec_us=1314, hits=404, map=23, ascii=0, run_time=0:00:09:05)...[0m
[1;94m[*] [0mFuzzing test case #17 (59 total, 0 crashes saved, state: in progress, mode=explore, perf_score=229, weight=77, favorite=1, was_fuzzed=1, exec_us=1407, hits=135, map=18, ascii=0, run_time=0:00:09:06)...[0m
[1;94m[*] [0mFuzzing test case #43 (59 total, 0 crashes saved, state: in progress, mode=explore, perf_score=345, weight=11, favorite=1, was_fuzzed=1, exec_us=1239, hits=371, map=24, ascii=0, run_time=0:00:09:07)...[0m
[1;94m[*] [0mFuzzing test case #33 (59 total, 0 crashes saved, state: in progress, mode=explore, perf_score=229, weight=17, favorite=1, was_fuzzed=1, exec_us=1254, hits=216, map=23, ascii=0, run_time=0:00:09:22)...[0m
[1;94m[*] [0mFuzzing test case #17 (59 total, 0 crashes saved, state: in progress, mode=explore, perf_score=229, weight=77, favorite=1, was_fuzzed=1, exec_us=1407, hits=137, map=18, ascii=0, run_time=0:00:09:22)...[0m
[1;94m[*] [0mFuzzing test case #33 (59 total, 0 crashes saved, state: in progress, mode=explore, perf_score=229, weight=17, favorite=1, was_fuzzed=1, exec_us=1254, hits=260, map=23, ascii=0, run_time=0:00:09:23)...[0m
[1;94m[*] [0mFuzzing test case #33 (59 total, 0 crashes saved, state: in progress, mode=explore, perf_score=229, weight=17, favorite=1, was_fuzzed=1, exec_us=1254, hits=276, map=23, ascii=0, run_time=0:00:09:24)...[0m
[1;94m[*] [0mFuzzing test case #48 (59 total, 0 crashes saved, state: in progress, mode=explore, perf_score=345, weight=9, favorite=1, was_fuzzed=1, exec_us=1406, hits=36, map=24, ascii=0, run_time=0:00:09:25)...[0m
[1;94m[*] [0mFuzzing test case #27 (59 total, 0 crashes saved, state: in progress, mode=explore, perf_score=229, weight=7, favorite=1, was_fuzzed=1, exec_us=1314, hits=507, map=23, ascii=0, run_time=0:00:09:26)...[0m
[1;94m[*] [0mFuzzing test case #16 (59 total, 0 crashes saved, state: in progress, mode=explore, perf_score=229, weight=7, favorite=1, was_fuzzed=1, exec_us=1421, hits=70, map=18, ascii=0, run_time=0:00:09:27)...[0m
[1;94m[*] [0mFuzzing test case #17 (59 total, 0 crashes saved, state: in progress, mode=explore, perf_score=229, weight=77, favorite=1, was_fuzzed=1, exec_us=1407, hits=144, map=18, ascii=0, run_time=0:00:09:28)...[0m
[1;94m[*] [0mFuzzing test case #48 (59 total, 0 crashes saved, state: in progress, mode=explore, perf_score=345, weight=9, favorite=1, was_fuzzed=1, exec_us=1406, hits=46, map=24, ascii=0, run_time=0:00:09:35)...[0m
[1;94m[*] [0mFuzzing test case #22 (59 total, 0 crashes saved, state: in progress, mode=explore, perf_score=229, weight=5, favorite=1, was_fuzzed=1, exec_us=1348, hits=3711, map=23, ascii=0, run_time=0:00:09:37)...[0m
[1;94m[*] [0mFuzzing test case #16 (59 total, 0 crashes saved, state: in progress, mode=explore, perf_score=229, weight=7, favorite=1, was_fuzzed=1, exec_us=1421, hits=79, map=18, ascii=0, run_time=0:00:09:37)...[0m
[1;94m[*] [0mFuzzing test case #43 (59 total, 0 crashes saved, state: in progress, mode=explore, perf_score=345, weight=11, favorite=1, was_fuzzed=1, exec_us=1239, hits=412, map=24, ascii=0, run_time=0:00:09:38)...[0m
[1;94m[*] [0mEntering queue cycle 2.[0m
[1;94m[*] [0mFuzzing test case #17 (59 total, 0 crashes saved, state: in progress, mode=explore, perf_score=229, weight=77, favorite=1, was_fuzzed=1, exec_us=1407, hits=158, map=18, ascii=0, run_time=0:00:09:49)...[0m
[1;94m[*] [0mFuzzing test case #48 (59 total, 0 crashes saved, state: in progress, mode=explore, perf_score=345, weight=9, favorite=1, was_fuzzed=1, exec_us=1406, hits=69, map=24, ascii=0, run_time=0:00:09:50)...[0m
[1;94m[*] [0mFuzzing test case #17 (59 total, 0 crashes saved, state: in progress, mode=explore, perf_score=229, weight=77, favorite=1, was_fuzzed=1, exec_us=1407, hits=165, map=18, ascii=0, run_time=0:00:09:51)...[0m
[1;94m[*] [0mFuzzing test case #27 (59 total, 0 crashes saved, state: in progress, mode=explore, perf_score=229, weight=7, favorite=1, was_fuzzed=1, exec_us=1314, hits=560, map=23, ascii=0, run_time=0:00:09:52)...[0m
[1;94m[*] [0mFuzzing test case #43 (59 total, 0 crashes saved, state: in progress, mode=explore, perf_score=345, weight=11, favorite=1, was_fuzzed=1, exec_us=1239, hits=464, map=24, ascii=0, run_time=0:00:09:53)...[0m
[1;94m[*] [0mFuzzing test case #43 (59 total, 0 crashes saved, state: in progress, mode=explore, perf_score=345, weight=11, favorite=1, was_fuzzed=1, exec_us=1239, hits=512, map=24, ascii=0, run_time=0:00:09:54)...[0m
[1;94m[*] [0mFuzzing test case #17 (59 total, 0 crashes saved, state: in progress, mode=explore, perf_score=229, weight=77, favorite=1, was_fuzzed=1, exec_us=1407, hits=183, map=18, ascii=0, run_time=0:00:09:55)...[0m
[1;94m[*] [0mFuzzing test case #17 (59 total, 0 crashes saved, state: in progress, mode=explore, perf_score=229, weight=77, favorite=1, was_fuzzed=1, exec_us=1407, hits=194, map=18, ascii=0, run_time=0:00:09:56)...[0m
[1;94m[*] [0mFuzzing test case #9 (59 total, 0 crashes saved, state: in progress, mode=explore, perf_score=114, weight=5, favorite=1, was_fuzzed=1, exec_us=1599, hits=290, map=20, ascii=0, run_time=0:00:10:02)...[0m
[1;94m[*] [0mFuzzing test case #29 (59 total, 0 crashes saved, state: in progress, mode=explore, perf_score=200, weight=1, favorite=0, was_fuzzed=0, exec_us=1303, hits=123, map=24, ascii=0, run_time=0:00:10:03)...[0m
[1;94m[*] [0mFuzzing test case #43 (60 total, 0 crashes saved, state: in progress, mode=explore, perf_score=345, weight=11, favorite=1, was_fuzzed=1, exec_us=1239, hits=581, map=24, ascii=0, run_time=0:00:10:04)...[0m
[1;94m[*] [0mFuzzing test case #43 (60 total, 0 crashes saved, state: in progress, mode=explore, perf_score=345, weight=11, favorite=1, was_fuzzed=1, exec_us=1239, hits=598, map=24, ascii=0, run_time=0:00:10:05)...[0m
[1;94m[*] [0mFuzzing test case #16 (60 total, 0 crashes saved, state: in progress, mode=explore, perf_score=229, weight=7, favorite=1, was_fuzzed=1, exec_us=1421, hits=83, map=18, ascii=0, run_time=0:00:10:06)...[0m
[1;94m[*] [0mFuzzing test case #17 (60 total, 0 crashes saved, state: in progress, mode=explore, perf_score=229, weight=73, favorite=1, was_fuzzed=1, exec_us=1407, hits=197, map=18, ascii=0, run_time=0:00:10:07)...[0m
[1;94m[*] [0mFuzzing test case #17 (62 total, 0 crashes saved, state: in progress, mode=explore, perf_score=229, weight=73, favorite=1, was_fuzzed=1, exec_us=1407, hits=217, map=18, ascii=0, run_time=0:00:10:16)...[0m
[1;94m[*] [0mFuzzing test case #22 (63 total, 0 crashes saved, state: in progress, mode=explore, perf_score=229, weight=5, favorite=1, was_fuzzed=1, exec_us=1348, hits=3853, map=23, ascii=0, run_time=0:00:10:16)...[0m
[1;94m[*] [0mFuzzing test case #17 (63 total, 0 crashes saved, state: in progress, mode=explore, perf_score=229, weight=73, favorite=1, was_fuzzed=1, exec_us=1407, hits=224, map=18, ascii=0, run_time=0:00:10:17)...[0m
[1;94m[*] [0mFuzzing test case #16 (63 total, 0 crashes saved, state: in progress, mode=explore, perf_score=229, weight=7, favorite=1, was_fuzzed=1, exec_us=1421, hits=90, map=18, ascii=0, run_time=0:00:10:18)...[0m
[1;94m[*] [0mFuzzing test case #22 (63 total, 0 crashes saved, state: in progress, mode=explore, perf_score=229, weight=5, favorite=1, was_fuzzed=1, exec_us=1348, hits=3955, map=23, ascii=0, run_time=0:00:10:19)...[0m
[1;94m[*] [0mFuzzing test case #33 (63 total, 0 crashes saved, state: in progress, mode=explore, perf_score=229, weight=16, favorite=1, was_fuzzed=1, exec_us=1254, hits=329, map=23, ascii=0, run_time=0:00:10:20)...[0m
[1;94m[*] [0mFuzzing test case #43 (63 total, 0 crashes saved, state: in progress, mode=explore, perf_score=345, weight=11, favorite=1, was_fuzzed=1, exec_us=1239, hits=623, map=24, ascii=0, run_time=0:00:10:20)...[0m
[1;94m[*] [0mFuzzing test case #43 (64 total, 0 crashes saved, state: in progress, mode=explore, perf_score=345, weight=11, favorite=1, was_fuzzed=1, exec_us=1239, hits=637, map=24, ascii=0, run_time=0:00:10:22)...[0m
[1;94m[*] [0mFuzzing test case #52 (64 total, 0 crashes saved, state: in progress, mode=explore, perf_score=300, weight=2, favorite=0, was_fuzzed=0, exec_us=1337, hits=10, map=24, ascii=0, run_time=0:00:10:27)...[0m
[1;94m[*] [0mFuzzing test case #64 (65 total, 0 crashes saved, state: in progress, mode=explore, perf_score=0, weight=0, favorite=1, was_fuzzed=0, exec_us=1174, hits=1, map=23, ascii=0, run_time=0:00:10:29)...[0m
[1;94m[*] [0mFuzzing test case #7 (65 total, 0 crashes saved, state: in progress, mode=explore, perf_score=100, weight=0, favorite=0, was_fuzzed=0, exec_us=2323, hits=1231, map=19, ascii=0, run_time=0:00:10:29)...[0m
[?25h[1;91m

+++ Testing aborted programmatically +++
[0m[1;94m[*] [0mStatistics: 64 new corpus items found, 50.00% coverage achieved, 1 crashes saved, 0 timeouts saved, total runtime 0 days, 0 hrs, 10 min, 29 sec[0m
[1;92m[+] [0mWe're done here. Have a nice day!
[0m
