JOB timestamp: Tue Dec 19 10:49:39 MST 2023
JOB ID: 121818
Array Task ID: 30
Current directory: /lfs/koff9454.ui/projects/plc_runtime_fuzzer/code_analysis/src
r4i1n1
gcc (Spack GCC) 12.1.0
Copyright (C) 2022 Free Software Foundation, Inc.
This is free software; see the source for copying conditions.  There is NO
warranty; not even for MERCHANTABILITY or FITNESS FOR A PARTICULAR PURPOSE.

Python 3.11.5
/lfs/koff9454.ui/miniconda3/envs/plc/bin/python
matiec version 0.1
changeset id: 
Number of programs: 3
Programs: depth_1 depth_2 depth_3
Fuzzing program: depth_1, Job ID: 30
input dir exist, skipping
harness file exist, skipping
Running the fuzzers
Workdir: "/lfs/koff9454.ui/projects/plc_runtime_fuzzer/code_analysis/src/programs/depth/depth_1/runs/run-30"
Out dir at "fuzzer-outdir" already exists.
Let's fuzz :)
[1;92m[+] [0mEnabled environment variable AFL_BENCH_UNTIL_CRASH with value 1[0m
[1;92m[+] [0mEnabled environment variable AFL_IGNORE_SEED_PROBLEMS with value 1[0m
[1;92m[+] [0mEnabled environment variable AFL_I_DONT_CARE_ABOUT_MISSING_CRASHES with value 1[0m
[1;92m[+] [0mEnabled environment variable AFL_SKIP_CPUFREQ with value 1[0m
[1;92m[+] [0mEnabled environment variable AFL_TRY_AFFINITY with value 1[0m
[1;93m[!] [1;97mWARNING: [0mPotentially mistyped AFL environment variable: USE_PCM_DB=2, did you mean AFL_USE_PCM_DB=2?[0m
[0;36mafl-fuzz++4.09a[0m based on afl by Michal Zalewski and a large online community
[1;92m[+] [0mAFL++ is maintained by Marc "van Hauser" Heuse, Dominik Maier, Andrea Fioraldi and Heiko "hexcoder" Eißfeldt[0m
[1;92m[+] [0mAFL++ is open source, get it at https://github.com/AFLplusplus/AFLplusplus[0m
[1;92m[+] [0mNOTE: AFL++ >= v3 has changed defaults and behaviours - see README.md[0m
[1;92m[+] [0mNo -M/-S set, autoconfiguring for "-S default"[0m
[1;94m[*] [0mGetting to work...[0m
[1;92m[+] [0mUsing exponential power schedule (FAST)[0m
[1;92m[+] [0mEnabled testcache with 50 MB[0m
[1;92m[+] [0mGenerating fuzz data with a length of min=1 max=1048576[0m
[1;94m[*] [0mChecking core_pattern...[0m

[1;91m[-] [0mHmm, your system is configured to send core dump notifications to an
    external utility. This will cause issues: there will be an extended delay
    between stumbling upon a crash and having this information relayed to the
    fuzzer via the standard waitpid() API.
    If you're just testing, set 'AFL_I_DONT_CARE_ABOUT_MISSING_CRASHES=1'.

    To avoid having crashes misinterpreted as timeouts, please log in as root
    and temporarily modify /proc/sys/kernel/core_pattern, like so:

    echo core >/proc/sys/kernel/core_pattern
[1;92m[+] [0mLooks like we're not running on a tty, so I'll be a bit less verbose.[0m
[1;92m[+] [0mYou have 36 CPU cores and 8 runnable tasks (utilization: 22%).[0m
[1;92m[+] [0mTry parallel jobs - see /usr/local/share/doc/afl/fuzzing_in_depth.md#c-using-multiple-cores[0m
[1;94m[*] [0mSetting up output directories...[0m
[1;94m[*] [0mChecking CPU core loadout...[0m
[1;92m[+] [0mFound a free CPU core, try binding to #3.[0m
[1;94m[*] [0mScanning 'our-indir'...[0m
[1;92m[+] [0mLoaded a total of 1 seeds.[0m
[1;94m[*] [0mCreating hard links for all input files...[0m
[1;94m[*] [0mValidating target binary...[0m
[1;94m[*] [0mSpinning up the fork server...[0m
[1;92m[+] [0mAll right - fork server is up.[0m
[1;94m[*] [0mTarget map size: 59[0m
[1;94m[*] [0mNo auto-generated dictionary tokens to reuse.[0m
[1;94m[*] [0mLoading extra dictionary from 'our-inputs.dict' (level 0)...[0m
[1;94m[*] [0mLoaded 66 extra tokens, size range 4 B to 6 B.[0m
[1;92m[+] [0mLoaded a total of 5 extras.[0m
[1;94m[*] [0mAttempting dry run with 'id:000000,time:0,execs:0,orig:variables.txt'...[0m
[1;90m    len = 308, map size = 17, exec speed = 1104 us, hash = d7117ca9a15ca271
[0m[1;92m[+] [0mAll test cases processed.[0m
[1;92m[+] [0mHere are some useful stats:

[1;90m    Test case count : [0m1 favored, 0 variable, 0 ignored, 1 total
[1;90m       Bitmap range : [0m17 to 17 bits (average: 17.00 bits)
[1;90m        Exec timing : [0m1104 to 1104 us (average: 1104 us)
[0m
[1;94m[*] [0mNo -t option specified, so I'll use an exec timeout of 20 ms.[0m
[1;92m[+] [0mAll set and ready to roll![0m
[1;94m[*] [0mEntering queue cycle 1.[0m
[1;94m[*] [0mFuzzing test case #0 (1 total, 0 crashes saved, state: started :-), mode=explore, perf_score=0, weight=0, favorite=1, was_fuzzed=0, exec_us=1104, hits=0, map=17, ascii=0, run_time=0:00:00:00)...[0m
[1;92m[+] [0mEnabled environment variable AFL_BENCH_UNTIL_CRASH with value 1[0m
[1;92m[+] [0mEnabled environment variable AFL_IGNORE_SEED_PROBLEMS with value 1[0m
[1;92m[+] [0mEnabled environment variable AFL_I_DONT_CARE_ABOUT_MISSING_CRASHES with value 1[0m
[1;92m[+] [0mEnabled environment variable AFL_SKIP_CPUFREQ with value 1[0m
[1;92m[+] [0mEnabled environment variable AFL_TRY_AFFINITY with value 1[0m
[1;93m[!] [1;97mWARNING: [0mPotentially mistyped AFL environment variable: USE_PCM_DB=2, did you mean AFL_USE_PCM_DB=2?[0m
[0;36mafl-fuzz++4.09a[0m based on afl by Michal Zalewski and a large online community
[1;92m[+] [0mAFL++ is maintained by Marc "van Hauser" Heuse, Dominik Maier, Andrea Fioraldi and Heiko "hexcoder" Eißfeldt[0m
[1;92m[+] [0mAFL++ is open source, get it at https://github.com/AFLplusplus/AFLplusplus[0m
[1;92m[+] [0mNOTE: AFL++ >= v3 has changed defaults and behaviours - see README.md[0m
[1;92m[+] [0mNo -M/-S set, autoconfiguring for "-S default"[0m
[1;94m[*] [0mGetting to work...[0m
[1;92m[+] [0mUsing exponential power schedule (FAST)[0m
[1;92m[+] [0mEnabled testcache with 50 MB[0m
[1;92m[+] [0mGenerating fuzz data with a length of min=1 max=1048576[0m
[1;94m[*] [0mChecking core_pattern...[0m

[1;91m[-] [0mHmm, your system is configured to send core dump notifications to an
    external utility. This will cause issues: there will be an extended delay
    between stumbling upon a crash and having this information relayed to the
    fuzzer via the standard waitpid() API.
    If you're just testing, set 'AFL_I_DONT_CARE_ABOUT_MISSING_CRASHES=1'.

    To avoid having crashes misinterpreted as timeouts, please log in as root
    and temporarily modify /proc/sys/kernel/core_pattern, like so:

    echo core >/proc/sys/kernel/core_pattern
[1;92m[+] [0mLooks like we're not running on a tty, so I'll be a bit less verbose.[0m
[1;92m[+] [0mYou have 36 CPU cores and 2 runnable tasks (utilization: 6%).[0m
[1;92m[+] [0mTry parallel jobs - see /usr/local/share/doc/afl/fuzzing_in_depth.md#c-using-multiple-cores[0m
[1;94m[*] [0mSetting up output directories...[0m
[1;94m[*] [0mChecking CPU core loadout...[0m
[1;92m[+] [0mFound a free CPU core, try binding to #0.[0m
[1;94m[*] [0mScanning 'afl-indir'...[0m
[1;92m[+] [0mLoaded a total of 1 seeds.[0m
[1;94m[*] [0mCreating hard links for all input files...[0m
[1;94m[*] [0mValidating target binary...[0m
[1;94m[*] [0mSpinning up the fork server...[0m
[1;92m[+] [0mAll right - fork server is up.[0m
[1;94m[*] [0mTarget map size: 59[0m
[1;94m[*] [0mNo auto-generated dictionary tokens to reuse.[0m
[1;94m[*] [0mLoading extra dictionary from 'afl-inputs.dict' (level 0)...[0m
[1;94m[*] [0mLoaded 66 extra tokens, size range 4 B to 6 B.[0m
[1;92m[+] [0mLoaded a total of 5 extras.[0m
[1;94m[*] [0mAttempting dry run with 'id:000000,time:0,execs:0,orig:testcase.txt'...[0m
[1;90m    len = 3, map size = 16, exec speed = 8078 us, hash = 26782fe75b855ca7
[0m[1;92m[+] [0mAll test cases processed.[0m
[1;92m[+] [0mHere are some useful stats:

[1;90m    Test case count : [0m1 favored, 0 variable, 0 ignored, 1 total
[1;90m       Bitmap range : [0m16 to 16 bits (average: 16.00 bits)
[1;90m        Exec timing : [0m8078 to 8078 us (average: 8078 us)
[0m
[1;94m[*] [0mNo -t option specified, so I'll use an exec timeout of 60 ms.[0m
[1;92m[+] [0mAll set and ready to roll![0m
[1;94m[*] [0mEntering queue cycle 1.[0m
[1;94m[*] [0mFuzzing test case #0 (1 total, 0 crashes saved, state: started :-), mode=explore, perf_score=0, weight=0, favorite=1, was_fuzzed=0, exec_us=8078, hits=0, map=16, ascii=0, run_time=0:00:00:00)...[0m
[1;94m[*] [0mFuzzing test case #1 (2 total, 0 crashes saved, state: started :-), mode=explore, perf_score=0, weight=0, favorite=1, was_fuzzed=0, exec_us=3620, hits=2, map=17, ascii=0, run_time=0:00:00:00)...[0m
[1;94m[*] [0mFuzzing test case #1 (2 total, 0 crashes saved, state: started :-), mode=explore, perf_score=459, weight=19, favorite=1, was_fuzzed=1, exec_us=3620, hits=2, map=17, ascii=0, run_time=0:00:00:00)...[0m
[?25h[1;91m

+++ Testing aborted programmatically +++
[0m[1;94m[*] [0mStatistics: 27 new corpus items found, 52.54% coverage achieved, 1 crashes saved, 0 timeouts saved, total runtime 0 days, 0 hrs, 0 min, 5 sec[0m
[1;92m[+] [0mWe're done here. Have a nice day!
[0m
[1;94m[*] [0mFuzzing test case #7 (14 total, 0 crashes saved, state: started :-), mode=explore, perf_score=0, weight=0, favorite=1, was_fuzzed=0, exec_us=3558, hits=73, map=18, ascii=0, run_time=0:00:00:30)...[0m
[1;94m[*] [0mFuzzing test case #11 (14 total, 0 crashes saved, state: started :-), mode=explore, perf_score=100, weight=19, favorite=1, was_fuzzed=0, exec_us=3761, hits=1, map=19, ascii=0, run_time=0:00:00:30)...[0m
[1;94m[*] [0mFuzzing test case #14 (15 total, 0 crashes saved, state: started :-), mode=explore, perf_score=0, weight=0, favorite=1, was_fuzzed=0, exec_us=3496, hits=1, map=19, ascii=0, run_time=0:00:00:31)...[0m
[1;94m[*] [0mFuzzing test case #7 (15 total, 0 crashes saved, state: started :-), mode=explore, perf_score=114, weight=27, favorite=1, was_fuzzed=1, exec_us=3558, hits=87, map=18, ascii=0, run_time=0:00:00:31)...[0m
[1;94m[*] [0mFuzzing test case #14 (15 total, 0 crashes saved, state: started :-), mode=explore, perf_score=919, weight=10, favorite=1, was_fuzzed=1, exec_us=3496, hits=1, map=19, ascii=0, run_time=0:00:00:32)...[0m
[1;94m[*] [0mFuzzing test case #18 (26 total, 0 crashes saved, state: started :-), mode=explore, perf_score=0, weight=0, favorite=1, was_fuzzed=0, exec_us=3471, hits=1, map=19, ascii=0, run_time=0:00:01:06)...[0m
[1;94m[*] [0mFuzzing test case #22 (26 total, 0 crashes saved, state: started :-), mode=explore, perf_score=200, weight=23, favorite=1, was_fuzzed=0, exec_us=3625, hits=1, map=19, ascii=0, run_time=0:00:01:06)...[0m
[1;94m[*] [0mFuzzing test case #18 (27 total, 0 crashes saved, state: started :-), mode=explore, perf_score=919, weight=12, favorite=1, was_fuzzed=1, exec_us=3471, hits=1, map=19, ascii=0, run_time=0:00:01:09)...[0m
[1;94m[*] [0mFuzzing test case #11 (28 total, 0 crashes saved, state: started :-), mode=explore, perf_score=345, weight=6, favorite=1, was_fuzzed=1, exec_us=3761, hits=10, map=19, ascii=0, run_time=0:00:01:22)...[0m
[1;94m[*] [0mFuzzing test case #7 (28 total, 0 crashes saved, state: started :-), mode=explore, perf_score=114, weight=36, favorite=1, was_fuzzed=1, exec_us=3558, hits=331, map=18, ascii=0, run_time=0:00:01:26)...[0m
[1;94m[*] [0mFuzzing test case #7 (28 total, 0 crashes saved, state: started :-), mode=explore, perf_score=114, weight=36, favorite=1, was_fuzzed=1, exec_us=3558, hits=345, map=18, ascii=0, run_time=0:00:01:27)...[0m
[1;94m[*] [0mFuzzing test case #7 (28 total, 0 crashes saved, state: started :-), mode=explore, perf_score=114, weight=36, favorite=1, was_fuzzed=1, exec_us=3558, hits=358, map=18, ascii=0, run_time=0:00:01:28)...[0m
[1;94m[*] [0mFuzzing test case #11 (28 total, 0 crashes saved, state: started :-), mode=explore, perf_score=345, weight=6, favorite=1, was_fuzzed=1, exec_us=3761, hits=49, map=19, ascii=0, run_time=0:00:01:30)...[0m
[1;94m[*] [0mFuzzing test case #7 (29 total, 0 crashes saved, state: started :-), mode=explore, perf_score=114, weight=36, favorite=1, was_fuzzed=1, exec_us=3558, hits=433, map=18, ascii=0, run_time=0:00:01:34)...[0m
[1;94m[*] [0mFuzzing test case #7 (29 total, 0 crashes saved, state: started :-), mode=explore, perf_score=114, weight=36, favorite=1, was_fuzzed=1, exec_us=3558, hits=475, map=18, ascii=0, run_time=0:00:01:35)...[0m
[1;94m[*] [0mFuzzing test case #29 (30 total, 0 crashes saved, state: started :-), mode=explore, perf_score=0, weight=0, favorite=1, was_fuzzed=0, exec_us=4174, hits=8, map=21, ascii=0, run_time=0:00:01:36)...[0m
[1;94m[*] [0mFuzzing test case #7 (30 total, 0 crashes saved, state: started :-), mode=explore, perf_score=114, weight=32, favorite=1, was_fuzzed=1, exec_us=3558, hits=495, map=18, ascii=0, run_time=0:00:01:36)...[0m
[1;94m[*] [0mFuzzing test case #7 (30 total, 0 crashes saved, state: started :-), mode=explore, perf_score=114, weight=32, favorite=1, was_fuzzed=1, exec_us=3558, hits=512, map=18, ascii=0, run_time=0:00:01:37)...[0m
[1;94m[*] [0mFuzzing test case #7 (30 total, 0 crashes saved, state: started :-), mode=explore, perf_score=114, weight=32, favorite=1, was_fuzzed=1, exec_us=3558, hits=529, map=18, ascii=0, run_time=0:00:01:38)...[0m
[1;94m[*] [0mFuzzing test case #7 (31 total, 0 crashes saved, state: started :-), mode=explore, perf_score=114, weight=33, favorite=1, was_fuzzed=1, exec_us=3558, hits=542, map=18, ascii=0, run_time=0:00:01:40)...[0m
[1;94m[*] [0mFuzzing test case #29 (31 total, 0 crashes saved, state: started :-), mode=explore, perf_score=690, weight=11, favorite=1, was_fuzzed=1, exec_us=4174, hits=9, map=21, ascii=0, run_time=0:00:01:41)...[0m
[1;94m[*] [0mFuzzing test case #36 (42 total, 0 crashes saved, state: started :-), mode=explore, perf_score=0, weight=0, favorite=1, was_fuzzed=0, exec_us=3370, hits=1, map=22, ascii=0, run_time=0:00:02:27)...[0m
[1;94m[*] [0mFuzzing test case #31 (42 total, 0 crashes saved, state: started :-), mode=explore, perf_score=200, weight=13, favorite=1, was_fuzzed=0, exec_us=3923, hits=7, map=21, ascii=0, run_time=0:00:02:27)...[0m
[1;94m[*] [0mFuzzing test case #33 (42 total, 0 crashes saved, state: started :-), mode=explore, perf_score=200, weight=31, favorite=1, was_fuzzed=0, exec_us=3474, hits=8, map=20, ascii=0, run_time=0:00:02:30)...[0m
[1;94m[*] [0mFuzzing test case #38 (43 total, 0 crashes saved, state: started :-), mode=explore, perf_score=200, weight=20, favorite=1, was_fuzzed=0, exec_us=3529, hits=2, map=21, ascii=0, run_time=0:00:02:33)...[0m
[1;94m[*] [0mFuzzing test case #34 (46 total, 0 crashes saved, state: started :-), mode=explore, perf_score=200, weight=32, favorite=1, was_fuzzed=0, exec_us=3490, hits=2, map=21, ascii=0, run_time=0:00:02:37)...[0m
[1;94m[*] [0mFuzzing test case #36 (46 total, 0 crashes saved, state: started :-), mode=explore, perf_score=919, weight=15, favorite=1, was_fuzzed=1, exec_us=3370, hits=1, map=22, ascii=0, run_time=0:00:02:39)...[0m
[1;94m[*] [0mFuzzing test case #14 (47 total, 0 crashes saved, state: started :-), mode=explore, perf_score=229, weight=4, favorite=1, was_fuzzed=1, exec_us=3496, hits=519, map=19, ascii=0, run_time=0:00:02:52)...[0m
[1;94m[*] [0mFuzzing test case #7 (47 total, 0 crashes saved, state: started :-), mode=explore, perf_score=114, weight=37, favorite=1, was_fuzzed=1, exec_us=3558, hits=1029, map=18, ascii=0, run_time=0:00:02:55)...[0m
[1;94m[*] [0mFuzzing test case #34 (47 total, 0 crashes saved, state: started :-), mode=explore, perf_score=459, weight=9, favorite=1, was_fuzzed=1, exec_us=3490, hits=26, map=21, ascii=0, run_time=0:00:02:56)...[0m
[1;94m[*] [0mFuzzing test case #36 (47 total, 0 crashes saved, state: started :-), mode=explore, perf_score=229, weight=4, favorite=1, was_fuzzed=1, exec_us=3370, hits=379, map=22, ascii=0, run_time=0:00:03:01)...[0m
[1;94m[*] [0mFuzzing test case #7 (47 total, 0 crashes saved, state: started :-), mode=explore, perf_score=114, weight=37, favorite=1, was_fuzzed=1, exec_us=3558, hits=1106, map=18, ascii=0, run_time=0:00:03:03)...[0m
[1;94m[*] [0mFuzzing test case #38 (47 total, 0 crashes saved, state: started :-), mode=explore, perf_score=229, weight=9, favorite=1, was_fuzzed=1, exec_us=3529, hits=277, map=21, ascii=0, run_time=0:00:03:04)...[0m
[1;94m[*] [0mFuzzing test case #33 (47 total, 0 crashes saved, state: started :-), mode=explore, perf_score=229, weight=5, favorite=1, was_fuzzed=1, exec_us=3474, hits=110, map=20, ascii=0, run_time=0:00:03:06)...[0m
[1;94m[*] [0mFuzzing test case #18 (47 total, 0 crashes saved, state: started :-), mode=explore, perf_score=229, weight=4, favorite=1, was_fuzzed=1, exec_us=3471, hits=149, map=19, ascii=0, run_time=0:00:03:09)...[0m
[1;94m[*] [0mFuzzing test case #11 (48 total, 0 crashes saved, state: started :-), mode=explore, perf_score=114, weight=4, favorite=1, was_fuzzed=1, exec_us=3761, hits=96, map=19, ascii=0, run_time=0:00:03:11)...[0m
[1;94m[*] [0mFuzzing test case #38 (48 total, 0 crashes saved, state: started :-), mode=explore, perf_score=229, weight=9, favorite=1, was_fuzzed=1, exec_us=3529, hits=329, map=21, ascii=0, run_time=0:00:03:12)...[0m
[1;94m[*] [0mFuzzing test case #7 (48 total, 0 crashes saved, state: started :-), mode=explore, perf_score=114, weight=37, favorite=1, was_fuzzed=1, exec_us=3558, hits=1215, map=18, ascii=0, run_time=0:00:03:15)...[0m
[1;94m[*] [0mFuzzing test case #38 (48 total, 0 crashes saved, state: started :-), mode=explore, perf_score=229, weight=9, favorite=1, was_fuzzed=1, exec_us=3529, hits=350, map=21, ascii=0, run_time=0:00:03:16)...[0m
[1;94m[*] [0mFuzzing test case #34 (48 total, 0 crashes saved, state: started :-), mode=explore, perf_score=229, weight=8, favorite=1, was_fuzzed=1, exec_us=3490, hits=63, map=21, ascii=0, run_time=0:00:03:18)...[0m
[1;94m[*] [0mFuzzing test case #36 (49 total, 0 crashes saved, state: started :-), mode=explore, perf_score=229, weight=4, favorite=1, was_fuzzed=1, exec_us=3370, hits=388, map=22, ascii=0, run_time=0:00:03:21)...[0m
[1;94m[*] [0mFuzzing test case #38 (49 total, 0 crashes saved, state: started :-), mode=explore, perf_score=229, weight=9, favorite=1, was_fuzzed=1, exec_us=3529, hits=387, map=21, ascii=0, run_time=0:00:03:23)...[0m
[1;94m[*] [0mFuzzing test case #11 (49 total, 0 crashes saved, state: started :-), mode=explore, perf_score=114, weight=4, favorite=1, was_fuzzed=1, exec_us=3761, hits=116, map=19, ascii=0, run_time=0:00:03:26)...[0m
[1;94m[*] [0mFuzzing test case #7 (49 total, 0 crashes saved, state: started :-), mode=explore, perf_score=114, weight=38, favorite=1, was_fuzzed=1, exec_us=3558, hits=1320, map=18, ascii=0, run_time=0:00:03:27)...[0m
[1;94m[*] [0mFuzzing test case #34 (49 total, 0 crashes saved, state: started :-), mode=explore, perf_score=229, weight=8, favorite=1, was_fuzzed=1, exec_us=3490, hits=68, map=21, ascii=0, run_time=0:00:03:28)...[0m
[1;94m[*] [0mFuzzing test case #38 (49 total, 0 crashes saved, state: started :-), mode=explore, perf_score=229, weight=9, favorite=1, was_fuzzed=1, exec_us=3529, hits=397, map=21, ascii=0, run_time=0:00:03:30)...[0m
[1;94m[*] [0mFuzzing test case #14 (49 total, 0 crashes saved, state: started :-), mode=explore, perf_score=229, weight=4, favorite=1, was_fuzzed=1, exec_us=3496, hits=573, map=19, ascii=0, run_time=0:00:03:33)...[0m
[1;94m[*] [0mFuzzing test case #7 (50 total, 0 crashes saved, state: started :-), mode=explore, perf_score=114, weight=38, favorite=1, was_fuzzed=1, exec_us=3558, hits=1404, map=18, ascii=0, run_time=0:00:03:35)...[0m
[1;94m[*] [0mFuzzing test case #7 (50 total, 0 crashes saved, state: started :-), mode=explore, perf_score=114, weight=38, favorite=1, was_fuzzed=1, exec_us=3558, hits=1419, map=18, ascii=0, run_time=0:00:03:36)...[0m
[1;94m[*] [0mFuzzing test case #38 (50 total, 0 crashes saved, state: started :-), mode=explore, perf_score=229, weight=9, favorite=1, was_fuzzed=1, exec_us=3529, hits=475, map=21, ascii=0, run_time=0:00:03:37)...[0m
[1;94m[*] [0mFuzzing test case #38 (50 total, 0 crashes saved, state: started :-), mode=explore, perf_score=229, weight=9, favorite=1, was_fuzzed=1, exec_us=3529, hits=535, map=21, ascii=0, run_time=0:00:03:40)...[0m
[1;94m[*] [0mFuzzing test case #7 (50 total, 0 crashes saved, state: started :-), mode=explore, perf_score=114, weight=38, favorite=1, was_fuzzed=1, exec_us=3558, hits=1466, map=18, ascii=0, run_time=0:00:03:42)...[0m
[1;94m[*] [0mFuzzing test case #38 (50 total, 0 crashes saved, state: started :-), mode=explore, perf_score=229, weight=9, favorite=1, was_fuzzed=1, exec_us=3529, hits=606, map=21, ascii=0, run_time=0:00:03:44)...[0m
[1;94m[*] [0mFuzzing test case #34 (50 total, 0 crashes saved, state: started :-), mode=explore, perf_score=229, weight=8, favorite=1, was_fuzzed=1, exec_us=3490, hits=73, map=21, ascii=0, run_time=0:00:03:46)...[0m
[1;94m[*] [0mFuzzing test case #36 (50 total, 0 crashes saved, state: started :-), mode=explore, perf_score=229, weight=4, favorite=1, was_fuzzed=1, exec_us=3370, hits=409, map=22, ascii=0, run_time=0:00:03:48)...[0m
[1;94m[*] [0mEntering queue cycle 2.[0m
[1;94m[*] [0mFuzzing test case #7 (50 total, 0 crashes saved, state: started :-), mode=explore, perf_score=114, weight=38, favorite=1, was_fuzzed=1, exec_us=3558, hits=1530, map=18, ascii=0, run_time=0:00:03:51)...[0m
[1;94m[*] [0mFuzzing test case #31 (50 total, 0 crashes saved, state: started :-), mode=explore, perf_score=459, weight=6, favorite=1, was_fuzzed=1, exec_us=3923, hits=18, map=21, ascii=0, run_time=0:00:03:52)...[0m
[1;94m[*] [0mFuzzing test case #11 (50 total, 0 crashes saved, state: started :-), mode=explore, perf_score=114, weight=4, favorite=1, was_fuzzed=1, exec_us=3761, hits=127, map=19, ascii=0, run_time=0:00:03:57)...[0m
[1;94m[*] [0mFuzzing test case #7 (50 total, 0 crashes saved, state: started :-), mode=explore, perf_score=114, weight=38, favorite=1, was_fuzzed=1, exec_us=3558, hits=1588, map=18, ascii=0, run_time=0:00:03:58)...[0m
[1;94m[*] [0mFuzzing test case #7 (50 total, 0 crashes saved, state: started :-), mode=explore, perf_score=114, weight=38, favorite=1, was_fuzzed=1, exec_us=3558, hits=1621, map=18, ascii=0, run_time=0:00:03:59)...[0m
[1;94m[*] [0mFuzzing test case #36 (50 total, 0 crashes saved, state: started :-), mode=explore, perf_score=229, weight=4, favorite=1, was_fuzzed=1, exec_us=3370, hits=421, map=22, ascii=0, run_time=0:00:04:00)...[0m
[1;94m[*] [0mFuzzing test case #7 (50 total, 0 crashes saved, state: started :-), mode=explore, perf_score=114, weight=38, favorite=1, was_fuzzed=1, exec_us=3558, hits=1651, map=18, ascii=0, run_time=0:00:04:02)...[0m
[1;94m[*] [0mFuzzing test case #18 (50 total, 0 crashes saved, state: started :-), mode=explore, perf_score=229, weight=4, favorite=1, was_fuzzed=1, exec_us=3471, hits=164, map=19, ascii=0, run_time=0:00:04:04)...[0m
[1;94m[*] [0mFuzzing test case #7 (50 total, 0 crashes saved, state: started :-), mode=explore, perf_score=114, weight=38, favorite=1, was_fuzzed=1, exec_us=3558, hits=1686, map=18, ascii=0, run_time=0:00:04:06)...[0m
[1;94m[*] [0mFuzzing test case #48 (50 total, 0 crashes saved, state: started :-), mode=explore, perf_score=200, weight=2, favorite=0, was_fuzzed=0, exec_us=4126, hits=30, map=20, ascii=0, run_time=0:00:04:07)...[0m
[1;94m[*] [0mFuzzing test case #50 (51 total, 0 crashes saved, state: started :-), mode=explore, perf_score=0, weight=0, favorite=1, was_fuzzed=0, exec_us=3980, hits=1, map=22, ascii=0, run_time=0:00:04:10)...[0m
[1;94m[*] [0mFuzzing test case #7 (51 total, 0 crashes saved, state: started :-), mode=explore, perf_score=114, weight=37, favorite=1, was_fuzzed=1, exec_us=3558, hits=1709, map=18, ascii=0, run_time=0:00:04:10)...[0m
[1;94m[*] [0mFuzzing test case #51 (52 total, 0 crashes saved, state: started :-), mode=explore, perf_score=0, weight=0, favorite=1, was_fuzzed=0, exec_us=3442, hits=1, map=21, ascii=0, run_time=0:00:04:12)...[0m
[1;94m[*] [0mFuzzing test case #26 (52 total, 0 crashes saved, state: started :-), mode=explore, perf_score=200, weight=1, favorite=0, was_fuzzed=0, exec_us=3994, hits=86, map=19, ascii=0, run_time=0:00:04:12)...[0m
[1;94m[*] [0mFuzzing test case #51 (52 total, 0 crashes saved, state: started :-), mode=explore, perf_score=919, weight=15, favorite=1, was_fuzzed=1, exec_us=3442, hits=1, map=21, ascii=0, run_time=0:00:04:14)...[0m
[?25h[1;91m

+++ Testing aborted programmatically +++
[0m[1;94m[*] [0mStatistics: 52 new corpus items found, 52.54% coverage achieved, 1 crashes saved, 0 timeouts saved, total runtime 0 days, 0 hrs, 4 min, 14 sec[0m
[1;92m[+] [0mWe're done here. Have a nice day!
[0m
