JOB timestamp: Mon Dec 18 14:39:42 MST 2023
JOB ID: 121506
Array Task ID: 0
Current directory: /lfs/koff9454.ui/projects/plc_runtime_fuzzer/code_analysis/src
r2i1n4
gcc (Spack GCC) 12.1.0
Copyright (C) 2022 Free Software Foundation, Inc.
This is free software; see the source for copying conditions.  There is NO
warranty; not even for MERCHANTABILITY or FITNESS FOR A PARTICULAR PURPOSE.

Python 3.11.5
/lfs/koff9454.ui/miniconda3/envs/plc/bin/python
matiec version 0.1
changeset id: 
Number of programs: 3
Programs: depth_1 depth_2 depth_3
Fuzzing program: depth_1, Job ID: 0
input dir does not exist, creating
(source_file (program_definition program_name: (identifier) (variable_definition (variable_definition_body name: (identifier) address: (address) type: (basic_data_type) value: (boolean)) (variable_definition_body name: (identifier) address: (address) type: (basic_data_type))) (if_statement condition: (binary_expression (variable name: (identifier)) (boolean)) (assignment (variable name: (identifier)) (boolean)) (else_clause (assignment (variable name: (identifier)) (boolean))))) (configuration (identifier) (resource (identifier) (task (identifier) (time) (integer)) (program_instance (identifier) (identifier) (identifier)))))
variable_name:  button1
variable_type:  BOOL
variable_address:  %IX0.0

variable_name:  led
variable_type:  BOOL
variable_address:  %QX0.0

visit_assignment:  (assignment (variable name: (identifier)) (boolean))

variable name:  led
visit_assignment:  (assignment (variable name: (identifier)) (boolean))

variable name:  led

variables:  {'button1': ('BOOL', '%IX0.0'), 'led': ('BOOL', '%QX0.0')}
content:  %IX0.0,BOOL,9

plc_inputs:  [{'name': '%IX0.0', 'type': 'BOOL', 'value': 9}]
plc_input_code:  #include "iec_std_lib.h"
#include "iec_types_all.h" 
#include <string.h>
#include <stdlib.h>
#include "/lfs/koff9454.ui/projects/plc_runtime_fuzzer/runtime/inputs.h"

    
extern BOOL *__IX0_0;

void set_plc_input(const char *name, const char *type, PLC_Value value) {

    if (strcmp(name, "%IX0.0") == 0) {
        if (strcmp(type, "BOOL") == 0) {
            *__IX0_0 = (BOOL)value._BOOL;
        }
    }
}
harness executable does not exist, creating
~/projects/plc_runtime_fuzzer/runtime ~/projects/plc_runtime_fuzzer/code_analysis/src/programs/depth/depth_1
(source_file (program_definition program_name: (identifier) (variable_definition (variable_definition_body name: (identifier) address: (address) type: (basic_data_type) value: (boolean)) (variable_definition_body name: (identifier) address: (address) type: (basic_data_type))) (if_statement condition: (binary_expression (variable name: (identifier)) (boolean)) (assignment (variable name: (identifier)) (boolean)) (else_clause (assignment (variable name: (identifier)) (boolean))))) (configuration (identifier) (resource (identifier) (task (identifier) (time) (integer)) (program_instance (identifier) (identifier) (identifier)))))
variable_name:  button1
variable_type:  BOOL
variable_address:  %IX0.0

variable_name:  led
variable_type:  BOOL
variable_address:  %QX0.0

visit_assignment:  (assignment (variable name: (identifier)) (boolean))

variable name:  led
visit_assignment:  (assignment (variable name: (identifier)) (boolean))

variable name:  led

variables:  {'button1': ('BOOL', '%IX0.0'), 'led': ('BOOL', '%QX0.0')}
content:  %IX0.0,BOOL,9

plc_inputs:  [{'name': '%IX0.0', 'type': 'BOOL', 'value': 9}]
plc_input_code:  #include "iec_std_lib.h"
#include "iec_types_all.h" 
#include <string.h>
#include <stdlib.h>
#include "/lfs/koff9454.ui/projects/plc_runtime_fuzzer/runtime/inputs.h"

    
extern BOOL *__IX0_0;

void set_plc_input(const char *name, const char *type, PLC_Value value) {

    if (strcmp(name, "%IX0.0") == 0) {
        if (strcmp(type, "BOOL") == 0) {
            *__IX0_0 = (BOOL)value._BOOL;
        }
    }
}
Created temporary directory: /lfs/koff9454.ui/projects/plc_runtime_fuzzer/runtime/tmp.nQILqu
Generating IEC sources from ST file
POUS.c
POUS.h
LOCATED_VARIABLES.h
VARIABLES.csv
STD_CONF.c
STD_CONF.h
STD_RESSOURCE.c
Compiling the fuzzing harness
Compiling the set_input
Creating the executable
~/projects/plc_runtime_fuzzer/code_analysis/src/programs/depth/depth_1
Current directory: /lfs/koff9454.ui/projects/plc_runtime_fuzzer/code_analysis/src/programs/depth/depth_1
Files moved to /lfs/koff9454.ui/projects/plc_runtime_fuzzer/code_analysis/src/programs/depth/depth_1
Running the fuzzers
Workdir: "/lfs/koff9454.ui/projects/plc_runtime_fuzzer/code_analysis/src/programs/depth/depth_1/runs/run-0"
Out dir at "fuzzer-outdir" already exists.
Let's fuzz :)
[Stats #0] run time: 0h-0m-0s, clients: 1, corpus: 0, objectives: 0, executions: 0, exec/sec: 0.000
[Testcase #0] run time: 0h-0m-0s, clients: 1, corpus: 1, objectives: 0, executions: 1, exec/sec: 0.000
We imported 1 inputs from disk.
[Objective #0] run time: 0h-0m-0s, clients: 1, corpus: 1, objectives: 1, executions: 1, exec/sec: 0.000
[Objective #0] run time: 0h-0m-0s, clients: 1, corpus: 1, objectives: 2, executions: 1, exec/sec: 0.000
[Stats #0] run time: 0h-0m-0s, clients: 1, corpus: 1, objectives: 2, executions: 1, exec/sec: 0.000
[Testcase #0] run time: 0h-0m-0s, clients: 1, corpus: 2, objectives: 2, executions: 12, exec/sec: 0.000
[Objective #0] run time: 0h-0m-0s, clients: 1, corpus: 2, objectives: 3, executions: 12, exec/sec: 0.000
[Objective #0] run time: 0h-0m-0s, clients: 1, corpus: 2, objectives: 4, executions: 12, exec/sec: 0.000
[Objective #0] run time: 0h-0m-0s, clients: 1, corpus: 2, objectives: 5, executions: 12, exec/sec: 0.000
[Objective #0] run time: 0h-0m-0s, clients: 1, corpus: 2, objectives: 6, executions: 12, exec/sec: 0.000
[Objective #0] run time: 0h-0m-1s, clients: 1, corpus: 2, objectives: 7, executions: 12, exec/sec: 0.000
[Objective #0] run time: 0h-0m-1s, clients: 1, corpus: 2, objectives: 8, executions: 12, exec/sec: 10.52
[Objective #0] run time: 0h-0m-1s, clients: 1, corpus: 2, objectives: 9, executions: 12, exec/sec: 9.242
[Objective #0] run time: 0h-0m-1s, clients: 1, corpus: 2, objectives: 10, executions: 12, exec/sec: 8.237
[Objective #0] run time: 0h-0m-1s, clients: 1, corpus: 2, objectives: 11, executions: 12, exec/sec: 7.514
[Objective #0] run time: 0h-0m-1s, clients: 1, corpus: 2, objectives: 12, executions: 12, exec/sec: 6.885
[Objective #0] run time: 0h-0m-1s, clients: 1, corpus: 2, objectives: 13, executions: 12, exec/sec: 6.335
[Objective #0] run time: 0h-0m-2s, clients: 1, corpus: 2, objectives: 14, executions: 12, exec/sec: 5.940
[Objective #0] run time: 0h-0m-2s, clients: 1, corpus: 2, objectives: 15, executions: 12, exec/sec: 5.571
[Objective #0] run time: 0h-0m-2s, clients: 1, corpus: 2, objectives: 16, executions: 12, exec/sec: 5.294
[Objective #0] run time: 0h-0m-2s, clients: 1, corpus: 2, objectives: 17, executions: 12, exec/sec: 4.971
[Objective #0] run time: 0h-0m-2s, clients: 1, corpus: 2, objectives: 18, executions: 12, exec/sec: 4.651
[Objective #0] run time: 0h-0m-2s, clients: 1, corpus: 2, objectives: 19, executions: 12, exec/sec: 4.417
[Objective #0] run time: 0h-0m-2s, clients: 1, corpus: 2, objectives: 20, executions: 12, exec/sec: 4.176
[Objective #0] run time: 0h-0m-3s, clients: 1, corpus: 2, objectives: 21, executions: 12, exec/sec: 3.966
[Objective #0] run time: 0h-0m-3s, clients: 1, corpus: 2, objectives: 22, executions: 12, exec/sec: 3.776
[Objective #0] run time: 0h-0m-3s, clients: 1, corpus: 2, objectives: 23, executions: 12, exec/sec: 3.637
[Objective #0] run time: 0h-0m-3s, clients: 1, corpus: 2, objectives: 24, executions: 12, exec/sec: 3.497
[Objective #0] run time: 0h-0m-3s, clients: 1, corpus: 2, objectives: 25, executions: 12, exec/sec: 3.378
[Objective #0] run time: 0h-0m-3s, clients: 1, corpus: 2, objectives: 26, executions: 12, exec/sec: 3.229
[Objective #0] run time: 0h-0m-3s, clients: 1, corpus: 2, objectives: 27, executions: 12, exec/sec: 3.121
[Objective #0] run time: 0h-0m-3s, clients: 1, corpus: 2, objectives: 28, executions: 12, exec/sec: 3.028
[Objective #0] run time: 0h-0m-4s, clients: 1, corpus: 2, objectives: 29, executions: 12, exec/sec: 2.926
[Objective #0] run time: 0h-0m-4s, clients: 1, corpus: 2, objectives: 30, executions: 12, exec/sec: 2.829
[Objective #0] run time: 0h-0m-4s, clients: 1, corpus: 2, objectives: 31, executions: 12, exec/sec: 2.731
[Objective #0] run time: 0h-0m-4s, clients: 1, corpus: 2, objectives: 32, executions: 12, exec/sec: 2.654
[Objective #0] run time: 0h-0m-4s, clients: 1, corpus: 2, objectives: 33, executions: 12, exec/sec: 2.582
[Objective #0] run time: 0h-0m-4s, clients: 1, corpus: 2, objectives: 34, executions: 12, exec/sec: 2.510
[Objective #0] run time: 0h-0m-4s, clients: 1, corpus: 2, objectives: 35, executions: 12, exec/sec: 2.445
[Objective #0] run time: 0h-0m-5s, clients: 1, corpus: 2, objectives: 36, executions: 12, exec/sec: 2.383
[Objective #0] run time: 0h-0m-5s, clients: 1, corpus: 2, objectives: 37, executions: 12, exec/sec: 2.330
[Objective #0] run time: 0h-0m-5s, clients: 1, corpus: 2, objectives: 38, executions: 12, exec/sec: 2.277
[Objective #0] run time: 0h-0m-5s, clients: 1, corpus: 2, objectives: 39, executions: 12, exec/sec: 2.229
[Objective #0] run time: 0h-0m-5s, clients: 1, corpus: 2, objectives: 40, executions: 12, exec/sec: 2.178
[Objective #0] run time: 0h-0m-5s, clients: 1, corpus: 2, objectives: 41, executions: 12, exec/sec: 2.133
[Objective #0] run time: 0h-0m-5s, clients: 1, corpus: 2, objectives: 42, executions: 12, exec/sec: 2.094
[Objective #0] run time: 0h-0m-5s, clients: 1, corpus: 2, objectives: 43, executions: 12, exec/sec: 2.048
[Objective #0] run time: 0h-0m-5s, clients: 1, corpus: 2, objectives: 44, executions: 12, exec/sec: 2.006
[Objective #0] run time: 0h-0m-6s, clients: 1, corpus: 2, objectives: 45, executions: 12, exec/sec: 1.960
[Objective #0] run time: 0h-0m-6s, clients: 1, corpus: 2, objectives: 46, executions: 12, exec/sec: 1.920
[Objective #0] run time: 0h-0m-6s, clients: 1, corpus: 2, objectives: 47, executions: 12, exec/sec: 1.880
[Objective #0] run time: 0h-0m-6s, clients: 1, corpus: 2, objectives: 48, executions: 12, exec/sec: 1.842
[Objective #0] run time: 0h-0m-6s, clients: 1, corpus: 2, objectives: 49, executions: 12, exec/sec: 1.808
[Objective #0] run time: 0h-0m-6s, clients: 1, corpus: 2, objectives: 50, executions: 12, exec/sec: 1.777
[Objective #0] run time: 0h-0m-6s, clients: 1, corpus: 2, objectives: 51, executions: 12, exec/sec: 1.747
[Objective #0] run time: 0h-0m-6s, clients: 1, corpus: 2, objectives: 52, executions: 12, exec/sec: 1.718
Crash limit reached: 1
