JOB timestamp: Mon Dec 18 15:28:05 MST 2023
JOB ID: 121630
Array Task ID: 19
Current directory: /lfs/koff9454.ui/projects/plc_runtime_fuzzer/code_analysis/src
r3i4n10
gcc (Spack GCC) 12.1.0
Copyright (C) 2022 Free Software Foundation, Inc.
This is free software; see the source for copying conditions.  There is NO
warranty; not even for MERCHANTABILITY or FITNESS FOR A PARTICULAR PURPOSE.

Python 3.11.5
/lfs/koff9454.ui/miniconda3/envs/plc/bin/python
matiec version 0.1
changeset id: 
Number of programs: 3
Programs: condition_1 condition_2 condition_3
Fuzzing program: condition_2, Job ID: 19
input dir exist, skipping
harness file exist, skipping
Running the fuzzers
Workdir: "/lfs/koff9454.ui/projects/plc_runtime_fuzzer/code_analysis/src/programs/condition/condition_2/runs/run-19"
Out dir at "fuzzer-outdir" already exists.
Let's fuzz :)
[Stats #0] run time: 0h-0m-0s, clients: 1, corpus: 0, objectives: 0, executions: 0, exec/sec: 0.000
[Testcase #0] run time: 0h-0m-0s, clients: 1, corpus: 1, objectives: 0, executions: 1, exec/sec: 0.000
We imported 1 inputs from disk.
[Objective #0] run time: 0h-0m-0s, clients: 1, corpus: 1, objectives: 1, executions: 1, exec/sec: 0.000
[Objective #0] run time: 0h-0m-0s, clients: 1, corpus: 1, objectives: 2, executions: 1, exec/sec: 0.000
[Objective #0] run time: 0h-0m-0s, clients: 1, corpus: 1, objectives: 3, executions: 1, exec/sec: 0.000
[Objective #0] run time: 0h-0m-0s, clients: 1, corpus: 1, objectives: 4, executions: 1, exec/sec: 0.000
[Objective #0] run time: 0h-0m-0s, clients: 1, corpus: 1, objectives: 5, executions: 1, exec/sec: 0.000
[Objective #0] run time: 0h-0m-0s, clients: 1, corpus: 1, objectives: 6, executions: 1, exec/sec: 0.000
[Stats #0] run time: 0h-0m-0s, clients: 1, corpus: 1, objectives: 6, executions: 1, exec/sec: 0.000
[Testcase #0] run time: 0h-0m-0s, clients: 1, corpus: 2, objectives: 6, executions: 16, exec/sec: 0.000
[Objective #0] run time: 0h-0m-0s, clients: 1, corpus: 2, objectives: 7, executions: 16, exec/sec: 0.000
[Objective #0] run time: 0h-0m-0s, clients: 1, corpus: 2, objectives: 8, executions: 16, exec/sec: 0.000
[Objective #0] run time: 0h-0m-0s, clients: 1, corpus: 2, objectives: 9, executions: 16, exec/sec: 0.000
[Objective #0] run time: 0h-0m-0s, clients: 1, corpus: 2, objectives: 10, executions: 16, exec/sec: 0.000
[Objective #0] run time: 0h-0m-0s, clients: 1, corpus: 2, objectives: 11, executions: 16, exec/sec: 0.000
[Objective #0] run time: 0h-0m-0s, clients: 1, corpus: 2, objectives: 12, executions: 16, exec/sec: 0.000
[Objective #0] run time: 0h-0m-0s, clients: 1, corpus: 2, objectives: 13, executions: 16, exec/sec: 0.000
[Objective #0] run time: 0h-0m-0s, clients: 1, corpus: 2, objectives: 14, executions: 16, exec/sec: 0.000
[Objective #0] run time: 0h-0m-0s, clients: 1, corpus: 2, objectives: 15, executions: 16, exec/sec: 0.000
[Objective #0] run time: 0h-0m-0s, clients: 1, corpus: 2, objectives: 16, executions: 16, exec/sec: 0.000
[Objective #0] run time: 0h-0m-0s, clients: 1, corpus: 2, objectives: 17, executions: 16, exec/sec: 0.000
[Objective #0] run time: 0h-0m-0s, clients: 1, corpus: 2, objectives: 18, executions: 16, exec/sec: 0.000
[Objective #0] run time: 0h-0m-0s, clients: 1, corpus: 2, objectives: 19, executions: 16, exec/sec: 0.000
[Objective #0] run time: 0h-0m-0s, clients: 1, corpus: 2, objectives: 20, executions: 16, exec/sec: 0.000
[Objective #0] run time: 0h-0m-0s, clients: 1, corpus: 2, objectives: 21, executions: 16, exec/sec: 0.000
[Objective #0] run time: 0h-0m-0s, clients: 1, corpus: 2, objectives: 22, executions: 16, exec/sec: 0.000
[Objective #0] run time: 0h-0m-0s, clients: 1, corpus: 2, objectives: 23, executions: 16, exec/sec: 0.000
[Objective #0] run time: 0h-0m-0s, clients: 1, corpus: 2, objectives: 24, executions: 16, exec/sec: 0.000
[Objective #0] run time: 0h-0m-0s, clients: 1, corpus: 2, objectives: 25, executions: 16, exec/sec: 0.000
[Objective #0] run time: 0h-0m-0s, clients: 1, corpus: 2, objectives: 26, executions: 16, exec/sec: 0.000
[Objective #0] run time: 0h-0m-0s, clients: 1, corpus: 2, objectives: 27, executions: 16, exec/sec: 0.000
[Objective #0] run time: 0h-0m-0s, clients: 1, corpus: 2, objectives: 28, executions: 16, exec/sec: 0.000
[Objective #0] run time: 0h-0m-0s, clients: 1, corpus: 2, objectives: 29, executions: 16, exec/sec: 0.000
[Objective #0] run time: 0h-0m-0s, clients: 1, corpus: 2, objectives: 30, executions: 16, exec/sec: 0.000
[Objective #0] run time: 0h-0m-0s, clients: 1, corpus: 2, objectives: 31, executions: 16, exec/sec: 0.000
[Objective #0] run time: 0h-0m-0s, clients: 1, corpus: 2, objectives: 32, executions: 16, exec/sec: 0.000
[Objective #0] run time: 0h-0m-0s, clients: 1, corpus: 2, objectives: 33, executions: 16, exec/sec: 0.000
[Objective #0] run time: 0h-0m-0s, clients: 1, corpus: 2, objectives: 34, executions: 16, exec/sec: 0.000
[Objective #0] run time: 0h-0m-0s, clients: 1, corpus: 2, objectives: 35, executions: 16, exec/sec: 0.000
[Objective #0] run time: 0h-0m-0s, clients: 1, corpus: 2, objectives: 36, executions: 16, exec/sec: 0.000
[Objective #0] run time: 0h-0m-0s, clients: 1, corpus: 2, objectives: 37, executions: 16, exec/sec: 0.000
[Objective #0] run time: 0h-0m-0s, clients: 1, corpus: 2, objectives: 38, executions: 16, exec/sec: 0.000
[Objective #0] run time: 0h-0m-0s, clients: 1, corpus: 2, objectives: 39, executions: 16, exec/sec: 0.000
[Objective #0] run time: 0h-0m-0s, clients: 1, corpus: 2, objectives: 40, executions: 16, exec/sec: 0.000
[Objective #0] run time: 0h-0m-0s, clients: 1, corpus: 2, objectives: 41, executions: 16, exec/sec: 0.000
[Objective #0] run time: 0h-0m-0s, clients: 1, corpus: 2, objectives: 42, executions: 16, exec/sec: 0.000
[Objective #0] run time: 0h-0m-0s, clients: 1, corpus: 2, objectives: 43, executions: 16, exec/sec: 0.000
[Objective #0] run time: 0h-0m-0s, clients: 1, corpus: 2, objectives: 44, executions: 16, exec/sec: 0.000
[Objective #0] run time: 0h-0m-0s, clients: 1, corpus: 2, objectives: 45, executions: 16, exec/sec: 0.000
[Objective #0] run time: 0h-0m-0s, clients: 1, corpus: 2, objectives: 46, executions: 16, exec/sec: 0.000
[Objective #0] run time: 0h-0m-0s, clients: 1, corpus: 2, objectives: 47, executions: 16, exec/sec: 0.000
[Objective #0] run time: 0h-0m-0s, clients: 1, corpus: 2, objectives: 48, executions: 16, exec/sec: 0.000
[Objective #0] run time: 0h-0m-0s, clients: 1, corpus: 2, objectives: 49, executions: 16, exec/sec: 0.000
[Objective #0] run time: 0h-0m-0s, clients: 1, corpus: 2, objectives: 50, executions: 16, exec/sec: 0.000
[Objective #0] run time: 0h-0m-0s, clients: 1, corpus: 2, objectives: 51, executions: 16, exec/sec: 0.000
[Objective #0] run time: 0h-0m-0s, clients: 1, corpus: 2, objectives: 52, executions: 16, exec/sec: 0.000
[Objective #0] run time: 0h-0m-0s, clients: 1, corpus: 2, objectives: 53, executions: 16, exec/sec: 0.000
[Objective #0] run time: 0h-0m-0s, clients: 1, corpus: 2, objectives: 54, executions: 16, exec/sec: 0.000
[Objective #0] run time: 0h-0m-0s, clients: 1, corpus: 2, objectives: 55, executions: 16, exec/sec: 0.000
[Objective #0] run time: 0h-0m-0s, clients: 1, corpus: 2, objectives: 56, executions: 16, exec/sec: 0.000
[Objective #0] run time: 0h-0m-0s, clients: 1, corpus: 2, objectives: 57, executions: 16, exec/sec: 0.000
[Objective #0] run time: 0h-0m-0s, clients: 1, corpus: 2, objectives: 58, executions: 16, exec/sec: 0.000
[Objective #0] run time: 0h-0m-0s, clients: 1, corpus: 2, objectives: 59, executions: 16, exec/sec: 0.000
[Objective #0] run time: 0h-0m-1s, clients: 1, corpus: 2, objectives: 60, executions: 16, exec/sec: 0.000
[Objective #0] run time: 0h-0m-1s, clients: 1, corpus: 2, objectives: 61, executions: 16, exec/sec: 15.89
[Objective #0] run time: 0h-0m-1s, clients: 1, corpus: 2, objectives: 62, executions: 16, exec/sec: 15.75
[Objective #0] run time: 0h-0m-1s, clients: 1, corpus: 2, objectives: 63, executions: 16, exec/sec: 15.45
[Objective #0] run time: 0h-0m-1s, clients: 1, corpus: 2, objectives: 64, executions: 16, exec/sec: 15.24
[Objective #0] run time: 0h-0m-1s, clients: 1, corpus: 2, objectives: 65, executions: 16, exec/sec: 14.98
[Objective #0] run time: 0h-0m-1s, clients: 1, corpus: 2, objectives: 66, executions: 16, exec/sec: 14.79
[Objective #0] run time: 0h-0m-1s, clients: 1, corpus: 2, objectives: 67, executions: 16, exec/sec: 14.51
[Objective #0] run time: 0h-0m-1s, clients: 1, corpus: 2, objectives: 68, executions: 16, exec/sec: 14.23
[Objective #0] run time: 0h-0m-1s, clients: 1, corpus: 2, objectives: 69, executions: 16, exec/sec: 13.92
[Objective #0] run time: 0h-0m-1s, clients: 1, corpus: 2, objectives: 70, executions: 16, exec/sec: 13.78
[Objective #0] run time: 0h-0m-1s, clients: 1, corpus: 2, objectives: 71, executions: 16, exec/sec: 13.58
[Objective #0] run time: 0h-0m-1s, clients: 1, corpus: 2, objectives: 72, executions: 16, exec/sec: 13.44
[Objective #0] run time: 0h-0m-1s, clients: 1, corpus: 2, objectives: 73, executions: 16, exec/sec: 13.27
[Objective #0] run time: 0h-0m-1s, clients: 1, corpus: 2, objectives: 74, executions: 16, exec/sec: 12.94
[Objective #0] run time: 0h-0m-1s, clients: 1, corpus: 2, objectives: 75, executions: 16, exec/sec: 12.73
[Objective #0] run time: 0h-0m-1s, clients: 1, corpus: 2, objectives: 76, executions: 16, exec/sec: 12.62
[Objective #0] run time: 0h-0m-1s, clients: 1, corpus: 2, objectives: 77, executions: 16, exec/sec: 12.52
[Objective #0] run time: 0h-0m-1s, clients: 1, corpus: 2, objectives: 78, executions: 16, exec/sec: 12.33
[Objective #0] run time: 0h-0m-1s, clients: 1, corpus: 2, objectives: 79, executions: 16, exec/sec: 12.17
Crash limit reached: 1
[1;92m[+] [0mEnabled environment variable AFL_BENCH_UNTIL_CRASH with value 1[0m
[1;92m[+] [0mEnabled environment variable AFL_IGNORE_SEED_PROBLEMS with value 1[0m
[1;92m[+] [0mEnabled environment variable AFL_I_DONT_CARE_ABOUT_MISSING_CRASHES with value 1[0m
[1;92m[+] [0mEnabled environment variable AFL_SKIP_CPUFREQ with value 1[0m
[1;92m[+] [0mEnabled environment variable AFL_TRY_AFFINITY with value 1[0m
[1;93m[!] [1;97mWARNING: [0mPotentially mistyped AFL environment variable: USE_PCM_DB=2, did you mean AFL_USE_PCM_DB=2?[0m
[0;36mafl-fuzz++4.09a[0m based on afl by Michal Zalewski and a large online community
[1;92m[+] [0mAFL++ is maintained by Marc "van Hauser" Heuse, Dominik Maier, Andrea Fioraldi and Heiko "hexcoder" Eißfeldt[0m
[1;92m[+] [0mAFL++ is open source, get it at https://github.com/AFLplusplus/AFLplusplus[0m
[1;92m[+] [0mNOTE: AFL++ >= v3 has changed defaults and behaviours - see README.md[0m
[1;92m[+] [0mNo -M/-S set, autoconfiguring for "-S default"[0m
[1;94m[*] [0mGetting to work...[0m
[1;92m[+] [0mUsing exponential power schedule (FAST)[0m
[1;92m[+] [0mEnabled testcache with 50 MB[0m
[1;92m[+] [0mGenerating fuzz data with a length of min=1 max=1048576[0m
[1;94m[*] [0mChecking core_pattern...[0m

[1;91m[-] [0mHmm, your system is configured to send core dump notifications to an
    external utility. This will cause issues: there will be an extended delay
    between stumbling upon a crash and having this information relayed to the
    fuzzer via the standard waitpid() API.
    If you're just testing, set 'AFL_I_DONT_CARE_ABOUT_MISSING_CRASHES=1'.

    To avoid having crashes misinterpreted as timeouts, please log in as root
    and temporarily modify /proc/sys/kernel/core_pattern, like so:

    echo core >/proc/sys/kernel/core_pattern
[1;92m[+] [0mLooks like we're not running on a tty, so I'll be a bit less verbose.[0m
[1;92m[+] [0mYou have 36 CPU cores and 3 runnable tasks (utilization: 8%).[0m
[1;92m[+] [0mTry parallel jobs - see /usr/local/share/doc/afl/fuzzing_in_depth.md#c-using-multiple-cores[0m
[1;94m[*] [0mSetting up output directories...[0m
[1;94m[*] [0mChecking CPU core loadout...[0m
[1;92m[+] [0mFound a free CPU core, try binding to #1.[0m
[1;94m[*] [0mScanning 'afl-indir'...[0m
[1;92m[+] [0mLoaded a total of 1 seeds.[0m
[1;94m[*] [0mCreating hard links for all input files...[0m
[1;94m[*] [0mValidating target binary...[0m
[1;94m[*] [0mSpinning up the fork server...[0m
[1;92m[+] [0mAll right - fork server is up.[0m
[1;94m[*] [0mTarget map size: 74[0m
[1;94m[*] [0mNo auto-generated dictionary tokens to reuse.[0m
[1;94m[*] [0mLoading extra dictionary from 'afl-inputs.dict' (level 0)...[0m
[1;94m[*] [0mLoaded 80 extra tokens, size range 4 B to 6 B.[0m
[1;92m[+] [0mLoaded a total of 6 extras.[0m
[1;94m[*] [0mAttempting dry run with 'id:000000,time:0,execs:0,orig:testcase.txt'...[0m
[1;90m    len = 3, map size = 19, exec speed = 8133 us, hash = ca589d48df9abc58
[0m[1;92m[+] [0mAll test cases processed.[0m
[1;92m[+] [0mHere are some useful stats:

[1;90m    Test case count : [0m1 favored, 0 variable, 0 ignored, 1 total
[1;90m       Bitmap range : [0m19 to 19 bits (average: 19.00 bits)
[1;90m        Exec timing : [0m8133 to 8133 us (average: 8133 us)
[0m
[1;94m[*] [0mNo -t option specified, so I'll use an exec timeout of 60 ms.[0m
[1;92m[+] [0mAll set and ready to roll![0m
[1;94m[*] [0mEntering queue cycle 1.[0m
[1;94m[*] [0mFuzzing test case #0 (1 total, 0 crashes saved, state: started :-), mode=explore, perf_score=0, weight=0, favorite=1, was_fuzzed=0, exec_us=8133, hits=0, map=19, ascii=0, run_time=0:00:00:00)...[0m
[1;92m[+] [0mEnabled environment variable AFL_BENCH_UNTIL_CRASH with value 1[0m
[1;92m[+] [0mEnabled environment variable AFL_IGNORE_SEED_PROBLEMS with value 1[0m
[1;92m[+] [0mEnabled environment variable AFL_I_DONT_CARE_ABOUT_MISSING_CRASHES with value 1[0m
[1;92m[+] [0mEnabled environment variable AFL_SKIP_CPUFREQ with value 1[0m
[1;92m[+] [0mEnabled environment variable AFL_TRY_AFFINITY with value 1[0m
[1;93m[!] [1;97mWARNING: [0mPotentially mistyped AFL environment variable: USE_PCM_DB=2, did you mean AFL_USE_PCM_DB=2?[0m
[0;36mafl-fuzz++4.09a[0m based on afl by Michal Zalewski and a large online community
[1;92m[+] [0mAFL++ is maintained by Marc "van Hauser" Heuse, Dominik Maier, Andrea Fioraldi and Heiko "hexcoder" Eißfeldt[0m
[1;92m[+] [0mAFL++ is open source, get it at https://github.com/AFLplusplus/AFLplusplus[0m
[1;92m[+] [0mNOTE: AFL++ >= v3 has changed defaults and behaviours - see README.md[0m
[1;92m[+] [0mNo -M/-S set, autoconfiguring for "-S default"[0m
[1;94m[*] [0mGetting to work...[0m
[1;92m[+] [0mUsing exponential power schedule (FAST)[0m
[1;92m[+] [0mEnabled testcache with 50 MB[0m
[1;92m[+] [0mGenerating fuzz data with a length of min=1 max=1048576[0m
[1;94m[*] [0mChecking core_pattern...[0m

[1;91m[-] [0mHmm, your system is configured to send core dump notifications to an
    external utility. This will cause issues: there will be an extended delay
    between stumbling upon a crash and having this information relayed to the
    fuzzer via the standard waitpid() API.
    If you're just testing, set 'AFL_I_DONT_CARE_ABOUT_MISSING_CRASHES=1'.

    To avoid having crashes misinterpreted as timeouts, please log in as root
    and temporarily modify /proc/sys/kernel/core_pattern, like so:

    echo core >/proc/sys/kernel/core_pattern
[1;92m[+] [0mLooks like we're not running on a tty, so I'll be a bit less verbose.[0m
[1;92m[+] [0mYou have 36 CPU cores and 5 runnable tasks (utilization: 14%).[0m
[1;92m[+] [0mTry parallel jobs - see /usr/local/share/doc/afl/fuzzing_in_depth.md#c-using-multiple-cores[0m
[1;94m[*] [0mSetting up output directories...[0m
[1;94m[*] [0mChecking CPU core loadout...[0m
[1;92m[+] [0mFound a free CPU core, try binding to #5.[0m
[1;94m[*] [0mScanning 'our-indir'...[0m
[1;92m[+] [0mLoaded a total of 1 seeds.[0m
[1;94m[*] [0mCreating hard links for all input files...[0m
[1;94m[*] [0mValidating target binary...[0m
[1;94m[*] [0mSpinning up the fork server...[0m
[1;92m[+] [0mAll right - fork server is up.[0m
[1;94m[*] [0mTarget map size: 74[0m
[1;94m[*] [0mNo auto-generated dictionary tokens to reuse.[0m
[1;94m[*] [0mLoading extra dictionary from 'our-inputs.dict' (level 0)...[0m
[1;94m[*] [0mLoaded 80 extra tokens, size range 4 B to 6 B.[0m
[1;92m[+] [0mLoaded a total of 6 extras.[0m
[1;94m[*] [0mAttempting dry run with 'id:000000,time:0,execs:0,orig:variables.txt'...[0m
[1;90m    len = 560, map size = 20, exec speed = 5912 us, hash = fe825d59491019c6
[0m[1;92m[+] [0mAll test cases processed.[0m
[1;92m[+] [0mHere are some useful stats:

[1;90m    Test case count : [0m1 favored, 0 variable, 0 ignored, 1 total
[1;90m       Bitmap range : [0m20 to 20 bits (average: 20.00 bits)
[1;90m        Exec timing : [0m5912 to 5912 us (average: 5912 us)
[0m
[1;94m[*] [0mNo -t option specified, so I'll use an exec timeout of 40 ms.[0m
[1;92m[+] [0mAll set and ready to roll![0m
[1;94m[*] [0mEntering queue cycle 1.[0m
[1;94m[*] [0mFuzzing test case #0 (1 total, 0 crashes saved, state: started :-), mode=explore, perf_score=0, weight=0, favorite=1, was_fuzzed=0, exec_us=5912, hits=0, map=20, ascii=0, run_time=0:00:00:00)...[0m
[1;94m[*] [0mFuzzing test case #0 (1 total, 0 crashes saved, state: started :-), mode=explore, perf_score=459, weight=10, favorite=1, was_fuzzed=1, exec_us=8133, hits=0, map=19, ascii=0, run_time=0:00:00:00)...[0m
[1;94m[*] [0mFuzzing test case #1 (12 total, 0 crashes saved, state: started :-), mode=explore, perf_score=0, weight=0, favorite=1, was_fuzzed=0, exec_us=2618, hits=851, map=20, ascii=0, run_time=0:00:01:20)...[0m
[1;94m[*] [0mFuzzing test case #9 (12 total, 0 crashes saved, state: started :-), mode=explore, perf_score=100, weight=6, favorite=1, was_fuzzed=0, exec_us=5195, hits=41, map=19, ascii=0, run_time=0:00:01:20)...[0m
[1;94m[*] [0mFuzzing test case #7 (13 total, 0 crashes saved, state: started :-), mode=explore, perf_score=100, weight=5, favorite=1, was_fuzzed=0, exec_us=5714, hits=136, map=19, ascii=0, run_time=0:00:01:20)...[0m
[1;94m[*] [0mFuzzing test case #1 (13 total, 0 crashes saved, state: started :-), mode=explore, perf_score=172, weight=33, favorite=1, was_fuzzed=1, exec_us=2618, hits=881, map=20, ascii=0, run_time=0:00:01:47)...[0m
[1;94m[*] [0mFuzzing test case #1 (14 total, 0 crashes saved, state: started :-), mode=explore, perf_score=114, weight=34, favorite=1, was_fuzzed=1, exec_us=2618, hits=972, map=20, ascii=0, run_time=0:00:01:48)...[0m
[1;94m[*] [0mFuzzing test case #1 (14 total, 0 crashes saved, state: started :-), mode=explore, perf_score=114, weight=34, favorite=1, was_fuzzed=1, exec_us=2618, hits=1041, map=20, ascii=0, run_time=0:00:01:48)...[0m
[1;94m[*] [0mFuzzing test case #1 (14 total, 0 crashes saved, state: started :-), mode=explore, perf_score=114, weight=34, favorite=1, was_fuzzed=1, exec_us=2618, hits=1097, map=20, ascii=0, run_time=0:00:01:49)...[0m
[1;94m[*] [0mFuzzing test case #14 (15 total, 0 crashes saved, state: started :-), mode=explore, perf_score=0, weight=0, favorite=1, was_fuzzed=0, exec_us=1645, hits=2, map=22, ascii=0, run_time=0:00:01:50)...[0m
[1;94m[*] [0mFuzzing test case #1 (15 total, 0 crashes saved, state: started :-), mode=explore, perf_score=114, weight=32, favorite=1, was_fuzzed=1, exec_us=2618, hits=1130, map=20, ascii=0, run_time=0:00:01:50)...[0m
[1;94m[*] [0mFuzzing test case #14 (15 total, 0 crashes saved, state: started :-), mode=explore, perf_score=517, weight=13, favorite=1, was_fuzzed=1, exec_us=1645, hits=9, map=22, ascii=0, run_time=0:00:01:50)...[0m
[1;94m[*] [0mFuzzing test case #17 (27 total, 0 crashes saved, state: started :-), mode=explore, perf_score=0, weight=0, favorite=1, was_fuzzed=0, exec_us=1658, hits=12, map=21, ascii=0, run_time=0:00:03:11)...[0m
[1;94m[*] [0mFuzzing test case #23 (27 total, 0 crashes saved, state: started :-), mode=explore, perf_score=300, weight=41, favorite=1, was_fuzzed=0, exec_us=1176, hits=2, map=21, ascii=0, run_time=0:00:03:11)...[0m
[?25h[1;91m

+++ Testing aborted programmatically +++
[0m[1;94m[*] [0mStatistics: 22 new corpus items found, 43.24% coverage achieved, 1 crashes saved, 0 timeouts saved, total runtime 0 days, 0 hrs, 3 min, 12 sec[0m
[1;92m[+] [0mWe're done here. Have a nice day!
[0m
[1;94m[*] [0mFuzzing test case #26 (38 total, 0 crashes saved, state: started :-), mode=explore, perf_score=300, weight=42, favorite=1, was_fuzzed=0, exec_us=1173, hits=5, map=22, ascii=0, run_time=0:00:04:04)...[0m
[1;94m[*] [0mFuzzing test case #24 (40 total, 0 crashes saved, state: started :-), mode=explore, perf_score=300, weight=102, favorite=1, was_fuzzed=0, exec_us=1189, hits=3, map=24, ascii=0, run_time=0:00:04:05)...[0m
[1;94m[*] [0mFuzzing test case #16 (41 total, 0 crashes saved, state: started :-), mode=explore, perf_score=200, weight=16, favorite=1, was_fuzzed=0, exec_us=1808, hits=20, map=25, ascii=0, run_time=0:00:04:07)...[0m
[1;94m[*] [0mFuzzing test case #30 (42 total, 0 crashes saved, state: started :-), mode=explore, perf_score=0, weight=0, favorite=1, was_fuzzed=0, exec_us=1183, hits=5, map=24, ascii=0, run_time=0:00:04:07)...[0m
[1;94m[*] [0mFuzzing test case #34 (42 total, 0 crashes saved, state: started :-), mode=explore, perf_score=300, weight=52, favorite=1, was_fuzzed=0, exec_us=1177, hits=1, map=25, ascii=0, run_time=0:00:04:07)...[0m
[1;94m[*] [0mFuzzing test case #29 (46 total, 0 crashes saved, state: started :-), mode=explore, perf_score=300, weight=50, favorite=1, was_fuzzed=0, exec_us=1206, hits=1, map=23, ascii=0, run_time=0:00:04:37)...[0m
[1;94m[*] [0mFuzzing test case #19 (46 total, 0 crashes saved, state: started :-), mode=explore, perf_score=200, weight=15, favorite=1, was_fuzzed=0, exec_us=1669, hits=26, map=22, ascii=0, run_time=0:00:04:38)...[0m
[1;94m[*] [0mFuzzing test case #43 (46 total, 0 crashes saved, state: started :-), mode=explore, perf_score=300, weight=31, favorite=1, was_fuzzed=0, exec_us=1176, hits=4, map=23, ascii=0, run_time=0:00:04:39)...[0m
[1;94m[*] [0mFuzzing test case #1 (47 total, 0 crashes saved, state: started :-), mode=explore, perf_score=114, weight=31, favorite=1, was_fuzzed=1, exec_us=2618, hits=1672, map=20, ascii=0, run_time=0:00:04:59)...[0m
[1;94m[*] [0mFuzzing test case #19 (47 total, 0 crashes saved, state: in progress, mode=explore, perf_score=229, weight=6, favorite=1, was_fuzzed=1, exec_us=1669, hits=87, map=22, ascii=0, run_time=0:00:05:00)...[0m
[1;94m[*] [0mFuzzing test case #43 (47 total, 0 crashes saved, state: in progress, mode=explore, perf_score=345, weight=14, favorite=1, was_fuzzed=1, exec_us=1176, hits=76, map=23, ascii=0, run_time=0:00:05:00)...[0m
[1;94m[*] [0mFuzzing test case #26 (48 total, 0 crashes saved, state: in progress, mode=explore, perf_score=690, weight=10, favorite=1, was_fuzzed=1, exec_us=1173, hits=30, map=22, ascii=0, run_time=0:00:05:02)...[0m
[1;94m[*] [0mFuzzing test case #24 (49 total, 0 crashes saved, state: in progress, mode=explore, perf_score=690, weight=29, favorite=1, was_fuzzed=1, exec_us=1189, hits=27, map=24, ascii=0, run_time=0:00:05:05)...[0m
[1;94m[*] [0mFuzzing test case #24 (51 total, 0 crashes saved, state: in progress, mode=explore, perf_score=229, weight=26, favorite=1, was_fuzzed=1, exec_us=1189, hits=54, map=24, ascii=0, run_time=0:00:05:34)...[0m
[1;94m[*] [0mFuzzing test case #1 (52 total, 0 crashes saved, state: in progress, mode=explore, perf_score=114, weight=32, favorite=1, was_fuzzed=1, exec_us=2618, hits=1866, map=20, ascii=0, run_time=0:00:05:35)...[0m
[1;94m[*] [0mFuzzing test case #1 (52 total, 0 crashes saved, state: in progress, mode=explore, perf_score=114, weight=32, favorite=1, was_fuzzed=1, exec_us=2618, hits=1901, map=20, ascii=0, run_time=0:00:05:35)...[0m
[1;94m[*] [0mFuzzing test case #26 (52 total, 0 crashes saved, state: in progress, mode=explore, perf_score=229, weight=9, favorite=1, was_fuzzed=1, exec_us=1173, hits=76, map=22, ascii=0, run_time=0:00:05:36)...[0m
[1;94m[*] [0mFuzzing test case #24 (52 total, 0 crashes saved, state: in progress, mode=explore, perf_score=229, weight=25, favorite=1, was_fuzzed=1, exec_us=1189, hits=67, map=24, ascii=0, run_time=0:00:05:37)...[0m
[1;94m[*] [0mFuzzing test case #29 (52 total, 0 crashes saved, state: in progress, mode=explore, perf_score=229, weight=9, favorite=1, was_fuzzed=1, exec_us=1206, hits=58, map=23, ascii=0, run_time=0:00:05:37)...[0m
[1;94m[*] [0mFuzzing test case #29 (52 total, 0 crashes saved, state: in progress, mode=explore, perf_score=229, weight=9, favorite=1, was_fuzzed=1, exec_us=1206, hits=82, map=23, ascii=0, run_time=0:00:05:38)...[0m
[1;94m[*] [0mFuzzing test case #34 (52 total, 0 crashes saved, state: in progress, mode=explore, perf_score=229, weight=9, favorite=1, was_fuzzed=1, exec_us=1177, hits=102, map=25, ascii=0, run_time=0:00:05:39)...[0m
[1;94m[*] [0mFuzzing test case #24 (52 total, 0 crashes saved, state: in progress, mode=explore, perf_score=229, weight=25, favorite=1, was_fuzzed=1, exec_us=1189, hits=69, map=24, ascii=0, run_time=0:00:05:40)...[0m
[1;94m[*] [0mFuzzing test case #30 (52 total, 0 crashes saved, state: in progress, mode=explore, perf_score=690, weight=14, favorite=1, was_fuzzed=1, exec_us=1183, hits=9, map=24, ascii=0, run_time=0:00:05:41)...[0m
[1;94m[*] [0mFuzzing test case #30 (52 total, 0 crashes saved, state: in progress, mode=explore, perf_score=690, weight=14, favorite=1, was_fuzzed=1, exec_us=1183, hits=57, map=24, ascii=0, run_time=0:00:06:07)...[0m
[1;94m[*] [0mFuzzing test case #34 (53 total, 0 crashes saved, state: in progress, mode=explore, perf_score=229, weight=8, favorite=1, was_fuzzed=1, exec_us=1177, hits=139, map=25, ascii=0, run_time=0:00:06:10)...[0m
[1;94m[*] [0mFuzzing test case #24 (53 total, 0 crashes saved, state: in progress, mode=explore, perf_score=229, weight=24, favorite=1, was_fuzzed=1, exec_us=1189, hits=101, map=24, ascii=0, run_time=0:00:06:10)...[0m
[1;94m[*] [0mFuzzing test case #26 (53 total, 0 crashes saved, state: in progress, mode=explore, perf_score=229, weight=9, favorite=1, was_fuzzed=1, exec_us=1173, hits=85, map=22, ascii=0, run_time=0:00:06:11)...[0m
[1;94m[*] [0mFuzzing test case #24 (54 total, 0 crashes saved, state: in progress, mode=explore, perf_score=229, weight=23, favorite=1, was_fuzzed=1, exec_us=1189, hits=130, map=24, ascii=0, run_time=0:00:06:36)...[0m
[1;94m[*] [0mFuzzing test case #26 (54 total, 0 crashes saved, state: in progress, mode=explore, perf_score=229, weight=8, favorite=1, was_fuzzed=1, exec_us=1173, hits=114, map=22, ascii=0, run_time=0:00:06:36)...[0m
[1;94m[*] [0mFuzzing test case #24 (54 total, 0 crashes saved, state: in progress, mode=explore, perf_score=229, weight=23, favorite=1, was_fuzzed=1, exec_us=1189, hits=135, map=24, ascii=0, run_time=0:00:06:37)...[0m
[1;94m[*] [0mFuzzing test case #1 (54 total, 0 crashes saved, state: in progress, mode=explore, perf_score=114, weight=32, favorite=1, was_fuzzed=1, exec_us=2618, hits=2200, map=20, ascii=0, run_time=0:00:06:38)...[0m
[1;94m[*] [0mFuzzing test case #1 (54 total, 0 crashes saved, state: in progress, mode=explore, perf_score=114, weight=32, favorite=1, was_fuzzed=1, exec_us=2618, hits=2259, map=20, ascii=0, run_time=0:00:06:38)...[0m
[1;94m[*] [0mFuzzing test case #34 (54 total, 0 crashes saved, state: in progress, mode=explore, perf_score=229, weight=8, favorite=1, was_fuzzed=1, exec_us=1177, hits=172, map=25, ascii=0, run_time=0:00:06:39)...[0m
[1;94m[*] [0mFuzzing test case #29 (54 total, 0 crashes saved, state: in progress, mode=explore, perf_score=229, weight=8, favorite=1, was_fuzzed=1, exec_us=1206, hits=84, map=23, ascii=0, run_time=0:00:06:40)...[0m
[1;94m[*] [0mFuzzing test case #24 (54 total, 0 crashes saved, state: in progress, mode=explore, perf_score=229, weight=23, favorite=1, was_fuzzed=1, exec_us=1189, hits=158, map=24, ascii=0, run_time=0:00:06:40)...[0m
[1;94m[*] [0mFuzzing test case #1 (54 total, 0 crashes saved, state: in progress, mode=explore, perf_score=114, weight=32, favorite=1, was_fuzzed=1, exec_us=2618, hits=2386, map=20, ascii=0, run_time=0:00:06:41)...[0m
[1;94m[*] [0mFuzzing test case #43 (54 total, 0 crashes saved, state: in progress, mode=explore, perf_score=229, weight=13, favorite=1, was_fuzzed=1, exec_us=1176, hits=169, map=23, ascii=0, run_time=0:00:06:41)...[0m
[1;94m[*] [0mFuzzing test case #1 (54 total, 0 crashes saved, state: in progress, mode=explore, perf_score=114, weight=32, favorite=1, was_fuzzed=1, exec_us=2618, hits=2477, map=20, ascii=0, run_time=0:00:06:42)...[0m
[1;94m[*] [0mFuzzing test case #24 (54 total, 0 crashes saved, state: in progress, mode=explore, perf_score=229, weight=23, favorite=1, was_fuzzed=1, exec_us=1189, hits=188, map=24, ascii=0, run_time=0:00:06:54)...[0m
[1;94m[*] [0mFuzzing test case #1 (54 total, 0 crashes saved, state: in progress, mode=explore, perf_score=114, weight=32, favorite=1, was_fuzzed=1, exec_us=2618, hits=2527, map=20, ascii=0, run_time=0:00:06:55)...[0m
[1;94m[*] [0mFuzzing test case #24 (54 total, 0 crashes saved, state: in progress, mode=explore, perf_score=229, weight=23, favorite=1, was_fuzzed=1, exec_us=1189, hits=229, map=24, ascii=0, run_time=0:00:07:13)...[0m
[1;94m[*] [0mFuzzing test case #24 (54 total, 0 crashes saved, state: in progress, mode=explore, perf_score=229, weight=23, favorite=1, was_fuzzed=1, exec_us=1189, hits=239, map=24, ascii=0, run_time=0:00:07:14)...[0m
[1;94m[*] [0mFuzzing test case #29 (54 total, 0 crashes saved, state: in progress, mode=explore, perf_score=229, weight=8, favorite=1, was_fuzzed=1, exec_us=1206, hits=102, map=23, ascii=0, run_time=0:00:07:15)...[0m
[1;94m[*] [0mFuzzing test case #26 (54 total, 0 crashes saved, state: in progress, mode=explore, perf_score=229, weight=8, favorite=1, was_fuzzed=1, exec_us=1173, hits=176, map=22, ascii=0, run_time=0:00:07:15)...[0m
[1;94m[*] [0mFuzzing test case #29 (54 total, 0 crashes saved, state: in progress, mode=explore, perf_score=229, weight=8, favorite=1, was_fuzzed=1, exec_us=1206, hits=107, map=23, ascii=0, run_time=0:00:07:16)...[0m
[1;94m[*] [0mFuzzing test case #30 (54 total, 0 crashes saved, state: in progress, mode=explore, perf_score=229, weight=9, favorite=1, was_fuzzed=1, exec_us=1183, hits=76, map=24, ascii=0, run_time=0:00:07:17)...[0m
[1;94m[*] [0mEntering queue cycle 2.[0m
[1;94m[*] [0mFuzzing test case #24 (54 total, 0 crashes saved, state: in progress, mode=explore, perf_score=229, weight=23, favorite=1, was_fuzzed=1, exec_us=1189, hits=252, map=24, ascii=0, run_time=0:00:07:18)...[0m
[1;94m[*] [0mFuzzing test case #34 (54 total, 0 crashes saved, state: in progress, mode=explore, perf_score=229, weight=8, favorite=1, was_fuzzed=1, exec_us=1177, hits=184, map=25, ascii=0, run_time=0:00:07:19)...[0m
[1;94m[*] [0mFuzzing test case #30 (54 total, 0 crashes saved, state: in progress, mode=explore, perf_score=229, weight=9, favorite=1, was_fuzzed=1, exec_us=1183, hits=128, map=24, ascii=0, run_time=0:00:07:20)...[0m
[1;94m[*] [0mFuzzing test case #34 (54 total, 0 crashes saved, state: in progress, mode=explore, perf_score=229, weight=8, favorite=1, was_fuzzed=1, exec_us=1177, hits=198, map=25, ascii=0, run_time=0:00:07:39)...[0m
[1;94m[*] [0mFuzzing test case #24 (54 total, 0 crashes saved, state: in progress, mode=explore, perf_score=229, weight=23, favorite=1, was_fuzzed=1, exec_us=1189, hits=270, map=24, ascii=0, run_time=0:00:07:40)...[0m
[1;94m[*] [0mFuzzing test case #1 (54 total, 0 crashes saved, state: in progress, mode=explore, perf_score=114, weight=32, favorite=1, was_fuzzed=1, exec_us=2618, hits=2658, map=20, ascii=0, run_time=0:00:07:41)...[0m
[1;94m[*] [0mFuzzing test case #34 (54 total, 0 crashes saved, state: in progress, mode=explore, perf_score=229, weight=8, favorite=1, was_fuzzed=1, exec_us=1177, hits=216, map=25, ascii=0, run_time=0:00:07:41)...[0m
[1;94m[*] [0mFuzzing test case #34 (54 total, 0 crashes saved, state: in progress, mode=explore, perf_score=229, weight=8, favorite=1, was_fuzzed=1, exec_us=1177, hits=257, map=25, ascii=0, run_time=0:00:07:42)...[0m
[1;94m[*] [0mFuzzing test case #30 (54 total, 0 crashes saved, state: in progress, mode=explore, perf_score=229, weight=9, favorite=1, was_fuzzed=1, exec_us=1183, hits=179, map=24, ascii=0, run_time=0:00:07:42)...[0m
[1;94m[*] [0mFuzzing test case #30 (55 total, 0 crashes saved, state: in progress, mode=explore, perf_score=229, weight=8, favorite=1, was_fuzzed=1, exec_us=1183, hits=187, map=24, ascii=0, run_time=0:00:07:43)...[0m
[1;94m[*] [0mFuzzing test case #19 (55 total, 0 crashes saved, state: in progress, mode=explore, perf_score=229, weight=6, favorite=1, was_fuzzed=1, exec_us=1669, hits=143, map=22, ascii=0, run_time=0:00:07:44)...[0m
[1;94m[*] [0mFuzzing test case #1 (55 total, 0 crashes saved, state: in progress, mode=explore, perf_score=114, weight=31, favorite=1, was_fuzzed=1, exec_us=2618, hits=2733, map=20, ascii=0, run_time=0:00:07:45)...[0m
[1;94m[*] [0mFuzzing test case #24 (55 total, 0 crashes saved, state: in progress, mode=explore, perf_score=229, weight=21, favorite=1, was_fuzzed=1, exec_us=1189, hits=296, map=24, ascii=0, run_time=0:00:07:45)...[0m
[1;94m[*] [0mFuzzing test case #24 (55 total, 0 crashes saved, state: in progress, mode=explore, perf_score=229, weight=21, favorite=1, was_fuzzed=1, exec_us=1189, hits=302, map=24, ascii=0, run_time=0:00:08:04)...[0m
[1;94m[*] [0mFuzzing test case #26 (55 total, 0 crashes saved, state: in progress, mode=explore, perf_score=229, weight=8, favorite=1, was_fuzzed=1, exec_us=1173, hits=213, map=22, ascii=0, run_time=0:00:08:05)...[0m
[1;94m[*] [0mFuzzing test case #24 (55 total, 0 crashes saved, state: in progress, mode=explore, perf_score=229, weight=21, favorite=1, was_fuzzed=1, exec_us=1189, hits=313, map=24, ascii=0, run_time=0:00:08:06)...[0m
[1;94m[*] [0mFuzzing test case #17 (55 total, 0 crashes saved, state: in progress, mode=explore, perf_score=229, weight=6, favorite=1, was_fuzzed=1, exec_us=1658, hits=101, map=21, ascii=0, run_time=0:00:08:07)...[0m
[1;94m[*] [0mFuzzing test case #29 (55 total, 0 crashes saved, state: in progress, mode=explore, perf_score=229, weight=8, favorite=1, was_fuzzed=1, exec_us=1206, hits=114, map=23, ascii=0, run_time=0:00:08:07)...[0m
[1;94m[*] [0mFuzzing test case #1 (55 total, 0 crashes saved, state: in progress, mode=explore, perf_score=114, weight=31, favorite=1, was_fuzzed=1, exec_us=2618, hits=2821, map=20, ascii=0, run_time=0:00:08:08)...[0m
[1;94m[*] [0mFuzzing test case #17 (55 total, 0 crashes saved, state: in progress, mode=explore, perf_score=229, weight=6, favorite=1, was_fuzzed=1, exec_us=1658, hits=116, map=21, ascii=0, run_time=0:00:08:09)...[0m
[1;94m[*] [0mFuzzing test case #53 (55 total, 0 crashes saved, state: in progress, mode=explore, perf_score=200, weight=3, favorite=0, was_fuzzed=0, exec_us=1190, hits=8, map=23, ascii=0, run_time=0:00:08:09)...[0m
[1;94m[*] [0mFuzzing test case #55 (56 total, 0 crashes saved, state: in progress, mode=explore, perf_score=0, weight=0, favorite=1, was_fuzzed=0, exec_us=1180, hits=1, map=25, ascii=0, run_time=0:00:08:22)...[0m
[1;94m[*] [0mFuzzing test case #29 (56 total, 0 crashes saved, state: in progress, mode=explore, perf_score=229, weight=8, favorite=1, was_fuzzed=1, exec_us=1206, hits=148, map=23, ascii=0, run_time=0:00:08:22)...[0m
[1;94m[*] [0mFuzzing test case #24 (56 total, 0 crashes saved, state: in progress, mode=explore, perf_score=229, weight=20, favorite=1, was_fuzzed=1, exec_us=1189, hits=316, map=24, ascii=0, run_time=0:00:08:23)...[0m
[1;94m[*] [0mFuzzing test case #19 (56 total, 0 crashes saved, state: in progress, mode=explore, perf_score=229, weight=5, favorite=1, was_fuzzed=1, exec_us=1669, hits=204, map=22, ascii=0, run_time=0:00:08:24)...[0m
[1;94m[*] [0mFuzzing test case #1 (56 total, 0 crashes saved, state: in progress, mode=explore, perf_score=114, weight=31, favorite=1, was_fuzzed=1, exec_us=2618, hits=2943, map=20, ascii=0, run_time=0:00:08:25)...[0m
[1;94m[*] [0mFuzzing test case #1 (56 total, 0 crashes saved, state: in progress, mode=explore, perf_score=114, weight=31, favorite=1, was_fuzzed=1, exec_us=2618, hits=2964, map=20, ascii=0, run_time=0:00:08:25)...[0m
[1;94m[*] [0mFuzzing test case #17 (56 total, 0 crashes saved, state: in progress, mode=explore, perf_score=229, weight=5, favorite=1, was_fuzzed=1, exec_us=1658, hits=177, map=21, ascii=0, run_time=0:00:08:25)...[0m
[1;94m[*] [0mFuzzing test case #1 (56 total, 0 crashes saved, state: in progress, mode=explore, perf_score=114, weight=31, favorite=1, was_fuzzed=1, exec_us=2618, hits=3017, map=20, ascii=0, run_time=0:00:08:26)...[0m
[1;94m[*] [0mFuzzing test case #26 (56 total, 0 crashes saved, state: in progress, mode=explore, perf_score=229, weight=7, favorite=1, was_fuzzed=1, exec_us=1173, hits=227, map=22, ascii=0, run_time=0:00:08:39)...[0m
[1;94m[*] [0mFuzzing test case #52 (56 total, 0 crashes saved, state: in progress, mode=explore, perf_score=200, weight=1, favorite=0, was_fuzzed=0, exec_us=1207, hits=34, map=24, ascii=0, run_time=0:00:08:40)...[0m
[1;94m[*] [0mFuzzing test case #1 (56 total, 0 crashes saved, state: in progress, mode=explore, perf_score=114, weight=30, favorite=1, was_fuzzed=1, exec_us=2618, hits=3066, map=20, ascii=0, run_time=0:00:08:40)...[0m
[1;94m[*] [0mFuzzing test case #1 (56 total, 0 crashes saved, state: in progress, mode=explore, perf_score=114, weight=30, favorite=1, was_fuzzed=1, exec_us=2618, hits=3111, map=20, ascii=0, run_time=0:00:08:41)...[0m
[1;94m[*] [0mFuzzing test case #55 (56 total, 0 crashes saved, state: in progress, mode=explore, perf_score=919, weight=26, favorite=1, was_fuzzed=1, exec_us=1180, hits=1, map=25, ascii=0, run_time=0:00:08:41)...[0m
[?25h[1;91m

+++ Testing aborted programmatically +++
[0m[1;94m[*] [0mStatistics: 55 new corpus items found, 47.30% coverage achieved, 1 crashes saved, 0 timeouts saved, total runtime 0 days, 0 hrs, 8 min, 41 sec[0m
[1;92m[+] [0mWe're done here. Have a nice day!
[0m
