gcc (GCC) 8.5.0 20210514 (Red Hat 8.5.0-18)
Copyright (C) 2018 Free Software Foundation, Inc.
This is free software; see the source for copying conditions.  There is NO
warranty; not even for MERCHANTABILITY or FITNESS FOR A PARTICULAR PURPOSE.

Python 3.8.16
/lfs/koff9454.ui/miniconda3/bin/python
matiec version 0.1
changeset id: 
Number of programs: 11
Programs: complex_1 complex_10 complex_2 complex_3 complex_4 complex_5 complex_6 complex_7 complex_8 complex_9 runs
Fuzzing program: complex_1, Job ID: 99
input dir exist, skipping
harness file exist, skipping
Running the fuzzers
Workdir: "/lfs/koff9454.ui/projects/plc_runtime_fuzzer/code_analysis/src/programs/complex/complex_1/runs/run-99"
Out dir at "fuzzer-outdir" already exists.
Let's fuzz :)
[Stats #0] run time: 0h-5m-2s, clients: 1, corpus: 0, objectives: 0, executions: 0, exec/sec: 0.000
[1;92m[+] [0mEnabled environment variable AFL_BENCH_UNTIL_CRASH with value 1[0m
[1;92m[+] [0mEnabled environment variable AFL_IGNORE_SEED_PROBLEMS with value 1[0m
[1;92m[+] [0mEnabled environment variable AFL_I_DONT_CARE_ABOUT_MISSING_CRASHES with value 1[0m
[1;92m[+] [0mEnabled environment variable AFL_SKIP_CPUFREQ with value 1[0m
[1;92m[+] [0mEnabled environment variable AFL_TRY_AFFINITY with value 1[0m
[1;93m[!] [1;97mWARNING: [0mPotentially mistyped AFL environment variable: USE_PCM_DB=2, did you mean AFL_USE_PCM_DB=2?[0m
[0;36mafl-fuzz++4.09a[0m based on afl by Michal Zalewski and a large online community
[1;92m[+] [0mAFL++ is maintained by Marc "van Hauser" Heuse, Dominik Maier, Andrea Fioraldi and Heiko "hexcoder" Eißfeldt[0m
[1;92m[+] [0mAFL++ is open source, get it at https://github.com/AFLplusplus/AFLplusplus[0m
[1;92m[+] [0mNOTE: AFL++ >= v3 has changed defaults and behaviours - see README.md[0m
[1;92m[+] [0mNo -M/-S set, autoconfiguring for "-S default"[0m
[1;94m[*] [0mGetting to work...[0m
[1;92m[+] [0mUsing exponential power schedule (FAST)[0m
[1;92m[+] [0mEnabled testcache with 50 MB[0m
[1;92m[+] [0mGenerating fuzz data with a length of min=1 max=1048576[0m
[1;94m[*] [0mChecking core_pattern...[0m

[1;91m[-] [0mHmm, your system is configured to send core dump notifications to an
    external utility. This will cause issues: there will be an extended delay
    between stumbling upon a crash and having this information relayed to the
    fuzzer via the standard waitpid() API.
    If you're just testing, set 'AFL_I_DONT_CARE_ABOUT_MISSING_CRASHES=1'.

    To avoid having crashes misinterpreted as timeouts, please log in as root
    and temporarily modify /proc/sys/kernel/core_pattern, like so:

    echo core >/proc/sys/kernel/core_pattern
[1;92m[+] [0mLooks like we're not running on a tty, so I'll be a bit less verbose.[0m
[1;92m[+] [0mYou have 36 CPU cores and 2 runnable tasks (utilization: 6%).[0m
[1;92m[+] [0mTry parallel jobs - see /usr/local/share/doc/afl/fuzzing_in_depth.md#c-using-multiple-cores[0m
[1;94m[*] [0mSetting up output directories...[0m
[1;94m[*] [0mChecking CPU core loadout...[0m
[1;92m[+] [0mFound a free CPU core, try binding to #0.[0m
[1;94m[*] [0mScanning 'our-indir'...[0m
[1;92m[+] [0mLoaded a total of 1 seeds.[0m
[1;94m[*] [0mCreating hard links for all input files...[0m
[1;94m[*] [0mValidating target binary...[0m
[1;94m[*] [0mSpinning up the fork server...[0m
[1;92m[+] [0mAll right - fork server is up.[0m
[1;94m[*] [0mTarget map size: 62[0m
[1;94m[*] [0mNo auto-generated dictionary tokens to reuse.[0m
[1;94m[*] [0mLoading extra dictionary from 'our-inputs.dict' (level 0)...[0m
[1;94m[*] [0mLoaded 60 extra tokens, size range 3 B to 6 B.[0m
[1;92m[+] [0mLoaded a total of 6 extras.[0m
[1;94m[*] [0mAttempting dry run with 'id:000000,time:0,execs:0,orig:variables.txt'...[0m

[1;91m[-] [0mThe program took more than 1000 ms to process one of the initial test cases.
    This is bad news; raising the limit with the -t option is possible, but
    will probably make the fuzzing process extremely slow.

    If this test case is just a fluke, the other option is to just avoid it
    altogether, and find one that is less of a CPU hog.
[1;93m[!] [1;97mWARNING: [0mTest case 'id:000000,time:0,execs:0,orig:variables.txt' results in a timeout, skipping[0m
[1;92m[+] [0mAll test cases processed.[0m
[?25h[0m[1;91m
[-] PROGRAM ABORT : [0mWe need at least one valid input seed that does not crash![1;91m
         Location : [0mmain(), src/afl-fuzz.c:2426

[Objective #0] run time: 0h-19m-38s, clients: 1, corpus: 1, objectives: 3, executions: 1, exec/sec: 0.001
[Objective #0] run time: 0h-21m-57s, clients: 1, corpus: 1, objectives: 4, executions: 1, exec/sec: 0.001
[Objective #0] run time: 0h-24m-46s, clients: 1, corpus: 1, objectives: 5, executions: 1, exec/sec: 0.001
[Objective #0] run time: 0h-27m-25s, clients: 1, corpus: 1, objectives: 6, executions: 1, exec/sec: 0.001
[Objective #0] run time: 0h-27m-26s, clients: 1, corpus: 1, objectives: 7, executions: 1, exec/sec: 0.001
[Objective #0] run time: 0h-32m-17s, clients: 1, corpus: 1, objectives: 8, executions: 1, exec/sec: 0.001
[Objective #0] run time: 0h-39m-44s, clients: 1, corpus: 1, objectives: 9, executions: 1, exec/sec: 0.000
