JOB timestamp: Mon Dec 18 15:28:05 MST 2023
JOB ID: 121617
Array Task ID: 6
Current directory: /lfs/koff9454.ui/projects/plc_runtime_fuzzer/code_analysis/src
r2i1n4
gcc (Spack GCC) 12.1.0
Copyright (C) 2022 Free Software Foundation, Inc.
This is free software; see the source for copying conditions.  There is NO
warranty; not even for MERCHANTABILITY or FITNESS FOR A PARTICULAR PURPOSE.

Python 3.11.5
/lfs/koff9454.ui/miniconda3/envs/plc/bin/python
matiec version 0.1
changeset id: 
Number of programs: 3
Programs: condition_1 condition_2 condition_3
Fuzzing program: condition_1, Job ID: 6
input dir exist, skipping
harness file exist, skipping
Running the fuzzers
Workdir: "/lfs/koff9454.ui/projects/plc_runtime_fuzzer/code_analysis/src/programs/condition/condition_1/runs/run-6"
Out dir at "fuzzer-outdir" already exists.
Let's fuzz :)
[1;92m[+] [0mEnabled environment variable AFL_BENCH_UNTIL_CRASH with value 1[0m
[1;92m[+] [0mEnabled environment variable AFL_IGNORE_SEED_PROBLEMS with value 1[0m
[1;92m[+] [0mEnabled environment variable AFL_I_DONT_CARE_ABOUT_MISSING_CRASHES with value 1[0m
[1;92m[+] [0mEnabled environment variable AFL_SKIP_CPUFREQ with value 1[0m
[1;92m[+] [0mEnabled environment variable AFL_TRY_AFFINITY with value 1[0m
[1;93m[!] [1;97mWARNING: [0mPotentially mistyped AFL environment variable: USE_PCM_DB=2, did you mean AFL_USE_PCM_DB=2?[0m
[0;36mafl-fuzz++4.09a[0m based on afl by Michal Zalewski and a large online community
[1;92m[+] [0mAFL++ is maintained by Marc "van Hauser" Heuse, Dominik Maier, Andrea Fioraldi and Heiko "hexcoder" Eißfeldt[0m
[1;92m[+] [0mAFL++ is open source, get it at https://github.com/AFLplusplus/AFLplusplus[0m
[1;92m[+] [0mNOTE: AFL++ >= v3 has changed defaults and behaviours - see README.md[0m
[1;92m[+] [0mNo -M/-S set, autoconfiguring for "-S default"[0m
[1;94m[*] [0mGetting to work...[0m
[1;92m[+] [0mUsing exponential power schedule (FAST)[0m
[1;92m[+] [0mEnabled testcache with 50 MB[0m
[1;92m[+] [0mGenerating fuzz data with a length of min=1 max=1048576[0m
[1;94m[*] [0mChecking core_pattern...[0m

[1;91m[-] [0mHmm, your system is configured to send core dump notifications to an
    external utility. This will cause issues: there will be an extended delay
    between stumbling upon a crash and having this information relayed to the
    fuzzer via the standard waitpid() API.
    If you're just testing, set 'AFL_I_DONT_CARE_ABOUT_MISSING_CRASHES=1'.

    To avoid having crashes misinterpreted as timeouts, please log in as root
    and temporarily modify /proc/sys/kernel/core_pattern, like so:

    echo core >/proc/sys/kernel/core_pattern
[1;92m[+] [0mLooks like we're not running on a tty, so I'll be a bit less verbose.[0m
[1;92m[+] [0mYou have 36 CPU cores and 3 runnable tasks (utilization: 8%).[0m
[1;92m[+] [0mTry parallel jobs - see /usr/local/share/doc/afl/fuzzing_in_depth.md#c-using-multiple-cores[0m
[1;94m[*] [0mSetting up output directories...[0m
[1;94m[*] [0mChecking CPU core loadout...[0m
[1;92m[+] [0mFound a free CPU core, try binding to #8.[0m
[1;94m[*] [0mScanning 'afl-indir'...[0m
[1;92m[+] [0mLoaded a total of 1 seeds.[0m
[1;94m[*] [0mCreating hard links for all input files...[0m
[1;94m[*] [0mValidating target binary...[0m
[1;94m[*] [0mSpinning up the fork server...[0m
[1;92m[+] [0mAll right - fork server is up.[0m
[1;94m[*] [0mTarget map size: 68[0m
[1;94m[*] [0mNo auto-generated dictionary tokens to reuse.[0m
[1;94m[*] [0mLoading extra dictionary from 'afl-inputs.dict' (level 0)...[0m
[1;94m[*] [0mLoaded 88 extra tokens, size range 4 B to 6 B.[0m
[1;92m[+] [0mLoaded a total of 6 extras.[0m
[1;94m[*] [0mAttempting dry run with 'id:000000,time:0,execs:0,orig:testcase.txt'...[0m
[1;90m    len = 3, map size = 18, exec speed = 3212 us, hash = dcecfe8b41bb142f
[0m[1;92m[+] [0mAll test cases processed.[0m
[1;92m[+] [0mHere are some useful stats:

[1;90m    Test case count : [0m1 favored, 0 variable, 0 ignored, 1 total
[1;90m       Bitmap range : [0m18 to 18 bits (average: 18.00 bits)
[1;90m        Exec timing : [0m3212 to 3212 us (average: 3212 us)
[0m
[1;94m[*] [0mNo -t option specified, so I'll use an exec timeout of 20 ms.[0m
[1;92m[+] [0mAll set and ready to roll![0m
[1;94m[*] [0mEntering queue cycle 1.[0m
[1;94m[*] [0mFuzzing test case #0 (1 total, 0 crashes saved, state: started :-), mode=explore, perf_score=0, weight=0, favorite=1, was_fuzzed=0, exec_us=3212, hits=0, map=18, ascii=0, run_time=0:00:00:00)...[0m
[1;92m[+] [0mEnabled environment variable AFL_BENCH_UNTIL_CRASH with value 1[0m
[1;92m[+] [0mEnabled environment variable AFL_IGNORE_SEED_PROBLEMS with value 1[0m
[1;92m[+] [0mEnabled environment variable AFL_I_DONT_CARE_ABOUT_MISSING_CRASHES with value 1[0m
[1;92m[+] [0mEnabled environment variable AFL_SKIP_CPUFREQ with value 1[0m
[1;92m[+] [0mEnabled environment variable AFL_TRY_AFFINITY with value 1[0m
[1;93m[!] [1;97mWARNING: [0mPotentially mistyped AFL environment variable: USE_PCM_DB=2, did you mean AFL_USE_PCM_DB=2?[0m
[0;36mafl-fuzz++4.09a[0m based on afl by Michal Zalewski and a large online community
[1;92m[+] [0mAFL++ is maintained by Marc "van Hauser" Heuse, Dominik Maier, Andrea Fioraldi and Heiko "hexcoder" Eißfeldt[0m
[1;92m[+] [0mAFL++ is open source, get it at https://github.com/AFLplusplus/AFLplusplus[0m
[1;92m[+] [0mNOTE: AFL++ >= v3 has changed defaults and behaviours - see README.md[0m
[1;92m[+] [0mNo -M/-S set, autoconfiguring for "-S default"[0m
[1;94m[*] [0mGetting to work...[0m
[1;92m[+] [0mUsing exponential power schedule (FAST)[0m
[1;92m[+] [0mEnabled testcache with 50 MB[0m
[1;92m[+] [0mGenerating fuzz data with a length of min=1 max=1048576[0m
[1;94m[*] [0mChecking core_pattern...[0m

[1;91m[-] [0mHmm, your system is configured to send core dump notifications to an
    external utility. This will cause issues: there will be an extended delay
    between stumbling upon a crash and having this information relayed to the
    fuzzer via the standard waitpid() API.
    If you're just testing, set 'AFL_I_DONT_CARE_ABOUT_MISSING_CRASHES=1'.

    To avoid having crashes misinterpreted as timeouts, please log in as root
    and temporarily modify /proc/sys/kernel/core_pattern, like so:

    echo core >/proc/sys/kernel/core_pattern
[1;92m[+] [0mLooks like we're not running on a tty, so I'll be a bit less verbose.[0m
[1;92m[+] [0mYou have 36 CPU cores and 5 runnable tasks (utilization: 14%).[0m
[1;92m[+] [0mTry parallel jobs - see /usr/local/share/doc/afl/fuzzing_in_depth.md#c-using-multiple-cores[0m
[1;94m[*] [0mSetting up output directories...[0m
[1;94m[*] [0mChecking CPU core loadout...[0m
[1;92m[+] [0mFound a free CPU core, try binding to #11.[0m
[1;94m[*] [0mScanning 'our-indir'...[0m
[1;92m[+] [0mLoaded a total of 1 seeds.[0m
[1;94m[*] [0mCreating hard links for all input files...[0m
[1;94m[*] [0mValidating target binary...[0m
[1;94m[*] [0mSpinning up the fork server...[0m
[1;92m[+] [0mAll right - fork server is up.[0m
[1;94m[*] [0mTarget map size: 68[0m
[1;94m[*] [0mNo auto-generated dictionary tokens to reuse.[0m
[1;94m[*] [0mLoading extra dictionary from 'our-inputs.dict' (level 0)...[0m
[1;94m[*] [0mLoaded 88 extra tokens, size range 4 B to 6 B.[0m
[1;92m[+] [0mLoaded a total of 6 extras.[0m
[1;94m[*] [0mAttempting dry run with 'id:000000,time:0,execs:0,orig:variables.txt'...[0m
[1;90m    len = 616, map size = 19, exec speed = 3916 us, hash = 64e735e0cc07a8c6
[0m[1;92m[+] [0mAll test cases processed.[0m
[1;92m[+] [0mHere are some useful stats:

[1;90m    Test case count : [0m1 favored, 0 variable, 0 ignored, 1 total
[1;90m       Bitmap range : [0m19 to 19 bits (average: 19.00 bits)
[1;90m        Exec timing : [0m3916 to 3916 us (average: 3916 us)
[0m
[1;94m[*] [0mNo -t option specified, so I'll use an exec timeout of 20 ms.[0m
[1;92m[+] [0mAll set and ready to roll![0m
[1;94m[*] [0mEntering queue cycle 1.[0m
[1;94m[*] [0mFuzzing test case #0 (1 total, 0 crashes saved, state: started :-), mode=explore, perf_score=0, weight=0, favorite=1, was_fuzzed=0, exec_us=3916, hits=0, map=19, ascii=0, run_time=0:00:00:00)...[0m
[1;94m[*] [0mFuzzing test case #1 (2 total, 0 crashes saved, state: started :-), mode=explore, perf_score=0, weight=0, favorite=1, was_fuzzed=0, exec_us=6759, hits=2, map=19, ascii=0, run_time=0:00:00:00)...[0m
[1;94m[*] [0mFuzzing test case #0 (2 total, 0 crashes saved, state: started :-), mode=explore, perf_score=459, weight=22, favorite=1, was_fuzzed=1, exec_us=3212, hits=0, map=18, ascii=0, run_time=0:00:00:00)...[0m
[1;94m[*] [0mFuzzing test case #16 (18 total, 0 crashes saved, state: started :-), mode=explore, perf_score=0, weight=0, favorite=1, was_fuzzed=0, exec_us=1585, hits=2, map=24, ascii=0, run_time=0:00:01:19)...[0m
[1;94m[*] [0mFuzzing test case #0 (18 total, 0 crashes saved, state: started :-), mode=explore, perf_score=459, weight=107, favorite=1, was_fuzzed=1, exec_us=3212, hits=0, map=18, ascii=0, run_time=0:00:01:19)...[0m
[1;94m[*] [0mFuzzing test case #0 (18 total, 0 crashes saved, state: started :-), mode=explore, perf_score=459, weight=107, favorite=1, was_fuzzed=1, exec_us=3212, hits=0, map=18, ascii=0, run_time=0:00:01:20)...[0m
[1;94m[*] [0mFuzzing test case #16 (18 total, 0 crashes saved, state: started :-), mode=explore, perf_score=919, weight=53, favorite=1, was_fuzzed=1, exec_us=1585, hits=3, map=24, ascii=0, run_time=0:00:01:46)...[0m
[1;94m[*] [0mFuzzing test case #23 (28 total, 0 crashes saved, state: started :-), mode=explore, perf_score=0, weight=0, favorite=1, was_fuzzed=0, exec_us=1281, hits=3, map=21, ascii=0, run_time=0:00:02:45)...[0m
[1;94m[*] [0mFuzzing test case #20 (28 total, 0 crashes saved, state: started :-), mode=explore, perf_score=150, weight=110, favorite=1, was_fuzzed=0, exec_us=1329, hits=2, map=24, ascii=0, run_time=0:00:02:45)...[0m
[?25h[1;91m

+++ Testing aborted programmatically +++
[0m[1;94m[*] [0mStatistics: 23 new corpus items found, 45.59% coverage achieved, 1 crashes saved, 0 timeouts saved, total runtime 0 days, 0 hrs, 2 min, 46 sec[0m
[1;92m[+] [0mWe're done here. Have a nice day!
[0m
[1;94m[*] [0mFuzzing test case #21 (29 total, 0 crashes saved, state: started :-), mode=explore, perf_score=150, weight=55, favorite=1, was_fuzzed=0, exec_us=1341, hits=1, map=22, ascii=0, run_time=0:00:02:46)...[0m
[1;94m[*] [0mFuzzing test case #18 (29 total, 0 crashes saved, state: started :-), mode=explore, perf_score=150, weight=31, favorite=1, was_fuzzed=0, exec_us=1448, hits=4, map=20, ascii=0, run_time=0:00:02:46)...[0m
[1;94m[*] [0mFuzzing test case #29 (34 total, 0 crashes saved, state: started :-), mode=explore, perf_score=0, weight=0, favorite=1, was_fuzzed=0, exec_us=1215, hits=3, map=22, ascii=0, run_time=0:00:02:48)...[0m
[1;94m[*] [0mFuzzing test case #29 (34 total, 0 crashes saved, state: started :-), mode=explore, perf_score=1380, weight=52, favorite=1, was_fuzzed=1, exec_us=1215, hits=3, map=22, ascii=0, run_time=0:00:02:48)...[0m
[1;94m[*] [0mFuzzing test case #38 (43 total, 0 crashes saved, state: started :-), mode=explore, perf_score=0, weight=0, favorite=1, was_fuzzed=0, exec_us=1278, hits=5, map=21, ascii=0, run_time=0:00:04:09)...[0m
[1;94m[*] [0mFuzzing test case #41 (43 total, 0 crashes saved, state: started :-), mode=explore, perf_score=600, weight=1400, favorite=1, was_fuzzed=0, exec_us=1200, hits=1, map=24, ascii=0, run_time=0:00:04:09)...[0m
[1;94m[*] [0mFuzzing test case #35 (45 total, 0 crashes saved, state: started :-), mode=explore, perf_score=600, weight=883, favorite=1, was_fuzzed=0, exec_us=1271, hits=3, map=23, ascii=0, run_time=0:00:04:35)...[0m
[1;94m[*] [0mFuzzing test case #36 (45 total, 0 crashes saved, state: started :-), mode=explore, perf_score=600, weight=691, favorite=1, was_fuzzed=0, exec_us=1242, hits=9, map=22, ascii=0, run_time=0:00:04:37)...[0m
[1;94m[*] [0mFuzzing test case #23 (49 total, 0 crashes saved, state: started :-), mode=explore, perf_score=690, weight=388, favorite=1, was_fuzzed=1, exec_us=1281, hits=28, map=21, ascii=0, run_time=0:00:04:59)...[0m
[1;94m[*] [0mFuzzing test case #29 (52 total, 0 crashes saved, state: in progress, mode=explore, perf_score=690, weight=453, favorite=1, was_fuzzed=1, exec_us=1215, hits=767, map=22, ascii=0, run_time=0:00:05:02)...[0m
[1;94m[*] [0mFuzzing test case #0 (53 total, 0 crashes saved, state: in progress, mode=explore, perf_score=1380, weight=2502, favorite=1, was_fuzzed=1, exec_us=3212, hits=0, map=18, ascii=0, run_time=0:00:05:05)...[0m
[1;94m[*] [0mFuzzing test case #21 (53 total, 0 crashes saved, state: in progress, mode=explore, perf_score=690, weight=230, favorite=1, was_fuzzed=1, exec_us=1341, hits=27, map=22, ascii=0, run_time=0:00:05:33)...[0m
[1;94m[*] [0mFuzzing test case #0 (53 total, 0 crashes saved, state: in progress, mode=explore, perf_score=1380, weight=2502, favorite=1, was_fuzzed=1, exec_us=3212, hits=0, map=18, ascii=0, run_time=0:00:05:36)...[0m
[1;94m[*] [0mFuzzing test case #29 (53 total, 0 crashes saved, state: in progress, mode=explore, perf_score=690, weight=448, favorite=1, was_fuzzed=1, exec_us=1215, hits=825, map=22, ascii=0, run_time=0:00:05:37)...[0m
[1;94m[*] [0mFuzzing test case #18 (53 total, 0 crashes saved, state: in progress, mode=explore, perf_score=345, weight=139, favorite=1, was_fuzzed=1, exec_us=1448, hits=429, map=20, ascii=0, run_time=0:00:05:40)...[0m
[1;94m[*] [0mFuzzing test case #21 (53 total, 0 crashes saved, state: in progress, mode=explore, perf_score=690, weight=230, favorite=1, was_fuzzed=1, exec_us=1341, hits=129, map=22, ascii=0, run_time=0:00:06:05)...[0m
[1;94m[*] [0mFuzzing test case #0 (54 total, 0 crashes saved, state: in progress, mode=explore, perf_score=1380, weight=2500, favorite=1, was_fuzzed=1, exec_us=3212, hits=0, map=18, ascii=0, run_time=0:00:06:07)...[0m
[1;94m[*] [0mFuzzing test case #38 (54 total, 0 crashes saved, state: in progress, mode=explore, perf_score=2070, weight=276, favorite=1, was_fuzzed=1, exec_us=1278, hits=12, map=21, ascii=0, run_time=0:00:06:10)...[0m
[1;94m[*] [0mFuzzing test case #20 (54 total, 0 crashes saved, state: in progress, mode=explore, perf_score=1035, weight=592, favorite=1, was_fuzzed=1, exec_us=1329, hits=15, map=24, ascii=0, run_time=0:00:06:41)...[0m
[1;94m[*] [0mFuzzing test case #0 (55 total, 0 crashes saved, state: in progress, mode=explore, perf_score=1380, weight=2501, favorite=1, was_fuzzed=1, exec_us=3212, hits=0, map=18, ascii=0, run_time=0:00:07:15)...[0m
[1;94m[*] [0mFuzzing test case #23 (55 total, 0 crashes saved, state: in progress, mode=explore, perf_score=345, weight=289, favorite=1, was_fuzzed=1, exec_us=1281, hits=157, map=21, ascii=0, run_time=0:00:07:17)...[0m
[1;94m[*] [0mFuzzing test case #0 (56 total, 0 crashes saved, state: in progress, mode=explore, perf_score=1380, weight=2499, favorite=1, was_fuzzed=1, exec_us=3212, hits=0, map=18, ascii=0, run_time=0:00:07:18)...[0m
[1;94m[*] [0mFuzzing test case #0 (56 total, 0 crashes saved, state: in progress, mode=explore, perf_score=1380, weight=2499, favorite=1, was_fuzzed=1, exec_us=3212, hits=0, map=18, ascii=0, run_time=0:00:07:39)...[0m
[1;94m[*] [0mFuzzing test case #23 (56 total, 0 crashes saved, state: in progress, mode=explore, perf_score=345, weight=282, favorite=1, was_fuzzed=1, exec_us=1281, hits=183, map=21, ascii=0, run_time=0:00:07:41)...[0m
[1;94m[*] [0mFuzzing test case #23 (56 total, 0 crashes saved, state: in progress, mode=explore, perf_score=345, weight=282, favorite=1, was_fuzzed=1, exec_us=1281, hits=211, map=21, ascii=0, run_time=0:00:07:42)...[0m
[1;94m[*] [0mFuzzing test case #0 (56 total, 0 crashes saved, state: in progress, mode=explore, perf_score=1380, weight=2499, favorite=1, was_fuzzed=1, exec_us=3212, hits=0, map=18, ascii=0, run_time=0:00:07:43)...[0m
[1;94m[*] [0mFuzzing test case #20 (56 total, 0 crashes saved, state: in progress, mode=explore, perf_score=345, weight=407, favorite=1, was_fuzzed=1, exec_us=1329, hits=144, map=24, ascii=0, run_time=0:00:07:45)...[0m
[1;94m[*] [0mFuzzing test case #18 (56 total, 0 crashes saved, state: in progress, mode=explore, perf_score=345, weight=133, favorite=1, was_fuzzed=1, exec_us=1448, hits=493, map=20, ascii=0, run_time=0:00:08:05)...[0m
[1;94m[*] [0mFuzzing test case #23 (56 total, 0 crashes saved, state: in progress, mode=explore, perf_score=345, weight=282, favorite=1, was_fuzzed=1, exec_us=1281, hits=266, map=21, ascii=0, run_time=0:00:08:06)...[0m
[1;94m[*] [0mFuzzing test case #0 (56 total, 0 crashes saved, state: in progress, mode=explore, perf_score=1380, weight=2499, favorite=1, was_fuzzed=1, exec_us=3212, hits=0, map=18, ascii=0, run_time=0:00:08:07)...[0m
[1;94m[*] [0mFuzzing test case #0 (56 total, 0 crashes saved, state: in progress, mode=explore, perf_score=1380, weight=2499, favorite=1, was_fuzzed=1, exec_us=3212, hits=0, map=18, ascii=0, run_time=0:00:08:09)...[0m
[1;94m[*] [0mFuzzing test case #0 (56 total, 0 crashes saved, state: in progress, mode=explore, perf_score=1380, weight=2499, favorite=1, was_fuzzed=1, exec_us=3212, hits=0, map=18, ascii=0, run_time=0:00:08:23)...[0m
[1;94m[*] [0mFuzzing test case #0 (56 total, 0 crashes saved, state: in progress, mode=explore, perf_score=1380, weight=2499, favorite=1, was_fuzzed=1, exec_us=3212, hits=0, map=18, ascii=0, run_time=0:00:08:24)...[0m
[1;94m[*] [0mFuzzing test case #0 (56 total, 0 crashes saved, state: in progress, mode=explore, perf_score=1380, weight=2499, favorite=1, was_fuzzed=1, exec_us=3212, hits=0, map=18, ascii=0, run_time=0:00:08:26)...[0m
[1;94m[*] [0mFuzzing test case #0 (56 total, 0 crashes saved, state: in progress, mode=explore, perf_score=1380, weight=2499, favorite=1, was_fuzzed=1, exec_us=3212, hits=0, map=18, ascii=0, run_time=0:00:08:40)...[0m
[1;94m[*] [0mFuzzing test case #29 (56 total, 0 crashes saved, state: in progress, mode=explore, perf_score=690, weight=436, favorite=1, was_fuzzed=1, exec_us=1215, hits=1008, map=22, ascii=0, run_time=0:00:08:42)...[0m
[1;94m[*] [0mFuzzing test case #38 (56 total, 0 crashes saved, state: in progress, mode=explore, perf_score=690, weight=194, favorite=1, was_fuzzed=1, exec_us=1278, hits=91, map=21, ascii=0, run_time=0:00:08:44)...[0m
[1;94m[*] [0mFuzzing test case #23 (56 total, 0 crashes saved, state: in progress, mode=explore, perf_score=345, weight=282, favorite=1, was_fuzzed=1, exec_us=1281, hits=371, map=21, ascii=0, run_time=0:00:09:00)...[0m
[1;94m[*] [0mFuzzing test case #20 (56 total, 0 crashes saved, state: in progress, mode=explore, perf_score=345, weight=407, favorite=1, was_fuzzed=1, exec_us=1329, hits=155, map=24, ascii=0, run_time=0:00:09:01)...[0m
[1;94m[*] [0mFuzzing test case #0 (56 total, 0 crashes saved, state: in progress, mode=explore, perf_score=1380, weight=2499, favorite=1, was_fuzzed=1, exec_us=3212, hits=0, map=18, ascii=0, run_time=0:00:09:03)...[0m
[1;94m[*] [0mFuzzing test case #20 (56 total, 0 crashes saved, state: in progress, mode=explore, perf_score=345, weight=407, favorite=1, was_fuzzed=1, exec_us=1329, hits=159, map=24, ascii=0, run_time=0:00:09:04)...[0m
[1;94m[*] [0mFuzzing test case #0 (56 total, 0 crashes saved, state: in progress, mode=explore, perf_score=1380, weight=2499, favorite=1, was_fuzzed=1, exec_us=3212, hits=0, map=18, ascii=0, run_time=0:00:09:06)...[0m
[1;94m[*] [0mFuzzing test case #0 (56 total, 0 crashes saved, state: in progress, mode=explore, perf_score=1380, weight=2499, favorite=1, was_fuzzed=1, exec_us=3212, hits=0, map=18, ascii=0, run_time=0:00:09:21)...[0m
[1;94m[*] [0mFuzzing test case #0 (56 total, 0 crashes saved, state: in progress, mode=explore, perf_score=1380, weight=2499, favorite=1, was_fuzzed=1, exec_us=3212, hits=0, map=18, ascii=0, run_time=0:00:09:23)...[0m
[1;94m[*] [0mFuzzing test case #0 (56 total, 0 crashes saved, state: in progress, mode=explore, perf_score=1380, weight=2499, favorite=1, was_fuzzed=1, exec_us=3212, hits=0, map=18, ascii=0, run_time=0:00:09:25)...[0m
[1;94m[*] [0mFuzzing test case #23 (56 total, 0 crashes saved, state: in progress, mode=explore, perf_score=345, weight=282, favorite=1, was_fuzzed=1, exec_us=1281, hits=409, map=21, ascii=0, run_time=0:00:09:26)...[0m
[1;94m[*] [0mFuzzing test case #0 (56 total, 0 crashes saved, state: in progress, mode=explore, perf_score=1380, weight=2499, favorite=1, was_fuzzed=1, exec_us=3212, hits=0, map=18, ascii=0, run_time=0:00:09:27)...[0m
[1;94m[*] [0mFuzzing test case #0 (56 total, 0 crashes saved, state: in progress, mode=explore, perf_score=1380, weight=2499, favorite=1, was_fuzzed=1, exec_us=3212, hits=0, map=18, ascii=0, run_time=0:00:09:36)...[0m
[1;94m[*] [0mFuzzing test case #0 (56 total, 0 crashes saved, state: in progress, mode=explore, perf_score=1380, weight=2499, favorite=1, was_fuzzed=1, exec_us=3212, hits=0, map=18, ascii=0, run_time=0:00:09:37)...[0m
[1;94m[*] [0mFuzzing test case #29 (56 total, 0 crashes saved, state: in progress, mode=explore, perf_score=690, weight=436, favorite=1, was_fuzzed=1, exec_us=1215, hits=1056, map=22, ascii=0, run_time=0:00:09:39)...[0m
[1;94m[*] [0mFuzzing test case #0 (56 total, 0 crashes saved, state: in progress, mode=explore, perf_score=1380, weight=2499, favorite=1, was_fuzzed=1, exec_us=3212, hits=0, map=18, ascii=0, run_time=0:00:09:51)...[0m
[1;94m[*] [0mFuzzing test case #0 (56 total, 0 crashes saved, state: in progress, mode=explore, perf_score=1380, weight=2499, favorite=1, was_fuzzed=1, exec_us=3212, hits=0, map=18, ascii=0, run_time=0:00:09:53)...[0m
[1;94m[*] [0mFuzzing test case #23 (56 total, 0 crashes saved, state: in progress, mode=explore, perf_score=345, weight=282, favorite=1, was_fuzzed=1, exec_us=1281, hits=509, map=21, ascii=0, run_time=0:00:09:54)...[0m
[1;94m[*] [0mFuzzing test case #21 (56 total, 0 crashes saved, state: in progress, mode=explore, perf_score=345, weight=167, favorite=1, was_fuzzed=1, exec_us=1341, hits=190, map=22, ascii=0, run_time=0:00:09:56)...[0m
[1;94m[*] [0mEntering queue cycle 2.[0m
[1;94m[*] [0mFuzzing test case #23 (56 total, 0 crashes saved, state: in progress, mode=explore, perf_score=345, weight=282, favorite=1, was_fuzzed=1, exec_us=1281, hits=532, map=21, ascii=0, run_time=0:00:10:02)...[0m
[1;94m[*] [0mFuzzing test case #21 (56 total, 0 crashes saved, state: in progress, mode=explore, perf_score=345, weight=167, favorite=1, was_fuzzed=1, exec_us=1341, hits=219, map=22, ascii=0, run_time=0:00:10:03)...[0m
[1;94m[*] [0mFuzzing test case #29 (57 total, 0 crashes saved, state: in progress, mode=explore, perf_score=690, weight=427, favorite=1, was_fuzzed=1, exec_us=1215, hits=1203, map=22, ascii=0, run_time=0:00:10:05)...[0m
[1;94m[*] [0mFuzzing test case #0 (60 total, 0 crashes saved, state: in progress, mode=explore, perf_score=1380, weight=2494, favorite=1, was_fuzzed=1, exec_us=3212, hits=0, map=18, ascii=0, run_time=0:00:10:16)...[0m
[1;94m[*] [0mFuzzing test case #35 (60 total, 0 crashes saved, state: in progress, mode=explore, perf_score=690, weight=188, favorite=1, was_fuzzed=1, exec_us=1271, hits=111, map=23, ascii=0, run_time=0:00:10:17)...[0m
[1;94m[*] [0mFuzzing test case #0 (60 total, 0 crashes saved, state: in progress, mode=explore, perf_score=1380, weight=2494, favorite=1, was_fuzzed=1, exec_us=3212, hits=0, map=18, ascii=0, run_time=0:00:10:20)...[0m
[1;94m[*] [0mFuzzing test case #38 (62 total, 0 crashes saved, state: in progress, mode=explore, perf_score=690, weight=168, favorite=1, was_fuzzed=1, exec_us=1278, hits=176, map=21, ascii=0, run_time=0:00:10:31)...[0m
[1;94m[*] [0mFuzzing test case #18 (64 total, 0 crashes saved, state: in progress, mode=explore, perf_score=345, weight=123, favorite=1, was_fuzzed=1, exec_us=1448, hits=666, map=20, ascii=0, run_time=0:00:10:34)...[0m
[1;94m[*] [0mFuzzing test case #0 (64 total, 0 crashes saved, state: in progress, mode=explore, perf_score=1380, weight=2490, favorite=1, was_fuzzed=1, exec_us=3212, hits=0, map=18, ascii=0, run_time=0:00:10:35)...[0m
[1;94m[*] [0mFuzzing test case #35 (64 total, 0 crashes saved, state: in progress, mode=explore, perf_score=690, weight=173, favorite=1, was_fuzzed=1, exec_us=1271, hits=172, map=23, ascii=0, run_time=0:00:10:44)...[0m
[1;94m[*] [0mFuzzing test case #20 (64 total, 0 crashes saved, state: in progress, mode=explore, perf_score=345, weight=381, favorite=1, was_fuzzed=1, exec_us=1329, hits=199, map=24, ascii=0, run_time=0:00:10:46)...[0m
[1;94m[*] [0mFuzzing test case #0 (64 total, 0 crashes saved, state: in progress, mode=explore, perf_score=1380, weight=2490, favorite=1, was_fuzzed=1, exec_us=3212, hits=0, map=18, ascii=0, run_time=0:00:10:47)...[0m
[1;94m[*] [0mFuzzing test case #41 (64 total, 0 crashes saved, state: in progress, mode=explore, perf_score=690, weight=179, favorite=1, was_fuzzed=1, exec_us=1200, hits=229, map=24, ascii=0, run_time=0:00:10:49)...[0m
[1;94m[*] [0mFuzzing test case #0 (65 total, 0 crashes saved, state: in progress, mode=explore, perf_score=1380, weight=2490, favorite=1, was_fuzzed=1, exec_us=3212, hits=0, map=18, ascii=0, run_time=0:00:11:02)...[0m
[1;94m[*] [0mFuzzing test case #29 (65 total, 0 crashes saved, state: in progress, mode=explore, perf_score=690, weight=418, favorite=1, was_fuzzed=1, exec_us=1215, hits=1263, map=22, ascii=0, run_time=0:00:11:04)...[0m
[?25h[1;91m

+++ Testing aborted programmatically +++
[0m[1;94m[*] [0mStatistics: 64 new corpus items found, 48.53% coverage achieved, 1 crashes saved, 0 timeouts saved, total runtime 0 days, 0 hrs, 11 min, 6 sec[0m
[1;92m[+] [0mWe're done here. Have a nice day!
[0m
