JOB timestamp: Mon Dec 18 14:40:33 MST 2023
JOB ID: 121572
Array Task ID: 4
Current directory: /lfs/koff9454.ui/projects/plc_runtime_fuzzer/code_analysis/src
r2i1n4
gcc (Spack GCC) 12.1.0
Copyright (C) 2022 Free Software Foundation, Inc.
This is free software; see the source for copying conditions.  There is NO
warranty; not even for MERCHANTABILITY or FITNESS FOR A PARTICULAR PURPOSE.

Python 3.11.5
/lfs/koff9454.ui/miniconda3/envs/plc/bin/python
matiec version 0.1
changeset id: 
Number of programs: 3
Programs: condition_1 condition_2 condition_3
Fuzzing program: condition_2, Job ID: 4
input dir does not exist, creating
(source_file (program_definition program_name: (identifier) (variable_definition (variable_definition_body name: (identifier) address: (address) type: (basic_data_type)) (variable_definition_body name: (identifier) address: (address) type: (basic_data_type)) (variable_definition_body name: (identifier) address: (address) type: (basic_data_type))) (variable_definition (variable_definition_body name: (identifier) type: (basic_data_type))) (assignment (variable name: (identifier)) (binary_expression (parenthesis_expression (binary_expression (variable name: (identifier)) (variable name: (identifier)))) (parenthesis_expression (binary_expression (variable name: (identifier)) (boolean))))) (if_statement condition: (variable name: (identifier)) (assignment (variable name: (identifier)) (boolean)) (else_clause (assignment (variable name: (identifier)) (boolean))))) (configuration (identifier) (resource (identifier) (task (identifier) (time) (integer)) (program_instance (identifier) (identifier) (identifier)))))
variable_name:  button1
variable_type:  BOOL
variable_address:  %IX0.0

variable_name:  button2
variable_type:  BOOL
variable_address:  %IX0.1

variable_name:  led
variable_type:  BOOL
variable_address:  %QX0.0

variable_name:  LED_STATE
variable_type:  BOOL
variable_address:  None

visit_assignment:  (assignment (variable name: (identifier)) (binary_expression (parenthesis_expression (binary_expression (variable name: (identifier)) (variable name: (identifier)))) (parenthesis_expression (binary_expression (variable name: (identifier)) (boolean)))))

variable name:  LED_STATE
visit_assignment:  (assignment (variable name: (identifier)) (boolean))

variable name:  led
visit_assignment:  (assignment (variable name: (identifier)) (boolean))

variable name:  led

variables:  {'button1': ('BOOL', '%IX0.0'), 'button2': ('BOOL', '%IX0.1'), 'led': ('BOOL', '%QX0.0'), 'LED_STATE': ('BOOL', None)}
content:  %IX0.0,BOOL,9

content:  %IX0.1,BOOL,9

plc_inputs:  [{'name': '%IX0.0', 'type': 'BOOL', 'value': 9}, {'name': '%IX0.1', 'type': 'BOOL', 'value': 9}]
plc_input_code:  #include "iec_std_lib.h"
#include "iec_types_all.h" 
#include <string.h>
#include <stdlib.h>
#include "/lfs/koff9454.ui/projects/plc_runtime_fuzzer/runtime/inputs.h"

    
extern BOOL *__IX0_0;
extern BOOL *__IX0_1;

void set_plc_input(const char *name, const char *type, PLC_Value value) {

    if (strcmp(name, "%IX0.0") == 0) {
        if (strcmp(type, "BOOL") == 0) {
            *__IX0_0 = (BOOL)value._BOOL;
        }
    } else

    if (strcmp(name, "%IX0.1") == 0) {
        if (strcmp(type, "BOOL") == 0) {
            *__IX0_1 = (BOOL)value._BOOL;
        }
    }
}
harness executable does not exist, creating
~/projects/plc_runtime_fuzzer/runtime ~/projects/plc_runtime_fuzzer/code_analysis/src/programs/condition/condition_2
(source_file (program_definition program_name: (identifier) (variable_definition (variable_definition_body name: (identifier) address: (address) type: (basic_data_type)) (variable_definition_body name: (identifier) address: (address) type: (basic_data_type)) (variable_definition_body name: (identifier) address: (address) type: (basic_data_type))) (variable_definition (variable_definition_body name: (identifier) type: (basic_data_type))) (assignment (variable name: (identifier)) (binary_expression (parenthesis_expression (binary_expression (variable name: (identifier)) (variable name: (identifier)))) (parenthesis_expression (binary_expression (variable name: (identifier)) (boolean))))) (if_statement condition: (variable name: (identifier)) (assignment (variable name: (identifier)) (boolean)) (else_clause (assignment (variable name: (identifier)) (boolean))))) (configuration (identifier) (resource (identifier) (task (identifier) (time) (integer)) (program_instance (identifier) (identifier) (identifier)))))
variable_name:  button1
variable_type:  BOOL
variable_address:  %IX0.0

variable_name:  button2
variable_type:  BOOL
variable_address:  %IX0.1

variable_name:  led
variable_type:  BOOL
variable_address:  %QX0.0

variable_name:  LED_STATE
variable_type:  BOOL
variable_address:  None

visit_assignment:  (assignment (variable name: (identifier)) (binary_expression (parenthesis_expression (binary_expression (variable name: (identifier)) (variable name: (identifier)))) (parenthesis_expression (binary_expression (variable name: (identifier)) (boolean)))))

variable name:  LED_STATE
visit_assignment:  (assignment (variable name: (identifier)) (boolean))

variable name:  led
visit_assignment:  (assignment (variable name: (identifier)) (boolean))

variable name:  led

variables:  {'button1': ('BOOL', '%IX0.0'), 'button2': ('BOOL', '%IX0.1'), 'led': ('BOOL', '%QX0.0'), 'LED_STATE': ('BOOL', None)}
content:  %IX0.0,BOOL,9

content:  %IX0.1,BOOL,9

plc_inputs:  [{'name': '%IX0.0', 'type': 'BOOL', 'value': 9}, {'name': '%IX0.1', 'type': 'BOOL', 'value': 9}]
plc_input_code:  #include "iec_std_lib.h"
#include "iec_types_all.h" 
#include <string.h>
#include <stdlib.h>
#include "/lfs/koff9454.ui/projects/plc_runtime_fuzzer/runtime/inputs.h"

    
extern BOOL *__IX0_0;
extern BOOL *__IX0_1;

void set_plc_input(const char *name, const char *type, PLC_Value value) {

    if (strcmp(name, "%IX0.0") == 0) {
        if (strcmp(type, "BOOL") == 0) {
            *__IX0_0 = (BOOL)value._BOOL;
        }
    } else

    if (strcmp(name, "%IX0.1") == 0) {
        if (strcmp(type, "BOOL") == 0) {
            *__IX0_1 = (BOOL)value._BOOL;
        }
    }
}
Created temporary directory: /lfs/koff9454.ui/projects/plc_runtime_fuzzer/runtime/tmp.3qezoC
Generating IEC sources from ST file
POUS.c
POUS.h
LOCATED_VARIABLES.h
VARIABLES.csv
STD_CONF.c
STD_CONF.h
STD_RESSOURCE.c
Compiling the fuzzing harness
Compiling the set_input
Creating the executable
~/projects/plc_runtime_fuzzer/code_analysis/src/programs/condition/condition_2
Current directory: /lfs/koff9454.ui/projects/plc_runtime_fuzzer/code_analysis/src/programs/condition/condition_2
Files moved to /lfs/koff9454.ui/projects/plc_runtime_fuzzer/code_analysis/src/programs/condition/condition_2
Running the fuzzers
Workdir: "/lfs/koff9454.ui/projects/plc_runtime_fuzzer/code_analysis/src/programs/condition/condition_2/runs/run-4"
Out dir at "fuzzer-outdir" already exists.
Let's fuzz :)
[Stats #0] run time: 0h-0m-0s, clients: 1, corpus: 0, objectives: 0, executions: 0, exec/sec: 0.000
[Testcase #0] run time: 0h-0m-0s, clients: 1, corpus: 1, objectives: 0, executions: 1, exec/sec: 0.000
We imported 1 inputs from disk.
[Objective #0] run time: 0h-0m-0s, clients: 1, corpus: 1, objectives: 1, executions: 1, exec/sec: 0.000
[Objective #0] run time: 0h-0m-0s, clients: 1, corpus: 1, objectives: 2, executions: 1, exec/sec: 0.000
[Objective #0] run time: 0h-0m-0s, clients: 1, corpus: 1, objectives: 3, executions: 1, exec/sec: 0.000
[Objective #0] run time: 0h-0m-0s, clients: 1, corpus: 1, objectives: 4, executions: 1, exec/sec: 0.000
[Stats #0] run time: 0h-0m-0s, clients: 1, corpus: 1, objectives: 4, executions: 1, exec/sec: 0.000
[Testcase #0] run time: 0h-0m-0s, clients: 1, corpus: 2, objectives: 4, executions: 14, exec/sec: 0.000
[Objective #0] run time: 0h-0m-0s, clients: 1, corpus: 2, objectives: 5, executions: 14, exec/sec: 0.000
[Objective #0] run time: 0h-0m-0s, clients: 1, corpus: 2, objectives: 6, executions: 14, exec/sec: 0.000
[Objective #0] run time: 0h-0m-1s, clients: 1, corpus: 2, objectives: 7, executions: 14, exec/sec: 13.62
[Objective #0] run time: 0h-0m-1s, clients: 1, corpus: 2, objectives: 8, executions: 14, exec/sec: 12.07
[Objective #0] run time: 0h-0m-1s, clients: 1, corpus: 2, objectives: 9, executions: 14, exec/sec: 10.73
[Objective #0] run time: 0h-0m-1s, clients: 1, corpus: 2, objectives: 10, executions: 14, exec/sec: 9.719
[Objective #0] run time: 0h-0m-1s, clients: 1, corpus: 2, objectives: 11, executions: 14, exec/sec: 8.859
[Objective #0] run time: 0h-0m-1s, clients: 1, corpus: 2, objectives: 12, executions: 14, exec/sec: 8.064
[Objective #0] run time: 0h-0m-1s, clients: 1, corpus: 2, objectives: 13, executions: 14, exec/sec: 7.464
[Objective #0] run time: 0h-0m-2s, clients: 1, corpus: 2, objectives: 14, executions: 14, exec/sec: 6.962
[Objective #0] run time: 0h-0m-2s, clients: 1, corpus: 2, objectives: 15, executions: 14, exec/sec: 6.520
[Objective #0] run time: 0h-0m-2s, clients: 1, corpus: 2, objectives: 16, executions: 14, exec/sec: 6.164
[Objective #0] run time: 0h-0m-2s, clients: 1, corpus: 2, objectives: 17, executions: 14, exec/sec: 5.804
[Objective #0] run time: 0h-0m-2s, clients: 1, corpus: 2, objectives: 18, executions: 14, exec/sec: 5.474
[Objective #0] run time: 0h-0m-2s, clients: 1, corpus: 2, objectives: 19, executions: 14, exec/sec: 5.217
[Objective #0] run time: 0h-0m-2s, clients: 1, corpus: 2, objectives: 20, executions: 14, exec/sec: 4.943
[Objective #0] run time: 0h-0m-2s, clients: 1, corpus: 2, objectives: 21, executions: 14, exec/sec: 4.694
[Objective #0] run time: 0h-0m-3s, clients: 1, corpus: 2, objectives: 22, executions: 14, exec/sec: 4.489
[Objective #0] run time: 0h-0m-3s, clients: 1, corpus: 2, objectives: 23, executions: 14, exec/sec: 4.299
[Objective #0] run time: 0h-0m-3s, clients: 1, corpus: 2, objectives: 24, executions: 14, exec/sec: 4.136
[Objective #0] run time: 0h-0m-3s, clients: 1, corpus: 2, objectives: 25, executions: 14, exec/sec: 3.989
[Objective #0] run time: 0h-0m-3s, clients: 1, corpus: 2, objectives: 26, executions: 14, exec/sec: 3.847
[Objective #0] run time: 0h-0m-3s, clients: 1, corpus: 2, objectives: 27, executions: 14, exec/sec: 3.688
[Objective #0] run time: 0h-0m-3s, clients: 1, corpus: 2, objectives: 28, executions: 14, exec/sec: 3.556
[Objective #0] run time: 0h-0m-4s, clients: 1, corpus: 2, objectives: 29, executions: 14, exec/sec: 3.436
[Objective #0] run time: 0h-0m-4s, clients: 1, corpus: 2, objectives: 30, executions: 14, exec/sec: 3.313
[Objective #0] run time: 0h-0m-4s, clients: 1, corpus: 2, objectives: 31, executions: 14, exec/sec: 3.190
[Objective #0] run time: 0h-0m-4s, clients: 1, corpus: 2, objectives: 32, executions: 14, exec/sec: 3.092
[Objective #0] run time: 0h-0m-4s, clients: 1, corpus: 2, objectives: 33, executions: 14, exec/sec: 2.999
[Objective #0] run time: 0h-0m-4s, clients: 1, corpus: 2, objectives: 34, executions: 14, exec/sec: 2.922
[Objective #0] run time: 0h-0m-4s, clients: 1, corpus: 2, objectives: 35, executions: 14, exec/sec: 2.827
[Objective #0] run time: 0h-0m-5s, clients: 1, corpus: 2, objectives: 36, executions: 14, exec/sec: 2.754
[Objective #0] run time: 0h-0m-5s, clients: 1, corpus: 2, objectives: 37, executions: 14, exec/sec: 2.668
[Objective #0] run time: 0h-0m-5s, clients: 1, corpus: 2, objectives: 38, executions: 14, exec/sec: 2.600
[Objective #0] run time: 0h-0m-5s, clients: 1, corpus: 2, objectives: 39, executions: 14, exec/sec: 2.532
[Objective #0] run time: 0h-0m-5s, clients: 1, corpus: 2, objectives: 40, executions: 14, exec/sec: 2.473
[Objective #0] run time: 0h-0m-5s, clients: 1, corpus: 2, objectives: 41, executions: 14, exec/sec: 2.409
[Objective #0] run time: 0h-0m-5s, clients: 1, corpus: 2, objectives: 42, executions: 14, exec/sec: 2.353
[Objective #0] run time: 0h-0m-6s, clients: 1, corpus: 2, objectives: 43, executions: 14, exec/sec: 2.300
[Objective #0] run time: 0h-0m-6s, clients: 1, corpus: 2, objectives: 44, executions: 14, exec/sec: 2.247
[Objective #0] run time: 0h-0m-6s, clients: 1, corpus: 2, objectives: 45, executions: 14, exec/sec: 2.193
[Objective #0] run time: 0h-0m-6s, clients: 1, corpus: 2, objectives: 46, executions: 14, exec/sec: 2.152
[Objective #0] run time: 0h-0m-6s, clients: 1, corpus: 2, objectives: 47, executions: 14, exec/sec: 2.107
[Objective #0] run time: 0h-0m-6s, clients: 1, corpus: 2, objectives: 48, executions: 14, exec/sec: 2.063
[Objective #0] run time: 0h-0m-6s, clients: 1, corpus: 2, objectives: 49, executions: 14, exec/sec: 2.024
[Objective #0] run time: 0h-0m-7s, clients: 1, corpus: 2, objectives: 50, executions: 14, exec/sec: 1.985
[Objective #0] run time: 0h-0m-7s, clients: 1, corpus: 2, objectives: 51, executions: 14, exec/sec: 1.946
[Objective #0] run time: 0h-0m-7s, clients: 1, corpus: 2, objectives: 52, executions: 14, exec/sec: 1.908
[Objective #0] run time: 0h-0m-7s, clients: 1, corpus: 2, objectives: 53, executions: 14, exec/sec: 1.872
[Objective #0] run time: 0h-0m-7s, clients: 1, corpus: 2, objectives: 54, executions: 14, exec/sec: 1.840
[Objective #0] run time: 0h-0m-7s, clients: 1, corpus: 2, objectives: 55, executions: 14, exec/sec: 1.805
[Objective #0] run time: 0h-0m-7s, clients: 1, corpus: 2, objectives: 56, executions: 14, exec/sec: 1.772
[Objective #0] run time: 0h-0m-8s, clients: 1, corpus: 2, objectives: 57, executions: 14, exec/sec: 1.744
[Objective #0] run time: 0h-0m-8s, clients: 1, corpus: 2, objectives: 58, executions: 14, exec/sec: 1.716
[Objective #0] run time: 0h-0m-8s, clients: 1, corpus: 2, objectives: 59, executions: 14, exec/sec: 1.689
[Objective #0] run time: 0h-0m-8s, clients: 1, corpus: 2, objectives: 60, executions: 14, exec/sec: 1.659
[Objective #0] run time: 0h-0m-8s, clients: 1, corpus: 2, objectives: 61, executions: 14, exec/sec: 1.636
[Objective #0] run time: 0h-0m-8s, clients: 1, corpus: 2, objectives: 62, executions: 14, exec/sec: 1.608
[Objective #0] run time: 0h-0m-8s, clients: 1, corpus: 2, objectives: 63, executions: 14, exec/sec: 1.581
[Objective #0] run time: 0h-0m-8s, clients: 1, corpus: 2, objectives: 64, executions: 14, exec/sec: 1.558
[Objective #0] run time: 0h-0m-9s, clients: 1, corpus: 2, objectives: 65, executions: 14, exec/sec: 1.531
[Objective #0] run time: 0h-0m-9s, clients: 1, corpus: 2, objectives: 66, executions: 14, exec/sec: 1.507
[Objective #0] run time: 0h-0m-9s, clients: 1, corpus: 2, objectives: 67, executions: 14, exec/sec: 1.484
[Objective #0] run time: 0h-0m-9s, clients: 1, corpus: 2, objectives: 68, executions: 14, exec/sec: 1.462
[Objective #0] run time: 0h-0m-9s, clients: 1, corpus: 2, objectives: 69, executions: 14, exec/sec: 1.441
[Objective #0] run time: 0h-0m-9s, clients: 1, corpus: 2, objectives: 70, executions: 14, exec/sec: 1.421
[Objective #0] run time: 0h-0m-9s, clients: 1, corpus: 2, objectives: 71, executions: 14, exec/sec: 1.401
[Objective #0] run time: 0h-0m-10s, clients: 1, corpus: 2, objectives: 72, executions: 14, exec/sec: 1.381
[Objective #0] run time: 0h-0m-10s, clients: 1, corpus: 2, objectives: 73, executions: 14, exec/sec: 1.364
[Objective #0] run time: 0h-0m-10s, clients: 1, corpus: 2, objectives: 74, executions: 14, exec/sec: 1.343
[Objective #0] run time: 0h-0m-10s, clients: 1, corpus: 2, objectives: 75, executions: 14, exec/sec: 1.324
[Objective #0] run time: 0h-0m-10s, clients: 1, corpus: 2, objectives: 76, executions: 14, exec/sec: 1.309
[Objective #0] run time: 0h-0m-10s, clients: 1, corpus: 2, objectives: 77, executions: 14, exec/sec: 1.296
[Objective #0] run time: 0h-0m-10s, clients: 1, corpus: 2, objectives: 78, executions: 14, exec/sec: 1.280
[Objective #0] run time: 0h-0m-11s, clients: 1, corpus: 2, objectives: 79, executions: 14, exec/sec: 1.265
[Objective #0] run time: 0h-0m-11s, clients: 1, corpus: 2, objectives: 80, executions: 14, exec/sec: 1.251
[Objective #0] run time: 0h-0m-11s, clients: 1, corpus: 2, objectives: 81, executions: 14, exec/sec: 1.239
Crash limit reached: 1
