JOB timestamp: Mon Dec 18 15:28:05 MST 2023
JOB ID: 121621
Array Task ID: 10
Current directory: /lfs/koff9454.ui/projects/plc_runtime_fuzzer/code_analysis/src
r3i4n3
gcc (Spack GCC) 12.1.0
Copyright (C) 2022 Free Software Foundation, Inc.
This is free software; see the source for copying conditions.  There is NO
warranty; not even for MERCHANTABILITY or FITNESS FOR A PARTICULAR PURPOSE.

Python 3.11.5
/lfs/koff9454.ui/miniconda3/envs/plc/bin/python
matiec version 0.1
changeset id: 
Number of programs: 3
Programs: condition_1 condition_2 condition_3
Fuzzing program: condition_2, Job ID: 10
input dir exist, skipping
harness file exist, skipping
Running the fuzzers
Workdir: "/lfs/koff9454.ui/projects/plc_runtime_fuzzer/code_analysis/src/programs/condition/condition_2/runs/run-10"
Out dir at "fuzzer-outdir" already exists.
Let's fuzz :)
[1;92m[+] [0mEnabled environment variable AFL_BENCH_UNTIL_CRASH with value 1[0m
[1;92m[+] [0mEnabled environment variable AFL_IGNORE_SEED_PROBLEMS with value 1[0m
[1;92m[+] [0mEnabled environment variable AFL_I_DONT_CARE_ABOUT_MISSING_CRASHES with value 1[0m
[1;92m[+] [0mEnabled environment variable AFL_SKIP_CPUFREQ with value 1[0m
[1;92m[+] [0mEnabled environment variable AFL_TRY_AFFINITY with value 1[0m
[1;93m[!] [1;97mWARNING: [0mPotentially mistyped AFL environment variable: USE_PCM_DB=2, did you mean AFL_USE_PCM_DB=2?[0m
[0;36mafl-fuzz++4.09a[0m based on afl by Michal Zalewski and a large online community
[1;92m[+] [0mAFL++ is maintained by Marc "van Hauser" Heuse, Dominik Maier, Andrea Fioraldi and Heiko "hexcoder" Eißfeldt[0m
[1;92m[+] [0mAFL++ is open source, get it at https://github.com/AFLplusplus/AFLplusplus[0m
[1;92m[+] [0mNOTE: AFL++ >= v3 has changed defaults and behaviours - see README.md[0m
[1;92m[+] [0mNo -M/-S set, autoconfiguring for "-S default"[0m
[1;94m[*] [0mGetting to work...[0m
[1;92m[+] [0mUsing exponential power schedule (FAST)[0m
[1;92m[+] [0mEnabled testcache with 50 MB[0m
[1;92m[+] [0mGenerating fuzz data with a length of min=1 max=1048576[0m
[1;94m[*] [0mChecking core_pattern...[0m

[1;91m[-] [0mHmm, your system is configured to send core dump notifications to an
    external utility. This will cause issues: there will be an extended delay
    between stumbling upon a crash and having this information relayed to the
    fuzzer via the standard waitpid() API.
    If you're just testing, set 'AFL_I_DONT_CARE_ABOUT_MISSING_CRASHES=1'.

    To avoid having crashes misinterpreted as timeouts, please log in as root
    and temporarily modify /proc/sys/kernel/core_pattern, like so:

    echo core >/proc/sys/kernel/core_pattern
[1;92m[+] [0mLooks like we're not running on a tty, so I'll be a bit less verbose.[0m
[1;92m[+] [0mYou have 36 CPU cores and 8 runnable tasks (utilization: 22%).[0m
[1;92m[+] [0mTry parallel jobs - see /usr/local/share/doc/afl/fuzzing_in_depth.md#c-using-multiple-cores[0m
[1;94m[*] [0mSetting up output directories...[0m
[1;94m[*] [0mChecking CPU core loadout...[0m
[1;92m[+] [0mFound a free CPU core, try binding to #0.[0m
[1;94m[*] [0mScanning 'our-indir'...[0m
[1;92m[+] [0mLoaded a total of 1 seeds.[0m
[1;94m[*] [0mCreating hard links for all input files...[0m
[1;94m[*] [0mValidating target binary...[0m
[1;94m[*] [0mSpinning up the fork server...[0m
[1;92m[+] [0mAll right - fork server is up.[0m
[1;94m[*] [0mTarget map size: 74[0m
[1;94m[*] [0mNo auto-generated dictionary tokens to reuse.[0m
[1;94m[*] [0mLoading extra dictionary from 'our-inputs.dict' (level 0)...[0m
[1;94m[*] [0mLoaded 80 extra tokens, size range 4 B to 6 B.[0m
[1;92m[+] [0mLoaded a total of 6 extras.[0m
[1;94m[*] [0mAttempting dry run with 'id:000000,time:0,execs:0,orig:variables.txt'...[0m
[1;90m    len = 560, map size = 20, exec speed = 6207 us, hash = fe825d59491019c6
[0m[1;92m[+] [0mAll test cases processed.[0m
[1;92m[+] [0mHere are some useful stats:

[1;90m    Test case count : [0m1 favored, 0 variable, 0 ignored, 1 total
[1;90m       Bitmap range : [0m20 to 20 bits (average: 20.00 bits)
[1;90m        Exec timing : [0m6207 to 6207 us (average: 6207 us)
[0m
[1;94m[*] [0mNo -t option specified, so I'll use an exec timeout of 40 ms.[0m
[1;92m[+] [0mAll set and ready to roll![0m
[1;94m[*] [0mEntering queue cycle 1.[0m
[1;94m[*] [0mFuzzing test case #0 (1 total, 0 crashes saved, state: started :-), mode=explore, perf_score=0, weight=0, favorite=1, was_fuzzed=0, exec_us=6207, hits=0, map=20, ascii=0, run_time=0:00:00:00)...[0m
[1;92m[+] [0mEnabled environment variable AFL_BENCH_UNTIL_CRASH with value 1[0m
[1;92m[+] [0mEnabled environment variable AFL_IGNORE_SEED_PROBLEMS with value 1[0m
[1;92m[+] [0mEnabled environment variable AFL_I_DONT_CARE_ABOUT_MISSING_CRASHES with value 1[0m
[1;92m[+] [0mEnabled environment variable AFL_SKIP_CPUFREQ with value 1[0m
[1;92m[+] [0mEnabled environment variable AFL_TRY_AFFINITY with value 1[0m
[1;93m[!] [1;97mWARNING: [0mPotentially mistyped AFL environment variable: USE_PCM_DB=2, did you mean AFL_USE_PCM_DB=2?[0m
[0;36mafl-fuzz++4.09a[0m based on afl by Michal Zalewski and a large online community
[1;92m[+] [0mAFL++ is maintained by Marc "van Hauser" Heuse, Dominik Maier, Andrea Fioraldi and Heiko "hexcoder" Eißfeldt[0m
[1;92m[+] [0mAFL++ is open source, get it at https://github.com/AFLplusplus/AFLplusplus[0m
[1;92m[+] [0mNOTE: AFL++ >= v3 has changed defaults and behaviours - see README.md[0m
[1;92m[+] [0mNo -M/-S set, autoconfiguring for "-S default"[0m
[1;94m[*] [0mGetting to work...[0m
[1;92m[+] [0mUsing exponential power schedule (FAST)[0m
[1;92m[+] [0mEnabled testcache with 50 MB[0m
[1;92m[+] [0mGenerating fuzz data with a length of min=1 max=1048576[0m
[1;94m[*] [0mChecking core_pattern...[0m

[1;91m[-] [0mHmm, your system is configured to send core dump notifications to an
    external utility. This will cause issues: there will be an extended delay
    between stumbling upon a crash and having this information relayed to the
    fuzzer via the standard waitpid() API.
    If you're just testing, set 'AFL_I_DONT_CARE_ABOUT_MISSING_CRASHES=1'.

    To avoid having crashes misinterpreted as timeouts, please log in as root
    and temporarily modify /proc/sys/kernel/core_pattern, like so:

    echo core >/proc/sys/kernel/core_pattern
[1;92m[+] [0mLooks like we're not running on a tty, so I'll be a bit less verbose.[0m
[1;92m[+] [0mYou have 36 CPU cores and 7 runnable tasks (utilization: 19%).[0m
[1;92m[+] [0mTry parallel jobs - see /usr/local/share/doc/afl/fuzzing_in_depth.md#c-using-multiple-cores[0m
[1;94m[*] [0mSetting up output directories...[0m
[1;94m[*] [0mChecking CPU core loadout...[0m
[1;92m[+] [0mFound a free CPU core, try binding to #5.[0m
[1;94m[*] [0mScanning 'afl-indir'...[0m
[1;92m[+] [0mLoaded a total of 1 seeds.[0m
[1;94m[*] [0mCreating hard links for all input files...[0m
[1;94m[*] [0mValidating target binary...[0m
[1;94m[*] [0mSpinning up the fork server...[0m
[1;92m[+] [0mAll right - fork server is up.[0m
[1;94m[*] [0mTarget map size: 74[0m
[1;94m[*] [0mNo auto-generated dictionary tokens to reuse.[0m
[1;94m[*] [0mLoading extra dictionary from 'afl-inputs.dict' (level 0)...[0m
[1;94m[*] [0mLoaded 80 extra tokens, size range 4 B to 6 B.[0m
[1;92m[+] [0mLoaded a total of 6 extras.[0m
[1;94m[*] [0mAttempting dry run with 'id:000000,time:0,execs:0,orig:testcase.txt'...[0m
[1;90m    len = 3, map size = 19, exec speed = 5969 us, hash = ca589d48df9abc58
[0m[1;92m[+] [0mAll test cases processed.[0m
[1;92m[+] [0mHere are some useful stats:

[1;90m    Test case count : [0m1 favored, 0 variable, 0 ignored, 1 total
[1;90m       Bitmap range : [0m19 to 19 bits (average: 19.00 bits)
[1;90m        Exec timing : [0m5969 to 5969 us (average: 5969 us)
[0m
[1;94m[*] [0mNo -t option specified, so I'll use an exec timeout of 40 ms.[0m
[1;92m[+] [0mAll set and ready to roll![0m
[1;94m[*] [0mEntering queue cycle 1.[0m
[1;94m[*] [0mFuzzing test case #0 (1 total, 0 crashes saved, state: started :-), mode=explore, perf_score=0, weight=0, favorite=1, was_fuzzed=0, exec_us=5969, hits=0, map=19, ascii=0, run_time=0:00:00:00)...[0m
[1;94m[*] [0mFuzzing test case #0 (1 total, 0 crashes saved, state: started :-), mode=explore, perf_score=459, weight=10, favorite=1, was_fuzzed=1, exec_us=5969, hits=0, map=19, ascii=0, run_time=0:00:00:00)...[0m
[?25h[1;91m

+++ Testing aborted programmatically +++
[0m[1;94m[*] [0mStatistics: 23 new corpus items found, 44.59% coverage achieved, 1 crashes saved, 0 timeouts saved, total runtime 0 days, 0 hrs, 0 min, 14 sec[0m
[1;92m[+] [0mWe're done here. Have a nice day!
[0m
[1;94m[*] [0mFuzzing test case #7 (10 total, 0 crashes saved, state: started :-), mode=explore, perf_score=0, weight=0, favorite=1, was_fuzzed=0, exec_us=5994, hits=20, map=19, ascii=0, run_time=0:00:01:18)...[0m
[1;94m[*] [0mFuzzing test case #1 (10 total, 0 crashes saved, state: started :-), mode=explore, perf_score=100, weight=5, favorite=1, was_fuzzed=0, exec_us=3767, hits=881, map=20, ascii=0, run_time=0:00:01:18)...[0m
[1;94m[*] [0mFuzzing test case #1 (10 total, 0 crashes saved, state: started :-), mode=explore, perf_score=114, weight=18, favorite=1, was_fuzzed=1, exec_us=3767, hits=897, map=20, ascii=0, run_time=0:00:01:19)...[0m
[1;94m[*] [0mFuzzing test case #10 (12 total, 0 crashes saved, state: started :-), mode=explore, perf_score=0, weight=0, favorite=1, was_fuzzed=0, exec_us=1419, hits=28, map=21, ascii=0, run_time=0:00:01:20)...[0m
[1;94m[*] [0mFuzzing test case #5 (12 total, 0 crashes saved, state: started :-), mode=explore, perf_score=150, weight=1, favorite=0, was_fuzzed=0, exec_us=1987, hits=309, map=20, ascii=0, run_time=0:00:01:20)...[0m
[1;94m[*] [0mFuzzing test case #1 (13 total, 0 crashes saved, state: started :-), mode=explore, perf_score=114, weight=18, favorite=1, was_fuzzed=1, exec_us=3767, hits=964, map=20, ascii=0, run_time=0:00:01:20)...[0m
[1;94m[*] [0mFuzzing test case #10 (16 total, 0 crashes saved, state: started :-), mode=explore, perf_score=172, weight=9, favorite=1, was_fuzzed=1, exec_us=1419, hits=33, map=21, ascii=0, run_time=0:00:01:47)...[0m
[1;94m[*] [0mFuzzing test case #1 (16 total, 0 crashes saved, state: started :-), mode=explore, perf_score=114, weight=19, favorite=1, was_fuzzed=1, exec_us=3767, hits=983, map=20, ascii=0, run_time=0:00:01:48)...[0m
[1;94m[*] [0mFuzzing test case #10 (16 total, 0 crashes saved, state: started :-), mode=explore, perf_score=172, weight=9, favorite=1, was_fuzzed=1, exec_us=1419, hits=87, map=21, ascii=0, run_time=0:00:01:48)...[0m
[1;94m[*] [0mFuzzing test case #10 (17 total, 0 crashes saved, state: started :-), mode=explore, perf_score=172, weight=7, favorite=1, was_fuzzed=1, exec_us=1419, hits=135, map=21, ascii=0, run_time=0:00:01:49)...[0m
[1;94m[*] [0mFuzzing test case #1 (17 total, 0 crashes saved, state: started :-), mode=explore, perf_score=114, weight=20, favorite=1, was_fuzzed=1, exec_us=3767, hits=1045, map=20, ascii=0, run_time=0:00:01:50)...[0m
[1;94m[*] [0mFuzzing test case #1 (17 total, 0 crashes saved, state: started :-), mode=explore, perf_score=114, weight=20, favorite=1, was_fuzzed=1, exec_us=3767, hits=1067, map=20, ascii=0, run_time=0:00:01:50)...[0m
[1;94m[*] [0mFuzzing test case #1 (17 total, 0 crashes saved, state: started :-), mode=explore, perf_score=114, weight=20, favorite=1, was_fuzzed=1, exec_us=3767, hits=1099, map=20, ascii=0, run_time=0:00:01:51)...[0m
[1;94m[*] [0mFuzzing test case #1 (18 total, 0 crashes saved, state: started :-), mode=explore, perf_score=114, weight=20, favorite=1, was_fuzzed=1, exec_us=3767, hits=1118, map=20, ascii=0, run_time=0:00:01:51)...[0m
[1;94m[*] [0mFuzzing test case #7 (18 total, 0 crashes saved, state: started :-), mode=explore, perf_score=86, weight=2, favorite=1, was_fuzzed=1, exec_us=5994, hits=53, map=19, ascii=0, run_time=0:00:01:51)...[0m
[1;94m[*] [0mFuzzing test case #1 (18 total, 0 crashes saved, state: started :-), mode=explore, perf_score=114, weight=20, favorite=1, was_fuzzed=1, exec_us=3767, hits=1177, map=20, ascii=0, run_time=0:00:01:52)...[0m
[1;94m[*] [0mFuzzing test case #10 (18 total, 0 crashes saved, state: started :-), mode=explore, perf_score=172, weight=7, favorite=1, was_fuzzed=1, exec_us=1419, hits=209, map=21, ascii=0, run_time=0:00:01:52)...[0m
[1;94m[*] [0mFuzzing test case #18 (19 total, 0 crashes saved, state: started :-), mode=explore, perf_score=0, weight=0, favorite=1, was_fuzzed=0, exec_us=1341, hits=1, map=21, ascii=0, run_time=0:00:01:53)...[0m
[1;94m[*] [0mFuzzing test case #1 (19 total, 0 crashes saved, state: started :-), mode=explore, perf_score=114, weight=19, favorite=1, was_fuzzed=1, exec_us=3767, hits=1262, map=20, ascii=0, run_time=0:00:01:53)...[0m
[1;94m[*] [0mFuzzing test case #1 (19 total, 0 crashes saved, state: started :-), mode=explore, perf_score=114, weight=19, favorite=1, was_fuzzed=1, exec_us=3767, hits=1296, map=20, ascii=0, run_time=0:00:02:15)...[0m
[1;94m[*] [0mFuzzing test case #18 (19 total, 0 crashes saved, state: started :-), mode=explore, perf_score=1380, weight=23, favorite=1, was_fuzzed=1, exec_us=1341, hits=1, map=21, ascii=0, run_time=0:00:02:15)...[0m
[1;94m[*] [0mFuzzing test case #1 (19 total, 0 crashes saved, state: started :-), mode=explore, perf_score=114, weight=19, favorite=1, was_fuzzed=1, exec_us=3767, hits=1600, map=20, ascii=0, run_time=0:00:02:45)...[0m
[1;94m[*] [0mEntering queue cycle 2.[0m
[1;94m[*] [0mFuzzing test case #1 (19 total, 0 crashes saved, state: started :-), mode=explore, perf_score=114, weight=19, favorite=1, was_fuzzed=1, exec_us=3767, hits=1649, map=20, ascii=0, run_time=0:00:02:46)...[0m
[1;94m[*] [0mFuzzing test case #1 (19 total, 0 crashes saved, state: started :-), mode=explore, perf_score=114, weight=19, favorite=1, was_fuzzed=1, exec_us=3767, hits=1692, map=20, ascii=0, run_time=0:00:02:46)...[0m
[1;94m[*] [0mFuzzing test case #1 (19 total, 0 crashes saved, state: started :-), mode=explore, perf_score=114, weight=19, favorite=1, was_fuzzed=1, exec_us=3767, hits=1726, map=20, ascii=0, run_time=0:00:02:46)...[0m
[1;94m[*] [0mFuzzing test case #18 (19 total, 0 crashes saved, state: started :-), mode=explore, perf_score=1380, weight=23, favorite=1, was_fuzzed=1, exec_us=1341, hits=253, map=21, ascii=0, run_time=0:00:02:47)...[0m
[1;94m[*] [0mFuzzing test case #19 (21 total, 0 crashes saved, state: started :-), mode=explore, perf_score=0, weight=0, favorite=1, was_fuzzed=0, exec_us=1287, hits=6, map=21, ascii=0, run_time=0:00:03:38)...[0m
[1;94m[*] [0mFuzzing test case #20 (21 total, 0 crashes saved, state: started :-), mode=explore, perf_score=600, weight=31, favorite=1, was_fuzzed=0, exec_us=1473, hits=2, map=21, ascii=0, run_time=0:00:03:38)...[0m
[1;94m[*] [0mFuzzing test case #10 (21 total, 0 crashes saved, state: started :-), mode=explore, perf_score=172, weight=6, favorite=1, was_fuzzed=1, exec_us=1419, hits=301, map=21, ascii=0, run_time=0:00:03:41)...[0m
[1;94m[*] [0mFuzzing test case #1 (21 total, 0 crashes saved, state: started :-), mode=explore, perf_score=114, weight=17, favorite=1, was_fuzzed=1, exec_us=3767, hits=2702, map=20, ascii=0, run_time=0:00:03:42)...[0m
[1;94m[*] [0mFuzzing test case #10 (21 total, 0 crashes saved, state: started :-), mode=explore, perf_score=172, weight=6, favorite=1, was_fuzzed=1, exec_us=1419, hits=357, map=21, ascii=0, run_time=0:00:03:42)...[0m
[1;94m[*] [0mFuzzing test case #1 (21 total, 0 crashes saved, state: started :-), mode=explore, perf_score=114, weight=17, favorite=1, was_fuzzed=1, exec_us=3767, hits=2761, map=20, ascii=0, run_time=0:00:04:04)...[0m
[1;94m[*] [0mFuzzing test case #19 (21 total, 0 crashes saved, state: started :-), mode=explore, perf_score=1035, weight=13, favorite=1, was_fuzzed=1, exec_us=1287, hits=6, map=21, ascii=0, run_time=0:00:04:04)...[0m
[1;94m[*] [0mFuzzing test case #24 (26 total, 0 crashes saved, state: started :-), mode=explore, perf_score=0, weight=0, favorite=1, was_fuzzed=0, exec_us=1261, hits=3, map=24, ascii=0, run_time=0:00:04:34)...[0m
[1;94m[*] [0mFuzzing test case #24 (26 total, 0 crashes saved, state: started :-), mode=explore, perf_score=2760, weight=30, favorite=1, was_fuzzed=1, exec_us=1261, hits=3, map=24, ascii=0, run_time=0:00:04:34)...[0m
[1;94m[*] [0mFuzzing test case #30 (34 total, 0 crashes saved, state: in progress, mode=explore, perf_score=0, weight=0, favorite=1, was_fuzzed=0, exec_us=1234, hits=1, map=24, ascii=0, run_time=0:00:05:40)...[0m
[1;94m[*] [0mFuzzing test case #26 (34 total, 0 crashes saved, state: in progress, mode=explore, perf_score=600, weight=41, favorite=1, was_fuzzed=0, exec_us=1235, hits=15, map=23, ascii=0, run_time=0:00:05:40)...[0m
[1;94m[*] [0mFuzzing test case #33 (35 total, 0 crashes saved, state: in progress, mode=explore, perf_score=400, weight=33, favorite=1, was_fuzzed=0, exec_us=1257, hits=2, map=24, ascii=0, run_time=0:00:06:07)...[0m
[1;94m[*] [0mFuzzing test case #30 (38 total, 0 crashes saved, state: in progress, mode=explore, perf_score=919, weight=22, favorite=1, was_fuzzed=1, exec_us=1234, hits=1, map=24, ascii=0, run_time=0:00:06:11)...[0m
[1;94m[*] [0mFuzzing test case #39 (42 total, 0 crashes saved, state: in progress, mode=explore, perf_score=0, weight=0, favorite=1, was_fuzzed=0, exec_us=1523, hits=6, map=22, ascii=0, run_time=0:00:07:16)...[0m
[1;94m[*] [0mFuzzing test case #10 (42 total, 0 crashes saved, state: in progress, mode=explore, perf_score=114, weight=5, favorite=1, was_fuzzed=1, exec_us=1419, hits=517, map=21, ascii=0, run_time=0:00:07:16)...[0m
[1;94m[*] [0mFuzzing test case #26 (42 total, 0 crashes saved, state: in progress, mode=explore, perf_score=229, weight=16, favorite=1, was_fuzzed=1, exec_us=1235, hits=68, map=23, ascii=0, run_time=0:00:07:16)...[0m
[1;94m[*] [0mFuzzing test case #39 (42 total, 0 crashes saved, state: in progress, mode=explore, perf_score=1035, weight=10, favorite=1, was_fuzzed=1, exec_us=1523, hits=6, map=22, ascii=0, run_time=0:00:07:17)...[0m
[1;94m[*] [0mFuzzing test case #24 (45 total, 0 crashes saved, state: in progress, mode=explore, perf_score=229, weight=6, favorite=1, was_fuzzed=1, exec_us=1261, hits=418, map=24, ascii=0, run_time=0:00:07:44)...[0m
[1;94m[*] [0mFuzzing test case #10 (45 total, 0 crashes saved, state: in progress, mode=explore, perf_score=114, weight=5, favorite=1, was_fuzzed=1, exec_us=1419, hits=545, map=21, ascii=0, run_time=0:00:07:45)...[0m
[1;94m[*] [0mFuzzing test case #24 (45 total, 0 crashes saved, state: in progress, mode=explore, perf_score=229, weight=6, favorite=1, was_fuzzed=1, exec_us=1261, hits=445, map=24, ascii=0, run_time=0:00:07:46)...[0m
[1;94m[*] [0mFuzzing test case #30 (45 total, 0 crashes saved, state: in progress, mode=explore, perf_score=229, weight=5, favorite=1, was_fuzzed=1, exec_us=1234, hits=2317, map=24, ascii=0, run_time=0:00:08:05)...[0m
[1;94m[*] [0mFuzzing test case #42 (45 total, 0 crashes saved, state: in progress, mode=explore, perf_score=600, weight=2, favorite=0, was_fuzzed=0, exec_us=1274, hits=4, map=22, ascii=0, run_time=0:00:08:06)...[0m
[1;94m[*] [0mFuzzing test case #1 (47 total, 0 crashes saved, state: in progress, mode=explore, perf_score=86, weight=18, favorite=1, was_fuzzed=1, exec_us=3767, hits=4015, map=20, ascii=0, run_time=0:00:08:08)...[0m
[1;94m[*] [0mFuzzing test case #41 (47 total, 0 crashes saved, state: in progress, mode=explore, perf_score=300, weight=3, favorite=0, was_fuzzed=0, exec_us=1291, hits=1, map=24, ascii=0, run_time=0:00:08:08)...[0m
[1;94m[*] [0mFuzzing test case #1 (47 total, 0 crashes saved, state: in progress, mode=explore, perf_score=86, weight=18, favorite=1, was_fuzzed=1, exec_us=3767, hits=4057, map=20, ascii=0, run_time=0:00:08:10)...[0m
[1;94m[*] [0mFuzzing test case #33 (47 total, 0 crashes saved, state: in progress, mode=explore, perf_score=229, weight=7, favorite=1, was_fuzzed=1, exec_us=1257, hits=238, map=24, ascii=0, run_time=0:00:08:22)...[0m
[1;94m[*] [0mFuzzing test case #24 (48 total, 0 crashes saved, state: in progress, mode=explore, perf_score=229, weight=6, favorite=1, was_fuzzed=1, exec_us=1261, hits=453, map=24, ascii=0, run_time=0:00:08:23)...[0m
[1;94m[*] [0mFuzzing test case #42 (48 total, 0 crashes saved, state: in progress, mode=explore, perf_score=345, weight=7, favorite=1, was_fuzzed=1, exec_us=1274, hits=148, map=22, ascii=0, run_time=0:00:08:24)...[0m
[1;94m[*] [0mFuzzing test case #24 (48 total, 0 crashes saved, state: in progress, mode=explore, perf_score=229, weight=6, favorite=1, was_fuzzed=1, exec_us=1261, hits=459, map=24, ascii=0, run_time=0:00:08:25)...[0m
[1;94m[*] [0mFuzzing test case #1 (48 total, 0 crashes saved, state: in progress, mode=explore, perf_score=86, weight=19, favorite=1, was_fuzzed=1, exec_us=3767, hits=4144, map=20, ascii=0, run_time=0:00:08:26)...[0m
[1;94m[*] [0mFuzzing test case #18 (48 total, 0 crashes saved, state: in progress, mode=explore, perf_score=229, weight=5, favorite=1, was_fuzzed=1, exec_us=1341, hits=1836, map=21, ascii=0, run_time=0:00:08:39)...[0m
[1;94m[*] [0mFuzzing test case #33 (48 total, 0 crashes saved, state: in progress, mode=explore, perf_score=229, weight=6, favorite=1, was_fuzzed=1, exec_us=1257, hits=294, map=24, ascii=0, run_time=0:00:08:39)...[0m
[1;94m[*] [0mFuzzing test case #34 (48 total, 0 crashes saved, state: in progress, mode=explore, perf_score=300, weight=3, favorite=0, was_fuzzed=0, exec_us=1291, hits=1, map=25, ascii=0, run_time=0:00:08:40)...[0m
[1;94m[*] [0mFuzzing test case #26 (49 total, 0 crashes saved, state: in progress, mode=explore, perf_score=229, weight=16, favorite=1, was_fuzzed=1, exec_us=1235, hits=104, map=23, ascii=0, run_time=0:00:08:42)...[0m
[1;94m[*] [0mFuzzing test case #20 (49 total, 0 crashes saved, state: in progress, mode=explore, perf_score=229, weight=6, favorite=1, was_fuzzed=1, exec_us=1473, hits=116, map=21, ascii=0, run_time=0:00:08:43)...[0m
[1;94m[*] [0mFuzzing test case #26 (49 total, 0 crashes saved, state: in progress, mode=explore, perf_score=229, weight=16, favorite=1, was_fuzzed=1, exec_us=1235, hits=115, map=23, ascii=0, run_time=0:00:08:44)...[0m
[1;94m[*] [0mFuzzing test case #26 (49 total, 0 crashes saved, state: in progress, mode=explore, perf_score=229, weight=16, favorite=1, was_fuzzed=1, exec_us=1235, hits=177, map=23, ascii=0, run_time=0:00:08:45)...[0m
[1;94m[*] [0mFuzzing test case #20 (49 total, 0 crashes saved, state: in progress, mode=explore, perf_score=229, weight=6, favorite=1, was_fuzzed=1, exec_us=1473, hits=162, map=21, ascii=0, run_time=0:00:08:45)...[0m
[1;94m[*] [0mFuzzing test case #30 (49 total, 0 crashes saved, state: in progress, mode=explore, perf_score=229, weight=5, favorite=1, was_fuzzed=1, exec_us=1234, hits=2370, map=24, ascii=0, run_time=0:00:09:00)...[0m
[1;94m[*] [0mFuzzing test case #1 (49 total, 0 crashes saved, state: in progress, mode=explore, perf_score=86, weight=19, favorite=1, was_fuzzed=1, exec_us=3767, hits=4363, map=20, ascii=0, run_time=0:00:09:01)...[0m
[1;94m[*] [0mFuzzing test case #18 (50 total, 0 crashes saved, state: in progress, mode=explore, perf_score=229, weight=5, favorite=1, was_fuzzed=1, exec_us=1341, hits=1847, map=21, ascii=0, run_time=0:00:09:01)...[0m
[1;94m[*] [0mFuzzing test case #49 (50 total, 0 crashes saved, state: in progress, mode=explore, perf_score=200, weight=4, favorite=0, was_fuzzed=0, exec_us=1217, hits=1, map=24, ascii=0, run_time=0:00:09:02)...[0m
[1;94m[*] [0mFuzzing test case #26 (51 total, 0 crashes saved, state: in progress, mode=explore, perf_score=229, weight=15, favorite=1, was_fuzzed=1, exec_us=1235, hits=203, map=23, ascii=0, run_time=0:00:09:03)...[0m
[1;94m[*] [0mFuzzing test case #51 (52 total, 0 crashes saved, state: in progress, mode=explore, perf_score=0, weight=0, favorite=1, was_fuzzed=0, exec_us=1259, hits=1, map=24, ascii=0, run_time=0:00:09:04)...[0m
[1;94m[*] [0mFuzzing test case #24 (52 total, 0 crashes saved, state: in progress, mode=explore, perf_score=229, weight=6, favorite=1, was_fuzzed=1, exec_us=1261, hits=470, map=24, ascii=0, run_time=0:00:09:04)...[0m
[1;94m[*] [0mFuzzing test case #33 (52 total, 0 crashes saved, state: in progress, mode=explore, perf_score=229, weight=6, favorite=1, was_fuzzed=1, exec_us=1257, hits=367, map=24, ascii=0, run_time=0:00:09:04)...[0m
[1;94m[*] [0mFuzzing test case #26 (52 total, 0 crashes saved, state: in progress, mode=explore, perf_score=229, weight=14, favorite=1, was_fuzzed=1, exec_us=1235, hits=268, map=23, ascii=0, run_time=0:00:09:05)...[0m
[1;94m[*] [0mFuzzing test case #10 (52 total, 0 crashes saved, state: in progress, mode=explore, perf_score=114, weight=5, favorite=1, was_fuzzed=1, exec_us=1419, hits=585, map=21, ascii=0, run_time=0:00:09:06)...[0m
[1;94m[*] [0mFuzzing test case #42 (52 total, 0 crashes saved, state: in progress, mode=explore, perf_score=345, weight=6, favorite=1, was_fuzzed=1, exec_us=1274, hits=180, map=22, ascii=0, run_time=0:00:09:07)...[0m
[1;94m[*] [0mFuzzing test case #42 (52 total, 0 crashes saved, state: in progress, mode=explore, perf_score=345, weight=6, favorite=1, was_fuzzed=1, exec_us=1274, hits=198, map=22, ascii=0, run_time=0:00:09:22)...[0m
[1;94m[*] [0mFuzzing test case #51 (52 total, 0 crashes saved, state: in progress, mode=explore, perf_score=1380, weight=22, favorite=1, was_fuzzed=1, exec_us=1259, hits=1, map=24, ascii=0, run_time=0:00:09:23)...[0m
[1;94m[*] [0mFuzzing test case #52 (54 total, 0 crashes saved, state: in progress, mode=explore, perf_score=0, weight=0, favorite=1, was_fuzzed=0, exec_us=1175, hits=8, map=24, ascii=0, run_time=0:00:09:49)...[0m
[1;94m[*] [0mFuzzing test case #26 (54 total, 0 crashes saved, state: in progress, mode=explore, perf_score=229, weight=14, favorite=1, was_fuzzed=1, exec_us=1235, hits=350, map=23, ascii=0, run_time=0:00:09:49)...[0m
[1;94m[*] [0mFuzzing test case #18 (54 total, 0 crashes saved, state: in progress, mode=explore, perf_score=229, weight=5, favorite=1, was_fuzzed=1, exec_us=1341, hits=1858, map=21, ascii=0, run_time=0:00:09:50)...[0m
[1;94m[*] [0mFuzzing test case #26 (54 total, 0 crashes saved, state: in progress, mode=explore, perf_score=229, weight=14, favorite=1, was_fuzzed=1, exec_us=1235, hits=387, map=23, ascii=0, run_time=0:00:09:51)...[0m
[1;94m[*] [0mFuzzing test case #26 (54 total, 0 crashes saved, state: in progress, mode=explore, perf_score=229, weight=14, favorite=1, was_fuzzed=1, exec_us=1235, hits=418, map=23, ascii=0, run_time=0:00:09:52)...[0m
[1;94m[*] [0mFuzzing test case #51 (54 total, 0 crashes saved, state: in progress, mode=explore, perf_score=345, weight=6, favorite=1, was_fuzzed=1, exec_us=1259, hits=667, map=24, ascii=0, run_time=0:00:09:53)...[0m
[1;94m[*] [0mFuzzing test case #31 (54 total, 0 crashes saved, state: in progress, mode=explore, perf_score=200, weight=1, favorite=0, was_fuzzed=0, exec_us=1243, hits=14, map=22, ascii=0, run_time=0:00:09:54)...[0m
[1;94m[*] [0mEntering queue cycle 3.[0m
[1;94m[*] [0mFuzzing test case #18 (54 total, 0 crashes saved, state: in progress, mode=explore, perf_score=229, weight=5, favorite=1, was_fuzzed=1, exec_us=1341, hits=1867, map=21, ascii=0, run_time=0:00:09:55)...[0m
[1;94m[*] [0mFuzzing test case #52 (54 total, 0 crashes saved, state: in progress, mode=explore, perf_score=1035, weight=12, favorite=1, was_fuzzed=1, exec_us=1175, hits=8, map=24, ascii=0, run_time=0:00:09:55)...[0m
[1;94m[*] [0mFuzzing test case #1 (59 total, 0 crashes saved, state: in progress, mode=explore, perf_score=86, weight=19, favorite=1, was_fuzzed=1, exec_us=3767, hits=4814, map=20, ascii=0, run_time=0:00:10:07)...[0m
[1;94m[*] [0mFuzzing test case #26 (61 total, 0 crashes saved, state: in progress, mode=explore, perf_score=229, weight=14, favorite=1, was_fuzzed=1, exec_us=1235, hits=482, map=23, ascii=0, run_time=0:00:10:07)...[0m
[1;94m[*] [0mFuzzing test case #53 (64 total, 0 crashes saved, state: in progress, mode=explore, perf_score=300, weight=2, favorite=0, was_fuzzed=0, exec_us=1194, hits=4, map=24, ascii=0, run_time=0:00:10:16)...[0m
[1;94m[*] [0mFuzzing test case #26 (69 total, 0 crashes saved, state: in progress, mode=explore, perf_score=229, weight=15, favorite=1, was_fuzzed=1, exec_us=1235, hits=522, map=23, ascii=0, run_time=0:00:10:18)...[0m
[1;94m[*] [0mFuzzing test case #52 (69 total, 0 crashes saved, state: in progress, mode=explore, perf_score=345, weight=7, favorite=1, was_fuzzed=1, exec_us=1175, hits=282, map=24, ascii=0, run_time=0:00:10:19)...[0m
[1;94m[*] [0mFuzzing test case #55 (71 total, 0 crashes saved, state: in progress, mode=explore, perf_score=300, weight=2, favorite=0, was_fuzzed=0, exec_us=1320, hits=2, map=21, ascii=0, run_time=0:00:10:20)...[0m
[1;94m[*] [0mFuzzing test case #10 (71 total, 0 crashes saved, state: in progress, mode=explore, perf_score=114, weight=5, favorite=1, was_fuzzed=1, exec_us=1419, hits=651, map=21, ascii=0, run_time=0:00:10:22)...[0m
[1;94m[*] [0mFuzzing test case #26 (74 total, 0 crashes saved, state: in progress, mode=explore, perf_score=229, weight=15, favorite=1, was_fuzzed=1, exec_us=1235, hits=551, map=23, ascii=0, run_time=0:00:10:22)...[0m
[1;94m[*] [0mFuzzing test case #1 (76 total, 0 crashes saved, state: in progress, mode=explore, perf_score=57, weight=23, favorite=1, was_fuzzed=1, exec_us=3767, hits=4922, map=20, ascii=0, run_time=0:00:10:27)...[0m
[1;94m[*] [0mFuzzing test case #68 (76 total, 0 crashes saved, state: in progress, mode=explore, perf_score=300, weight=3, favorite=0, was_fuzzed=0, exec_us=1213, hits=1, map=27, ascii=0, run_time=0:00:10:28)...[0m
[1;94m[*] [0mFuzzing test case #33 (79 total, 0 crashes saved, state: in progress, mode=explore, perf_score=229, weight=7, favorite=1, was_fuzzed=1, exec_us=1257, hits=410, map=24, ascii=0, run_time=0:00:10:32)...[0m
[1;94m[*] [0mFuzzing test case #26 (81 total, 0 crashes saved, state: in progress, mode=explore, perf_score=229, weight=16, favorite=1, was_fuzzed=1, exec_us=1235, hits=576, map=23, ascii=0, run_time=0:00:10:33)...[0m
[1;94m[*] [0mFuzzing test case #1 (81 total, 0 crashes saved, state: in progress, mode=explore, perf_score=57, weight=24, favorite=1, was_fuzzed=1, exec_us=3767, hits=4985, map=20, ascii=0, run_time=0:00:10:34)...[0m
[1;94m[*] [0mFuzzing test case #24 (82 total, 0 crashes saved, state: in progress, mode=explore, perf_score=229, weight=7, favorite=1, was_fuzzed=1, exec_us=1261, hits=538, map=24, ascii=0, run_time=0:00:10:34)...[0m
[1;94m[*] [0mFuzzing test case #26 (83 total, 0 crashes saved, state: in progress, mode=explore, perf_score=229, weight=16, favorite=1, was_fuzzed=1, exec_us=1235, hits=641, map=23, ascii=0, run_time=0:00:10:35)...[0m
[1;94m[*] [0mFuzzing test case #18 (83 total, 0 crashes saved, state: in progress, mode=explore, perf_score=229, weight=5, favorite=1, was_fuzzed=1, exec_us=1341, hits=1966, map=21, ascii=0, run_time=0:00:10:43)...[0m
[1;94m[*] [0mFuzzing test case #26 (83 total, 0 crashes saved, state: in progress, mode=explore, perf_score=229, weight=16, favorite=1, was_fuzzed=1, exec_us=1235, hits=676, map=23, ascii=0, run_time=0:00:10:44)...[0m
[1;94m[*] [0mFuzzing test case #52 (83 total, 0 crashes saved, state: in progress, mode=explore, perf_score=345, weight=8, favorite=1, was_fuzzed=1, exec_us=1175, hits=291, map=24, ascii=0, run_time=0:00:10:44)...[0m
[1;94m[*] [0mFuzzing test case #83 (84 total, 0 crashes saved, state: in progress, mode=explore, perf_score=0, weight=0, favorite=1, was_fuzzed=0, exec_us=1150, hits=1, map=25, ascii=0, run_time=0:00:10:46)...[0m
[1;94m[*] [0mFuzzing test case #42 (84 total, 0 crashes saved, state: in progress, mode=explore, perf_score=345, weight=7, favorite=1, was_fuzzed=1, exec_us=1274, hits=289, map=22, ascii=0, run_time=0:00:10:46)...[0m
[1;94m[*] [0mFuzzing test case #26 (85 total, 0 crashes saved, state: in progress, mode=explore, perf_score=229, weight=15, favorite=1, was_fuzzed=1, exec_us=1235, hits=743, map=23, ascii=0, run_time=0:00:10:47)...[0m
[1;94m[*] [0mFuzzing test case #83 (85 total, 0 crashes saved, state: in progress, mode=explore, perf_score=2760, weight=27, favorite=1, was_fuzzed=1, exec_us=1150, hits=1, map=25, ascii=0, run_time=0:00:10:48)...[0m
[?25h[1;91m

+++ Testing aborted programmatically +++
[0m[1;94m[*] [0mStatistics: 86 new corpus items found, 48.65% coverage achieved, 1 crashes saved, 0 timeouts saved, total runtime 0 days, 0 hrs, 10 min, 49 sec[0m
[1;92m[+] [0mWe're done here. Have a nice day!
[0m
