JOB timestamp: Mon Dec 18 15:33:47 MST 2023
JOB ID: 121754
Array Task ID: 50
Current directory: /lfs/koff9454.ui/projects/plc_runtime_fuzzer/code_analysis/src
r5i7n5
gcc (Spack GCC) 12.1.0
Copyright (C) 2022 Free Software Foundation, Inc.
This is free software; see the source for copying conditions.  There is NO
warranty; not even for MERCHANTABILITY or FITNESS FOR A PARTICULAR PURPOSE.

Python 3.11.5
/lfs/koff9454.ui/miniconda3/envs/plc/bin/python
matiec version 0.1
changeset id: 
Number of programs: 11
Programs: complex_1 complex_10 complex_2 complex_3 complex_4 complex_5 complex_6 complex_7 complex_8 complex_9 runs
Fuzzing program: complex_6, Job ID: 50
input dir exist, skipping
harness file exist, skipping
Running the fuzzers
Workdir: "/lfs/koff9454.ui/projects/plc_runtime_fuzzer/code_analysis/src/programs/complex/complex_6/runs/run-50"
Out dir at "fuzzer-outdir" already exists.
Let's fuzz :)
[Stats #0] run time: 0h-0m-0s, clients: 1, corpus: 0, objectives: 0, executions: 0, exec/sec: 0.000
[Testcase #0] run time: 0h-0m-0s, clients: 1, corpus: 1, objectives: 0, executions: 1, exec/sec: 0.000
We imported 1 inputs from disk.
[Objective #0] run time: 0h-0m-0s, clients: 1, corpus: 1, objectives: 1, executions: 1, exec/sec: 0.000
[Objective #0] run time: 0h-0m-0s, clients: 1, corpus: 1, objectives: 2, executions: 1, exec/sec: 0.000
[Objective #0] run time: 0h-0m-0s, clients: 1, corpus: 1, objectives: 3, executions: 1, exec/sec: 0.000
[Objective #0] run time: 0h-0m-0s, clients: 1, corpus: 1, objectives: 4, executions: 1, exec/sec: 0.000
[Stats #0] run time: 0h-0m-0s, clients: 1, corpus: 1, objectives: 4, executions: 1, exec/sec: 0.000
[Testcase #0] run time: 0h-0m-0s, clients: 1, corpus: 2, objectives: 4, executions: 19, exec/sec: 0.000
[Objective #0] run time: 0h-0m-0s, clients: 1, corpus: 2, objectives: 5, executions: 19, exec/sec: 0.000
[Objective #0] run time: 0h-0m-0s, clients: 1, corpus: 2, objectives: 6, executions: 19, exec/sec: 0.000
[Objective #0] run time: 0h-0m-0s, clients: 1, corpus: 2, objectives: 7, executions: 19, exec/sec: 0.000
[Objective #0] run time: 0h-0m-1s, clients: 1, corpus: 2, objectives: 8, executions: 19, exec/sec: 17.11
[Objective #0] run time: 0h-0m-1s, clients: 1, corpus: 2, objectives: 9, executions: 19, exec/sec: 15.42
[Objective #0] run time: 0h-0m-1s, clients: 1, corpus: 2, objectives: 10, executions: 19, exec/sec: 13.96
[Objective #0] run time: 0h-0m-25s, clients: 1, corpus: 2, objectives: 11, executions: 19, exec/sec: 0.751
[1;92m[+] [0mEnabled environment variable AFL_BENCH_UNTIL_CRASH with value 1[0m
[1;92m[+] [0mEnabled environment variable AFL_IGNORE_SEED_PROBLEMS with value 1[0m
[1;92m[+] [0mEnabled environment variable AFL_I_DONT_CARE_ABOUT_MISSING_CRASHES with value 1[0m
[1;92m[+] [0mEnabled environment variable AFL_SKIP_CPUFREQ with value 1[0m
[1;92m[+] [0mEnabled environment variable AFL_TRY_AFFINITY with value 1[0m
[1;93m[!] [1;97mWARNING: [0mPotentially mistyped AFL environment variable: USE_PCM_DB=2, did you mean AFL_USE_PCM_DB=2?[0m
[0;36mafl-fuzz++4.09a[0m based on afl by Michal Zalewski and a large online community
[1;92m[+] [0mAFL++ is maintained by Marc "van Hauser" Heuse, Dominik Maier, Andrea Fioraldi and Heiko "hexcoder" Eißfeldt[0m
[1;92m[+] [0mAFL++ is open source, get it at https://github.com/AFLplusplus/AFLplusplus[0m
[1;92m[+] [0mNOTE: AFL++ >= v3 has changed defaults and behaviours - see README.md[0m
[1;92m[+] [0mNo -M/-S set, autoconfiguring for "-S default"[0m
[1;94m[*] [0mGetting to work...[0m
[1;92m[+] [0mUsing exponential power schedule (FAST)[0m
[1;92m[+] [0mEnabled testcache with 50 MB[0m
[1;92m[+] [0mGenerating fuzz data with a length of min=1 max=1048576[0m
[1;94m[*] [0mChecking core_pattern...[0m

[1;91m[-] [0mHmm, your system is configured to send core dump notifications to an
    external utility. This will cause issues: there will be an extended delay
    between stumbling upon a crash and having this information relayed to the
    fuzzer via the standard waitpid() API.
    If you're just testing, set 'AFL_I_DONT_CARE_ABOUT_MISSING_CRASHES=1'.

    To avoid having crashes misinterpreted as timeouts, please log in as root
    and temporarily modify /proc/sys/kernel/core_pattern, like so:

    echo core >/proc/sys/kernel/core_pattern
[1;92m[+] [0mLooks like we're not running on a tty, so I'll be a bit less verbose.[0m
[1;92m[+] [0mYou have 36 CPU cores and 1 runnable tasks (utilization: 3%).[0m
[1;92m[+] [0mTry parallel jobs - see /usr/local/share/doc/afl/fuzzing_in_depth.md#c-using-multiple-cores[0m
[1;94m[*] [0mSetting up output directories...[0m
[1;94m[*] [0mChecking CPU core loadout...[0m
[1;92m[+] [0mFound a free CPU core, try binding to #2.[0m
[1;94m[*] [0mScanning 'afl-indir'...[0m
[1;92m[+] [0mLoaded a total of 1 seeds.[0m
[1;94m[*] [0mCreating hard links for all input files...[0m
[1;94m[*] [0mValidating target binary...[0m
[1;94m[*] [0mSpinning up the fork server...[0m
[1;92m[+] [0mAll right - fork server is up.[0m
[1;94m[*] [0mTarget map size: 95[0m
[1;94m[*] [0mNo auto-generated dictionary tokens to reuse.[0m
[1;94m[*] [0mLoading extra dictionary from 'afl-inputs.dict' (level 0)...[0m
[1;94m[*] [0mLoaded 8 extra tokens, size range 3 B to 6 B.[0m
[1;92m[+] [0mLoaded a total of 7 extras.[0m
[1;94m[*] [0mAttempting dry run with 'id:000000,time:0,execs:0,orig:testcase.txt'...[0m
[1;90m    len = 3, map size = 26, exec speed = 4245 us, hash = f82990190e56f385
[0m[1;92m[+] [0mAll test cases processed.[0m
[1;92m[+] [0mHere are some useful stats:

[1;90m    Test case count : [0m1 favored, 0 variable, 0 ignored, 1 total
[1;90m       Bitmap range : [0m26 to 26 bits (average: 26.00 bits)
[1;90m        Exec timing : [0m4245 to 4245 us (average: 4245 us)
[0m
[1;94m[*] [0mNo -t option specified, so I'll use an exec timeout of 40 ms.[0m
[1;92m[+] [0mAll set and ready to roll![0m
[1;94m[*] [0mEntering queue cycle 1.[0m
[1;94m[*] [0mFuzzing test case #0 (1 total, 0 crashes saved, state: started :-), mode=explore, perf_score=0, weight=0, favorite=1, was_fuzzed=0, exec_us=4245, hits=0, map=26, ascii=0, run_time=0:00:00:00)...[0m
[Objective #0] run time: 0h-0m-25s, clients: 1, corpus: 2, objectives: 12, executions: 19, exec/sec: 0.746
[1;94m[*] [0mFuzzing test case #1 (2 total, 0 crashes saved, state: started :-), mode=explore, perf_score=0, weight=0, favorite=1, was_fuzzed=0, exec_us=2075, hits=6, map=27, ascii=0, run_time=0:00:00:00)...[0m
[1;94m[*] [0mFuzzing test case #1 (2 total, 0 crashes saved, state: started :-), mode=explore, perf_score=345, weight=13, favorite=1, was_fuzzed=1, exec_us=2075, hits=6, map=27, ascii=0, run_time=0:00:00:00)...[0m
[1;92m[+] [0mEnabled environment variable AFL_BENCH_UNTIL_CRASH with value 1[0m
[1;92m[+] [0mEnabled environment variable AFL_IGNORE_SEED_PROBLEMS with value 1[0m
[1;92m[+] [0mEnabled environment variable AFL_I_DONT_CARE_ABOUT_MISSING_CRASHES with value 1[0m
[1;92m[+] [0mEnabled environment variable AFL_SKIP_CPUFREQ with value 1[0m
[1;92m[+] [0mEnabled environment variable AFL_TRY_AFFINITY with value 1[0m
[1;93m[!] [1;97mWARNING: [0mPotentially mistyped AFL environment variable: USE_PCM_DB=2, did you mean AFL_USE_PCM_DB=2?[0m
[0;36mafl-fuzz++4.09a[0m based on afl by Michal Zalewski and a large online community
[1;92m[+] [0mAFL++ is maintained by Marc "van Hauser" Heuse, Dominik Maier, Andrea Fioraldi and Heiko "hexcoder" Eißfeldt[0m
[1;92m[+] [0mAFL++ is open source, get it at https://github.com/AFLplusplus/AFLplusplus[0m
[1;92m[+] [0mNOTE: AFL++ >= v3 has changed defaults and behaviours - see README.md[0m
[1;92m[+] [0mNo -M/-S set, autoconfiguring for "-S default"[0m
[1;94m[*] [0mGetting to work...[0m
[1;92m[+] [0mUsing exponential power schedule (FAST)[0m
[1;92m[+] [0mEnabled testcache with 50 MB[0m
[1;92m[+] [0mGenerating fuzz data with a length of min=1 max=1048576[0m
[1;94m[*] [0mChecking core_pattern...[0m

[1;91m[-] [0mHmm, your system is configured to send core dump notifications to an
    external utility. This will cause issues: there will be an extended delay
    between stumbling upon a crash and having this information relayed to the
    fuzzer via the standard waitpid() API.
    If you're just testing, set 'AFL_I_DONT_CARE_ABOUT_MISSING_CRASHES=1'.

    To avoid having crashes misinterpreted as timeouts, please log in as root
    and temporarily modify /proc/sys/kernel/core_pattern, like so:

    echo core >/proc/sys/kernel/core_pattern
[1;92m[+] [0mLooks like we're not running on a tty, so I'll be a bit less verbose.[0m
[1;92m[+] [0mYou have 36 CPU cores and 1 runnable tasks (utilization: 3%).[0m
[1;92m[+] [0mTry parallel jobs - see /usr/local/share/doc/afl/fuzzing_in_depth.md#c-using-multiple-cores[0m
[1;94m[*] [0mSetting up output directories...[0m
[1;94m[*] [0mChecking CPU core loadout...[0m
[1;92m[+] [0mFound a free CPU core, try binding to #1.[0m
[1;94m[*] [0mScanning 'our-indir'...[0m
[1;92m[+] [0mLoaded a total of 1 seeds.[0m
[1;94m[*] [0mCreating hard links for all input files...[0m
[1;94m[*] [0mValidating target binary...[0m
[1;94m[*] [0mSpinning up the fork server...[0m
[1;92m[+] [0mAll right - fork server is up.[0m
[1;94m[*] [0mTarget map size: 95[0m
[1;94m[*] [0mNo auto-generated dictionary tokens to reuse.[0m
[1;94m[*] [0mLoading extra dictionary from 'our-inputs.dict' (level 0)...[0m
[1;94m[*] [0mLoaded 8 extra tokens, size range 3 B to 6 B.[0m
[1;92m[+] [0mLoaded a total of 7 extras.[0m
[1;94m[*] [0mAttempting dry run with 'id:000000,time:0,execs:0,orig:variables.txt'...[0m
[1;90m    len = 26, map size = 30, exec speed = 7969 us, hash = 946bbe591641eede
[0m[1;92m[+] [0mAll test cases processed.[0m
[1;92m[+] [0mHere are some useful stats:

[1;90m    Test case count : [0m1 favored, 0 variable, 0 ignored, 1 total
[1;90m       Bitmap range : [0m30 to 30 bits (average: 30.00 bits)
[1;90m        Exec timing : [0m7969 to 7969 us (average: 7969 us)
[0m
[1;94m[*] [0mNo -t option specified, so I'll use an exec timeout of 40 ms.[0m
[1;92m[+] [0mAll set and ready to roll![0m
[1;94m[*] [0mEntering queue cycle 1.[0m
[1;94m[*] [0mFuzzing test case #0 (1 total, 0 crashes saved, state: started :-), mode=explore, perf_score=0, weight=0, favorite=1, was_fuzzed=0, exec_us=7969, hits=0, map=30, ascii=0, run_time=0:00:00:00)...[0m
[Objective #0] run time: 0h-0m-25s, clients: 1, corpus: 2, objectives: 13, executions: 19, exec/sec: 0.742
[Objective #0] run time: 0h-0m-25s, clients: 1, corpus: 2, objectives: 14, executions: 19, exec/sec: 0.738
[Objective #0] run time: 0h-0m-25s, clients: 1, corpus: 2, objectives: 15, executions: 19, exec/sec: 0.734
[Objective #0] run time: 0h-0m-26s, clients: 1, corpus: 2, objectives: 16, executions: 19, exec/sec: 0.730
[Objective #0] run time: 0h-0m-26s, clients: 1, corpus: 2, objectives: 17, executions: 19, exec/sec: 0.726
[Objective #0] run time: 0h-0m-26s, clients: 1, corpus: 2, objectives: 18, executions: 19, exec/sec: 0.722
[Objective #0] run time: 0h-0m-26s, clients: 1, corpus: 2, objectives: 19, executions: 19, exec/sec: 0.718
[Objective #0] run time: 0h-0m-26s, clients: 1, corpus: 2, objectives: 20, executions: 19, exec/sec: 0.715
[Objective #0] run time: 0h-0m-26s, clients: 1, corpus: 2, objectives: 21, executions: 19, exec/sec: 0.711
[Objective #0] run time: 0h-0m-26s, clients: 1, corpus: 2, objectives: 22, executions: 19, exec/sec: 0.708
[Objective #0] run time: 0h-0m-26s, clients: 1, corpus: 2, objectives: 23, executions: 19, exec/sec: 0.704
[Objective #0] run time: 0h-0m-27s, clients: 1, corpus: 2, objectives: 24, executions: 19, exec/sec: 0.700
[Objective #0] run time: 0h-0m-27s, clients: 1, corpus: 2, objectives: 25, executions: 19, exec/sec: 0.697
[Objective #0] run time: 0h-0m-27s, clients: 1, corpus: 2, objectives: 26, executions: 19, exec/sec: 0.694
[Objective #0] run time: 0h-0m-27s, clients: 1, corpus: 2, objectives: 27, executions: 19, exec/sec: 0.690
[Objective #0] run time: 0h-0m-27s, clients: 1, corpus: 2, objectives: 28, executions: 19, exec/sec: 0.687
[Objective #0] run time: 0h-0m-27s, clients: 1, corpus: 2, objectives: 29, executions: 19, exec/sec: 0.684
[Objective #0] run time: 0h-0m-27s, clients: 1, corpus: 2, objectives: 30, executions: 19, exec/sec: 0.680
[Objective #0] run time: 0h-0m-28s, clients: 1, corpus: 2, objectives: 31, executions: 19, exec/sec: 0.677
[Objective #0] run time: 0h-0m-28s, clients: 1, corpus: 2, objectives: 32, executions: 19, exec/sec: 0.674
[Objective #0] run time: 0h-0m-28s, clients: 1, corpus: 2, objectives: 33, executions: 19, exec/sec: 0.671
[Objective #0] run time: 0h-0m-28s, clients: 1, corpus: 2, objectives: 34, executions: 19, exec/sec: 0.667
[Objective #0] run time: 0h-0m-28s, clients: 1, corpus: 2, objectives: 35, executions: 19, exec/sec: 0.665
[Objective #0] run time: 0h-0m-28s, clients: 1, corpus: 2, objectives: 36, executions: 19, exec/sec: 0.661
Crash limit reached: 1
[?25h[1;91m

+++ Testing aborted programmatically +++
[0m[1;94m[*] [0mStatistics: 21 new corpus items found, 36.84% coverage achieved, 1 crashes saved, 0 timeouts saved, total runtime 0 days, 0 hrs, 0 min, 31 sec[0m
[1;92m[+] [0mWe're done here. Have a nice day!
[0m
[1;94m[*] [0mFuzzing test case #17 (19 total, 0 crashes saved, state: started :-), mode=explore, perf_score=0, weight=0, favorite=1, was_fuzzed=0, exec_us=2142, hits=1, map=26, ascii=0, run_time=0:00:01:35)...[0m
[1;94m[*] [0mFuzzing test case #13 (19 total, 0 crashes saved, state: started :-), mode=explore, perf_score=100, weight=9, favorite=1, was_fuzzed=0, exec_us=2063, hits=10, map=28, ascii=0, run_time=0:00:01:35)...[0m
[1;94m[*] [0mFuzzing test case #12 (20 total, 0 crashes saved, state: started :-), mode=explore, perf_score=100, weight=9, favorite=1, was_fuzzed=0, exec_us=2044, hits=11, map=28, ascii=0, run_time=0:00:01:36)...[0m
[1;94m[*] [0mFuzzing test case #18 (20 total, 0 crashes saved, state: started :-), mode=explore, perf_score=100, weight=12, favorite=1, was_fuzzed=0, exec_us=2079, hits=3, map=28, ascii=0, run_time=0:00:01:36)...[0m
[1;94m[*] [0mFuzzing test case #20 (22 total, 0 crashes saved, state: started :-), mode=explore, perf_score=0, weight=0, favorite=1, was_fuzzed=0, exec_us=2116, hits=2, map=30, ascii=0, run_time=0:00:01:37)...[0m
[1;94m[*] [0mFuzzing test case #1 (22 total, 0 crashes saved, state: started :-), mode=explore, perf_score=114, weight=22, favorite=1, was_fuzzed=1, exec_us=2075, hits=2777, map=27, ascii=0, run_time=0:00:01:37)...[0m
[1;94m[*] [0mFuzzing test case #5 (22 total, 0 crashes saved, state: started :-), mode=explore, perf_score=100, weight=6, favorite=1, was_fuzzed=0, exec_us=2186, hits=61, map=28, ascii=0, run_time=0:00:01:37)...[0m
[1;94m[*] [0mFuzzing test case #21 (22 total, 0 crashes saved, state: started :-), mode=explore, perf_score=200, weight=1, favorite=0, was_fuzzed=0, exec_us=2132, hits=2, map=29, ascii=0, run_time=0:00:01:38)...[0m
[1;94m[*] [0mFuzzing test case #1 (23 total, 0 crashes saved, state: started :-), mode=explore, perf_score=114, weight=22, favorite=1, was_fuzzed=1, exec_us=2075, hits=2858, map=27, ascii=0, run_time=0:00:01:39)...[0m
[1;94m[*] [0mFuzzing test case #1 (23 total, 0 crashes saved, state: started :-), mode=explore, perf_score=114, weight=22, favorite=1, was_fuzzed=1, exec_us=2075, hits=2907, map=27, ascii=0, run_time=0:00:01:40)...[0m
[1;94m[*] [0mFuzzing test case #1 (23 total, 0 crashes saved, state: started :-), mode=explore, perf_score=114, weight=22, favorite=1, was_fuzzed=1, exec_us=2075, hits=2955, map=27, ascii=0, run_time=0:00:01:40)...[0m
[1;94m[*] [0mFuzzing test case #18 (23 total, 0 crashes saved, state: started :-), mode=explore, perf_score=345, weight=6, favorite=1, was_fuzzed=1, exec_us=2079, hits=4, map=28, ascii=0, run_time=0:00:01:40)...[0m
[1;94m[*] [0mFuzzing test case #18 (24 total, 0 crashes saved, state: started :-), mode=explore, perf_score=345, weight=4, favorite=1, was_fuzzed=1, exec_us=2079, hits=15, map=28, ascii=0, run_time=0:00:02:01)...[0m
[1;94m[*] [0mFuzzing test case #25 (26 total, 0 crashes saved, state: started :-), mode=explore, perf_score=0, weight=0, favorite=1, was_fuzzed=0, exec_us=2133, hits=3, map=31, ascii=0, run_time=0:00:02:03)...[0m
[1;94m[*] [0mFuzzing test case #1 (26 total, 0 crashes saved, state: started :-), mode=explore, perf_score=114, weight=24, favorite=1, was_fuzzed=1, exec_us=2075, hits=3173, map=27, ascii=0, run_time=0:00:02:03)...[0m
[1;94m[*] [0mFuzzing test case #1 (26 total, 0 crashes saved, state: started :-), mode=explore, perf_score=114, weight=24, favorite=1, was_fuzzed=1, exec_us=2075, hits=3229, map=27, ascii=0, run_time=0:00:02:03)...[0m
[1;94m[*] [0mFuzzing test case #1 (26 total, 0 crashes saved, state: started :-), mode=explore, perf_score=114, weight=24, favorite=1, was_fuzzed=1, exec_us=2075, hits=3259, map=27, ascii=0, run_time=0:00:02:04)...[0m
[1;94m[*] [0mFuzzing test case #13 (26 total, 0 crashes saved, state: started :-), mode=explore, perf_score=114, weight=3, favorite=1, was_fuzzed=1, exec_us=2063, hits=58, map=28, ascii=0, run_time=0:00:02:04)...[0m
[1;94m[*] [0mFuzzing test case #12 (27 total, 0 crashes saved, state: started :-), mode=explore, perf_score=229, weight=4, favorite=1, was_fuzzed=1, exec_us=2044, hits=23, map=28, ascii=0, run_time=0:00:02:04)...[0m
[1;94m[*] [0mFuzzing test case #20 (29 total, 0 crashes saved, state: started :-), mode=explore, perf_score=690, weight=10, favorite=1, was_fuzzed=1, exec_us=2116, hits=7, map=30, ascii=0, run_time=0:00:02:18)...[0m
[1;94m[*] [0mFuzzing test case #32 (37 total, 0 crashes saved, state: started :-), mode=explore, perf_score=0, weight=0, favorite=1, was_fuzzed=0, exec_us=2240, hits=9, map=28, ascii=0, run_time=0:00:03:31)...[0m
[1;94m[*] [0mFuzzing test case #31 (37 total, 0 crashes saved, state: started :-), mode=explore, perf_score=200, weight=20, favorite=1, was_fuzzed=0, exec_us=2143, hits=1, map=31, ascii=0, run_time=0:00:03:31)...[0m
[1;94m[*] [0mFuzzing test case #29 (37 total, 0 crashes saved, state: started :-), mode=explore, perf_score=200, weight=25, favorite=1, was_fuzzed=0, exec_us=2081, hits=4, map=30, ascii=0, run_time=0:00:03:32)...[0m
[1;94m[*] [0mFuzzing test case #22 (38 total, 0 crashes saved, state: started :-), mode=explore, perf_score=200, weight=1, favorite=0, was_fuzzed=0, exec_us=2138, hits=30, map=28, ascii=0, run_time=0:00:03:33)...[0m
[1;94m[*] [0mFuzzing test case #30 (38 total, 0 crashes saved, state: started :-), mode=explore, perf_score=200, weight=9, favorite=1, was_fuzzed=0, exec_us=2174, hits=19, map=30, ascii=0, run_time=0:00:03:44)...[0m
[1;94m[*] [0mFuzzing test case #13 (40 total, 0 crashes saved, state: started :-), mode=explore, perf_score=114, weight=4, favorite=1, was_fuzzed=1, exec_us=2063, hits=78, map=28, ascii=0, run_time=0:00:03:46)...[0m
[1;94m[*] [0mFuzzing test case #12 (40 total, 0 crashes saved, state: started :-), mode=explore, perf_score=114, weight=4, favorite=1, was_fuzzed=1, exec_us=2044, hits=44, map=28, ascii=0, run_time=0:00:03:47)...[0m
[1;94m[*] [0mFuzzing test case #1 (40 total, 0 crashes saved, state: started :-), mode=explore, perf_score=114, weight=32, favorite=1, was_fuzzed=1, exec_us=2075, hits=3635, map=27, ascii=0, run_time=0:00:03:47)...[0m
[1;94m[*] [0mFuzzing test case #31 (40 total, 0 crashes saved, state: started :-), mode=explore, perf_score=459, weight=5, favorite=1, was_fuzzed=1, exec_us=2143, hits=18, map=31, ascii=0, run_time=0:00:03:48)...[0m
[1;94m[*] [0mFuzzing test case #1 (44 total, 0 crashes saved, state: started :-), mode=explore, perf_score=114, weight=35, favorite=1, was_fuzzed=1, exec_us=2075, hits=3716, map=27, ascii=0, run_time=0:00:03:52)...[0m
[1;94m[*] [0mFuzzing test case #1 (44 total, 0 crashes saved, state: started :-), mode=explore, perf_score=114, weight=35, favorite=1, was_fuzzed=1, exec_us=2075, hits=3734, map=27, ascii=0, run_time=0:00:03:57)...[0m
[1;94m[*] [0mFuzzing test case #1 (44 total, 0 crashes saved, state: started :-), mode=explore, perf_score=114, weight=35, favorite=1, was_fuzzed=1, exec_us=2075, hits=3771, map=27, ascii=0, run_time=0:00:03:58)...[0m
[1;94m[*] [0mFuzzing test case #25 (44 total, 0 crashes saved, state: started :-), mode=explore, perf_score=690, weight=5, favorite=1, was_fuzzed=1, exec_us=2133, hits=10, map=31, ascii=0, run_time=0:00:03:58)...[0m
[1;94m[*] [0mFuzzing test case #1 (44 total, 0 crashes saved, state: started :-), mode=explore, perf_score=114, weight=35, favorite=1, was_fuzzed=1, exec_us=2075, hits=3853, map=27, ascii=0, run_time=0:00:04:08)...[0m
[1;94m[*] [0mFuzzing test case #1 (44 total, 0 crashes saved, state: started :-), mode=explore, perf_score=114, weight=35, favorite=1, was_fuzzed=1, exec_us=2075, hits=3874, map=27, ascii=0, run_time=0:00:04:10)...[0m
[1;94m[*] [0mFuzzing test case #32 (44 total, 0 crashes saved, state: started :-), mode=explore, perf_score=690, weight=5, favorite=1, was_fuzzed=1, exec_us=2240, hits=11, map=28, ascii=0, run_time=0:00:04:10)...[0m
[1;94m[*] [0mFuzzing test case #45 (51 total, 0 crashes saved, state: started :-), mode=explore, perf_score=0, weight=0, favorite=1, was_fuzzed=0, exec_us=2240, hits=2, map=30, ascii=0, run_time=0:00:04:59)...[0m
[1;94m[*] [0mFuzzing test case #45 (51 total, 0 crashes saved, state: started :-), mode=explore, perf_score=919, weight=18, favorite=1, was_fuzzed=1, exec_us=2240, hits=2, map=30, ascii=0, run_time=0:00:04:59)...[0m
[1;94m[*] [0mFuzzing test case #13 (52 total, 0 crashes saved, state: in progress, mode=explore, perf_score=114, weight=4, favorite=1, was_fuzzed=1, exec_us=2063, hits=112, map=28, ascii=0, run_time=0:00:05:05)...[0m
[1;94m[*] [0mFuzzing test case #25 (52 total, 0 crashes saved, state: in progress, mode=explore, perf_score=229, weight=4, favorite=1, was_fuzzed=1, exec_us=2133, hits=213, map=31, ascii=0, run_time=0:00:05:06)...[0m
[1;94m[*] [0mFuzzing test case #1 (53 total, 0 crashes saved, state: in progress, mode=explore, perf_score=114, weight=40, favorite=1, was_fuzzed=1, exec_us=2075, hits=4408, map=27, ascii=0, run_time=0:00:05:09)...[0m
[1;94m[*] [0mFuzzing test case #1 (53 total, 0 crashes saved, state: in progress, mode=explore, perf_score=114, weight=40, favorite=1, was_fuzzed=1, exec_us=2075, hits=4444, map=27, ascii=0, run_time=0:00:05:09)...[0m
[1;94m[*] [0mFuzzing test case #31 (53 total, 0 crashes saved, state: in progress, mode=explore, perf_score=459, weight=5, favorite=1, was_fuzzed=1, exec_us=2143, hits=31, map=31, ascii=0, run_time=0:00:05:10)...[0m
[1;94m[*] [0mFuzzing test case #53 (54 total, 0 crashes saved, state: in progress, mode=explore, perf_score=0, weight=0, favorite=1, was_fuzzed=0, exec_us=2109, hits=1, map=30, ascii=0, run_time=0:00:05:13)...[0m
[1;94m[*] [0mFuzzing test case #53 (54 total, 0 crashes saved, state: in progress, mode=explore, perf_score=919, weight=25, favorite=1, was_fuzzed=1, exec_us=2109, hits=1, map=30, ascii=0, run_time=0:00:05:13)...[0m
[1;94m[*] [0mFuzzing test case #55 (58 total, 0 crashes saved, state: in progress, mode=explore, perf_score=0, weight=0, favorite=1, was_fuzzed=0, exec_us=1931, hits=1, map=30, ascii=0, run_time=0:00:05:31)...[0m
[1;94m[*] [0mFuzzing test case #1 (58 total, 0 crashes saved, state: in progress, mode=explore, perf_score=114, weight=41, favorite=1, was_fuzzed=1, exec_us=2075, hits=4935, map=27, ascii=0, run_time=0:00:05:31)...[0m
[1;94m[*] [0mFuzzing test case #1 (58 total, 0 crashes saved, state: in progress, mode=explore, perf_score=114, weight=41, favorite=1, was_fuzzed=1, exec_us=2075, hits=4975, map=27, ascii=0, run_time=0:00:05:31)...[0m
[1;94m[*] [0mFuzzing test case #55 (58 total, 0 crashes saved, state: in progress, mode=explore, perf_score=919, weight=29, favorite=1, was_fuzzed=1, exec_us=1931, hits=1, map=30, ascii=0, run_time=0:00:05:31)...[0m
[1;94m[*] [0mFuzzing test case #17 (58 total, 0 crashes saved, state: in progress, mode=explore, perf_score=345, weight=6, favorite=1, was_fuzzed=1, exec_us=2142, hits=8, map=26, ascii=0, run_time=0:00:05:37)...[0m
[1;94m[*] [0mFuzzing test case #55 (58 total, 0 crashes saved, state: in progress, mode=explore, perf_score=919, weight=29, favorite=1, was_fuzzed=1, exec_us=1931, hits=17, map=30, ascii=0, run_time=0:00:05:39)...[0m
[1;94m[*] [0mFuzzing test case #1 (58 total, 0 crashes saved, state: in progress, mode=explore, perf_score=114, weight=41, favorite=1, was_fuzzed=1, exec_us=2075, hits=5336, map=27, ascii=0, run_time=0:00:05:47)...[0m
[1;94m[*] [0mFuzzing test case #55 (58 total, 0 crashes saved, state: in progress, mode=explore, perf_score=919, weight=29, favorite=1, was_fuzzed=1, exec_us=1931, hits=59, map=30, ascii=0, run_time=0:00:05:48)...[0m
[1;94m[*] [0mFuzzing test case #45 (58 total, 0 crashes saved, state: in progress, mode=explore, perf_score=229, weight=7, favorite=1, was_fuzzed=1, exec_us=2240, hits=38, map=30, ascii=0, run_time=0:00:05:55)...[0m
[1;94m[*] [0mFuzzing test case #1 (58 total, 0 crashes saved, state: in progress, mode=explore, perf_score=114, weight=41, favorite=1, was_fuzzed=1, exec_us=2075, hits=5519, map=27, ascii=0, run_time=0:00:05:57)...[0m
[1;94m[*] [0mFuzzing test case #1 (58 total, 0 crashes saved, state: in progress, mode=explore, perf_score=114, weight=41, favorite=1, was_fuzzed=1, exec_us=2075, hits=5558, map=27, ascii=0, run_time=0:00:05:57)...[0m
[1;94m[*] [0mFuzzing test case #1 (58 total, 0 crashes saved, state: in progress, mode=explore, perf_score=114, weight=41, favorite=1, was_fuzzed=1, exec_us=2075, hits=5590, map=27, ascii=0, run_time=0:00:05:57)...[0m
[1;94m[*] [0mFuzzing test case #12 (58 total, 0 crashes saved, state: in progress, mode=explore, perf_score=114, weight=4, favorite=1, was_fuzzed=1, exec_us=2044, hits=88, map=28, ascii=0, run_time=0:00:05:57)...[0m
[1;94m[*] [0mFuzzing test case #55 (58 total, 0 crashes saved, state: in progress, mode=explore, perf_score=919, weight=29, favorite=1, was_fuzzed=1, exec_us=1931, hits=144, map=30, ascii=0, run_time=0:00:05:58)...[0m
[?25h[1;91m

+++ Testing aborted programmatically +++
[0m[1;94m[*] [0mStatistics: 57 new corpus items found, 45.26% coverage achieved, 1 crashes saved, 0 timeouts saved, total runtime 0 days, 0 hrs, 5 min, 59 sec[0m
[1;92m[+] [0mWe're done here. Have a nice day!
[0m
