JOB timestamp: Mon Dec 18 13:29:19 MST 2023
JOB ID: 121427
Array Task ID: 27
Current directory: /lfs/koff9454.ui/projects/plc_runtime_fuzzer/code_analysis/src
r4i1n1
gcc (Spack GCC) 12.1.0
Copyright (C) 2022 Free Software Foundation, Inc.
This is free software; see the source for copying conditions.  There is NO
warranty; not even for MERCHANTABILITY or FITNESS FOR A PARTICULAR PURPOSE.

Python 3.11.5
/lfs/koff9454.ui/miniconda3/envs/plc/bin/python
matiec version 0.1
changeset id: 
Number of programs: 10
Programs: complex_1 complex_10 complex_2 complex_3 complex_4 complex_5 complex_6 complex_7 complex_8 complex_9
Fuzzing program: complex_7, Job ID: 27
input dir does not exist, creating
(source_file (program_definition program_name: (identifier) (variable_definition (variable_definition_body name: (identifier) address: (address) type: (basic_data_type)) (block_comment) (variable_definition_body name: (identifier) address: (address) type: (basic_data_type)) (block_comment) (variable_definition_body name: (identifier) address: (address) type: (basic_data_type)) (block_comment) (variable_definition_body name: (identifier) address: (address) type: (basic_data_type)) (block_comment) (variable_definition_body name: (identifier) address: (address) type: (basic_data_type)) (block_comment)) (variable_definition (variable_definition_body name: (identifier) type: (basic_data_type)) (block_comment)) (block_comment) (block_comment) (block_comment) (assignment (variable name: (identifier)) (binary_expression (variable name: (identifier)) (variable name: (identifier)))) (if_statement condition: (binary_expression (variable name: (identifier)) (floating_point)) (block_comment) (assignment (variable name: (identifier)) (boolean)) (assignment (variable name: (identifier)) (boolean)) (else_clause (block_comment) (block_comment) (block_comment) (assignment (variable name: (identifier)) (boolean)) (assignment (variable name: (identifier)) (boolean)))) (block_comment) (if_statement condition: (binary_expression (call_expression function_name: (identifier) input: (binary_expression (variable name: (identifier)) (variable name: (identifier)))) (floating_point)) (block_comment) (assignment (variable name: (identifier)) (boolean)) (else_clause (block_comment) (assignment (variable name: (identifier)) (boolean))))) (configuration (identifier) (resource (identifier) (task (identifier) (time) (integer)) (program_instance (identifier) (identifier) (identifier)))))
variable_name:  currentTemperature
variable_type:  REAL
variable_address:  %ID0.0

variable_name:  desiredTemperature
variable_type:  REAL
variable_address:  %ID0.1

variable_name:  coolingSystemActivated
variable_type:  BOOL
variable_address:  %QX0.0

variable_name:  heatingSystemActivated
variable_type:  BOOL
variable_address:  %QX0.1

variable_name:  alertRaised
variable_type:  BOOL
variable_address:  %QX0.2

variable_name:  temperatureDifference
variable_type:  REAL
variable_address:  None

visit_assignment:  (assignment (variable name: (identifier)) (binary_expression (variable name: (identifier)) (variable name: (identifier))))

variable name:  temperatureDifference
visit_assignment:  (assignment (variable name: (identifier)) (boolean))

variable name:  coolingSystemActivated
visit_assignment:  (assignment (variable name: (identifier)) (boolean))

variable name:  heatingSystemActivated
visit_assignment:  (assignment (variable name: (identifier)) (boolean))

variable name:  coolingSystemActivated
visit_assignment:  (assignment (variable name: (identifier)) (boolean))

variable name:  heatingSystemActivated
visit_assignment:  (assignment (variable name: (identifier)) (boolean))

variable name:  alertRaised
visit_assignment:  (assignment (variable name: (identifier)) (boolean))

variable name:  alertRaised

variables:  {'currentTemperature': ('REAL', '%ID0.0'), 'desiredTemperature': ('REAL', '%ID0.1'), 'coolingSystemActivated': ('BOOL', '%QX0.0'), 'heatingSystemActivated': ('BOOL', '%QX0.1'), 'alertRaised': ('BOOL', '%QX0.2'), 'temperatureDifference': ('REAL', None)}
content:  %ID0.0,REAL,9

content:  %ID0.1,REAL,9

plc_inputs:  [{'name': '%ID0.0', 'type': 'REAL', 'value': 9}, {'name': '%ID0.1', 'type': 'REAL', 'value': 9}]
plc_input_code:  #include "iec_std_lib.h"
#include "iec_types_all.h" 
#include <string.h>
#include <stdlib.h>
#include "/lfs/koff9454.ui/projects/plc_runtime_fuzzer/runtime/inputs.h"

    
extern REAL *__ID0_0;
extern REAL *__ID0_1;

void set_plc_input(const char *name, const char *type, PLC_Value value) {

    if (strcmp(name, "%ID0.0") == 0) {
        if (strcmp(type, "REAL") == 0) {
            *__ID0_0 = (REAL)value._REAL;
        }
    } else

    if (strcmp(name, "%ID0.1") == 0) {
        if (strcmp(type, "REAL") == 0) {
            *__ID0_1 = (REAL)value._REAL;
        }
    }
}
harness executable does not exist, creating
~/projects/plc_runtime_fuzzer/runtime ~/projects/plc_runtime_fuzzer/code_analysis/src/programs/complex/complex_7
(source_file (program_definition program_name: (identifier) (variable_definition (variable_definition_body name: (identifier) address: (address) type: (basic_data_type)) (block_comment) (variable_definition_body name: (identifier) address: (address) type: (basic_data_type)) (block_comment) (variable_definition_body name: (identifier) address: (address) type: (basic_data_type)) (block_comment) (variable_definition_body name: (identifier) address: (address) type: (basic_data_type)) (block_comment) (variable_definition_body name: (identifier) address: (address) type: (basic_data_type)) (block_comment)) (variable_definition (variable_definition_body name: (identifier) type: (basic_data_type)) (block_comment)) (block_comment) (block_comment) (block_comment) (assignment (variable name: (identifier)) (binary_expression (variable name: (identifier)) (variable name: (identifier)))) (if_statement condition: (binary_expression (variable name: (identifier)) (floating_point)) (block_comment) (assignment (variable name: (identifier)) (boolean)) (assignment (variable name: (identifier)) (boolean)) (else_clause (block_comment) (block_comment) (block_comment) (assignment (variable name: (identifier)) (boolean)) (assignment (variable name: (identifier)) (boolean)))) (block_comment) (if_statement condition: (binary_expression (call_expression function_name: (identifier) input: (binary_expression (variable name: (identifier)) (variable name: (identifier)))) (floating_point)) (block_comment) (assignment (variable name: (identifier)) (boolean)) (else_clause (block_comment) (assignment (variable name: (identifier)) (boolean))))) (configuration (identifier) (resource (identifier) (task (identifier) (time) (integer)) (program_instance (identifier) (identifier) (identifier)))))
variable_name:  currentTemperature
variable_type:  REAL
variable_address:  %ID0.0

variable_name:  desiredTemperature
variable_type:  REAL
variable_address:  %ID0.1

variable_name:  coolingSystemActivated
variable_type:  BOOL
variable_address:  %QX0.0

variable_name:  heatingSystemActivated
variable_type:  BOOL
variable_address:  %QX0.1

variable_name:  alertRaised
variable_type:  BOOL
variable_address:  %QX0.2

variable_name:  temperatureDifference
variable_type:  REAL
variable_address:  None

visit_assignment:  (assignment (variable name: (identifier)) (binary_expression (variable name: (identifier)) (variable name: (identifier))))

variable name:  temperatureDifference
visit_assignment:  (assignment (variable name: (identifier)) (boolean))

variable name:  coolingSystemActivated
visit_assignment:  (assignment (variable name: (identifier)) (boolean))

variable name:  heatingSystemActivated
visit_assignment:  (assignment (variable name: (identifier)) (boolean))

variable name:  coolingSystemActivated
visit_assignment:  (assignment (variable name: (identifier)) (boolean))

variable name:  heatingSystemActivated
visit_assignment:  (assignment (variable name: (identifier)) (boolean))

variable name:  alertRaised
visit_assignment:  (assignment (variable name: (identifier)) (boolean))

variable name:  alertRaised

variables:  {'currentTemperature': ('REAL', '%ID0.0'), 'desiredTemperature': ('REAL', '%ID0.1'), 'coolingSystemActivated': ('BOOL', '%QX0.0'), 'heatingSystemActivated': ('BOOL', '%QX0.1'), 'alertRaised': ('BOOL', '%QX0.2'), 'temperatureDifference': ('REAL', None)}
content:  %ID0.0,REAL,9

content:  %ID0.1,REAL,9

plc_inputs:  [{'name': '%ID0.0', 'type': 'REAL', 'value': 9}, {'name': '%ID0.1', 'type': 'REAL', 'value': 9}]
plc_input_code:  #include "iec_std_lib.h"
#include "iec_types_all.h" 
#include <string.h>
#include <stdlib.h>
#include "/lfs/koff9454.ui/projects/plc_runtime_fuzzer/runtime/inputs.h"

    
extern REAL *__ID0_0;
extern REAL *__ID0_1;

void set_plc_input(const char *name, const char *type, PLC_Value value) {

    if (strcmp(name, "%ID0.0") == 0) {
        if (strcmp(type, "REAL") == 0) {
            *__ID0_0 = (REAL)value._REAL;
        }
    } else

    if (strcmp(name, "%ID0.1") == 0) {
        if (strcmp(type, "REAL") == 0) {
            *__ID0_1 = (REAL)value._REAL;
        }
    }
}
Created temporary directory: /lfs/koff9454.ui/projects/plc_runtime_fuzzer/runtime/tmp.tjBDO5
Generating IEC sources from ST file
POUS.c
POUS.h
LOCATED_VARIABLES.h
VARIABLES.csv
STD_CONF.c
STD_CONF.h
STD_RESSOURCE.c
Compiling the fuzzing harness
Compiling the set_input
Creating the executable
~/projects/plc_runtime_fuzzer/code_analysis/src/programs/complex/complex_7
Current directory: /lfs/koff9454.ui/projects/plc_runtime_fuzzer/code_analysis/src/programs/complex/complex_7
Files moved to /lfs/koff9454.ui/projects/plc_runtime_fuzzer/code_analysis/src/programs/complex/complex_7
Running the fuzzers
Workdir: "/lfs/koff9454.ui/projects/plc_runtime_fuzzer/code_analysis/src/programs/complex/complex_7/runs/run-27"
Out dir at "fuzzer-outdir" already exists.
Let's fuzz :)
[Stats #0] run time: 0h-0m-0s, clients: 1, corpus: 0, objectives: 0, executions: 0, exec/sec: 0.000
[Testcase #0] run time: 0h-0m-0s, clients: 1, corpus: 1, objectives: 0, executions: 1, exec/sec: 0.000
We imported 1 inputs from disk.
[Stats #0] run time: 0h-0m-0s, clients: 1, corpus: 1, objectives: 0, executions: 1, exec/sec: 0.000
[Testcase #0] run time: 0h-0m-0s, clients: 1, corpus: 2, objectives: 0, executions: 10, exec/sec: 0.000
[Objective #0] run time: 0h-0m-0s, clients: 1, corpus: 2, objectives: 1, executions: 10, exec/sec: 0.000
[Objective #0] run time: 0h-0m-0s, clients: 1, corpus: 2, objectives: 2, executions: 10, exec/sec: 0.000
[Objective #0] run time: 0h-0m-0s, clients: 1, corpus: 2, objectives: 3, executions: 10, exec/sec: 0.000
[Objective #0] run time: 0h-0m-0s, clients: 1, corpus: 2, objectives: 4, executions: 10, exec/sec: 0.000
[Objective #0] run time: 0h-0m-0s, clients: 1, corpus: 2, objectives: 5, executions: 10, exec/sec: 0.000
[Objective #0] run time: 0h-0m-0s, clients: 1, corpus: 2, objectives: 6, executions: 10, exec/sec: 0.000
[Objective #0] run time: 0h-0m-0s, clients: 1, corpus: 2, objectives: 7, executions: 10, exec/sec: 0.000
[Objective #0] run time: 0h-0m-1s, clients: 1, corpus: 2, objectives: 8, executions: 10, exec/sec: 9.024
[Objective #0] run time: 0h-0m-1s, clients: 1, corpus: 2, objectives: 9, executions: 10, exec/sec: 8.087
[Objective #0] run time: 0h-0m-1s, clients: 1, corpus: 2, objectives: 10, executions: 10, exec/sec: 7.329
[Objective #0] run time: 0h-0m-1s, clients: 1, corpus: 2, objectives: 11, executions: 10, exec/sec: 6.677
[Objective #0] run time: 0h-0m-1s, clients: 1, corpus: 2, objectives: 12, executions: 10, exec/sec: 6.166
[Objective #0] run time: 0h-0m-1s, clients: 1, corpus: 2, objectives: 13, executions: 10, exec/sec: 5.730
[Objective #0] run time: 0h-0m-1s, clients: 1, corpus: 2, objectives: 14, executions: 10, exec/sec: 5.215
[Objective #0] run time: 0h-0m-2s, clients: 1, corpus: 2, objectives: 15, executions: 10, exec/sec: 4.879
[Objective #0] run time: 0h-0m-2s, clients: 1, corpus: 2, objectives: 16, executions: 10, exec/sec: 4.595
[Objective #0] run time: 0h-0m-2s, clients: 1, corpus: 2, objectives: 17, executions: 10, exec/sec: 4.357
[Objective #0] run time: 0h-0m-2s, clients: 1, corpus: 2, objectives: 18, executions: 10, exec/sec: 4.086
[Objective #0] run time: 0h-0m-2s, clients: 1, corpus: 2, objectives: 19, executions: 10, exec/sec: 3.882
[Objective #0] run time: 0h-0m-2s, clients: 1, corpus: 2, objectives: 20, executions: 10, exec/sec: 3.709
[Objective #0] run time: 0h-0m-2s, clients: 1, corpus: 2, objectives: 21, executions: 10, exec/sec: 3.551
[Objective #0] run time: 0h-0m-2s, clients: 1, corpus: 2, objectives: 22, executions: 10, exec/sec: 3.383
[Objective #0] run time: 0h-0m-3s, clients: 1, corpus: 2, objectives: 23, executions: 10, exec/sec: 3.244
[Objective #0] run time: 0h-0m-3s, clients: 1, corpus: 2, objectives: 24, executions: 10, exec/sec: 3.114
[Objective #0] run time: 0h-0m-3s, clients: 1, corpus: 2, objectives: 25, executions: 10, exec/sec: 2.998
[Objective #0] run time: 0h-0m-3s, clients: 1, corpus: 2, objectives: 26, executions: 10, exec/sec: 2.866
[Objective #0] run time: 0h-0m-3s, clients: 1, corpus: 2, objectives: 27, executions: 10, exec/sec: 2.768
[Objective #0] run time: 0h-0m-3s, clients: 1, corpus: 2, objectives: 28, executions: 10, exec/sec: 2.686
[Objective #0] run time: 0h-0m-3s, clients: 1, corpus: 2, objectives: 29, executions: 10, exec/sec: 2.587
[Objective #0] run time: 0h-0m-4s, clients: 1, corpus: 2, objectives: 30, executions: 10, exec/sec: 2.506
[Objective #0] run time: 0h-0m-4s, clients: 1, corpus: 2, objectives: 31, executions: 10, exec/sec: 2.430
[Objective #0] run time: 0h-0m-4s, clients: 1, corpus: 2, objectives: 32, executions: 10, exec/sec: 2.362
[Objective #0] run time: 0h-0m-4s, clients: 1, corpus: 2, objectives: 33, executions: 10, exec/sec: 2.299
[Objective #0] run time: 0h-0m-4s, clients: 1, corpus: 2, objectives: 34, executions: 10, exec/sec: 2.231
[Objective #0] run time: 0h-0m-4s, clients: 1, corpus: 2, objectives: 35, executions: 10, exec/sec: 2.174
[Objective #0] run time: 0h-0m-4s, clients: 1, corpus: 2, objectives: 36, executions: 10, exec/sec: 2.114
[Objective #0] run time: 0h-0m-4s, clients: 1, corpus: 2, objectives: 37, executions: 10, exec/sec: 2.057
[Objective #0] run time: 0h-0m-5s, clients: 1, corpus: 2, objectives: 38, executions: 10, exec/sec: 2.004
[Objective #0] run time: 0h-0m-5s, clients: 1, corpus: 2, objectives: 39, executions: 10, exec/sec: 1.953
[Objective #0] run time: 0h-0m-5s, clients: 1, corpus: 2, objectives: 40, executions: 10, exec/sec: 1.910
[Objective #0] run time: 0h-0m-5s, clients: 1, corpus: 2, objectives: 41, executions: 10, exec/sec: 1.866
[Objective #0] run time: 0h-0m-5s, clients: 1, corpus: 2, objectives: 42, executions: 10, exec/sec: 1.820
[Objective #0] run time: 0h-0m-5s, clients: 1, corpus: 2, objectives: 43, executions: 10, exec/sec: 1.779
[Objective #0] run time: 0h-0m-5s, clients: 1, corpus: 2, objectives: 44, executions: 10, exec/sec: 1.742
[Objective #0] run time: 0h-0m-5s, clients: 1, corpus: 2, objectives: 45, executions: 10, exec/sec: 1.708
[Objective #0] run time: 0h-0m-5s, clients: 1, corpus: 2, objectives: 46, executions: 10, exec/sec: 1.679
[Objective #0] run time: 0h-0m-6s, clients: 1, corpus: 2, objectives: 47, executions: 10, exec/sec: 1.648
[Objective #0] run time: 0h-0m-6s, clients: 1, corpus: 2, objectives: 48, executions: 10, exec/sec: 1.611
[Objective #0] run time: 0h-0m-6s, clients: 1, corpus: 2, objectives: 49, executions: 10, exec/sec: 1.578
[Objective #0] run time: 0h-0m-6s, clients: 1, corpus: 2, objectives: 50, executions: 10, exec/sec: 1.549
[Objective #0] run time: 0h-0m-6s, clients: 1, corpus: 2, objectives: 51, executions: 10, exec/sec: 1.524
[Objective #0] run time: 0h-0m-6s, clients: 1, corpus: 2, objectives: 52, executions: 10, exec/sec: 1.495
[Objective #0] run time: 0h-0m-6s, clients: 1, corpus: 2, objectives: 53, executions: 10, exec/sec: 1.468
Crash limit reached: 1
