JOB timestamp: Mon Dec 18 13:29:19 MST 2023
JOB ID: 121410
Array Task ID: 10
Current directory: /lfs/koff9454.ui/projects/plc_runtime_fuzzer/code_analysis/src
r3i4n3
gcc (Spack GCC) 12.1.0
Copyright (C) 2022 Free Software Foundation, Inc.
This is free software; see the source for copying conditions.  There is NO
warranty; not even for MERCHANTABILITY or FITNESS FOR A PARTICULAR PURPOSE.

Python 3.11.5
/lfs/koff9454.ui/miniconda3/envs/plc/bin/python
matiec version 0.1
changeset id: 
Number of programs: 10
Programs: complex_1 complex_10 complex_2 complex_3 complex_4 complex_5 complex_6 complex_7 complex_8 complex_9
Fuzzing program: complex_1, Job ID: 10
input dir exist, skipping
harness file exist, skipping
Running the fuzzers
Workdir: "/lfs/koff9454.ui/projects/plc_runtime_fuzzer/code_analysis/src/programs/complex/complex_1/runs/run-10"
Out dir at "fuzzer-outdir" already exists.
Let's fuzz :)
[Stats #0] run time: 0h-0m-0s, clients: 1, corpus: 0, objectives: 0, executions: 0, exec/sec: 0.000
[Testcase #0] run time: 0h-0m-0s, clients: 1, corpus: 1, objectives: 0, executions: 1, exec/sec: 0.000
We imported 1 inputs from disk.
[Objective #0] run time: 0h-0m-0s, clients: 1, corpus: 1, objectives: 1, executions: 1, exec/sec: 0.000
[Objective #0] run time: 0h-0m-0s, clients: 1, corpus: 1, objectives: 2, executions: 1, exec/sec: 0.000
[Objective #0] run time: 0h-0m-0s, clients: 1, corpus: 1, objectives: 3, executions: 1, exec/sec: 0.000
[Objective #0] run time: 0h-0m-0s, clients: 1, corpus: 1, objectives: 4, executions: 1, exec/sec: 0.000
[Objective #0] run time: 0h-0m-0s, clients: 1, corpus: 1, objectives: 5, executions: 1, exec/sec: 0.000
[Objective #0] run time: 0h-0m-0s, clients: 1, corpus: 1, objectives: 6, executions: 1, exec/sec: 0.000
[Objective #0] run time: 0h-0m-0s, clients: 1, corpus: 1, objectives: 7, executions: 1, exec/sec: 0.000
[Objective #0] run time: 0h-0m-1s, clients: 1, corpus: 1, objectives: 8, executions: 1, exec/sec: 0.906
[Objective #0] run time: 0h-0m-1s, clients: 1, corpus: 1, objectives: 9, executions: 1, exec/sec: 0.785
[Objective #0] run time: 0h-0m-1s, clients: 1, corpus: 1, objectives: 10, executions: 1, exec/sec: 0.695
[Objective #0] run time: 0h-0m-1s, clients: 1, corpus: 1, objectives: 11, executions: 1, exec/sec: 0.630
[Objective #0] run time: 0h-0m-1s, clients: 1, corpus: 1, objectives: 12, executions: 1, exec/sec: 0.570
[Objective #0] run time: 0h-0m-1s, clients: 1, corpus: 1, objectives: 13, executions: 1, exec/sec: 0.525
[Objective #0] run time: 0h-0m-2s, clients: 1, corpus: 1, objectives: 14, executions: 1, exec/sec: 0.487
[Objective #0] run time: 0h-0m-2s, clients: 1, corpus: 1, objectives: 15, executions: 1, exec/sec: 0.454
[Objective #0] run time: 0h-0m-2s, clients: 1, corpus: 1, objectives: 16, executions: 1, exec/sec: 0.425
[Objective #0] run time: 0h-0m-2s, clients: 1, corpus: 1, objectives: 17, executions: 1, exec/sec: 0.402
[Objective #0] run time: 0h-0m-2s, clients: 1, corpus: 1, objectives: 18, executions: 1, exec/sec: 0.383
[Objective #0] run time: 0h-0m-2s, clients: 1, corpus: 1, objectives: 19, executions: 1, exec/sec: 0.363
[Objective #0] run time: 0h-0m-2s, clients: 1, corpus: 1, objectives: 20, executions: 1, exec/sec: 0.343
[Objective #0] run time: 0h-0m-3s, clients: 1, corpus: 1, objectives: 21, executions: 1, exec/sec: 0.326
[Objective #0] run time: 0h-0m-3s, clients: 1, corpus: 1, objectives: 22, executions: 1, exec/sec: 0.311
[Objective #0] run time: 0h-0m-3s, clients: 1, corpus: 1, objectives: 23, executions: 1, exec/sec: 0.298
[Objective #0] run time: 0h-0m-3s, clients: 1, corpus: 1, objectives: 24, executions: 1, exec/sec: 0.287
[Objective #0] run time: 0h-0m-3s, clients: 1, corpus: 1, objectives: 25, executions: 1, exec/sec: 0.277
[Objective #0] run time: 0h-0m-3s, clients: 1, corpus: 1, objectives: 26, executions: 1, exec/sec: 0.267
[Objective #0] run time: 0h-0m-3s, clients: 1, corpus: 1, objectives: 27, executions: 1, exec/sec: 0.258
[Objective #0] run time: 0h-0m-4s, clients: 1, corpus: 1, objectives: 28, executions: 1, exec/sec: 0.248
[Objective #0] run time: 0h-0m-4s, clients: 1, corpus: 1, objectives: 29, executions: 1, exec/sec: 0.240
[Objective #0] run time: 0h-0m-4s, clients: 1, corpus: 1, objectives: 30, executions: 1, exec/sec: 0.233
[Objective #0] run time: 0h-0m-4s, clients: 1, corpus: 1, objectives: 31, executions: 1, exec/sec: 0.225
[Objective #0] run time: 0h-0m-4s, clients: 1, corpus: 1, objectives: 32, executions: 1, exec/sec: 0.219
[Objective #0] run time: 0h-0m-4s, clients: 1, corpus: 1, objectives: 33, executions: 1, exec/sec: 0.212
[Objective #0] run time: 0h-0m-4s, clients: 1, corpus: 1, objectives: 34, executions: 1, exec/sec: 0.204
[Objective #0] run time: 0h-0m-5s, clients: 1, corpus: 1, objectives: 35, executions: 1, exec/sec: 0.198
[Objective #0] run time: 0h-0m-5s, clients: 1, corpus: 1, objectives: 36, executions: 1, exec/sec: 0.193
[Objective #0] run time: 0h-0m-5s, clients: 1, corpus: 1, objectives: 37, executions: 1, exec/sec: 0.186
[Objective #0] run time: 0h-0m-5s, clients: 1, corpus: 1, objectives: 38, executions: 1, exec/sec: 0.182
[Objective #0] run time: 0h-0m-5s, clients: 1, corpus: 1, objectives: 39, executions: 1, exec/sec: 0.178
[Objective #0] run time: 0h-0m-5s, clients: 1, corpus: 1, objectives: 40, executions: 1, exec/sec: 0.173
[Objective #0] run time: 0h-0m-5s, clients: 1, corpus: 1, objectives: 41, executions: 1, exec/sec: 0.168
[Objective #0] run time: 0h-0m-6s, clients: 1, corpus: 1, objectives: 42, executions: 1, exec/sec: 0.164
[Objective #0] run time: 0h-0m-6s, clients: 1, corpus: 1, objectives: 43, executions: 1, exec/sec: 0.160
[Objective #0] run time: 0h-0m-6s, clients: 1, corpus: 1, objectives: 44, executions: 1, exec/sec: 0.156
[Objective #0] run time: 0h-0m-6s, clients: 1, corpus: 1, objectives: 45, executions: 1, exec/sec: 0.152
[Objective #0] run time: 0h-0m-6s, clients: 1, corpus: 1, objectives: 46, executions: 1, exec/sec: 0.149
[Objective #0] run time: 0h-0m-6s, clients: 1, corpus: 1, objectives: 47, executions: 1, exec/sec: 0.146
[Objective #0] run time: 0h-0m-7s, clients: 1, corpus: 1, objectives: 48, executions: 1, exec/sec: 0.143
[Objective #0] run time: 0h-0m-7s, clients: 1, corpus: 1, objectives: 49, executions: 1, exec/sec: 0.140
[Objective #0] run time: 0h-0m-7s, clients: 1, corpus: 1, objectives: 50, executions: 1, exec/sec: 0.137
[Objective #0] run time: 0h-0m-7s, clients: 1, corpus: 1, objectives: 51, executions: 1, exec/sec: 0.135
[Objective #0] run time: 0h-0m-7s, clients: 1, corpus: 1, objectives: 52, executions: 1, exec/sec: 0.132
[Objective #0] run time: 0h-0m-7s, clients: 1, corpus: 1, objectives: 53, executions: 1, exec/sec: 0.130
Crash limit reached: 1
