JOB timestamp: Tue Dec 19 10:49:38 MST 2023
JOB ID: 121822
Array Task ID: 3
Current directory: /lfs/koff9454.ui/projects/plc_runtime_fuzzer/code_analysis/src
r1i2n11
gcc (Spack GCC) 12.1.0
Copyright (C) 2022 Free Software Foundation, Inc.
This is free software; see the source for copying conditions.  There is NO
warranty; not even for MERCHANTABILITY or FITNESS FOR A PARTICULAR PURPOSE.

Python 3.11.5
/lfs/koff9454.ui/miniconda3/envs/plc/bin/python
matiec version 0.1
changeset id: 
Number of programs: 3
Programs: depth_1 depth_2 depth_3
Fuzzing program: depth_1, Job ID: 3
input dir exist, skipping
harness file exist, skipping
Running the fuzzers
Workdir: "/lfs/koff9454.ui/projects/plc_runtime_fuzzer/code_analysis/src/programs/depth/depth_1/runs/run-3"
Out dir at "fuzzer-outdir" already exists.
Let's fuzz :)
[1;92m[+] [0mEnabled environment variable AFL_BENCH_UNTIL_CRASH with value 1[0m
[1;92m[+] [0mEnabled environment variable AFL_IGNORE_SEED_PROBLEMS with value 1[0m
[1;92m[+] [0mEnabled environment variable AFL_I_DONT_CARE_ABOUT_MISSING_CRASHES with value 1[0m
[1;92m[+] [0mEnabled environment variable AFL_SKIP_CPUFREQ with value 1[0m
[1;92m[+] [0mEnabled environment variable AFL_TRY_AFFINITY with value 1[0m
[1;93m[!] [1;97mWARNING: [0mPotentially mistyped AFL environment variable: USE_PCM_DB=2, did you mean AFL_USE_PCM_DB=2?[0m
[0;36mafl-fuzz++4.09a[0m based on afl by Michal Zalewski and a large online community
[1;92m[+] [0mAFL++ is maintained by Marc "van Hauser" Heuse, Dominik Maier, Andrea Fioraldi and Heiko "hexcoder" Eißfeldt[0m
[1;92m[+] [0mAFL++ is open source, get it at https://github.com/AFLplusplus/AFLplusplus[0m
[1;92m[+] [0mNOTE: AFL++ >= v3 has changed defaults and behaviours - see README.md[0m
[1;92m[+] [0mNo -M/-S set, autoconfiguring for "-S default"[0m
[1;94m[*] [0mGetting to work...[0m
[1;92m[+] [0mUsing exponential power schedule (FAST)[0m
[1;92m[+] [0mEnabled testcache with 50 MB[0m
[1;92m[+] [0mGenerating fuzz data with a length of min=1 max=1048576[0m
[1;94m[*] [0mChecking core_pattern...[0m

[1;91m[-] [0mHmm, your system is configured to send core dump notifications to an
    external utility. This will cause issues: there will be an extended delay
    between stumbling upon a crash and having this information relayed to the
    fuzzer via the standard waitpid() API.
    If you're just testing, set 'AFL_I_DONT_CARE_ABOUT_MISSING_CRASHES=1'.

    To avoid having crashes misinterpreted as timeouts, please log in as root
    and temporarily modify /proc/sys/kernel/core_pattern, like so:

    echo core >/proc/sys/kernel/core_pattern
[1;92m[+] [0mLooks like we're not running on a tty, so I'll be a bit less verbose.[0m
[1;92m[+] [0mYou have 36 CPU cores and 13 runnable tasks (utilization: 36%).[0m
[1;92m[+] [0mTry parallel jobs - see /usr/local/share/doc/afl/fuzzing_in_depth.md#c-using-multiple-cores[0m
[1;94m[*] [0mSetting up output directories...[0m
[1;94m[*] [0mChecking CPU core loadout...[0m
[1;92m[+] [0mFound a free CPU core, try binding to #5.[0m
[1;94m[*] [0mScanning 'afl-indir'...[0m
[1;92m[+] [0mLoaded a total of 1 seeds.[0m
[1;94m[*] [0mCreating hard links for all input files...[0m
[1;94m[*] [0mValidating target binary...[0m
[1;94m[*] [0mSpinning up the fork server...[0m
[1;92m[+] [0mAll right - fork server is up.[0m
[1;94m[*] [0mTarget map size: 59[0m
[1;94m[*] [0mNo auto-generated dictionary tokens to reuse.[0m
[1;94m[*] [0mLoading extra dictionary from 'afl-inputs.dict' (level 0)...[0m
[1;94m[*] [0mLoaded 66 extra tokens, size range 4 B to 6 B.[0m
[1;92m[+] [0mLoaded a total of 5 extras.[0m
[1;94m[*] [0mAttempting dry run with 'id:000000,time:0,execs:0,orig:testcase.txt'...[0m
[1;90m    len = 3, map size = 16, exec speed = 1115 us, hash = 26782fe75b855ca7
[0m[1;92m[+] [0mAll test cases processed.[0m
[1;92m[+] [0mHere are some useful stats:

[1;90m    Test case count : [0m1 favored, 0 variable, 0 ignored, 1 total
[1;90m       Bitmap range : [0m16 to 16 bits (average: 16.00 bits)
[1;90m        Exec timing : [0m1115 to 1115 us (average: 1115 us)
[0m
[1;94m[*] [0mNo -t option specified, so I'll use an exec timeout of 20 ms.[0m
[1;92m[+] [0mAll set and ready to roll![0m
[1;94m[*] [0mEntering queue cycle 1.[0m
[1;94m[*] [0mFuzzing test case #0 (1 total, 0 crashes saved, state: started :-), mode=explore, perf_score=0, weight=0, favorite=1, was_fuzzed=0, exec_us=1115, hits=0, map=16, ascii=0, run_time=0:00:00:00)...[0m
[1;94m[*] [0mFuzzing test case #1 (2 total, 0 crashes saved, state: started :-), mode=explore, perf_score=0, weight=0, favorite=1, was_fuzzed=0, exec_us=1091, hits=3, map=17, ascii=0, run_time=0:00:00:00)...[0m
[1;94m[*] [0mFuzzing test case #0 (2 total, 0 crashes saved, state: started :-), mode=explore, perf_score=459, weight=14, favorite=1, was_fuzzed=1, exec_us=1115, hits=0, map=16, ascii=0, run_time=0:00:00:00)...[0m
[1;92m[+] [0mEnabled environment variable AFL_BENCH_UNTIL_CRASH with value 1[0m
[1;92m[+] [0mEnabled environment variable AFL_IGNORE_SEED_PROBLEMS with value 1[0m
[1;92m[+] [0mEnabled environment variable AFL_I_DONT_CARE_ABOUT_MISSING_CRASHES with value 1[0m
[1;92m[+] [0mEnabled environment variable AFL_SKIP_CPUFREQ with value 1[0m
[1;92m[+] [0mEnabled environment variable AFL_TRY_AFFINITY with value 1[0m
[1;93m[!] [1;97mWARNING: [0mPotentially mistyped AFL environment variable: USE_PCM_DB=2, did you mean AFL_USE_PCM_DB=2?[0m
[0;36mafl-fuzz++4.09a[0m based on afl by Michal Zalewski and a large online community
[1;92m[+] [0mAFL++ is maintained by Marc "van Hauser" Heuse, Dominik Maier, Andrea Fioraldi and Heiko "hexcoder" Eißfeldt[0m
[1;92m[+] [0mAFL++ is open source, get it at https://github.com/AFLplusplus/AFLplusplus[0m
[1;92m[+] [0mNOTE: AFL++ >= v3 has changed defaults and behaviours - see README.md[0m
[1;92m[+] [0mNo -M/-S set, autoconfiguring for "-S default"[0m
[1;94m[*] [0mGetting to work...[0m
[1;92m[+] [0mUsing exponential power schedule (FAST)[0m
[1;92m[+] [0mEnabled testcache with 50 MB[0m
[1;92m[+] [0mGenerating fuzz data with a length of min=1 max=1048576[0m
[1;94m[*] [0mChecking core_pattern...[0m

[1;91m[-] [0mHmm, your system is configured to send core dump notifications to an
    external utility. This will cause issues: there will be an extended delay
    between stumbling upon a crash and having this information relayed to the
    fuzzer via the standard waitpid() API.
    If you're just testing, set 'AFL_I_DONT_CARE_ABOUT_MISSING_CRASHES=1'.

    To avoid having crashes misinterpreted as timeouts, please log in as root
    and temporarily modify /proc/sys/kernel/core_pattern, like so:

    echo core >/proc/sys/kernel/core_pattern
[1;92m[+] [0mLooks like we're not running on a tty, so I'll be a bit less verbose.[0m
[1;92m[+] [0mYou have 36 CPU cores and 19 runnable tasks (utilization: 53%).[0m
[1;92m[+] [0mTry parallel jobs - see /usr/local/share/doc/afl/fuzzing_in_depth.md#c-using-multiple-cores[0m
[1;94m[*] [0mSetting up output directories...[0m
[1;94m[*] [0mChecking CPU core loadout...[0m
[1;92m[+] [0mFound a free CPU core, try binding to #10.[0m
[1;94m[*] [0mScanning 'our-indir'...[0m
[1;92m[+] [0mLoaded a total of 1 seeds.[0m
[1;94m[*] [0mCreating hard links for all input files...[0m
[1;94m[*] [0mValidating target binary...[0m
[1;94m[*] [0mSpinning up the fork server...[0m
[1;92m[+] [0mAll right - fork server is up.[0m
[1;94m[*] [0mTarget map size: 59[0m
[1;94m[*] [0mNo auto-generated dictionary tokens to reuse.[0m
[1;94m[*] [0mLoading extra dictionary from 'our-inputs.dict' (level 0)...[0m
[1;94m[*] [0mLoaded 66 extra tokens, size range 4 B to 6 B.[0m
[1;92m[+] [0mLoaded a total of 5 extras.[0m
[1;94m[*] [0mAttempting dry run with 'id:000000,time:0,execs:0,orig:variables.txt'...[0m
[1;90m    len = 308, map size = 17, exec speed = 1178 us, hash = d7117ca9a15ca271
[0m[1;92m[+] [0mAll test cases processed.[0m
[1;92m[+] [0mHere are some useful stats:

[1;90m    Test case count : [0m1 favored, 0 variable, 0 ignored, 1 total
[1;90m       Bitmap range : [0m17 to 17 bits (average: 17.00 bits)
[1;90m        Exec timing : [0m1178 to 1178 us (average: 1178 us)
[0m
[1;94m[*] [0mNo -t option specified, so I'll use an exec timeout of 20 ms.[0m
[1;92m[+] [0mAll set and ready to roll![0m
[1;94m[*] [0mEntering queue cycle 1.[0m
[1;94m[*] [0mFuzzing test case #0 (1 total, 0 crashes saved, state: started :-), mode=explore, perf_score=0, weight=0, favorite=1, was_fuzzed=0, exec_us=1178, hits=0, map=17, ascii=0, run_time=0:00:00:00)...[0m
[?25h[1;91m

+++ Testing aborted programmatically +++
[0m[1;94m[*] [0mStatistics: 21 new corpus items found, 47.46% coverage achieved, 1 crashes saved, 0 timeouts saved, total runtime 0 days, 0 hrs, 0 min, 6 sec[0m
[1;92m[+] [0mWe're done here. Have a nice day!
[0m
[1;94m[*] [0mFuzzing test case #15 (16 total, 0 crashes saved, state: started :-), mode=explore, perf_score=0, weight=0, favorite=1, was_fuzzed=0, exec_us=1142, hits=2, map=16, ascii=0, run_time=0:00:00:09)...[0m
[1;94m[*] [0mFuzzing test case #14 (16 total, 0 crashes saved, state: started :-), mode=explore, perf_score=100, weight=18, favorite=1, was_fuzzed=0, exec_us=1131, hits=1, map=16, ascii=0, run_time=0:00:00:09)...[0m
[1;94m[*] [0mFuzzing test case #2 (16 total, 0 crashes saved, state: started :-), mode=explore, perf_score=100, weight=6, favorite=1, was_fuzzed=0, exec_us=1082, hits=140, map=16, ascii=0, run_time=0:00:00:09)...[0m
[1;94m[*] [0mFuzzing test case #0 (16 total, 0 crashes saved, state: started :-), mode=explore, perf_score=459, weight=69, favorite=1, was_fuzzed=1, exec_us=1115, hits=0, map=16, ascii=0, run_time=0:00:00:10)...[0m
[1;94m[*] [0mFuzzing test case #0 (16 total, 0 crashes saved, state: started :-), mode=explore, perf_score=459, weight=69, favorite=1, was_fuzzed=1, exec_us=1115, hits=0, map=16, ascii=0, run_time=0:00:00:10)...[0m
[1;94m[*] [0mFuzzing test case #0 (16 total, 0 crashes saved, state: started :-), mode=explore, perf_score=459, weight=69, favorite=1, was_fuzzed=1, exec_us=1115, hits=0, map=16, ascii=0, run_time=0:00:00:11)...[0m
[1;94m[*] [0mFuzzing test case #0 (16 total, 0 crashes saved, state: started :-), mode=explore, perf_score=459, weight=69, favorite=1, was_fuzzed=1, exec_us=1115, hits=0, map=16, ascii=0, run_time=0:00:00:11)...[0m
[1;94m[*] [0mFuzzing test case #16 (21 total, 0 crashes saved, state: started :-), mode=explore, perf_score=0, weight=0, favorite=1, was_fuzzed=0, exec_us=1149, hits=12, map=18, ascii=0, run_time=0:00:00:20)...[0m
[1;94m[*] [0mFuzzing test case #17 (21 total, 0 crashes saved, state: started :-), mode=explore, perf_score=100, weight=8, favorite=1, was_fuzzed=0, exec_us=1172, hits=23, map=16, ascii=0, run_time=0:00:00:20)...[0m
[1;94m[*] [0mFuzzing test case #1 (21 total, 0 crashes saved, state: started :-), mode=explore, perf_score=114, weight=2, favorite=1, was_fuzzed=1, exec_us=1091, hits=1624, map=17, ascii=0, run_time=0:00:00:21)...[0m
[1;94m[*] [0mFuzzing test case #0 (21 total, 0 crashes saved, state: started :-), mode=explore, perf_score=459, weight=75, favorite=1, was_fuzzed=1, exec_us=1115, hits=0, map=16, ascii=0, run_time=0:00:00:21)...[0m
[1;94m[*] [0mFuzzing test case #0 (21 total, 0 crashes saved, state: started :-), mode=explore, perf_score=459, weight=75, favorite=1, was_fuzzed=1, exec_us=1115, hits=0, map=16, ascii=0, run_time=0:00:00:22)...[0m
[1;94m[*] [0mFuzzing test case #0 (21 total, 0 crashes saved, state: started :-), mode=explore, perf_score=459, weight=75, favorite=1, was_fuzzed=1, exec_us=1115, hits=0, map=16, ascii=0, run_time=0:00:00:22)...[0m
[1;94m[*] [0mFuzzing test case #2 (21 total, 0 crashes saved, state: started :-), mode=explore, perf_score=114, weight=3, favorite=1, was_fuzzed=1, exec_us=1082, hits=606, map=16, ascii=0, run_time=0:00:00:23)...[0m
[1;94m[*] [0mFuzzing test case #0 (21 total, 0 crashes saved, state: started :-), mode=explore, perf_score=459, weight=75, favorite=1, was_fuzzed=1, exec_us=1115, hits=0, map=16, ascii=0, run_time=0:00:00:23)...[0m
[1;94m[*] [0mFuzzing test case #17 (21 total, 0 crashes saved, state: started :-), mode=explore, perf_score=114, weight=3, favorite=1, was_fuzzed=1, exec_us=1172, hits=39, map=16, ascii=0, run_time=0:00:00:24)...[0m
[1;94m[*] [0mFuzzing test case #21 (22 total, 0 crashes saved, state: started :-), mode=explore, perf_score=0, weight=0, favorite=1, was_fuzzed=0, exec_us=1178, hits=1, map=18, ascii=0, run_time=0:00:00:25)...[0m
[1;94m[*] [0mFuzzing test case #0 (22 total, 0 crashes saved, state: started :-), mode=explore, perf_score=459, weight=75, favorite=1, was_fuzzed=1, exec_us=1115, hits=0, map=16, ascii=0, run_time=0:00:00:25)...[0m
[1;94m[*] [0mFuzzing test case #0 (22 total, 0 crashes saved, state: started :-), mode=explore, perf_score=459, weight=75, favorite=1, was_fuzzed=1, exec_us=1115, hits=0, map=16, ascii=0, run_time=0:00:00:25)...[0m
[1;94m[*] [0mFuzzing test case #14 (22 total, 0 crashes saved, state: started :-), mode=explore, perf_score=229, weight=4, favorite=1, was_fuzzed=1, exec_us=1131, hits=17, map=16, ascii=0, run_time=0:00:00:26)...[0m
[1;94m[*] [0mFuzzing test case #0 (22 total, 0 crashes saved, state: started :-), mode=explore, perf_score=459, weight=75, favorite=1, was_fuzzed=1, exec_us=1115, hits=0, map=16, ascii=0, run_time=0:00:00:26)...[0m
[1;94m[*] [0mFuzzing test case #0 (22 total, 0 crashes saved, state: started :-), mode=explore, perf_score=459, weight=75, favorite=1, was_fuzzed=1, exec_us=1115, hits=0, map=16, ascii=0, run_time=0:00:00:27)...[0m
[1;94m[*] [0mFuzzing test case #15 (22 total, 0 crashes saved, state: started :-), mode=explore, perf_score=229, weight=4, favorite=1, was_fuzzed=1, exec_us=1142, hits=19, map=16, ascii=0, run_time=0:00:00:28)...[0m
[1;94m[*] [0mFuzzing test case #0 (22 total, 0 crashes saved, state: started :-), mode=explore, perf_score=459, weight=75, favorite=1, was_fuzzed=1, exec_us=1115, hits=0, map=16, ascii=0, run_time=0:00:00:28)...[0m
[1;94m[*] [0mFuzzing test case #14 (22 total, 0 crashes saved, state: started :-), mode=explore, perf_score=229, weight=4, favorite=1, was_fuzzed=1, exec_us=1131, hits=24, map=16, ascii=0, run_time=0:00:00:29)...[0m
[1;94m[*] [0mFuzzing test case #22 (23 total, 0 crashes saved, state: started :-), mode=explore, perf_score=0, weight=0, favorite=1, was_fuzzed=0, exec_us=1173, hits=1, map=20, ascii=0, run_time=0:00:00:30)...[0m
[1;94m[*] [0mFuzzing test case #0 (23 total, 0 crashes saved, state: started :-), mode=explore, perf_score=459, weight=75, favorite=1, was_fuzzed=1, exec_us=1115, hits=0, map=16, ascii=0, run_time=0:00:00:30)...[0m
[1;94m[*] [0mEntering queue cycle 2.[0m
[1;94m[*] [0mFuzzing test case #0 (23 total, 0 crashes saved, state: started :-), mode=explore, perf_score=459, weight=75, favorite=1, was_fuzzed=1, exec_us=1115, hits=0, map=16, ascii=0, run_time=0:00:00:31)...[0m
[1;94m[*] [0mFuzzing test case #0 (23 total, 0 crashes saved, state: started :-), mode=explore, perf_score=459, weight=75, favorite=1, was_fuzzed=1, exec_us=1115, hits=0, map=16, ascii=0, run_time=0:00:00:31)...[0m
[1;94m[*] [0mFuzzing test case #0 (23 total, 0 crashes saved, state: started :-), mode=explore, perf_score=459, weight=75, favorite=1, was_fuzzed=1, exec_us=1115, hits=0, map=16, ascii=0, run_time=0:00:00:32)...[0m
[1;94m[*] [0mFuzzing test case #16 (23 total, 0 crashes saved, state: started :-), mode=explore, perf_score=229, weight=4, favorite=1, was_fuzzed=1, exec_us=1149, hits=30, map=18, ascii=0, run_time=0:00:00:32)...[0m
[1;94m[*] [0mFuzzing test case #24 (27 total, 0 crashes saved, state: started :-), mode=explore, perf_score=0, weight=0, favorite=1, was_fuzzed=0, exec_us=1182, hits=4, map=16, ascii=0, run_time=0:00:00:37)...[0m
[1;94m[*] [0mFuzzing test case #25 (27 total, 0 crashes saved, state: started :-), mode=explore, perf_score=200, weight=12, favorite=1, was_fuzzed=0, exec_us=1181, hits=4, map=18, ascii=0, run_time=0:00:00:37)...[0m
[1;94m[*] [0mFuzzing test case #26 (27 total, 0 crashes saved, state: started :-), mode=explore, perf_score=100, weight=18, favorite=1, was_fuzzed=0, exec_us=1221, hits=1, map=18, ascii=0, run_time=0:00:00:38)...[0m
[1;94m[*] [0mFuzzing test case #0 (27 total, 0 crashes saved, state: started :-), mode=explore, perf_score=459, weight=79, favorite=1, was_fuzzed=1, exec_us=1115, hits=0, map=16, ascii=0, run_time=0:00:00:38)...[0m
[1;94m[*] [0mFuzzing test case #14 (27 total, 0 crashes saved, state: started :-), mode=explore, perf_score=114, weight=4, favorite=1, was_fuzzed=1, exec_us=1131, hits=38, map=16, ascii=0, run_time=0:00:00:39)...[0m
[1;94m[*] [0mFuzzing test case #0 (27 total, 0 crashes saved, state: started :-), mode=explore, perf_score=459, weight=79, favorite=1, was_fuzzed=1, exec_us=1115, hits=0, map=16, ascii=0, run_time=0:00:00:39)...[0m
[1;94m[*] [0mFuzzing test case #25 (27 total, 0 crashes saved, state: started :-), mode=explore, perf_score=345, weight=5, favorite=1, was_fuzzed=1, exec_us=1181, hits=13, map=18, ascii=0, run_time=0:00:00:40)...[0m
[1;94m[*] [0mFuzzing test case #0 (27 total, 0 crashes saved, state: started :-), mode=explore, perf_score=459, weight=79, favorite=1, was_fuzzed=1, exec_us=1115, hits=0, map=16, ascii=0, run_time=0:00:00:41)...[0m
[1;94m[*] [0mFuzzing test case #0 (27 total, 0 crashes saved, state: started :-), mode=explore, perf_score=459, weight=79, favorite=1, was_fuzzed=1, exec_us=1115, hits=0, map=16, ascii=0, run_time=0:00:00:42)...[0m
[1;94m[*] [0mFuzzing test case #14 (27 total, 0 crashes saved, state: started :-), mode=explore, perf_score=114, weight=4, favorite=1, was_fuzzed=1, exec_us=1131, hits=44, map=16, ascii=0, run_time=0:00:00:42)...[0m
[1;94m[*] [0mFuzzing test case #0 (27 total, 0 crashes saved, state: started :-), mode=explore, perf_score=459, weight=79, favorite=1, was_fuzzed=1, exec_us=1115, hits=0, map=16, ascii=0, run_time=0:00:00:43)...[0m
[1;94m[*] [0mFuzzing test case #0 (27 total, 0 crashes saved, state: started :-), mode=explore, perf_score=459, weight=79, favorite=1, was_fuzzed=1, exec_us=1115, hits=0, map=16, ascii=0, run_time=0:00:00:43)...[0m
[1;94m[*] [0mFuzzing test case #25 (27 total, 0 crashes saved, state: started :-), mode=explore, perf_score=345, weight=5, favorite=1, was_fuzzed=1, exec_us=1181, hits=34, map=18, ascii=0, run_time=0:00:00:44)...[0m
[1;94m[*] [0mFuzzing test case #0 (28 total, 0 crashes saved, state: started :-), mode=explore, perf_score=459, weight=82, favorite=1, was_fuzzed=1, exec_us=1115, hits=0, map=16, ascii=0, run_time=0:00:00:45)...[0m
[1;94m[*] [0mFuzzing test case #0 (28 total, 0 crashes saved, state: started :-), mode=explore, perf_score=459, weight=82, favorite=1, was_fuzzed=1, exec_us=1115, hits=0, map=16, ascii=0, run_time=0:00:00:46)...[0m
[1;94m[*] [0mFuzzing test case #0 (28 total, 0 crashes saved, state: started :-), mode=explore, perf_score=459, weight=82, favorite=1, was_fuzzed=1, exec_us=1115, hits=0, map=16, ascii=0, run_time=0:00:00:47)...[0m
[1;94m[*] [0mFuzzing test case #0 (28 total, 0 crashes saved, state: started :-), mode=explore, perf_score=459, weight=82, favorite=1, was_fuzzed=1, exec_us=1115, hits=0, map=16, ascii=0, run_time=0:00:00:47)...[0m
[1;94m[*] [0mFuzzing test case #0 (28 total, 0 crashes saved, state: started :-), mode=explore, perf_score=459, weight=82, favorite=1, was_fuzzed=1, exec_us=1115, hits=0, map=16, ascii=0, run_time=0:00:00:48)...[0m
[1;94m[*] [0mFuzzing test case #0 (28 total, 0 crashes saved, state: started :-), mode=explore, perf_score=459, weight=82, favorite=1, was_fuzzed=1, exec_us=1115, hits=0, map=16, ascii=0, run_time=0:00:00:48)...[0m
[1;94m[*] [0mFuzzing test case #0 (28 total, 0 crashes saved, state: started :-), mode=explore, perf_score=459, weight=82, favorite=1, was_fuzzed=1, exec_us=1115, hits=0, map=16, ascii=0, run_time=0:00:00:49)...[0m
[1;94m[*] [0mFuzzing test case #22 (28 total, 0 crashes saved, state: started :-), mode=explore, perf_score=459, weight=10, favorite=1, was_fuzzed=1, exec_us=1173, hits=1, map=20, ascii=0, run_time=0:00:00:49)...[0m
[1;94m[*] [0mFuzzing test case #0 (31 total, 0 crashes saved, state: started :-), mode=explore, perf_score=459, weight=90, favorite=1, was_fuzzed=1, exec_us=1115, hits=0, map=16, ascii=0, run_time=0:00:00:55)...[0m
[1;94m[*] [0mFuzzing test case #24 (31 total, 0 crashes saved, state: started :-), mode=explore, perf_score=229, weight=4, favorite=1, was_fuzzed=1, exec_us=1182, hits=19, map=16, ascii=0, run_time=0:00:00:56)...[0m
[1;94m[*] [0mFuzzing test case #31 (33 total, 0 crashes saved, state: started :-), mode=explore, perf_score=400, weight=2, favorite=0, was_fuzzed=0, exec_us=1171, hits=1, map=17, ascii=0, run_time=0:00:00:57)...[0m
[1;94m[*] [0mFuzzing test case #0 (36 total, 0 crashes saved, state: started :-), mode=explore, perf_score=459, weight=104, favorite=1, was_fuzzed=1, exec_us=1115, hits=0, map=16, ascii=0, run_time=0:00:00:59)...[0m
[1;94m[*] [0mFuzzing test case #21 (36 total, 0 crashes saved, state: started :-), mode=explore, perf_score=229, weight=10, favorite=1, was_fuzzed=1, exec_us=1178, hits=17, map=18, ascii=0, run_time=0:00:01:00)...[0m
[1;94m[*] [0mFuzzing test case #0 (36 total, 0 crashes saved, state: started :-), mode=explore, perf_score=459, weight=104, favorite=1, was_fuzzed=1, exec_us=1115, hits=0, map=16, ascii=0, run_time=0:00:01:01)...[0m
[1;94m[*] [0mFuzzing test case #0 (36 total, 0 crashes saved, state: started :-), mode=explore, perf_score=459, weight=104, favorite=1, was_fuzzed=1, exec_us=1115, hits=0, map=16, ascii=0, run_time=0:00:01:01)...[0m
[1;94m[*] [0mFuzzing test case #24 (36 total, 0 crashes saved, state: started :-), mode=explore, perf_score=114, weight=3, favorite=1, was_fuzzed=1, exec_us=1182, hits=104, map=16, ascii=0, run_time=0:00:01:02)...[0m
[1;94m[*] [0mFuzzing test case #22 (36 total, 0 crashes saved, state: started :-), mode=explore, perf_score=114, weight=3, favorite=1, was_fuzzed=1, exec_us=1173, hits=373, map=20, ascii=0, run_time=0:00:01:02)...[0m
[1;94m[*] [0mFuzzing test case #0 (37 total, 0 crashes saved, state: started :-), mode=explore, perf_score=459, weight=107, favorite=1, was_fuzzed=1, exec_us=1115, hits=0, map=16, ascii=0, run_time=0:00:01:02)...[0m
[1;94m[*] [0mFuzzing test case #0 (37 total, 0 crashes saved, state: started :-), mode=explore, perf_score=459, weight=107, favorite=1, was_fuzzed=1, exec_us=1115, hits=0, map=16, ascii=0, run_time=0:00:01:03)...[0m
[1;94m[*] [0mFuzzing test case #0 (37 total, 0 crashes saved, state: started :-), mode=explore, perf_score=459, weight=107, favorite=1, was_fuzzed=1, exec_us=1115, hits=0, map=16, ascii=0, run_time=0:00:01:04)...[0m
[1;94m[*] [0mFuzzing test case #0 (38 total, 0 crashes saved, state: started :-), mode=explore, perf_score=459, weight=109, favorite=1, was_fuzzed=1, exec_us=1115, hits=0, map=16, ascii=0, run_time=0:00:01:05)...[0m
[1;94m[*] [0mFuzzing test case #0 (38 total, 0 crashes saved, state: started :-), mode=explore, perf_score=459, weight=109, favorite=1, was_fuzzed=1, exec_us=1115, hits=0, map=16, ascii=0, run_time=0:00:01:06)...[0m
[1;94m[*] [0mFuzzing test case #0 (38 total, 0 crashes saved, state: started :-), mode=explore, perf_score=459, weight=109, favorite=1, was_fuzzed=1, exec_us=1115, hits=0, map=16, ascii=0, run_time=0:00:01:06)...[0m
[1;94m[*] [0mFuzzing test case #0 (38 total, 0 crashes saved, state: started :-), mode=explore, perf_score=459, weight=109, favorite=1, was_fuzzed=1, exec_us=1115, hits=0, map=16, ascii=0, run_time=0:00:01:07)...[0m
[1;94m[*] [0mEntering queue cycle 3.[0m
[1;94m[*] [0mFuzzing test case #24 (38 total, 0 crashes saved, state: started :-), mode=explore, perf_score=114, weight=4, favorite=1, was_fuzzed=1, exec_us=1182, hits=116, map=16, ascii=0, run_time=0:00:01:07)...[0m
[1;94m[*] [0mFuzzing test case #0 (38 total, 0 crashes saved, state: started :-), mode=explore, perf_score=459, weight=109, favorite=1, was_fuzzed=1, exec_us=1115, hits=0, map=16, ascii=0, run_time=0:00:01:08)...[0m
[1;94m[*] [0mFuzzing test case #21 (38 total, 0 crashes saved, state: started :-), mode=explore, perf_score=114, weight=9, favorite=1, was_fuzzed=1, exec_us=1178, hits=53, map=18, ascii=0, run_time=0:00:01:08)...[0m
[1;94m[*] [0mFuzzing test case #0 (38 total, 0 crashes saved, state: started :-), mode=explore, perf_score=459, weight=109, favorite=1, was_fuzzed=1, exec_us=1115, hits=0, map=16, ascii=0, run_time=0:00:01:08)...[0m
[1;94m[*] [0mFuzzing test case #18 (38 total, 0 crashes saved, state: started :-), mode=explore, perf_score=100, weight=1, favorite=0, was_fuzzed=0, exec_us=1181, hits=25, map=19, ascii=0, run_time=0:00:01:09)...[0m
[1;94m[*] [0mFuzzing test case #0 (38 total, 0 crashes saved, state: started :-), mode=explore, perf_score=459, weight=109, favorite=1, was_fuzzed=1, exec_us=1115, hits=0, map=16, ascii=0, run_time=0:00:01:09)...[0m
[1;94m[*] [0mFuzzing test case #0 (38 total, 0 crashes saved, state: started :-), mode=explore, perf_score=459, weight=109, favorite=1, was_fuzzed=1, exec_us=1115, hits=0, map=16, ascii=0, run_time=0:00:01:10)...[0m
[1;94m[*] [0mFuzzing test case #0 (38 total, 0 crashes saved, state: started :-), mode=explore, perf_score=459, weight=109, favorite=1, was_fuzzed=1, exec_us=1115, hits=0, map=16, ascii=0, run_time=0:00:01:11)...[0m
[1;94m[*] [0mFuzzing test case #22 (38 total, 0 crashes saved, state: started :-), mode=explore, perf_score=114, weight=3, favorite=1, was_fuzzed=1, exec_us=1173, hits=392, map=20, ascii=0, run_time=0:00:01:11)...[0m
[1;94m[*] [0mFuzzing test case #0 (38 total, 0 crashes saved, state: started :-), mode=explore, perf_score=459, weight=109, favorite=1, was_fuzzed=1, exec_us=1115, hits=0, map=16, ascii=0, run_time=0:00:01:12)...[0m
[1;94m[*] [0mFuzzing test case #0 (38 total, 0 crashes saved, state: started :-), mode=explore, perf_score=459, weight=109, favorite=1, was_fuzzed=1, exec_us=1115, hits=0, map=16, ascii=0, run_time=0:00:01:12)...[0m
[1;94m[*] [0mFuzzing test case #0 (38 total, 0 crashes saved, state: started :-), mode=explore, perf_score=459, weight=109, favorite=1, was_fuzzed=1, exec_us=1115, hits=0, map=16, ascii=0, run_time=0:00:01:13)...[0m
[1;94m[*] [0mFuzzing test case #0 (38 total, 0 crashes saved, state: started :-), mode=explore, perf_score=459, weight=109, favorite=1, was_fuzzed=1, exec_us=1115, hits=0, map=16, ascii=0, run_time=0:00:01:13)...[0m
[1;94m[*] [0mFuzzing test case #0 (38 total, 0 crashes saved, state: started :-), mode=explore, perf_score=459, weight=109, favorite=1, was_fuzzed=1, exec_us=1115, hits=0, map=16, ascii=0, run_time=0:00:01:14)...[0m
[1;94m[*] [0mFuzzing test case #15 (38 total, 0 crashes saved, state: started :-), mode=explore, perf_score=114, weight=4, favorite=1, was_fuzzed=1, exec_us=1142, hits=138, map=16, ascii=0, run_time=0:00:01:14)...[0m
[1;94m[*] [0mFuzzing test case #0 (38 total, 0 crashes saved, state: started :-), mode=explore, perf_score=459, weight=109, favorite=1, was_fuzzed=1, exec_us=1115, hits=0, map=16, ascii=0, run_time=0:00:01:15)...[0m
[1;94m[*] [0mFuzzing test case #21 (38 total, 0 crashes saved, state: started :-), mode=explore, perf_score=114, weight=9, favorite=1, was_fuzzed=1, exec_us=1178, hits=60, map=18, ascii=0, run_time=0:00:01:17)...[0m
[1;94m[*] [0mFuzzing test case #0 (39 total, 0 crashes saved, state: started :-), mode=explore, perf_score=459, weight=112, favorite=1, was_fuzzed=1, exec_us=1115, hits=0, map=16, ascii=0, run_time=0:00:01:17)...[0m
[1;94m[*] [0mFuzzing test case #0 (39 total, 0 crashes saved, state: started :-), mode=explore, perf_score=459, weight=112, favorite=1, was_fuzzed=1, exec_us=1115, hits=0, map=16, ascii=0, run_time=0:00:01:18)...[0m
[1;94m[*] [0mFuzzing test case #32 (39 total, 0 crashes saved, state: started :-), mode=explore, perf_score=200, weight=2, favorite=0, was_fuzzed=0, exec_us=1179, hits=2, map=21, ascii=0, run_time=0:00:01:18)...[0m
[1;94m[*] [0mFuzzing test case #0 (43 total, 0 crashes saved, state: started :-), mode=explore, perf_score=459, weight=122, favorite=1, was_fuzzed=1, exec_us=1115, hits=0, map=16, ascii=0, run_time=0:00:01:21)...[0m
[1;94m[*] [0mFuzzing test case #16 (43 total, 0 crashes saved, state: started :-), mode=explore, perf_score=114, weight=4, favorite=1, was_fuzzed=1, exec_us=1149, hits=244, map=18, ascii=0, run_time=0:00:01:22)...[0m
[1;94m[*] [0mFuzzing test case #0 (43 total, 0 crashes saved, state: started :-), mode=explore, perf_score=459, weight=122, favorite=1, was_fuzzed=1, exec_us=1115, hits=0, map=16, ascii=0, run_time=0:00:01:22)...[0m
[1;94m[*] [0mFuzzing test case #0 (43 total, 0 crashes saved, state: started :-), mode=explore, perf_score=459, weight=122, favorite=1, was_fuzzed=1, exec_us=1115, hits=0, map=16, ascii=0, run_time=0:00:01:23)...[0m
[1;94m[*] [0mFuzzing test case #0 (43 total, 0 crashes saved, state: started :-), mode=explore, perf_score=459, weight=122, favorite=1, was_fuzzed=1, exec_us=1115, hits=0, map=16, ascii=0, run_time=0:00:01:23)...[0m
[1;94m[*] [0mFuzzing test case #0 (43 total, 0 crashes saved, state: started :-), mode=explore, perf_score=459, weight=122, favorite=1, was_fuzzed=1, exec_us=1115, hits=0, map=16, ascii=0, run_time=0:00:01:24)...[0m
[1;94m[*] [0mFuzzing test case #0 (43 total, 0 crashes saved, state: started :-), mode=explore, perf_score=459, weight=122, favorite=1, was_fuzzed=1, exec_us=1115, hits=0, map=16, ascii=0, run_time=0:00:01:24)...[0m
[1;94m[*] [0mFuzzing test case #21 (43 total, 0 crashes saved, state: started :-), mode=explore, perf_score=114, weight=9, favorite=1, was_fuzzed=1, exec_us=1178, hits=75, map=18, ascii=0, run_time=0:00:01:25)...[0m
[1;94m[*] [0mFuzzing test case #26 (44 total, 0 crashes saved, state: started :-), mode=explore, perf_score=114, weight=5, favorite=1, was_fuzzed=1, exec_us=1221, hits=37, map=18, ascii=0, run_time=0:00:01:25)...[0m
[1;94m[*] [0mFuzzing test case #0 (44 total, 0 crashes saved, state: started :-), mode=explore, perf_score=459, weight=125, favorite=1, was_fuzzed=1, exec_us=1115, hits=0, map=16, ascii=0, run_time=0:00:01:26)...[0m
[1;94m[*] [0mFuzzing test case #0 (44 total, 0 crashes saved, state: started :-), mode=explore, perf_score=459, weight=125, favorite=1, was_fuzzed=1, exec_us=1115, hits=0, map=16, ascii=0, run_time=0:00:01:26)...[0m
[1;94m[*] [0mFuzzing test case #21 (44 total, 0 crashes saved, state: started :-), mode=explore, perf_score=114, weight=9, favorite=1, was_fuzzed=1, exec_us=1178, hits=88, map=18, ascii=0, run_time=0:00:01:27)...[0m
[1;94m[*] [0mFuzzing test case #0 (44 total, 0 crashes saved, state: started :-), mode=explore, perf_score=459, weight=125, favorite=1, was_fuzzed=1, exec_us=1115, hits=0, map=16, ascii=0, run_time=0:00:01:27)...[0m
[1;94m[*] [0mFuzzing test case #0 (44 total, 0 crashes saved, state: started :-), mode=explore, perf_score=459, weight=125, favorite=1, was_fuzzed=1, exec_us=1115, hits=0, map=16, ascii=0, run_time=0:00:01:28)...[0m
[1;94m[*] [0mFuzzing test case #0 (44 total, 0 crashes saved, state: started :-), mode=explore, perf_score=459, weight=125, favorite=1, was_fuzzed=1, exec_us=1115, hits=0, map=16, ascii=0, run_time=0:00:01:29)...[0m
[1;94m[*] [0mFuzzing test case #0 (44 total, 0 crashes saved, state: started :-), mode=explore, perf_score=459, weight=125, favorite=1, was_fuzzed=1, exec_us=1115, hits=0, map=16, ascii=0, run_time=0:00:01:29)...[0m
[1;94m[*] [0mFuzzing test case #0 (44 total, 0 crashes saved, state: started :-), mode=explore, perf_score=459, weight=125, favorite=1, was_fuzzed=1, exec_us=1115, hits=0, map=16, ascii=0, run_time=0:00:01:30)...[0m
[1;94m[*] [0mFuzzing test case #0 (44 total, 0 crashes saved, state: started :-), mode=explore, perf_score=459, weight=125, favorite=1, was_fuzzed=1, exec_us=1115, hits=0, map=16, ascii=0, run_time=0:00:01:30)...[0m
[1;94m[*] [0mFuzzing test case #0 (44 total, 0 crashes saved, state: started :-), mode=explore, perf_score=459, weight=125, favorite=1, was_fuzzed=1, exec_us=1115, hits=0, map=16, ascii=0, run_time=0:00:01:31)...[0m
[1;94m[*] [0mFuzzing test case #0 (44 total, 0 crashes saved, state: started :-), mode=explore, perf_score=459, weight=125, favorite=1, was_fuzzed=1, exec_us=1115, hits=0, map=16, ascii=0, run_time=0:00:01:32)...[0m
[1;94m[*] [0mFuzzing test case #0 (44 total, 0 crashes saved, state: started :-), mode=explore, perf_score=459, weight=125, favorite=1, was_fuzzed=1, exec_us=1115, hits=0, map=16, ascii=0, run_time=0:00:01:32)...[0m
[1;94m[*] [0mFuzzing test case #0 (44 total, 0 crashes saved, state: started :-), mode=explore, perf_score=459, weight=125, favorite=1, was_fuzzed=1, exec_us=1115, hits=0, map=16, ascii=0, run_time=0:00:01:33)...[0m
[1;94m[*] [0mFuzzing test case #0 (44 total, 0 crashes saved, state: started :-), mode=explore, perf_score=459, weight=125, favorite=1, was_fuzzed=1, exec_us=1115, hits=0, map=16, ascii=0, run_time=0:00:01:33)...[0m
[1;94m[*] [0mFuzzing test case #0 (44 total, 0 crashes saved, state: started :-), mode=explore, perf_score=459, weight=125, favorite=1, was_fuzzed=1, exec_us=1115, hits=0, map=16, ascii=0, run_time=0:00:01:34)...[0m
[1;94m[*] [0mFuzzing test case #21 (44 total, 0 crashes saved, state: started :-), mode=explore, perf_score=114, weight=9, favorite=1, was_fuzzed=1, exec_us=1178, hits=99, map=18, ascii=0, run_time=0:00:01:34)...[0m
[1;94m[*] [0mFuzzing test case #0 (44 total, 0 crashes saved, state: started :-), mode=explore, perf_score=459, weight=125, favorite=1, was_fuzzed=1, exec_us=1115, hits=0, map=16, ascii=0, run_time=0:00:01:35)...[0m
[1;94m[*] [0mEntering queue cycle 4.[0m
[1;94m[*] [0mFuzzing test case #0 (44 total, 0 crashes saved, state: started :-), mode=explore, perf_score=459, weight=125, favorite=1, was_fuzzed=1, exec_us=1115, hits=0, map=16, ascii=0, run_time=0:00:01:36)...[0m
[1;94m[*] [0mFuzzing test case #22 (44 total, 0 crashes saved, state: started :-), mode=explore, perf_score=114, weight=4, favorite=1, was_fuzzed=1, exec_us=1173, hits=399, map=20, ascii=0, run_time=0:00:01:36)...[0m
[1;94m[*] [0mFuzzing test case #44 (45 total, 0 crashes saved, state: started :-), mode=explore, perf_score=0, weight=0, favorite=1, was_fuzzed=0, exec_us=1172, hits=1, map=20, ascii=0, run_time=0:00:01:36)...[0m
[1;94m[*] [0mFuzzing test case #0 (45 total, 0 crashes saved, state: started :-), mode=explore, perf_score=459, weight=124, favorite=1, was_fuzzed=1, exec_us=1115, hits=0, map=16, ascii=0, run_time=0:00:01:36)...[0m
[1;94m[*] [0mFuzzing test case #0 (45 total, 0 crashes saved, state: started :-), mode=explore, perf_score=459, weight=124, favorite=1, was_fuzzed=1, exec_us=1115, hits=0, map=16, ascii=0, run_time=0:00:01:37)...[0m
[1;94m[*] [0mFuzzing test case #0 (45 total, 0 crashes saved, state: started :-), mode=explore, perf_score=459, weight=124, favorite=1, was_fuzzed=1, exec_us=1115, hits=0, map=16, ascii=0, run_time=0:00:01:38)...[0m
[1;94m[*] [0mFuzzing test case #0 (45 total, 0 crashes saved, state: started :-), mode=explore, perf_score=459, weight=124, favorite=1, was_fuzzed=1, exec_us=1115, hits=0, map=16, ascii=0, run_time=0:00:01:38)...[0m
[1;94m[*] [0mFuzzing test case #0 (45 total, 0 crashes saved, state: started :-), mode=explore, perf_score=459, weight=124, favorite=1, was_fuzzed=1, exec_us=1115, hits=0, map=16, ascii=0, run_time=0:00:01:39)...[0m
[1;94m[*] [0mFuzzing test case #16 (45 total, 0 crashes saved, state: started :-), mode=explore, perf_score=114, weight=4, favorite=1, was_fuzzed=1, exec_us=1149, hits=274, map=18, ascii=0, run_time=0:00:01:40)...[0m
[1;94m[*] [0mFuzzing test case #0 (46 total, 0 crashes saved, state: started :-), mode=explore, perf_score=459, weight=126, favorite=1, was_fuzzed=1, exec_us=1115, hits=0, map=16, ascii=0, run_time=0:00:01:40)...[0m
[1;94m[*] [0mFuzzing test case #0 (46 total, 0 crashes saved, state: started :-), mode=explore, perf_score=459, weight=126, favorite=1, was_fuzzed=1, exec_us=1115, hits=0, map=16, ascii=0, run_time=0:00:01:41)...[0m
[1;94m[*] [0mFuzzing test case #21 (46 total, 0 crashes saved, state: started :-), mode=explore, perf_score=114, weight=9, favorite=1, was_fuzzed=1, exec_us=1178, hits=109, map=18, ascii=0, run_time=0:00:01:41)...[0m
[1;94m[*] [0mFuzzing test case #16 (46 total, 0 crashes saved, state: started :-), mode=explore, perf_score=114, weight=4, favorite=1, was_fuzzed=1, exec_us=1149, hits=299, map=18, ascii=0, run_time=0:00:01:42)...[0m
[1;94m[*] [0mFuzzing test case #21 (46 total, 0 crashes saved, state: started :-), mode=explore, perf_score=114, weight=9, favorite=1, was_fuzzed=1, exec_us=1178, hits=121, map=18, ascii=0, run_time=0:00:01:42)...[0m
[1;94m[*] [0mFuzzing test case #24 (46 total, 0 crashes saved, state: started :-), mode=explore, perf_score=114, weight=4, favorite=1, was_fuzzed=1, exec_us=1182, hits=136, map=16, ascii=0, run_time=0:00:01:42)...[0m
[1;94m[*] [0mFuzzing test case #0 (46 total, 0 crashes saved, state: started :-), mode=explore, perf_score=459, weight=126, favorite=1, was_fuzzed=1, exec_us=1115, hits=0, map=16, ascii=0, run_time=0:00:01:43)...[0m
[1;94m[*] [0mFuzzing test case #22 (46 total, 0 crashes saved, state: started :-), mode=explore, perf_score=114, weight=4, favorite=1, was_fuzzed=1, exec_us=1173, hits=442, map=20, ascii=0, run_time=0:00:01:43)...[0m
[1;94m[*] [0mFuzzing test case #0 (46 total, 0 crashes saved, state: started :-), mode=explore, perf_score=459, weight=126, favorite=1, was_fuzzed=1, exec_us=1115, hits=0, map=16, ascii=0, run_time=0:00:01:44)...[0m
[1;94m[*] [0mFuzzing test case #14 (46 total, 0 crashes saved, state: started :-), mode=explore, perf_score=114, weight=4, favorite=1, was_fuzzed=1, exec_us=1131, hits=62, map=16, ascii=0, run_time=0:00:01:44)...[0m
[1;94m[*] [0mFuzzing test case #0 (46 total, 0 crashes saved, state: started :-), mode=explore, perf_score=459, weight=126, favorite=1, was_fuzzed=1, exec_us=1115, hits=0, map=16, ascii=0, run_time=0:00:01:45)...[0m
[1;94m[*] [0mFuzzing test case #0 (46 total, 0 crashes saved, state: started :-), mode=explore, perf_score=459, weight=126, favorite=1, was_fuzzed=1, exec_us=1115, hits=0, map=16, ascii=0, run_time=0:00:01:45)...[0m
[1;94m[*] [0mFuzzing test case #0 (46 total, 0 crashes saved, state: started :-), mode=explore, perf_score=459, weight=126, favorite=1, was_fuzzed=1, exec_us=1115, hits=0, map=16, ascii=0, run_time=0:00:01:46)...[0m
[1;94m[*] [0mFuzzing test case #0 (46 total, 0 crashes saved, state: started :-), mode=explore, perf_score=459, weight=126, favorite=1, was_fuzzed=1, exec_us=1115, hits=0, map=16, ascii=0, run_time=0:00:01:47)...[0m
[1;94m[*] [0mFuzzing test case #0 (46 total, 0 crashes saved, state: started :-), mode=explore, perf_score=459, weight=126, favorite=1, was_fuzzed=1, exec_us=1115, hits=0, map=16, ascii=0, run_time=0:00:01:48)...[0m
[1;94m[*] [0mFuzzing test case #0 (46 total, 0 crashes saved, state: started :-), mode=explore, perf_score=459, weight=126, favorite=1, was_fuzzed=1, exec_us=1115, hits=0, map=16, ascii=0, run_time=0:00:01:49)...[0m
[1;94m[*] [0mFuzzing test case #44 (46 total, 0 crashes saved, state: started :-), mode=explore, perf_score=1839, weight=13, favorite=1, was_fuzzed=1, exec_us=1172, hits=1, map=20, ascii=0, run_time=0:00:01:49)...[0m
[1;94m[*] [0mFuzzing test case #46 (50 total, 0 crashes saved, state: started :-), mode=explore, perf_score=0, weight=0, favorite=1, was_fuzzed=0, exec_us=1132, hits=2, map=20, ascii=0, run_time=0:00:02:04)...[0m
[1;94m[*] [0mFuzzing test case #0 (50 total, 0 crashes saved, state: started :-), mode=explore, perf_score=459, weight=132, favorite=1, was_fuzzed=1, exec_us=1115, hits=0, map=16, ascii=0, run_time=0:00:02:04)...[0m
[1;94m[*] [0mFuzzing test case #0 (50 total, 0 crashes saved, state: started :-), mode=explore, perf_score=459, weight=132, favorite=1, was_fuzzed=1, exec_us=1115, hits=0, map=16, ascii=0, run_time=0:00:02:04)...[0m
[1;94m[*] [0mFuzzing test case #40 (50 total, 0 crashes saved, state: started :-), mode=explore, perf_score=200, weight=2, favorite=0, was_fuzzed=0, exec_us=1157, hits=1, map=21, ascii=0, run_time=0:00:02:05)...[0m
[1;94m[*] [0mFuzzing test case #0 (51 total, 0 crashes saved, state: started :-), mode=explore, perf_score=459, weight=135, favorite=1, was_fuzzed=1, exec_us=1115, hits=0, map=16, ascii=0, run_time=0:00:02:06)...[0m
[1;94m[*] [0mFuzzing test case #0 (51 total, 0 crashes saved, state: started :-), mode=explore, perf_score=459, weight=135, favorite=1, was_fuzzed=1, exec_us=1115, hits=0, map=16, ascii=0, run_time=0:00:02:06)...[0m
[1;94m[*] [0mFuzzing test case #0 (51 total, 0 crashes saved, state: started :-), mode=explore, perf_score=459, weight=135, favorite=1, was_fuzzed=1, exec_us=1115, hits=0, map=16, ascii=0, run_time=0:00:02:08)...[0m
[1;94m[*] [0mFuzzing test case #5 (51 total, 0 crashes saved, state: started :-), mode=explore, perf_score=100, weight=0, favorite=0, was_fuzzed=0, exec_us=1092, hits=1441, map=17, ascii=0, run_time=0:00:02:09)...[0m
[1;94m[*] [0mFuzzing test case #21 (51 total, 0 crashes saved, state: started :-), mode=explore, perf_score=114, weight=9, favorite=1, was_fuzzed=1, exec_us=1178, hits=129, map=18, ascii=0, run_time=0:00:02:09)...[0m
[1;94m[*] [0mFuzzing test case #25 (52 total, 0 crashes saved, state: started :-), mode=explore, perf_score=114, weight=4, favorite=1, was_fuzzed=1, exec_us=1181, hits=83, map=18, ascii=0, run_time=0:00:02:10)...[0m
[1;94m[*] [0mFuzzing test case #0 (52 total, 0 crashes saved, state: started :-), mode=explore, perf_score=459, weight=137, favorite=1, was_fuzzed=1, exec_us=1115, hits=0, map=16, ascii=0, run_time=0:00:02:10)...[0m
[1;94m[*] [0mFuzzing test case #46 (52 total, 0 crashes saved, state: started :-), mode=explore, perf_score=919, weight=11, favorite=1, was_fuzzed=1, exec_us=1132, hits=2, map=20, ascii=0, run_time=0:00:02:11)...[0m
[?25h[1;91m

+++ Testing aborted programmatically +++
[0m[1;94m[*] [0mStatistics: 52 new corpus items found, 52.54% coverage achieved, 1 crashes saved, 0 timeouts saved, total runtime 0 days, 0 hrs, 2 min, 15 sec[0m
[1;92m[+] [0mWe're done here. Have a nice day!
[0m
