JOB timestamp: Mon Dec 18 13:29:19 MST 2023
JOB ID: 121409
Array Task ID: 9
Current directory: /lfs/koff9454.ui/projects/plc_runtime_fuzzer/code_analysis/src
r3i4n3
gcc (Spack GCC) 12.1.0
Copyright (C) 2022 Free Software Foundation, Inc.
This is free software; see the source for copying conditions.  There is NO
warranty; not even for MERCHANTABILITY or FITNESS FOR A PARTICULAR PURPOSE.

Python 3.11.5
/lfs/koff9454.ui/miniconda3/envs/plc/bin/python
matiec version 0.1
changeset id: 
Number of programs: 10
Programs: complex_1 complex_10 complex_2 complex_3 complex_4 complex_5 complex_6 complex_7 complex_8 complex_9
Fuzzing program: complex_9, Job ID: 9
input dir does not exist, creating
(source_file (program_definition program_name: (identifier) (variable_definition (variable_definition_body name: (identifier) address: (address) type: (basic_data_type)) (block_comment) (variable_definition_body name: (identifier) address: (address) type: (basic_data_type)) (block_comment) (variable_definition_body name: (identifier) address: (address) type: (basic_data_type)) (block_comment)) (block_comment) (case_statement caseControlValue: (variable name: (identifier)) (case (case_value (integer)) (block_comment) (assignment (variable name: (identifier)) (floating_point))) (block_comment) (case (case_value (integer)) (block_comment) (assignment (variable name: (identifier)) (floating_point))) (block_comment) (case (case_value (integer)) (block_comment) (block_comment) (assignment (variable name: (identifier)) (floating_point))) (block_comment) (else_case (block_comment) (block_comment) (assignment (variable name: (identifier)) (boolean)) (assignment (variable name: (identifier)) (floating_point)))) (block_comment)) (configuration (identifier) (resource (identifier) (task (identifier) (time) (integer)) (program_instance (identifier) (identifier) (identifier)))))
variable_name:  itemType
variable_type:  INT
variable_address:  %IW0.0

variable_name:  conveyorSpeed
variable_type:  REAL
variable_address:  %QD0.0

variable_name:  emergencyStopActivated
variable_type:  BOOL
variable_address:  %QX0.0

visit_assignment:  (assignment (variable name: (identifier)) (floating_point))

variable name:  conveyorSpeed
visit_assignment:  (assignment (variable name: (identifier)) (floating_point))

variable name:  conveyorSpeed
visit_assignment:  (assignment (variable name: (identifier)) (floating_point))

variable name:  conveyorSpeed
visit_assignment:  (assignment (variable name: (identifier)) (boolean))

variable name:  emergencyStopActivated
visit_assignment:  (assignment (variable name: (identifier)) (floating_point))

variable name:  conveyorSpeed

variables:  {'itemType': ('INT', '%IW0.0'), 'conveyorSpeed': ('REAL', '%QD0.0'), 'emergencyStopActivated': ('BOOL', '%QX0.0')}
content:  %IW0.0,INT,9

plc_inputs:  [{'name': '%IW0.0', 'type': 'INT', 'value': 9}]
plc_input_code:  #include "iec_std_lib.h"
#include "iec_types_all.h" 
#include <string.h>
#include <stdlib.h>
#include "/lfs/koff9454.ui/projects/plc_runtime_fuzzer/runtime/inputs.h"

    
extern INT *__IW0_0;

void set_plc_input(const char *name, const char *type, PLC_Value value) {

    if (strcmp(name, "%IW0.0") == 0) {
        if (strcmp(type, "INT") == 0) {
            *__IW0_0 = (INT)value._INT;
        }
    }
}
harness executable does not exist, creating
~/projects/plc_runtime_fuzzer/runtime ~/projects/plc_runtime_fuzzer/code_analysis/src/programs/complex/complex_9
(source_file (program_definition program_name: (identifier) (variable_definition (variable_definition_body name: (identifier) address: (address) type: (basic_data_type)) (block_comment) (variable_definition_body name: (identifier) address: (address) type: (basic_data_type)) (block_comment) (variable_definition_body name: (identifier) address: (address) type: (basic_data_type)) (block_comment)) (block_comment) (case_statement caseControlValue: (variable name: (identifier)) (case (case_value (integer)) (block_comment) (assignment (variable name: (identifier)) (floating_point))) (block_comment) (case (case_value (integer)) (block_comment) (assignment (variable name: (identifier)) (floating_point))) (block_comment) (case (case_value (integer)) (block_comment) (block_comment) (assignment (variable name: (identifier)) (floating_point))) (block_comment) (else_case (block_comment) (block_comment) (assignment (variable name: (identifier)) (boolean)) (assignment (variable name: (identifier)) (floating_point)))) (block_comment)) (configuration (identifier) (resource (identifier) (task (identifier) (time) (integer)) (program_instance (identifier) (identifier) (identifier)))))
variable_name:  itemType
variable_type:  INT
variable_address:  %IW0.0

variable_name:  conveyorSpeed
variable_type:  REAL
variable_address:  %QD0.0

variable_name:  emergencyStopActivated
variable_type:  BOOL
variable_address:  %QX0.0

visit_assignment:  (assignment (variable name: (identifier)) (floating_point))

variable name:  conveyorSpeed
visit_assignment:  (assignment (variable name: (identifier)) (floating_point))

variable name:  conveyorSpeed
visit_assignment:  (assignment (variable name: (identifier)) (floating_point))

variable name:  conveyorSpeed
visit_assignment:  (assignment (variable name: (identifier)) (boolean))

variable name:  emergencyStopActivated
visit_assignment:  (assignment (variable name: (identifier)) (floating_point))

variable name:  conveyorSpeed

variables:  {'itemType': ('INT', '%IW0.0'), 'conveyorSpeed': ('REAL', '%QD0.0'), 'emergencyStopActivated': ('BOOL', '%QX0.0')}
content:  %IW0.0,INT,9

plc_inputs:  [{'name': '%IW0.0', 'type': 'INT', 'value': 9}]
plc_input_code:  #include "iec_std_lib.h"
#include "iec_types_all.h" 
#include <string.h>
#include <stdlib.h>
#include "/lfs/koff9454.ui/projects/plc_runtime_fuzzer/runtime/inputs.h"

    
extern INT *__IW0_0;

void set_plc_input(const char *name, const char *type, PLC_Value value) {

    if (strcmp(name, "%IW0.0") == 0) {
        if (strcmp(type, "INT") == 0) {
            *__IW0_0 = (INT)value._INT;
        }
    }
}
Created temporary directory: /lfs/koff9454.ui/projects/plc_runtime_fuzzer/runtime/tmp.IxLYT0
Generating IEC sources from ST file
POUS.c
POUS.h
LOCATED_VARIABLES.h
VARIABLES.csv
STD_CONF.c
STD_CONF.h
STD_RESSOURCE.c
Compiling the fuzzing harness
Compiling the set_input
Creating the executable
~/projects/plc_runtime_fuzzer/code_analysis/src/programs/complex/complex_9
Current directory: /lfs/koff9454.ui/projects/plc_runtime_fuzzer/code_analysis/src/programs/complex/complex_9
Files moved to /lfs/koff9454.ui/projects/plc_runtime_fuzzer/code_analysis/src/programs/complex/complex_9
Running the fuzzers
Workdir: "/lfs/koff9454.ui/projects/plc_runtime_fuzzer/code_analysis/src/programs/complex/complex_9/runs/run-9"
Out dir at "fuzzer-outdir" already exists.
Let's fuzz :)
[Stats #0] run time: 0h-0m-0s, clients: 1, corpus: 0, objectives: 0, executions: 0, exec/sec: 0.000
[Testcase #0] run time: 0h-0m-0s, clients: 1, corpus: 1, objectives: 0, executions: 1, exec/sec: 0.000
We imported 1 inputs from disk.
[Objective #0] run time: 0h-0m-0s, clients: 1, corpus: 1, objectives: 1, executions: 1, exec/sec: 0.000
Crash limit reached: 1
