JOB timestamp: Mon Dec 18 15:28:05 MST 2023
JOB ID: 121627
Array Task ID: 16
Current directory: /lfs/koff9454.ui/projects/plc_runtime_fuzzer/code_analysis/src
r3i4n10
gcc (Spack GCC) 12.1.0
Copyright (C) 2022 Free Software Foundation, Inc.
This is free software; see the source for copying conditions.  There is NO
warranty; not even for MERCHANTABILITY or FITNESS FOR A PARTICULAR PURPOSE.

Python 3.11.5
/lfs/koff9454.ui/miniconda3/envs/plc/bin/python
matiec version 0.1
changeset id: 
Number of programs: 3
Programs: condition_1 condition_2 condition_3
Fuzzing program: condition_2, Job ID: 16
input dir exist, skipping
harness file exist, skipping
Running the fuzzers
Workdir: "/lfs/koff9454.ui/projects/plc_runtime_fuzzer/code_analysis/src/programs/condition/condition_2/runs/run-16"
Out dir at "fuzzer-outdir" already exists.
Let's fuzz :)
[1;92m[+] [0mEnabled environment variable AFL_BENCH_UNTIL_CRASH with value 1[0m
[1;92m[+] [0mEnabled environment variable AFL_IGNORE_SEED_PROBLEMS with value 1[0m
[1;92m[+] [0mEnabled environment variable AFL_I_DONT_CARE_ABOUT_MISSING_CRASHES with value 1[0m
[1;92m[+] [0mEnabled environment variable AFL_SKIP_CPUFREQ with value 1[0m
[1;92m[+] [0mEnabled environment variable AFL_TRY_AFFINITY with value 1[0m
[1;93m[!] [1;97mWARNING: [0mPotentially mistyped AFL environment variable: USE_PCM_DB=2, did you mean AFL_USE_PCM_DB=2?[0m
[0;36mafl-fuzz++4.09a[0m based on afl by Michal Zalewski and a large online community
[1;92m[+] [0mAFL++ is maintained by Marc "van Hauser" Heuse, Dominik Maier, Andrea Fioraldi and Heiko "hexcoder" Eißfeldt[0m
[1;92m[+] [0mAFL++ is open source, get it at https://github.com/AFLplusplus/AFLplusplus[0m
[1;92m[+] [0mNOTE: AFL++ >= v3 has changed defaults and behaviours - see README.md[0m
[1;92m[+] [0mNo -M/-S set, autoconfiguring for "-S default"[0m
[1;94m[*] [0mGetting to work...[0m
[1;92m[+] [0mUsing exponential power schedule (FAST)[0m
[1;92m[+] [0mEnabled testcache with 50 MB[0m
[1;92m[+] [0mGenerating fuzz data with a length of min=1 max=1048576[0m
[1;94m[*] [0mChecking core_pattern...[0m

[1;91m[-] [0mHmm, your system is configured to send core dump notifications to an
    external utility. This will cause issues: there will be an extended delay
    between stumbling upon a crash and having this information relayed to the
    fuzzer via the standard waitpid() API.
    If you're just testing, set 'AFL_I_DONT_CARE_ABOUT_MISSING_CRASHES=1'.

    To avoid having crashes misinterpreted as timeouts, please log in as root
    and temporarily modify /proc/sys/kernel/core_pattern, like so:

    echo core >/proc/sys/kernel/core_pattern
[1;92m[+] [0mLooks like we're not running on a tty, so I'll be a bit less verbose.[0m
[1;92m[+] [0mYou have 36 CPU cores and 2 runnable tasks (utilization: 6%).[0m
[1;92m[+] [0mTry parallel jobs - see /usr/local/share/doc/afl/fuzzing_in_depth.md#c-using-multiple-cores[0m
[1;94m[*] [0mSetting up output directories...[0m
[1;94m[*] [0mChecking CPU core loadout...[0m
[1;92m[+] [0mFound a free CPU core, try binding to #4.[0m
[1;94m[*] [0mScanning 'our-indir'...[0m
[1;92m[+] [0mLoaded a total of 1 seeds.[0m
[1;94m[*] [0mCreating hard links for all input files...[0m
[1;94m[*] [0mValidating target binary...[0m
[1;94m[*] [0mSpinning up the fork server...[0m
[1;92m[+] [0mAll right - fork server is up.[0m
[1;94m[*] [0mTarget map size: 74[0m
[1;94m[*] [0mNo auto-generated dictionary tokens to reuse.[0m
[1;94m[*] [0mLoading extra dictionary from 'our-inputs.dict' (level 0)...[0m
[1;94m[*] [0mLoaded 80 extra tokens, size range 4 B to 6 B.[0m
[1;92m[+] [0mLoaded a total of 6 extras.[0m
[1;94m[*] [0mAttempting dry run with 'id:000000,time:0,execs:0,orig:variables.txt'...[0m
[1;90m    len = 560, map size = 20, exec speed = 5582 us, hash = fe825d59491019c6
[0m[1;92m[+] [0mAll test cases processed.[0m
[1;92m[+] [0mHere are some useful stats:

[1;90m    Test case count : [0m1 favored, 0 variable, 0 ignored, 1 total
[1;90m       Bitmap range : [0m20 to 20 bits (average: 20.00 bits)
[1;90m        Exec timing : [0m5582 to 5582 us (average: 5582 us)
[0m
[1;94m[*] [0mNo -t option specified, so I'll use an exec timeout of 40 ms.[0m
[1;92m[+] [0mAll set and ready to roll![0m
[1;94m[*] [0mEntering queue cycle 1.[0m
[1;94m[*] [0mFuzzing test case #0 (1 total, 0 crashes saved, state: started :-), mode=explore, perf_score=0, weight=0, favorite=1, was_fuzzed=0, exec_us=5582, hits=0, map=20, ascii=0, run_time=0:00:00:00)...[0m
[1;92m[+] [0mEnabled environment variable AFL_BENCH_UNTIL_CRASH with value 1[0m
[1;92m[+] [0mEnabled environment variable AFL_IGNORE_SEED_PROBLEMS with value 1[0m
[1;92m[+] [0mEnabled environment variable AFL_I_DONT_CARE_ABOUT_MISSING_CRASHES with value 1[0m
[1;92m[+] [0mEnabled environment variable AFL_SKIP_CPUFREQ with value 1[0m
[1;92m[+] [0mEnabled environment variable AFL_TRY_AFFINITY with value 1[0m
[1;93m[!] [1;97mWARNING: [0mPotentially mistyped AFL environment variable: USE_PCM_DB=2, did you mean AFL_USE_PCM_DB=2?[0m
[0;36mafl-fuzz++4.09a[0m based on afl by Michal Zalewski and a large online community
[1;92m[+] [0mAFL++ is maintained by Marc "van Hauser" Heuse, Dominik Maier, Andrea Fioraldi and Heiko "hexcoder" Eißfeldt[0m
[1;92m[+] [0mAFL++ is open source, get it at https://github.com/AFLplusplus/AFLplusplus[0m
[1;92m[+] [0mNOTE: AFL++ >= v3 has changed defaults and behaviours - see README.md[0m
[1;92m[+] [0mNo -M/-S set, autoconfiguring for "-S default"[0m
[1;94m[*] [0mGetting to work...[0m
[1;92m[+] [0mUsing exponential power schedule (FAST)[0m
[1;92m[+] [0mEnabled testcache with 50 MB[0m
[1;92m[+] [0mGenerating fuzz data with a length of min=1 max=1048576[0m
[1;94m[*] [0mChecking core_pattern...[0m

[1;91m[-] [0mHmm, your system is configured to send core dump notifications to an
    external utility. This will cause issues: there will be an extended delay
    between stumbling upon a crash and having this information relayed to the
    fuzzer via the standard waitpid() API.
    If you're just testing, set 'AFL_I_DONT_CARE_ABOUT_MISSING_CRASHES=1'.

    To avoid having crashes misinterpreted as timeouts, please log in as root
    and temporarily modify /proc/sys/kernel/core_pattern, like so:

    echo core >/proc/sys/kernel/core_pattern
[1;92m[+] [0mLooks like we're not running on a tty, so I'll be a bit less verbose.[0m
[1;92m[+] [0mYou have 36 CPU cores and 7 runnable tasks (utilization: 19%).[0m
[1;92m[+] [0mTry parallel jobs - see /usr/local/share/doc/afl/fuzzing_in_depth.md#c-using-multiple-cores[0m
[1;94m[*] [0mSetting up output directories...[0m
[1;94m[*] [0mChecking CPU core loadout...[0m
[1;92m[+] [0mFound a free CPU core, try binding to #13.[0m
[1;94m[*] [0mScanning 'afl-indir'...[0m
[1;92m[+] [0mLoaded a total of 1 seeds.[0m
[1;94m[*] [0mCreating hard links for all input files...[0m
[1;94m[*] [0mValidating target binary...[0m
[1;94m[*] [0mSpinning up the fork server...[0m
[1;92m[+] [0mAll right - fork server is up.[0m
[1;94m[*] [0mTarget map size: 74[0m
[1;94m[*] [0mNo auto-generated dictionary tokens to reuse.[0m
[1;94m[*] [0mLoading extra dictionary from 'afl-inputs.dict' (level 0)...[0m
[1;94m[*] [0mLoaded 80 extra tokens, size range 4 B to 6 B.[0m
[1;92m[+] [0mLoaded a total of 6 extras.[0m
[1;94m[*] [0mAttempting dry run with 'id:000000,time:0,execs:0,orig:testcase.txt'...[0m
[1;90m    len = 3, map size = 19, exec speed = 3823 us, hash = ca589d48df9abc58
[0m[1;92m[+] [0mAll test cases processed.[0m
[1;92m[+] [0mHere are some useful stats:

[1;90m    Test case count : [0m1 favored, 0 variable, 0 ignored, 1 total
[1;90m       Bitmap range : [0m19 to 19 bits (average: 19.00 bits)
[1;90m        Exec timing : [0m3823 to 3823 us (average: 3823 us)
[0m
[1;94m[*] [0mNo -t option specified, so I'll use an exec timeout of 20 ms.[0m
[1;92m[+] [0mAll set and ready to roll![0m
[1;94m[*] [0mEntering queue cycle 1.[0m
[1;94m[*] [0mFuzzing test case #0 (1 total, 0 crashes saved, state: started :-), mode=explore, perf_score=0, weight=0, favorite=1, was_fuzzed=0, exec_us=3823, hits=0, map=19, ascii=0, run_time=0:00:00:00)...[0m
[1;94m[*] [0mFuzzing test case #1 (2 total, 0 crashes saved, state: started :-), mode=explore, perf_score=0, weight=0, favorite=1, was_fuzzed=0, exec_us=6740, hits=3, map=20, ascii=0, run_time=0:00:00:00)...[0m
[1;94m[*] [0mFuzzing test case #0 (2 total, 0 crashes saved, state: started :-), mode=explore, perf_score=459, weight=20, favorite=1, was_fuzzed=1, exec_us=3823, hits=0, map=19, ascii=0, run_time=0:00:00:00)...[0m
[1;94m[*] [0mFuzzing test case #9 (13 total, 0 crashes saved, state: started :-), mode=explore, perf_score=0, weight=0, favorite=1, was_fuzzed=0, exec_us=6341, hits=2, map=19, ascii=0, run_time=0:00:01:18)...[0m
[1;94m[*] [0mFuzzing test case #11 (13 total, 0 crashes saved, state: started :-), mode=explore, perf_score=100, weight=15, favorite=1, was_fuzzed=0, exec_us=3249, hits=5, map=21, ascii=0, run_time=0:00:01:18)...[0m
[1;94m[*] [0mFuzzing test case #15 (20 total, 0 crashes saved, state: started :-), mode=explore, perf_score=0, weight=0, favorite=1, was_fuzzed=0, exec_us=1380, hits=16, map=22, ascii=0, run_time=0:00:01:53)...[0m
[1;94m[*] [0mFuzzing test case #13 (20 total, 0 crashes saved, state: started :-), mode=explore, perf_score=150, weight=27, favorite=1, was_fuzzed=0, exec_us=1314, hits=8, map=22, ascii=0, run_time=0:00:01:53)...[0m
[1;94m[*] [0mFuzzing test case #18 (23 total, 0 crashes saved, state: started :-), mode=explore, perf_score=200, weight=77, favorite=1, was_fuzzed=0, exec_us=1233, hits=6, map=23, ascii=0, run_time=0:00:02:16)...[0m
[1;94m[*] [0mFuzzing test case #23 (28 total, 0 crashes saved, state: started :-), mode=explore, perf_score=0, weight=0, favorite=1, was_fuzzed=0, exec_us=1265, hits=8, map=21, ascii=0, run_time=0:00:02:17)...[0m
[1;94m[*] [0mFuzzing test case #14 (28 total, 0 crashes saved, state: started :-), mode=explore, perf_score=100, weight=10, favorite=1, was_fuzzed=0, exec_us=2669, hits=15, map=22, ascii=0, run_time=0:00:02:17)...[0m
[1;94m[*] [0mFuzzing test case #20 (30 total, 0 crashes saved, state: started :-), mode=explore, perf_score=300, weight=33, favorite=1, was_fuzzed=0, exec_us=1251, hits=3, map=24, ascii=0, run_time=0:00:02:18)...[0m
[1;94m[*] [0mFuzzing test case #30 (31 total, 0 crashes saved, state: started :-), mode=explore, perf_score=0, weight=0, favorite=1, was_fuzzed=0, exec_us=1356, hits=1, map=25, ascii=0, run_time=0:00:02:19)...[0m
[1;94m[*] [0mFuzzing test case #28 (31 total, 0 crashes saved, state: started :-), mode=explore, perf_score=300, weight=46, favorite=1, was_fuzzed=0, exec_us=1270, hits=1, map=22, ascii=0, run_time=0:00:02:19)...[0m
[1;94m[*] [0mFuzzing test case #18 (33 total, 0 crashes saved, state: started :-), mode=explore, perf_score=172, weight=19, favorite=1, was_fuzzed=1, exec_us=1233, hits=154, map=23, ascii=0, run_time=0:00:02:46)...[0m
[1;94m[*] [0mFuzzing test case #0 (34 total, 0 crashes saved, state: started :-), mode=explore, perf_score=345, weight=75, favorite=1, was_fuzzed=1, exec_us=3823, hits=0, map=19, ascii=0, run_time=0:00:02:46)...[0m
[1;94m[*] [0mFuzzing test case #23 (34 total, 0 crashes saved, state: started :-), mode=explore, perf_score=1035, weight=11, favorite=1, was_fuzzed=1, exec_us=1265, hits=10, map=21, ascii=0, run_time=0:00:02:47)...[0m
[1;94m[*] [0mFuzzing test case #34 (39 total, 0 crashes saved, state: started :-), mode=explore, perf_score=0, weight=0, favorite=1, was_fuzzed=0, exec_us=1183, hits=1, map=25, ascii=0, run_time=0:00:03:39)...[0m
[1;94m[*] [0mFuzzing test case #23 (39 total, 0 crashes saved, state: started :-), mode=explore, perf_score=345, weight=6, favorite=1, was_fuzzed=1, exec_us=1265, hits=496, map=21, ascii=0, run_time=0:00:03:39)...[0m
[1;94m[*] [0mFuzzing test case #28 (40 total, 0 crashes saved, state: started :-), mode=explore, perf_score=345, weight=8, favorite=1, was_fuzzed=1, exec_us=1270, hits=107, map=22, ascii=0, run_time=0:00:03:41)...[0m
[1;94m[*] [0mFuzzing test case #28 (40 total, 0 crashes saved, state: started :-), mode=explore, perf_score=345, weight=8, favorite=1, was_fuzzed=1, exec_us=1270, hits=123, map=22, ascii=0, run_time=0:00:03:42)...[0m
[?25h[1;91m

+++ Testing aborted programmatically +++
[0m[1;94m[*] [0mStatistics: 21 new corpus items found, 40.54% coverage achieved, 1 crashes saved, 0 timeouts saved, total runtime 0 days, 0 hrs, 3 min, 42 sec[0m
[1;92m[+] [0mWe're done here. Have a nice day!
[0m
[1;94m[*] [0mFuzzing test case #0 (43 total, 0 crashes saved, state: started :-), mode=explore, perf_score=345, weight=82, favorite=1, was_fuzzed=1, exec_us=3823, hits=0, map=19, ascii=0, run_time=0:00:04:05)...[0m
[1;94m[*] [0mFuzzing test case #20 (43 total, 0 crashes saved, state: started :-), mode=explore, perf_score=459, weight=11, favorite=1, was_fuzzed=1, exec_us=1251, hits=17, map=24, ascii=0, run_time=0:00:04:05)...[0m
[1;94m[*] [0mFuzzing test case #20 (43 total, 0 crashes saved, state: started :-), mode=explore, perf_score=459, weight=11, favorite=1, was_fuzzed=1, exec_us=1251, hits=24, map=24, ascii=0, run_time=0:00:04:07)...[0m
[1;94m[*] [0mFuzzing test case #28 (44 total, 0 crashes saved, state: started :-), mode=explore, perf_score=229, weight=7, favorite=1, was_fuzzed=1, exec_us=1270, hits=136, map=22, ascii=0, run_time=0:00:04:08)...[0m
[1;94m[*] [0mFuzzing test case #30 (44 total, 0 crashes saved, state: started :-), mode=explore, perf_score=690, weight=12, favorite=1, was_fuzzed=1, exec_us=1356, hits=8, map=25, ascii=0, run_time=0:00:04:09)...[0m
[1;94m[*] [0mFuzzing test case #44 (46 total, 0 crashes saved, state: started :-), mode=explore, perf_score=0, weight=0, favorite=1, was_fuzzed=0, exec_us=1173, hits=1, map=25, ascii=0, run_time=0:00:04:35)...[0m
[1;94m[*] [0mFuzzing test case #44 (46 total, 0 crashes saved, state: started :-), mode=explore, perf_score=1380, weight=40, favorite=1, was_fuzzed=1, exec_us=1173, hits=1, map=25, ascii=0, run_time=0:00:04:35)...[0m
[1;94m[*] [0mFuzzing test case #48 (50 total, 0 crashes saved, state: in progress, mode=explore, perf_score=0, weight=0, favorite=1, was_fuzzed=0, exec_us=1181, hits=1, map=25, ascii=0, run_time=0:00:05:05)...[0m
[1;94m[*] [0mFuzzing test case #0 (50 total, 0 crashes saved, state: in progress, mode=explore, perf_score=345, weight=82, favorite=1, was_fuzzed=1, exec_us=3823, hits=0, map=19, ascii=0, run_time=0:00:05:05)...[0m
[1;94m[*] [0mFuzzing test case #15 (50 total, 0 crashes saved, state: in progress, mode=explore, perf_score=114, weight=6, favorite=1, was_fuzzed=1, exec_us=1380, hits=142, map=22, ascii=0, run_time=0:00:05:05)...[0m
[1;94m[*] [0mFuzzing test case #0 (50 total, 0 crashes saved, state: in progress, mode=explore, perf_score=345, weight=82, favorite=1, was_fuzzed=1, exec_us=3823, hits=0, map=19, ascii=0, run_time=0:00:05:05)...[0m
[1;94m[*] [0mFuzzing test case #23 (50 total, 0 crashes saved, state: in progress, mode=explore, perf_score=229, weight=6, favorite=1, was_fuzzed=1, exec_us=1265, hits=520, map=21, ascii=0, run_time=0:00:05:06)...[0m
[1;94m[*] [0mFuzzing test case #18 (50 total, 0 crashes saved, state: in progress, mode=explore, perf_score=114, weight=20, favorite=1, was_fuzzed=1, exec_us=1233, hits=187, map=23, ascii=0, run_time=0:00:05:33)...[0m
[1;94m[*] [0mFuzzing test case #34 (51 total, 0 crashes saved, state: in progress, mode=explore, perf_score=919, weight=19, favorite=1, was_fuzzed=1, exec_us=1183, hits=2, map=25, ascii=0, run_time=0:00:05:34)...[0m
[1;94m[*] [0mFuzzing test case #18 (55 total, 0 crashes saved, state: in progress, mode=explore, perf_score=114, weight=20, favorite=1, was_fuzzed=1, exec_us=1233, hits=196, map=23, ascii=0, run_time=0:00:05:37)...[0m
[1;94m[*] [0mFuzzing test case #34 (55 total, 0 crashes saved, state: in progress, mode=explore, perf_score=229, weight=8, favorite=1, was_fuzzed=1, exec_us=1183, hits=179, map=25, ascii=0, run_time=0:00:05:38)...[0m
[1;94m[*] [0mFuzzing test case #0 (57 total, 0 crashes saved, state: in progress, mode=explore, perf_score=345, weight=88, favorite=1, was_fuzzed=1, exec_us=3823, hits=0, map=19, ascii=0, run_time=0:00:05:39)...[0m
[1;94m[*] [0mFuzzing test case #15 (57 total, 0 crashes saved, state: in progress, mode=explore, perf_score=114, weight=7, favorite=1, was_fuzzed=1, exec_us=1380, hits=145, map=22, ascii=0, run_time=0:00:05:39)...[0m
[1;94m[*] [0mFuzzing test case #36 (57 total, 0 crashes saved, state: in progress, mode=explore, perf_score=200, weight=1, favorite=0, was_fuzzed=0, exec_us=2335, hits=37, map=22, ascii=0, run_time=0:00:05:40)...[0m
[1;94m[*] [0mFuzzing test case #0 (57 total, 0 crashes saved, state: in progress, mode=explore, perf_score=345, weight=88, favorite=1, was_fuzzed=1, exec_us=3823, hits=0, map=19, ascii=0, run_time=0:00:05:40)...[0m
[1;94m[*] [0mFuzzing test case #23 (57 total, 0 crashes saved, state: in progress, mode=explore, perf_score=229, weight=6, favorite=1, was_fuzzed=1, exec_us=1265, hits=560, map=21, ascii=0, run_time=0:00:06:05)...[0m
[1;94m[*] [0mFuzzing test case #20 (57 total, 0 crashes saved, state: in progress, mode=explore, perf_score=229, weight=8, favorite=1, was_fuzzed=1, exec_us=1251, hits=103, map=24, ascii=0, run_time=0:00:06:05)...[0m
[1;94m[*] [0mFuzzing test case #0 (57 total, 0 crashes saved, state: in progress, mode=explore, perf_score=345, weight=88, favorite=1, was_fuzzed=1, exec_us=3823, hits=0, map=19, ascii=0, run_time=0:00:06:06)...[0m
[1;94m[*] [0mFuzzing test case #18 (57 total, 0 crashes saved, state: in progress, mode=explore, perf_score=114, weight=21, favorite=1, was_fuzzed=1, exec_us=1233, hits=214, map=23, ascii=0, run_time=0:00:06:07)...[0m
[1;94m[*] [0mFuzzing test case #33 (57 total, 0 crashes saved, state: in progress, mode=explore, perf_score=200, weight=2, favorite=0, was_fuzzed=0, exec_us=1176, hits=5, map=24, ascii=0, run_time=0:00:06:07)...[0m
[1;94m[*] [0mFuzzing test case #48 (57 total, 0 crashes saved, state: in progress, mode=explore, perf_score=690, weight=13, favorite=1, was_fuzzed=1, exec_us=1181, hits=10, map=25, ascii=0, run_time=0:00:06:08)...[0m
[1;94m[*] [0mFuzzing test case #0 (58 total, 0 crashes saved, state: in progress, mode=explore, perf_score=345, weight=89, favorite=1, was_fuzzed=1, exec_us=3823, hits=0, map=19, ascii=0, run_time=0:00:06:10)...[0m
[1;94m[*] [0mFuzzing test case #0 (58 total, 0 crashes saved, state: in progress, mode=explore, perf_score=345, weight=89, favorite=1, was_fuzzed=1, exec_us=3823, hits=0, map=19, ascii=0, run_time=0:00:06:11)...[0m
[1;94m[*] [0mFuzzing test case #34 (58 total, 0 crashes saved, state: in progress, mode=explore, perf_score=229, weight=8, favorite=1, was_fuzzed=1, exec_us=1183, hits=184, map=25, ascii=0, run_time=0:00:06:11)...[0m
[1;94m[*] [0mFuzzing test case #44 (58 total, 0 crashes saved, state: in progress, mode=explore, perf_score=229, weight=13, favorite=1, was_fuzzed=1, exec_us=1173, hits=176, map=25, ascii=0, run_time=0:00:06:36)...[0m
[1;94m[*] [0mFuzzing test case #0 (58 total, 0 crashes saved, state: in progress, mode=explore, perf_score=345, weight=89, favorite=1, was_fuzzed=1, exec_us=3823, hits=0, map=19, ascii=0, run_time=0:00:06:36)...[0m
[1;94m[*] [0mFuzzing test case #0 (58 total, 0 crashes saved, state: in progress, mode=explore, perf_score=345, weight=89, favorite=1, was_fuzzed=1, exec_us=3823, hits=0, map=19, ascii=0, run_time=0:00:06:37)...[0m
[1;94m[*] [0mFuzzing test case #0 (58 total, 0 crashes saved, state: in progress, mode=explore, perf_score=345, weight=89, favorite=1, was_fuzzed=1, exec_us=3823, hits=0, map=19, ascii=0, run_time=0:00:06:37)...[0m
[1;94m[*] [0mFuzzing test case #0 (58 total, 0 crashes saved, state: in progress, mode=explore, perf_score=345, weight=89, favorite=1, was_fuzzed=1, exec_us=3823, hits=0, map=19, ascii=0, run_time=0:00:06:38)...[0m
[1;94m[*] [0mFuzzing test case #0 (58 total, 0 crashes saved, state: in progress, mode=explore, perf_score=345, weight=89, favorite=1, was_fuzzed=1, exec_us=3823, hits=0, map=19, ascii=0, run_time=0:00:06:38)...[0m
[1;94m[*] [0mFuzzing test case #0 (58 total, 0 crashes saved, state: in progress, mode=explore, perf_score=345, weight=89, favorite=1, was_fuzzed=1, exec_us=3823, hits=0, map=19, ascii=0, run_time=0:00:06:39)...[0m
[1;94m[*] [0mFuzzing test case #20 (58 total, 0 crashes saved, state: in progress, mode=explore, perf_score=229, weight=8, favorite=1, was_fuzzed=1, exec_us=1251, hits=118, map=24, ascii=0, run_time=0:00:06:39)...[0m
[1;94m[*] [0mFuzzing test case #48 (58 total, 0 crashes saved, state: in progress, mode=explore, perf_score=459, weight=11, favorite=1, was_fuzzed=1, exec_us=1181, hits=23, map=25, ascii=0, run_time=0:00:06:40)...[0m
[1;94m[*] [0mFuzzing test case #0 (58 total, 0 crashes saved, state: in progress, mode=explore, perf_score=345, weight=89, favorite=1, was_fuzzed=1, exec_us=3823, hits=0, map=19, ascii=0, run_time=0:00:06:41)...[0m
[1;94m[*] [0mFuzzing test case #0 (58 total, 0 crashes saved, state: in progress, mode=explore, perf_score=345, weight=89, favorite=1, was_fuzzed=1, exec_us=3823, hits=0, map=19, ascii=0, run_time=0:00:06:42)...[0m
[1;94m[*] [0mFuzzing test case #0 (58 total, 0 crashes saved, state: in progress, mode=explore, perf_score=345, weight=89, favorite=1, was_fuzzed=1, exec_us=3823, hits=0, map=19, ascii=0, run_time=0:00:06:42)...[0m
[1;94m[*] [0mFuzzing test case #44 (58 total, 0 crashes saved, state: in progress, mode=explore, perf_score=229, weight=13, favorite=1, was_fuzzed=1, exec_us=1173, hits=188, map=25, ascii=0, run_time=0:00:06:54)...[0m
[1;94m[*] [0mFuzzing test case #48 (58 total, 0 crashes saved, state: in progress, mode=explore, perf_score=459, weight=11, favorite=1, was_fuzzed=1, exec_us=1181, hits=47, map=25, ascii=0, run_time=0:00:07:02)...[0m
[1;94m[*] [0mFuzzing test case #0 (59 total, 0 crashes saved, state: in progress, mode=explore, perf_score=345, weight=89, favorite=1, was_fuzzed=1, exec_us=3823, hits=0, map=19, ascii=0, run_time=0:00:07:14)...[0m
[1;94m[*] [0mFuzzing test case #15 (59 total, 0 crashes saved, state: in progress, mode=explore, perf_score=114, weight=6, favorite=1, was_fuzzed=1, exec_us=1380, hits=183, map=22, ascii=0, run_time=0:00:07:15)...[0m
[1;94m[*] [0mFuzzing test case #0 (59 total, 0 crashes saved, state: in progress, mode=explore, perf_score=345, weight=89, favorite=1, was_fuzzed=1, exec_us=3823, hits=0, map=19, ascii=0, run_time=0:00:07:15)...[0m
[1;94m[*] [0mFuzzing test case #0 (59 total, 0 crashes saved, state: in progress, mode=explore, perf_score=345, weight=89, favorite=1, was_fuzzed=1, exec_us=3823, hits=0, map=19, ascii=0, run_time=0:00:07:16)...[0m
[1;94m[*] [0mFuzzing test case #44 (59 total, 0 crashes saved, state: in progress, mode=explore, perf_score=229, weight=12, favorite=1, was_fuzzed=1, exec_us=1173, hits=231, map=25, ascii=0, run_time=0:00:07:16)...[0m
[1;94m[*] [0mFuzzing test case #0 (59 total, 0 crashes saved, state: in progress, mode=explore, perf_score=345, weight=89, favorite=1, was_fuzzed=1, exec_us=3823, hits=0, map=19, ascii=0, run_time=0:00:07:17)...[0m
[1;94m[*] [0mEntering queue cycle 2.[0m
[1;94m[*] [0mFuzzing test case #0 (59 total, 0 crashes saved, state: in progress, mode=explore, perf_score=345, weight=89, favorite=1, was_fuzzed=1, exec_us=3823, hits=0, map=19, ascii=0, run_time=0:00:07:17)...[0m
[1;94m[*] [0mFuzzing test case #18 (59 total, 0 crashes saved, state: in progress, mode=explore, perf_score=114, weight=20, favorite=1, was_fuzzed=1, exec_us=1233, hits=233, map=23, ascii=0, run_time=0:00:07:18)...[0m
[1;94m[*] [0mFuzzing test case #0 (59 total, 0 crashes saved, state: in progress, mode=explore, perf_score=345, weight=89, favorite=1, was_fuzzed=1, exec_us=3823, hits=0, map=19, ascii=0, run_time=0:00:07:18)...[0m
[1;94m[*] [0mFuzzing test case #0 (59 total, 0 crashes saved, state: in progress, mode=explore, perf_score=345, weight=89, favorite=1, was_fuzzed=1, exec_us=3823, hits=0, map=19, ascii=0, run_time=0:00:07:18)...[0m
[1;94m[*] [0mFuzzing test case #28 (59 total, 0 crashes saved, state: in progress, mode=explore, perf_score=229, weight=7, favorite=1, was_fuzzed=1, exec_us=1270, hits=161, map=22, ascii=0, run_time=0:00:07:19)...[0m
[1;94m[*] [0mFuzzing test case #0 (59 total, 0 crashes saved, state: in progress, mode=explore, perf_score=345, weight=89, favorite=1, was_fuzzed=1, exec_us=3823, hits=0, map=19, ascii=0, run_time=0:00:07:20)...[0m
[1;94m[*] [0mFuzzing test case #18 (59 total, 0 crashes saved, state: in progress, mode=explore, perf_score=114, weight=20, favorite=1, was_fuzzed=1, exec_us=1233, hits=237, map=23, ascii=0, run_time=0:00:07:39)...[0m
[1;94m[*] [0mFuzzing test case #59 (60 total, 0 crashes saved, state: in progress, mode=explore, perf_score=0, weight=0, favorite=1, was_fuzzed=0, exec_us=1198, hits=1, map=24, ascii=0, run_time=0:00:07:39)...[0m
[1;94m[*] [0mFuzzing test case #23 (60 total, 0 crashes saved, state: in progress, mode=explore, perf_score=229, weight=6, favorite=1, was_fuzzed=1, exec_us=1265, hits=582, map=21, ascii=0, run_time=0:00:07:39)...[0m
[1;94m[*] [0mFuzzing test case #18 (60 total, 0 crashes saved, state: in progress, mode=explore, perf_score=114, weight=20, favorite=1, was_fuzzed=1, exec_us=1233, hits=251, map=23, ascii=0, run_time=0:00:07:40)...[0m
[1;94m[*] [0mFuzzing test case #44 (60 total, 0 crashes saved, state: in progress, mode=explore, perf_score=229, weight=12, favorite=1, was_fuzzed=1, exec_us=1173, hits=245, map=25, ascii=0, run_time=0:00:07:40)...[0m
[1;94m[*] [0mFuzzing test case #15 (60 total, 0 crashes saved, state: in progress, mode=explore, perf_score=114, weight=6, favorite=1, was_fuzzed=1, exec_us=1380, hits=196, map=22, ascii=0, run_time=0:00:07:41)...[0m
[1;94m[*] [0mFuzzing test case #0 (60 total, 0 crashes saved, state: in progress, mode=explore, perf_score=345, weight=88, favorite=1, was_fuzzed=1, exec_us=3823, hits=0, map=19, ascii=0, run_time=0:00:07:42)...[0m
[1;94m[*] [0mFuzzing test case #20 (60 total, 0 crashes saved, state: in progress, mode=explore, perf_score=229, weight=7, favorite=1, was_fuzzed=1, exec_us=1251, hits=148, map=24, ascii=0, run_time=0:00:07:42)...[0m
[1;94m[*] [0mFuzzing test case #18 (60 total, 0 crashes saved, state: in progress, mode=explore, perf_score=114, weight=20, favorite=1, was_fuzzed=1, exec_us=1233, hits=260, map=23, ascii=0, run_time=0:00:07:43)...[0m
[1;94m[*] [0mFuzzing test case #0 (60 total, 0 crashes saved, state: in progress, mode=explore, perf_score=345, weight=88, favorite=1, was_fuzzed=1, exec_us=3823, hits=0, map=19, ascii=0, run_time=0:00:07:43)...[0m
[1;94m[*] [0mFuzzing test case #59 (60 total, 0 crashes saved, state: in progress, mode=explore, perf_score=919, weight=24, favorite=1, was_fuzzed=1, exec_us=1198, hits=1, map=24, ascii=0, run_time=0:00:07:44)...[0m
[?25h[1;91m

+++ Testing aborted programmatically +++
[0m[1;94m[*] [0mStatistics: 60 new corpus items found, 47.30% coverage achieved, 1 crashes saved, 0 timeouts saved, total runtime 0 days, 0 hrs, 8 min, 4 sec[0m
[1;92m[+] [0mWe're done here. Have a nice day!
[0m
