JOB timestamp: Mon Dec 18 13:29:19 MST 2023
JOB ID: 121407
Array Task ID: 7
Current directory: /lfs/koff9454.ui/projects/plc_runtime_fuzzer/code_analysis/src
r3i4n3
gcc (Spack GCC) 12.1.0
Copyright (C) 2022 Free Software Foundation, Inc.
This is free software; see the source for copying conditions.  There is NO
warranty; not even for MERCHANTABILITY or FITNESS FOR A PARTICULAR PURPOSE.

Python 3.11.5
/lfs/koff9454.ui/miniconda3/envs/plc/bin/python
matiec version 0.1
changeset id: 
Number of programs: 10
Programs: complex_1 complex_10 complex_2 complex_3 complex_4 complex_5 complex_6 complex_7 complex_8 complex_9
Fuzzing program: complex_7, Job ID: 7
input dir does not exist, creating
(source_file (program_definition program_name: (identifier) (variable_definition (variable_definition_body name: (identifier) address: (address) type: (basic_data_type)) (block_comment) (variable_definition_body name: (identifier) address: (address) type: (basic_data_type)) (block_comment) (variable_definition_body name: (identifier) address: (address) type: (basic_data_type)) (block_comment) (variable_definition_body name: (identifier) address: (address) type: (basic_data_type)) (block_comment) (variable_definition_body name: (identifier) address: (address) type: (basic_data_type)) (block_comment)) (variable_definition (variable_definition_body name: (identifier) type: (basic_data_type)) (block_comment)) (block_comment) (block_comment) (block_comment) (assignment (variable name: (identifier)) (binary_expression (variable name: (identifier)) (variable name: (identifier)))) (if_statement condition: (binary_expression (variable name: (identifier)) (floating_point)) (block_comment) (assignment (variable name: (identifier)) (boolean)) (assignment (variable name: (identifier)) (boolean)) (else_clause (block_comment) (block_comment) (block_comment) (assignment (variable name: (identifier)) (boolean)) (assignment (variable name: (identifier)) (boolean)))) (block_comment) (if_statement condition: (binary_expression (call_expression function_name: (identifier) input: (binary_expression (variable name: (identifier)) (variable name: (identifier)))) (floating_point)) (block_comment) (assignment (variable name: (identifier)) (boolean)) (else_clause (block_comment) (assignment (variable name: (identifier)) (boolean))))) (configuration (identifier) (resource (identifier) (task (identifier) (time) (integer)) (program_instance (identifier) (identifier) (identifier)))))
variable_name:  currentTemperature
variable_type:  REAL
variable_address:  %ID0.0

variable_name:  desiredTemperature
variable_type:  REAL
variable_address:  %ID0.1

variable_name:  coolingSystemActivated
variable_type:  BOOL
variable_address:  %QX0.0

variable_name:  heatingSystemActivated
variable_type:  BOOL
variable_address:  %QX0.1

variable_name:  alertRaised
variable_type:  BOOL
variable_address:  %QX0.2

variable_name:  temperatureDifference
variable_type:  REAL
variable_address:  None

visit_assignment:  (assignment (variable name: (identifier)) (binary_expression (variable name: (identifier)) (variable name: (identifier))))

variable name:  temperatureDifference
visit_assignment:  (assignment (variable name: (identifier)) (boolean))

variable name:  coolingSystemActivated
visit_assignment:  (assignment (variable name: (identifier)) (boolean))

variable name:  heatingSystemActivated
visit_assignment:  (assignment (variable name: (identifier)) (boolean))

variable name:  coolingSystemActivated
visit_assignment:  (assignment (variable name: (identifier)) (boolean))

variable name:  heatingSystemActivated
visit_assignment:  (assignment (variable name: (identifier)) (boolean))

variable name:  alertRaised
visit_assignment:  (assignment (variable name: (identifier)) (boolean))

variable name:  alertRaised

variables:  {'currentTemperature': ('REAL', '%ID0.0'), 'desiredTemperature': ('REAL', '%ID0.1'), 'coolingSystemActivated': ('BOOL', '%QX0.0'), 'heatingSystemActivated': ('BOOL', '%QX0.1'), 'alertRaised': ('BOOL', '%QX0.2'), 'temperatureDifference': ('REAL', None)}
content:  %ID0.0,REAL,9

content:  %ID0.1,REAL,9

plc_inputs:  [{'name': '%ID0.0', 'type': 'REAL', 'value': 9}, {'name': '%ID0.1', 'type': 'REAL', 'value': 9}]
plc_input_code:  #include "iec_std_lib.h"
#include "iec_types_all.h" 
#include <string.h>
#include <stdlib.h>
#include "/lfs/koff9454.ui/projects/plc_runtime_fuzzer/runtime/inputs.h"

    
extern REAL *__ID0_0;
extern REAL *__ID0_1;

void set_plc_input(const char *name, const char *type, PLC_Value value) {

    if (strcmp(name, "%ID0.0") == 0) {
        if (strcmp(type, "REAL") == 0) {
            *__ID0_0 = (REAL)value._REAL;
        }
    } else

    if (strcmp(name, "%ID0.1") == 0) {
        if (strcmp(type, "REAL") == 0) {
            *__ID0_1 = (REAL)value._REAL;
        }
    }
}
harness executable does not exist, creating
~/projects/plc_runtime_fuzzer/runtime ~/projects/plc_runtime_fuzzer/code_analysis/src/programs/complex/complex_7
(source_file (program_definition program_name: (identifier) (variable_definition (variable_definition_body name: (identifier) address: (address) type: (basic_data_type)) (block_comment) (variable_definition_body name: (identifier) address: (address) type: (basic_data_type)) (block_comment) (variable_definition_body name: (identifier) address: (address) type: (basic_data_type)) (block_comment) (variable_definition_body name: (identifier) address: (address) type: (basic_data_type)) (block_comment) (variable_definition_body name: (identifier) address: (address) type: (basic_data_type)) (block_comment)) (variable_definition (variable_definition_body name: (identifier) type: (basic_data_type)) (block_comment)) (block_comment) (block_comment) (block_comment) (assignment (variable name: (identifier)) (binary_expression (variable name: (identifier)) (variable name: (identifier)))) (if_statement condition: (binary_expression (variable name: (identifier)) (floating_point)) (block_comment) (assignment (variable name: (identifier)) (boolean)) (assignment (variable name: (identifier)) (boolean)) (else_clause (block_comment) (block_comment) (block_comment) (assignment (variable name: (identifier)) (boolean)) (assignment (variable name: (identifier)) (boolean)))) (block_comment) (if_statement condition: (binary_expression (call_expression function_name: (identifier) input: (binary_expression (variable name: (identifier)) (variable name: (identifier)))) (floating_point)) (block_comment) (assignment (variable name: (identifier)) (boolean)) (else_clause (block_comment) (assignment (variable name: (identifier)) (boolean))))) (configuration (identifier) (resource (identifier) (task (identifier) (time) (integer)) (program_instance (identifier) (identifier) (identifier)))))
variable_name:  currentTemperature
variable_type:  REAL
variable_address:  %ID0.0

variable_name:  desiredTemperature
variable_type:  REAL
variable_address:  %ID0.1

variable_name:  coolingSystemActivated
variable_type:  BOOL
variable_address:  %QX0.0

variable_name:  heatingSystemActivated
variable_type:  BOOL
variable_address:  %QX0.1

variable_name:  alertRaised
variable_type:  BOOL
variable_address:  %QX0.2

variable_name:  temperatureDifference
variable_type:  REAL
variable_address:  None

visit_assignment:  (assignment (variable name: (identifier)) (binary_expression (variable name: (identifier)) (variable name: (identifier))))

variable name:  temperatureDifference
visit_assignment:  (assignment (variable name: (identifier)) (boolean))

variable name:  coolingSystemActivated
visit_assignment:  (assignment (variable name: (identifier)) (boolean))

variable name:  heatingSystemActivated
visit_assignment:  (assignment (variable name: (identifier)) (boolean))

variable name:  coolingSystemActivated
visit_assignment:  (assignment (variable name: (identifier)) (boolean))

variable name:  heatingSystemActivated
visit_assignment:  (assignment (variable name: (identifier)) (boolean))

variable name:  alertRaised
visit_assignment:  (assignment (variable name: (identifier)) (boolean))

variable name:  alertRaised

variables:  {'currentTemperature': ('REAL', '%ID0.0'), 'desiredTemperature': ('REAL', '%ID0.1'), 'coolingSystemActivated': ('BOOL', '%QX0.0'), 'heatingSystemActivated': ('BOOL', '%QX0.1'), 'alertRaised': ('BOOL', '%QX0.2'), 'temperatureDifference': ('REAL', None)}
content:  %ID0.0,REAL,9

content:  %ID0.1,REAL,9

plc_inputs:  [{'name': '%ID0.0', 'type': 'REAL', 'value': 9}, {'name': '%ID0.1', 'type': 'REAL', 'value': 9}]
plc_input_code:  #include "iec_std_lib.h"
#include "iec_types_all.h" 
#include <string.h>
#include <stdlib.h>
#include "/lfs/koff9454.ui/projects/plc_runtime_fuzzer/runtime/inputs.h"

    
extern REAL *__ID0_0;
extern REAL *__ID0_1;

void set_plc_input(const char *name, const char *type, PLC_Value value) {

    if (strcmp(name, "%ID0.0") == 0) {
        if (strcmp(type, "REAL") == 0) {
            *__ID0_0 = (REAL)value._REAL;
        }
    } else

    if (strcmp(name, "%ID0.1") == 0) {
        if (strcmp(type, "REAL") == 0) {
            *__ID0_1 = (REAL)value._REAL;
        }
    }
}
Created temporary directory: /lfs/koff9454.ui/projects/plc_runtime_fuzzer/runtime/tmp.axgta0
Generating IEC sources from ST file
POUS.c
POUS.h
LOCATED_VARIABLES.h
VARIABLES.csv
STD_CONF.c
STD_CONF.h
STD_RESSOURCE.c
Compiling the fuzzing harness
Compiling the set_input
Creating the executable
~/projects/plc_runtime_fuzzer/code_analysis/src/programs/complex/complex_7
Current directory: /lfs/koff9454.ui/projects/plc_runtime_fuzzer/code_analysis/src/programs/complex/complex_7
Files moved to /lfs/koff9454.ui/projects/plc_runtime_fuzzer/code_analysis/src/programs/complex/complex_7
Running the fuzzers
Workdir: "/lfs/koff9454.ui/projects/plc_runtime_fuzzer/code_analysis/src/programs/complex/complex_7/runs/run-7"
Out dir at "fuzzer-outdir" already exists.
Let's fuzz :)
[Stats #0] run time: 0h-0m-0s, clients: 1, corpus: 0, objectives: 0, executions: 0, exec/sec: 0.000
[Testcase #0] run time: 0h-0m-0s, clients: 1, corpus: 1, objectives: 0, executions: 1, exec/sec: 0.000
We imported 1 inputs from disk.
[Objective #0] run time: 0h-0m-0s, clients: 1, corpus: 1, objectives: 1, executions: 1, exec/sec: 0.000
[Objective #0] run time: 0h-0m-0s, clients: 1, corpus: 1, objectives: 2, executions: 1, exec/sec: 0.000
[Objective #0] run time: 0h-0m-0s, clients: 1, corpus: 1, objectives: 3, executions: 1, exec/sec: 0.000
[Objective #0] run time: 0h-0m-0s, clients: 1, corpus: 1, objectives: 4, executions: 1, exec/sec: 0.000
[Objective #0] run time: 0h-0m-0s, clients: 1, corpus: 1, objectives: 5, executions: 1, exec/sec: 0.000
[Objective #0] run time: 0h-0m-0s, clients: 1, corpus: 1, objectives: 6, executions: 1, exec/sec: 0.000
[Stats #0] run time: 0h-0m-0s, clients: 1, corpus: 1, objectives: 6, executions: 1, exec/sec: 0.000
[Testcase #0] run time: 0h-0m-0s, clients: 1, corpus: 2, objectives: 6, executions: 16, exec/sec: 0.000
[Objective #0] run time: 0h-0m-0s, clients: 1, corpus: 2, objectives: 7, executions: 16, exec/sec: 0.000
[Objective #0] run time: 0h-0m-1s, clients: 1, corpus: 2, objectives: 8, executions: 16, exec/sec: 15.53
[Objective #0] run time: 0h-0m-1s, clients: 1, corpus: 2, objectives: 9, executions: 16, exec/sec: 13.81
[Objective #0] run time: 0h-0m-1s, clients: 1, corpus: 2, objectives: 10, executions: 16, exec/sec: 12.48
[Objective #0] run time: 0h-0m-1s, clients: 1, corpus: 2, objectives: 11, executions: 16, exec/sec: 11.45
[Objective #0] run time: 0h-0m-1s, clients: 1, corpus: 2, objectives: 12, executions: 16, exec/sec: 10.39
[Objective #0] run time: 0h-0m-1s, clients: 1, corpus: 2, objectives: 13, executions: 16, exec/sec: 9.691
[Objective #0] run time: 0h-0m-1s, clients: 1, corpus: 2, objectives: 14, executions: 16, exec/sec: 9.097
[Objective #0] run time: 0h-0m-1s, clients: 1, corpus: 2, objectives: 15, executions: 16, exec/sec: 8.553
[Objective #0] run time: 0h-0m-2s, clients: 1, corpus: 2, objectives: 16, executions: 16, exec/sec: 8.010
[Objective #0] run time: 0h-0m-2s, clients: 1, corpus: 2, objectives: 17, executions: 16, exec/sec: 7.597
[Objective #0] run time: 0h-0m-2s, clients: 1, corpus: 2, objectives: 18, executions: 16, exec/sec: 7.173
[Objective #0] run time: 0h-0m-2s, clients: 1, corpus: 2, objectives: 19, executions: 16, exec/sec: 6.818
[Objective #0] run time: 0h-0m-2s, clients: 1, corpus: 2, objectives: 20, executions: 16, exec/sec: 6.445
[Objective #0] run time: 0h-0m-2s, clients: 1, corpus: 2, objectives: 21, executions: 16, exec/sec: 6.189
[Objective #0] run time: 0h-0m-2s, clients: 1, corpus: 2, objectives: 22, executions: 16, exec/sec: 5.923
[Objective #0] run time: 0h-0m-2s, clients: 1, corpus: 2, objectives: 23, executions: 16, exec/sec: 5.683
[Objective #0] run time: 0h-0m-2s, clients: 1, corpus: 2, objectives: 24, executions: 16, exec/sec: 5.450
[Objective #0] run time: 0h-0m-3s, clients: 1, corpus: 2, objectives: 25, executions: 16, exec/sec: 5.219
[Objective #0] run time: 0h-0m-3s, clients: 1, corpus: 2, objectives: 26, executions: 16, exec/sec: 5.001
[Objective #0] run time: 0h-0m-3s, clients: 1, corpus: 2, objectives: 27, executions: 16, exec/sec: 4.788
[Objective #0] run time: 0h-0m-3s, clients: 1, corpus: 2, objectives: 28, executions: 16, exec/sec: 4.616
[Objective #0] run time: 0h-0m-3s, clients: 1, corpus: 2, objectives: 29, executions: 16, exec/sec: 4.486
[Objective #0] run time: 0h-0m-3s, clients: 1, corpus: 2, objectives: 30, executions: 16, exec/sec: 4.343
[Objective #0] run time: 0h-0m-3s, clients: 1, corpus: 2, objectives: 31, executions: 16, exec/sec: 4.221
[Objective #0] run time: 0h-0m-3s, clients: 1, corpus: 2, objectives: 32, executions: 16, exec/sec: 4.082
[Objective #0] run time: 0h-0m-4s, clients: 1, corpus: 2, objectives: 33, executions: 16, exec/sec: 3.951
[Objective #0] run time: 0h-0m-4s, clients: 1, corpus: 2, objectives: 34, executions: 16, exec/sec: 3.845
[Objective #0] run time: 0h-0m-4s, clients: 1, corpus: 2, objectives: 35, executions: 16, exec/sec: 3.750
[Objective #0] run time: 0h-0m-4s, clients: 1, corpus: 2, objectives: 36, executions: 16, exec/sec: 3.647
[Objective #0] run time: 0h-0m-4s, clients: 1, corpus: 2, objectives: 37, executions: 16, exec/sec: 3.550
[Objective #0] run time: 0h-0m-4s, clients: 1, corpus: 2, objectives: 38, executions: 16, exec/sec: 3.455
[Objective #0] run time: 0h-0m-4s, clients: 1, corpus: 2, objectives: 39, executions: 16, exec/sec: 3.367
[Objective #0] run time: 0h-0m-4s, clients: 1, corpus: 2, objectives: 40, executions: 16, exec/sec: 3.286
[Objective #0] run time: 0h-0m-5s, clients: 1, corpus: 2, objectives: 41, executions: 16, exec/sec: 3.201
[Objective #0] run time: 0h-0m-5s, clients: 1, corpus: 2, objectives: 42, executions: 16, exec/sec: 3.123
[Objective #0] run time: 0h-0m-5s, clients: 1, corpus: 2, objectives: 43, executions: 16, exec/sec: 3.061
[Objective #0] run time: 0h-0m-5s, clients: 1, corpus: 2, objectives: 44, executions: 16, exec/sec: 2.987
[Objective #0] run time: 0h-0m-5s, clients: 1, corpus: 2, objectives: 45, executions: 16, exec/sec: 2.926
[Objective #0] run time: 0h-0m-5s, clients: 1, corpus: 2, objectives: 46, executions: 16, exec/sec: 2.867
[Objective #0] run time: 0h-0m-5s, clients: 1, corpus: 2, objectives: 47, executions: 16, exec/sec: 2.811
[Objective #0] run time: 0h-0m-5s, clients: 1, corpus: 2, objectives: 48, executions: 16, exec/sec: 2.751
[Stats #0] run time: 0h-0m-5s, clients: 1, corpus: 2, objectives: 48, executions: 16, exec/sec: 2.750
[Testcase #0] run time: 0h-0m-5s, clients: 1, corpus: 3, objectives: 48, executions: 96, exec/sec: 16.46
[Objective #0] run time: 0h-0m-5s, clients: 1, corpus: 3, objectives: 49, executions: 96, exec/sec: 16.18
[Objective #0] run time: 0h-0m-6s, clients: 1, corpus: 3, objectives: 50, executions: 96, exec/sec: 15.90
[Objective #0] run time: 0h-0m-6s, clients: 1, corpus: 3, objectives: 51, executions: 96, exec/sec: 15.58
[Objective #0] run time: 0h-0m-6s, clients: 1, corpus: 3, objectives: 52, executions: 96, exec/sec: 15.31
[Objective #0] run time: 0h-0m-6s, clients: 1, corpus: 3, objectives: 53, executions: 96, exec/sec: 15.02
[Objective #0] run time: 0h-0m-6s, clients: 1, corpus: 3, objectives: 54, executions: 96, exec/sec: 14.76
[Objective #0] run time: 0h-0m-6s, clients: 1, corpus: 3, objectives: 55, executions: 96, exec/sec: 14.48
Crash limit reached: 1
