JOB timestamp: Mon Dec 18 14:40:33 MST 2023
JOB ID: 121575
Array Task ID: 7
Current directory: /lfs/koff9454.ui/projects/plc_runtime_fuzzer/code_analysis/src
r3i4n3
gcc (Spack GCC) 12.1.0
Copyright (C) 2022 Free Software Foundation, Inc.
This is free software; see the source for copying conditions.  There is NO
warranty; not even for MERCHANTABILITY or FITNESS FOR A PARTICULAR PURPOSE.

Python 3.11.5
/lfs/koff9454.ui/miniconda3/envs/plc/bin/python
matiec version 0.1
changeset id: 
Number of programs: 3
Programs: condition_1 condition_2 condition_3
Fuzzing program: condition_2, Job ID: 7
input dir does not exist, creating
(source_file (program_definition program_name: (identifier) (variable_definition (variable_definition_body name: (identifier) address: (address) type: (basic_data_type)) (variable_definition_body name: (identifier) address: (address) type: (basic_data_type)) (variable_definition_body name: (identifier) address: (address) type: (basic_data_type))) (variable_definition (variable_definition_body name: (identifier) type: (basic_data_type))) (assignment (variable name: (identifier)) (binary_expression (parenthesis_expression (binary_expression (variable name: (identifier)) (variable name: (identifier)))) (parenthesis_expression (binary_expression (variable name: (identifier)) (boolean))))) (if_statement condition: (variable name: (identifier)) (assignment (variable name: (identifier)) (boolean)) (else_clause (assignment (variable name: (identifier)) (boolean))))) (configuration (identifier) (resource (identifier) (task (identifier) (time) (integer)) (program_instance (identifier) (identifier) (identifier)))))
variable_name:  button1
variable_type:  BOOL
variable_address:  %IX0.0

variable_name:  button2
variable_type:  BOOL
variable_address:  %IX0.1

variable_name:  led
variable_type:  BOOL
variable_address:  %QX0.0

variable_name:  LED_STATE
variable_type:  BOOL
variable_address:  None

visit_assignment:  (assignment (variable name: (identifier)) (binary_expression (parenthesis_expression (binary_expression (variable name: (identifier)) (variable name: (identifier)))) (parenthesis_expression (binary_expression (variable name: (identifier)) (boolean)))))

variable name:  LED_STATE
visit_assignment:  (assignment (variable name: (identifier)) (boolean))

variable name:  led
visit_assignment:  (assignment (variable name: (identifier)) (boolean))

variable name:  led

variables:  {'button1': ('BOOL', '%IX0.0'), 'button2': ('BOOL', '%IX0.1'), 'led': ('BOOL', '%QX0.0'), 'LED_STATE': ('BOOL', None)}
content:  %IX0.0,BOOL,9

content:  %IX0.1,BOOL,9

plc_inputs:  [{'name': '%IX0.0', 'type': 'BOOL', 'value': 9}, {'name': '%IX0.1', 'type': 'BOOL', 'value': 9}]
plc_input_code:  #include "iec_std_lib.h"
#include "iec_types_all.h" 
#include <string.h>
#include <stdlib.h>
#include "/lfs/koff9454.ui/projects/plc_runtime_fuzzer/runtime/inputs.h"

    
extern BOOL *__IX0_0;
extern BOOL *__IX0_1;

void set_plc_input(const char *name, const char *type, PLC_Value value) {

    if (strcmp(name, "%IX0.0") == 0) {
        if (strcmp(type, "BOOL") == 0) {
            *__IX0_0 = (BOOL)value._BOOL;
        }
    } else

    if (strcmp(name, "%IX0.1") == 0) {
        if (strcmp(type, "BOOL") == 0) {
            *__IX0_1 = (BOOL)value._BOOL;
        }
    }
}
harness executable does not exist, creating
~/projects/plc_runtime_fuzzer/runtime ~/projects/plc_runtime_fuzzer/code_analysis/src/programs/condition/condition_2
(source_file (program_definition program_name: (identifier) (variable_definition (variable_definition_body name: (identifier) address: (address) type: (basic_data_type)) (variable_definition_body name: (identifier) address: (address) type: (basic_data_type)) (variable_definition_body name: (identifier) address: (address) type: (basic_data_type))) (variable_definition (variable_definition_body name: (identifier) type: (basic_data_type))) (assignment (variable name: (identifier)) (binary_expression (parenthesis_expression (binary_expression (variable name: (identifier)) (variable name: (identifier)))) (parenthesis_expression (binary_expression (variable name: (identifier)) (boolean))))) (if_statement condition: (variable name: (identifier)) (assignment (variable name: (identifier)) (boolean)) (else_clause (assignment (variable name: (identifier)) (boolean))))) (configuration (identifier) (resource (identifier) (task (identifier) (time) (integer)) (program_instance (identifier) (identifier) (identifier)))))
variable_name:  button1
variable_type:  BOOL
variable_address:  %IX0.0

variable_name:  button2
variable_type:  BOOL
variable_address:  %IX0.1

variable_name:  led
variable_type:  BOOL
variable_address:  %QX0.0

variable_name:  LED_STATE
variable_type:  BOOL
variable_address:  None

visit_assignment:  (assignment (variable name: (identifier)) (binary_expression (parenthesis_expression (binary_expression (variable name: (identifier)) (variable name: (identifier)))) (parenthesis_expression (binary_expression (variable name: (identifier)) (boolean)))))

variable name:  LED_STATE
visit_assignment:  (assignment (variable name: (identifier)) (boolean))

variable name:  led
visit_assignment:  (assignment (variable name: (identifier)) (boolean))

variable name:  led

variables:  {'button1': ('BOOL', '%IX0.0'), 'button2': ('BOOL', '%IX0.1'), 'led': ('BOOL', '%QX0.0'), 'LED_STATE': ('BOOL', None)}
content:  %IX0.0,BOOL,9

content:  %IX0.1,BOOL,9

plc_inputs:  [{'name': '%IX0.0', 'type': 'BOOL', 'value': 9}, {'name': '%IX0.1', 'type': 'BOOL', 'value': 9}]
plc_input_code:  #include "iec_std_lib.h"
#include "iec_types_all.h" 
#include <string.h>
#include <stdlib.h>
#include "/lfs/koff9454.ui/projects/plc_runtime_fuzzer/runtime/inputs.h"

    
extern BOOL *__IX0_0;
extern BOOL *__IX0_1;

void set_plc_input(const char *name, const char *type, PLC_Value value) {

    if (strcmp(name, "%IX0.0") == 0) {
        if (strcmp(type, "BOOL") == 0) {
            *__IX0_0 = (BOOL)value._BOOL;
        }
    } else

    if (strcmp(name, "%IX0.1") == 0) {
        if (strcmp(type, "BOOL") == 0) {
            *__IX0_1 = (BOOL)value._BOOL;
        }
    }
}
Created temporary directory: /lfs/koff9454.ui/projects/plc_runtime_fuzzer/runtime/tmp.a3M4ex
Generating IEC sources from ST file
POUS.c
POUS.h
LOCATED_VARIABLES.h
VARIABLES.csv
STD_CONF.c
STD_CONF.h
STD_RESSOURCE.c
Compiling the fuzzing harness
Compiling the set_input
Creating the executable
~/projects/plc_runtime_fuzzer/code_analysis/src/programs/condition/condition_2
Current directory: /lfs/koff9454.ui/projects/plc_runtime_fuzzer/code_analysis/src/programs/condition/condition_2
Files moved to /lfs/koff9454.ui/projects/plc_runtime_fuzzer/code_analysis/src/programs/condition/condition_2
Running the fuzzers
Workdir: "/lfs/koff9454.ui/projects/plc_runtime_fuzzer/code_analysis/src/programs/condition/condition_2/runs/run-7"
Out dir at "fuzzer-outdir" already exists.
Let's fuzz :)
[Stats #0] run time: 0h-0m-0s, clients: 1, corpus: 0, objectives: 0, executions: 0, exec/sec: 0.000
[Testcase #0] run time: 0h-0m-0s, clients: 1, corpus: 1, objectives: 0, executions: 1, exec/sec: 0.000
We imported 1 inputs from disk.
[Objective #0] run time: 0h-0m-0s, clients: 1, corpus: 1, objectives: 1, executions: 1, exec/sec: 0.000
[Objective #0] run time: 0h-0m-0s, clients: 1, corpus: 1, objectives: 2, executions: 1, exec/sec: 0.000
[Objective #0] run time: 0h-0m-0s, clients: 1, corpus: 1, objectives: 3, executions: 1, exec/sec: 0.000
[Objective #0] run time: 0h-0m-0s, clients: 1, corpus: 1, objectives: 4, executions: 1, exec/sec: 0.000
[Objective #0] run time: 0h-0m-0s, clients: 1, corpus: 1, objectives: 5, executions: 1, exec/sec: 0.000
[Objective #0] run time: 0h-0m-0s, clients: 1, corpus: 1, objectives: 6, executions: 1, exec/sec: 0.000
[Objective #0] run time: 0h-0m-1s, clients: 1, corpus: 1, objectives: 7, executions: 1, exec/sec: 0.971
[Objective #0] run time: 0h-0m-1s, clients: 1, corpus: 1, objectives: 8, executions: 1, exec/sec: 0.866
[Stats #0] run time: 0h-0m-1s, clients: 1, corpus: 1, objectives: 8, executions: 1, exec/sec: 0.865
[Testcase #0] run time: 0h-0m-1s, clients: 1, corpus: 2, objectives: 8, executions: 18, exec/sec: 15.48
[Objective #0] run time: 0h-0m-1s, clients: 1, corpus: 2, objectives: 9, executions: 18, exec/sec: 13.82
[Objective #0] run time: 0h-0m-1s, clients: 1, corpus: 2, objectives: 10, executions: 18, exec/sec: 12.49
[Objective #0] run time: 0h-0m-1s, clients: 1, corpus: 2, objectives: 11, executions: 18, exec/sec: 11.39
[Objective #0] run time: 0h-0m-1s, clients: 1, corpus: 2, objectives: 12, executions: 18, exec/sec: 10.48
[Objective #0] run time: 0h-0m-1s, clients: 1, corpus: 2, objectives: 13, executions: 18, exec/sec: 9.676
[Objective #0] run time: 0h-0m-2s, clients: 1, corpus: 2, objectives: 14, executions: 18, exec/sec: 8.990
[Objective #0] run time: 0h-0m-2s, clients: 1, corpus: 2, objectives: 15, executions: 18, exec/sec: 8.336
[Objective #0] run time: 0h-0m-2s, clients: 1, corpus: 2, objectives: 16, executions: 18, exec/sec: 7.835
[Objective #0] run time: 0h-0m-2s, clients: 1, corpus: 2, objectives: 17, executions: 18, exec/sec: 7.409
[Objective #0] run time: 0h-0m-2s, clients: 1, corpus: 2, objectives: 18, executions: 18, exec/sec: 6.973
[Objective #0] run time: 0h-0m-2s, clients: 1, corpus: 2, objectives: 19, executions: 18, exec/sec: 6.614
[Objective #0] run time: 0h-0m-2s, clients: 1, corpus: 2, objectives: 20, executions: 18, exec/sec: 6.285
[Objective #0] run time: 0h-0m-3s, clients: 1, corpus: 2, objectives: 21, executions: 18, exec/sec: 5.994
[Objective #0] run time: 0h-0m-3s, clients: 1, corpus: 2, objectives: 22, executions: 18, exec/sec: 5.686
[Objective #0] run time: 0h-0m-3s, clients: 1, corpus: 2, objectives: 23, executions: 18, exec/sec: 5.395
[Objective #0] run time: 0h-0m-3s, clients: 1, corpus: 2, objectives: 24, executions: 18, exec/sec: 5.185
[Objective #0] run time: 0h-0m-3s, clients: 1, corpus: 2, objectives: 25, executions: 18, exec/sec: 4.977
[Objective #0] run time: 0h-0m-3s, clients: 1, corpus: 2, objectives: 26, executions: 18, exec/sec: 4.788
[Objective #0] run time: 0h-0m-3s, clients: 1, corpus: 2, objectives: 27, executions: 18, exec/sec: 4.590
[Objective #0] run time: 0h-0m-4s, clients: 1, corpus: 2, objectives: 28, executions: 18, exec/sec: 4.421
[Objective #0] run time: 0h-0m-4s, clients: 1, corpus: 2, objectives: 29, executions: 18, exec/sec: 4.276
[Objective #0] run time: 0h-0m-4s, clients: 1, corpus: 2, objectives: 30, executions: 18, exec/sec: 4.125
[Objective #0] run time: 0h-0m-4s, clients: 1, corpus: 2, objectives: 31, executions: 18, exec/sec: 3.996
[Objective #0] run time: 0h-0m-4s, clients: 1, corpus: 2, objectives: 32, executions: 18, exec/sec: 3.871
[Objective #0] run time: 0h-0m-4s, clients: 1, corpus: 2, objectives: 33, executions: 18, exec/sec: 3.758
[Objective #0] run time: 0h-0m-4s, clients: 1, corpus: 2, objectives: 34, executions: 18, exec/sec: 3.633
[Objective #0] run time: 0h-0m-5s, clients: 1, corpus: 2, objectives: 35, executions: 18, exec/sec: 3.530
[Objective #0] run time: 0h-0m-5s, clients: 1, corpus: 2, objectives: 36, executions: 18, exec/sec: 3.445
[Objective #0] run time: 0h-0m-5s, clients: 1, corpus: 2, objectives: 37, executions: 18, exec/sec: 3.348
[Objective #0] run time: 0h-0m-5s, clients: 1, corpus: 2, objectives: 38, executions: 18, exec/sec: 3.272
[Objective #0] run time: 0h-0m-5s, clients: 1, corpus: 2, objectives: 39, executions: 18, exec/sec: 3.183
[Objective #0] run time: 0h-0m-5s, clients: 1, corpus: 2, objectives: 40, executions: 18, exec/sec: 3.109
[Objective #0] run time: 0h-0m-5s, clients: 1, corpus: 2, objectives: 41, executions: 18, exec/sec: 3.024
[Objective #0] run time: 0h-0m-6s, clients: 1, corpus: 2, objectives: 42, executions: 18, exec/sec: 2.956
[Objective #0] run time: 0h-0m-6s, clients: 1, corpus: 2, objectives: 43, executions: 18, exec/sec: 2.877
[Objective #0] run time: 0h-0m-6s, clients: 1, corpus: 2, objectives: 44, executions: 18, exec/sec: 2.811
[Objective #0] run time: 0h-0m-6s, clients: 1, corpus: 2, objectives: 45, executions: 18, exec/sec: 2.756
[Objective #0] run time: 0h-0m-6s, clients: 1, corpus: 2, objectives: 46, executions: 18, exec/sec: 2.698
[Objective #0] run time: 0h-0m-6s, clients: 1, corpus: 2, objectives: 47, executions: 18, exec/sec: 2.640
[Objective #0] run time: 0h-0m-6s, clients: 1, corpus: 2, objectives: 48, executions: 18, exec/sec: 2.584
[Objective #0] run time: 0h-0m-7s, clients: 1, corpus: 2, objectives: 49, executions: 18, exec/sec: 2.532
[Objective #0] run time: 0h-0m-7s, clients: 1, corpus: 2, objectives: 50, executions: 18, exec/sec: 2.486
[Objective #0] run time: 0h-0m-7s, clients: 1, corpus: 2, objectives: 51, executions: 18, exec/sec: 2.438
[Objective #0] run time: 0h-0m-7s, clients: 1, corpus: 2, objectives: 52, executions: 18, exec/sec: 2.399
[Objective #0] run time: 0h-0m-7s, clients: 1, corpus: 2, objectives: 53, executions: 18, exec/sec: 2.355
[Objective #0] run time: 0h-0m-7s, clients: 1, corpus: 2, objectives: 54, executions: 18, exec/sec: 2.315
[Objective #0] run time: 0h-0m-7s, clients: 1, corpus: 2, objectives: 55, executions: 18, exec/sec: 2.278
[Objective #0] run time: 0h-0m-8s, clients: 1, corpus: 2, objectives: 56, executions: 18, exec/sec: 2.243
[Objective #0] run time: 0h-0m-8s, clients: 1, corpus: 2, objectives: 57, executions: 18, exec/sec: 2.205
[Objective #0] run time: 0h-0m-8s, clients: 1, corpus: 2, objectives: 58, executions: 18, exec/sec: 2.172
[Objective #0] run time: 0h-0m-8s, clients: 1, corpus: 2, objectives: 59, executions: 18, exec/sec: 2.137
[Objective #0] run time: 0h-0m-8s, clients: 1, corpus: 2, objectives: 60, executions: 18, exec/sec: 2.102
[Objective #0] run time: 0h-0m-8s, clients: 1, corpus: 2, objectives: 61, executions: 18, exec/sec: 2.073
[Objective #0] run time: 0h-0m-8s, clients: 1, corpus: 2, objectives: 62, executions: 18, exec/sec: 2.044
[Objective #0] run time: 0h-0m-8s, clients: 1, corpus: 2, objectives: 63, executions: 18, exec/sec: 2.015
[Objective #0] run time: 0h-0m-9s, clients: 1, corpus: 2, objectives: 64, executions: 18, exec/sec: 1.989
[Objective #0] run time: 0h-0m-9s, clients: 1, corpus: 2, objectives: 65, executions: 18, exec/sec: 1.962
[Objective #0] run time: 0h-0m-9s, clients: 1, corpus: 2, objectives: 66, executions: 18, exec/sec: 1.932
[Objective #0] run time: 0h-0m-9s, clients: 1, corpus: 2, objectives: 67, executions: 18, exec/sec: 1.903
[Objective #0] run time: 0h-0m-9s, clients: 1, corpus: 2, objectives: 68, executions: 18, exec/sec: 1.881
[Objective #0] run time: 0h-0m-9s, clients: 1, corpus: 2, objectives: 69, executions: 18, exec/sec: 1.857
[Objective #0] run time: 0h-0m-9s, clients: 1, corpus: 2, objectives: 70, executions: 18, exec/sec: 1.834
[Objective #0] run time: 0h-0m-9s, clients: 1, corpus: 2, objectives: 71, executions: 18, exec/sec: 1.809
[Objective #0] run time: 0h-0m-10s, clients: 1, corpus: 2, objectives: 72, executions: 18, exec/sec: 1.787
[Objective #0] run time: 0h-0m-10s, clients: 1, corpus: 2, objectives: 73, executions: 18, exec/sec: 1.766
[Objective #0] run time: 0h-0m-10s, clients: 1, corpus: 2, objectives: 74, executions: 18, exec/sec: 1.744
[Objective #0] run time: 0h-0m-10s, clients: 1, corpus: 2, objectives: 75, executions: 18, exec/sec: 1.724
[Objective #0] run time: 0h-0m-10s, clients: 1, corpus: 2, objectives: 76, executions: 18, exec/sec: 1.703
[Objective #0] run time: 0h-0m-10s, clients: 1, corpus: 2, objectives: 77, executions: 18, exec/sec: 1.682
[Objective #0] run time: 0h-0m-10s, clients: 1, corpus: 2, objectives: 78, executions: 18, exec/sec: 1.663
[Objective #0] run time: 0h-0m-10s, clients: 1, corpus: 2, objectives: 79, executions: 18, exec/sec: 1.645
[Objective #0] run time: 0h-0m-11s, clients: 1, corpus: 2, objectives: 80, executions: 18, exec/sec: 1.626
[Objective #0] run time: 0h-0m-11s, clients: 1, corpus: 2, objectives: 81, executions: 18, exec/sec: 1.604
Crash limit reached: 1
