JOB timestamp: Mon Dec 18 15:33:47 MST 2023
JOB ID: 121745
Array Task ID: 41
Current directory: /lfs/koff9454.ui/projects/plc_runtime_fuzzer/code_analysis/src
r5i7n4
gcc (Spack GCC) 12.1.0
Copyright (C) 2022 Free Software Foundation, Inc.
This is free software; see the source for copying conditions.  There is NO
warranty; not even for MERCHANTABILITY or FITNESS FOR A PARTICULAR PURPOSE.

Python 3.11.5
/lfs/koff9454.ui/miniconda3/envs/plc/bin/python
matiec version 0.1
changeset id: 
Number of programs: 11
Programs: complex_1 complex_10 complex_2 complex_3 complex_4 complex_5 complex_6 complex_7 complex_8 complex_9 runs
Fuzzing program: complex_8, Job ID: 41
input dir exist, skipping
harness file exist, skipping
Running the fuzzers
Workdir: "/lfs/koff9454.ui/projects/plc_runtime_fuzzer/code_analysis/src/programs/complex/complex_8/runs/run-41"
Out dir at "fuzzer-outdir" already exists.
Let's fuzz :)
[Stats #0] run time: 0h-0m-0s, clients: 1, corpus: 0, objectives: 0, executions: 0, exec/sec: 0.000
[Testcase #0] run time: 0h-0m-0s, clients: 1, corpus: 1, objectives: 0, executions: 1, exec/sec: 0.000
We imported 1 inputs from disk.
[Stats #0] run time: 0h-0m-0s, clients: 1, corpus: 1, objectives: 0, executions: 1, exec/sec: 0.000
[Testcase #0] run time: 0h-0m-0s, clients: 1, corpus: 2, objectives: 0, executions: 10, exec/sec: 0.000
[Stats #0] run time: 0h-0m-0s, clients: 1, corpus: 2, objectives: 0, executions: 10, exec/sec: 0.000
[Testcase #0] run time: 0h-0m-0s, clients: 1, corpus: 3, objectives: 0, executions: 27, exec/sec: 0.000
[Stats #0] run time: 0h-0m-0s, clients: 1, corpus: 3, objectives: 0, executions: 27, exec/sec: 0.000
[Testcase #0] run time: 0h-0m-0s, clients: 1, corpus: 4, objectives: 0, executions: 30, exec/sec: 0.000
[Stats #0] run time: 0h-0m-0s, clients: 1, corpus: 4, objectives: 0, executions: 30, exec/sec: 0.000
[Testcase #0] run time: 0h-0m-0s, clients: 1, corpus: 5, objectives: 0, executions: 50, exec/sec: 0.000
[Stats #0] run time: 0h-0m-0s, clients: 1, corpus: 5, objectives: 0, executions: 50, exec/sec: 0.000
[Testcase #0] run time: 0h-0m-0s, clients: 1, corpus: 6, objectives: 0, executions: 59, exec/sec: 0.000
[Stats #0] run time: 0h-0m-0s, clients: 1, corpus: 6, objectives: 0, executions: 59, exec/sec: 0.000
[Testcase #0] run time: 0h-0m-0s, clients: 1, corpus: 7, objectives: 0, executions: 71, exec/sec: 0.000
[Objective #0] run time: 0h-0m-0s, clients: 1, corpus: 7, objectives: 1, executions: 71, exec/sec: 0.000
[Stats #0] run time: 0h-0m-0s, clients: 1, corpus: 7, objectives: 1, executions: 71, exec/sec: 0.000
[Testcase #0] run time: 0h-0m-0s, clients: 1, corpus: 8, objectives: 1, executions: 88, exec/sec: 0.000
Crash limit reached: 1
[1;92m[+] [0mEnabled environment variable AFL_BENCH_UNTIL_CRASH with value 1[0m
[1;92m[+] [0mEnabled environment variable AFL_IGNORE_SEED_PROBLEMS with value 1[0m
[1;92m[+] [0mEnabled environment variable AFL_I_DONT_CARE_ABOUT_MISSING_CRASHES with value 1[0m
[1;92m[+] [0mEnabled environment variable AFL_SKIP_CPUFREQ with value 1[0m
[1;92m[+] [0mEnabled environment variable AFL_TRY_AFFINITY with value 1[0m
[1;93m[!] [1;97mWARNING: [0mPotentially mistyped AFL environment variable: USE_PCM_DB=2, did you mean AFL_USE_PCM_DB=2?[0m
[0;36mafl-fuzz++4.09a[0m based on afl by Michal Zalewski and a large online community
[1;92m[+] [0mAFL++ is maintained by Marc "van Hauser" Heuse, Dominik Maier, Andrea Fioraldi and Heiko "hexcoder" Eißfeldt[0m
[1;92m[+] [0mAFL++ is open source, get it at https://github.com/AFLplusplus/AFLplusplus[0m
[1;92m[+] [0mNOTE: AFL++ >= v3 has changed defaults and behaviours - see README.md[0m
[1;92m[+] [0mNo -M/-S set, autoconfiguring for "-S default"[0m
[1;94m[*] [0mGetting to work...[0m
[1;92m[+] [0mUsing exponential power schedule (FAST)[0m
[1;92m[+] [0mEnabled testcache with 50 MB[0m
[1;92m[+] [0mGenerating fuzz data with a length of min=1 max=1048576[0m
[1;94m[*] [0mChecking core_pattern...[0m

[1;91m[-] [0mHmm, your system is configured to send core dump notifications to an
    external utility. This will cause issues: there will be an extended delay
    between stumbling upon a crash and having this information relayed to the
    fuzzer via the standard waitpid() API.
    If you're just testing, set 'AFL_I_DONT_CARE_ABOUT_MISSING_CRASHES=1'.

    To avoid having crashes misinterpreted as timeouts, please log in as root
    and temporarily modify /proc/sys/kernel/core_pattern, like so:

    echo core >/proc/sys/kernel/core_pattern
[1;92m[+] [0mLooks like we're not running on a tty, so I'll be a bit less verbose.[0m
[1;92m[+] [0mYou have 36 CPU cores and 6 runnable tasks (utilization: 17%).[0m
[1;92m[+] [0mTry parallel jobs - see /usr/local/share/doc/afl/fuzzing_in_depth.md#c-using-multiple-cores[0m
[1;94m[*] [0mSetting up output directories...[0m
[1;94m[*] [0mChecking CPU core loadout...[0m
[1;92m[+] [0mFound a free CPU core, try binding to #0.[0m
[1;94m[*] [0mScanning 'our-indir'...[0m
[1;92m[+] [0mLoaded a total of 1 seeds.[0m
[1;94m[*] [0mCreating hard links for all input files...[0m
[1;94m[*] [0mValidating target binary...[0m
[1;94m[*] [0mSpinning up the fork server...[0m
[1;92m[+] [0mAll right - fork server is up.[0m
[1;94m[*] [0mTarget map size: 103[0m
[1;94m[*] [0mNo auto-generated dictionary tokens to reuse.[0m
[1;94m[*] [0mLoading extra dictionary from 'our-inputs.dict' (level 0)...[0m
[1;94m[*] [0mLoaded 40 extra tokens, size range 3 B to 6 B.[0m
[1;92m[+] [0mLoaded a total of 7 extras.[0m
[1;94m[*] [0mAttempting dry run with 'id:000000,time:0,execs:0,orig:variables.txt'...[0m
[1;90m    len = 260, map size = 21, exec speed = 10019 us, hash = a7fb7990bd8f8d22
[0m[1;92m[+] [0mAll test cases processed.[0m
[1;93m[!] [1;97mWARNING: [0m[1;91mThe target binary is pretty slow! See /usr/local/share/doc/afl/fuzzing_in_depth.md#i-improve-the-speed[0m
[1;92m[+] [0mHere are some useful stats:

[1;90m    Test case count : [0m1 favored, 0 variable, 0 ignored, 1 total
[1;90m       Bitmap range : [0m21 to 21 bits (average: 21.00 bits)
[1;90m        Exec timing : [0m10.0k to 10.0k us (average: 10.0k us)
[0m
[1;94m[*] [0mNo -t option specified, so I'll use an exec timeout of 40 ms.[0m
[1;92m[+] [0mAll set and ready to roll![0m
[1;94m[*] [0mEntering queue cycle 1.[0m
[1;94m[*] [0mFuzzing test case #0 (1 total, 0 crashes saved, state: started :-), mode=explore, perf_score=0, weight=0, favorite=1, was_fuzzed=0, exec_us=10019, hits=0, map=21, ascii=0, run_time=0:00:00:00)...[0m
[1;92m[+] [0mEnabled environment variable AFL_BENCH_UNTIL_CRASH with value 1[0m
[1;92m[+] [0mEnabled environment variable AFL_IGNORE_SEED_PROBLEMS with value 1[0m
[1;92m[+] [0mEnabled environment variable AFL_I_DONT_CARE_ABOUT_MISSING_CRASHES with value 1[0m
[1;92m[+] [0mEnabled environment variable AFL_SKIP_CPUFREQ with value 1[0m
[1;92m[+] [0mEnabled environment variable AFL_TRY_AFFINITY with value 1[0m
[1;93m[!] [1;97mWARNING: [0mPotentially mistyped AFL environment variable: USE_PCM_DB=2, did you mean AFL_USE_PCM_DB=2?[0m
[0;36mafl-fuzz++4.09a[0m based on afl by Michal Zalewski and a large online community
[1;92m[+] [0mAFL++ is maintained by Marc "van Hauser" Heuse, Dominik Maier, Andrea Fioraldi and Heiko "hexcoder" Eißfeldt[0m
[1;92m[+] [0mAFL++ is open source, get it at https://github.com/AFLplusplus/AFLplusplus[0m
[1;92m[+] [0mNOTE: AFL++ >= v3 has changed defaults and behaviours - see README.md[0m
[1;92m[+] [0mNo -M/-S set, autoconfiguring for "-S default"[0m
[1;94m[*] [0mGetting to work...[0m
[1;92m[+] [0mUsing exponential power schedule (FAST)[0m
[1;92m[+] [0mEnabled testcache with 50 MB[0m
[1;92m[+] [0mGenerating fuzz data with a length of min=1 max=1048576[0m
[1;94m[*] [0mChecking core_pattern...[0m

[1;91m[-] [0mHmm, your system is configured to send core dump notifications to an
    external utility. This will cause issues: there will be an extended delay
    between stumbling upon a crash and having this information relayed to the
    fuzzer via the standard waitpid() API.
    If you're just testing, set 'AFL_I_DONT_CARE_ABOUT_MISSING_CRASHES=1'.

    To avoid having crashes misinterpreted as timeouts, please log in as root
    and temporarily modify /proc/sys/kernel/core_pattern, like so:

    echo core >/proc/sys/kernel/core_pattern
[1;92m[+] [0mLooks like we're not running on a tty, so I'll be a bit less verbose.[0m
[1;92m[+] [0mYou have 36 CPU cores and 1 runnable tasks (utilization: 3%).[0m
[1;92m[+] [0mTry parallel jobs - see /usr/local/share/doc/afl/fuzzing_in_depth.md#c-using-multiple-cores[0m
[1;94m[*] [0mSetting up output directories...[0m
[1;94m[*] [0mChecking CPU core loadout...[0m
[1;92m[+] [0mFound a free CPU core, try binding to #1.[0m
[1;94m[*] [0mScanning 'afl-indir'...[0m
[1;92m[+] [0mLoaded a total of 1 seeds.[0m
[1;94m[*] [0mCreating hard links for all input files...[0m
[1;94m[*] [0mValidating target binary...[0m
[1;94m[*] [0mSpinning up the fork server...[0m
[1;92m[+] [0mAll right - fork server is up.[0m
[1;94m[*] [0mTarget map size: 103[0m
[1;94m[*] [0mNo auto-generated dictionary tokens to reuse.[0m
[1;94m[*] [0mLoading extra dictionary from 'afl-inputs.dict' (level 0)...[0m
[1;94m[*] [0mLoaded 40 extra tokens, size range 3 B to 6 B.[0m
[1;92m[+] [0mLoaded a total of 7 extras.[0m
[1;94m[*] [0mAttempting dry run with 'id:000000,time:0,execs:0,orig:testcase.txt'...[0m
[1;90m    len = 3, map size = 16, exec speed = 17983 us, hash = b34da7ab8cbaa7e1
[0m[1;92m[+] [0mAll test cases processed.[0m
[1;93m[!] [1;97mWARNING: [0m[1;91mThe target binary is pretty slow! See /usr/local/share/doc/afl/fuzzing_in_depth.md#i-improve-the-speed[0m
[1;92m[+] [0mHere are some useful stats:

[1;90m    Test case count : [0m1 favored, 0 variable, 0 ignored, 1 total
[1;90m       Bitmap range : [0m16 to 16 bits (average: 16.00 bits)
[1;90m        Exec timing : [0m18.0k to 18.0k us (average: 18.0k us)
[0m
[1;94m[*] [0mNo -t option specified, so I'll use an exec timeout of 60 ms.[0m
[1;92m[+] [0mAll set and ready to roll![0m
[1;94m[*] [0mEntering queue cycle 1.[0m
[1;94m[*] [0mFuzzing test case #0 (1 total, 0 crashes saved, state: started :-), mode=explore, perf_score=0, weight=0, favorite=1, was_fuzzed=0, exec_us=17983, hits=0, map=16, ascii=0, run_time=0:00:00:00)...[0m
[1;94m[*] [0mFuzzing test case #1 (2 total, 0 crashes saved, state: started :-), mode=explore, perf_score=0, weight=0, favorite=1, was_fuzzed=0, exec_us=8500, hits=2, map=17, ascii=0, run_time=0:00:00:00)...[0m
[1;94m[*] [0mFuzzing test case #1 (2 total, 0 crashes saved, state: started :-), mode=explore, perf_score=459, weight=18, favorite=1, was_fuzzed=1, exec_us=8500, hits=2, map=17, ascii=0, run_time=0:00:00:00)...[0m
[1;94m[*] [0mFuzzing test case #5 (9 total, 0 crashes saved, state: started :-), mode=explore, perf_score=0, weight=0, favorite=1, was_fuzzed=0, exec_us=8097, hits=4, map=16, ascii=0, run_time=0:00:01:37)...[0m
[1;94m[*] [0mFuzzing test case #5 (9 total, 0 crashes saved, state: started :-), mode=explore, perf_score=345, weight=31, favorite=1, was_fuzzed=1, exec_us=8097, hits=4, map=16, ascii=0, run_time=0:00:01:37)...[0m
[1;94m[*] [0mFuzzing test case #5 (11 total, 0 crashes saved, state: started :-), mode=explore, perf_score=114, weight=17, favorite=1, was_fuzzed=1, exec_us=8097, hits=182, map=16, ascii=0, run_time=0:00:02:00)...[0m
[1;94m[*] [0mFuzzing test case #5 (11 total, 0 crashes saved, state: started :-), mode=explore, perf_score=114, weight=17, favorite=1, was_fuzzed=1, exec_us=8097, hits=189, map=16, ascii=0, run_time=0:00:02:00)...[0m
[1;94m[*] [0mFuzzing test case #5 (12 total, 0 crashes saved, state: started :-), mode=explore, perf_score=114, weight=18, favorite=1, was_fuzzed=1, exec_us=8097, hits=219, map=16, ascii=0, run_time=0:00:02:01)...[0m
[1;94m[*] [0mFuzzing test case #5 (12 total, 0 crashes saved, state: started :-), mode=explore, perf_score=114, weight=18, favorite=1, was_fuzzed=1, exec_us=8097, hits=236, map=16, ascii=0, run_time=0:00:02:01)...[0m
[1;94m[*] [0mFuzzing test case #5 (12 total, 0 crashes saved, state: started :-), mode=explore, perf_score=114, weight=18, favorite=1, was_fuzzed=1, exec_us=8097, hits=243, map=16, ascii=0, run_time=0:00:02:02)...[0m
[1;94m[*] [0mFuzzing test case #5 (12 total, 0 crashes saved, state: started :-), mode=explore, perf_score=114, weight=18, favorite=1, was_fuzzed=1, exec_us=8097, hits=255, map=16, ascii=0, run_time=0:00:02:02)...[0m
[1;94m[*] [0mFuzzing test case #12 (14 total, 0 crashes saved, state: started :-), mode=explore, perf_score=0, weight=0, favorite=1, was_fuzzed=0, exec_us=6008, hits=1, map=16, ascii=0, run_time=0:00:02:04)...[0m
[1;94m[*] [0mFuzzing test case #13 (14 total, 0 crashes saved, state: started :-), mode=explore, perf_score=200, weight=22, favorite=1, was_fuzzed=0, exec_us=6275, hits=1, map=16, ascii=0, run_time=0:00:02:04)...[0m
[1;94m[*] [0mFuzzing test case #14 (15 total, 0 crashes saved, state: started :-), mode=explore, perf_score=0, weight=0, favorite=1, was_fuzzed=0, exec_us=6325, hits=2, map=16, ascii=0, run_time=0:00:02:18)...[0m
[1;94m[*] [0mFuzzing test case #5 (15 total, 0 crashes saved, state: started :-), mode=explore, perf_score=114, weight=17, favorite=1, was_fuzzed=1, exec_us=8097, hits=374, map=16, ascii=0, run_time=0:00:02:18)...[0m
[1;94m[*] [0mFuzzing test case #5 (15 total, 0 crashes saved, state: started :-), mode=explore, perf_score=114, weight=17, favorite=1, was_fuzzed=1, exec_us=8097, hits=401, map=16, ascii=0, run_time=0:00:02:19)...[0m
[1;94m[*] [0mFuzzing test case #13 (15 total, 0 crashes saved, state: started :-), mode=explore, perf_score=690, weight=7, favorite=1, was_fuzzed=1, exec_us=6275, hits=4, map=16, ascii=0, run_time=0:00:02:19)...[0m
[?25h[1;91m

+++ Testing aborted programmatically +++
[0m[1;94m[*] [0mStatistics: 28 new corpus items found, 33.01% coverage achieved, 1 crashes saved, 0 timeouts saved, total runtime 0 days, 0 hrs, 2 min, 35 sec[0m
[1;92m[+] [0mWe're done here. Have a nice day!
[0m
[1;94m[*] [0mFuzzing test case #15 (17 total, 0 crashes saved, state: started :-), mode=explore, perf_score=0, weight=0, favorite=1, was_fuzzed=0, exec_us=6507, hits=3, map=16, ascii=0, run_time=0:00:02:40)...[0m
[1;94m[*] [0mFuzzing test case #16 (17 total, 0 crashes saved, state: started :-), mode=explore, perf_score=200, weight=41, favorite=1, was_fuzzed=0, exec_us=6291, hits=1, map=21, ascii=0, run_time=0:00:02:40)...[0m
[1;94m[*] [0mFuzzing test case #17 (19 total, 0 crashes saved, state: started :-), mode=explore, perf_score=0, weight=0, favorite=1, was_fuzzed=0, exec_us=6764, hits=1, map=21, ascii=0, run_time=0:00:02:56)...[0m
[1;94m[*] [0mFuzzing test case #15 (19 total, 0 crashes saved, state: started :-), mode=explore, perf_score=919, weight=7, favorite=1, was_fuzzed=1, exec_us=6507, hits=3, map=16, ascii=0, run_time=0:00:02:56)...[0m
[1;94m[*] [0mFuzzing test case #19 (21 total, 0 crashes saved, state: started :-), mode=explore, perf_score=0, weight=0, favorite=1, was_fuzzed=0, exec_us=6282, hits=10, map=20, ascii=0, run_time=0:00:03:21)...[0m
[1;94m[*] [0mFuzzing test case #5 (21 total, 0 crashes saved, state: started :-), mode=explore, perf_score=114, weight=15, favorite=1, was_fuzzed=1, exec_us=8097, hits=1031, map=16, ascii=0, run_time=0:00:03:21)...[0m
[1;94m[*] [0mFuzzing test case #5 (21 total, 0 crashes saved, state: started :-), mode=explore, perf_score=114, weight=15, favorite=1, was_fuzzed=1, exec_us=8097, hits=1040, map=16, ascii=0, run_time=0:00:03:22)...[0m
[1;94m[*] [0mFuzzing test case #17 (21 total, 0 crashes saved, state: started :-), mode=explore, perf_score=919, weight=11, favorite=1, was_fuzzed=1, exec_us=6764, hits=1, map=21, ascii=0, run_time=0:00:03:22)...[0m
[1;94m[*] [0mFuzzing test case #16 (28 total, 0 crashes saved, state: started :-), mode=explore, perf_score=690, weight=6, favorite=1, was_fuzzed=1, exec_us=6291, hits=15, map=21, ascii=0, run_time=0:00:04:23)...[0m
[1;94m[*] [0mFuzzing test case #28 (30 total, 0 crashes saved, state: started :-), mode=explore, perf_score=0, weight=0, favorite=1, was_fuzzed=0, exec_us=5734, hits=2, map=21, ascii=0, run_time=0:00:04:41)...[0m
[1;94m[*] [0mFuzzing test case #12 (30 total, 0 crashes saved, state: started :-), mode=explore, perf_score=690, weight=6, favorite=1, was_fuzzed=1, exec_us=6008, hits=14, map=16, ascii=0, run_time=0:00:04:41)...[0m
[1;94m[*] [0mFuzzing test case #17 (30 total, 0 crashes saved, state: started :-), mode=explore, perf_score=229, weight=3, favorite=1, was_fuzzed=1, exec_us=6764, hits=286, map=21, ascii=0, run_time=0:00:04:58)...[0m
[1;94m[*] [0mFuzzing test case #12 (30 total, 0 crashes saved, state: started :-), mode=explore, perf_score=690, weight=6, favorite=1, was_fuzzed=1, exec_us=6008, hits=25, map=16, ascii=0, run_time=0:00:04:59)...[0m
[1;94m[*] [0mFuzzing test case #13 (31 total, 0 crashes saved, state: in progress, mode=explore, perf_score=229, weight=5, favorite=1, was_fuzzed=1, exec_us=6275, hits=32, map=16, ascii=0, run_time=0:00:05:05)...[0m
[1;94m[*] [0mFuzzing test case #28 (31 total, 0 crashes saved, state: in progress, mode=explore, perf_score=690, weight=10, favorite=1, was_fuzzed=1, exec_us=5734, hits=12, map=21, ascii=0, run_time=0:00:05:09)...[0m
[1;94m[*] [0mFuzzing test case #35 (42 total, 0 crashes saved, state: in progress, mode=explore, perf_score=0, weight=0, favorite=1, was_fuzzed=0, exec_us=5742, hits=4, map=21, ascii=0, run_time=0:00:05:55)...[0m
[1;94m[*] [0mFuzzing test case #5 (42 total, 0 crashes saved, state: in progress, mode=explore, perf_score=114, weight=22, favorite=1, was_fuzzed=1, exec_us=8097, hits=1898, map=16, ascii=0, run_time=0:00:05:55)...[0m
[1;94m[*] [0mFuzzing test case #5 (42 total, 0 crashes saved, state: in progress, mode=explore, perf_score=114, weight=22, favorite=1, was_fuzzed=1, exec_us=8097, hits=1918, map=16, ascii=0, run_time=0:00:05:55)...[0m
[1;94m[*] [0mFuzzing test case #5 (42 total, 0 crashes saved, state: in progress, mode=explore, perf_score=114, weight=22, favorite=1, was_fuzzed=1, exec_us=8097, hits=1932, map=16, ascii=0, run_time=0:00:05:56)...[0m
[1;94m[*] [0mFuzzing test case #5 (42 total, 0 crashes saved, state: in progress, mode=explore, perf_score=114, weight=22, favorite=1, was_fuzzed=1, exec_us=8097, hits=1955, map=16, ascii=0, run_time=0:00:05:56)...[0m
[1;94m[*] [0mFuzzing test case #1 (42 total, 0 crashes saved, state: in progress, mode=explore, perf_score=114, weight=3, favorite=1, was_fuzzed=1, exec_us=8500, hits=1856, map=17, ascii=0, run_time=0:00:05:56)...[0m
[1;94m[*] [0mFuzzing test case #35 (42 total, 0 crashes saved, state: in progress, mode=explore, perf_score=690, weight=9, favorite=1, was_fuzzed=1, exec_us=5742, hits=5, map=21, ascii=0, run_time=0:00:05:57)...[0m
[1;94m[*] [0mFuzzing test case #15 (44 total, 0 crashes saved, state: in progress, mode=explore, perf_score=690, weight=6, favorite=1, was_fuzzed=1, exec_us=6507, hits=12, map=16, ascii=0, run_time=0:00:06:03)...[0m
[1;94m[*] [0mFuzzing test case #5 (44 total, 0 crashes saved, state: in progress, mode=explore, perf_score=114, weight=23, favorite=1, was_fuzzed=1, exec_us=8097, hits=2206, map=16, ascii=0, run_time=0:00:06:09)...[0m
[1;94m[*] [0mFuzzing test case #5 (44 total, 0 crashes saved, state: in progress, mode=explore, perf_score=114, weight=23, favorite=1, was_fuzzed=1, exec_us=8097, hits=2230, map=16, ascii=0, run_time=0:00:06:09)...[0m
[1;94m[*] [0mFuzzing test case #14 (44 total, 0 crashes saved, state: in progress, mode=explore, perf_score=459, weight=5, favorite=1, was_fuzzed=1, exec_us=6325, hits=21, map=16, ascii=0, run_time=0:00:06:09)...[0m
[1;94m[*] [0mFuzzing test case #19 (46 total, 0 crashes saved, state: in progress, mode=explore, perf_score=459, weight=13, favorite=1, was_fuzzed=1, exec_us=6282, hits=20, map=20, ascii=0, run_time=0:00:06:14)...[0m
[1;94m[*] [0mFuzzing test case #5 (47 total, 0 crashes saved, state: in progress, mode=explore, perf_score=114, weight=24, favorite=1, was_fuzzed=1, exec_us=8097, hits=2360, map=16, ascii=0, run_time=0:00:06:22)...[0m
[1;94m[*] [0mFuzzing test case #5 (47 total, 0 crashes saved, state: in progress, mode=explore, perf_score=114, weight=24, favorite=1, was_fuzzed=1, exec_us=8097, hits=2372, map=16, ascii=0, run_time=0:00:06:22)...[0m
[1;94m[*] [0mFuzzing test case #28 (47 total, 0 crashes saved, state: in progress, mode=explore, perf_score=229, weight=7, favorite=1, was_fuzzed=1, exec_us=5734, hits=261, map=21, ascii=0, run_time=0:00:06:22)...[0m
[1;94m[*] [0mFuzzing test case #19 (48 total, 0 crashes saved, state: in progress, mode=explore, perf_score=229, weight=11, favorite=1, was_fuzzed=1, exec_us=6282, hits=72, map=20, ascii=0, run_time=0:00:06:24)...[0m
[1;94m[*] [0mFuzzing test case #35 (48 total, 0 crashes saved, state: in progress, mode=explore, perf_score=690, weight=7, favorite=1, was_fuzzed=1, exec_us=5742, hits=15, map=21, ascii=0, run_time=0:00:06:26)...[0m
[1;94m[*] [0mFuzzing test case #13 (49 total, 0 crashes saved, state: in progress, mode=explore, perf_score=229, weight=5, favorite=1, was_fuzzed=1, exec_us=6275, hits=39, map=16, ascii=0, run_time=0:00:06:32)...[0m
[1;94m[*] [0mFuzzing test case #15 (49 total, 0 crashes saved, state: in progress, mode=explore, perf_score=459, weight=5, favorite=1, was_fuzzed=1, exec_us=6507, hits=31, map=16, ascii=0, run_time=0:00:06:34)...[0m
[1;94m[*] [0mFuzzing test case #5 (49 total, 0 crashes saved, state: in progress, mode=explore, perf_score=114, weight=24, favorite=1, was_fuzzed=1, exec_us=8097, hits=2650, map=16, ascii=0, run_time=0:00:06:38)...[0m
[1;94m[*] [0mFuzzing test case #5 (49 total, 0 crashes saved, state: in progress, mode=explore, perf_score=114, weight=24, favorite=1, was_fuzzed=1, exec_us=8097, hits=2658, map=16, ascii=0, run_time=0:00:06:38)...[0m
[1;94m[*] [0mFuzzing test case #35 (49 total, 0 crashes saved, state: in progress, mode=explore, perf_score=229, weight=6, favorite=1, was_fuzzed=1, exec_us=5742, hits=65, map=21, ascii=0, run_time=0:00:06:38)...[0m
[1;94m[*] [0mFuzzing test case #5 (49 total, 0 crashes saved, state: in progress, mode=explore, perf_score=114, weight=24, favorite=1, was_fuzzed=1, exec_us=8097, hits=2673, map=16, ascii=0, run_time=0:00:06:40)...[0m
[1;94m[*] [0mFuzzing test case #5 (49 total, 0 crashes saved, state: in progress, mode=explore, perf_score=114, weight=24, favorite=1, was_fuzzed=1, exec_us=8097, hits=2680, map=16, ascii=0, run_time=0:00:06:41)...[0m
[1;94m[*] [0mFuzzing test case #5 (49 total, 0 crashes saved, state: in progress, mode=explore, perf_score=114, weight=24, favorite=1, was_fuzzed=1, exec_us=8097, hits=2711, map=16, ascii=0, run_time=0:00:06:41)...[0m
[1;94m[*] [0mFuzzing test case #38 (49 total, 0 crashes saved, state: in progress, mode=explore, perf_score=200, weight=2, favorite=0, was_fuzzed=0, exec_us=5790, hits=2, map=22, ascii=0, run_time=0:00:06:41)...[0m
[1;94m[*] [0mFuzzing test case #12 (49 total, 0 crashes saved, state: in progress, mode=explore, perf_score=229, weight=5, favorite=1, was_fuzzed=1, exec_us=6008, hits=83, map=16, ascii=0, run_time=0:00:06:43)...[0m
[1;94m[*] [0mFuzzing test case #5 (49 total, 0 crashes saved, state: in progress, mode=explore, perf_score=114, weight=24, favorite=1, was_fuzzed=1, exec_us=8097, hits=2790, map=16, ascii=0, run_time=0:00:06:45)...[0m
[1;94m[*] [0mEntering queue cycle 2.[0m
[1;94m[*] [0mFuzzing test case #15 (49 total, 0 crashes saved, state: in progress, mode=explore, perf_score=229, weight=5, favorite=1, was_fuzzed=1, exec_us=6507, hits=55, map=16, ascii=0, run_time=0:00:06:45)...[0m
[1;94m[*] [0mFuzzing test case #19 (49 total, 0 crashes saved, state: in progress, mode=explore, perf_score=229, weight=11, favorite=1, was_fuzzed=1, exec_us=6282, hits=97, map=20, ascii=0, run_time=0:00:06:50)...[0m
[1;94m[*] [0mFuzzing test case #5 (49 total, 0 crashes saved, state: in progress, mode=explore, perf_score=114, weight=24, favorite=1, was_fuzzed=1, exec_us=8097, hits=2885, map=16, ascii=0, run_time=0:00:06:52)...[0m
[1;94m[*] [0mFuzzing test case #19 (49 total, 0 crashes saved, state: in progress, mode=explore, perf_score=229, weight=11, favorite=1, was_fuzzed=1, exec_us=6282, hits=106, map=20, ascii=0, run_time=0:00:06:52)...[0m
[1;94m[*] [0mFuzzing test case #17 (49 total, 0 crashes saved, state: in progress, mode=explore, perf_score=229, weight=4, favorite=1, was_fuzzed=1, exec_us=6764, hits=304, map=21, ascii=0, run_time=0:00:06:54)...[0m
[1;94m[*] [0mFuzzing test case #12 (49 total, 0 crashes saved, state: in progress, mode=explore, perf_score=229, weight=5, favorite=1, was_fuzzed=1, exec_us=6008, hits=88, map=16, ascii=0, run_time=0:00:06:56)...[0m
[1;94m[*] [0mFuzzing test case #20 (49 total, 0 crashes saved, state: in progress, mode=explore, perf_score=200, weight=1, favorite=0, was_fuzzed=0, exec_us=6287, hits=149, map=18, ascii=0, run_time=0:00:06:58)...[0m
[1;94m[*] [0mFuzzing test case #5 (49 total, 0 crashes saved, state: in progress, mode=explore, perf_score=114, weight=24, favorite=1, was_fuzzed=1, exec_us=8097, hits=3039, map=16, ascii=0, run_time=0:00:06:59)...[0m
[1;94m[*] [0mFuzzing test case #5 (49 total, 0 crashes saved, state: in progress, mode=explore, perf_score=114, weight=24, favorite=1, was_fuzzed=1, exec_us=8097, hits=3051, map=16, ascii=0, run_time=0:00:07:00)...[0m
[1;94m[*] [0mFuzzing test case #13 (49 total, 0 crashes saved, state: in progress, mode=explore, perf_score=229, weight=5, favorite=1, was_fuzzed=1, exec_us=6275, hits=47, map=16, ascii=0, run_time=0:00:07:00)...[0m
[1;94m[*] [0mFuzzing test case #5 (49 total, 0 crashes saved, state: in progress, mode=explore, perf_score=114, weight=24, favorite=1, was_fuzzed=1, exec_us=8097, hits=3104, map=16, ascii=0, run_time=0:00:07:02)...[0m
[1;94m[*] [0mFuzzing test case #1 (49 total, 0 crashes saved, state: in progress, mode=explore, perf_score=114, weight=4, favorite=1, was_fuzzed=1, exec_us=8500, hits=2060, map=17, ascii=0, run_time=0:00:07:02)...[0m
[1;94m[*] [0mFuzzing test case #5 (49 total, 0 crashes saved, state: in progress, mode=explore, perf_score=114, weight=24, favorite=1, was_fuzzed=1, exec_us=8097, hits=3113, map=16, ascii=0, run_time=0:00:07:02)...[0m
[1;94m[*] [0mFuzzing test case #35 (49 total, 0 crashes saved, state: in progress, mode=explore, perf_score=229, weight=6, favorite=1, was_fuzzed=1, exec_us=5742, hits=80, map=21, ascii=0, run_time=0:00:07:03)...[0m
[1;94m[*] [0mFuzzing test case #15 (49 total, 0 crashes saved, state: in progress, mode=explore, perf_score=229, weight=5, favorite=1, was_fuzzed=1, exec_us=6507, hits=66, map=16, ascii=0, run_time=0:00:07:05)...[0m
[1;94m[*] [0mFuzzing test case #5 (49 total, 0 crashes saved, state: in progress, mode=explore, perf_score=114, weight=24, favorite=1, was_fuzzed=1, exec_us=8097, hits=3225, map=16, ascii=0, run_time=0:00:07:07)...[0m
[1;94m[*] [0mFuzzing test case #19 (49 total, 0 crashes saved, state: in progress, mode=explore, perf_score=229, weight=11, favorite=1, was_fuzzed=1, exec_us=6282, hits=115, map=20, ascii=0, run_time=0:00:07:07)...[0m
[1;94m[*] [0mFuzzing test case #12 (49 total, 0 crashes saved, state: in progress, mode=explore, perf_score=229, weight=5, favorite=1, was_fuzzed=1, exec_us=6008, hits=103, map=16, ascii=0, run_time=0:00:07:09)...[0m
[1;94m[*] [0mFuzzing test case #35 (49 total, 0 crashes saved, state: in progress, mode=explore, perf_score=229, weight=6, favorite=1, was_fuzzed=1, exec_us=5742, hits=91, map=21, ascii=0, run_time=0:00:07:11)...[0m
[1;94m[*] [0mFuzzing test case #14 (49 total, 0 crashes saved, state: in progress, mode=explore, perf_score=229, weight=5, favorite=1, was_fuzzed=1, exec_us=6325, hits=52, map=16, ascii=0, run_time=0:00:07:13)...[0m
[1;94m[*] [0mFuzzing test case #25 (49 total, 0 crashes saved, state: in progress, mode=explore, perf_score=200, weight=1, favorite=0, was_fuzzed=0, exec_us=5525, hits=15, map=19, ascii=0, run_time=0:00:07:16)...[0m
[1;94m[*] [0mFuzzing test case #15 (50 total, 0 crashes saved, state: in progress, mode=explore, perf_score=229, weight=5, favorite=1, was_fuzzed=1, exec_us=6507, hits=73, map=16, ascii=0, run_time=0:00:07:19)...[0m
[1;94m[*] [0mFuzzing test case #5 (50 total, 0 crashes saved, state: in progress, mode=explore, perf_score=114, weight=24, favorite=1, was_fuzzed=1, exec_us=8097, hits=3369, map=16, ascii=0, run_time=0:00:07:21)...[0m
[1;94m[*] [0mFuzzing test case #5 (50 total, 0 crashes saved, state: in progress, mode=explore, perf_score=114, weight=24, favorite=1, was_fuzzed=1, exec_us=8097, hits=3380, map=16, ascii=0, run_time=0:00:07:21)...[0m
[1;94m[*] [0mFuzzing test case #5 (50 total, 0 crashes saved, state: in progress, mode=explore, perf_score=114, weight=24, favorite=1, was_fuzzed=1, exec_us=8097, hits=3406, map=16, ascii=0, run_time=0:00:07:21)...[0m
[1;94m[*] [0mFuzzing test case #19 (50 total, 0 crashes saved, state: in progress, mode=explore, perf_score=229, weight=11, favorite=1, was_fuzzed=1, exec_us=6282, hits=122, map=20, ascii=0, run_time=0:00:07:22)...[0m
[1;94m[*] [0mFuzzing test case #12 (50 total, 0 crashes saved, state: in progress, mode=explore, perf_score=229, weight=5, favorite=1, was_fuzzed=1, exec_us=6008, hits=106, map=16, ascii=0, run_time=0:00:07:24)...[0m
[1;94m[*] [0mFuzzing test case #5 (50 total, 0 crashes saved, state: in progress, mode=explore, perf_score=114, weight=24, favorite=1, was_fuzzed=1, exec_us=8097, hits=3478, map=16, ascii=0, run_time=0:00:07:25)...[0m
[1;94m[*] [0mFuzzing test case #5 (50 total, 0 crashes saved, state: in progress, mode=explore, perf_score=114, weight=24, favorite=1, was_fuzzed=1, exec_us=8097, hits=3486, map=16, ascii=0, run_time=0:00:07:26)...[0m
[1;94m[*] [0mFuzzing test case #19 (50 total, 0 crashes saved, state: in progress, mode=explore, perf_score=229, weight=11, favorite=1, was_fuzzed=1, exec_us=6282, hits=129, map=20, ascii=0, run_time=0:00:07:26)...[0m
[1;94m[*] [0mFuzzing test case #1 (50 total, 0 crashes saved, state: in progress, mode=explore, perf_score=114, weight=4, favorite=1, was_fuzzed=1, exec_us=8500, hits=2177, map=17, ascii=0, run_time=0:00:07:28)...[0m
[1;94m[*] [0mFuzzing test case #12 (50 total, 0 crashes saved, state: in progress, mode=explore, perf_score=229, weight=5, favorite=1, was_fuzzed=1, exec_us=6008, hits=120, map=16, ascii=0, run_time=0:00:07:28)...[0m
[1;94m[*] [0mFuzzing test case #28 (50 total, 0 crashes saved, state: in progress, mode=explore, perf_score=229, weight=8, favorite=1, was_fuzzed=1, exec_us=5734, hits=277, map=21, ascii=0, run_time=0:00:07:30)...[0m
[1;94m[*] [0mFuzzing test case #35 (50 total, 0 crashes saved, state: in progress, mode=explore, perf_score=229, weight=5, favorite=1, was_fuzzed=1, exec_us=5742, hits=96, map=21, ascii=0, run_time=0:00:07:32)...[0m
[1;94m[*] [0mFuzzing test case #19 (50 total, 0 crashes saved, state: in progress, mode=explore, perf_score=229, weight=11, favorite=1, was_fuzzed=1, exec_us=6282, hits=137, map=20, ascii=0, run_time=0:00:07:34)...[0m
[1;94m[*] [0mFuzzing test case #17 (50 total, 0 crashes saved, state: in progress, mode=explore, perf_score=229, weight=4, favorite=1, was_fuzzed=1, exec_us=6764, hits=315, map=21, ascii=0, run_time=0:00:07:35)...[0m
[1;94m[*] [0mFuzzing test case #12 (50 total, 0 crashes saved, state: in progress, mode=explore, perf_score=229, weight=5, favorite=1, was_fuzzed=1, exec_us=6008, hits=131, map=16, ascii=0, run_time=0:00:07:37)...[0m
[1;94m[*] [0mFuzzing test case #15 (50 total, 0 crashes saved, state: in progress, mode=explore, perf_score=229, weight=5, favorite=1, was_fuzzed=1, exec_us=6507, hits=76, map=16, ascii=0, run_time=0:00:07:43)...[0m
[1;94m[*] [0mFuzzing test case #15 (50 total, 0 crashes saved, state: in progress, mode=explore, perf_score=229, weight=5, favorite=1, was_fuzzed=1, exec_us=6507, hits=84, map=16, ascii=0, run_time=0:00:07:44)...[0m
[1;94m[*] [0mFuzzing test case #14 (50 total, 0 crashes saved, state: in progress, mode=explore, perf_score=229, weight=5, favorite=1, was_fuzzed=1, exec_us=6325, hits=58, map=16, ascii=0, run_time=0:00:07:46)...[0m
[1;94m[*] [0mFuzzing test case #15 (50 total, 0 crashes saved, state: in progress, mode=explore, perf_score=229, weight=5, favorite=1, was_fuzzed=1, exec_us=6507, hits=85, map=16, ascii=0, run_time=0:00:07:47)...[0m
[1;94m[*] [0mFuzzing test case #19 (50 total, 0 crashes saved, state: in progress, mode=explore, perf_score=229, weight=11, favorite=1, was_fuzzed=1, exec_us=6282, hits=169, map=20, ascii=0, run_time=0:00:07:49)...[0m
[1;94m[*] [0mFuzzing test case #5 (50 total, 0 crashes saved, state: in progress, mode=explore, perf_score=114, weight=24, favorite=1, was_fuzzed=1, exec_us=8097, hits=3904, map=16, ascii=0, run_time=0:00:07:51)...[0m
[1;94m[*] [0mFuzzing test case #5 (50 total, 0 crashes saved, state: in progress, mode=explore, perf_score=114, weight=24, favorite=1, was_fuzzed=1, exec_us=8097, hits=3925, map=16, ascii=0, run_time=0:00:07:51)...[0m
[1;94m[*] [0mFuzzing test case #14 (50 total, 0 crashes saved, state: in progress, mode=explore, perf_score=229, weight=5, favorite=1, was_fuzzed=1, exec_us=6325, hits=64, map=16, ascii=0, run_time=0:00:07:51)...[0m
[1;94m[*] [0mFuzzing test case #28 (50 total, 0 crashes saved, state: in progress, mode=explore, perf_score=229, weight=8, favorite=1, was_fuzzed=1, exec_us=5734, hits=282, map=21, ascii=0, run_time=0:00:07:53)...[0m
[1;94m[*] [0mFuzzing test case #19 (50 total, 0 crashes saved, state: in progress, mode=explore, perf_score=229, weight=11, favorite=1, was_fuzzed=1, exec_us=6282, hits=192, map=20, ascii=0, run_time=0:00:07:55)...[0m
[1;94m[*] [0mFuzzing test case #12 (50 total, 0 crashes saved, state: in progress, mode=explore, perf_score=229, weight=5, favorite=1, was_fuzzed=1, exec_us=6008, hits=141, map=16, ascii=0, run_time=0:00:07:56)...[0m
[1;94m[*] [0mFuzzing test case #5 (50 total, 0 crashes saved, state: in progress, mode=explore, perf_score=114, weight=24, favorite=1, was_fuzzed=1, exec_us=8097, hits=4055, map=16, ascii=0, run_time=0:00:07:58)...[0m
[1;94m[*] [0mFuzzing test case #5 (50 total, 0 crashes saved, state: in progress, mode=explore, perf_score=114, weight=24, favorite=1, was_fuzzed=1, exec_us=8097, hits=4072, map=16, ascii=0, run_time=0:00:07:58)...[0m
[1;94m[*] [0mFuzzing test case #39 (50 total, 0 crashes saved, state: in progress, mode=explore, perf_score=200, weight=1, favorite=0, was_fuzzed=0, exec_us=5757, hits=27, map=18, ascii=0, run_time=0:00:07:58)...[0m
[1;94m[*] [0mFuzzing test case #5 (51 total, 0 crashes saved, state: in progress, mode=explore, perf_score=114, weight=24, favorite=1, was_fuzzed=1, exec_us=8097, hits=4092, map=16, ascii=0, run_time=0:00:08:00)...[0m
[1;94m[*] [0mFuzzing test case #19 (51 total, 0 crashes saved, state: in progress, mode=explore, perf_score=229, weight=10, favorite=1, was_fuzzed=1, exec_us=6282, hits=201, map=20, ascii=0, run_time=0:00:08:01)...[0m
[1;94m[*] [0mEntering queue cycle 3.[0m
[1;94m[*] [0mFuzzing test case #5 (51 total, 0 crashes saved, state: in progress, mode=explore, perf_score=114, weight=24, favorite=1, was_fuzzed=1, exec_us=8097, hits=4119, map=16, ascii=0, run_time=0:00:08:02)...[0m
[1;94m[*] [0mFuzzing test case #35 (51 total, 0 crashes saved, state: in progress, mode=explore, perf_score=229, weight=5, favorite=1, was_fuzzed=1, exec_us=5742, hits=118, map=21, ascii=0, run_time=0:00:08:03)...[0m
[1;94m[*] [0mFuzzing test case #51 (52 total, 0 crashes saved, state: in progress, mode=explore, perf_score=0, weight=0, favorite=1, was_fuzzed=0, exec_us=5055, hits=1, map=22, ascii=0, run_time=0:00:08:04)...[0m
[1;94m[*] [0mFuzzing test case #12 (52 total, 0 crashes saved, state: in progress, mode=explore, perf_score=229, weight=4, favorite=1, was_fuzzed=1, exec_us=6008, hits=149, map=16, ascii=0, run_time=0:00:08:05)...[0m
[1;94m[*] [0mFuzzing test case #5 (52 total, 0 crashes saved, state: in progress, mode=explore, perf_score=114, weight=24, favorite=1, was_fuzzed=1, exec_us=8097, hits=4215, map=16, ascii=0, run_time=0:00:08:06)...[0m
[1;94m[*] [0mFuzzing test case #51 (52 total, 0 crashes saved, state: in progress, mode=explore, perf_score=2760, weight=19, favorite=1, was_fuzzed=1, exec_us=5055, hits=1, map=22, ascii=0, run_time=0:00:08:06)...[0m
[1;94m[*] [0mFuzzing test case #54 (57 total, 0 crashes saved, state: in progress, mode=explore, perf_score=0, weight=0, favorite=1, was_fuzzed=0, exec_us=4698, hits=15, map=22, ascii=0, run_time=0:00:08:48)...[0m
[1;94m[*] [0mFuzzing test case #53 (57 total, 0 crashes saved, state: in progress, mode=explore, perf_score=600, weight=33, favorite=1, was_fuzzed=0, exec_us=4495, hits=2, map=24, ascii=0, run_time=0:00:08:48)...[0m
[1;94m[*] [0mFuzzing test case #55 (57 total, 0 crashes saved, state: in progress, mode=explore, perf_score=600, weight=2, favorite=0, was_fuzzed=0, exec_us=4893, hits=1, map=21, ascii=0, run_time=0:00:08:52)...[0m
[1;94m[*] [0mFuzzing test case #59 (60 total, 0 crashes saved, state: in progress, mode=explore, perf_score=0, weight=0, favorite=1, was_fuzzed=0, exec_us=4761, hits=1, map=21, ascii=0, run_time=0:00:09:07)...[0m
[1;94m[*] [0mFuzzing test case #28 (60 total, 0 crashes saved, state: in progress, mode=explore, perf_score=229, weight=8, favorite=1, was_fuzzed=1, exec_us=5734, hits=291, map=21, ascii=0, run_time=0:00:09:07)...[0m
[1;94m[*] [0mFuzzing test case #14 (60 total, 0 crashes saved, state: in progress, mode=explore, perf_score=229, weight=5, favorite=1, was_fuzzed=1, exec_us=6325, hits=71, map=16, ascii=0, run_time=0:00:09:09)...[0m
[1;94m[*] [0mFuzzing test case #1 (60 total, 0 crashes saved, state: in progress, mode=explore, perf_score=86, weight=4, favorite=1, was_fuzzed=1, exec_us=8500, hits=2361, map=17, ascii=0, run_time=0:00:09:10)...[0m
[1;94m[*] [0mFuzzing test case #19 (60 total, 0 crashes saved, state: in progress, mode=explore, perf_score=229, weight=10, favorite=1, was_fuzzed=1, exec_us=6282, hits=206, map=20, ascii=0, run_time=0:00:09:10)...[0m
[1;94m[*] [0mFuzzing test case #1 (60 total, 0 crashes saved, state: in progress, mode=explore, perf_score=86, weight=4, favorite=1, was_fuzzed=1, exec_us=8500, hits=2379, map=17, ascii=0, run_time=0:00:09:12)...[0m
[1;94m[*] [0mFuzzing test case #28 (60 total, 0 crashes saved, state: in progress, mode=explore, perf_score=229, weight=8, favorite=1, was_fuzzed=1, exec_us=5734, hits=294, map=21, ascii=0, run_time=0:00:09:12)...[0m
[1;94m[*] [0mFuzzing test case #5 (60 total, 0 crashes saved, state: in progress, mode=explore, perf_score=114, weight=24, favorite=1, was_fuzzed=1, exec_us=8097, hits=4378, map=16, ascii=0, run_time=0:00:09:13)...[0m
[1;94m[*] [0mFuzzing test case #51 (60 total, 0 crashes saved, state: in progress, mode=explore, perf_score=345, weight=6, favorite=1, was_fuzzed=1, exec_us=5055, hits=166, map=22, ascii=0, run_time=0:00:09:14)...[0m
[1;94m[*] [0mFuzzing test case #12 (60 total, 0 crashes saved, state: in progress, mode=explore, perf_score=229, weight=4, favorite=1, was_fuzzed=1, exec_us=6008, hits=162, map=16, ascii=0, run_time=0:00:09:16)...[0m
[1;94m[*] [0mFuzzing test case #26 (60 total, 0 crashes saved, state: in progress, mode=explore, perf_score=200, weight=1, favorite=0, was_fuzzed=0, exec_us=5679, hits=47, map=22, ascii=0, run_time=0:00:09:17)...[0m
[1;94m[*] [0mFuzzing test case #28 (60 total, 0 crashes saved, state: in progress, mode=explore, perf_score=229, weight=8, favorite=1, was_fuzzed=1, exec_us=5734, hits=304, map=21, ascii=0, run_time=0:00:09:19)...[0m
[1;94m[*] [0mFuzzing test case #12 (60 total, 0 crashes saved, state: in progress, mode=explore, perf_score=229, weight=4, favorite=1, was_fuzzed=1, exec_us=6008, hits=171, map=16, ascii=0, run_time=0:00:09:20)...[0m
[1;94m[*] [0mFuzzing test case #13 (60 total, 0 crashes saved, state: in progress, mode=explore, perf_score=229, weight=5, favorite=1, was_fuzzed=1, exec_us=6275, hits=54, map=16, ascii=0, run_time=0:00:09:21)...[0m
[1;94m[*] [0mFuzzing test case #54 (60 total, 0 crashes saved, state: in progress, mode=explore, perf_score=1035, weight=9, favorite=1, was_fuzzed=1, exec_us=4698, hits=19, map=22, ascii=0, run_time=0:00:09:23)...[0m
[1;94m[*] [0mFuzzing test case #5 (61 total, 0 crashes saved, state: in progress, mode=explore, perf_score=114, weight=24, favorite=1, was_fuzzed=1, exec_us=8097, hits=4593, map=16, ascii=0, run_time=0:00:09:31)...[0m
[1;94m[*] [0mFuzzing test case #15 (61 total, 0 crashes saved, state: in progress, mode=explore, perf_score=229, weight=4, favorite=1, was_fuzzed=1, exec_us=6507, hits=91, map=16, ascii=0, run_time=0:00:09:32)...[0m
[1;94m[*] [0mFuzzing test case #45 (61 total, 0 crashes saved, state: in progress, mode=explore, perf_score=200, weight=1, favorite=0, was_fuzzed=0, exec_us=5696, hits=12, map=21, ascii=0, run_time=0:00:09:33)...[0m
[1;94m[*] [0mFuzzing test case #5 (61 total, 0 crashes saved, state: in progress, mode=explore, perf_score=114, weight=24, favorite=1, was_fuzzed=1, exec_us=8097, hits=4675, map=16, ascii=0, run_time=0:00:09:34)...[0m
[1;94m[*] [0mFuzzing test case #17 (61 total, 0 crashes saved, state: in progress, mode=explore, perf_score=229, weight=4, favorite=1, was_fuzzed=1, exec_us=6764, hits=352, map=21, ascii=0, run_time=0:00:09:35)...[0m
[1;94m[*] [0mFuzzing test case #15 (61 total, 0 crashes saved, state: in progress, mode=explore, perf_score=229, weight=4, favorite=1, was_fuzzed=1, exec_us=6507, hits=98, map=16, ascii=0, run_time=0:00:09:36)...[0m
[1;94m[*] [0mFuzzing test case #19 (61 total, 0 crashes saved, state: in progress, mode=explore, perf_score=229, weight=10, favorite=1, was_fuzzed=1, exec_us=6282, hits=227, map=20, ascii=0, run_time=0:00:09:37)...[0m
[1;94m[*] [0mFuzzing test case #5 (61 total, 0 crashes saved, state: in progress, mode=explore, perf_score=114, weight=24, favorite=1, was_fuzzed=1, exec_us=8097, hits=4746, map=16, ascii=0, run_time=0:00:09:39)...[0m
[1;94m[*] [0mFuzzing test case #54 (61 total, 0 crashes saved, state: in progress, mode=explore, perf_score=345, weight=7, favorite=1, was_fuzzed=1, exec_us=4698, hits=88, map=22, ascii=0, run_time=0:00:09:39)...[0m
[1;94m[*] [0mFuzzing test case #5 (61 total, 0 crashes saved, state: in progress, mode=explore, perf_score=114, weight=24, favorite=1, was_fuzzed=1, exec_us=8097, hits=4768, map=16, ascii=0, run_time=0:00:09:41)...[0m
[1;94m[*] [0mFuzzing test case #5 (61 total, 0 crashes saved, state: in progress, mode=explore, perf_score=114, weight=24, favorite=1, was_fuzzed=1, exec_us=8097, hits=4790, map=16, ascii=0, run_time=0:00:09:41)...[0m
[1;94m[*] [0mFuzzing test case #5 (61 total, 0 crashes saved, state: in progress, mode=explore, perf_score=114, weight=24, favorite=1, was_fuzzed=1, exec_us=8097, hits=4796, map=16, ascii=0, run_time=0:00:09:42)...[0m
[1;94m[*] [0mFuzzing test case #54 (61 total, 0 crashes saved, state: in progress, mode=explore, perf_score=345, weight=7, favorite=1, was_fuzzed=1, exec_us=4698, hits=96, map=22, ascii=0, run_time=0:00:09:42)...[0m
[1;94m[*] [0mFuzzing test case #54 (61 total, 0 crashes saved, state: in progress, mode=explore, perf_score=345, weight=7, favorite=1, was_fuzzed=1, exec_us=4698, hits=123, map=22, ascii=0, run_time=0:00:09:44)...[0m
[1;94m[*] [0mFuzzing test case #12 (61 total, 0 crashes saved, state: in progress, mode=explore, perf_score=229, weight=4, favorite=1, was_fuzzed=1, exec_us=6008, hits=195, map=16, ascii=0, run_time=0:00:09:46)...[0m
[1;94m[*] [0mFuzzing test case #5 (61 total, 0 crashes saved, state: in progress, mode=explore, perf_score=114, weight=24, favorite=1, was_fuzzed=1, exec_us=8097, hits=4864, map=16, ascii=0, run_time=0:00:09:47)...[0m
[1;94m[*] [0mFuzzing test case #28 (61 total, 0 crashes saved, state: in progress, mode=explore, perf_score=229, weight=8, favorite=1, was_fuzzed=1, exec_us=5734, hits=316, map=21, ascii=0, run_time=0:00:09:48)...[0m
[1;94m[*] [0mFuzzing test case #13 (61 total, 0 crashes saved, state: in progress, mode=explore, perf_score=229, weight=5, favorite=1, was_fuzzed=1, exec_us=6275, hits=64, map=16, ascii=0, run_time=0:00:09:49)...[0m
[1;94m[*] [0mFuzzing test case #15 (61 total, 0 crashes saved, state: in progress, mode=explore, perf_score=229, weight=4, favorite=1, was_fuzzed=1, exec_us=6507, hits=98, map=16, ascii=0, run_time=0:00:09:50)...[0m
[1;94m[*] [0mFuzzing test case #59 (61 total, 0 crashes saved, state: in progress, mode=explore, perf_score=1035, weight=11, favorite=1, was_fuzzed=1, exec_us=4761, hits=8, map=21, ascii=0, run_time=0:00:09:52)...[0m
[1;94m[*] [0mFuzzing test case #68 (70 total, 0 crashes saved, state: in progress, mode=explore, perf_score=0, weight=0, favorite=1, was_fuzzed=0, exec_us=4252, hits=1, map=22, ascii=0, run_time=0:00:10:15)...[0m
[1;94m[*] [0mFuzzing test case #62 (70 total, 0 crashes saved, state: in progress, mode=explore, perf_score=600, weight=30, favorite=1, was_fuzzed=0, exec_us=4242, hits=2, map=21, ascii=0, run_time=0:00:10:15)...[0m
[1;94m[*] [0mFuzzing test case #67 (71 total, 0 crashes saved, state: in progress, mode=explore, perf_score=600, weight=27, favorite=1, was_fuzzed=0, exec_us=4819, hits=2, map=22, ascii=0, run_time=0:00:10:19)...[0m
[1;94m[*] [0mFuzzing test case #71 (86 total, 0 crashes saved, state: in progress, mode=explore, perf_score=0, weight=0, favorite=1, was_fuzzed=0, exec_us=4350, hits=1, map=20, ascii=0, run_time=0:00:10:48)...[0m
[1;94m[*] [0mFuzzing test case #63 (86 total, 0 crashes saved, state: in progress, mode=explore, perf_score=600, weight=25, favorite=1, was_fuzzed=0, exec_us=4480, hits=4, map=21, ascii=0, run_time=0:00:10:48)...[0m
[1;94m[*] [0mFuzzing test case #73 (89 total, 0 crashes saved, state: in progress, mode=explore, perf_score=600, weight=27, favorite=1, was_fuzzed=0, exec_us=4613, hits=3, map=24, ascii=0, run_time=0:00:10:54)...[0m
[1;94m[*] [0mFuzzing test case #66 (91 total, 0 crashes saved, state: in progress, mode=explore, perf_score=600, weight=40, favorite=1, was_fuzzed=0, exec_us=4415, hits=1, map=21, ascii=0, run_time=0:00:10:59)...[0m
[1;94m[*] [0mFuzzing test case #70 (91 total, 0 crashes saved, state: in progress, mode=explore, perf_score=600, weight=27, favorite=1, was_fuzzed=0, exec_us=4691, hits=3, map=24, ascii=0, run_time=0:00:11:03)...[0m
[1;94m[*] [0mFuzzing test case #88 (91 total, 0 crashes saved, state: in progress, mode=explore, perf_score=600, weight=45, favorite=1, was_fuzzed=0, exec_us=4058, hits=1, map=23, ascii=0, run_time=0:00:11:07)...[0m
[1;94m[*] [0mFuzzing test case #62 (91 total, 0 crashes saved, state: in progress, mode=explore, perf_score=345, weight=7, favorite=1, was_fuzzed=1, exec_us=4242, hits=81, map=21, ascii=0, run_time=0:00:11:12)...[0m
[1;94m[*] [0mFuzzing test case #91 (92 total, 0 crashes saved, state: in progress, mode=explore, perf_score=0, weight=0, favorite=1, was_fuzzed=0, exec_us=2096, hits=1, map=21, ascii=0, run_time=0:00:11:15)...[0m
[1;94m[*] [0mFuzzing test case #47 (92 total, 0 crashes saved, state: in progress, mode=explore, perf_score=200, weight=1, favorite=0, was_fuzzed=0, exec_us=5434, hits=14, map=18, ascii=0, run_time=0:00:11:15)...[0m
[1;94m[*] [0mFuzzing test case #91 (92 total, 0 crashes saved, state: in progress, mode=explore, perf_score=4140, weight=94, favorite=1, was_fuzzed=1, exec_us=2096, hits=1, map=21, ascii=0, run_time=0:00:11:16)...[0m
[?25h[1;91m

+++ Testing aborted programmatically +++
[0m[1;94m[*] [0mStatistics: 92 new corpus items found, 48.54% coverage achieved, 1 crashes saved, 0 timeouts saved, total runtime 0 days, 0 hrs, 11 min, 17 sec[0m
[1;92m[+] [0mWe're done here. Have a nice day!
[0m
