JOB timestamp: Mon Dec 18 15:28:05 MST 2023
JOB ID: 121629
Array Task ID: 18
Current directory: /lfs/koff9454.ui/projects/plc_runtime_fuzzer/code_analysis/src
r3i4n10
gcc (Spack GCC) 12.1.0
Copyright (C) 2022 Free Software Foundation, Inc.
This is free software; see the source for copying conditions.  There is NO
warranty; not even for MERCHANTABILITY or FITNESS FOR A PARTICULAR PURPOSE.

Python 3.11.5
/lfs/koff9454.ui/miniconda3/envs/plc/bin/python
matiec version 0.1
changeset id: 
Number of programs: 3
Programs: condition_1 condition_2 condition_3
Fuzzing program: condition_1, Job ID: 18
input dir exist, skipping
harness file exist, skipping
Running the fuzzers
Workdir: "/lfs/koff9454.ui/projects/plc_runtime_fuzzer/code_analysis/src/programs/condition/condition_1/runs/run-18"
Out dir at "fuzzer-outdir" already exists.
Let's fuzz :)
[1;92m[+] [0mEnabled environment variable AFL_BENCH_UNTIL_CRASH with value 1[0m
[1;92m[+] [0mEnabled environment variable AFL_IGNORE_SEED_PROBLEMS with value 1[0m
[1;92m[+] [0mEnabled environment variable AFL_I_DONT_CARE_ABOUT_MISSING_CRASHES with value 1[0m
[1;92m[+] [0mEnabled environment variable AFL_SKIP_CPUFREQ with value 1[0m
[1;92m[+] [0mEnabled environment variable AFL_TRY_AFFINITY with value 1[0m
[1;93m[!] [1;97mWARNING: [0mPotentially mistyped AFL environment variable: USE_PCM_DB=2, did you mean AFL_USE_PCM_DB=2?[0m
[0;36mafl-fuzz++4.09a[0m based on afl by Michal Zalewski and a large online community
[1;92m[+] [0mAFL++ is maintained by Marc "van Hauser" Heuse, Dominik Maier, Andrea Fioraldi and Heiko "hexcoder" Eißfeldt[0m
[1;92m[+] [0mAFL++ is open source, get it at https://github.com/AFLplusplus/AFLplusplus[0m
[1;92m[+] [0mNOTE: AFL++ >= v3 has changed defaults and behaviours - see README.md[0m
[1;92m[+] [0mNo -M/-S set, autoconfiguring for "-S default"[0m
[1;94m[*] [0mGetting to work...[0m
[1;92m[+] [0mUsing exponential power schedule (FAST)[0m
[1;92m[+] [0mEnabled testcache with 50 MB[0m
[1;92m[+] [0mGenerating fuzz data with a length of min=1 max=1048576[0m
[1;94m[*] [0mChecking core_pattern...[0m

[1;91m[-] [0mHmm, your system is configured to send core dump notifications to an
    external utility. This will cause issues: there will be an extended delay
    between stumbling upon a crash and having this information relayed to the
    fuzzer via the standard waitpid() API.
    If you're just testing, set 'AFL_I_DONT_CARE_ABOUT_MISSING_CRASHES=1'.

    To avoid having crashes misinterpreted as timeouts, please log in as root
    and temporarily modify /proc/sys/kernel/core_pattern, like so:

    echo core >/proc/sys/kernel/core_pattern
[1;92m[+] [0mLooks like we're not running on a tty, so I'll be a bit less verbose.[0m
[1;92m[+] [0mYou have 36 CPU cores and 2 runnable tasks (utilization: 6%).[0m
[1;92m[+] [0mTry parallel jobs - see /usr/local/share/doc/afl/fuzzing_in_depth.md#c-using-multiple-cores[0m
[1;94m[*] [0mSetting up output directories...[0m
[1;94m[*] [0mChecking CPU core loadout...[0m
[1;92m[+] [0mFound a free CPU core, try binding to #2.[0m
[1;94m[*] [0mScanning 'our-indir'...[0m
[1;92m[+] [0mLoaded a total of 1 seeds.[0m
[1;94m[*] [0mCreating hard links for all input files...[0m
[1;94m[*] [0mValidating target binary...[0m
[1;94m[*] [0mSpinning up the fork server...[0m
[1;92m[+] [0mAll right - fork server is up.[0m
[1;94m[*] [0mTarget map size: 68[0m
[1;94m[*] [0mNo auto-generated dictionary tokens to reuse.[0m
[1;94m[*] [0mLoading extra dictionary from 'our-inputs.dict' (level 0)...[0m
[1;94m[*] [0mLoaded 88 extra tokens, size range 4 B to 6 B.[0m
[1;92m[+] [0mLoaded a total of 6 extras.[0m
[1;94m[*] [0mAttempting dry run with 'id:000000,time:0,execs:0,orig:variables.txt'...[0m
[1;90m    len = 616, map size = 19, exec speed = 4327 us, hash = 64e735e0cc07a8c6
[0m[1;92m[+] [0mAll test cases processed.[0m
[1;92m[+] [0mHere are some useful stats:

[1;90m    Test case count : [0m1 favored, 0 variable, 0 ignored, 1 total
[1;90m       Bitmap range : [0m19 to 19 bits (average: 19.00 bits)
[1;90m        Exec timing : [0m4327 to 4327 us (average: 4327 us)
[0m
[1;94m[*] [0mNo -t option specified, so I'll use an exec timeout of 40 ms.[0m
[1;92m[+] [0mAll set and ready to roll![0m
[1;94m[*] [0mEntering queue cycle 1.[0m
[1;94m[*] [0mFuzzing test case #0 (1 total, 0 crashes saved, state: started :-), mode=explore, perf_score=0, weight=0, favorite=1, was_fuzzed=0, exec_us=4327, hits=0, map=19, ascii=0, run_time=0:00:00:00)...[0m
[1;92m[+] [0mEnabled environment variable AFL_BENCH_UNTIL_CRASH with value 1[0m
[1;92m[+] [0mEnabled environment variable AFL_IGNORE_SEED_PROBLEMS with value 1[0m
[1;92m[+] [0mEnabled environment variable AFL_I_DONT_CARE_ABOUT_MISSING_CRASHES with value 1[0m
[1;92m[+] [0mEnabled environment variable AFL_SKIP_CPUFREQ with value 1[0m
[1;92m[+] [0mEnabled environment variable AFL_TRY_AFFINITY with value 1[0m
[1;93m[!] [1;97mWARNING: [0mPotentially mistyped AFL environment variable: USE_PCM_DB=2, did you mean AFL_USE_PCM_DB=2?[0m
[0;36mafl-fuzz++4.09a[0m based on afl by Michal Zalewski and a large online community
[1;92m[+] [0mAFL++ is maintained by Marc "van Hauser" Heuse, Dominik Maier, Andrea Fioraldi and Heiko "hexcoder" Eißfeldt[0m
[1;92m[+] [0mAFL++ is open source, get it at https://github.com/AFLplusplus/AFLplusplus[0m
[1;92m[+] [0mNOTE: AFL++ >= v3 has changed defaults and behaviours - see README.md[0m
[1;92m[+] [0mNo -M/-S set, autoconfiguring for "-S default"[0m
[1;94m[*] [0mGetting to work...[0m
[1;92m[+] [0mUsing exponential power schedule (FAST)[0m
[1;92m[+] [0mEnabled testcache with 50 MB[0m
[1;92m[+] [0mGenerating fuzz data with a length of min=1 max=1048576[0m
[1;94m[*] [0mChecking core_pattern...[0m

[1;91m[-] [0mHmm, your system is configured to send core dump notifications to an
    external utility. This will cause issues: there will be an extended delay
    between stumbling upon a crash and having this information relayed to the
    fuzzer via the standard waitpid() API.
    If you're just testing, set 'AFL_I_DONT_CARE_ABOUT_MISSING_CRASHES=1'.

    To avoid having crashes misinterpreted as timeouts, please log in as root
    and temporarily modify /proc/sys/kernel/core_pattern, like so:

    echo core >/proc/sys/kernel/core_pattern
[1;92m[+] [0mLooks like we're not running on a tty, so I'll be a bit less verbose.[0m
[1;92m[+] [0mYou have 36 CPU cores and 5 runnable tasks (utilization: 14%).[0m
[1;92m[+] [0mTry parallel jobs - see /usr/local/share/doc/afl/fuzzing_in_depth.md#c-using-multiple-cores[0m
[1;94m[*] [0mSetting up output directories...[0m
[1;94m[*] [0mChecking CPU core loadout...[0m
[1;92m[+] [0mFound a free CPU core, try binding to #10.[0m
[1;94m[*] [0mScanning 'afl-indir'...[0m
[1;92m[+] [0mLoaded a total of 1 seeds.[0m
[1;94m[*] [0mCreating hard links for all input files...[0m
[1;94m[*] [0mValidating target binary...[0m
[1;94m[*] [0mSpinning up the fork server...[0m
[1;92m[+] [0mAll right - fork server is up.[0m
[1;94m[*] [0mTarget map size: 68[0m
[1;94m[*] [0mNo auto-generated dictionary tokens to reuse.[0m
[1;94m[*] [0mLoading extra dictionary from 'afl-inputs.dict' (level 0)...[0m
[1;94m[*] [0mLoaded 88 extra tokens, size range 4 B to 6 B.[0m
[1;92m[+] [0mLoaded a total of 6 extras.[0m
[1;94m[*] [0mAttempting dry run with 'id:000000,time:0,execs:0,orig:testcase.txt'...[0m
[1;90m    len = 3, map size = 18, exec speed = 5420 us, hash = dcecfe8b41bb142f
[0m[1;92m[+] [0mAll test cases processed.[0m
[1;92m[+] [0mHere are some useful stats:

[1;90m    Test case count : [0m1 favored, 0 variable, 0 ignored, 1 total
[1;90m       Bitmap range : [0m18 to 18 bits (average: 18.00 bits)
[1;90m        Exec timing : [0m5420 to 5420 us (average: 5420 us)
[0m
[1;94m[*] [0mNo -t option specified, so I'll use an exec timeout of 40 ms.[0m
[1;92m[+] [0mAll set and ready to roll![0m
[1;94m[*] [0mEntering queue cycle 1.[0m
[1;94m[*] [0mFuzzing test case #0 (1 total, 0 crashes saved, state: started :-), mode=explore, perf_score=0, weight=0, favorite=1, was_fuzzed=0, exec_us=5420, hits=0, map=18, ascii=0, run_time=0:00:00:00)...[0m
[1;94m[*] [0mFuzzing test case #0 (1 total, 0 crashes saved, state: started :-), mode=explore, perf_score=459, weight=10, favorite=1, was_fuzzed=1, exec_us=5420, hits=0, map=18, ascii=0, run_time=0:00:00:00)...[0m
[1;94m[*] [0mFuzzing test case #3 (10 total, 0 crashes saved, state: started :-), mode=explore, perf_score=0, weight=0, favorite=1, was_fuzzed=0, exec_us=2341, hits=332, map=19, ascii=0, run_time=0:00:01:18)...[0m
[1;94m[*] [0mFuzzing test case #2 (10 total, 0 crashes saved, state: started :-), mode=explore, perf_score=100, weight=8, favorite=1, was_fuzzed=0, exec_us=5186, hits=14, map=18, ascii=0, run_time=0:00:01:18)...[0m
[1;94m[*] [0mFuzzing test case #11 (13 total, 0 crashes saved, state: started :-), mode=explore, perf_score=0, weight=0, favorite=1, was_fuzzed=0, exec_us=1246, hits=1, map=18, ascii=0, run_time=0:00:01:19)...[0m
[1;94m[*] [0mFuzzing test case #10 (13 total, 0 crashes saved, state: started :-), mode=explore, perf_score=300, weight=40, favorite=1, was_fuzzed=0, exec_us=1230, hits=5, map=20, ascii=0, run_time=0:00:01:19)...[0m
[?25h[1;91m

+++ Testing aborted programmatically +++
[0m[1;94m[*] [0mStatistics: 22 new corpus items found, 44.12% coverage achieved, 1 crashes saved, 0 timeouts saved, total runtime 0 days, 0 hrs, 1 min, 49 sec[0m
[1;92m[+] [0mWe're done here. Have a nice day!
[0m
[1;94m[*] [0mFuzzing test case #18 (21 total, 0 crashes saved, state: started :-), mode=explore, perf_score=0, weight=0, favorite=1, was_fuzzed=0, exec_us=1196, hits=5, map=20, ascii=0, run_time=0:00:02:20)...[0m
[1;94m[*] [0mFuzzing test case #16 (21 total, 0 crashes saved, state: started :-), mode=explore, perf_score=300, weight=43, favorite=1, was_fuzzed=0, exec_us=1222, hits=2, map=20, ascii=0, run_time=0:00:02:20)...[0m
[1;94m[*] [0mFuzzing test case #15 (22 total, 0 crashes saved, state: started :-), mode=explore, perf_score=300, weight=26, favorite=1, was_fuzzed=0, exec_us=1192, hits=17, map=20, ascii=0, run_time=0:00:02:45)...[0m
[1;94m[*] [0mFuzzing test case #11 (22 total, 0 crashes saved, state: started :-), mode=explore, perf_score=690, weight=241, favorite=1, was_fuzzed=1, exec_us=1246, hits=1, map=18, ascii=0, run_time=0:00:02:46)...[0m
[1;94m[*] [0mFuzzing test case #22 (25 total, 0 crashes saved, state: started :-), mode=explore, perf_score=0, weight=0, favorite=1, was_fuzzed=0, exec_us=1160, hits=5, map=20, ascii=0, run_time=0:00:02:50)...[0m
[1;94m[*] [0mFuzzing test case #24 (25 total, 0 crashes saved, state: started :-), mode=explore, perf_score=300, weight=54, favorite=1, was_fuzzed=0, exec_us=1148, hits=1, map=20, ascii=0, run_time=0:00:02:50)...[0m
[1;94m[*] [0mFuzzing test case #11 (25 total, 0 crashes saved, state: started :-), mode=explore, perf_score=517, weight=110, favorite=1, was_fuzzed=1, exec_us=1246, hits=9, map=18, ascii=0, run_time=0:00:03:11)...[0m
[1;94m[*] [0mFuzzing test case #11 (25 total, 0 crashes saved, state: started :-), mode=explore, perf_score=517, weight=110, favorite=1, was_fuzzed=1, exec_us=1246, hits=29, map=18, ascii=0, run_time=0:00:03:13)...[0m
[1;94m[*] [0mFuzzing test case #24 (25 total, 0 crashes saved, state: started :-), mode=explore, perf_score=1035, weight=31, favorite=1, was_fuzzed=1, exec_us=1148, hits=5, map=20, ascii=0, run_time=0:00:03:15)...[0m
[1;94m[*] [0mFuzzing test case #11 (25 total, 0 crashes saved, state: started :-), mode=explore, perf_score=517, weight=110, favorite=1, was_fuzzed=1, exec_us=1246, hits=83, map=18, ascii=0, run_time=0:00:03:38)...[0m
[1;94m[*] [0mFuzzing test case #24 (25 total, 0 crashes saved, state: started :-), mode=explore, perf_score=1035, weight=31, favorite=1, was_fuzzed=1, exec_us=1148, hits=116, map=20, ascii=0, run_time=0:00:03:39)...[0m
[1;94m[*] [0mFuzzing test case #11 (28 total, 0 crashes saved, state: started :-), mode=explore, perf_score=172, weight=74, favorite=1, was_fuzzed=1, exec_us=1246, hits=101, map=18, ascii=0, run_time=0:00:04:06)...[0m
[1;94m[*] [0mFuzzing test case #11 (29 total, 0 crashes saved, state: started :-), mode=explore, perf_score=172, weight=74, favorite=1, was_fuzzed=1, exec_us=1246, hits=106, map=18, ascii=0, run_time=0:00:04:06)...[0m
[1;94m[*] [0mFuzzing test case #24 (29 total, 0 crashes saved, state: started :-), mode=explore, perf_score=345, weight=16, favorite=1, was_fuzzed=1, exec_us=1148, hits=195, map=20, ascii=0, run_time=0:00:04:07)...[0m
[1;94m[*] [0mFuzzing test case #29 (30 total, 0 crashes saved, state: started :-), mode=explore, perf_score=0, weight=0, favorite=1, was_fuzzed=0, exec_us=1152, hits=1, map=20, ascii=0, run_time=0:00:04:08)...[0m
[1;94m[*] [0mFuzzing test case #16 (30 total, 0 crashes saved, state: started :-), mode=explore, perf_score=345, weight=8, favorite=1, was_fuzzed=1, exec_us=1222, hits=103, map=20, ascii=0, run_time=0:00:04:08)...[0m
[1;94m[*] [0mFuzzing test case #24 (30 total, 0 crashes saved, state: started :-), mode=explore, perf_score=345, weight=15, favorite=1, was_fuzzed=1, exec_us=1148, hits=273, map=20, ascii=0, run_time=0:00:04:10)...[0m
[1;94m[*] [0mFuzzing test case #18 (30 total, 0 crashes saved, state: started :-), mode=explore, perf_score=690, weight=11, favorite=1, was_fuzzed=1, exec_us=1196, hits=22, map=20, ascii=0, run_time=0:00:04:34)...[0m
[1;94m[*] [0mFuzzing test case #22 (30 total, 0 crashes saved, state: started :-), mode=explore, perf_score=690, weight=11, favorite=1, was_fuzzed=1, exec_us=1160, hits=28, map=20, ascii=0, run_time=0:00:04:36)...[0m
[1;94m[*] [0mFuzzing test case #11 (32 total, 0 crashes saved, state: started :-), mode=explore, perf_score=172, weight=73, favorite=1, was_fuzzed=1, exec_us=1246, hits=116, map=18, ascii=0, run_time=0:00:04:39)...[0m
[1;94m[*] [0mFuzzing test case #15 (32 total, 0 crashes saved, state: started :-), mode=explore, perf_score=345, weight=9, favorite=1, was_fuzzed=1, exec_us=1192, hits=76, map=20, ascii=0, run_time=0:00:04:39)...[0m
[1;94m[*] [0mFuzzing test case #11 (33 total, 0 crashes saved, state: started :-), mode=explore, perf_score=172, weight=73, favorite=1, was_fuzzed=1, exec_us=1246, hits=131, map=18, ascii=0, run_time=0:00:04:59)...[0m
[1;94m[*] [0mFuzzing test case #33 (34 total, 0 crashes saved, state: in progress, mode=explore, perf_score=0, weight=0, favorite=1, was_fuzzed=0, exec_us=1136, hits=1, map=23, ascii=0, run_time=0:00:05:00)...[0m
[1;94m[*] [0mFuzzing test case #15 (34 total, 0 crashes saved, state: in progress, mode=explore, perf_score=345, weight=8, favorite=1, was_fuzzed=1, exec_us=1192, hits=111, map=20, ascii=0, run_time=0:00:05:00)...[0m
[1;94m[*] [0mFuzzing test case #11 (35 total, 0 crashes saved, state: in progress, mode=explore, perf_score=172, weight=71, favorite=1, was_fuzzed=1, exec_us=1246, hits=136, map=18, ascii=0, run_time=0:00:05:01)...[0m
[1;94m[*] [0mFuzzing test case #22 (35 total, 0 crashes saved, state: in progress, mode=explore, perf_score=345, weight=9, favorite=1, was_fuzzed=1, exec_us=1160, hits=64, map=20, ascii=0, run_time=0:00:05:02)...[0m
[1;94m[*] [0mFuzzing test case #11 (35 total, 0 crashes saved, state: in progress, mode=explore, perf_score=172, weight=71, favorite=1, was_fuzzed=1, exec_us=1246, hits=145, map=18, ascii=0, run_time=0:00:05:03)...[0m
[1;94m[*] [0mFuzzing test case #33 (35 total, 0 crashes saved, state: in progress, mode=explore, perf_score=1380, weight=26, favorite=1, was_fuzzed=1, exec_us=1136, hits=1, map=23, ascii=0, run_time=0:00:05:04)...[0m
[1;94m[*] [0mFuzzing test case #36 (38 total, 0 crashes saved, state: in progress, mode=explore, perf_score=0, weight=0, favorite=1, was_fuzzed=0, exec_us=1111, hits=11, map=21, ascii=0, run_time=0:00:05:40)...[0m
[1;94m[*] [0mFuzzing test case #15 (38 total, 0 crashes saved, state: in progress, mode=explore, perf_score=345, weight=7, favorite=1, was_fuzzed=1, exec_us=1192, hits=133, map=20, ascii=0, run_time=0:00:05:40)...[0m
[1;94m[*] [0mFuzzing test case #11 (38 total, 0 crashes saved, state: in progress, mode=explore, perf_score=172, weight=70, favorite=1, was_fuzzed=1, exec_us=1246, hits=158, map=18, ascii=0, run_time=0:00:06:05)...[0m
[1;94m[*] [0mFuzzing test case #11 (38 total, 0 crashes saved, state: in progress, mode=explore, perf_score=172, weight=70, favorite=1, was_fuzzed=1, exec_us=1246, hits=168, map=18, ascii=0, run_time=0:00:06:06)...[0m
[1;94m[*] [0mFuzzing test case #11 (38 total, 0 crashes saved, state: in progress, mode=explore, perf_score=172, weight=70, favorite=1, was_fuzzed=1, exec_us=1246, hits=172, map=18, ascii=0, run_time=0:00:06:06)...[0m
[1;94m[*] [0mFuzzing test case #22 (39 total, 0 crashes saved, state: in progress, mode=explore, perf_score=345, weight=8, favorite=1, was_fuzzed=1, exec_us=1160, hits=114, map=20, ascii=0, run_time=0:00:06:07)...[0m
[1;94m[*] [0mFuzzing test case #3 (40 total, 0 crashes saved, state: in progress, mode=explore, perf_score=114, weight=4, favorite=1, was_fuzzed=1, exec_us=2341, hits=1472, map=19, ascii=0, run_time=0:00:06:08)...[0m
[1;94m[*] [0mFuzzing test case #11 (41 total, 0 crashes saved, state: in progress, mode=explore, perf_score=114, weight=70, favorite=1, was_fuzzed=1, exec_us=1246, hits=183, map=18, ascii=0, run_time=0:00:06:09)...[0m
[1;94m[*] [0mFuzzing test case #11 (41 total, 0 crashes saved, state: in progress, mode=explore, perf_score=114, weight=70, favorite=1, was_fuzzed=1, exec_us=1246, hits=187, map=18, ascii=0, run_time=0:00:06:09)...[0m
[1;94m[*] [0mFuzzing test case #11 (42 total, 0 crashes saved, state: in progress, mode=explore, perf_score=114, weight=70, favorite=1, was_fuzzed=1, exec_us=1246, hits=200, map=18, ascii=0, run_time=0:00:06:09)...[0m
[1;94m[*] [0mFuzzing test case #11 (42 total, 0 crashes saved, state: in progress, mode=explore, perf_score=114, weight=70, favorite=1, was_fuzzed=1, exec_us=1246, hits=209, map=18, ascii=0, run_time=0:00:06:10)...[0m
[1;94m[*] [0mFuzzing test case #24 (42 total, 0 crashes saved, state: in progress, mode=explore, perf_score=345, weight=15, favorite=1, was_fuzzed=1, exec_us=1148, hits=326, map=20, ascii=0, run_time=0:00:06:10)...[0m
[1;94m[*] [0mFuzzing test case #11 (42 total, 0 crashes saved, state: in progress, mode=explore, perf_score=114, weight=70, favorite=1, was_fuzzed=1, exec_us=1246, hits=221, map=18, ascii=0, run_time=0:00:06:11)...[0m
[1;94m[*] [0mFuzzing test case #29 (42 total, 0 crashes saved, state: in progress, mode=explore, perf_score=1380, weight=16, favorite=1, was_fuzzed=1, exec_us=1152, hits=3, map=20, ascii=0, run_time=0:00:06:35)...[0m
[1;94m[*] [0mFuzzing test case #24 (44 total, 0 crashes saved, state: in progress, mode=explore, perf_score=345, weight=15, favorite=1, was_fuzzed=1, exec_us=1148, hits=339, map=20, ascii=0, run_time=0:00:06:42)...[0m
[1;94m[*] [0mFuzzing test case #11 (44 total, 0 crashes saved, state: in progress, mode=explore, perf_score=114, weight=68, favorite=1, was_fuzzed=1, exec_us=1246, hits=298, map=18, ascii=0, run_time=0:00:06:54)...[0m
[1;94m[*] [0mFuzzing test case #28 (45 total, 0 crashes saved, state: in progress, mode=explore, perf_score=200, weight=1, favorite=0, was_fuzzed=0, exec_us=1163, hits=32, map=20, ascii=0, run_time=0:00:06:55)...[0m
[1;94m[*] [0mFuzzing test case #15 (45 total, 0 crashes saved, state: in progress, mode=explore, perf_score=229, weight=7, favorite=1, was_fuzzed=1, exec_us=1192, hits=177, map=20, ascii=0, run_time=0:00:07:13)...[0m
[1;94m[*] [0mFuzzing test case #33 (46 total, 0 crashes saved, state: in progress, mode=explore, perf_score=345, weight=6, favorite=1, was_fuzzed=1, exec_us=1136, hits=1575, map=23, ascii=0, run_time=0:00:07:14)...[0m
[1;94m[*] [0mFuzzing test case #11 (46 total, 0 crashes saved, state: in progress, mode=explore, perf_score=114, weight=69, favorite=1, was_fuzzed=1, exec_us=1246, hits=300, map=18, ascii=0, run_time=0:00:07:15)...[0m
[1;94m[*] [0mFuzzing test case #39 (46 total, 0 crashes saved, state: in progress, mode=explore, perf_score=200, weight=1, favorite=0, was_fuzzed=0, exec_us=1175, hits=102, map=23, ascii=0, run_time=0:00:07:16)...[0m
[1;94m[*] [0mEntering queue cycle 2.[0m
[1;94m[*] [0mFuzzing test case #16 (46 total, 0 crashes saved, state: in progress, mode=explore, perf_score=229, weight=7, favorite=1, was_fuzzed=1, exec_us=1222, hits=154, map=20, ascii=0, run_time=0:00:07:16)...[0m
[1;94m[*] [0mFuzzing test case #11 (46 total, 0 crashes saved, state: in progress, mode=explore, perf_score=114, weight=69, favorite=1, was_fuzzed=1, exec_us=1246, hits=317, map=18, ascii=0, run_time=0:00:07:17)...[0m
[1;94m[*] [0mFuzzing test case #11 (46 total, 0 crashes saved, state: in progress, mode=explore, perf_score=114, weight=69, favorite=1, was_fuzzed=1, exec_us=1246, hits=320, map=18, ascii=0, run_time=0:00:07:18)...[0m
[1;94m[*] [0mFuzzing test case #33 (46 total, 0 crashes saved, state: in progress, mode=explore, perf_score=345, weight=6, favorite=1, was_fuzzed=1, exec_us=1136, hits=1641, map=23, ascii=0, run_time=0:00:07:18)...[0m
[1;94m[*] [0mFuzzing test case #22 (46 total, 0 crashes saved, state: in progress, mode=explore, perf_score=229, weight=7, favorite=1, was_fuzzed=1, exec_us=1160, hits=193, map=20, ascii=0, run_time=0:00:07:19)...[0m
[1;94m[*] [0mFuzzing test case #29 (46 total, 0 crashes saved, state: in progress, mode=explore, perf_score=229, weight=8, favorite=1, was_fuzzed=1, exec_us=1152, hits=85, map=20, ascii=0, run_time=0:00:07:39)...[0m
[1;94m[*] [0mFuzzing test case #33 (47 total, 0 crashes saved, state: in progress, mode=explore, perf_score=229, weight=6, favorite=1, was_fuzzed=1, exec_us=1136, hits=1697, map=23, ascii=0, run_time=0:00:07:39)...[0m
[1;94m[*] [0mFuzzing test case #29 (47 total, 0 crashes saved, state: in progress, mode=explore, perf_score=229, weight=8, favorite=1, was_fuzzed=1, exec_us=1152, hits=85, map=20, ascii=0, run_time=0:00:07:40)...[0m
[1;94m[*] [0mFuzzing test case #22 (47 total, 0 crashes saved, state: in progress, mode=explore, perf_score=229, weight=7, favorite=1, was_fuzzed=1, exec_us=1160, hits=223, map=20, ascii=0, run_time=0:00:07:41)...[0m
[1;94m[*] [0mFuzzing test case #3 (47 total, 0 crashes saved, state: in progress, mode=explore, perf_score=114, weight=4, favorite=1, was_fuzzed=1, exec_us=2341, hits=1628, map=19, ascii=0, run_time=0:00:07:42)...[0m
[1;94m[*] [0mFuzzing test case #11 (47 total, 0 crashes saved, state: in progress, mode=explore, perf_score=114, weight=69, favorite=1, was_fuzzed=1, exec_us=1246, hits=336, map=18, ascii=0, run_time=0:00:07:42)...[0m
[1;94m[*] [0mFuzzing test case #15 (47 total, 0 crashes saved, state: in progress, mode=explore, perf_score=229, weight=7, favorite=1, was_fuzzed=1, exec_us=1192, hits=206, map=20, ascii=0, run_time=0:00:07:42)...[0m
[1;94m[*] [0mFuzzing test case #18 (47 total, 0 crashes saved, state: in progress, mode=explore, perf_score=229, weight=9, favorite=1, was_fuzzed=1, exec_us=1196, hits=57, map=20, ascii=0, run_time=0:00:07:43)...[0m
[1;94m[*] [0mFuzzing test case #16 (47 total, 0 crashes saved, state: in progress, mode=explore, perf_score=229, weight=7, favorite=1, was_fuzzed=1, exec_us=1222, hits=177, map=20, ascii=0, run_time=0:00:07:44)...[0m
[1;94m[*] [0mFuzzing test case #24 (47 total, 0 crashes saved, state: in progress, mode=explore, perf_score=229, weight=15, favorite=1, was_fuzzed=1, exec_us=1148, hits=366, map=20, ascii=0, run_time=0:00:07:45)...[0m
[1;94m[*] [0mFuzzing test case #11 (47 total, 0 crashes saved, state: in progress, mode=explore, perf_score=114, weight=69, favorite=1, was_fuzzed=1, exec_us=1246, hits=344, map=18, ascii=0, run_time=0:00:07:46)...[0m
[1;94m[*] [0mFuzzing test case #15 (47 total, 0 crashes saved, state: in progress, mode=explore, perf_score=229, weight=7, favorite=1, was_fuzzed=1, exec_us=1192, hits=213, map=20, ascii=0, run_time=0:00:08:04)...[0m
[1;94m[*] [0mFuzzing test case #11 (47 total, 0 crashes saved, state: in progress, mode=explore, perf_score=114, weight=69, favorite=1, was_fuzzed=1, exec_us=1246, hits=354, map=18, ascii=0, run_time=0:00:08:05)...[0m
[1;94m[*] [0mFuzzing test case #24 (47 total, 0 crashes saved, state: in progress, mode=explore, perf_score=229, weight=15, favorite=1, was_fuzzed=1, exec_us=1148, hits=372, map=20, ascii=0, run_time=0:00:08:05)...[0m
[1;94m[*] [0mFuzzing test case #11 (47 total, 0 crashes saved, state: in progress, mode=explore, perf_score=114, weight=69, favorite=1, was_fuzzed=1, exec_us=1246, hits=358, map=18, ascii=0, run_time=0:00:08:06)...[0m
[1;94m[*] [0mFuzzing test case #15 (47 total, 0 crashes saved, state: in progress, mode=explore, perf_score=229, weight=7, favorite=1, was_fuzzed=1, exec_us=1192, hits=218, map=20, ascii=0, run_time=0:00:08:06)...[0m
[1;94m[*] [0mFuzzing test case #11 (47 total, 0 crashes saved, state: in progress, mode=explore, perf_score=114, weight=69, favorite=1, was_fuzzed=1, exec_us=1246, hits=372, map=18, ascii=0, run_time=0:00:08:07)...[0m
[1;94m[*] [0mFuzzing test case #11 (47 total, 0 crashes saved, state: in progress, mode=explore, perf_score=114, weight=69, favorite=1, was_fuzzed=1, exec_us=1246, hits=374, map=18, ascii=0, run_time=0:00:08:07)...[0m
[1;94m[*] [0mFuzzing test case #15 (48 total, 0 crashes saved, state: in progress, mode=explore, perf_score=229, weight=7, favorite=1, was_fuzzed=1, exec_us=1192, hits=223, map=20, ascii=0, run_time=0:00:08:08)...[0m
[1;94m[*] [0mFuzzing test case #24 (49 total, 0 crashes saved, state: in progress, mode=explore, perf_score=229, weight=15, favorite=1, was_fuzzed=1, exec_us=1148, hits=377, map=20, ascii=0, run_time=0:00:08:09)...[0m
[1;94m[*] [0mFuzzing test case #24 (49 total, 0 crashes saved, state: in progress, mode=explore, perf_score=229, weight=15, favorite=1, was_fuzzed=1, exec_us=1148, hits=396, map=20, ascii=0, run_time=0:00:08:10)...[0m
[1;94m[*] [0mFuzzing test case #11 (49 total, 0 crashes saved, state: in progress, mode=explore, perf_score=114, weight=70, favorite=1, was_fuzzed=1, exec_us=1246, hits=376, map=18, ascii=0, run_time=0:00:08:22)...[0m
[1;94m[*] [0mFuzzing test case #24 (49 total, 0 crashes saved, state: in progress, mode=explore, perf_score=229, weight=15, favorite=1, was_fuzzed=1, exec_us=1148, hits=398, map=20, ascii=0, run_time=0:00:08:22)...[0m
[1;94m[*] [0mFuzzing test case #36 (49 total, 0 crashes saved, state: in progress, mode=explore, perf_score=690, weight=12, favorite=1, was_fuzzed=1, exec_us=1111, hits=15, map=21, ascii=0, run_time=0:00:08:23)...[0m
[1;94m[*] [0mFuzzing test case #11 (49 total, 0 crashes saved, state: in progress, mode=explore, perf_score=114, weight=70, favorite=1, was_fuzzed=1, exec_us=1246, hits=387, map=18, ascii=0, run_time=0:00:08:26)...[0m
[1;94m[*] [0mFuzzing test case #33 (49 total, 0 crashes saved, state: in progress, mode=explore, perf_score=229, weight=6, favorite=1, was_fuzzed=1, exec_us=1136, hits=1720, map=23, ascii=0, run_time=0:00:08:26)...[0m
[1;94m[*] [0mFuzzing test case #24 (49 total, 0 crashes saved, state: in progress, mode=explore, perf_score=229, weight=15, favorite=1, was_fuzzed=1, exec_us=1148, hits=432, map=20, ascii=0, run_time=0:00:08:39)...[0m
[1;94m[*] [0mFuzzing test case #11 (49 total, 0 crashes saved, state: in progress, mode=explore, perf_score=114, weight=70, favorite=1, was_fuzzed=1, exec_us=1246, hits=392, map=18, ascii=0, run_time=0:00:08:40)...[0m
[1;94m[*] [0mFuzzing test case #11 (49 total, 0 crashes saved, state: in progress, mode=explore, perf_score=114, weight=70, favorite=1, was_fuzzed=1, exec_us=1246, hits=405, map=18, ascii=0, run_time=0:00:08:40)...[0m
[1;94m[*] [0mFuzzing test case #33 (49 total, 0 crashes saved, state: in progress, mode=explore, perf_score=229, weight=6, favorite=1, was_fuzzed=1, exec_us=1136, hits=1732, map=23, ascii=0, run_time=0:00:08:40)...[0m
[1;94m[*] [0mFuzzing test case #11 (49 total, 0 crashes saved, state: in progress, mode=explore, perf_score=114, weight=70, favorite=1, was_fuzzed=1, exec_us=1246, hits=410, map=18, ascii=0, run_time=0:00:08:41)...[0m
[1;94m[*] [0mFuzzing test case #11 (49 total, 0 crashes saved, state: in progress, mode=explore, perf_score=114, weight=70, favorite=1, was_fuzzed=1, exec_us=1246, hits=426, map=18, ascii=0, run_time=0:00:08:41)...[0m
[1;94m[*] [0mFuzzing test case #11 (49 total, 0 crashes saved, state: in progress, mode=explore, perf_score=114, weight=70, favorite=1, was_fuzzed=1, exec_us=1246, hits=427, map=18, ascii=0, run_time=0:00:08:42)...[0m
[1;94m[*] [0mFuzzing test case #18 (49 total, 0 crashes saved, state: in progress, mode=explore, perf_score=229, weight=8, favorite=1, was_fuzzed=1, exec_us=1196, hits=65, map=20, ascii=0, run_time=0:00:08:42)...[0m
[1;94m[*] [0mFuzzing test case #11 (49 total, 0 crashes saved, state: in progress, mode=explore, perf_score=114, weight=70, favorite=1, was_fuzzed=1, exec_us=1246, hits=427, map=18, ascii=0, run_time=0:00:08:43)...[0m
[1;94m[*] [0mFuzzing test case #35 (49 total, 0 crashes saved, state: in progress, mode=explore, perf_score=200, weight=1, favorite=0, was_fuzzed=0, exec_us=1170, hits=200, map=23, ascii=0, run_time=0:00:08:43)...[0m
[1;94m[*] [0mFuzzing test case #11 (49 total, 0 crashes saved, state: in progress, mode=explore, perf_score=114, weight=68, favorite=1, was_fuzzed=1, exec_us=1246, hits=434, map=18, ascii=0, run_time=0:00:08:44)...[0m
[1;94m[*] [0mFuzzing test case #18 (49 total, 0 crashes saved, state: in progress, mode=explore, perf_score=229, weight=8, favorite=1, was_fuzzed=1, exec_us=1196, hits=67, map=20, ascii=0, run_time=0:00:08:44)...[0m
[1;94m[*] [0mFuzzing test case #33 (49 total, 0 crashes saved, state: in progress, mode=explore, perf_score=229, weight=6, favorite=1, was_fuzzed=1, exec_us=1136, hits=1753, map=23, ascii=0, run_time=0:00:08:45)...[0m
[1;94m[*] [0mFuzzing test case #24 (49 total, 0 crashes saved, state: in progress, mode=explore, perf_score=229, weight=15, favorite=1, was_fuzzed=1, exec_us=1148, hits=454, map=20, ascii=0, run_time=0:00:08:46)...[0m
[1;94m[*] [0mFuzzing test case #3 (49 total, 0 crashes saved, state: in progress, mode=explore, perf_score=114, weight=4, favorite=1, was_fuzzed=1, exec_us=2341, hits=1881, map=19, ascii=0, run_time=0:00:09:00)...[0m
[1;94m[*] [0mFuzzing test case #11 (49 total, 0 crashes saved, state: in progress, mode=explore, perf_score=114, weight=68, favorite=1, was_fuzzed=1, exec_us=1246, hits=442, map=18, ascii=0, run_time=0:00:09:00)...[0m
[1;94m[*] [0mFuzzing test case #11 (49 total, 0 crashes saved, state: in progress, mode=explore, perf_score=114, weight=68, favorite=1, was_fuzzed=1, exec_us=1246, hits=447, map=18, ascii=0, run_time=0:00:09:01)...[0m
[1;94m[*] [0mFuzzing test case #11 (49 total, 0 crashes saved, state: in progress, mode=explore, perf_score=114, weight=68, favorite=1, was_fuzzed=1, exec_us=1246, hits=449, map=18, ascii=0, run_time=0:00:09:01)...[0m
[1;94m[*] [0mFuzzing test case #11 (49 total, 0 crashes saved, state: in progress, mode=explore, perf_score=114, weight=68, favorite=1, was_fuzzed=1, exec_us=1246, hits=451, map=18, ascii=0, run_time=0:00:09:01)...[0m
[1;94m[*] [0mFuzzing test case #24 (49 total, 0 crashes saved, state: in progress, mode=explore, perf_score=229, weight=15, favorite=1, was_fuzzed=1, exec_us=1148, hits=480, map=20, ascii=0, run_time=0:00:09:02)...[0m
[1;94m[*] [0mEntering queue cycle 3.[0m
[1;94m[*] [0mFuzzing test case #36 (49 total, 0 crashes saved, state: in progress, mode=explore, perf_score=229, weight=9, favorite=1, was_fuzzed=1, exec_us=1111, hits=57, map=21, ascii=0, run_time=0:00:09:02)...[0m
[1;94m[*] [0mFuzzing test case #11 (49 total, 0 crashes saved, state: in progress, mode=explore, perf_score=114, weight=68, favorite=1, was_fuzzed=1, exec_us=1246, hits=455, map=18, ascii=0, run_time=0:00:09:03)...[0m
[1;94m[*] [0mFuzzing test case #11 (49 total, 0 crashes saved, state: in progress, mode=explore, perf_score=114, weight=68, favorite=1, was_fuzzed=1, exec_us=1246, hits=461, map=18, ascii=0, run_time=0:00:09:04)...[0m
[1;94m[*] [0mFuzzing test case #22 (49 total, 0 crashes saved, state: in progress, mode=explore, perf_score=229, weight=7, favorite=1, was_fuzzed=1, exec_us=1160, hits=255, map=20, ascii=0, run_time=0:00:09:04)...[0m
[1;94m[*] [0mFuzzing test case #11 (49 total, 0 crashes saved, state: in progress, mode=explore, perf_score=114, weight=68, favorite=1, was_fuzzed=1, exec_us=1246, hits=478, map=18, ascii=0, run_time=0:00:09:05)...[0m
[1;94m[*] [0mFuzzing test case #36 (49 total, 0 crashes saved, state: in progress, mode=explore, perf_score=229, weight=9, favorite=1, was_fuzzed=1, exec_us=1111, hits=123, map=21, ascii=0, run_time=0:00:09:05)...[0m
[1;94m[*] [0mFuzzing test case #36 (49 total, 0 crashes saved, state: in progress, mode=explore, perf_score=229, weight=9, favorite=1, was_fuzzed=1, exec_us=1111, hits=184, map=21, ascii=0, run_time=0:00:09:06)...[0m
[1;94m[*] [0mFuzzing test case #11 (49 total, 0 crashes saved, state: in progress, mode=explore, perf_score=114, weight=68, favorite=1, was_fuzzed=1, exec_us=1246, hits=485, map=18, ascii=0, run_time=0:00:09:07)...[0m
[1;94m[*] [0mFuzzing test case #29 (49 total, 0 crashes saved, state: in progress, mode=explore, perf_score=229, weight=8, favorite=1, was_fuzzed=1, exec_us=1152, hits=95, map=20, ascii=0, run_time=0:00:09:07)...[0m
[1;94m[*] [0mFuzzing test case #29 (49 total, 0 crashes saved, state: in progress, mode=explore, perf_score=229, weight=8, favorite=1, was_fuzzed=1, exec_us=1152, hits=97, map=20, ascii=0, run_time=0:00:09:21)...[0m
[1;94m[*] [0mFuzzing test case #11 (49 total, 0 crashes saved, state: in progress, mode=explore, perf_score=114, weight=68, favorite=1, was_fuzzed=1, exec_us=1246, hits=502, map=18, ascii=0, run_time=0:00:09:22)...[0m
[1;94m[*] [0mFuzzing test case #11 (49 total, 0 crashes saved, state: in progress, mode=explore, perf_score=114, weight=68, favorite=1, was_fuzzed=1, exec_us=1246, hits=507, map=18, ascii=0, run_time=0:00:09:23)...[0m
[1;94m[*] [0mFuzzing test case #11 (49 total, 0 crashes saved, state: in progress, mode=explore, perf_score=114, weight=68, favorite=1, was_fuzzed=1, exec_us=1246, hits=526, map=18, ascii=0, run_time=0:00:09:23)...[0m
[1;94m[*] [0mFuzzing test case #24 (49 total, 0 crashes saved, state: in progress, mode=explore, perf_score=229, weight=15, favorite=1, was_fuzzed=1, exec_us=1148, hits=499, map=20, ascii=0, run_time=0:00:09:23)...[0m
[1;94m[*] [0mFuzzing test case #3 (49 total, 0 crashes saved, state: in progress, mode=explore, perf_score=114, weight=4, favorite=1, was_fuzzed=1, exec_us=2341, hits=2013, map=19, ascii=0, run_time=0:00:09:24)...[0m
[1;94m[*] [0mFuzzing test case #11 (49 total, 0 crashes saved, state: in progress, mode=explore, perf_score=114, weight=68, favorite=1, was_fuzzed=1, exec_us=1246, hits=532, map=18, ascii=0, run_time=0:00:09:24)...[0m
[1;94m[*] [0mFuzzing test case #11 (49 total, 0 crashes saved, state: in progress, mode=explore, perf_score=114, weight=68, favorite=1, was_fuzzed=1, exec_us=1246, hits=533, map=18, ascii=0, run_time=0:00:09:25)...[0m
[1;94m[*] [0mFuzzing test case #33 (49 total, 0 crashes saved, state: in progress, mode=explore, perf_score=229, weight=6, favorite=1, was_fuzzed=1, exec_us=1136, hits=1785, map=23, ascii=0, run_time=0:00:09:25)...[0m
[1;94m[*] [0mFuzzing test case #11 (49 total, 0 crashes saved, state: in progress, mode=explore, perf_score=114, weight=68, favorite=1, was_fuzzed=1, exec_us=1246, hits=539, map=18, ascii=0, run_time=0:00:09:26)...[0m
[1;94m[*] [0mFuzzing test case #24 (49 total, 0 crashes saved, state: in progress, mode=explore, perf_score=229, weight=15, favorite=1, was_fuzzed=1, exec_us=1148, hits=518, map=20, ascii=0, run_time=0:00:09:26)...[0m
[1;94m[*] [0mFuzzing test case #29 (49 total, 0 crashes saved, state: in progress, mode=explore, perf_score=229, weight=8, favorite=1, was_fuzzed=1, exec_us=1152, hits=109, map=20, ascii=0, run_time=0:00:09:27)...[0m
[1;94m[*] [0mFuzzing test case #3 (49 total, 0 crashes saved, state: in progress, mode=explore, perf_score=114, weight=4, favorite=1, was_fuzzed=1, exec_us=2341, hits=2053, map=19, ascii=0, run_time=0:00:09:28)...[0m
[1;94m[*] [0mFuzzing test case #11 (49 total, 0 crashes saved, state: in progress, mode=explore, perf_score=114, weight=68, favorite=1, was_fuzzed=1, exec_us=1246, hits=562, map=18, ascii=0, run_time=0:00:09:28)...[0m
[1;94m[*] [0mFuzzing test case #15 (49 total, 0 crashes saved, state: in progress, mode=explore, perf_score=229, weight=7, favorite=1, was_fuzzed=1, exec_us=1192, hits=241, map=20, ascii=0, run_time=0:00:09:35)...[0m
[1;94m[*] [0mFuzzing test case #25 (49 total, 0 crashes saved, state: in progress, mode=explore, perf_score=200, weight=1, favorite=0, was_fuzzed=0, exec_us=1136, hits=121, map=23, ascii=0, run_time=0:00:09:36)...[0m
[1;94m[*] [0mFuzzing test case #11 (49 total, 0 crashes saved, state: in progress, mode=explore, perf_score=114, weight=66, favorite=1, was_fuzzed=1, exec_us=1246, hits=564, map=18, ascii=0, run_time=0:00:09:37)...[0m
[1;94m[*] [0mFuzzing test case #11 (49 total, 0 crashes saved, state: in progress, mode=explore, perf_score=114, weight=66, favorite=1, was_fuzzed=1, exec_us=1246, hits=567, map=18, ascii=0, run_time=0:00:09:37)...[0m
[1;94m[*] [0mFuzzing test case #36 (49 total, 0 crashes saved, state: in progress, mode=explore, perf_score=229, weight=8, favorite=1, was_fuzzed=1, exec_us=1111, hits=252, map=21, ascii=0, run_time=0:00:09:37)...[0m
[1;94m[*] [0mFuzzing test case #11 (49 total, 0 crashes saved, state: in progress, mode=explore, perf_score=114, weight=66, favorite=1, was_fuzzed=1, exec_us=1246, hits=574, map=18, ascii=0, run_time=0:00:09:38)...[0m
[1;94m[*] [0mFuzzing test case #33 (49 total, 0 crashes saved, state: in progress, mode=explore, perf_score=229, weight=6, favorite=1, was_fuzzed=1, exec_us=1136, hits=1846, map=23, ascii=0, run_time=0:00:09:38)...[0m
[1;94m[*] [0mFuzzing test case #11 (49 total, 0 crashes saved, state: in progress, mode=explore, perf_score=114, weight=66, favorite=1, was_fuzzed=1, exec_us=1246, hits=583, map=18, ascii=0, run_time=0:00:09:39)...[0m
[1;94m[*] [0mFuzzing test case #11 (49 total, 0 crashes saved, state: in progress, mode=explore, perf_score=114, weight=66, favorite=1, was_fuzzed=1, exec_us=1246, hits=596, map=18, ascii=0, run_time=0:00:09:49)...[0m
[1;94m[*] [0mFuzzing test case #11 (49 total, 0 crashes saved, state: in progress, mode=explore, perf_score=114, weight=66, favorite=1, was_fuzzed=1, exec_us=1246, hits=612, map=18, ascii=0, run_time=0:00:09:49)...[0m
[1;94m[*] [0mFuzzing test case #11 (49 total, 0 crashes saved, state: in progress, mode=explore, perf_score=114, weight=66, favorite=1, was_fuzzed=1, exec_us=1246, hits=630, map=18, ascii=0, run_time=0:00:09:50)...[0m
[1;94m[*] [0mFuzzing test case #11 (49 total, 0 crashes saved, state: in progress, mode=explore, perf_score=114, weight=66, favorite=1, was_fuzzed=1, exec_us=1246, hits=633, map=18, ascii=0, run_time=0:00:09:50)...[0m
[1;94m[*] [0mFuzzing test case #11 (49 total, 0 crashes saved, state: in progress, mode=explore, perf_score=114, weight=66, favorite=1, was_fuzzed=1, exec_us=1246, hits=638, map=18, ascii=0, run_time=0:00:09:50)...[0m
[1;94m[*] [0mFuzzing test case #11 (49 total, 0 crashes saved, state: in progress, mode=explore, perf_score=114, weight=66, favorite=1, was_fuzzed=1, exec_us=1246, hits=641, map=18, ascii=0, run_time=0:00:09:51)...[0m
[1;94m[*] [0mFuzzing test case #22 (49 total, 0 crashes saved, state: in progress, mode=explore, perf_score=229, weight=7, favorite=1, was_fuzzed=1, exec_us=1160, hits=269, map=20, ascii=0, run_time=0:00:09:51)...[0m
[1;94m[*] [0mFuzzing test case #11 (49 total, 0 crashes saved, state: in progress, mode=explore, perf_score=114, weight=66, favorite=1, was_fuzzed=1, exec_us=1246, hits=655, map=18, ascii=0, run_time=0:00:09:52)...[0m
[1;94m[*] [0mFuzzing test case #11 (49 total, 0 crashes saved, state: in progress, mode=explore, perf_score=114, weight=66, favorite=1, was_fuzzed=1, exec_us=1246, hits=658, map=18, ascii=0, run_time=0:00:09:52)...[0m
[1;94m[*] [0mFuzzing test case #33 (49 total, 0 crashes saved, state: in progress, mode=explore, perf_score=229, weight=6, favorite=1, was_fuzzed=1, exec_us=1136, hits=1857, map=23, ascii=0, run_time=0:00:09:53)...[0m
[1;94m[*] [0mFuzzing test case #11 (49 total, 0 crashes saved, state: in progress, mode=explore, perf_score=114, weight=66, favorite=1, was_fuzzed=1, exec_us=1246, hits=676, map=18, ascii=0, run_time=0:00:09:53)...[0m
[1;94m[*] [0mFuzzing test case #16 (49 total, 0 crashes saved, state: in progress, mode=explore, perf_score=229, weight=7, favorite=1, was_fuzzed=1, exec_us=1222, hits=241, map=20, ascii=0, run_time=0:00:09:54)...[0m
[1;94m[*] [0mFuzzing test case #16 (49 total, 0 crashes saved, state: in progress, mode=explore, perf_score=229, weight=7, favorite=1, was_fuzzed=1, exec_us=1222, hits=243, map=20, ascii=0, run_time=0:00:09:55)...[0m
[1;94m[*] [0mFuzzing test case #29 (49 total, 0 crashes saved, state: in progress, mode=explore, perf_score=229, weight=8, favorite=1, was_fuzzed=1, exec_us=1152, hits=113, map=20, ascii=0, run_time=0:00:09:55)...[0m
[1;94m[*] [0mFuzzing test case #3 (49 total, 0 crashes saved, state: in progress, mode=explore, perf_score=114, weight=4, favorite=1, was_fuzzed=1, exec_us=2341, hits=2207, map=19, ascii=0, run_time=0:00:09:56)...[0m
[1;94m[*] [0mFuzzing test case #22 (49 total, 0 crashes saved, state: in progress, mode=explore, perf_score=229, weight=7, favorite=1, was_fuzzed=1, exec_us=1160, hits=285, map=20, ascii=0, run_time=0:00:09:56)...[0m
[1;94m[*] [0mFuzzing test case #11 (52 total, 0 crashes saved, state: in progress, mode=explore, perf_score=114, weight=67, favorite=1, was_fuzzed=1, exec_us=1246, hits=691, map=18, ascii=0, run_time=0:00:10:03)...[0m
[1;94m[*] [0mFuzzing test case #15 (52 total, 0 crashes saved, state: in progress, mode=explore, perf_score=229, weight=7, favorite=1, was_fuzzed=1, exec_us=1192, hits=259, map=20, ascii=0, run_time=0:00:10:03)...[0m
[1;94m[*] [0mFuzzing test case #51 (52 total, 0 crashes saved, state: in progress, mode=explore, perf_score=400, weight=4, favorite=0, was_fuzzed=0, exec_us=1184, hits=1, map=25, ascii=0, run_time=0:00:10:04)...[0m
[1;94m[*] [0mFuzzing test case #15 (64 total, 0 crashes saved, state: in progress, mode=explore, perf_score=229, weight=7, favorite=1, was_fuzzed=1, exec_us=1192, hits=271, map=20, ascii=0, run_time=0:00:10:32)...[0m
[1;94m[*] [0mFuzzing test case #46 (64 total, 0 crashes saved, state: in progress, mode=explore, perf_score=200, weight=1, favorite=0, was_fuzzed=0, exec_us=1135, hits=53, map=23, ascii=0, run_time=0:00:10:33)...[0m
[1;94m[*] [0mFuzzing test case #11 (66 total, 0 crashes saved, state: in progress, mode=explore, perf_score=114, weight=75, favorite=1, was_fuzzed=1, exec_us=1246, hits=691, map=18, ascii=0, run_time=0:00:10:34)...[0m
[1;94m[*] [0mFuzzing test case #24 (66 total, 0 crashes saved, state: in progress, mode=explore, perf_score=229, weight=16, favorite=1, was_fuzzed=1, exec_us=1148, hits=548, map=20, ascii=0, run_time=0:00:10:34)...[0m
[1;94m[*] [0mFuzzing test case #20 (67 total, 0 crashes saved, state: in progress, mode=explore, perf_score=200, weight=1, favorite=0, was_fuzzed=0, exec_us=1186, hits=441, map=21, ascii=0, run_time=0:00:10:35)...[0m
[1;94m[*] [0mFuzzing test case #11 (68 total, 0 crashes saved, state: in progress, mode=explore, perf_score=114, weight=76, favorite=1, was_fuzzed=1, exec_us=1246, hits=694, map=18, ascii=0, run_time=0:00:10:43)...[0m
[1;94m[*] [0mFuzzing test case #33 (68 total, 0 crashes saved, state: in progress, mode=explore, perf_score=229, weight=6, favorite=1, was_fuzzed=1, exec_us=1136, hits=1905, map=23, ascii=0, run_time=0:00:10:43)...[0m
[1;94m[*] [0mFuzzing test case #22 (68 total, 0 crashes saved, state: in progress, mode=explore, perf_score=229, weight=7, favorite=1, was_fuzzed=1, exec_us=1160, hits=304, map=20, ascii=0, run_time=0:00:10:44)...[0m
[1;94m[*] [0mFuzzing test case #36 (68 total, 0 crashes saved, state: in progress, mode=explore, perf_score=229, weight=8, favorite=1, was_fuzzed=1, exec_us=1111, hits=276, map=21, ascii=0, run_time=0:00:10:45)...[0m
[1;94m[*] [0mFuzzing test case #11 (69 total, 0 crashes saved, state: in progress, mode=explore, perf_score=114, weight=77, favorite=1, was_fuzzed=1, exec_us=1246, hits=697, map=18, ascii=0, run_time=0:00:10:46)...[0m
[1;94m[*] [0mFuzzing test case #11 (70 total, 0 crashes saved, state: in progress, mode=explore, perf_score=114, weight=77, favorite=1, was_fuzzed=1, exec_us=1246, hits=709, map=18, ascii=0, run_time=0:00:10:46)...[0m
[1;94m[*] [0mFuzzing test case #11 (71 total, 0 crashes saved, state: in progress, mode=explore, perf_score=114, weight=78, favorite=1, was_fuzzed=1, exec_us=1246, hits=719, map=18, ascii=0, run_time=0:00:10:47)...[0m
[1;94m[*] [0mFuzzing test case #11 (72 total, 0 crashes saved, state: in progress, mode=explore, perf_score=114, weight=78, favorite=1, was_fuzzed=1, exec_us=1246, hits=730, map=18, ascii=0, run_time=0:00:10:47)...[0m
[1;94m[*] [0mFuzzing test case #11 (72 total, 0 crashes saved, state: in progress, mode=explore, perf_score=114, weight=78, favorite=1, was_fuzzed=1, exec_us=1246, hits=737, map=18, ascii=0, run_time=0:00:10:47)...[0m
[1;94m[*] [0mFuzzing test case #11 (72 total, 0 crashes saved, state: in progress, mode=explore, perf_score=114, weight=78, favorite=1, was_fuzzed=1, exec_us=1246, hits=742, map=18, ascii=0, run_time=0:00:10:48)...[0m
[1;94m[*] [0mFuzzing test case #11 (72 total, 0 crashes saved, state: in progress, mode=explore, perf_score=114, weight=78, favorite=1, was_fuzzed=1, exec_us=1246, hits=750, map=18, ascii=0, run_time=0:00:10:48)...[0m
[1;94m[*] [0mFuzzing test case #11 (72 total, 0 crashes saved, state: in progress, mode=explore, perf_score=114, weight=78, favorite=1, was_fuzzed=1, exec_us=1246, hits=752, map=18, ascii=0, run_time=0:00:10:49)...[0m
[1;94m[*] [0mFuzzing test case #11 (72 total, 0 crashes saved, state: in progress, mode=explore, perf_score=114, weight=78, favorite=1, was_fuzzed=1, exec_us=1246, hits=755, map=18, ascii=0, run_time=0:00:10:49)...[0m
[1;94m[*] [0mFuzzing test case #11 (74 total, 0 crashes saved, state: in progress, mode=explore, perf_score=114, weight=79, favorite=1, was_fuzzed=1, exec_us=1246, hits=761, map=18, ascii=0, run_time=0:00:10:49)...[0m
[1;94m[*] [0mFuzzing test case #15 (74 total, 0 crashes saved, state: in progress, mode=explore, perf_score=229, weight=7, favorite=1, was_fuzzed=1, exec_us=1192, hits=283, map=20, ascii=0, run_time=0:00:10:50)...[0m
[1;94m[*] [0mFuzzing test case #36 (75 total, 0 crashes saved, state: in progress, mode=explore, perf_score=229, weight=8, favorite=1, was_fuzzed=1, exec_us=1111, hits=293, map=21, ascii=0, run_time=0:00:10:51)...[0m
[1;94m[*] [0mFuzzing test case #18 (76 total, 0 crashes saved, state: in progress, mode=explore, perf_score=229, weight=8, favorite=1, was_fuzzed=1, exec_us=1196, hits=122, map=20, ascii=0, run_time=0:00:10:51)...[0m
[1;94m[*] [0mFuzzing test case #15 (76 total, 0 crashes saved, state: in progress, mode=explore, perf_score=229, weight=7, favorite=1, was_fuzzed=1, exec_us=1192, hits=291, map=20, ascii=0, run_time=0:00:11:03)...[0m
[1;94m[*] [0mFuzzing test case #36 (76 total, 0 crashes saved, state: in progress, mode=explore, perf_score=229, weight=8, favorite=1, was_fuzzed=1, exec_us=1111, hits=330, map=21, ascii=0, run_time=0:00:11:03)...[0m
[1;94m[*] [0mFuzzing test case #64 (76 total, 0 crashes saved, state: in progress, mode=explore, perf_score=200, weight=2, favorite=0, was_fuzzed=0, exec_us=1122, hits=3, map=23, ascii=0, run_time=0:00:11:04)...[0m
[1;94m[*] [0mFuzzing test case #22 (76 total, 0 crashes saved, state: in progress, mode=explore, perf_score=229, weight=8, favorite=1, was_fuzzed=1, exec_us=1160, hits=345, map=20, ascii=0, run_time=0:00:11:05)...[0m
[1;94m[*] [0mFuzzing test case #18 (77 total, 0 crashes saved, state: in progress, mode=explore, perf_score=229, weight=8, favorite=1, was_fuzzed=1, exec_us=1196, hits=135, map=20, ascii=0, run_time=0:00:11:06)...[0m
[1;94m[*] [0mFuzzing test case #11 (77 total, 0 crashes saved, state: in progress, mode=explore, perf_score=114, weight=81, favorite=1, was_fuzzed=1, exec_us=1246, hits=770, map=18, ascii=0, run_time=0:00:11:07)...[0m
[1;94m[*] [0mFuzzing test case #24 (77 total, 0 crashes saved, state: in progress, mode=explore, perf_score=229, weight=17, favorite=1, was_fuzzed=1, exec_us=1148, hits=553, map=20, ascii=0, run_time=0:00:11:07)...[0m
[1;94m[*] [0mEntering queue cycle 4.[0m
[1;94m[*] [0mFuzzing test case #11 (77 total, 0 crashes saved, state: in progress, mode=explore, perf_score=114, weight=81, favorite=1, was_fuzzed=1, exec_us=1246, hits=780, map=18, ascii=0, run_time=0:00:11:08)...[0m
[1;94m[*] [0mFuzzing test case #11 (77 total, 0 crashes saved, state: in progress, mode=explore, perf_score=114, weight=81, favorite=1, was_fuzzed=1, exec_us=1246, hits=782, map=18, ascii=0, run_time=0:00:11:08)...[0m
[1;94m[*] [0mFuzzing test case #11 (77 total, 0 crashes saved, state: in progress, mode=explore, perf_score=114, weight=81, favorite=1, was_fuzzed=1, exec_us=1246, hits=782, map=18, ascii=0, run_time=0:00:11:08)...[0m
[1;94m[*] [0mFuzzing test case #15 (77 total, 0 crashes saved, state: in progress, mode=explore, perf_score=229, weight=7, favorite=1, was_fuzzed=1, exec_us=1192, hits=300, map=20, ascii=0, run_time=0:00:11:09)...[0m
[1;94m[*] [0mFuzzing test case #29 (77 total, 0 crashes saved, state: in progress, mode=explore, perf_score=229, weight=9, favorite=1, was_fuzzed=1, exec_us=1152, hits=119, map=20, ascii=0, run_time=0:00:11:10)...[0m
[1;94m[*] [0mFuzzing test case #24 (77 total, 0 crashes saved, state: in progress, mode=explore, perf_score=229, weight=17, favorite=1, was_fuzzed=1, exec_us=1148, hits=571, map=20, ascii=0, run_time=0:00:11:10)...[0m
[1;94m[*] [0mFuzzing test case #15 (77 total, 0 crashes saved, state: in progress, mode=explore, perf_score=229, weight=7, favorite=1, was_fuzzed=1, exec_us=1192, hits=322, map=20, ascii=0, run_time=0:00:11:11)...[0m
[1;94m[*] [0mFuzzing test case #11 (77 total, 0 crashes saved, state: in progress, mode=explore, perf_score=114, weight=81, favorite=1, was_fuzzed=1, exec_us=1246, hits=794, map=18, ascii=0, run_time=0:00:11:14)...[0m
[1;94m[*] [0mFuzzing test case #29 (77 total, 0 crashes saved, state: in progress, mode=explore, perf_score=229, weight=9, favorite=1, was_fuzzed=1, exec_us=1152, hits=124, map=20, ascii=0, run_time=0:00:11:14)...[0m
[1;94m[*] [0mFuzzing test case #11 (77 total, 0 crashes saved, state: in progress, mode=explore, perf_score=114, weight=81, favorite=1, was_fuzzed=1, exec_us=1246, hits=804, map=18, ascii=0, run_time=0:00:11:15)...[0m
[1;94m[*] [0mFuzzing test case #24 (77 total, 0 crashes saved, state: in progress, mode=explore, perf_score=229, weight=17, favorite=1, was_fuzzed=1, exec_us=1148, hits=581, map=20, ascii=0, run_time=0:00:11:15)...[0m
[1;94m[*] [0mFuzzing test case #33 (77 total, 0 crashes saved, state: in progress, mode=explore, perf_score=229, weight=7, favorite=1, was_fuzzed=1, exec_us=1136, hits=1983, map=23, ascii=0, run_time=0:00:11:16)...[0m
[1;94m[*] [0mFuzzing test case #11 (77 total, 0 crashes saved, state: in progress, mode=explore, perf_score=114, weight=81, favorite=1, was_fuzzed=1, exec_us=1246, hits=807, map=18, ascii=0, run_time=0:00:11:17)...[0m
[1;94m[*] [0mFuzzing test case #59 (77 total, 0 crashes saved, state: in progress, mode=explore, perf_score=200, weight=1, favorite=0, was_fuzzed=0, exec_us=1153, hits=43, map=26, ascii=0, run_time=0:00:11:17)...[0m
[1;94m[*] [0mFuzzing test case #15 (77 total, 0 crashes saved, state: in progress, mode=explore, perf_score=229, weight=7, favorite=1, was_fuzzed=1, exec_us=1192, hits=339, map=20, ascii=0, run_time=0:00:11:18)...[0m
[1;94m[*] [0mFuzzing test case #24 (77 total, 0 crashes saved, state: in progress, mode=explore, perf_score=229, weight=17, favorite=1, was_fuzzed=1, exec_us=1148, hits=588, map=20, ascii=0, run_time=0:00:11:19)...[0m
[1;94m[*] [0mFuzzing test case #11 (77 total, 0 crashes saved, state: in progress, mode=explore, perf_score=114, weight=81, favorite=1, was_fuzzed=1, exec_us=1246, hits=811, map=18, ascii=0, run_time=0:00:11:20)...[0m
[1;94m[*] [0mFuzzing test case #33 (77 total, 0 crashes saved, state: in progress, mode=explore, perf_score=229, weight=7, favorite=1, was_fuzzed=1, exec_us=1136, hits=1988, map=23, ascii=0, run_time=0:00:11:20)...[0m
[1;94m[*] [0mFuzzing test case #24 (77 total, 0 crashes saved, state: in progress, mode=explore, perf_score=229, weight=17, favorite=1, was_fuzzed=1, exec_us=1148, hits=599, map=20, ascii=0, run_time=0:00:11:27)...[0m
[1;94m[*] [0mFuzzing test case #11 (77 total, 0 crashes saved, state: in progress, mode=explore, perf_score=114, weight=81, favorite=1, was_fuzzed=1, exec_us=1246, hits=817, map=18, ascii=0, run_time=0:00:11:27)...[0m
[1;94m[*] [0mFuzzing test case #29 (77 total, 0 crashes saved, state: in progress, mode=explore, perf_score=229, weight=9, favorite=1, was_fuzzed=1, exec_us=1152, hits=131, map=20, ascii=0, run_time=0:00:11:28)...[0m
[1;94m[*] [0mFuzzing test case #11 (77 total, 0 crashes saved, state: in progress, mode=explore, perf_score=114, weight=81, favorite=1, was_fuzzed=1, exec_us=1246, hits=826, map=18, ascii=0, run_time=0:00:11:29)...[0m
[1;94m[*] [0mFuzzing test case #11 (77 total, 0 crashes saved, state: in progress, mode=explore, perf_score=114, weight=81, favorite=1, was_fuzzed=1, exec_us=1246, hits=846, map=18, ascii=0, run_time=0:00:11:29)...[0m
[1;94m[*] [0mFuzzing test case #11 (77 total, 0 crashes saved, state: in progress, mode=explore, perf_score=114, weight=81, favorite=1, was_fuzzed=1, exec_us=1246, hits=861, map=18, ascii=0, run_time=0:00:11:29)...[0m
[1;94m[*] [0mFuzzing test case #11 (77 total, 0 crashes saved, state: in progress, mode=explore, perf_score=114, weight=81, favorite=1, was_fuzzed=1, exec_us=1246, hits=865, map=18, ascii=0, run_time=0:00:11:30)...[0m
[1;94m[*] [0mFuzzing test case #11 (77 total, 0 crashes saved, state: in progress, mode=explore, perf_score=114, weight=81, favorite=1, was_fuzzed=1, exec_us=1246, hits=871, map=18, ascii=0, run_time=0:00:11:30)...[0m
[1;94m[*] [0mFuzzing test case #11 (78 total, 0 crashes saved, state: in progress, mode=explore, perf_score=114, weight=80, favorite=1, was_fuzzed=1, exec_us=1246, hits=875, map=18, ascii=0, run_time=0:00:11:30)...[0m
[1;94m[*] [0mFuzzing test case #22 (78 total, 0 crashes saved, state: in progress, mode=explore, perf_score=229, weight=7, favorite=1, was_fuzzed=1, exec_us=1160, hits=410, map=20, ascii=0, run_time=0:00:11:31)...[0m
[1;94m[*] [0mFuzzing test case #11 (78 total, 0 crashes saved, state: in progress, mode=explore, perf_score=114, weight=80, favorite=1, was_fuzzed=1, exec_us=1246, hits=878, map=18, ascii=0, run_time=0:00:11:32)...[0m
[1;94m[*] [0mFuzzing test case #24 (78 total, 0 crashes saved, state: in progress, mode=explore, perf_score=229, weight=17, favorite=1, was_fuzzed=1, exec_us=1148, hits=609, map=20, ascii=0, run_time=0:00:11:32)...[0m
[1;94m[*] [0mFuzzing test case #24 (78 total, 0 crashes saved, state: in progress, mode=explore, perf_score=229, weight=17, favorite=1, was_fuzzed=1, exec_us=1148, hits=640, map=20, ascii=0, run_time=0:00:11:33)...[0m
[1;94m[*] [0mFuzzing test case #11 (78 total, 0 crashes saved, state: in progress, mode=explore, perf_score=114, weight=80, favorite=1, was_fuzzed=1, exec_us=1246, hits=886, map=18, ascii=0, run_time=0:00:11:34)...[0m
[1;94m[*] [0mFuzzing test case #11 (78 total, 0 crashes saved, state: in progress, mode=explore, perf_score=114, weight=80, favorite=1, was_fuzzed=1, exec_us=1246, hits=894, map=18, ascii=0, run_time=0:00:11:34)...[0m
[1;94m[*] [0mFuzzing test case #36 (78 total, 0 crashes saved, state: in progress, mode=explore, perf_score=229, weight=8, favorite=1, was_fuzzed=1, exec_us=1111, hits=362, map=21, ascii=0, run_time=0:00:11:34)...[0m
[1;94m[*] [0mFuzzing test case #29 (78 total, 0 crashes saved, state: in progress, mode=explore, perf_score=229, weight=9, favorite=1, was_fuzzed=1, exec_us=1152, hits=139, map=20, ascii=0, run_time=0:00:11:35)...[0m
[1;94m[*] [0mFuzzing test case #24 (78 total, 0 crashes saved, state: in progress, mode=explore, perf_score=229, weight=17, favorite=1, was_fuzzed=1, exec_us=1148, hits=652, map=20, ascii=0, run_time=0:00:11:36)...[0m
[1;94m[*] [0mFuzzing test case #11 (78 total, 0 crashes saved, state: in progress, mode=explore, perf_score=114, weight=80, favorite=1, was_fuzzed=1, exec_us=1246, hits=914, map=18, ascii=0, run_time=0:00:11:37)...[0m
[1;94m[*] [0mFuzzing test case #22 (78 total, 0 crashes saved, state: in progress, mode=explore, perf_score=229, weight=7, favorite=1, was_fuzzed=1, exec_us=1160, hits=426, map=20, ascii=0, run_time=0:00:11:37)...[0m
[1;94m[*] [0mFuzzing test case #69 (78 total, 0 crashes saved, state: in progress, mode=explore, perf_score=200, weight=1, favorite=0, was_fuzzed=0, exec_us=1156, hits=79, map=21, ascii=0, run_time=0:00:11:38)...[0m
[1;94m[*] [0mFuzzing test case #11 (78 total, 0 crashes saved, state: in progress, mode=explore, perf_score=114, weight=80, favorite=1, was_fuzzed=1, exec_us=1246, hits=916, map=18, ascii=0, run_time=0:00:11:39)...[0m
[1;94m[*] [0mFuzzing test case #11 (78 total, 0 crashes saved, state: in progress, mode=explore, perf_score=114, weight=80, favorite=1, was_fuzzed=1, exec_us=1246, hits=922, map=18, ascii=0, run_time=0:00:11:39)...[0m
[1;94m[*] [0mFuzzing test case #24 (78 total, 0 crashes saved, state: in progress, mode=explore, perf_score=229, weight=17, favorite=1, was_fuzzed=1, exec_us=1148, hits=660, map=20, ascii=0, run_time=0:00:11:40)...[0m
[1;94m[*] [0mFuzzing test case #33 (78 total, 0 crashes saved, state: in progress, mode=explore, perf_score=229, weight=7, favorite=1, was_fuzzed=1, exec_us=1136, hits=2012, map=23, ascii=0, run_time=0:00:11:40)...[0m
[1;94m[*] [0mFuzzing test case #16 (78 total, 0 crashes saved, state: in progress, mode=explore, perf_score=229, weight=7, favorite=1, was_fuzzed=1, exec_us=1222, hits=287, map=20, ascii=0, run_time=0:00:11:41)...[0m
[1;94m[*] [0mFuzzing test case #18 (78 total, 0 crashes saved, state: in progress, mode=explore, perf_score=229, weight=8, favorite=1, was_fuzzed=1, exec_us=1196, hits=172, map=20, ascii=0, run_time=0:00:11:42)...[0m
[1;94m[*] [0mFuzzing test case #36 (78 total, 0 crashes saved, state: in progress, mode=explore, perf_score=229, weight=8, favorite=1, was_fuzzed=1, exec_us=1111, hits=378, map=21, ascii=0, run_time=0:00:11:43)...[0m
[1;94m[*] [0mFuzzing test case #33 (78 total, 0 crashes saved, state: in progress, mode=explore, perf_score=229, weight=7, favorite=1, was_fuzzed=1, exec_us=1136, hits=2027, map=23, ascii=0, run_time=0:00:11:44)...[0m
[1;94m[*] [0mFuzzing test case #40 (78 total, 0 crashes saved, state: in progress, mode=explore, perf_score=100, weight=1, favorite=0, was_fuzzed=0, exec_us=1155, hits=212, map=23, ascii=0, run_time=0:00:11:44)...[0m
[1;94m[*] [0mFuzzing test case #11 (78 total, 0 crashes saved, state: in progress, mode=explore, perf_score=114, weight=80, favorite=1, was_fuzzed=1, exec_us=1246, hits=931, map=18, ascii=0, run_time=0:00:11:45)...[0m
[1;94m[*] [0mFuzzing test case #24 (78 total, 0 crashes saved, state: in progress, mode=explore, perf_score=229, weight=17, favorite=1, was_fuzzed=1, exec_us=1148, hits=673, map=20, ascii=0, run_time=0:00:11:48)...[0m
[1;94m[*] [0mFuzzing test case #78 (79 total, 0 crashes saved, state: in progress, mode=explore, perf_score=0, weight=0, favorite=1, was_fuzzed=0, exec_us=1087, hits=2, map=24, ascii=0, run_time=0:00:11:49)...[0m
[1;94m[*] [0mFuzzing test case #11 (79 total, 0 crashes saved, state: in progress, mode=explore, perf_score=114, weight=78, favorite=1, was_fuzzed=1, exec_us=1246, hits=943, map=18, ascii=0, run_time=0:00:11:49)...[0m
[1;94m[*] [0mFuzzing test case #24 (79 total, 0 crashes saved, state: in progress, mode=explore, perf_score=229, weight=17, favorite=1, was_fuzzed=1, exec_us=1148, hits=700, map=20, ascii=0, run_time=0:00:11:49)...[0m
[1;94m[*] [0mFuzzing test case #11 (79 total, 0 crashes saved, state: in progress, mode=explore, perf_score=114, weight=78, favorite=1, was_fuzzed=1, exec_us=1246, hits=949, map=18, ascii=0, run_time=0:00:11:50)...[0m
[1;94m[*] [0mFuzzing test case #33 (79 total, 0 crashes saved, state: in progress, mode=explore, perf_score=229, weight=7, favorite=1, was_fuzzed=1, exec_us=1136, hits=2063, map=23, ascii=0, run_time=0:00:11:50)...[0m
[1;94m[*] [0mFuzzing test case #11 (79 total, 0 crashes saved, state: in progress, mode=explore, perf_score=114, weight=78, favorite=1, was_fuzzed=1, exec_us=1246, hits=954, map=18, ascii=0, run_time=0:00:11:51)...[0m
[1;94m[*] [0mFuzzing test case #24 (79 total, 0 crashes saved, state: in progress, mode=explore, perf_score=229, weight=17, favorite=1, was_fuzzed=1, exec_us=1148, hits=703, map=20, ascii=0, run_time=0:00:11:51)...[0m
[1;94m[*] [0mFuzzing test case #11 (79 total, 0 crashes saved, state: in progress, mode=explore, perf_score=114, weight=78, favorite=1, was_fuzzed=1, exec_us=1246, hits=966, map=18, ascii=0, run_time=0:00:11:52)...[0m
[1;94m[*] [0mFuzzing test case #11 (79 total, 0 crashes saved, state: in progress, mode=explore, perf_score=114, weight=78, favorite=1, was_fuzzed=1, exec_us=1246, hits=971, map=18, ascii=0, run_time=0:00:11:52)...[0m
[1;94m[*] [0mFuzzing test case #11 (79 total, 0 crashes saved, state: in progress, mode=explore, perf_score=114, weight=78, favorite=1, was_fuzzed=1, exec_us=1246, hits=975, map=18, ascii=0, run_time=0:00:11:53)...[0m
[1;94m[*] [0mFuzzing test case #11 (79 total, 0 crashes saved, state: in progress, mode=explore, perf_score=114, weight=78, favorite=1, was_fuzzed=1, exec_us=1246, hits=986, map=18, ascii=0, run_time=0:00:11:53)...[0m
[1;94m[*] [0mFuzzing test case #11 (79 total, 0 crashes saved, state: in progress, mode=explore, perf_score=114, weight=78, favorite=1, was_fuzzed=1, exec_us=1246, hits=994, map=18, ascii=0, run_time=0:00:11:54)...[0m
[1;94m[*] [0mFuzzing test case #18 (79 total, 0 crashes saved, state: in progress, mode=explore, perf_score=229, weight=8, favorite=1, was_fuzzed=1, exec_us=1196, hits=179, map=20, ascii=0, run_time=0:00:11:54)...[0m
[1;94m[*] [0mFuzzing test case #11 (79 total, 0 crashes saved, state: in progress, mode=explore, perf_score=114, weight=78, favorite=1, was_fuzzed=1, exec_us=1246, hits=1005, map=18, ascii=0, run_time=0:00:11:57)...[0m
[1;94m[*] [0mFuzzing test case #11 (79 total, 0 crashes saved, state: in progress, mode=explore, perf_score=114, weight=78, favorite=1, was_fuzzed=1, exec_us=1246, hits=1018, map=18, ascii=0, run_time=0:00:11:57)...[0m
[1;94m[*] [0mFuzzing test case #18 (79 total, 0 crashes saved, state: in progress, mode=explore, perf_score=229, weight=8, favorite=1, was_fuzzed=1, exec_us=1196, hits=198, map=20, ascii=0, run_time=0:00:11:57)...[0m
[1;94m[*] [0mFuzzing test case #11 (79 total, 0 crashes saved, state: in progress, mode=explore, perf_score=114, weight=78, favorite=1, was_fuzzed=1, exec_us=1246, hits=1019, map=18, ascii=0, run_time=0:00:11:58)...[0m
[1;94m[*] [0mFuzzing test case #78 (79 total, 0 crashes saved, state: in progress, mode=explore, perf_score=1839, weight=23, favorite=1, was_fuzzed=1, exec_us=1087, hits=2, map=24, ascii=0, run_time=0:00:11:59)...[0m
[1;94m[*] [0mFuzzing test case #82 (86 total, 0 crashes saved, state: in progress, mode=explore, perf_score=0, weight=0, favorite=1, was_fuzzed=0, exec_us=1134, hits=2, map=24, ascii=0, run_time=0:00:12:13)...[0m
[1;94m[*] [0mFuzzing test case #11 (86 total, 0 crashes saved, state: in progress, mode=explore, perf_score=114, weight=79, favorite=1, was_fuzzed=1, exec_us=1246, hits=1037, map=18, ascii=0, run_time=0:00:12:13)...[0m
[1;94m[*] [0mFuzzing test case #11 (86 total, 0 crashes saved, state: in progress, mode=explore, perf_score=114, weight=79, favorite=1, was_fuzzed=1, exec_us=1246, hits=1040, map=18, ascii=0, run_time=0:00:12:14)...[0m
[1;94m[*] [0mFuzzing test case #11 (87 total, 0 crashes saved, state: in progress, mode=explore, perf_score=114, weight=80, favorite=1, was_fuzzed=1, exec_us=1246, hits=1048, map=18, ascii=0, run_time=0:00:12:14)...[0m
[1;94m[*] [0mFuzzing test case #24 (87 total, 0 crashes saved, state: in progress, mode=explore, perf_score=229, weight=17, favorite=1, was_fuzzed=1, exec_us=1148, hits=718, map=20, ascii=0, run_time=0:00:12:14)...[0m
[1;94m[*] [0mFuzzing test case #24 (87 total, 0 crashes saved, state: in progress, mode=explore, perf_score=229, weight=17, favorite=1, was_fuzzed=1, exec_us=1148, hits=720, map=20, ascii=0, run_time=0:00:12:15)...[0m
[1;94m[*] [0mFuzzing test case #3 (87 total, 0 crashes saved, state: in progress, mode=explore, perf_score=114, weight=5, favorite=1, was_fuzzed=1, exec_us=2341, hits=2618, map=19, ascii=0, run_time=0:00:12:16)...[0m
[1;94m[*] [0mFuzzing test case #11 (87 total, 0 crashes saved, state: in progress, mode=explore, perf_score=114, weight=80, favorite=1, was_fuzzed=1, exec_us=1246, hits=1057, map=18, ascii=0, run_time=0:00:12:16)...[0m
[1;94m[*] [0mFuzzing test case #36 (87 total, 0 crashes saved, state: in progress, mode=explore, perf_score=229, weight=8, favorite=1, was_fuzzed=1, exec_us=1111, hits=440, map=21, ascii=0, run_time=0:00:12:17)...[0m
[1;94m[*] [0mFuzzing test case #11 (87 total, 0 crashes saved, state: in progress, mode=explore, perf_score=114, weight=80, favorite=1, was_fuzzed=1, exec_us=1246, hits=1060, map=18, ascii=0, run_time=0:00:12:18)...[0m
[1;94m[*] [0mFuzzing test case #82 (87 total, 0 crashes saved, state: in progress, mode=explore, perf_score=1839, weight=22, favorite=1, was_fuzzed=1, exec_us=1134, hits=3, map=24, ascii=0, run_time=0:00:12:18)...[0m
[1;94m[*] [0mFuzzing test case #11 (88 total, 0 crashes saved, state: in progress, mode=explore, perf_score=114, weight=80, favorite=1, was_fuzzed=1, exec_us=1246, hits=1068, map=18, ascii=0, run_time=0:00:12:29)...[0m
[1;94m[*] [0mFuzzing test case #76 (88 total, 0 crashes saved, state: in progress, mode=explore, perf_score=200, weight=1, favorite=0, was_fuzzed=0, exec_us=1365, hits=199, map=25, ascii=0, run_time=0:00:12:29)...[0m
[1;94m[*] [0mFuzzing test case #11 (88 total, 0 crashes saved, state: in progress, mode=explore, perf_score=114, weight=80, favorite=1, was_fuzzed=1, exec_us=1246, hits=1079, map=18, ascii=0, run_time=0:00:12:32)...[0m
[1;94m[*] [0mFuzzing test case #11 (88 total, 0 crashes saved, state: in progress, mode=explore, perf_score=114, weight=80, favorite=1, was_fuzzed=1, exec_us=1246, hits=1085, map=18, ascii=0, run_time=0:00:12:33)...[0m
[1;94m[*] [0mFuzzing test case #82 (88 total, 0 crashes saved, state: in progress, mode=explore, perf_score=229, weight=8, favorite=1, was_fuzzed=1, exec_us=1134, hits=322, map=24, ascii=0, run_time=0:00:12:33)...[0m
[1;94m[*] [0mFuzzing test case #22 (88 total, 0 crashes saved, state: in progress, mode=explore, perf_score=229, weight=7, favorite=1, was_fuzzed=1, exec_us=1160, hits=464, map=20, ascii=0, run_time=0:00:12:34)...[0m
[1;94m[*] [0mFuzzing test case #11 (89 total, 0 crashes saved, state: in progress, mode=explore, perf_score=114, weight=81, favorite=1, was_fuzzed=1, exec_us=1246, hits=1086, map=18, ascii=0, run_time=0:00:12:35)...[0m
[1;94m[*] [0mFuzzing test case #11 (89 total, 0 crashes saved, state: in progress, mode=explore, perf_score=114, weight=81, favorite=1, was_fuzzed=1, exec_us=1246, hits=1096, map=18, ascii=0, run_time=0:00:12:35)...[0m
[1;94m[*] [0mFuzzing test case #11 (89 total, 0 crashes saved, state: in progress, mode=explore, perf_score=114, weight=81, favorite=1, was_fuzzed=1, exec_us=1246, hits=1096, map=18, ascii=0, run_time=0:00:12:36)...[0m
[1;94m[*] [0mFuzzing test case #15 (89 total, 0 crashes saved, state: in progress, mode=explore, perf_score=229, weight=7, favorite=1, was_fuzzed=1, exec_us=1192, hits=374, map=20, ascii=0, run_time=0:00:12:36)...[0m
[1;94m[*] [0mFuzzing test case #11 (89 total, 0 crashes saved, state: in progress, mode=explore, perf_score=114, weight=81, favorite=1, was_fuzzed=1, exec_us=1246, hits=1105, map=18, ascii=0, run_time=0:00:12:37)...[0m
[1;94m[*] [0mFuzzing test case #78 (89 total, 0 crashes saved, state: in progress, mode=explore, perf_score=229, weight=8, favorite=1, was_fuzzed=1, exec_us=1087, hits=757, map=24, ascii=0, run_time=0:00:12:37)...[0m
[1;94m[*] [0mFuzzing test case #15 (89 total, 0 crashes saved, state: in progress, mode=explore, perf_score=229, weight=7, favorite=1, was_fuzzed=1, exec_us=1192, hits=379, map=20, ascii=0, run_time=0:00:12:38)...[0m
[1;94m[*] [0mFuzzing test case #38 (89 total, 0 crashes saved, state: in progress, mode=explore, perf_score=200, weight=1, favorite=0, was_fuzzed=0, exec_us=1121, hits=67, map=20, ascii=0, run_time=0:00:12:39)...[0m
[1;94m[*] [0mEntering queue cycle 5.[0m
[1;94m[*] [0mFuzzing test case #11 (89 total, 0 crashes saved, state: in progress, mode=explore, perf_score=114, weight=80, favorite=1, was_fuzzed=1, exec_us=1246, hits=1112, map=18, ascii=0, run_time=0:00:12:40)...[0m
[1;94m[*] [0mFuzzing test case #11 (89 total, 0 crashes saved, state: in progress, mode=explore, perf_score=114, weight=80, favorite=1, was_fuzzed=1, exec_us=1246, hits=1123, map=18, ascii=0, run_time=0:00:12:40)...[0m
[1;94m[*] [0mFuzzing test case #11 (89 total, 0 crashes saved, state: in progress, mode=explore, perf_score=114, weight=80, favorite=1, was_fuzzed=1, exec_us=1246, hits=1130, map=18, ascii=0, run_time=0:00:12:40)...[0m
[1;94m[*] [0mFuzzing test case #16 (89 total, 0 crashes saved, state: in progress, mode=explore, perf_score=229, weight=7, favorite=1, was_fuzzed=1, exec_us=1222, hits=324, map=20, ascii=0, run_time=0:00:12:41)...[0m
[1;94m[*] [0mFuzzing test case #11 (89 total, 0 crashes saved, state: in progress, mode=explore, perf_score=114, weight=80, favorite=1, was_fuzzed=1, exec_us=1246, hits=1132, map=18, ascii=0, run_time=0:00:12:42)...[0m
[1;94m[*] [0mFuzzing test case #11 (89 total, 0 crashes saved, state: in progress, mode=explore, perf_score=114, weight=80, favorite=1, was_fuzzed=1, exec_us=1246, hits=1139, map=18, ascii=0, run_time=0:00:12:42)...[0m
[1;94m[*] [0mFuzzing test case #33 (89 total, 0 crashes saved, state: in progress, mode=explore, perf_score=229, weight=7, favorite=1, was_fuzzed=1, exec_us=1136, hits=2141, map=23, ascii=0, run_time=0:00:12:42)...[0m
[1;94m[*] [0mFuzzing test case #11 (89 total, 0 crashes saved, state: in progress, mode=explore, perf_score=114, weight=80, favorite=1, was_fuzzed=1, exec_us=1246, hits=1149, map=18, ascii=0, run_time=0:00:12:43)...[0m
[1;94m[*] [0mFuzzing test case #11 (89 total, 0 crashes saved, state: in progress, mode=explore, perf_score=114, weight=80, favorite=1, was_fuzzed=1, exec_us=1246, hits=1160, map=18, ascii=0, run_time=0:00:12:44)...[0m
[1;94m[*] [0mFuzzing test case #11 (89 total, 0 crashes saved, state: in progress, mode=explore, perf_score=114, weight=80, favorite=1, was_fuzzed=1, exec_us=1246, hits=1170, map=18, ascii=0, run_time=0:00:12:44)...[0m
[1;94m[*] [0mFuzzing test case #11 (89 total, 0 crashes saved, state: in progress, mode=explore, perf_score=114, weight=80, favorite=1, was_fuzzed=1, exec_us=1246, hits=1179, map=18, ascii=0, run_time=0:00:12:44)...[0m
[1;94m[*] [0mFuzzing test case #22 (89 total, 0 crashes saved, state: in progress, mode=explore, perf_score=229, weight=7, favorite=1, was_fuzzed=1, exec_us=1160, hits=484, map=20, ascii=0, run_time=0:00:12:45)...[0m
[1;94m[*] [0mFuzzing test case #36 (89 total, 0 crashes saved, state: in progress, mode=explore, perf_score=229, weight=8, favorite=1, was_fuzzed=1, exec_us=1111, hits=481, map=21, ascii=0, run_time=0:00:12:46)...[0m
[1;94m[*] [0mFuzzing test case #11 (89 total, 0 crashes saved, state: in progress, mode=explore, perf_score=114, weight=80, favorite=1, was_fuzzed=1, exec_us=1246, hits=1196, map=18, ascii=0, run_time=0:00:12:47)...[0m
[1;94m[*] [0mFuzzing test case #24 (89 total, 0 crashes saved, state: in progress, mode=explore, perf_score=229, weight=17, favorite=1, was_fuzzed=1, exec_us=1148, hits=727, map=20, ascii=0, run_time=0:00:12:47)...[0m
[1;94m[*] [0mFuzzing test case #11 (90 total, 0 crashes saved, state: in progress, mode=explore, perf_score=114, weight=86, favorite=1, was_fuzzed=1, exec_us=1246, hits=1205, map=18, ascii=0, run_time=0:00:12:48)...[0m
[1;94m[*] [0mFuzzing test case #18 (90 total, 0 crashes saved, state: in progress, mode=explore, perf_score=229, weight=8, favorite=1, was_fuzzed=1, exec_us=1196, hits=210, map=20, ascii=0, run_time=0:00:12:48)...[0m
[1;94m[*] [0mFuzzing test case #15 (90 total, 0 crashes saved, state: in progress, mode=explore, perf_score=229, weight=8, favorite=1, was_fuzzed=1, exec_us=1192, hits=398, map=20, ascii=0, run_time=0:00:12:49)...[0m
[1;94m[*] [0mFuzzing test case #11 (90 total, 0 crashes saved, state: in progress, mode=explore, perf_score=114, weight=86, favorite=1, was_fuzzed=1, exec_us=1246, hits=1208, map=18, ascii=0, run_time=0:00:12:50)...[0m
[1;94m[*] [0mFuzzing test case #11 (90 total, 0 crashes saved, state: in progress, mode=explore, perf_score=114, weight=86, favorite=1, was_fuzzed=1, exec_us=1246, hits=1209, map=18, ascii=0, run_time=0:00:12:50)...[0m
[1;94m[*] [0mFuzzing test case #11 (90 total, 0 crashes saved, state: in progress, mode=explore, perf_score=114, weight=86, favorite=1, was_fuzzed=1, exec_us=1246, hits=1229, map=18, ascii=0, run_time=0:00:12:51)...[0m
[1;94m[*] [0mFuzzing test case #11 (90 total, 0 crashes saved, state: in progress, mode=explore, perf_score=114, weight=86, favorite=1, was_fuzzed=1, exec_us=1246, hits=1235, map=18, ascii=0, run_time=0:00:12:54)...[0m
[1;94m[*] [0mFuzzing test case #48 (90 total, 0 crashes saved, state: in progress, mode=explore, perf_score=200, weight=1, favorite=0, was_fuzzed=0, exec_us=1369, hits=224, map=21, ascii=0, run_time=0:00:12:54)...[0m
[1;94m[*] [0mFuzzing test case #24 (90 total, 0 crashes saved, state: in progress, mode=explore, perf_score=229, weight=19, favorite=1, was_fuzzed=1, exec_us=1148, hits=735, map=20, ascii=0, run_time=0:00:12:55)...[0m
[1;94m[*] [0mFuzzing test case #78 (90 total, 0 crashes saved, state: in progress, mode=explore, perf_score=229, weight=8, favorite=1, was_fuzzed=1, exec_us=1087, hits=767, map=24, ascii=0, run_time=0:00:12:56)...[0m
[1;94m[*] [0mFuzzing test case #90 (91 total, 0 crashes saved, state: in progress, mode=explore, perf_score=0, weight=0, favorite=1, was_fuzzed=0, exec_us=1361, hits=1, map=29, ascii=0, run_time=0:00:12:56)...[0m
[1;94m[*] [0mFuzzing test case #18 (91 total, 0 crashes saved, state: in progress, mode=explore, perf_score=229, weight=8, favorite=1, was_fuzzed=1, exec_us=1196, hits=213, map=20, ascii=0, run_time=0:00:12:59)...[0m
[1;94m[*] [0mFuzzing test case #90 (92 total, 0 crashes saved, state: in progress, mode=explore, perf_score=919, weight=27, favorite=1, was_fuzzed=1, exec_us=1361, hits=1, map=29, ascii=0, run_time=0:00:13:00)...[0m
[1;94m[*] [0mFuzzing test case #24 (93 total, 0 crashes saved, state: in progress, mode=explore, perf_score=229, weight=19, favorite=1, was_fuzzed=1, exec_us=1148, hits=738, map=20, ascii=0, run_time=0:00:13:04)...[0m
[1;94m[*] [0mFuzzing test case #11 (93 total, 0 crashes saved, state: in progress, mode=explore, perf_score=114, weight=85, favorite=1, was_fuzzed=1, exec_us=1246, hits=1236, map=18, ascii=0, run_time=0:00:13:05)...[0m
[1;94m[*] [0mFuzzing test case #16 (93 total, 0 crashes saved, state: in progress, mode=explore, perf_score=229, weight=8, favorite=1, was_fuzzed=1, exec_us=1222, hits=342, map=20, ascii=0, run_time=0:00:13:05)...[0m
[1;94m[*] [0mFuzzing test case #11 (93 total, 0 crashes saved, state: in progress, mode=explore, perf_score=114, weight=85, favorite=1, was_fuzzed=1, exec_us=1246, hits=1244, map=18, ascii=0, run_time=0:00:13:06)...[0m
[1;94m[*] [0mFuzzing test case #11 (93 total, 0 crashes saved, state: in progress, mode=explore, perf_score=114, weight=85, favorite=1, was_fuzzed=1, exec_us=1246, hits=1247, map=18, ascii=0, run_time=0:00:13:06)...[0m
[1;94m[*] [0mFuzzing test case #11 (93 total, 0 crashes saved, state: in progress, mode=explore, perf_score=114, weight=85, favorite=1, was_fuzzed=1, exec_us=1246, hits=1247, map=18, ascii=0, run_time=0:00:13:07)...[0m
[1;94m[*] [0mFuzzing test case #24 (94 total, 0 crashes saved, state: in progress, mode=explore, perf_score=229, weight=19, favorite=1, was_fuzzed=1, exec_us=1148, hits=743, map=20, ascii=0, run_time=0:00:13:07)...[0m
[1;94m[*] [0mFuzzing test case #14 (94 total, 0 crashes saved, state: in progress, mode=explore, perf_score=200, weight=1, favorite=0, was_fuzzed=0, exec_us=1218, hits=141, map=20, ascii=0, run_time=0:00:13:08)...[0m
[1;94m[*] [0mFuzzing test case #11 (94 total, 0 crashes saved, state: in progress, mode=explore, perf_score=114, weight=86, favorite=1, was_fuzzed=1, exec_us=1246, hits=1251, map=18, ascii=0, run_time=0:00:13:09)...[0m
[1;94m[*] [0mFuzzing test case #11 (94 total, 0 crashes saved, state: in progress, mode=explore, perf_score=114, weight=86, favorite=1, was_fuzzed=1, exec_us=1246, hits=1253, map=18, ascii=0, run_time=0:00:13:09)...[0m
[1;94m[*] [0mFuzzing test case #82 (94 total, 0 crashes saved, state: in progress, mode=explore, perf_score=229, weight=9, favorite=1, was_fuzzed=1, exec_us=1134, hits=331, map=24, ascii=0, run_time=0:00:13:10)...[0m
[1;94m[*] [0mFuzzing test case #24 (94 total, 0 crashes saved, state: in progress, mode=explore, perf_score=229, weight=19, favorite=1, was_fuzzed=1, exec_us=1148, hits=772, map=20, ascii=0, run_time=0:00:13:10)...[0m
[1;94m[*] [0mFuzzing test case #29 (95 total, 0 crashes saved, state: in progress, mode=explore, perf_score=229, weight=9, favorite=1, was_fuzzed=1, exec_us=1152, hits=150, map=20, ascii=0, run_time=0:00:13:11)...[0m
[1;94m[*] [0mFuzzing test case #11 (95 total, 0 crashes saved, state: in progress, mode=explore, perf_score=114, weight=86, favorite=1, was_fuzzed=1, exec_us=1246, hits=1268, map=18, ascii=0, run_time=0:00:13:12)...[0m
[1;94m[*] [0mFuzzing test case #11 (95 total, 0 crashes saved, state: in progress, mode=explore, perf_score=114, weight=86, favorite=1, was_fuzzed=1, exec_us=1246, hits=1272, map=18, ascii=0, run_time=0:00:13:12)...[0m
[1;94m[*] [0mFuzzing test case #16 (95 total, 0 crashes saved, state: in progress, mode=explore, perf_score=229, weight=8, favorite=1, was_fuzzed=1, exec_us=1222, hits=369, map=20, ascii=0, run_time=0:00:13:13)...[0m
[1;94m[*] [0mFuzzing test case #93 (95 total, 0 crashes saved, state: in progress, mode=explore, perf_score=300, weight=3, favorite=0, was_fuzzed=0, exec_us=1469, hits=1, map=30, ascii=0, run_time=0:00:13:14)...[0m
[1;94m[*] [0mFuzzing test case #11 (97 total, 0 crashes saved, state: in progress, mode=explore, perf_score=114, weight=87, favorite=1, was_fuzzed=1, exec_us=1246, hits=1280, map=18, ascii=0, run_time=0:00:13:21)...[0m
[1;94m[*] [0mFuzzing test case #11 (97 total, 0 crashes saved, state: in progress, mode=explore, perf_score=114, weight=87, favorite=1, was_fuzzed=1, exec_us=1246, hits=1288, map=18, ascii=0, run_time=0:00:13:21)...[0m
[1;94m[*] [0mFuzzing test case #11 (97 total, 0 crashes saved, state: in progress, mode=explore, perf_score=114, weight=87, favorite=1, was_fuzzed=1, exec_us=1246, hits=1290, map=18, ascii=0, run_time=0:00:13:22)...[0m
[1;94m[*] [0mFuzzing test case #82 (97 total, 0 crashes saved, state: in progress, mode=explore, perf_score=229, weight=9, favorite=1, was_fuzzed=1, exec_us=1134, hits=382, map=24, ascii=0, run_time=0:00:13:22)...[0m
[1;94m[*] [0mFuzzing test case #11 (97 total, 0 crashes saved, state: in progress, mode=explore, perf_score=114, weight=87, favorite=1, was_fuzzed=1, exec_us=1246, hits=1307, map=18, ascii=0, run_time=0:00:13:23)...[0m
[1;94m[*] [0mFuzzing test case #11 (97 total, 0 crashes saved, state: in progress, mode=explore, perf_score=114, weight=87, favorite=1, was_fuzzed=1, exec_us=1246, hits=1311, map=18, ascii=0, run_time=0:00:13:23)...[0m
[1;94m[*] [0mFuzzing test case #11 (97 total, 0 crashes saved, state: in progress, mode=explore, perf_score=114, weight=87, favorite=1, was_fuzzed=1, exec_us=1246, hits=1316, map=18, ascii=0, run_time=0:00:13:24)...[0m
[1;94m[*] [0mFuzzing test case #11 (97 total, 0 crashes saved, state: in progress, mode=explore, perf_score=114, weight=87, favorite=1, was_fuzzed=1, exec_us=1246, hits=1326, map=18, ascii=0, run_time=0:00:13:24)...[0m
[1;94m[*] [0mFuzzing test case #11 (97 total, 0 crashes saved, state: in progress, mode=explore, perf_score=114, weight=87, favorite=1, was_fuzzed=1, exec_us=1246, hits=1327, map=18, ascii=0, run_time=0:00:13:24)...[0m
[1;94m[*] [0mFuzzing test case #29 (97 total, 0 crashes saved, state: in progress, mode=explore, perf_score=229, weight=9, favorite=1, was_fuzzed=1, exec_us=1152, hits=166, map=20, ascii=0, run_time=0:00:13:25)...[0m
[1;94m[*] [0mFuzzing test case #11 (97 total, 0 crashes saved, state: in progress, mode=explore, perf_score=114, weight=87, favorite=1, was_fuzzed=1, exec_us=1246, hits=1340, map=18, ascii=0, run_time=0:00:13:26)...[0m
[1;94m[*] [0mFuzzing test case #11 (97 total, 0 crashes saved, state: in progress, mode=explore, perf_score=114, weight=87, favorite=1, was_fuzzed=1, exec_us=1246, hits=1358, map=18, ascii=0, run_time=0:00:13:26)...[0m
[1;94m[*] [0mFuzzing test case #18 (97 total, 0 crashes saved, state: in progress, mode=explore, perf_score=229, weight=8, favorite=1, was_fuzzed=1, exec_us=1196, hits=251, map=20, ascii=0, run_time=0:00:13:26)...[0m
[1;94m[*] [0mFuzzing test case #11 (97 total, 0 crashes saved, state: in progress, mode=explore, perf_score=114, weight=87, favorite=1, was_fuzzed=1, exec_us=1246, hits=1362, map=18, ascii=0, run_time=0:00:13:27)...[0m
[1;94m[*] [0mFuzzing test case #3 (97 total, 0 crashes saved, state: in progress, mode=explore, perf_score=114, weight=6, favorite=1, was_fuzzed=1, exec_us=2341, hits=2832, map=19, ascii=0, run_time=0:00:13:28)...[0m
[1;94m[*] [0mFuzzing test case #18 (97 total, 0 crashes saved, state: in progress, mode=explore, perf_score=229, weight=8, favorite=1, was_fuzzed=1, exec_us=1196, hits=264, map=20, ascii=0, run_time=0:00:13:28)...[0m
[1;94m[*] [0mFuzzing test case #11 (97 total, 0 crashes saved, state: in progress, mode=explore, perf_score=114, weight=87, favorite=1, was_fuzzed=1, exec_us=1246, hits=1373, map=18, ascii=0, run_time=0:00:13:29)...[0m
[1;94m[*] [0mFuzzing test case #82 (97 total, 0 crashes saved, state: in progress, mode=explore, perf_score=229, weight=9, favorite=1, was_fuzzed=1, exec_us=1134, hits=425, map=24, ascii=0, run_time=0:00:13:29)...[0m
[1;94m[*] [0mFuzzing test case #24 (97 total, 0 crashes saved, state: in progress, mode=explore, perf_score=229, weight=19, favorite=1, was_fuzzed=1, exec_us=1148, hits=789, map=20, ascii=0, run_time=0:00:13:30)...[0m
[1;94m[*] [0mFuzzing test case #11 (97 total, 0 crashes saved, state: in progress, mode=explore, perf_score=114, weight=87, favorite=1, was_fuzzed=1, exec_us=1246, hits=1387, map=18, ascii=0, run_time=0:00:13:31)...[0m
[1;94m[*] [0mFuzzing test case #11 (97 total, 0 crashes saved, state: in progress, mode=explore, perf_score=114, weight=87, favorite=1, was_fuzzed=1, exec_us=1246, hits=1396, map=18, ascii=0, run_time=0:00:13:31)...[0m
[1;94m[*] [0mFuzzing test case #11 (97 total, 0 crashes saved, state: in progress, mode=explore, perf_score=114, weight=87, favorite=1, was_fuzzed=1, exec_us=1246, hits=1404, map=18, ascii=0, run_time=0:00:13:32)...[0m
[1;94m[*] [0mFuzzing test case #90 (98 total, 0 crashes saved, state: in progress, mode=explore, perf_score=229, weight=8, favorite=1, was_fuzzed=1, exec_us=1361, hits=555, map=29, ascii=0, run_time=0:00:13:32)...[0m
[1;94m[*] [0mFuzzing test case #33 (98 total, 0 crashes saved, state: in progress, mode=explore, perf_score=229, weight=7, favorite=1, was_fuzzed=1, exec_us=1136, hits=2169, map=23, ascii=0, run_time=0:00:13:33)...[0m
[1;94m[*] [0mFuzzing test case #11 (98 total, 0 crashes saved, state: in progress, mode=explore, perf_score=114, weight=87, favorite=1, was_fuzzed=1, exec_us=1246, hits=1407, map=18, ascii=0, run_time=0:00:13:34)...[0m
[1;94m[*] [0mFuzzing test case #55 (98 total, 0 crashes saved, state: in progress, mode=explore, perf_score=200, weight=1, favorite=0, was_fuzzed=0, exec_us=1145, hits=256, map=25, ascii=0, run_time=0:00:13:34)...[0m
[1;94m[*] [0mFuzzing test case #3 (98 total, 0 crashes saved, state: in progress, mode=explore, perf_score=114, weight=6, favorite=1, was_fuzzed=1, exec_us=2341, hits=2888, map=19, ascii=0, run_time=0:00:13:35)...[0m
[1;94m[*] [0mFuzzing test case #90 (98 total, 0 crashes saved, state: in progress, mode=explore, perf_score=229, weight=7, favorite=1, was_fuzzed=1, exec_us=1361, hits=614, map=29, ascii=0, run_time=0:00:13:35)...[0m
[1;94m[*] [0mFuzzing test case #11 (98 total, 0 crashes saved, state: in progress, mode=explore, perf_score=114, weight=87, favorite=1, was_fuzzed=1, exec_us=1246, hits=1413, map=18, ascii=0, run_time=0:00:13:36)...[0m
[1;94m[*] [0mFuzzing test case #90 (98 total, 0 crashes saved, state: in progress, mode=explore, perf_score=229, weight=7, favorite=1, was_fuzzed=1, exec_us=1361, hits=655, map=29, ascii=0, run_time=0:00:13:37)...[0m
[1;94m[*] [0mFuzzing test case #11 (98 total, 0 crashes saved, state: in progress, mode=explore, perf_score=114, weight=87, favorite=1, was_fuzzed=1, exec_us=1246, hits=1420, map=18, ascii=0, run_time=0:00:13:37)...[0m
[1;94m[*] [0mFuzzing test case #11 (98 total, 0 crashes saved, state: in progress, mode=explore, perf_score=114, weight=87, favorite=1, was_fuzzed=1, exec_us=1246, hits=1430, map=18, ascii=0, run_time=0:00:13:38)...[0m
[1;94m[*] [0mFuzzing test case #90 (99 total, 0 crashes saved, state: in progress, mode=explore, perf_score=229, weight=7, favorite=1, was_fuzzed=1, exec_us=1361, hits=713, map=29, ascii=0, run_time=0:00:13:38)...[0m
[1;94m[*] [0mFuzzing test case #16 (99 total, 0 crashes saved, state: in progress, mode=explore, perf_score=229, weight=8, favorite=1, was_fuzzed=1, exec_us=1222, hits=376, map=20, ascii=0, run_time=0:00:13:39)...[0m
[1;94m[*] [0mFuzzing test case #79 (99 total, 0 crashes saved, state: in progress, mode=explore, perf_score=200, weight=1, favorite=0, was_fuzzed=0, exec_us=1165, hits=77, map=24, ascii=0, run_time=0:00:13:40)...[0m
[1;94m[*] [0mFuzzing test case #78 (99 total, 0 crashes saved, state: in progress, mode=explore, perf_score=229, weight=9, favorite=1, was_fuzzed=1, exec_us=1087, hits=794, map=24, ascii=0, run_time=0:00:13:41)...[0m
[1;94m[*] [0mFuzzing test case #24 (100 total, 0 crashes saved, state: in progress, mode=explore, perf_score=229, weight=19, favorite=1, was_fuzzed=1, exec_us=1148, hits=796, map=20, ascii=0, run_time=0:00:13:42)...[0m
[1;94m[*] [0mFuzzing test case #24 (100 total, 0 crashes saved, state: in progress, mode=explore, perf_score=229, weight=19, favorite=1, was_fuzzed=1, exec_us=1148, hits=826, map=20, ascii=0, run_time=0:00:13:42)...[0m
[1;94m[*] [0mFuzzing test case #36 (100 total, 0 crashes saved, state: in progress, mode=explore, perf_score=229, weight=9, favorite=1, was_fuzzed=1, exec_us=1111, hits=508, map=21, ascii=0, run_time=0:00:13:43)...[0m
[1;94m[*] [0mFuzzing test case #11 (100 total, 0 crashes saved, state: in progress, mode=explore, perf_score=114, weight=89, favorite=1, was_fuzzed=1, exec_us=1246, hits=1434, map=18, ascii=0, run_time=0:00:13:48)...[0m
[1;94m[*] [0mFuzzing test case #82 (100 total, 0 crashes saved, state: in progress, mode=explore, perf_score=229, weight=9, favorite=1, was_fuzzed=1, exec_us=1134, hits=441, map=24, ascii=0, run_time=0:00:13:49)...[0m
[1;94m[*] [0mFuzzing test case #22 (100 total, 0 crashes saved, state: in progress, mode=explore, perf_score=229, weight=8, favorite=1, was_fuzzed=1, exec_us=1160, hits=502, map=20, ascii=0, run_time=0:00:13:49)...[0m
[1;94m[*] [0mFuzzing test case #11 (100 total, 0 crashes saved, state: in progress, mode=explore, perf_score=114, weight=89, favorite=1, was_fuzzed=1, exec_us=1246, hits=1451, map=18, ascii=0, run_time=0:00:13:50)...[0m
[1;94m[*] [0mFuzzing test case #36 (100 total, 0 crashes saved, state: in progress, mode=explore, perf_score=229, weight=9, favorite=1, was_fuzzed=1, exec_us=1111, hits=528, map=21, ascii=0, run_time=0:00:13:51)...[0m
[1;94m[*] [0mFuzzing test case #78 (100 total, 0 crashes saved, state: in progress, mode=explore, perf_score=229, weight=9, favorite=1, was_fuzzed=1, exec_us=1087, hits=835, map=24, ascii=0, run_time=0:00:13:51)...[0m
[1;94m[*] [0mFuzzing test case #18 (100 total, 0 crashes saved, state: in progress, mode=explore, perf_score=229, weight=8, favorite=1, was_fuzzed=1, exec_us=1196, hits=277, map=20, ascii=0, run_time=0:00:13:52)...[0m
[1;94m[*] [0mFuzzing test case #11 (100 total, 0 crashes saved, state: in progress, mode=explore, perf_score=114, weight=89, favorite=1, was_fuzzed=1, exec_us=1246, hits=1463, map=18, ascii=0, run_time=0:00:13:53)...[0m
[1;94m[*] [0mFuzzing test case #11 (100 total, 0 crashes saved, state: in progress, mode=explore, perf_score=114, weight=89, favorite=1, was_fuzzed=1, exec_us=1246, hits=1464, map=18, ascii=0, run_time=0:00:13:53)...[0m
[1;94m[*] [0mFuzzing test case #24 (100 total, 0 crashes saved, state: in progress, mode=explore, perf_score=229, weight=19, favorite=1, was_fuzzed=1, exec_us=1148, hits=830, map=20, ascii=0, run_time=0:00:13:54)...[0m
[1;94m[*] [0mFuzzing test case #82 (100 total, 0 crashes saved, state: in progress, mode=explore, perf_score=229, weight=9, favorite=1, was_fuzzed=1, exec_us=1134, hits=456, map=24, ascii=0, run_time=0:00:13:55)...[0m
[1;94m[*] [0mFuzzing test case #16 (100 total, 0 crashes saved, state: in progress, mode=explore, perf_score=229, weight=8, favorite=1, was_fuzzed=1, exec_us=1222, hits=395, map=20, ascii=0, run_time=0:00:13:55)...[0m
[1;94m[*] [0mFuzzing test case #11 (100 total, 0 crashes saved, state: in progress, mode=explore, perf_score=114, weight=89, favorite=1, was_fuzzed=1, exec_us=1246, hits=1478, map=18, ascii=0, run_time=0:00:13:56)...[0m
[1;94m[*] [0mFuzzing test case #24 (100 total, 0 crashes saved, state: in progress, mode=explore, perf_score=229, weight=19, favorite=1, was_fuzzed=1, exec_us=1148, hits=839, map=20, ascii=0, run_time=0:00:13:57)...[0m
[1;94m[*] [0mFuzzing test case #100 (101 total, 0 crashes saved, state: in progress, mode=explore, perf_score=0, weight=0, favorite=1, was_fuzzed=0, exec_us=1333, hits=1, map=30, ascii=0, run_time=0:00:13:57)...[0m
[1;94m[*] [0mFuzzing test case #78 (101 total, 0 crashes saved, state: in progress, mode=explore, perf_score=229, weight=8, favorite=1, was_fuzzed=1, exec_us=1087, hits=859, map=24, ascii=0, run_time=0:00:14:00)...[0m
[1;94m[*] [0mFuzzing test case #24 (101 total, 0 crashes saved, state: in progress, mode=explore, perf_score=229, weight=19, favorite=1, was_fuzzed=1, exec_us=1148, hits=846, map=20, ascii=0, run_time=0:00:14:01)...[0m
[1;94m[*] [0mFuzzing test case #36 (101 total, 0 crashes saved, state: in progress, mode=explore, perf_score=229, weight=8, favorite=1, was_fuzzed=1, exec_us=1111, hits=542, map=21, ascii=0, run_time=0:00:14:02)...[0m
[1;94m[*] [0mFuzzing test case #11 (101 total, 0 crashes saved, state: in progress, mode=explore, perf_score=114, weight=86, favorite=1, was_fuzzed=1, exec_us=1246, hits=1485, map=18, ascii=0, run_time=0:00:14:02)...[0m
[1;94m[*] [0mFuzzing test case #11 (101 total, 0 crashes saved, state: in progress, mode=explore, perf_score=114, weight=86, favorite=1, was_fuzzed=1, exec_us=1246, hits=1494, map=18, ascii=0, run_time=0:00:14:03)...[0m
[1;94m[*] [0mFuzzing test case #11 (101 total, 0 crashes saved, state: in progress, mode=explore, perf_score=114, weight=86, favorite=1, was_fuzzed=1, exec_us=1246, hits=1501, map=18, ascii=0, run_time=0:00:14:03)...[0m
[1;94m[*] [0mEntering queue cycle 6.[0m
[1;94m[*] [0mFuzzing test case #100 (101 total, 0 crashes saved, state: in progress, mode=explore, perf_score=919, weight=29, favorite=1, was_fuzzed=1, exec_us=1333, hits=1, map=30, ascii=0, run_time=0:00:14:04)...[0m
[1;94m[*] [0mFuzzing test case #33 (105 total, 0 crashes saved, state: in progress, mode=explore, perf_score=229, weight=7, favorite=1, was_fuzzed=1, exec_us=1136, hits=2187, map=23, ascii=0, run_time=0:00:14:17)...[0m
[1;94m[*] [0mFuzzing test case #11 (105 total, 0 crashes saved, state: in progress, mode=explore, perf_score=114, weight=89, favorite=1, was_fuzzed=1, exec_us=1246, hits=1506, map=18, ascii=0, run_time=0:00:14:17)...[0m
[1;94m[*] [0mFuzzing test case #36 (105 total, 0 crashes saved, state: in progress, mode=explore, perf_score=229, weight=8, favorite=1, was_fuzzed=1, exec_us=1111, hits=567, map=21, ascii=0, run_time=0:00:14:18)...[0m
[1;94m[*] [0mFuzzing test case #33 (105 total, 0 crashes saved, state: in progress, mode=explore, perf_score=229, weight=7, favorite=1, was_fuzzed=1, exec_us=1136, hits=2249, map=23, ascii=0, run_time=0:00:14:19)...[0m
[1;94m[*] [0mFuzzing test case #24 (105 total, 0 crashes saved, state: in progress, mode=explore, perf_score=229, weight=19, favorite=1, was_fuzzed=1, exec_us=1148, hits=875, map=20, ascii=0, run_time=0:00:14:19)...[0m
[1;94m[*] [0mFuzzing test case #90 (105 total, 0 crashes saved, state: in progress, mode=explore, perf_score=229, weight=7, favorite=1, was_fuzzed=1, exec_us=1361, hits=759, map=29, ascii=0, run_time=0:00:14:20)...[0m
[1;94m[*] [0mFuzzing test case #11 (106 total, 0 crashes saved, state: in progress, mode=explore, perf_score=114, weight=90, favorite=1, was_fuzzed=1, exec_us=1246, hits=1511, map=18, ascii=0, run_time=0:00:14:21)...[0m
[1;94m[*] [0mFuzzing test case #90 (106 total, 0 crashes saved, state: in progress, mode=explore, perf_score=229, weight=7, favorite=1, was_fuzzed=1, exec_us=1361, hits=802, map=29, ascii=0, run_time=0:00:14:22)...[0m
[1;94m[*] [0mFuzzing test case #11 (106 total, 0 crashes saved, state: in progress, mode=explore, perf_score=114, weight=90, favorite=1, was_fuzzed=1, exec_us=1246, hits=1527, map=18, ascii=0, run_time=0:00:14:23)...[0m
[1;94m[*] [0mFuzzing test case #11 (106 total, 0 crashes saved, state: in progress, mode=explore, perf_score=114, weight=90, favorite=1, was_fuzzed=1, exec_us=1246, hits=1530, map=18, ascii=0, run_time=0:00:14:23)...[0m
[1;94m[*] [0mFuzzing test case #11 (106 total, 0 crashes saved, state: in progress, mode=explore, perf_score=114, weight=90, favorite=1, was_fuzzed=1, exec_us=1246, hits=1549, map=18, ascii=0, run_time=0:00:14:23)...[0m
[1;94m[*] [0mFuzzing test case #11 (106 total, 0 crashes saved, state: in progress, mode=explore, perf_score=114, weight=90, favorite=1, was_fuzzed=1, exec_us=1246, hits=1553, map=18, ascii=0, run_time=0:00:14:24)...[0m
[1;94m[*] [0mFuzzing test case #78 (106 total, 0 crashes saved, state: in progress, mode=explore, perf_score=229, weight=9, favorite=1, was_fuzzed=1, exec_us=1087, hits=905, map=24, ascii=0, run_time=0:00:14:24)...[0m
[1;94m[*] [0mFuzzing test case #3 (106 total, 0 crashes saved, state: in progress, mode=explore, perf_score=114, weight=6, favorite=1, was_fuzzed=1, exec_us=2341, hits=3058, map=19, ascii=0, run_time=0:00:14:25)...[0m
[1;94m[*] [0mFuzzing test case #100 (106 total, 0 crashes saved, state: in progress, mode=explore, perf_score=229, weight=9, favorite=1, was_fuzzed=1, exec_us=1333, hits=298, map=30, ascii=0, run_time=0:00:14:26)...[0m
[?25h[1;91m

+++ Testing aborted programmatically +++
[0m[1;94m[*] [0mStatistics: 105 new corpus items found, 51.47% coverage achieved, 1 crashes saved, 0 timeouts saved, total runtime 0 days, 0 hrs, 14 min, 26 sec[0m
[1;92m[+] [0mWe're done here. Have a nice day!
[0m
