JOB timestamp: Tue Dec 19 10:49:39 MST 2023
JOB ID: 121838
Array Task ID: 19
Current directory: /lfs/koff9454.ui/projects/plc_runtime_fuzzer/code_analysis/src
r3i4n10
gcc (Spack GCC) 12.1.0
Copyright (C) 2022 Free Software Foundation, Inc.
This is free software; see the source for copying conditions.  There is NO
warranty; not even for MERCHANTABILITY or FITNESS FOR A PARTICULAR PURPOSE.

Python 3.11.5
/lfs/koff9454.ui/miniconda3/envs/plc/bin/python
matiec version 0.1
changeset id: 
Number of programs: 3
Programs: depth_1 depth_2 depth_3
Fuzzing program: depth_2, Job ID: 19
input dir exist, skipping
harness file exist, skipping
Running the fuzzers
Workdir: "/lfs/koff9454.ui/projects/plc_runtime_fuzzer/code_analysis/src/programs/depth/depth_2/runs/run-19"
Out dir at "fuzzer-outdir" already exists.
Let's fuzz :)
[Stats #0] run time: 0h-0m-0s, clients: 1, corpus: 0, objectives: 0, executions: 0, exec/sec: 0.000
[Testcase #0] run time: 0h-0m-0s, clients: 1, corpus: 1, objectives: 0, executions: 1, exec/sec: 0.000
We imported 1 inputs from disk.
[Stats #0] run time: 0h-0m-0s, clients: 1, corpus: 1, objectives: 0, executions: 1, exec/sec: 0.000
[Testcase #0] run time: 0h-0m-0s, clients: 1, corpus: 2, objectives: 0, executions: 10, exec/sec: 0.000
[Stats #0] run time: 0h-0m-0s, clients: 1, corpus: 2, objectives: 0, executions: 10, exec/sec: 0.000
[Testcase #0] run time: 0h-0m-0s, clients: 1, corpus: 3, objectives: 0, executions: 11, exec/sec: 0.000
[Objective #0] run time: 0h-0m-0s, clients: 1, corpus: 3, objectives: 1, executions: 11, exec/sec: 0.000
[Objective #0] run time: 0h-0m-0s, clients: 1, corpus: 3, objectives: 2, executions: 11, exec/sec: 0.000
[Objective #0] run time: 0h-0m-0s, clients: 1, corpus: 3, objectives: 3, executions: 11, exec/sec: 0.000
[Objective #0] run time: 0h-0m-0s, clients: 1, corpus: 3, objectives: 4, executions: 11, exec/sec: 0.000
[Objective #0] run time: 0h-0m-0s, clients: 1, corpus: 3, objectives: 5, executions: 11, exec/sec: 0.000
[Objective #0] run time: 0h-0m-0s, clients: 1, corpus: 3, objectives: 6, executions: 11, exec/sec: 0.000
[Objective #0] run time: 0h-0m-0s, clients: 1, corpus: 3, objectives: 7, executions: 11, exec/sec: 0.000
[Objective #0] run time: 0h-0m-0s, clients: 1, corpus: 3, objectives: 8, executions: 11, exec/sec: 0.000
[Objective #0] run time: 0h-0m-0s, clients: 1, corpus: 3, objectives: 9, executions: 11, exec/sec: 0.000
[Objective #0] run time: 0h-0m-0s, clients: 1, corpus: 3, objectives: 10, executions: 11, exec/sec: 0.000
[Objective #0] run time: 0h-0m-0s, clients: 1, corpus: 3, objectives: 11, executions: 11, exec/sec: 0.000
[Objective #0] run time: 0h-0m-0s, clients: 1, corpus: 3, objectives: 12, executions: 11, exec/sec: 0.000
[Objective #0] run time: 0h-0m-0s, clients: 1, corpus: 3, objectives: 13, executions: 11, exec/sec: 0.000
[Objective #0] run time: 0h-0m-0s, clients: 1, corpus: 3, objectives: 14, executions: 11, exec/sec: 0.000
[Objective #0] run time: 0h-0m-0s, clients: 1, corpus: 3, objectives: 15, executions: 11, exec/sec: 0.000
[Objective #0] run time: 0h-0m-0s, clients: 1, corpus: 3, objectives: 16, executions: 11, exec/sec: 0.000
[Objective #0] run time: 0h-0m-0s, clients: 1, corpus: 3, objectives: 17, executions: 11, exec/sec: 0.000
[Objective #0] run time: 0h-0m-0s, clients: 1, corpus: 3, objectives: 18, executions: 11, exec/sec: 0.000
[Objective #0] run time: 0h-0m-0s, clients: 1, corpus: 3, objectives: 19, executions: 11, exec/sec: 0.000
Crash limit reached: 1
[1;92m[+] [0mEnabled environment variable AFL_BENCH_UNTIL_CRASH with value 1[0m
[1;92m[+] [0mEnabled environment variable AFL_IGNORE_SEED_PROBLEMS with value 1[0m
[1;92m[+] [0mEnabled environment variable AFL_I_DONT_CARE_ABOUT_MISSING_CRASHES with value 1[0m
[1;92m[+] [0mEnabled environment variable AFL_SKIP_CPUFREQ with value 1[0m
[1;92m[+] [0mEnabled environment variable AFL_TRY_AFFINITY with value 1[0m
[1;93m[!] [1;97mWARNING: [0mPotentially mistyped AFL environment variable: USE_PCM_DB=2, did you mean AFL_USE_PCM_DB=2?[0m
[0;36mafl-fuzz++4.09a[0m based on afl by Michal Zalewski and a large online community
[1;92m[+] [0mAFL++ is maintained by Marc "van Hauser" Heuse, Dominik Maier, Andrea Fioraldi and Heiko "hexcoder" Eißfeldt[0m
[1;92m[+] [0mAFL++ is open source, get it at https://github.com/AFLplusplus/AFLplusplus[0m
[1;92m[+] [0mNOTE: AFL++ >= v3 has changed defaults and behaviours - see README.md[0m
[1;92m[+] [0mNo -M/-S set, autoconfiguring for "-S default"[0m
[1;94m[*] [0mGetting to work...[0m
[1;92m[+] [0mUsing exponential power schedule (FAST)[0m
[1;92m[+] [0mEnabled testcache with 50 MB[0m
[1;92m[+] [0mGenerating fuzz data with a length of min=1 max=1048576[0m
[1;94m[*] [0mChecking core_pattern...[0m

[1;91m[-] [0mHmm, your system is configured to send core dump notifications to an
    external utility. This will cause issues: there will be an extended delay
    between stumbling upon a crash and having this information relayed to the
    fuzzer via the standard waitpid() API.
    If you're just testing, set 'AFL_I_DONT_CARE_ABOUT_MISSING_CRASHES=1'.

    To avoid having crashes misinterpreted as timeouts, please log in as root
    and temporarily modify /proc/sys/kernel/core_pattern, like so:

    echo core >/proc/sys/kernel/core_pattern
[1;92m[+] [0mLooks like we're not running on a tty, so I'll be a bit less verbose.[0m
[1;92m[+] [0mYou have 36 CPU cores and 14 runnable tasks (utilization: 39%).[0m
[1;92m[+] [0mTry parallel jobs - see /usr/local/share/doc/afl/fuzzing_in_depth.md#c-using-multiple-cores[0m
[1;94m[*] [0mSetting up output directories...[0m
[1;94m[*] [0mChecking CPU core loadout...[0m
[1;92m[+] [0mFound a free CPU core, try binding to #4.[0m
[1;94m[*] [0mScanning 'our-indir'...[0m
[1;92m[+] [0mLoaded a total of 1 seeds.[0m
[1;94m[*] [0mCreating hard links for all input files...[0m
[1;94m[*] [0mValidating target binary...[0m
[1;94m[*] [0mSpinning up the fork server...[0m
[1;92m[+] [0mAll right - fork server is up.[0m
[1;94m[*] [0mTarget map size: 73[0m
[1;94m[*] [0mNo auto-generated dictionary tokens to reuse.[0m
[1;94m[*] [0mLoading extra dictionary from 'our-inputs.dict' (level 0)...[0m
[1;94m[*] [0mLoaded 80 extra tokens, size range 4 B to 6 B.[0m
[1;92m[+] [0mLoaded a total of 6 extras.[0m
[1;94m[*] [0mAttempting dry run with 'id:000000,time:0,execs:0,orig:variables.txt'...[0m
[1;90m    len = 560, map size = 18, exec speed = 1209 us, hash = 3bfce94389763267
[0m[1;92m[+] [0mAll test cases processed.[0m
[1;92m[+] [0mHere are some useful stats:

[1;90m    Test case count : [0m1 favored, 0 variable, 0 ignored, 1 total
[1;90m       Bitmap range : [0m18 to 18 bits (average: 18.00 bits)
[1;90m        Exec timing : [0m1209 to 1209 us (average: 1209 us)
[0m
[1;94m[*] [0mNo -t option specified, so I'll use an exec timeout of 20 ms.[0m
[1;92m[+] [0mAll set and ready to roll![0m
[1;94m[*] [0mEntering queue cycle 1.[0m
[1;94m[*] [0mFuzzing test case #0 (1 total, 0 crashes saved, state: started :-), mode=explore, perf_score=0, weight=0, favorite=1, was_fuzzed=0, exec_us=1209, hits=0, map=18, ascii=0, run_time=0:00:00:00)...[0m
[1;92m[+] [0mEnabled environment variable AFL_BENCH_UNTIL_CRASH with value 1[0m
[1;92m[+] [0mEnabled environment variable AFL_IGNORE_SEED_PROBLEMS with value 1[0m
[1;92m[+] [0mEnabled environment variable AFL_I_DONT_CARE_ABOUT_MISSING_CRASHES with value 1[0m
[1;92m[+] [0mEnabled environment variable AFL_SKIP_CPUFREQ with value 1[0m
[1;92m[+] [0mEnabled environment variable AFL_TRY_AFFINITY with value 1[0m
[1;93m[!] [1;97mWARNING: [0mPotentially mistyped AFL environment variable: USE_PCM_DB=2, did you mean AFL_USE_PCM_DB=2?[0m
[0;36mafl-fuzz++4.09a[0m based on afl by Michal Zalewski and a large online community
[1;92m[+] [0mAFL++ is maintained by Marc "van Hauser" Heuse, Dominik Maier, Andrea Fioraldi and Heiko "hexcoder" Eißfeldt[0m
[1;92m[+] [0mAFL++ is open source, get it at https://github.com/AFLplusplus/AFLplusplus[0m
[1;92m[+] [0mNOTE: AFL++ >= v3 has changed defaults and behaviours - see README.md[0m
[1;92m[+] [0mNo -M/-S set, autoconfiguring for "-S default"[0m
[1;94m[*] [0mGetting to work...[0m
[1;92m[+] [0mUsing exponential power schedule (FAST)[0m
[1;92m[+] [0mEnabled testcache with 50 MB[0m
[1;92m[+] [0mGenerating fuzz data with a length of min=1 max=1048576[0m
[1;94m[*] [0mChecking core_pattern...[0m

[1;91m[-] [0mHmm, your system is configured to send core dump notifications to an
    external utility. This will cause issues: there will be an extended delay
    between stumbling upon a crash and having this information relayed to the
    fuzzer via the standard waitpid() API.
    If you're just testing, set 'AFL_I_DONT_CARE_ABOUT_MISSING_CRASHES=1'.

    To avoid having crashes misinterpreted as timeouts, please log in as root
    and temporarily modify /proc/sys/kernel/core_pattern, like so:

    echo core >/proc/sys/kernel/core_pattern
[1;92m[+] [0mLooks like we're not running on a tty, so I'll be a bit less verbose.[0m
[1;92m[+] [0mYou have 36 CPU cores and 6 runnable tasks (utilization: 17%).[0m
[1;92m[+] [0mTry parallel jobs - see /usr/local/share/doc/afl/fuzzing_in_depth.md#c-using-multiple-cores[0m
[1;94m[*] [0mSetting up output directories...[0m
[1;94m[*] [0mChecking CPU core loadout...[0m
[1;92m[+] [0mFound a free CPU core, try binding to #0.[0m
[1;94m[*] [0mScanning 'afl-indir'...[0m
[1;92m[+] [0mLoaded a total of 1 seeds.[0m
[1;94m[*] [0mCreating hard links for all input files...[0m
[1;94m[*] [0mValidating target binary...[0m
[1;94m[*] [0mSpinning up the fork server...[0m
[1;92m[+] [0mAll right - fork server is up.[0m
[1;94m[*] [0mTarget map size: 73[0m
[1;94m[*] [0mNo auto-generated dictionary tokens to reuse.[0m
[1;94m[*] [0mLoading extra dictionary from 'afl-inputs.dict' (level 0)...[0m
[1;94m[*] [0mLoaded 80 extra tokens, size range 4 B to 6 B.[0m
[1;92m[+] [0mLoaded a total of 6 extras.[0m
[1;94m[*] [0mAttempting dry run with 'id:000000,time:0,execs:0,orig:testcase.txt'...[0m
[1;90m    len = 3, map size = 17, exec speed = 10420 us, hash = 132a48609fb7abee
[0m[1;92m[+] [0mAll test cases processed.[0m
[1;93m[!] [1;97mWARNING: [0m[1;91mThe target binary is pretty slow! See /usr/local/share/doc/afl/fuzzing_in_depth.md#i-improve-the-speed[0m
[1;92m[+] [0mHere are some useful stats:

[1;90m    Test case count : [0m1 favored, 0 variable, 0 ignored, 1 total
[1;90m       Bitmap range : [0m17 to 17 bits (average: 17.00 bits)
[1;90m        Exec timing : [0m10.4k to 10.4k us (average: 10.4k us)
[0m
[1;94m[*] [0mNo -t option specified, so I'll use an exec timeout of 40 ms.[0m
[1;92m[+] [0mAll set and ready to roll![0m
[1;94m[*] [0mEntering queue cycle 1.[0m
[1;94m[*] [0mFuzzing test case #0 (1 total, 0 crashes saved, state: started :-), mode=explore, perf_score=0, weight=0, favorite=1, was_fuzzed=0, exec_us=10420, hits=0, map=17, ascii=0, run_time=0:00:00:00)...[0m
[1;94m[*] [0mFuzzing test case #1 (2 total, 0 crashes saved, state: started :-), mode=explore, perf_score=0, weight=0, favorite=1, was_fuzzed=0, exec_us=6706, hits=3, map=18, ascii=0, run_time=0:00:00:00)...[0m
[1;94m[*] [0mFuzzing test case #1 (2 total, 0 crashes saved, state: started :-), mode=explore, perf_score=459, weight=13, favorite=1, was_fuzzed=1, exec_us=6706, hits=3, map=18, ascii=0, run_time=0:00:00:00)...[0m
[1;94m[*] [0mFuzzing test case #12 (13 total, 0 crashes saved, state: started :-), mode=explore, perf_score=0, weight=0, favorite=1, was_fuzzed=0, exec_us=5857, hits=2, map=19, ascii=0, run_time=0:00:00:21)...[0m
[1;94m[*] [0mFuzzing test case #9 (13 total, 0 crashes saved, state: started :-), mode=explore, perf_score=100, weight=6, favorite=1, was_fuzzed=0, exec_us=5727, hits=47, map=17, ascii=0, run_time=0:00:00:21)...[0m
[1;94m[*] [0mFuzzing test case #1 (14 total, 0 crashes saved, state: started :-), mode=explore, perf_score=114, weight=16, favorite=1, was_fuzzed=1, exec_us=6706, hits=662, map=18, ascii=0, run_time=0:00:00:23)...[0m
[1;94m[*] [0mFuzzing test case #1 (14 total, 0 crashes saved, state: started :-), mode=explore, perf_score=114, weight=16, favorite=1, was_fuzzed=1, exec_us=6706, hits=684, map=18, ascii=0, run_time=0:00:00:23)...[0m
[1;94m[*] [0mFuzzing test case #1 (14 total, 0 crashes saved, state: started :-), mode=explore, perf_score=114, weight=16, favorite=1, was_fuzzed=1, exec_us=6706, hits=704, map=18, ascii=0, run_time=0:00:00:24)...[0m
[1;94m[*] [0mFuzzing test case #12 (14 total, 0 crashes saved, state: started :-), mode=explore, perf_score=459, weight=7, favorite=1, was_fuzzed=1, exec_us=5857, hits=3, map=19, ascii=0, run_time=0:00:00:24)...[0m
[1;94m[*] [0mFuzzing test case #1 (17 total, 0 crashes saved, state: started :-), mode=explore, perf_score=114, weight=18, favorite=1, was_fuzzed=1, exec_us=6706, hits=760, map=18, ascii=0, run_time=0:00:00:32)...[0m
[1;94m[*] [0mFuzzing test case #1 (17 total, 0 crashes saved, state: started :-), mode=explore, perf_score=114, weight=18, favorite=1, was_fuzzed=1, exec_us=6706, hits=769, map=18, ascii=0, run_time=0:00:00:32)...[0m
[1;94m[*] [0mFuzzing test case #9 (17 total, 0 crashes saved, state: started :-), mode=explore, perf_score=114, weight=3, favorite=1, was_fuzzed=1, exec_us=5727, hits=79, map=17, ascii=0, run_time=0:00:00:33)...[0m
[1;94m[*] [0mFuzzing test case #1 (18 total, 0 crashes saved, state: started :-), mode=explore, perf_score=114, weight=19, favorite=1, was_fuzzed=1, exec_us=6706, hits=803, map=18, ascii=0, run_time=0:00:00:34)...[0m
[1;94m[*] [0mFuzzing test case #12 (18 total, 0 crashes saved, state: started :-), mode=explore, perf_score=114, weight=3, favorite=1, was_fuzzed=1, exec_us=5857, hits=89, map=19, ascii=0, run_time=0:00:00:34)...[0m
[1;94m[*] [0mFuzzing test case #1 (18 total, 0 crashes saved, state: started :-), mode=explore, perf_score=114, weight=19, favorite=1, was_fuzzed=1, exec_us=6706, hits=811, map=18, ascii=0, run_time=0:00:00:36)...[0m
[1;94m[*] [0mFuzzing test case #1 (18 total, 0 crashes saved, state: started :-), mode=explore, perf_score=114, weight=19, favorite=1, was_fuzzed=1, exec_us=6706, hits=838, map=18, ascii=0, run_time=0:00:00:36)...[0m
[1;94m[*] [0mFuzzing test case #1 (18 total, 0 crashes saved, state: started :-), mode=explore, perf_score=114, weight=19, favorite=1, was_fuzzed=1, exec_us=6706, hits=859, map=18, ascii=0, run_time=0:00:00:36)...[0m
[1;94m[*] [0mFuzzing test case #1 (18 total, 0 crashes saved, state: started :-), mode=explore, perf_score=114, weight=19, favorite=1, was_fuzzed=1, exec_us=6706, hits=878, map=18, ascii=0, run_time=0:00:00:37)...[0m
[1;94m[*] [0mFuzzing test case #1 (18 total, 0 crashes saved, state: started :-), mode=explore, perf_score=114, weight=19, favorite=1, was_fuzzed=1, exec_us=6706, hits=886, map=18, ascii=0, run_time=0:00:00:37)...[0m
[1;94m[*] [0mFuzzing test case #1 (18 total, 0 crashes saved, state: started :-), mode=explore, perf_score=114, weight=19, favorite=1, was_fuzzed=1, exec_us=6706, hits=917, map=18, ascii=0, run_time=0:00:00:37)...[0m
[1;94m[*] [0mFuzzing test case #1 (18 total, 0 crashes saved, state: started :-), mode=explore, perf_score=114, weight=19, favorite=1, was_fuzzed=1, exec_us=6706, hits=932, map=18, ascii=0, run_time=0:00:00:38)...[0m
[1;94m[*] [0mFuzzing test case #12 (18 total, 0 crashes saved, state: started :-), mode=explore, perf_score=114, weight=3, favorite=1, was_fuzzed=1, exec_us=5857, hits=100, map=19, ascii=0, run_time=0:00:00:38)...[0m
[1;94m[*] [0mEntering queue cycle 2.[0m
[1;94m[*] [0mFuzzing test case #1 (18 total, 0 crashes saved, state: started :-), mode=explore, perf_score=114, weight=19, favorite=1, was_fuzzed=1, exec_us=6706, hits=959, map=18, ascii=0, run_time=0:00:00:39)...[0m
[1;94m[*] [0mFuzzing test case #9 (18 total, 0 crashes saved, state: started :-), mode=explore, perf_score=114, weight=3, favorite=1, was_fuzzed=1, exec_us=5727, hits=111, map=17, ascii=0, run_time=0:00:00:40)...[0m
[1;94m[*] [0mFuzzing test case #12 (18 total, 0 crashes saved, state: started :-), mode=explore, perf_score=114, weight=3, favorite=1, was_fuzzed=1, exec_us=5857, hits=105, map=19, ascii=0, run_time=0:00:00:41)...[0m
[1;94m[*] [0mFuzzing test case #1 (18 total, 0 crashes saved, state: started :-), mode=explore, perf_score=114, weight=19, favorite=1, was_fuzzed=1, exec_us=6706, hits=984, map=18, ascii=0, run_time=0:00:00:42)...[0m
[1;94m[*] [0mFuzzing test case #1 (18 total, 0 crashes saved, state: started :-), mode=explore, perf_score=114, weight=19, favorite=1, was_fuzzed=1, exec_us=6706, hits=1012, map=18, ascii=0, run_time=0:00:00:43)...[0m
[1;94m[*] [0mFuzzing test case #1 (18 total, 0 crashes saved, state: started :-), mode=explore, perf_score=114, weight=19, favorite=1, was_fuzzed=1, exec_us=6706, hits=1023, map=18, ascii=0, run_time=0:00:00:43)...[0m
[1;94m[*] [0mFuzzing test case #9 (18 total, 0 crashes saved, state: started :-), mode=explore, perf_score=114, weight=3, favorite=1, was_fuzzed=1, exec_us=5727, hits=145, map=17, ascii=0, run_time=0:00:00:43)...[0m
[1;94m[*] [0mFuzzing test case #9 (18 total, 0 crashes saved, state: started :-), mode=explore, perf_score=114, weight=3, favorite=1, was_fuzzed=1, exec_us=5727, hits=173, map=17, ascii=0, run_time=0:00:00:45)...[0m
[1;94m[*] [0mFuzzing test case #1 (18 total, 0 crashes saved, state: started :-), mode=explore, perf_score=114, weight=19, favorite=1, was_fuzzed=1, exec_us=6706, hits=1072, map=18, ascii=0, run_time=0:00:00:46)...[0m
[1;94m[*] [0mFuzzing test case #1 (18 total, 0 crashes saved, state: started :-), mode=explore, perf_score=114, weight=19, favorite=1, was_fuzzed=1, exec_us=6706, hits=1095, map=18, ascii=0, run_time=0:00:00:47)...[0m
[1;94m[*] [0mFuzzing test case #1 (18 total, 0 crashes saved, state: started :-), mode=explore, perf_score=114, weight=19, favorite=1, was_fuzzed=1, exec_us=6706, hits=1109, map=18, ascii=0, run_time=0:00:00:47)...[0m
[1;94m[*] [0mFuzzing test case #17 (18 total, 0 crashes saved, state: started :-), mode=explore, perf_score=200, weight=1, favorite=0, was_fuzzed=0, exec_us=5516, hits=24, map=20, ascii=0, run_time=0:00:00:47)...[0m
[1;94m[*] [0mFuzzing test case #1 (18 total, 0 crashes saved, state: started :-), mode=explore, perf_score=114, weight=19, favorite=1, was_fuzzed=1, exec_us=6706, hits=1124, map=18, ascii=0, run_time=0:00:00:49)...[0m
[1;94m[*] [0mFuzzing test case #1 (18 total, 0 crashes saved, state: started :-), mode=explore, perf_score=114, weight=19, favorite=1, was_fuzzed=1, exec_us=6706, hits=1155, map=18, ascii=0, run_time=0:00:00:49)...[0m
[1;94m[*] [0mFuzzing test case #9 (18 total, 0 crashes saved, state: started :-), mode=explore, perf_score=114, weight=3, favorite=1, was_fuzzed=1, exec_us=5727, hits=202, map=17, ascii=0, run_time=0:00:00:50)...[0m
[1;94m[*] [0mFuzzing test case #1 (18 total, 0 crashes saved, state: started :-), mode=explore, perf_score=114, weight=19, favorite=1, was_fuzzed=1, exec_us=6706, hits=1170, map=18, ascii=0, run_time=0:00:00:51)...[0m
[1;94m[*] [0mFuzzing test case #12 (18 total, 0 crashes saved, state: started :-), mode=explore, perf_score=114, weight=3, favorite=1, was_fuzzed=1, exec_us=5857, hits=118, map=19, ascii=0, run_time=0:00:00:52)...[0m
[1;94m[*] [0mFuzzing test case #9 (18 total, 0 crashes saved, state: started :-), mode=explore, perf_score=114, weight=3, favorite=1, was_fuzzed=1, exec_us=5727, hits=225, map=17, ascii=0, run_time=0:00:00:53)...[0m
[1;94m[*] [0mFuzzing test case #1 (18 total, 0 crashes saved, state: started :-), mode=explore, perf_score=114, weight=19, favorite=1, was_fuzzed=1, exec_us=6706, hits=1213, map=18, ascii=0, run_time=0:00:00:54)...[0m
[1;94m[*] [0mFuzzing test case #1 (18 total, 0 crashes saved, state: started :-), mode=explore, perf_score=114, weight=19, favorite=1, was_fuzzed=1, exec_us=6706, hits=1220, map=18, ascii=0, run_time=0:00:00:55)...[0m
[1;94m[*] [0mEntering queue cycle 3.[0m
[1;94m[*] [0mFuzzing test case #1 (18 total, 0 crashes saved, state: started :-), mode=explore, perf_score=114, weight=19, favorite=1, was_fuzzed=1, exec_us=6706, hits=1246, map=18, ascii=0, run_time=0:00:00:55)...[0m
[1;94m[*] [0mFuzzing test case #1 (18 total, 0 crashes saved, state: started :-), mode=explore, perf_score=114, weight=19, favorite=1, was_fuzzed=1, exec_us=6706, hits=1268, map=18, ascii=0, run_time=0:00:00:55)...[0m
[1;94m[*] [0mFuzzing test case #1 (18 total, 0 crashes saved, state: started :-), mode=explore, perf_score=114, weight=19, favorite=1, was_fuzzed=1, exec_us=6706, hits=1278, map=18, ascii=0, run_time=0:00:00:56)...[0m
[1;94m[*] [0mFuzzing test case #1 (18 total, 0 crashes saved, state: started :-), mode=explore, perf_score=114, weight=19, favorite=1, was_fuzzed=1, exec_us=6706, hits=1301, map=18, ascii=0, run_time=0:00:00:56)...[0m
[1;94m[*] [0mFuzzing test case #9 (18 total, 0 crashes saved, state: started :-), mode=explore, perf_score=114, weight=3, favorite=1, was_fuzzed=1, exec_us=5727, hits=237, map=17, ascii=0, run_time=0:00:00:56)...[0m
[1;94m[*] [0mFuzzing test case #12 (18 total, 0 crashes saved, state: started :-), mode=explore, perf_score=114, weight=3, favorite=1, was_fuzzed=1, exec_us=5857, hits=136, map=19, ascii=0, run_time=0:00:00:58)...[0m
[1;94m[*] [0mFuzzing test case #1 (18 total, 0 crashes saved, state: started :-), mode=explore, perf_score=114, weight=19, favorite=1, was_fuzzed=1, exec_us=6706, hits=1328, map=18, ascii=0, run_time=0:00:00:59)...[0m
[1;94m[*] [0mFuzzing test case #1 (18 total, 0 crashes saved, state: started :-), mode=explore, perf_score=114, weight=19, favorite=1, was_fuzzed=1, exec_us=6706, hits=1346, map=18, ascii=0, run_time=0:00:00:59)...[0m
[1;94m[*] [0mFuzzing test case #1 (18 total, 0 crashes saved, state: started :-), mode=explore, perf_score=114, weight=19, favorite=1, was_fuzzed=1, exec_us=6706, hits=1362, map=18, ascii=0, run_time=0:00:01:00)...[0m
[1;94m[*] [0mFuzzing test case #9 (18 total, 0 crashes saved, state: started :-), mode=explore, perf_score=114, weight=3, favorite=1, was_fuzzed=1, exec_us=5727, hits=255, map=17, ascii=0, run_time=0:00:01:00)...[0m
[1;94m[*] [0mFuzzing test case #9 (18 total, 0 crashes saved, state: started :-), mode=explore, perf_score=114, weight=3, favorite=1, was_fuzzed=1, exec_us=5727, hits=266, map=17, ascii=0, run_time=0:00:01:02)...[0m
[1;94m[*] [0mFuzzing test case #12 (18 total, 0 crashes saved, state: started :-), mode=explore, perf_score=114, weight=3, favorite=1, was_fuzzed=1, exec_us=5857, hits=170, map=19, ascii=0, run_time=0:00:01:03)...[0m
[1;94m[*] [0mFuzzing test case #9 (18 total, 0 crashes saved, state: started :-), mode=explore, perf_score=114, weight=3, favorite=1, was_fuzzed=1, exec_us=5727, hits=297, map=17, ascii=0, run_time=0:00:01:04)...[0m
[1;94m[*] [0mFuzzing test case #1 (18 total, 0 crashes saved, state: started :-), mode=explore, perf_score=114, weight=19, favorite=1, was_fuzzed=1, exec_us=6706, hits=1403, map=18, ascii=0, run_time=0:00:01:06)...[0m
[1;94m[*] [0mFuzzing test case #9 (18 total, 0 crashes saved, state: started :-), mode=explore, perf_score=114, weight=3, favorite=1, was_fuzzed=1, exec_us=5727, hits=330, map=17, ascii=0, run_time=0:00:01:06)...[0m
[1;94m[*] [0mFuzzing test case #1 (18 total, 0 crashes saved, state: started :-), mode=explore, perf_score=114, weight=19, favorite=1, was_fuzzed=1, exec_us=6706, hits=1433, map=18, ascii=0, run_time=0:00:01:07)...[0m
[1;94m[*] [0mFuzzing test case #5 (18 total, 0 crashes saved, state: started :-), mode=explore, perf_score=100, weight=0, favorite=0, was_fuzzed=0, exec_us=5484, hits=456, map=18, ascii=0, run_time=0:00:01:08)...[0m
[1;94m[*] [0mFuzzing test case #1 (18 total, 0 crashes saved, state: started :-), mode=explore, perf_score=114, weight=18, favorite=1, was_fuzzed=1, exec_us=6706, hits=1461, map=18, ascii=0, run_time=0:00:01:09)...[0m
[1;94m[*] [0mFuzzing test case #1 (18 total, 0 crashes saved, state: started :-), mode=explore, perf_score=114, weight=18, favorite=1, was_fuzzed=1, exec_us=6706, hits=1470, map=18, ascii=0, run_time=0:00:01:09)...[0m
[1;94m[*] [0mFuzzing test case #9 (18 total, 0 crashes saved, state: started :-), mode=explore, perf_score=114, weight=3, favorite=1, was_fuzzed=1, exec_us=5727, hits=347, map=17, ascii=0, run_time=0:00:01:10)...[0m
[1;94m[*] [0mEntering queue cycle 4.[0m
[1;94m[*] [0mFuzzing test case #1 (18 total, 0 crashes saved, state: started :-), mode=explore, perf_score=114, weight=18, favorite=1, was_fuzzed=1, exec_us=6706, hits=1493, map=18, ascii=0, run_time=0:00:01:11)...[0m
[1;94m[*] [0mFuzzing test case #9 (18 total, 0 crashes saved, state: started :-), mode=explore, perf_score=114, weight=3, favorite=1, was_fuzzed=1, exec_us=5727, hits=373, map=17, ascii=0, run_time=0:00:01:11)...[0m
[1;94m[*] [0mFuzzing test case #1 (18 total, 0 crashes saved, state: started :-), mode=explore, perf_score=114, weight=18, favorite=1, was_fuzzed=1, exec_us=6706, hits=1505, map=18, ascii=0, run_time=0:00:01:13)...[0m
[1;94m[*] [0mFuzzing test case #9 (18 total, 0 crashes saved, state: started :-), mode=explore, perf_score=114, weight=3, favorite=1, was_fuzzed=1, exec_us=5727, hits=405, map=17, ascii=0, run_time=0:00:01:13)...[0m
[1;94m[*] [0mFuzzing test case #1 (18 total, 0 crashes saved, state: started :-), mode=explore, perf_score=114, weight=18, favorite=1, was_fuzzed=1, exec_us=6706, hits=1537, map=18, ascii=0, run_time=0:00:01:14)...[0m
[1;94m[*] [0mFuzzing test case #1 (18 total, 0 crashes saved, state: started :-), mode=explore, perf_score=114, weight=18, favorite=1, was_fuzzed=1, exec_us=6706, hits=1552, map=18, ascii=0, run_time=0:00:01:14)...[0m
[1;94m[*] [0mFuzzing test case #15 (18 total, 0 crashes saved, state: started :-), mode=explore, perf_score=200, weight=1, favorite=0, was_fuzzed=0, exec_us=5342, hits=35, map=19, ascii=0, run_time=0:00:01:15)...[0m
[1;94m[*] [0mFuzzing test case #18 (21 total, 0 crashes saved, state: started :-), mode=explore, perf_score=0, weight=0, favorite=1, was_fuzzed=0, exec_us=5226, hits=10, map=20, ascii=0, run_time=0:00:01:17)...[0m
[1;94m[*] [0mFuzzing test case #18 (21 total, 0 crashes saved, state: started :-), mode=explore, perf_score=1380, weight=6, favorite=1, was_fuzzed=1, exec_us=5226, hits=10, map=20, ascii=0, run_time=0:00:01:17)...[0m
[1;94m[*] [0mFuzzing test case #22 (30 total, 0 crashes saved, state: started :-), mode=explore, perf_score=0, weight=0, favorite=1, was_fuzzed=0, exec_us=4596, hits=2, map=21, ascii=0, run_time=0:00:01:55)...[0m
[1;94m[*] [0mFuzzing test case #24 (30 total, 0 crashes saved, state: started :-), mode=explore, perf_score=400, weight=23, favorite=1, was_fuzzed=0, exec_us=4888, hits=1, map=20, ascii=0, run_time=0:00:01:55)...[0m
[1;94m[*] [0mFuzzing test case #23 (32 total, 0 crashes saved, state: started :-), mode=explore, perf_score=400, weight=28, favorite=1, was_fuzzed=0, exec_us=4856, hits=6, map=22, ascii=0, run_time=0:00:01:59)...[0m
[1;94m[*] [0mFuzzing test case #26 (33 total, 0 crashes saved, state: started :-), mode=explore, perf_score=400, weight=24, favorite=1, was_fuzzed=0, exec_us=4766, hits=11, map=21, ascii=0, run_time=0:00:02:02)...[0m
[1;94m[*] [0mFuzzing test case #33 (34 total, 0 crashes saved, state: started :-), mode=explore, perf_score=0, weight=0, favorite=1, was_fuzzed=0, exec_us=5087, hits=1, map=22, ascii=0, run_time=0:00:02:06)...[0m
[1;94m[*] [0mFuzzing test case #29 (34 total, 0 crashes saved, state: started :-), mode=explore, perf_score=400, weight=13, favorite=1, was_fuzzed=0, exec_us=5054, hits=8, map=24, ascii=0, run_time=0:00:02:06)...[0m
[1;94m[*] [0mFuzzing test case #34 (36 total, 0 crashes saved, state: started :-), mode=explore, perf_score=0, weight=0, favorite=1, was_fuzzed=0, exec_us=3970, hits=1, map=25, ascii=0, run_time=0:00:02:11)...[0m
[1;94m[*] [0mFuzzing test case #1 (36 total, 0 crashes saved, state: started :-), mode=explore, perf_score=114, weight=21, favorite=1, was_fuzzed=1, exec_us=6706, hits=1626, map=18, ascii=0, run_time=0:00:02:11)...[0m
[1;94m[*] [0mFuzzing test case #1 (36 total, 0 crashes saved, state: started :-), mode=explore, perf_score=114, weight=21, favorite=1, was_fuzzed=1, exec_us=6706, hits=1662, map=18, ascii=0, run_time=0:00:02:11)...[0m
[1;94m[*] [0mFuzzing test case #34 (36 total, 0 crashes saved, state: started :-), mode=explore, perf_score=1839, weight=34, favorite=1, was_fuzzed=1, exec_us=3970, hits=1, map=25, ascii=0, run_time=0:00:02:11)...[0m
[1;94m[*] [0mFuzzing test case #31 (32 total, 0 crashes saved, state: started :-), mode=explore, perf_score=0, weight=0, favorite=1, was_fuzzed=0, exec_us=1103, hits=1, map=20, ascii=0, run_time=0:00:02:16)...[0m
[1;94m[*] [0mFuzzing test case #22 (32 total, 0 crashes saved, state: started :-), mode=explore, perf_score=100, weight=30, favorite=1, was_fuzzed=0, exec_us=1149, hits=2, map=23, ascii=0, run_time=0:00:02:16)...[0m
[1;94m[*] [0mFuzzing test case #33 (40 total, 0 crashes saved, state: started :-), mode=explore, perf_score=0, weight=0, favorite=1, was_fuzzed=0, exec_us=1059, hits=3, map=25, ascii=0, run_time=0:00:02:32)...[0m
[1;94m[*] [0mFuzzing test case #26 (40 total, 0 crashes saved, state: started :-), mode=explore, perf_score=100, weight=21, favorite=1, was_fuzzed=0, exec_us=1150, hits=1, map=22, ascii=0, run_time=0:00:02:32)...[0m
[1;94m[*] [0mFuzzing test case #18 (42 total, 0 crashes saved, state: started :-), mode=explore, perf_score=100, weight=14, favorite=1, was_fuzzed=0, exec_us=1170, hits=3, map=23, ascii=0, run_time=0:00:02:33)...[0m
[1;94m[*] [0mFuzzing test case #42 (43 total, 0 crashes saved, state: started :-), mode=explore, perf_score=0, weight=0, favorite=1, was_fuzzed=0, exec_us=1082, hits=1, map=25, ascii=0, run_time=0:00:02:33)...[0m
[1;94m[*] [0mFuzzing test case #29 (43 total, 0 crashes saved, state: started :-), mode=explore, perf_score=100, weight=23, favorite=1, was_fuzzed=0, exec_us=1096, hits=1, map=21, ascii=0, run_time=0:00:02:33)...[0m
[1;94m[*] [0mFuzzing test case #40 (45 total, 0 crashes saved, state: started :-), mode=explore, perf_score=100, weight=22, favorite=1, was_fuzzed=0, exec_us=1136, hits=1, map=22, ascii=0, run_time=0:00:02:34)...[0m
[1;94m[*] [0mFuzzing test case #47 (48 total, 0 crashes saved, state: started :-), mode=explore, perf_score=0, weight=0, favorite=1, was_fuzzed=0, exec_us=1068, hits=1, map=20, ascii=0, run_time=0:00:02:35)...[0m
[1;94m[*] [0mFuzzing test case #44 (48 total, 0 crashes saved, state: started :-), mode=explore, perf_score=100, weight=24, favorite=1, was_fuzzed=0, exec_us=1109, hits=1, map=21, ascii=0, run_time=0:00:02:35)...[0m
[1;94m[*] [0mFuzzing test case #45 (49 total, 0 crashes saved, state: started :-), mode=explore, perf_score=200, weight=38, favorite=1, was_fuzzed=0, exec_us=1082, hits=1, map=21, ascii=0, run_time=0:00:02:35)...[0m
[1;94m[*] [0mFuzzing test case #28 (50 total, 0 crashes saved, state: started :-), mode=explore, perf_score=100, weight=19, favorite=1, was_fuzzed=0, exec_us=1131, hits=2, map=24, ascii=0, run_time=0:00:02:36)...[0m
[1;94m[*] [0mFuzzing test case #23 (51 total, 0 crashes saved, state: started :-), mode=explore, perf_score=100, weight=16, favorite=1, was_fuzzed=0, exec_us=1136, hits=3, map=21, ascii=0, run_time=0:00:02:37)...[0m
[1;94m[*] [0mFuzzing test case #49 (52 total, 0 crashes saved, state: started :-), mode=explore, perf_score=0, weight=0, favorite=1, was_fuzzed=0, exec_us=1110, hits=1, map=24, ascii=0, run_time=0:00:02:37)...[0m
[1;94m[*] [0mFuzzing test case #17 (52 total, 0 crashes saved, state: started :-), mode=explore, perf_score=100, weight=24, favorite=1, was_fuzzed=0, exec_us=1169, hits=1, map=23, ascii=0, run_time=0:00:02:38)...[0m
[1;94m[*] [0mFuzzing test case #47 (52 total, 0 crashes saved, state: started :-), mode=explore, perf_score=919, weight=152, favorite=1, was_fuzzed=1, exec_us=1068, hits=1, map=20, ascii=0, run_time=0:00:02:38)...[0m
[1;94m[*] [0mFuzzing test case #39 (41 total, 0 crashes saved, state: started :-), mode=explore, perf_score=0, weight=0, favorite=1, was_fuzzed=0, exec_us=4891, hits=1, map=25, ascii=0, run_time=0:00:02:39)...[0m
[1;94m[*] [0mFuzzing test case #37 (41 total, 0 crashes saved, state: started :-), mode=explore, perf_score=600, weight=27, favorite=1, was_fuzzed=0, exec_us=4851, hits=1, map=25, ascii=0, run_time=0:00:02:39)...[0m
[1;94m[*] [0mFuzzing test case #33 (55 total, 0 crashes saved, state: started :-), mode=explore, perf_score=459, weight=38, favorite=1, was_fuzzed=1, exec_us=1059, hits=3, map=25, ascii=0, run_time=0:00:02:42)...[0m
[?25h[1;91m

+++ Testing aborted programmatically +++
[0m[1;94m[*] [0mStatistics: 54 new corpus items found, 50.68% coverage achieved, 2 crashes saved, 0 timeouts saved, total runtime 0 days, 0 hrs, 2 min, 43 sec[0m
[1;92m[+] [0mWe're done here. Have a nice day!
[0m
[1;94m[*] [0mFuzzing test case #42 (44 total, 0 crashes saved, state: started :-), mode=explore, perf_score=0, weight=0, favorite=1, was_fuzzed=0, exec_us=4760, hits=1, map=26, ascii=0, run_time=0:00:02:55)...[0m
[1;94m[*] [0mFuzzing test case #14 (44 total, 0 crashes saved, state: started :-), mode=explore, perf_score=200, weight=1, favorite=0, was_fuzzed=0, exec_us=5391, hits=61, map=19, ascii=0, run_time=0:00:02:55)...[0m
[1;94m[*] [0mFuzzing test case #43 (45 total, 0 crashes saved, state: started :-), mode=explore, perf_score=600, weight=24, favorite=1, was_fuzzed=0, exec_us=5192, hits=1, map=25, ascii=0, run_time=0:00:02:56)...[0m
[1;94m[*] [0mFuzzing test case #42 (45 total, 0 crashes saved, state: started :-), mode=explore, perf_score=2760, weight=57, favorite=1, was_fuzzed=1, exec_us=4760, hits=1, map=26, ascii=0, run_time=0:00:03:01)...[0m
[?25h[1;91m

+++ Testing aborted programmatically +++
[0m[1;94m[*] [0mStatistics: 45 new corpus items found, 50.68% coverage achieved, 1 crashes saved, 0 timeouts saved, total runtime 0 days, 0 hrs, 3 min, 6 sec[0m
[1;92m[+] [0mWe're done here. Have a nice day!
[0m
