JOB timestamp: Mon Dec 18 14:40:33 MST 2023
JOB ID: 121576
Array Task ID: 8
Current directory: /lfs/koff9454.ui/projects/plc_runtime_fuzzer/code_analysis/src
r3i4n3
gcc (Spack GCC) 12.1.0
Copyright (C) 2022 Free Software Foundation, Inc.
This is free software; see the source for copying conditions.  There is NO
warranty; not even for MERCHANTABILITY or FITNESS FOR A PARTICULAR PURPOSE.

Python 3.11.5
/lfs/koff9454.ui/miniconda3/envs/plc/bin/python
matiec version 0.1
changeset id: 
Number of programs: 3
Programs: condition_1 condition_2 condition_3
Fuzzing program: condition_3, Job ID: 8
input dir does not exist, creating
(source_file (program_definition program_name: (identifier) (variable_definition (variable_definition_body name: (identifier) address: (address) type: (basic_data_type)) (variable_definition_body name: (identifier) address: (address) type: (basic_data_type)) (variable_definition_body name: (identifier) address: (address) type: (basic_data_type))) (variable_definition (variable_definition_body name: (identifier) type: (basic_data_type)) (variable_definition_body name: (identifier) type: (basic_data_type))) (assignment (variable name: (identifier)) (binary_expression (parenthesis_expression (binary_expression (variable name: (identifier)) (variable name: (identifier)))) (parenthesis_expression (binary_expression (variable name: (identifier)) (boolean))))) (assignment (variable name: (identifier)) (binary_expression (parenthesis_expression (binary_expression (variable name: (identifier)) (boolean))) (parenthesis_expression (binary_expression (variable name: (identifier)) (boolean))))) (if_statement condition: (binary_expression (variable name: (identifier)) (variable name: (identifier))) (assignment (variable name: (identifier)) (boolean)) (else_clause (assignment (variable name: (identifier)) (boolean))))) (configuration (identifier) (resource (identifier) (task (identifier) (time) (integer)) (program_instance (identifier) (identifier) (identifier)))))
variable_name:  button1
variable_type:  BOOL
variable_address:  %IX0.0

variable_name:  button2
variable_type:  BOOL
variable_address:  %IX0.1

variable_name:  led
variable_type:  BOOL
variable_address:  %QX0.0

variable_name:  LED_STATE
variable_type:  BOOL
variable_address:  None

variable_name:  ALARM_STATE
variable_type:  BOOL
variable_address:  None

visit_assignment:  (assignment (variable name: (identifier)) (binary_expression (parenthesis_expression (binary_expression (variable name: (identifier)) (variable name: (identifier)))) (parenthesis_expression (binary_expression (variable name: (identifier)) (boolean)))))

variable name:  LED_STATE
visit_assignment:  (assignment (variable name: (identifier)) (binary_expression (parenthesis_expression (binary_expression (variable name: (identifier)) (boolean))) (parenthesis_expression (binary_expression (variable name: (identifier)) (boolean)))))

variable name:  ALARM_STATE
visit_assignment:  (assignment (variable name: (identifier)) (boolean))

variable name:  led
visit_assignment:  (assignment (variable name: (identifier)) (boolean))

variable name:  led

variables:  {'button1': ('BOOL', '%IX0.0'), 'button2': ('BOOL', '%IX0.1'), 'led': ('BOOL', '%QX0.0'), 'LED_STATE': ('BOOL', None), 'ALARM_STATE': ('BOOL', None)}
content:  %IX0.0,BOOL,9

content:  %IX0.1,BOOL,9

plc_inputs:  [{'name': '%IX0.0', 'type': 'BOOL', 'value': 9}, {'name': '%IX0.1', 'type': 'BOOL', 'value': 9}]
plc_input_code:  #include "iec_std_lib.h"
#include "iec_types_all.h" 
#include <string.h>
#include <stdlib.h>
#include "/lfs/koff9454.ui/projects/plc_runtime_fuzzer/runtime/inputs.h"

    
extern BOOL *__IX0_0;
extern BOOL *__IX0_1;

void set_plc_input(const char *name, const char *type, PLC_Value value) {

    if (strcmp(name, "%IX0.0") == 0) {
        if (strcmp(type, "BOOL") == 0) {
            *__IX0_0 = (BOOL)value._BOOL;
        }
    } else

    if (strcmp(name, "%IX0.1") == 0) {
        if (strcmp(type, "BOOL") == 0) {
            *__IX0_1 = (BOOL)value._BOOL;
        }
    }
}
harness executable does not exist, creating
~/projects/plc_runtime_fuzzer/runtime ~/projects/plc_runtime_fuzzer/code_analysis/src/programs/condition/condition_3
(source_file (program_definition program_name: (identifier) (variable_definition (variable_definition_body name: (identifier) address: (address) type: (basic_data_type)) (variable_definition_body name: (identifier) address: (address) type: (basic_data_type)) (variable_definition_body name: (identifier) address: (address) type: (basic_data_type))) (variable_definition (variable_definition_body name: (identifier) type: (basic_data_type)) (variable_definition_body name: (identifier) type: (basic_data_type))) (assignment (variable name: (identifier)) (binary_expression (parenthesis_expression (binary_expression (variable name: (identifier)) (variable name: (identifier)))) (parenthesis_expression (binary_expression (variable name: (identifier)) (boolean))))) (assignment (variable name: (identifier)) (binary_expression (parenthesis_expression (binary_expression (variable name: (identifier)) (boolean))) (parenthesis_expression (binary_expression (variable name: (identifier)) (boolean))))) (if_statement condition: (binary_expression (variable name: (identifier)) (variable name: (identifier))) (assignment (variable name: (identifier)) (boolean)) (else_clause (assignment (variable name: (identifier)) (boolean))))) (configuration (identifier) (resource (identifier) (task (identifier) (time) (integer)) (program_instance (identifier) (identifier) (identifier)))))
variable_name:  button1
variable_type:  BOOL
variable_address:  %IX0.0

variable_name:  button2
variable_type:  BOOL
variable_address:  %IX0.1

variable_name:  led
variable_type:  BOOL
variable_address:  %QX0.0

variable_name:  LED_STATE
variable_type:  BOOL
variable_address:  None

variable_name:  ALARM_STATE
variable_type:  BOOL
variable_address:  None

visit_assignment:  (assignment (variable name: (identifier)) (binary_expression (parenthesis_expression (binary_expression (variable name: (identifier)) (variable name: (identifier)))) (parenthesis_expression (binary_expression (variable name: (identifier)) (boolean)))))

variable name:  LED_STATE
visit_assignment:  (assignment (variable name: (identifier)) (binary_expression (parenthesis_expression (binary_expression (variable name: (identifier)) (boolean))) (parenthesis_expression (binary_expression (variable name: (identifier)) (boolean)))))

variable name:  ALARM_STATE
visit_assignment:  (assignment (variable name: (identifier)) (boolean))

variable name:  led
visit_assignment:  (assignment (variable name: (identifier)) (boolean))

variable name:  led

variables:  {'button1': ('BOOL', '%IX0.0'), 'button2': ('BOOL', '%IX0.1'), 'led': ('BOOL', '%QX0.0'), 'LED_STATE': ('BOOL', None), 'ALARM_STATE': ('BOOL', None)}
content:  %IX0.0,BOOL,9

content:  %IX0.1,BOOL,9

plc_inputs:  [{'name': '%IX0.0', 'type': 'BOOL', 'value': 9}, {'name': '%IX0.1', 'type': 'BOOL', 'value': 9}]
plc_input_code:  #include "iec_std_lib.h"
#include "iec_types_all.h" 
#include <string.h>
#include <stdlib.h>
#include "/lfs/koff9454.ui/projects/plc_runtime_fuzzer/runtime/inputs.h"

    
extern BOOL *__IX0_0;
extern BOOL *__IX0_1;

void set_plc_input(const char *name, const char *type, PLC_Value value) {

    if (strcmp(name, "%IX0.0") == 0) {
        if (strcmp(type, "BOOL") == 0) {
            *__IX0_0 = (BOOL)value._BOOL;
        }
    } else

    if (strcmp(name, "%IX0.1") == 0) {
        if (strcmp(type, "BOOL") == 0) {
            *__IX0_1 = (BOOL)value._BOOL;
        }
    }
}
Created temporary directory: /lfs/koff9454.ui/projects/plc_runtime_fuzzer/runtime/tmp.697QpF
Generating IEC sources from ST file
POUS.c
POUS.h
LOCATED_VARIABLES.h
VARIABLES.csv
STD_CONF.c
STD_CONF.h
STD_RESSOURCE.c
Compiling the fuzzing harness
Compiling the set_input
Creating the executable
~/projects/plc_runtime_fuzzer/code_analysis/src/programs/condition/condition_3
Current directory: /lfs/koff9454.ui/projects/plc_runtime_fuzzer/code_analysis/src/programs/condition/condition_3
Files moved to /lfs/koff9454.ui/projects/plc_runtime_fuzzer/code_analysis/src/programs/condition/condition_3
Running the fuzzers
Workdir: "/lfs/koff9454.ui/projects/plc_runtime_fuzzer/code_analysis/src/programs/condition/condition_3/runs/run-8"
Out dir at "fuzzer-outdir" already exists.
Let's fuzz :)
[Stats #0] run time: 0h-0m-0s, clients: 1, corpus: 0, objectives: 0, executions: 0, exec/sec: 0.000
[Testcase #0] run time: 0h-0m-0s, clients: 1, corpus: 1, objectives: 0, executions: 1, exec/sec: 0.000
We imported 1 inputs from disk.
[Stats #0] run time: 0h-0m-0s, clients: 1, corpus: 1, objectives: 0, executions: 1, exec/sec: 0.000
[Testcase #0] run time: 0h-0m-0s, clients: 1, corpus: 2, objectives: 0, executions: 10, exec/sec: 0.000
[Stats #0] run time: 0h-0m-0s, clients: 1, corpus: 2, objectives: 0, executions: 10, exec/sec: 0.000
[Testcase #0] run time: 0h-0m-0s, clients: 1, corpus: 3, objectives: 0, executions: 13, exec/sec: 0.000
[Objective #0] run time: 0h-0m-0s, clients: 1, corpus: 3, objectives: 1, executions: 13, exec/sec: 0.000
[Objective #0] run time: 0h-0m-0s, clients: 1, corpus: 3, objectives: 2, executions: 13, exec/sec: 0.000
[Objective #0] run time: 0h-0m-0s, clients: 1, corpus: 3, objectives: 3, executions: 13, exec/sec: 0.000
[Objective #0] run time: 0h-0m-0s, clients: 1, corpus: 3, objectives: 4, executions: 13, exec/sec: 0.000
[Objective #0] run time: 0h-0m-0s, clients: 1, corpus: 3, objectives: 5, executions: 13, exec/sec: 0.000
[Objective #0] run time: 0h-0m-0s, clients: 1, corpus: 3, objectives: 6, executions: 13, exec/sec: 0.000
[Objective #0] run time: 0h-0m-0s, clients: 1, corpus: 3, objectives: 7, executions: 13, exec/sec: 0.000
[Objective #0] run time: 0h-0m-1s, clients: 1, corpus: 3, objectives: 8, executions: 13, exec/sec: 11.51
[Objective #0] run time: 0h-0m-1s, clients: 1, corpus: 3, objectives: 9, executions: 13, exec/sec: 10.30
[Objective #0] run time: 0h-0m-1s, clients: 1, corpus: 3, objectives: 10, executions: 13, exec/sec: 9.189
[Objective #0] run time: 0h-0m-1s, clients: 1, corpus: 3, objectives: 11, executions: 13, exec/sec: 8.323
[Objective #0] run time: 0h-0m-1s, clients: 1, corpus: 3, objectives: 12, executions: 13, exec/sec: 7.645
[Objective #0] run time: 0h-0m-1s, clients: 1, corpus: 3, objectives: 13, executions: 13, exec/sec: 7.054
[Objective #0] run time: 0h-0m-1s, clients: 1, corpus: 3, objectives: 14, executions: 13, exec/sec: 6.609
[Objective #0] run time: 0h-0m-2s, clients: 1, corpus: 3, objectives: 15, executions: 13, exec/sec: 6.183
[Objective #0] run time: 0h-0m-2s, clients: 1, corpus: 3, objectives: 16, executions: 13, exec/sec: 5.814
[Objective #0] run time: 0h-0m-2s, clients: 1, corpus: 3, objectives: 17, executions: 13, exec/sec: 5.500
[Objective #0] run time: 0h-0m-2s, clients: 1, corpus: 3, objectives: 18, executions: 13, exec/sec: 5.199
[Objective #0] run time: 0h-0m-2s, clients: 1, corpus: 3, objectives: 19, executions: 13, exec/sec: 4.943
[Objective #0] run time: 0h-0m-2s, clients: 1, corpus: 3, objectives: 20, executions: 13, exec/sec: 4.674
[Objective #0] run time: 0h-0m-2s, clients: 1, corpus: 3, objectives: 21, executions: 13, exec/sec: 4.426
[Objective #0] run time: 0h-0m-3s, clients: 1, corpus: 3, objectives: 22, executions: 13, exec/sec: 4.192
[Objective #0] run time: 0h-0m-3s, clients: 1, corpus: 3, objectives: 23, executions: 13, exec/sec: 4.007
[Objective #0] run time: 0h-0m-3s, clients: 1, corpus: 3, objectives: 24, executions: 13, exec/sec: 3.853
[Objective #0] run time: 0h-0m-3s, clients: 1, corpus: 3, objectives: 25, executions: 13, exec/sec: 3.672
[Objective #0] run time: 0h-0m-3s, clients: 1, corpus: 3, objectives: 26, executions: 13, exec/sec: 3.522
[Objective #0] run time: 0h-0m-3s, clients: 1, corpus: 3, objectives: 27, executions: 13, exec/sec: 3.398
[Objective #0] run time: 0h-0m-3s, clients: 1, corpus: 3, objectives: 28, executions: 13, exec/sec: 3.270
[Objective #0] run time: 0h-0m-4s, clients: 1, corpus: 3, objectives: 29, executions: 13, exec/sec: 3.140
[Objective #0] run time: 0h-0m-4s, clients: 1, corpus: 3, objectives: 30, executions: 13, exec/sec: 3.043
[Objective #0] run time: 0h-0m-4s, clients: 1, corpus: 3, objectives: 31, executions: 13, exec/sec: 2.931
[Objective #0] run time: 0h-0m-4s, clients: 1, corpus: 3, objectives: 32, executions: 13, exec/sec: 2.838
[Objective #0] run time: 0h-0m-4s, clients: 1, corpus: 3, objectives: 33, executions: 13, exec/sec: 2.754
[Objective #0] run time: 0h-0m-4s, clients: 1, corpus: 3, objectives: 34, executions: 13, exec/sec: 2.663
[Objective #0] run time: 0h-0m-5s, clients: 1, corpus: 3, objectives: 35, executions: 13, exec/sec: 2.584
[Objective #0] run time: 0h-0m-5s, clients: 1, corpus: 3, objectives: 36, executions: 13, exec/sec: 2.496
[Objective #0] run time: 0h-0m-5s, clients: 1, corpus: 3, objectives: 37, executions: 13, exec/sec: 2.434
[Objective #0] run time: 0h-0m-5s, clients: 1, corpus: 3, objectives: 38, executions: 13, exec/sec: 2.369
[Objective #0] run time: 0h-0m-5s, clients: 1, corpus: 3, objectives: 39, executions: 13, exec/sec: 2.312
[Objective #0] run time: 0h-0m-5s, clients: 1, corpus: 3, objectives: 40, executions: 13, exec/sec: 2.245
[Objective #0] run time: 0h-0m-5s, clients: 1, corpus: 3, objectives: 41, executions: 13, exec/sec: 2.185
[Objective #0] run time: 0h-0m-6s, clients: 1, corpus: 3, objectives: 42, executions: 13, exec/sec: 2.135
[Objective #0] run time: 0h-0m-6s, clients: 1, corpus: 3, objectives: 43, executions: 13, exec/sec: 2.093
[Objective #0] run time: 0h-0m-6s, clients: 1, corpus: 3, objectives: 44, executions: 13, exec/sec: 2.041
[Objective #0] run time: 0h-0m-6s, clients: 1, corpus: 3, objectives: 45, executions: 13, exec/sec: 1.992
Crash limit reached: 1
