JOB timestamp: Mon Dec 18 15:28:05 MST 2023
JOB ID: 121636
Array Task ID: 25
Current directory: /lfs/koff9454.ui/projects/plc_runtime_fuzzer/code_analysis/src
r4i1n1
gcc (Spack GCC) 12.1.0
Copyright (C) 2022 Free Software Foundation, Inc.
This is free software; see the source for copying conditions.  There is NO
warranty; not even for MERCHANTABILITY or FITNESS FOR A PARTICULAR PURPOSE.

Python 3.11.5
/lfs/koff9454.ui/miniconda3/envs/plc/bin/python
matiec version 0.1
changeset id: 
Number of programs: 3
Programs: condition_1 condition_2 condition_3
Fuzzing program: condition_2, Job ID: 25
input dir exist, skipping
harness file exist, skipping
Running the fuzzers
Workdir: "/lfs/koff9454.ui/projects/plc_runtime_fuzzer/code_analysis/src/programs/condition/condition_2/runs/run-25"
Out dir at "fuzzer-outdir" already exists.
Let's fuzz :)
[Stats #0] run time: 0h-0m-0s, clients: 1, corpus: 0, objectives: 0, executions: 0, exec/sec: 0.000
[Testcase #0] run time: 0h-0m-0s, clients: 1, corpus: 1, objectives: 0, executions: 1, exec/sec: 0.000
We imported 1 inputs from disk.
[Objective #0] run time: 0h-0m-0s, clients: 1, corpus: 1, objectives: 1, executions: 1, exec/sec: 0.000
[Objective #0] run time: 0h-0m-0s, clients: 1, corpus: 1, objectives: 2, executions: 1, exec/sec: 0.000
[Stats #0] run time: 0h-0m-0s, clients: 1, corpus: 1, objectives: 2, executions: 1, exec/sec: 0.000
[Testcase #0] run time: 0h-0m-0s, clients: 1, corpus: 2, objectives: 2, executions: 12, exec/sec: 0.000
[Objective #0] run time: 0h-0m-0s, clients: 1, corpus: 2, objectives: 3, executions: 12, exec/sec: 0.000
[Objective #0] run time: 0h-0m-0s, clients: 1, corpus: 2, objectives: 4, executions: 12, exec/sec: 0.000
[Objective #0] run time: 0h-0m-0s, clients: 1, corpus: 2, objectives: 5, executions: 12, exec/sec: 0.000
[Objective #0] run time: 0h-0m-0s, clients: 1, corpus: 2, objectives: 6, executions: 12, exec/sec: 0.000
[Objective #0] run time: 0h-0m-1s, clients: 1, corpus: 2, objectives: 7, executions: 12, exec/sec: 11.75
[Objective #0] run time: 0h-0m-1s, clients: 1, corpus: 2, objectives: 8, executions: 12, exec/sec: 10.41
[Objective #0] run time: 0h-0m-1s, clients: 1, corpus: 2, objectives: 9, executions: 12, exec/sec: 9.307
[Objective #0] run time: 0h-0m-1s, clients: 1, corpus: 2, objectives: 10, executions: 12, exec/sec: 8.447
[Objective #0] run time: 0h-0m-1s, clients: 1, corpus: 2, objectives: 11, executions: 12, exec/sec: 7.712
[Objective #0] run time: 0h-0m-1s, clients: 1, corpus: 2, objectives: 12, executions: 12, exec/sec: 7.113
[Objective #0] run time: 0h-0m-1s, clients: 1, corpus: 2, objectives: 13, executions: 12, exec/sec: 6.507
[Objective #0] run time: 0h-0m-1s, clients: 1, corpus: 2, objectives: 14, executions: 12, exec/sec: 6.079
[1;92m[+] [0mEnabled environment variable AFL_BENCH_UNTIL_CRASH with value 1[0m
[1;92m[+] [0mEnabled environment variable AFL_IGNORE_SEED_PROBLEMS with value 1[0m
[1;92m[+] [0mEnabled environment variable AFL_I_DONT_CARE_ABOUT_MISSING_CRASHES with value 1[0m
[1;92m[+] [0mEnabled environment variable AFL_SKIP_CPUFREQ with value 1[0m
[1;92m[+] [0mEnabled environment variable AFL_TRY_AFFINITY with value 1[0m
[1;93m[!] [1;97mWARNING: [0mPotentially mistyped AFL environment variable: USE_PCM_DB=2, did you mean AFL_USE_PCM_DB=2?[0m
[0;36mafl-fuzz++4.09a[0m based on afl by Michal Zalewski and a large online community
[1;92m[+] [0mAFL++ is maintained by Marc "van Hauser" Heuse, Dominik Maier, Andrea Fioraldi and Heiko "hexcoder" Eißfeldt[0m
[1;92m[+] [0mAFL++ is open source, get it at https://github.com/AFLplusplus/AFLplusplus[0m
[1;92m[+] [0mNOTE: AFL++ >= v3 has changed defaults and behaviours - see README.md[0m
[1;92m[+] [0mNo -M/-S set, autoconfiguring for "-S default"[0m
[1;94m[*] [0mGetting to work...[0m
[1;92m[+] [0mUsing exponential power schedule (FAST)[0m
[1;92m[+] [0mEnabled testcache with 50 MB[0m
[1;92m[+] [0mGenerating fuzz data with a length of min=1 max=1048576[0m
[1;94m[*] [0mChecking core_pattern...[0m

[1;91m[-] [0mHmm, your system is configured to send core dump notifications to an
    external utility. This will cause issues: there will be an extended delay
    between stumbling upon a crash and having this information relayed to the
    fuzzer via the standard waitpid() API.
    If you're just testing, set 'AFL_I_DONT_CARE_ABOUT_MISSING_CRASHES=1'.

    To avoid having crashes misinterpreted as timeouts, please log in as root
    and temporarily modify /proc/sys/kernel/core_pattern, like so:

    echo core >/proc/sys/kernel/core_pattern
[1;92m[+] [0mLooks like we're not running on a tty, so I'll be a bit less verbose.[0m
[1;92m[+] [0mYou have 36 CPU cores and 6 runnable tasks (utilization: 17%).[0m
[1;92m[+] [0mTry parallel jobs - see /usr/local/share/doc/afl/fuzzing_in_depth.md#c-using-multiple-cores[0m
[1;94m[*] [0mSetting up output directories...[0m
[1;94m[*] [0mChecking CPU core loadout...[0m
[1;92m[+] [0mFound a free CPU core, try binding to #0.[0m
[1;94m[*] [0mScanning 'afl-indir'...[0m
[1;92m[+] [0mLoaded a total of 1 seeds.[0m
[1;94m[*] [0mCreating hard links for all input files...[0m
[1;94m[*] [0mValidating target binary...[0m
[1;94m[*] [0mSpinning up the fork server...[0m
[1;92m[+] [0mAll right - fork server is up.[0m
[1;94m[*] [0mTarget map size: 74[0m
[1;94m[*] [0mNo auto-generated dictionary tokens to reuse.[0m
[1;94m[*] [0mLoading extra dictionary from 'afl-inputs.dict' (level 0)...[0m
[1;94m[*] [0mLoaded 80 extra tokens, size range 4 B to 6 B.[0m
[1;92m[+] [0mLoaded a total of 6 extras.[0m
[1;94m[*] [0mAttempting dry run with 'id:000000,time:0,execs:0,orig:testcase.txt'...[0m
[1;90m    len = 3, map size = 19, exec speed = 7992 us, hash = ca589d48df9abc58
[0m[1;92m[+] [0mAll test cases processed.[0m
[1;92m[+] [0mHere are some useful stats:

[1;90m    Test case count : [0m1 favored, 0 variable, 0 ignored, 1 total
[1;90m       Bitmap range : [0m19 to 19 bits (average: 19.00 bits)
[1;90m        Exec timing : [0m7992 to 7992 us (average: 7992 us)
[0m
[1;94m[*] [0mNo -t option specified, so I'll use an exec timeout of 40 ms.[0m
[1;92m[+] [0mAll set and ready to roll![0m
[1;94m[*] [0mEntering queue cycle 1.[0m
[1;94m[*] [0mFuzzing test case #0 (1 total, 0 crashes saved, state: started :-), mode=explore, perf_score=0, weight=0, favorite=1, was_fuzzed=0, exec_us=7992, hits=0, map=19, ascii=0, run_time=0:00:00:00)...[0m
[Objective #0] run time: 0h-0m-2s, clients: 1, corpus: 2, objectives: 15, executions: 12, exec/sec: 5.617
[1;92m[+] [0mEnabled environment variable AFL_BENCH_UNTIL_CRASH with value 1[0m
[1;92m[+] [0mEnabled environment variable AFL_IGNORE_SEED_PROBLEMS with value 1[0m
[1;92m[+] [0mEnabled environment variable AFL_I_DONT_CARE_ABOUT_MISSING_CRASHES with value 1[0m
[1;92m[+] [0mEnabled environment variable AFL_SKIP_CPUFREQ with value 1[0m
[1;92m[+] [0mEnabled environment variable AFL_TRY_AFFINITY with value 1[0m
[1;93m[!] [1;97mWARNING: [0mPotentially mistyped AFL environment variable: USE_PCM_DB=2, did you mean AFL_USE_PCM_DB=2?[0m
[0;36mafl-fuzz++4.09a[0m based on afl by Michal Zalewski and a large online community
[1;92m[+] [0mAFL++ is maintained by Marc "van Hauser" Heuse, Dominik Maier, Andrea Fioraldi and Heiko "hexcoder" Eißfeldt[0m
[1;92m[+] [0mAFL++ is open source, get it at https://github.com/AFLplusplus/AFLplusplus[0m
[1;92m[+] [0mNOTE: AFL++ >= v3 has changed defaults and behaviours - see README.md[0m
[1;92m[+] [0mNo -M/-S set, autoconfiguring for "-S default"[0m
[1;94m[*] [0mGetting to work...[0m
[1;92m[+] [0mUsing exponential power schedule (FAST)[0m
[1;92m[+] [0mEnabled testcache with 50 MB[0m
[1;92m[+] [0mGenerating fuzz data with a length of min=1 max=1048576[0m
[1;94m[*] [0mChecking core_pattern...[0m

[1;91m[-] [0mHmm, your system is configured to send core dump notifications to an
    external utility. This will cause issues: there will be an extended delay
    between stumbling upon a crash and having this information relayed to the
    fuzzer via the standard waitpid() API.
    If you're just testing, set 'AFL_I_DONT_CARE_ABOUT_MISSING_CRASHES=1'.

    To avoid having crashes misinterpreted as timeouts, please log in as root
    and temporarily modify /proc/sys/kernel/core_pattern, like so:

    echo core >/proc/sys/kernel/core_pattern
[1;92m[+] [0mLooks like we're not running on a tty, so I'll be a bit less verbose.[0m
[1;92m[+] [0mYou have 36 CPU cores and 8 runnable tasks (utilization: 22%).[0m
[1;92m[+] [0mTry parallel jobs - see /usr/local/share/doc/afl/fuzzing_in_depth.md#c-using-multiple-cores[0m
[1;94m[*] [0mSetting up output directories...[0m
[1;94m[*] [0mChecking CPU core loadout...[0m
[1;92m[+] [0mFound a free CPU core, try binding to #2.[0m
[1;94m[*] [0mScanning 'our-indir'...[0m
[1;92m[+] [0mLoaded a total of 1 seeds.[0m
[1;94m[*] [0mCreating hard links for all input files...[0m
[1;94m[*] [0mValidating target binary...[0m
[1;94m[*] [0mSpinning up the fork server...[0m
[1;92m[+] [0mAll right - fork server is up.[0m
[1;94m[*] [0mTarget map size: 74[0m
[1;94m[*] [0mNo auto-generated dictionary tokens to reuse.[0m
[1;94m[*] [0mLoading extra dictionary from 'our-inputs.dict' (level 0)...[0m
[1;94m[*] [0mLoaded 80 extra tokens, size range 4 B to 6 B.[0m
[1;92m[+] [0mLoaded a total of 6 extras.[0m
[1;94m[*] [0mAttempting dry run with 'id:000000,time:0,execs:0,orig:variables.txt'...[0m
[1;90m    len = 560, map size = 20, exec speed = 7042 us, hash = fe825d59491019c6
[0m[1;92m[+] [0mAll test cases processed.[0m
[1;92m[+] [0mHere are some useful stats:

[1;90m    Test case count : [0m1 favored, 0 variable, 0 ignored, 1 total
[1;90m       Bitmap range : [0m20 to 20 bits (average: 20.00 bits)
[1;90m        Exec timing : [0m7042 to 7042 us (average: 7042 us)
[0m
[1;94m[*] [0mNo -t option specified, so I'll use an exec timeout of 40 ms.[0m
[1;92m[+] [0mAll set and ready to roll![0m
[1;94m[*] [0mEntering queue cycle 1.[0m
[1;94m[*] [0mFuzzing test case #0 (1 total, 0 crashes saved, state: started :-), mode=explore, perf_score=0, weight=0, favorite=1, was_fuzzed=0, exec_us=7042, hits=0, map=20, ascii=0, run_time=0:00:00:00)...[0m
[Objective #0] run time: 0h-0m-2s, clients: 1, corpus: 2, objectives: 16, executions: 12, exec/sec: 5.248
[1;94m[*] [0mFuzzing test case #1 (2 total, 0 crashes saved, state: started :-), mode=explore, perf_score=0, weight=0, favorite=1, was_fuzzed=0, exec_us=5811, hits=2, map=20, ascii=0, run_time=0:00:00:00)...[0m
[1;94m[*] [0mFuzzing test case #1 (2 total, 0 crashes saved, state: started :-), mode=explore, perf_score=459, weight=14, favorite=1, was_fuzzed=1, exec_us=5811, hits=2, map=20, ascii=0, run_time=0:00:00:00)...[0m
[Objective #0] run time: 0h-0m-2s, clients: 1, corpus: 2, objectives: 17, executions: 12, exec/sec: 4.932
[Objective #0] run time: 0h-0m-2s, clients: 1, corpus: 2, objectives: 18, executions: 12, exec/sec: 4.658
[Objective #0] run time: 0h-0m-2s, clients: 1, corpus: 2, objectives: 19, executions: 12, exec/sec: 4.408
[Objective #0] run time: 0h-0m-2s, clients: 1, corpus: 2, objectives: 20, executions: 12, exec/sec: 4.153
[Objective #0] run time: 0h-0m-3s, clients: 1, corpus: 2, objectives: 21, executions: 12, exec/sec: 3.959
[Objective #0] run time: 0h-0m-3s, clients: 1, corpus: 2, objectives: 22, executions: 12, exec/sec: 3.789
[Objective #0] run time: 0h-0m-3s, clients: 1, corpus: 2, objectives: 23, executions: 12, exec/sec: 3.636
[Objective #0] run time: 0h-0m-3s, clients: 1, corpus: 2, objectives: 24, executions: 12, exec/sec: 3.499
[Objective #0] run time: 0h-0m-3s, clients: 1, corpus: 2, objectives: 25, executions: 12, exec/sec: 3.351
[Objective #0] run time: 0h-0m-3s, clients: 1, corpus: 2, objectives: 26, executions: 12, exec/sec: 3.229
[Objective #0] run time: 0h-0m-3s, clients: 1, corpus: 2, objectives: 27, executions: 12, exec/sec: 3.117
[Objective #0] run time: 0h-0m-4s, clients: 1, corpus: 2, objectives: 28, executions: 12, exec/sec: 3.006
[Objective #0] run time: 0h-0m-4s, clients: 1, corpus: 2, objectives: 29, executions: 12, exec/sec: 2.906
[Objective #0] run time: 0h-0m-4s, clients: 1, corpus: 2, objectives: 30, executions: 12, exec/sec: 2.811
[Objective #0] run time: 0h-0m-4s, clients: 1, corpus: 2, objectives: 31, executions: 12, exec/sec: 2.730
[Objective #0] run time: 0h-0m-4s, clients: 1, corpus: 2, objectives: 32, executions: 12, exec/sec: 2.637
[Objective #0] run time: 0h-0m-4s, clients: 1, corpus: 2, objectives: 33, executions: 12, exec/sec: 2.559
[Objective #0] run time: 0h-0m-4s, clients: 1, corpus: 2, objectives: 34, executions: 12, exec/sec: 2.489
[Objective #0] run time: 0h-0m-4s, clients: 1, corpus: 2, objectives: 35, executions: 12, exec/sec: 2.423
[Objective #0] run time: 0h-0m-5s, clients: 1, corpus: 2, objectives: 36, executions: 12, exec/sec: 2.356
[Objective #0] run time: 0h-0m-5s, clients: 1, corpus: 2, objectives: 37, executions: 12, exec/sec: 2.295
[Objective #0] run time: 0h-0m-5s, clients: 1, corpus: 2, objectives: 38, executions: 12, exec/sec: 2.238
[Objective #0] run time: 0h-0m-5s, clients: 1, corpus: 2, objectives: 39, executions: 12, exec/sec: 2.178
[Objective #0] run time: 0h-0m-5s, clients: 1, corpus: 2, objectives: 40, executions: 12, exec/sec: 2.121
[Objective #0] run time: 0h-0m-5s, clients: 1, corpus: 2, objectives: 41, executions: 12, exec/sec: 2.069
[Objective #0] run time: 0h-0m-5s, clients: 1, corpus: 2, objectives: 42, executions: 12, exec/sec: 2.010
[Objective #0] run time: 0h-0m-6s, clients: 1, corpus: 2, objectives: 43, executions: 12, exec/sec: 1.963
[Objective #0] run time: 0h-0m-6s, clients: 1, corpus: 2, objectives: 44, executions: 12, exec/sec: 1.917
[Objective #0] run time: 0h-0m-6s, clients: 1, corpus: 2, objectives: 45, executions: 12, exec/sec: 1.873
[Objective #0] run time: 0h-0m-6s, clients: 1, corpus: 2, objectives: 46, executions: 12, exec/sec: 1.832
[Objective #0] run time: 0h-0m-6s, clients: 1, corpus: 2, objectives: 47, executions: 12, exec/sec: 1.795
[Objective #0] run time: 0h-0m-6s, clients: 1, corpus: 2, objectives: 48, executions: 12, exec/sec: 1.759
[Objective #0] run time: 0h-0m-6s, clients: 1, corpus: 2, objectives: 49, executions: 12, exec/sec: 1.719
[Objective #0] run time: 0h-0m-7s, clients: 1, corpus: 2, objectives: 50, executions: 12, exec/sec: 1.684
[Objective #0] run time: 0h-0m-7s, clients: 1, corpus: 2, objectives: 51, executions: 12, exec/sec: 1.653
[Objective #0] run time: 0h-0m-7s, clients: 1, corpus: 2, objectives: 52, executions: 12, exec/sec: 1.620
[Objective #0] run time: 0h-0m-7s, clients: 1, corpus: 2, objectives: 53, executions: 12, exec/sec: 1.593
[Objective #0] run time: 0h-0m-7s, clients: 1, corpus: 2, objectives: 54, executions: 12, exec/sec: 1.563
[Objective #0] run time: 0h-0m-7s, clients: 1, corpus: 2, objectives: 55, executions: 12, exec/sec: 1.530
[Objective #0] run time: 0h-0m-8s, clients: 1, corpus: 2, objectives: 56, executions: 12, exec/sec: 1.498
[Objective #0] run time: 0h-0m-8s, clients: 1, corpus: 2, objectives: 57, executions: 12, exec/sec: 1.473
[Objective #0] run time: 0h-0m-8s, clients: 1, corpus: 2, objectives: 58, executions: 12, exec/sec: 1.445
[Objective #0] run time: 0h-0m-8s, clients: 1, corpus: 2, objectives: 59, executions: 12, exec/sec: 1.421
[Objective #0] run time: 0h-0m-8s, clients: 1, corpus: 2, objectives: 60, executions: 12, exec/sec: 1.398
[Objective #0] run time: 0h-0m-8s, clients: 1, corpus: 2, objectives: 61, executions: 12, exec/sec: 1.374
[Objective #0] run time: 0h-0m-8s, clients: 1, corpus: 2, objectives: 62, executions: 12, exec/sec: 1.353
[Objective #0] run time: 0h-0m-9s, clients: 1, corpus: 2, objectives: 63, executions: 12, exec/sec: 1.332
[Objective #0] run time: 0h-0m-9s, clients: 1, corpus: 2, objectives: 64, executions: 12, exec/sec: 1.307
[Objective #0] run time: 0h-0m-9s, clients: 1, corpus: 2, objectives: 65, executions: 12, exec/sec: 1.286
[Objective #0] run time: 0h-0m-9s, clients: 1, corpus: 2, objectives: 66, executions: 12, exec/sec: 1.268
[Objective #0] run time: 0h-0m-9s, clients: 1, corpus: 2, objectives: 67, executions: 12, exec/sec: 1.250
[Objective #0] run time: 0h-0m-9s, clients: 1, corpus: 2, objectives: 68, executions: 12, exec/sec: 1.232
[Objective #0] run time: 0h-0m-9s, clients: 1, corpus: 2, objectives: 69, executions: 12, exec/sec: 1.215
[Objective #0] run time: 0h-0m-10s, clients: 1, corpus: 2, objectives: 70, executions: 12, exec/sec: 1.197
[Objective #0] run time: 0h-0m-10s, clients: 1, corpus: 2, objectives: 71, executions: 12, exec/sec: 1.181
Crash limit reached: 1
[1;94m[*] [0mFuzzing test case #13 (14 total, 0 crashes saved, state: started :-), mode=explore, perf_score=0, weight=0, favorite=1, was_fuzzed=0, exec_us=1920, hits=7, map=21, ascii=0, run_time=0:00:01:47)...[0m
[1;94m[*] [0mFuzzing test case #2 (14 total, 0 crashes saved, state: started :-), mode=explore, perf_score=150, weight=13, favorite=1, was_fuzzed=0, exec_us=2475, hits=93, map=19, ascii=0, run_time=0:00:01:47)...[0m
[1;94m[*] [0mFuzzing test case #2 (15 total, 0 crashes saved, state: started :-), mode=explore, perf_score=172, weight=6, favorite=1, was_fuzzed=1, exec_us=2475, hits=179, map=19, ascii=0, run_time=0:00:01:48)...[0m
[1;94m[*] [0mFuzzing test case #2 (15 total, 0 crashes saved, state: started :-), mode=explore, perf_score=172, weight=6, favorite=1, was_fuzzed=1, exec_us=2475, hits=252, map=19, ascii=0, run_time=0:00:01:49)...[0m
[1;94m[*] [0mFuzzing test case #13 (15 total, 0 crashes saved, state: started :-), mode=explore, perf_score=517, weight=13, favorite=1, was_fuzzed=1, exec_us=1920, hits=13, map=21, ascii=0, run_time=0:00:01:50)...[0m
[?25h[1;91m

+++ Testing aborted programmatically +++
[0m[1;94m[*] [0mStatistics: 23 new corpus items found, 44.59% coverage achieved, 1 crashes saved, 0 timeouts saved, total runtime 0 days, 0 hrs, 2 min, 18 sec[0m
[1;92m[+] [0mWe're done here. Have a nice day!
[0m
[1;94m[*] [0mFuzzing test case #18 (23 total, 0 crashes saved, state: started :-), mode=explore, perf_score=0, weight=0, favorite=1, was_fuzzed=0, exec_us=1941, hits=16, map=21, ascii=0, run_time=0:00:03:14)...[0m
[1;94m[*] [0mFuzzing test case #16 (23 total, 0 crashes saved, state: started :-), mode=explore, perf_score=300, weight=21, favorite=1, was_fuzzed=0, exec_us=1817, hits=13, map=21, ascii=0, run_time=0:00:03:14)...[0m
[1;94m[*] [0mFuzzing test case #19 (25 total, 0 crashes saved, state: started :-), mode=explore, perf_score=300, weight=24, favorite=1, was_fuzzed=0, exec_us=1975, hits=6, map=23, ascii=0, run_time=0:00:03:16)...[0m
[1;94m[*] [0mFuzzing test case #26 (31 total, 0 crashes saved, state: started :-), mode=explore, perf_score=0, weight=0, favorite=1, was_fuzzed=0, exec_us=1726, hits=9, map=21, ascii=0, run_time=0:00:04:07)...[0m
[1;94m[*] [0mFuzzing test case #28 (31 total, 0 crashes saved, state: started :-), mode=explore, perf_score=300, weight=44, favorite=1, was_fuzzed=0, exec_us=1739, hits=1, map=24, ascii=0, run_time=0:00:04:07)...[0m
[1;94m[*] [0mFuzzing test case #27 (33 total, 0 crashes saved, state: started :-), mode=explore, perf_score=300, weight=50, favorite=1, was_fuzzed=0, exec_us=1664, hits=7, map=23, ascii=0, run_time=0:00:04:10)...[0m
[1;94m[*] [0mFuzzing test case #21 (40 total, 0 crashes saved, state: started :-), mode=explore, perf_score=200, weight=20, favorite=1, was_fuzzed=0, exec_us=1667, hits=17, map=23, ascii=0, run_time=0:00:04:35)...[0m
[1;94m[*] [0mFuzzing test case #27 (41 total, 0 crashes saved, state: started :-), mode=explore, perf_score=459, weight=22, favorite=1, was_fuzzed=1, exec_us=1664, hits=18, map=23, ascii=0, run_time=0:00:04:36)...[0m
[1;94m[*] [0mFuzzing test case #27 (42 total, 0 crashes saved, state: started :-), mode=explore, perf_score=459, weight=20, favorite=1, was_fuzzed=1, exec_us=1664, hits=27, map=23, ascii=0, run_time=0:00:04:39)...[0m
[1;94m[*] [0mFuzzing test case #1 (42 total, 0 crashes saved, state: in progress, mode=explore, perf_score=86, weight=16, favorite=1, was_fuzzed=1, exec_us=5811, hits=3923, map=20, ascii=0, run_time=0:00:05:00)...[0m
[1;94m[*] [0mFuzzing test case #16 (42 total, 0 crashes saved, state: in progress, mode=explore, perf_score=229, weight=6, favorite=1, was_fuzzed=1, exec_us=1817, hits=306, map=21, ascii=0, run_time=0:00:05:00)...[0m
[1;94m[*] [0mFuzzing test case #27 (43 total, 0 crashes saved, state: in progress, mode=explore, perf_score=229, weight=16, favorite=1, was_fuzzed=1, exec_us=1664, hits=104, map=23, ascii=0, run_time=0:00:05:01)...[0m
[1;94m[*] [0mFuzzing test case #1 (43 total, 0 crashes saved, state: in progress, mode=explore, perf_score=86, weight=16, favorite=1, was_fuzzed=1, exec_us=5811, hits=4081, map=20, ascii=0, run_time=0:00:05:02)...[0m
[1;94m[*] [0mFuzzing test case #19 (43 total, 0 crashes saved, state: in progress, mode=explore, perf_score=229, weight=5, favorite=1, was_fuzzed=1, exec_us=1975, hits=774, map=23, ascii=0, run_time=0:00:05:02)...[0m
[1;94m[*] [0mFuzzing test case #27 (43 total, 0 crashes saved, state: in progress, mode=explore, perf_score=229, weight=16, favorite=1, was_fuzzed=1, exec_us=1664, hits=115, map=23, ascii=0, run_time=0:00:05:03)...[0m
[1;94m[*] [0mFuzzing test case #26 (44 total, 0 crashes saved, state: in progress, mode=explore, perf_score=690, weight=10, favorite=1, was_fuzzed=1, exec_us=1726, hits=12, map=21, ascii=0, run_time=0:00:05:05)...[0m
[1;94m[*] [0mFuzzing test case #27 (45 total, 0 crashes saved, state: in progress, mode=explore, perf_score=229, weight=16, favorite=1, was_fuzzed=1, exec_us=1664, hits=153, map=23, ascii=0, run_time=0:00:05:36)...[0m
[1;94m[*] [0mFuzzing test case #27 (45 total, 0 crashes saved, state: in progress, mode=explore, perf_score=229, weight=16, favorite=1, was_fuzzed=1, exec_us=1664, hits=189, map=23, ascii=0, run_time=0:00:05:37)...[0m
[1;94m[*] [0mFuzzing test case #46 (48 total, 0 crashes saved, state: in progress, mode=explore, perf_score=0, weight=0, favorite=1, was_fuzzed=0, exec_us=1702, hits=3, map=26, ascii=0, run_time=0:00:05:39)...[0m
[1;94m[*] [0mFuzzing test case #37 (48 total, 0 crashes saved, state: in progress, mode=explore, perf_score=200, weight=3, favorite=0, was_fuzzed=0, exec_us=1765, hits=1, map=25, ascii=0, run_time=0:00:05:39)...[0m
[1;94m[*] [0mFuzzing test case #28 (48 total, 0 crashes saved, state: in progress, mode=explore, perf_score=229, weight=8, favorite=1, was_fuzzed=1, exec_us=1739, hits=49, map=24, ascii=0, run_time=0:00:05:40)...[0m
[1;94m[*] [0mFuzzing test case #21 (48 total, 0 crashes saved, state: in progress, mode=explore, perf_score=459, weight=9, favorite=1, was_fuzzed=1, exec_us=1667, hits=25, map=23, ascii=0, run_time=0:00:06:05)...[0m
[1;94m[*] [0mFuzzing test case #1 (48 total, 0 crashes saved, state: in progress, mode=explore, perf_score=86, weight=16, favorite=1, was_fuzzed=1, exec_us=5811, hits=4703, map=20, ascii=0, run_time=0:00:06:07)...[0m
[1;94m[*] [0mFuzzing test case #27 (48 total, 0 crashes saved, state: in progress, mode=explore, perf_score=229, weight=15, favorite=1, was_fuzzed=1, exec_us=1664, hits=199, map=23, ascii=0, run_time=0:00:06:07)...[0m
[1;94m[*] [0mFuzzing test case #13 (48 total, 0 crashes saved, state: in progress, mode=explore, perf_score=114, weight=5, favorite=1, was_fuzzed=1, exec_us=1920, hits=500, map=21, ascii=0, run_time=0:00:06:09)...[0m
[1;94m[*] [0mFuzzing test case #46 (48 total, 0 crashes saved, state: in progress, mode=explore, perf_score=919, weight=16, favorite=1, was_fuzzed=1, exec_us=1702, hits=3, map=26, ascii=0, run_time=0:00:06:10)...[0m
[1;94m[*] [0mFuzzing test case #1 (49 total, 0 crashes saved, state: in progress, mode=explore, perf_score=86, weight=17, favorite=1, was_fuzzed=1, exec_us=5811, hits=4909, map=20, ascii=0, run_time=0:00:06:40)...[0m
[1;94m[*] [0mFuzzing test case #1 (49 total, 0 crashes saved, state: in progress, mode=explore, perf_score=86, weight=17, favorite=1, was_fuzzed=1, exec_us=5811, hits=4936, map=20, ascii=0, run_time=0:00:06:40)...[0m
[1;94m[*] [0mFuzzing test case #13 (49 total, 0 crashes saved, state: in progress, mode=explore, perf_score=114, weight=5, favorite=1, was_fuzzed=1, exec_us=1920, hits=533, map=21, ascii=0, run_time=0:00:06:40)...[0m
[1;94m[*] [0mFuzzing test case #46 (49 total, 0 crashes saved, state: in progress, mode=explore, perf_score=229, weight=6, favorite=1, was_fuzzed=1, exec_us=1702, hits=404, map=26, ascii=0, run_time=0:00:06:41)...[0m
[1;94m[*] [0mFuzzing test case #21 (51 total, 0 crashes saved, state: in progress, mode=explore, perf_score=229, weight=8, favorite=1, was_fuzzed=1, exec_us=1667, hits=109, map=23, ascii=0, run_time=0:00:06:42)...[0m
[1;94m[*] [0mFuzzing test case #27 (51 total, 0 crashes saved, state: in progress, mode=explore, perf_score=229, weight=15, favorite=1, was_fuzzed=1, exec_us=1664, hits=220, map=23, ascii=0, run_time=0:00:06:55)...[0m
[1;94m[*] [0mFuzzing test case #27 (51 total, 0 crashes saved, state: in progress, mode=explore, perf_score=229, weight=15, favorite=1, was_fuzzed=1, exec_us=1664, hits=235, map=23, ascii=0, run_time=0:00:07:14)...[0m
[1;94m[*] [0mFuzzing test case #21 (51 total, 0 crashes saved, state: in progress, mode=explore, perf_score=229, weight=8, favorite=1, was_fuzzed=1, exec_us=1667, hits=131, map=23, ascii=0, run_time=0:00:07:15)...[0m
[1;94m[*] [0mFuzzing test case #27 (51 total, 0 crashes saved, state: in progress, mode=explore, perf_score=229, weight=15, favorite=1, was_fuzzed=1, exec_us=1664, hits=257, map=23, ascii=0, run_time=0:00:07:16)...[0m
[1;94m[*] [0mFuzzing test case #1 (51 total, 0 crashes saved, state: in progress, mode=explore, perf_score=57, weight=17, favorite=1, was_fuzzed=1, exec_us=5811, hits=5204, map=20, ascii=0, run_time=0:00:07:17)...[0m
[1;94m[*] [0mFuzzing test case #18 (51 total, 0 crashes saved, state: in progress, mode=explore, perf_score=229, weight=7, favorite=1, was_fuzzed=1, exec_us=1941, hits=73, map=21, ascii=0, run_time=0:00:07:17)...[0m
[1;94m[*] [0mFuzzing test case #27 (51 total, 0 crashes saved, state: in progress, mode=explore, perf_score=229, weight=15, favorite=1, was_fuzzed=1, exec_us=1664, hits=264, map=23, ascii=0, run_time=0:00:07:18)...[0m
[1;94m[*] [0mFuzzing test case #1 (51 total, 0 crashes saved, state: in progress, mode=explore, perf_score=57, weight=17, favorite=1, was_fuzzed=1, exec_us=5811, hits=5308, map=20, ascii=0, run_time=0:00:07:20)...[0m
[1;94m[*] [0mFuzzing test case #21 (51 total, 0 crashes saved, state: in progress, mode=explore, perf_score=229, weight=8, favorite=1, was_fuzzed=1, exec_us=1667, hits=141, map=23, ascii=0, run_time=0:00:07:20)...[0m
[1;94m[*] [0mFuzzing test case #1 (51 total, 0 crashes saved, state: in progress, mode=explore, perf_score=57, weight=17, favorite=1, was_fuzzed=1, exec_us=5811, hits=5377, map=20, ascii=0, run_time=0:00:07:40)...[0m
[1;94m[*] [0mFuzzing test case #1 (51 total, 0 crashes saved, state: in progress, mode=explore, perf_score=57, weight=17, favorite=1, was_fuzzed=1, exec_us=5811, hits=5393, map=20, ascii=0, run_time=0:00:07:40)...[0m
[1;94m[*] [0mFuzzing test case #1 (51 total, 0 crashes saved, state: in progress, mode=explore, perf_score=57, weight=17, favorite=1, was_fuzzed=1, exec_us=5811, hits=5403, map=20, ascii=0, run_time=0:00:07:40)...[0m
[1;94m[*] [0mFuzzing test case #21 (51 total, 0 crashes saved, state: in progress, mode=explore, perf_score=229, weight=8, favorite=1, was_fuzzed=1, exec_us=1667, hits=165, map=23, ascii=0, run_time=0:00:07:40)...[0m
[1;94m[*] [0mFuzzing test case #1 (51 total, 0 crashes saved, state: in progress, mode=explore, perf_score=57, weight=17, favorite=1, was_fuzzed=1, exec_us=5811, hits=5463, map=20, ascii=0, run_time=0:00:07:41)...[0m
[1;94m[*] [0mFuzzing test case #13 (51 total, 0 crashes saved, state: in progress, mode=explore, perf_score=114, weight=5, favorite=1, was_fuzzed=1, exec_us=1920, hits=599, map=21, ascii=0, run_time=0:00:07:41)...[0m
[1;94m[*] [0mFuzzing test case #1 (51 total, 0 crashes saved, state: in progress, mode=explore, perf_score=57, weight=17, favorite=1, was_fuzzed=1, exec_us=5811, hits=5503, map=20, ascii=0, run_time=0:00:07:42)...[0m
[1;94m[*] [0mFuzzing test case #19 (51 total, 0 crashes saved, state: in progress, mode=explore, perf_score=229, weight=5, favorite=1, was_fuzzed=1, exec_us=1975, hits=821, map=23, ascii=0, run_time=0:00:07:42)...[0m
[1;94m[*] [0mFuzzing test case #21 (51 total, 0 crashes saved, state: in progress, mode=explore, perf_score=229, weight=8, favorite=1, was_fuzzed=1, exec_us=1667, hits=174, map=23, ascii=0, run_time=0:00:07:43)...[0m
[1;94m[*] [0mFuzzing test case #1 (51 total, 0 crashes saved, state: in progress, mode=explore, perf_score=57, weight=17, favorite=1, was_fuzzed=1, exec_us=5811, hits=5582, map=20, ascii=0, run_time=0:00:07:44)...[0m
[1;94m[*] [0mEntering queue cycle 2.[0m
[1;94m[*] [0mFuzzing test case #26 (51 total, 0 crashes saved, state: in progress, mode=explore, perf_score=229, weight=7, favorite=1, was_fuzzed=1, exec_us=1726, hits=136, map=21, ascii=0, run_time=0:00:07:44)...[0m
[1;94m[*] [0mFuzzing test case #1 (51 total, 0 crashes saved, state: in progress, mode=explore, perf_score=57, weight=17, favorite=1, was_fuzzed=1, exec_us=5811, hits=5622, map=20, ascii=0, run_time=0:00:07:45)...[0m
[1;94m[*] [0mFuzzing test case #19 (51 total, 0 crashes saved, state: in progress, mode=explore, perf_score=229, weight=5, favorite=1, was_fuzzed=1, exec_us=1975, hits=858, map=23, ascii=0, run_time=0:00:07:45)...[0m
[1;94m[*] [0mFuzzing test case #28 (51 total, 0 crashes saved, state: in progress, mode=explore, perf_score=229, weight=8, favorite=1, was_fuzzed=1, exec_us=1739, hits=62, map=24, ascii=0, run_time=0:00:08:05)...[0m
[1;94m[*] [0mFuzzing test case #40 (52 total, 0 crashes saved, state: in progress, mode=explore, perf_score=200, weight=2, favorite=0, was_fuzzed=0, exec_us=1664, hits=2, map=22, ascii=0, run_time=0:00:08:06)...[0m
[1;94m[*] [0mFuzzing test case #52 (53 total, 0 crashes saved, state: in progress, mode=explore, perf_score=0, weight=0, favorite=1, was_fuzzed=0, exec_us=1581, hits=1, map=23, ascii=0, run_time=0:00:08:07)...[0m
[1;94m[*] [0mFuzzing test case #28 (53 total, 0 crashes saved, state: in progress, mode=explore, perf_score=229, weight=8, favorite=1, was_fuzzed=1, exec_us=1739, hits=66, map=24, ascii=0, run_time=0:00:08:07)...[0m
[1;94m[*] [0mFuzzing test case #35 (53 total, 0 crashes saved, state: in progress, mode=explore, perf_score=200, weight=1, favorite=0, was_fuzzed=0, exec_us=1677, hits=10, map=25, ascii=0, run_time=0:00:08:08)...[0m
[1;94m[*] [0mFuzzing test case #1 (53 total, 0 crashes saved, state: in progress, mode=explore, perf_score=57, weight=17, favorite=1, was_fuzzed=1, exec_us=5811, hits=5738, map=20, ascii=0, run_time=0:00:08:09)...[0m
[1;94m[*] [0mFuzzing test case #27 (53 total, 0 crashes saved, state: in progress, mode=explore, perf_score=229, weight=15, favorite=1, was_fuzzed=1, exec_us=1664, hits=294, map=23, ascii=0, run_time=0:00:08:09)...[0m
[1;94m[*] [0mFuzzing test case #18 (53 total, 0 crashes saved, state: in progress, mode=explore, perf_score=229, weight=6, favorite=1, was_fuzzed=1, exec_us=1941, hits=112, map=21, ascii=0, run_time=0:00:08:22)...[0m
[1;94m[*] [0mFuzzing test case #19 (53 total, 0 crashes saved, state: in progress, mode=explore, perf_score=229, weight=5, favorite=1, was_fuzzed=1, exec_us=1975, hits=903, map=23, ascii=0, run_time=0:00:08:23)...[0m
[1;94m[*] [0mFuzzing test case #52 (53 total, 0 crashes saved, state: in progress, mode=explore, perf_score=919, weight=24, favorite=1, was_fuzzed=1, exec_us=1581, hits=1, map=23, ascii=0, run_time=0:00:08:24)...[0m
[1;94m[*] [0mFuzzing test case #53 (54 total, 0 crashes saved, state: in progress, mode=explore, perf_score=0, weight=0, favorite=1, was_fuzzed=0, exec_us=1567, hits=1, map=24, ascii=0, run_time=0:00:08:41)...[0m
[1;94m[*] [0mFuzzing test case #21 (54 total, 0 crashes saved, state: in progress, mode=explore, perf_score=229, weight=7, favorite=1, was_fuzzed=1, exec_us=1667, hits=221, map=23, ascii=0, run_time=0:00:08:41)...[0m
[1;94m[*] [0mFuzzing test case #27 (54 total, 0 crashes saved, state: in progress, mode=explore, perf_score=229, weight=14, favorite=1, was_fuzzed=1, exec_us=1664, hits=322, map=23, ascii=0, run_time=0:00:08:42)...[0m
[1;94m[*] [0mFuzzing test case #52 (54 total, 0 crashes saved, state: in progress, mode=explore, perf_score=690, weight=15, favorite=1, was_fuzzed=1, exec_us=1581, hits=4, map=23, ascii=0, run_time=0:00:08:43)...[0m
[1;94m[*] [0mFuzzing test case #18 (54 total, 0 crashes saved, state: in progress, mode=explore, perf_score=229, weight=6, favorite=1, was_fuzzed=1, exec_us=1941, hits=148, map=21, ascii=0, run_time=0:00:09:00)...[0m
[1;94m[*] [0mFuzzing test case #52 (54 total, 0 crashes saved, state: in progress, mode=explore, perf_score=690, weight=15, favorite=1, was_fuzzed=1, exec_us=1581, hits=26, map=23, ascii=0, run_time=0:00:09:01)...[0m
[1;94m[*] [0mFuzzing test case #26 (54 total, 0 crashes saved, state: in progress, mode=explore, perf_score=229, weight=6, favorite=1, was_fuzzed=1, exec_us=1726, hits=175, map=21, ascii=0, run_time=0:00:09:05)...[0m
[1;94m[*] [0mFuzzing test case #1 (54 total, 0 crashes saved, state: in progress, mode=explore, perf_score=57, weight=16, favorite=1, was_fuzzed=1, exec_us=5811, hits=6552, map=20, ascii=0, run_time=0:00:09:06)...[0m
[1;94m[*] [0mFuzzing test case #1 (54 total, 0 crashes saved, state: in progress, mode=explore, perf_score=57, weight=16, favorite=1, was_fuzzed=1, exec_us=5811, hits=6558, map=20, ascii=0, run_time=0:00:09:06)...[0m
[1;94m[*] [0mFuzzing test case #13 (54 total, 0 crashes saved, state: in progress, mode=explore, perf_score=114, weight=5, favorite=1, was_fuzzed=1, exec_us=1920, hits=670, map=21, ascii=0, run_time=0:00:09:06)...[0m
[1;94m[*] [0mFuzzing test case #1 (54 total, 0 crashes saved, state: in progress, mode=explore, perf_score=57, weight=16, favorite=1, was_fuzzed=1, exec_us=5811, hits=6602, map=20, ascii=0, run_time=0:00:09:06)...[0m
[1;94m[*] [0mFuzzing test case #52 (54 total, 0 crashes saved, state: in progress, mode=explore, perf_score=690, weight=15, favorite=1, was_fuzzed=1, exec_us=1581, hits=33, map=23, ascii=0, run_time=0:00:09:06)...[0m
[1;94m[*] [0mFuzzing test case #1 (55 total, 0 crashes saved, state: in progress, mode=explore, perf_score=57, weight=16, favorite=1, was_fuzzed=1, exec_us=5811, hits=6778, map=20, ascii=0, run_time=0:00:09:23)...[0m
[1;94m[*] [0mFuzzing test case #53 (55 total, 0 crashes saved, state: in progress, mode=explore, perf_score=919, weight=24, favorite=1, was_fuzzed=1, exec_us=1567, hits=1, map=24, ascii=0, run_time=0:00:09:23)...[0m
[1;94m[*] [0mFuzzing test case #46 (55 total, 0 crashes saved, state: in progress, mode=explore, perf_score=229, weight=6, favorite=1, was_fuzzed=1, exec_us=1702, hits=447, map=26, ascii=0, run_time=0:00:09:27)...[0m
[1;94m[*] [0mFuzzing test case #46 (55 total, 0 crashes saved, state: in progress, mode=explore, perf_score=229, weight=6, favorite=1, was_fuzzed=1, exec_us=1702, hits=495, map=26, ascii=0, run_time=0:00:09:28)...[0m
[1;94m[*] [0mFuzzing test case #1 (55 total, 0 crashes saved, state: in progress, mode=explore, perf_score=57, weight=16, favorite=1, was_fuzzed=1, exec_us=5811, hits=6886, map=20, ascii=0, run_time=0:00:09:28)...[0m
[1;94m[*] [0mFuzzing test case #21 (55 total, 0 crashes saved, state: in progress, mode=explore, perf_score=229, weight=7, favorite=1, was_fuzzed=1, exec_us=1667, hits=248, map=23, ascii=0, run_time=0:00:09:28)...[0m
[1;94m[*] [0mFuzzing test case #40 (55 total, 0 crashes saved, state: in progress, mode=explore, perf_score=600, weight=1, favorite=0, was_fuzzed=1, exec_us=1664, hits=7, map=22, ascii=0, run_time=0:00:09:36)...[0m
[1;94m[*] [0mFuzzing test case #27 (55 total, 0 crashes saved, state: in progress, mode=explore, perf_score=229, weight=13, favorite=1, was_fuzzed=1, exec_us=1664, hits=559, map=23, ascii=0, run_time=0:00:09:38)...[0m
[1;94m[*] [0mFuzzing test case #1 (55 total, 0 crashes saved, state: in progress, mode=explore, perf_score=57, weight=16, favorite=1, was_fuzzed=1, exec_us=5811, hits=7041, map=20, ascii=0, run_time=0:00:09:39)...[0m
[1;94m[*] [0mFuzzing test case #1 (55 total, 0 crashes saved, state: in progress, mode=explore, perf_score=57, weight=16, favorite=1, was_fuzzed=1, exec_us=5811, hits=7057, map=20, ascii=0, run_time=0:00:09:39)...[0m
[1;94m[*] [0mFuzzing test case #46 (55 total, 0 crashes saved, state: in progress, mode=explore, perf_score=229, weight=6, favorite=1, was_fuzzed=1, exec_us=1702, hits=534, map=26, ascii=0, run_time=0:00:09:39)...[0m
[1;94m[*] [0mFuzzing test case #21 (55 total, 0 crashes saved, state: in progress, mode=explore, perf_score=229, weight=7, favorite=1, was_fuzzed=1, exec_us=1667, hits=276, map=23, ascii=0, run_time=0:00:09:49)...[0m
[1;94m[*] [0mFuzzing test case #27 (55 total, 0 crashes saved, state: in progress, mode=explore, perf_score=229, weight=13, favorite=1, was_fuzzed=1, exec_us=1664, hits=574, map=23, ascii=0, run_time=0:00:09:50)...[0m
[1;94m[*] [0mFuzzing test case #27 (55 total, 0 crashes saved, state: in progress, mode=explore, perf_score=229, weight=13, favorite=1, was_fuzzed=1, exec_us=1664, hits=578, map=23, ascii=0, run_time=0:00:09:51)...[0m
[1;94m[*] [0mFuzzing test case #19 (55 total, 0 crashes saved, state: in progress, mode=explore, perf_score=229, weight=5, favorite=1, was_fuzzed=1, exec_us=1975, hits=937, map=23, ascii=0, run_time=0:00:09:52)...[0m
[1;94m[*] [0mFuzzing test case #27 (55 total, 0 crashes saved, state: in progress, mode=explore, perf_score=229, weight=13, favorite=1, was_fuzzed=1, exec_us=1664, hits=581, map=23, ascii=0, run_time=0:00:09:53)...[0m
[1;94m[*] [0mFuzzing test case #53 (55 total, 0 crashes saved, state: in progress, mode=explore, perf_score=919, weight=24, favorite=1, was_fuzzed=1, exec_us=1567, hits=53, map=24, ascii=0, run_time=0:00:09:53)...[0m
[1;94m[*] [0mFuzzing test case #52 (55 total, 0 crashes saved, state: in progress, mode=explore, perf_score=229, weight=8, favorite=1, was_fuzzed=1, exec_us=1581, hits=59, map=23, ascii=0, run_time=0:00:10:02)...[0m
[1;94m[*] [0mFuzzing test case #27 (55 total, 0 crashes saved, state: in progress, mode=explore, perf_score=229, weight=13, favorite=1, was_fuzzed=1, exec_us=1664, hits=611, map=23, ascii=0, run_time=0:00:10:03)...[0m
[1;94m[*] [0mFuzzing test case #31 (55 total, 0 crashes saved, state: in progress, mode=explore, perf_score=200, weight=1, favorite=0, was_fuzzed=0, exec_us=1639, hits=22, map=24, ascii=0, run_time=0:00:10:04)...[0m
[1;94m[*] [0mFuzzing test case #19 (58 total, 0 crashes saved, state: in progress, mode=explore, perf_score=229, weight=5, favorite=1, was_fuzzed=1, exec_us=1975, hits=980, map=23, ascii=0, run_time=0:00:10:05)...[0m
[1;94m[*] [0mFuzzing test case #53 (59 total, 0 crashes saved, state: in progress, mode=explore, perf_score=229, weight=9, favorite=1, was_fuzzed=1, exec_us=1567, hits=58, map=24, ascii=0, run_time=0:00:10:06)...[0m
[1;94m[*] [0mFuzzing test case #27 (60 total, 0 crashes saved, state: in progress, mode=explore, perf_score=229, weight=13, favorite=1, was_fuzzed=1, exec_us=1664, hits=650, map=23, ascii=0, run_time=0:00:10:07)...[0m
[1;94m[*] [0mFuzzing test case #1 (60 total, 0 crashes saved, state: in progress, mode=explore, perf_score=57, weight=16, favorite=1, was_fuzzed=1, exec_us=5811, hits=7575, map=20, ascii=0, run_time=0:00:10:15)...[0m
[1;94m[*] [0mFuzzing test case #46 (60 total, 0 crashes saved, state: in progress, mode=explore, perf_score=229, weight=6, favorite=1, was_fuzzed=1, exec_us=1702, hits=543, map=26, ascii=0, run_time=0:00:10:15)...[0m
[1;94m[*] [0mFuzzing test case #53 (61 total, 0 crashes saved, state: in progress, mode=explore, perf_score=229, weight=9, favorite=1, was_fuzzed=1, exec_us=1567, hits=62, map=24, ascii=0, run_time=0:00:10:16)...[0m
[1;94m[*] [0mFuzzing test case #19 (61 total, 0 crashes saved, state: in progress, mode=explore, perf_score=229, weight=5, favorite=1, was_fuzzed=1, exec_us=1975, hits=991, map=23, ascii=0, run_time=0:00:10:17)...[0m
[1;94m[*] [0mFuzzing test case #58 (62 total, 0 crashes saved, state: in progress, mode=explore, perf_score=300, weight=5, favorite=0, was_fuzzed=0, exec_us=1175, hits=1, map=25, ascii=0, run_time=0:00:10:18)...[0m
[1;94m[*] [0mFuzzing test case #13 (62 total, 0 crashes saved, state: in progress, mode=explore, perf_score=114, weight=5, favorite=1, was_fuzzed=1, exec_us=1920, hits=761, map=21, ascii=0, run_time=0:00:10:19)...[0m
[1;94m[*] [0mFuzzing test case #27 (62 total, 0 crashes saved, state: in progress, mode=explore, perf_score=229, weight=13, favorite=1, was_fuzzed=1, exec_us=1664, hits=660, map=23, ascii=0, run_time=0:00:10:20)...[0m
[1;94m[*] [0mFuzzing test case #52 (62 total, 0 crashes saved, state: in progress, mode=explore, perf_score=229, weight=8, favorite=1, was_fuzzed=1, exec_us=1581, hits=64, map=23, ascii=0, run_time=0:00:10:20)...[0m
[1;94m[*] [0mFuzzing test case #26 (62 total, 0 crashes saved, state: in progress, mode=explore, perf_score=229, weight=6, favorite=1, was_fuzzed=1, exec_us=1726, hits=197, map=21, ascii=0, run_time=0:00:10:21)...[0m
[1;94m[*] [0mFuzzing test case #1 (64 total, 0 crashes saved, state: in progress, mode=explore, perf_score=57, weight=17, favorite=1, was_fuzzed=1, exec_us=5811, hits=7833, map=20, ascii=0, run_time=0:00:10:22)...[0m
[1;94m[*] [0mFuzzing test case #1 (64 total, 0 crashes saved, state: in progress, mode=explore, perf_score=57, weight=17, favorite=1, was_fuzzed=1, exec_us=5811, hits=7857, map=20, ascii=0, run_time=0:00:10:22)...[0m
[1;94m[*] [0mFuzzing test case #56 (64 total, 0 crashes saved, state: in progress, mode=explore, perf_score=300, weight=3, favorite=0, was_fuzzed=0, exec_us=1194, hits=2, map=25, ascii=0, run_time=0:00:10:22)...[0m
[1;94m[*] [0mFuzzing test case #1 (66 total, 0 crashes saved, state: in progress, mode=explore, perf_score=57, weight=17, favorite=1, was_fuzzed=1, exec_us=5811, hits=7883, map=20, ascii=0, run_time=0:00:10:29)...[0m
[1;94m[*] [0mFuzzing test case #13 (66 total, 0 crashes saved, state: in progress, mode=explore, perf_score=114, weight=5, favorite=1, was_fuzzed=1, exec_us=1920, hits=772, map=21, ascii=0, run_time=0:00:10:29)...[0m
[1;94m[*] [0mFuzzing test case #1 (66 total, 0 crashes saved, state: in progress, mode=explore, perf_score=57, weight=17, favorite=1, was_fuzzed=1, exec_us=5811, hits=7943, map=20, ascii=0, run_time=0:00:10:30)...[0m
[1;94m[*] [0mFuzzing test case #13 (66 total, 0 crashes saved, state: in progress, mode=explore, perf_score=114, weight=5, favorite=1, was_fuzzed=1, exec_us=1920, hits=784, map=21, ascii=0, run_time=0:00:10:30)...[0m
[1;94m[*] [0mFuzzing test case #21 (67 total, 0 crashes saved, state: in progress, mode=explore, perf_score=229, weight=6, favorite=1, was_fuzzed=1, exec_us=1667, hits=307, map=23, ascii=0, run_time=0:00:10:30)...[0m
[1;94m[*] [0mFuzzing test case #63 (67 total, 0 crashes saved, state: in progress, mode=explore, perf_score=300, weight=2, favorite=0, was_fuzzed=0, exec_us=1183, hits=6, map=24, ascii=0, run_time=0:00:10:31)...[0m
[1;94m[*] [0mFuzzing test case #1 (67 total, 0 crashes saved, state: in progress, mode=explore, perf_score=57, weight=17, favorite=1, was_fuzzed=1, exec_us=5811, hits=8088, map=20, ascii=0, run_time=0:00:10:32)...[0m
[1;94m[*] [0mFuzzing test case #27 (67 total, 0 crashes saved, state: in progress, mode=explore, perf_score=229, weight=14, favorite=1, was_fuzzed=1, exec_us=1664, hits=689, map=23, ascii=0, run_time=0:00:10:32)...[0m
[1;94m[*] [0mFuzzing test case #1 (67 total, 0 crashes saved, state: in progress, mode=explore, perf_score=57, weight=17, favorite=1, was_fuzzed=1, exec_us=5811, hits=8158, map=20, ascii=0, run_time=0:00:10:33)...[0m
[1;94m[*] [0mFuzzing test case #27 (67 total, 0 crashes saved, state: in progress, mode=explore, perf_score=229, weight=14, favorite=1, was_fuzzed=1, exec_us=1664, hits=694, map=23, ascii=0, run_time=0:00:10:33)...[0m
[1;94m[*] [0mFuzzing test case #1 (67 total, 0 crashes saved, state: in progress, mode=explore, perf_score=57, weight=17, favorite=1, was_fuzzed=1, exec_us=5811, hits=8209, map=20, ascii=0, run_time=0:00:10:34)...[0m
[1;94m[*] [0mEntering queue cycle 3.[0m
[1;94m[*] [0mFuzzing test case #46 (67 total, 0 crashes saved, state: in progress, mode=explore, perf_score=229, weight=6, favorite=1, was_fuzzed=1, exec_us=1702, hits=568, map=26, ascii=0, run_time=0:00:10:34)...[0m
[1;94m[*] [0mFuzzing test case #28 (70 total, 0 crashes saved, state: in progress, mode=explore, perf_score=229, weight=8, favorite=1, was_fuzzed=1, exec_us=1739, hits=71, map=24, ascii=0, run_time=0:00:10:35)...[0m
[1;94m[*] [0mFuzzing test case #21 (72 total, 0 crashes saved, state: in progress, mode=explore, perf_score=229, weight=7, favorite=1, was_fuzzed=1, exec_us=1667, hits=319, map=23, ascii=0, run_time=0:00:10:43)...[0m
[1;94m[*] [0mFuzzing test case #19 (72 total, 0 crashes saved, state: in progress, mode=explore, perf_score=229, weight=5, favorite=1, was_fuzzed=1, exec_us=1975, hits=998, map=23, ascii=0, run_time=0:00:10:44)...[0m
[1;94m[*] [0mFuzzing test case #52 (72 total, 0 crashes saved, state: in progress, mode=explore, perf_score=229, weight=9, favorite=1, was_fuzzed=1, exec_us=1581, hits=65, map=23, ascii=0, run_time=0:00:10:45)...[0m
[1;94m[*] [0mFuzzing test case #1 (73 total, 0 crashes saved, state: in progress, mode=explore, perf_score=57, weight=18, favorite=1, was_fuzzed=1, exec_us=5811, hits=8387, map=20, ascii=0, run_time=0:00:10:45)...[0m
[1;94m[*] [0mFuzzing test case #1 (73 total, 0 crashes saved, state: in progress, mode=explore, perf_score=57, weight=18, favorite=1, was_fuzzed=1, exec_us=5811, hits=8412, map=20, ascii=0, run_time=0:00:10:46)...[0m
[1;94m[*] [0mFuzzing test case #28 (73 total, 0 crashes saved, state: in progress, mode=explore, perf_score=229, weight=8, favorite=1, was_fuzzed=1, exec_us=1739, hits=75, map=24, ascii=0, run_time=0:00:10:46)...[0m
[1;94m[*] [0mFuzzing test case #46 (73 total, 0 crashes saved, state: in progress, mode=explore, perf_score=229, weight=6, favorite=1, was_fuzzed=1, exec_us=1702, hits=591, map=26, ascii=0, run_time=0:00:10:46)...[0m
[1;94m[*] [0mFuzzing test case #28 (73 total, 0 crashes saved, state: in progress, mode=explore, perf_score=229, weight=8, favorite=1, was_fuzzed=1, exec_us=1739, hits=95, map=24, ascii=0, run_time=0:00:10:47)...[0m
[1;94m[*] [0mFuzzing test case #75 (77 total, 0 crashes saved, state: in progress, mode=explore, perf_score=600, weight=3, favorite=0, was_fuzzed=0, exec_us=1173, hits=2, map=26, ascii=0, run_time=0:00:10:48)...[0m
[1;94m[*] [0mFuzzing test case #19 (78 total, 0 crashes saved, state: in progress, mode=explore, perf_score=229, weight=5, favorite=1, was_fuzzed=1, exec_us=1975, hits=1034, map=23, ascii=0, run_time=0:00:10:51)...[0m
[1;94m[*] [0mFuzzing test case #66 (78 total, 0 crashes saved, state: in progress, mode=explore, perf_score=200, weight=4, favorite=0, was_fuzzed=0, exec_us=1230, hits=1, map=25, ascii=0, run_time=0:00:10:52)...[0m
[1;94m[*] [0mFuzzing test case #1 (78 total, 0 crashes saved, state: in progress, mode=explore, perf_score=57, weight=18, favorite=1, was_fuzzed=1, exec_us=5811, hits=8561, map=20, ascii=0, run_time=0:00:11:03)...[0m
[1;94m[*] [0mFuzzing test case #27 (78 total, 0 crashes saved, state: in progress, mode=explore, perf_score=229, weight=14, favorite=1, was_fuzzed=1, exec_us=1664, hits=733, map=23, ascii=0, run_time=0:00:11:03)...[0m
[1;94m[*] [0mFuzzing test case #1 (79 total, 0 crashes saved, state: in progress, mode=explore, perf_score=57, weight=18, favorite=1, was_fuzzed=1, exec_us=5811, hits=8587, map=20, ascii=0, run_time=0:00:11:04)...[0m
[1;94m[*] [0mFuzzing test case #18 (79 total, 0 crashes saved, state: in progress, mode=explore, perf_score=229, weight=6, favorite=1, was_fuzzed=1, exec_us=1941, hits=252, map=21, ascii=0, run_time=0:00:11:04)...[0m
[1;94m[*] [0mFuzzing test case #1 (79 total, 0 crashes saved, state: in progress, mode=explore, perf_score=57, weight=18, favorite=1, was_fuzzed=1, exec_us=5811, hits=8647, map=20, ascii=0, run_time=0:00:11:05)...[0m
[1;94m[*] [0mFuzzing test case #26 (79 total, 0 crashes saved, state: in progress, mode=explore, perf_score=229, weight=6, favorite=1, was_fuzzed=1, exec_us=1726, hits=233, map=21, ascii=0, run_time=0:00:11:05)...[0m
[1;94m[*] [0mFuzzing test case #1 (79 total, 0 crashes saved, state: in progress, mode=explore, perf_score=57, weight=18, favorite=1, was_fuzzed=1, exec_us=5811, hits=8710, map=20, ascii=0, run_time=0:00:11:06)...[0m
[1;94m[*] [0mFuzzing test case #27 (79 total, 0 crashes saved, state: in progress, mode=explore, perf_score=229, weight=14, favorite=1, was_fuzzed=1, exec_us=1664, hits=756, map=23, ascii=0, run_time=0:00:11:06)...[0m
[1;94m[*] [0mFuzzing test case #21 (79 total, 0 crashes saved, state: in progress, mode=explore, perf_score=229, weight=7, favorite=1, was_fuzzed=1, exec_us=1667, hits=332, map=23, ascii=0, run_time=0:00:11:07)...[0m
[1;94m[*] [0mFuzzing test case #13 (80 total, 0 crashes saved, state: in progress, mode=explore, perf_score=114, weight=5, favorite=1, was_fuzzed=1, exec_us=1920, hits=829, map=21, ascii=0, run_time=0:00:11:07)...[0m
[1;94m[*] [0mFuzzing test case #1 (80 total, 0 crashes saved, state: in progress, mode=explore, perf_score=57, weight=18, favorite=1, was_fuzzed=1, exec_us=5811, hits=8812, map=20, ascii=0, run_time=0:00:11:08)...[0m
[1;94m[*] [0mFuzzing test case #26 (80 total, 0 crashes saved, state: in progress, mode=explore, perf_score=229, weight=6, favorite=1, was_fuzzed=1, exec_us=1726, hits=269, map=21, ascii=0, run_time=0:00:11:08)...[0m
[1;94m[*] [0mFuzzing test case #43 (80 total, 0 crashes saved, state: in progress, mode=explore, perf_score=200, weight=1, favorite=0, was_fuzzed=0, exec_us=1566, hits=83, map=24, ascii=0, run_time=0:00:11:09)...[0m
[1;94m[*] [0mFuzzing test case #23 (80 total, 0 crashes saved, state: in progress, mode=explore, perf_score=200, weight=1, favorite=0, was_fuzzed=0, exec_us=1823, hits=58, map=22, ascii=0, run_time=0:00:11:10)...[0m
[1;94m[*] [0mFuzzing test case #18 (80 total, 0 crashes saved, state: in progress, mode=explore, perf_score=229, weight=6, favorite=1, was_fuzzed=1, exec_us=1941, hits=311, map=21, ascii=0, run_time=0:00:11:10)...[0m
[1;94m[*] [0mFuzzing test case #79 (80 total, 0 crashes saved, state: in progress, mode=explore, perf_score=200, weight=4, favorite=0, was_fuzzed=0, exec_us=1254, hits=1, map=29, ascii=0, run_time=0:00:11:11)...[0m
[1;94m[*] [0mFuzzing test case #46 (80 total, 0 crashes saved, state: in progress, mode=explore, perf_score=229, weight=6, favorite=1, was_fuzzed=1, exec_us=1702, hits=597, map=26, ascii=0, run_time=0:00:11:15)...[0m
[1;94m[*] [0mFuzzing test case #53 (80 total, 0 crashes saved, state: in progress, mode=explore, perf_score=229, weight=9, favorite=1, was_fuzzed=1, exec_us=1567, hits=68, map=24, ascii=0, run_time=0:00:11:16)...[0m
[1;94m[*] [0mFuzzing test case #26 (80 total, 0 crashes saved, state: in progress, mode=explore, perf_score=229, weight=6, favorite=1, was_fuzzed=1, exec_us=1726, hits=279, map=21, ascii=0, run_time=0:00:11:17)...[0m
[1;94m[*] [0mFuzzing test case #21 (81 total, 0 crashes saved, state: in progress, mode=explore, perf_score=229, weight=7, favorite=1, was_fuzzed=1, exec_us=1667, hits=357, map=23, ascii=0, run_time=0:00:11:17)...[0m
[1;94m[*] [0mFuzzing test case #21 (81 total, 0 crashes saved, state: in progress, mode=explore, perf_score=229, weight=7, favorite=1, was_fuzzed=1, exec_us=1667, hits=402, map=23, ascii=0, run_time=0:00:11:18)...[0m
[1;94m[*] [0mFuzzing test case #27 (81 total, 0 crashes saved, state: in progress, mode=explore, perf_score=229, weight=14, favorite=1, was_fuzzed=1, exec_us=1664, hits=796, map=23, ascii=0, run_time=0:00:11:19)...[0m
[?25h[1;91m

+++ Testing aborted programmatically +++
[0m[1;94m[*] [0mStatistics: 80 new corpus items found, 45.95% coverage achieved, 1 crashes saved, 0 timeouts saved, total runtime 0 days, 0 hrs, 11 min, 20 sec[0m
[1;92m[+] [0mWe're done here. Have a nice day!
[0m
