JOB timestamp: Mon Dec 18 14:39:42 MST 2023
JOB ID: 121531
Array Task ID: 25
Current directory: /lfs/koff9454.ui/projects/plc_runtime_fuzzer/code_analysis/src
r4i1n1
gcc (Spack GCC) 12.1.0
Copyright (C) 2022 Free Software Foundation, Inc.
This is free software; see the source for copying conditions.  There is NO
warranty; not even for MERCHANTABILITY or FITNESS FOR A PARTICULAR PURPOSE.

Python 3.11.5
/lfs/koff9454.ui/miniconda3/envs/plc/bin/python
matiec version 0.1
changeset id: 
Number of programs: 3
Programs: depth_1 depth_2 depth_3
Fuzzing program: depth_2, Job ID: 25
input dir does not exist, creating
(source_file (program_definition program_name: (identifier) (variable_definition (variable_definition_body name: (identifier) address: (address) type: (basic_data_type)) (variable_definition_body name: (identifier) address: (address) type: (basic_data_type)) (variable_definition_body name: (identifier) address: (address) type: (basic_data_type))) (if_statement condition: (binary_expression (variable name: (identifier)) (boolean)) (if_statement condition: (binary_expression (variable name: (identifier)) (boolean)) (assignment (variable name: (identifier)) (boolean))) (else_clause (assignment (variable name: (identifier)) (boolean))))) (configuration (identifier) (resource (identifier) (task (identifier) (time) (integer)) (program_instance (identifier) (identifier) (identifier)))))
variable_name:  button1
variable_type:  BOOL
variable_address:  %IX0.0

variable_name:  button2
variable_type:  BOOL
variable_address:  %IX0.1

variable_name:  led
variable_type:  BOOL
variable_address:  %QX0.0

visit_assignment:  (assignment (variable name: (identifier)) (boolean))

variable name:  led
visit_assignment:  (assignment (variable name: (identifier)) (boolean))

variable name:  led

variables:  {'button1': ('BOOL', '%IX0.0'), 'button2': ('BOOL', '%IX0.1'), 'led': ('BOOL', '%QX0.0')}
content:  %IX0.0,BOOL,9

content:  %IX0.1,BOOL,9

plc_inputs:  [{'name': '%IX0.0', 'type': 'BOOL', 'value': 9}, {'name': '%IX0.1', 'type': 'BOOL', 'value': 9}]
plc_input_code:  #include "iec_std_lib.h"
#include "iec_types_all.h" 
#include <string.h>
#include <stdlib.h>
#include "/lfs/koff9454.ui/projects/plc_runtime_fuzzer/runtime/inputs.h"

    
extern BOOL *__IX0_0;
extern BOOL *__IX0_1;

void set_plc_input(const char *name, const char *type, PLC_Value value) {

    if (strcmp(name, "%IX0.0") == 0) {
        if (strcmp(type, "BOOL") == 0) {
            *__IX0_0 = (BOOL)value._BOOL;
        }
    } else

    if (strcmp(name, "%IX0.1") == 0) {
        if (strcmp(type, "BOOL") == 0) {
            *__IX0_1 = (BOOL)value._BOOL;
        }
    }
}
harness executable does not exist, creating
~/projects/plc_runtime_fuzzer/runtime ~/projects/plc_runtime_fuzzer/code_analysis/src/programs/depth/depth_2
(source_file (program_definition program_name: (identifier) (variable_definition (variable_definition_body name: (identifier) address: (address) type: (basic_data_type)) (variable_definition_body name: (identifier) address: (address) type: (basic_data_type)) (variable_definition_body name: (identifier) address: (address) type: (basic_data_type))) (if_statement condition: (binary_expression (variable name: (identifier)) (boolean)) (if_statement condition: (binary_expression (variable name: (identifier)) (boolean)) (assignment (variable name: (identifier)) (boolean))) (else_clause (assignment (variable name: (identifier)) (boolean))))) (configuration (identifier) (resource (identifier) (task (identifier) (time) (integer)) (program_instance (identifier) (identifier) (identifier)))))
variable_name:  button1
variable_type:  BOOL
variable_address:  %IX0.0

variable_name:  button2
variable_type:  BOOL
variable_address:  %IX0.1

variable_name:  led
variable_type:  BOOL
variable_address:  %QX0.0

visit_assignment:  (assignment (variable name: (identifier)) (boolean))

variable name:  led
visit_assignment:  (assignment (variable name: (identifier)) (boolean))

variable name:  led

variables:  {'button1': ('BOOL', '%IX0.0'), 'button2': ('BOOL', '%IX0.1'), 'led': ('BOOL', '%QX0.0')}
content:  %IX0.0,BOOL,9

content:  %IX0.1,BOOL,9

plc_inputs:  [{'name': '%IX0.0', 'type': 'BOOL', 'value': 9}, {'name': '%IX0.1', 'type': 'BOOL', 'value': 9}]
plc_input_code:  #include "iec_std_lib.h"
#include "iec_types_all.h" 
#include <string.h>
#include <stdlib.h>
#include "/lfs/koff9454.ui/projects/plc_runtime_fuzzer/runtime/inputs.h"

    
extern BOOL *__IX0_0;
extern BOOL *__IX0_1;

void set_plc_input(const char *name, const char *type, PLC_Value value) {

    if (strcmp(name, "%IX0.0") == 0) {
        if (strcmp(type, "BOOL") == 0) {
            *__IX0_0 = (BOOL)value._BOOL;
        }
    } else

    if (strcmp(name, "%IX0.1") == 0) {
        if (strcmp(type, "BOOL") == 0) {
            *__IX0_1 = (BOOL)value._BOOL;
        }
    }
}
Created temporary directory: /lfs/koff9454.ui/projects/plc_runtime_fuzzer/runtime/tmp.mqG2eP
Generating IEC sources from ST file
POUS.c
POUS.h
LOCATED_VARIABLES.h
VARIABLES.csv
STD_CONF.c
STD_CONF.h
STD_RESSOURCE.c
Compiling the fuzzing harness
Compiling the set_input
Creating the executable
~/projects/plc_runtime_fuzzer/code_analysis/src/programs/depth/depth_2
Current directory: /lfs/koff9454.ui/projects/plc_runtime_fuzzer/code_analysis/src/programs/depth/depth_2
Files moved to /lfs/koff9454.ui/projects/plc_runtime_fuzzer/code_analysis/src/programs/depth/depth_2
Running the fuzzers
Workdir: "/lfs/koff9454.ui/projects/plc_runtime_fuzzer/code_analysis/src/programs/depth/depth_2/runs/run-25"
Out dir at "fuzzer-outdir" already exists.
Let's fuzz :)
[Stats #0] run time: 0h-0m-0s, clients: 1, corpus: 0, objectives: 0, executions: 0, exec/sec: 0.000
[Testcase #0] run time: 0h-0m-0s, clients: 1, corpus: 1, objectives: 0, executions: 1, exec/sec: 0.000
We imported 1 inputs from disk.
[Stats #0] run time: 0h-0m-0s, clients: 1, corpus: 1, objectives: 0, executions: 1, exec/sec: 0.000
[Testcase #0] run time: 0h-0m-0s, clients: 1, corpus: 2, objectives: 0, executions: 10, exec/sec: 0.000
[Stats #0] run time: 0h-0m-0s, clients: 1, corpus: 2, objectives: 0, executions: 10, exec/sec: 0.000
[Testcase #0] run time: 0h-0m-0s, clients: 1, corpus: 3, objectives: 0, executions: 11, exec/sec: 0.000
[Objective #0] run time: 0h-0m-0s, clients: 1, corpus: 3, objectives: 1, executions: 11, exec/sec: 0.000
[Stats #0] run time: 0h-0m-0s, clients: 1, corpus: 3, objectives: 1, executions: 11, exec/sec: 0.000
[Testcase #0] run time: 0h-0m-0s, clients: 1, corpus: 4, objectives: 1, executions: 13, exec/sec: 0.000
[Objective #0] run time: 0h-0m-0s, clients: 1, corpus: 4, objectives: 2, executions: 13, exec/sec: 0.000
[Objective #0] run time: 0h-0m-0s, clients: 1, corpus: 4, objectives: 3, executions: 13, exec/sec: 0.000
[Objective #0] run time: 0h-0m-0s, clients: 1, corpus: 4, objectives: 4, executions: 13, exec/sec: 0.000
[Objective #0] run time: 0h-0m-0s, clients: 1, corpus: 4, objectives: 5, executions: 13, exec/sec: 0.000
[Objective #0] run time: 0h-0m-0s, clients: 1, corpus: 4, objectives: 6, executions: 13, exec/sec: 0.000
[Objective #0] run time: 0h-0m-1s, clients: 1, corpus: 4, objectives: 7, executions: 13, exec/sec: 11.25
[Objective #0] run time: 0h-0m-1s, clients: 1, corpus: 4, objectives: 8, executions: 13, exec/sec: 10.13
[Objective #0] run time: 0h-0m-1s, clients: 1, corpus: 4, objectives: 9, executions: 13, exec/sec: 9.141
[Objective #0] run time: 0h-0m-1s, clients: 1, corpus: 4, objectives: 10, executions: 13, exec/sec: 8.300
[Objective #0] run time: 0h-0m-1s, clients: 1, corpus: 4, objectives: 11, executions: 13, exec/sec: 7.550
[Objective #0] run time: 0h-0m-1s, clients: 1, corpus: 4, objectives: 12, executions: 13, exec/sec: 7.054
[Objective #0] run time: 0h-0m-1s, clients: 1, corpus: 4, objectives: 13, executions: 13, exec/sec: 6.555
[Objective #0] run time: 0h-0m-2s, clients: 1, corpus: 4, objectives: 14, executions: 13, exec/sec: 6.135
[Objective #0] run time: 0h-0m-2s, clients: 1, corpus: 4, objectives: 15, executions: 13, exec/sec: 5.714
[Objective #0] run time: 0h-0m-2s, clients: 1, corpus: 4, objectives: 16, executions: 13, exec/sec: 5.423
[Objective #0] run time: 0h-0m-2s, clients: 1, corpus: 4, objectives: 17, executions: 13, exec/sec: 5.144
[Objective #0] run time: 0h-0m-2s, clients: 1, corpus: 4, objectives: 18, executions: 13, exec/sec: 4.865
[Objective #0] run time: 0h-0m-2s, clients: 1, corpus: 4, objectives: 19, executions: 13, exec/sec: 4.666
[Objective #0] run time: 0h-0m-2s, clients: 1, corpus: 4, objectives: 20, executions: 13, exec/sec: 4.491
[Objective #0] run time: 0h-0m-3s, clients: 1, corpus: 4, objectives: 21, executions: 13, exec/sec: 4.265
[Objective #0] run time: 0h-0m-3s, clients: 1, corpus: 4, objectives: 22, executions: 13, exec/sec: 4.079
Crash limit reached: 1
