JOB timestamp: Tue Dec 19 10:49:39 MST 2023
JOB ID: 121837
Array Task ID: 18
Current directory: /lfs/koff9454.ui/projects/plc_runtime_fuzzer/code_analysis/src
r3i4n10
gcc (Spack GCC) 12.1.0
Copyright (C) 2022 Free Software Foundation, Inc.
This is free software; see the source for copying conditions.  There is NO
warranty; not even for MERCHANTABILITY or FITNESS FOR A PARTICULAR PURPOSE.

Python 3.11.5
/lfs/koff9454.ui/miniconda3/envs/plc/bin/python
matiec version 0.1
changeset id: 
Number of programs: 3
Programs: depth_1 depth_2 depth_3
Fuzzing program: depth_1, Job ID: 18
input dir exist, skipping
harness file exist, skipping
Running the fuzzers
Workdir: "/lfs/koff9454.ui/projects/plc_runtime_fuzzer/code_analysis/src/programs/depth/depth_1/runs/run-18"
Out dir at "fuzzer-outdir" already exists.
Let's fuzz :)
[Stats #0] run time: 0h-0m-0s, clients: 1, corpus: 0, objectives: 0, executions: 0, exec/sec: 0.000
[Testcase #0] run time: 0h-0m-0s, clients: 1, corpus: 1, objectives: 0, executions: 1, exec/sec: 0.000
We imported 1 inputs from disk.
[Stats #0] run time: 0h-0m-0s, clients: 1, corpus: 1, objectives: 0, executions: 1, exec/sec: 0.000
[Testcase #0] run time: 0h-0m-0s, clients: 1, corpus: 2, objectives: 0, executions: 10, exec/sec: 0.000
[Objective #0] run time: 0h-0m-0s, clients: 1, corpus: 2, objectives: 1, executions: 10, exec/sec: 0.000
[Objective #0] run time: 0h-0m-0s, clients: 1, corpus: 2, objectives: 2, executions: 10, exec/sec: 0.000
[Objective #0] run time: 0h-0m-0s, clients: 1, corpus: 2, objectives: 3, executions: 10, exec/sec: 0.000
[Objective #0] run time: 0h-0m-0s, clients: 1, corpus: 2, objectives: 4, executions: 10, exec/sec: 0.000
[Objective #0] run time: 0h-0m-0s, clients: 1, corpus: 2, objectives: 5, executions: 10, exec/sec: 0.000
[Objective #0] run time: 0h-0m-0s, clients: 1, corpus: 2, objectives: 6, executions: 10, exec/sec: 0.000
[Objective #0] run time: 0h-0m-0s, clients: 1, corpus: 2, objectives: 7, executions: 10, exec/sec: 0.000
[Objective #0] run time: 0h-0m-0s, clients: 1, corpus: 2, objectives: 8, executions: 10, exec/sec: 0.000
[Objective #0] run time: 0h-0m-0s, clients: 1, corpus: 2, objectives: 9, executions: 10, exec/sec: 0.000
[Objective #0] run time: 0h-0m-0s, clients: 1, corpus: 2, objectives: 10, executions: 10, exec/sec: 0.000
[Objective #0] run time: 0h-0m-0s, clients: 1, corpus: 2, objectives: 11, executions: 10, exec/sec: 0.000
[Objective #0] run time: 0h-0m-0s, clients: 1, corpus: 2, objectives: 12, executions: 10, exec/sec: 0.000
[Objective #0] run time: 0h-0m-0s, clients: 1, corpus: 2, objectives: 13, executions: 10, exec/sec: 0.000
[Objective #0] run time: 0h-0m-0s, clients: 1, corpus: 2, objectives: 14, executions: 10, exec/sec: 0.000
[Objective #0] run time: 0h-0m-0s, clients: 1, corpus: 2, objectives: 15, executions: 10, exec/sec: 0.000
[Objective #0] run time: 0h-0m-0s, clients: 1, corpus: 2, objectives: 16, executions: 10, exec/sec: 0.000
[Objective #0] run time: 0h-0m-0s, clients: 1, corpus: 2, objectives: 17, executions: 10, exec/sec: 0.000
[Objective #0] run time: 0h-0m-0s, clients: 1, corpus: 2, objectives: 18, executions: 10, exec/sec: 0.000
[Objective #0] run time: 0h-0m-0s, clients: 1, corpus: 2, objectives: 19, executions: 10, exec/sec: 0.000
[Objective #0] run time: 0h-0m-0s, clients: 1, corpus: 2, objectives: 20, executions: 10, exec/sec: 0.000
[Objective #0] run time: 0h-0m-0s, clients: 1, corpus: 2, objectives: 21, executions: 10, exec/sec: 0.000
[Objective #0] run time: 0h-0m-0s, clients: 1, corpus: 2, objectives: 22, executions: 10, exec/sec: 0.000
[Objective #0] run time: 0h-0m-0s, clients: 1, corpus: 2, objectives: 23, executions: 10, exec/sec: 0.000
[Objective #0] run time: 0h-0m-0s, clients: 1, corpus: 2, objectives: 24, executions: 10, exec/sec: 0.000
[Objective #0] run time: 0h-0m-0s, clients: 1, corpus: 2, objectives: 25, executions: 10, exec/sec: 0.000
[Objective #0] run time: 0h-0m-0s, clients: 1, corpus: 2, objectives: 26, executions: 10, exec/sec: 0.000
[Objective #0] run time: 0h-0m-0s, clients: 1, corpus: 2, objectives: 27, executions: 10, exec/sec: 0.000
[Objective #0] run time: 0h-0m-0s, clients: 1, corpus: 2, objectives: 28, executions: 10, exec/sec: 0.000
[Objective #0] run time: 0h-0m-0s, clients: 1, corpus: 2, objectives: 29, executions: 10, exec/sec: 0.000
[Objective #0] run time: 0h-0m-0s, clients: 1, corpus: 2, objectives: 30, executions: 10, exec/sec: 0.000
[Objective #0] run time: 0h-0m-0s, clients: 1, corpus: 2, objectives: 31, executions: 10, exec/sec: 0.000
[Objective #0] run time: 0h-0m-0s, clients: 1, corpus: 2, objectives: 32, executions: 10, exec/sec: 0.000
[Objective #0] run time: 0h-0m-0s, clients: 1, corpus: 2, objectives: 33, executions: 10, exec/sec: 0.000
[Objective #0] run time: 0h-0m-0s, clients: 1, corpus: 2, objectives: 34, executions: 10, exec/sec: 0.000
[Objective #0] run time: 0h-0m-0s, clients: 1, corpus: 2, objectives: 35, executions: 10, exec/sec: 0.000
[Objective #0] run time: 0h-0m-0s, clients: 1, corpus: 2, objectives: 36, executions: 10, exec/sec: 0.000
[Objective #0] run time: 0h-0m-0s, clients: 1, corpus: 2, objectives: 37, executions: 10, exec/sec: 0.000
[Objective #0] run time: 0h-0m-0s, clients: 1, corpus: 2, objectives: 38, executions: 10, exec/sec: 0.000
[Objective #0] run time: 0h-0m-0s, clients: 1, corpus: 2, objectives: 39, executions: 10, exec/sec: 0.000
[Objective #0] run time: 0h-0m-0s, clients: 1, corpus: 2, objectives: 40, executions: 10, exec/sec: 0.000
[Objective #0] run time: 0h-0m-0s, clients: 1, corpus: 2, objectives: 41, executions: 10, exec/sec: 0.000
[Objective #0] run time: 0h-0m-0s, clients: 1, corpus: 2, objectives: 42, executions: 10, exec/sec: 0.000
[Objective #0] run time: 0h-0m-0s, clients: 1, corpus: 2, objectives: 43, executions: 10, exec/sec: 0.000
[Objective #0] run time: 0h-0m-0s, clients: 1, corpus: 2, objectives: 44, executions: 10, exec/sec: 0.000
[Objective #0] run time: 0h-0m-0s, clients: 1, corpus: 2, objectives: 45, executions: 10, exec/sec: 0.000
Crash limit reached: 1
[1;92m[+] [0mEnabled environment variable AFL_BENCH_UNTIL_CRASH with value 1[0m
[1;92m[+] [0mEnabled environment variable AFL_IGNORE_SEED_PROBLEMS with value 1[0m
[1;92m[+] [0mEnabled environment variable AFL_I_DONT_CARE_ABOUT_MISSING_CRASHES with value 1[0m
[1;92m[+] [0mEnabled environment variable AFL_SKIP_CPUFREQ with value 1[0m
[1;92m[+] [0mEnabled environment variable AFL_TRY_AFFINITY with value 1[0m
[1;93m[!] [1;97mWARNING: [0mPotentially mistyped AFL environment variable: USE_PCM_DB=2, did you mean AFL_USE_PCM_DB=2?[0m
[0;36mafl-fuzz++4.09a[0m based on afl by Michal Zalewski and a large online community
[1;92m[+] [0mAFL++ is maintained by Marc "van Hauser" Heuse, Dominik Maier, Andrea Fioraldi and Heiko "hexcoder" Eißfeldt[0m
[1;92m[+] [0mAFL++ is open source, get it at https://github.com/AFLplusplus/AFLplusplus[0m
[1;92m[+] [0mNOTE: AFL++ >= v3 has changed defaults and behaviours - see README.md[0m
[1;92m[+] [0mNo -M/-S set, autoconfiguring for "-S default"[0m
[1;94m[*] [0mGetting to work...[0m
[1;92m[+] [0mUsing exponential power schedule (FAST)[0m
[1;92m[+] [0mEnabled testcache with 50 MB[0m
[1;92m[+] [0mGenerating fuzz data with a length of min=1 max=1048576[0m
[1;94m[*] [0mChecking core_pattern...[0m

[1;91m[-] [0mHmm, your system is configured to send core dump notifications to an
    external utility. This will cause issues: there will be an extended delay
    between stumbling upon a crash and having this information relayed to the
    fuzzer via the standard waitpid() API.
    If you're just testing, set 'AFL_I_DONT_CARE_ABOUT_MISSING_CRASHES=1'.

    To avoid having crashes misinterpreted as timeouts, please log in as root
    and temporarily modify /proc/sys/kernel/core_pattern, like so:

    echo core >/proc/sys/kernel/core_pattern
[1;92m[+] [0mLooks like we're not running on a tty, so I'll be a bit less verbose.[0m
[1;92m[+] [0mYou have 36 CPU cores and 13 runnable tasks (utilization: 36%).[0m
[1;92m[+] [0mTry parallel jobs - see /usr/local/share/doc/afl/fuzzing_in_depth.md#c-using-multiple-cores[0m
[1;94m[*] [0mSetting up output directories...[0m
[1;94m[*] [0mChecking CPU core loadout...[0m
[1;92m[+] [0mFound a free CPU core, try binding to #7.[0m
[1;94m[*] [0mScanning 'afl-indir'...[0m
[1;92m[+] [0mLoaded a total of 1 seeds.[0m
[1;94m[*] [0mCreating hard links for all input files...[0m
[1;94m[*] [0mValidating target binary...[0m
[1;94m[*] [0mSpinning up the fork server...[0m
[1;92m[+] [0mAll right - fork server is up.[0m
[1;94m[*] [0mTarget map size: 59[0m
[1;94m[*] [0mNo auto-generated dictionary tokens to reuse.[0m
[1;94m[*] [0mLoading extra dictionary from 'afl-inputs.dict' (level 0)...[0m
[1;94m[*] [0mLoaded 66 extra tokens, size range 4 B to 6 B.[0m
[1;92m[+] [0mLoaded a total of 5 extras.[0m
[1;94m[*] [0mAttempting dry run with 'id:000000,time:0,execs:0,orig:testcase.txt'...[0m
[1;90m    len = 3, map size = 16, exec speed = 1240 us, hash = 26782fe75b855ca7
[0m[1;92m[+] [0mAll test cases processed.[0m
[1;92m[+] [0mHere are some useful stats:

[1;90m    Test case count : [0m1 favored, 0 variable, 0 ignored, 1 total
[1;90m       Bitmap range : [0m16 to 16 bits (average: 16.00 bits)
[1;90m        Exec timing : [0m1240 to 1240 us (average: 1240 us)
[0m
[1;94m[*] [0mNo -t option specified, so I'll use an exec timeout of 20 ms.[0m
[1;92m[+] [0mAll set and ready to roll![0m
[1;94m[*] [0mEntering queue cycle 1.[0m
[1;94m[*] [0mFuzzing test case #0 (1 total, 0 crashes saved, state: started :-), mode=explore, perf_score=0, weight=0, favorite=1, was_fuzzed=0, exec_us=1240, hits=0, map=16, ascii=0, run_time=0:00:00:00)...[0m
[1;92m[+] [0mEnabled environment variable AFL_BENCH_UNTIL_CRASH with value 1[0m
[1;92m[+] [0mEnabled environment variable AFL_IGNORE_SEED_PROBLEMS with value 1[0m
[1;92m[+] [0mEnabled environment variable AFL_I_DONT_CARE_ABOUT_MISSING_CRASHES with value 1[0m
[1;92m[+] [0mEnabled environment variable AFL_SKIP_CPUFREQ with value 1[0m
[1;92m[+] [0mEnabled environment variable AFL_TRY_AFFINITY with value 1[0m
[1;93m[!] [1;97mWARNING: [0mPotentially mistyped AFL environment variable: USE_PCM_DB=2, did you mean AFL_USE_PCM_DB=2?[0m
[0;36mafl-fuzz++4.09a[0m based on afl by Michal Zalewski and a large online community
[1;92m[+] [0mAFL++ is maintained by Marc "van Hauser" Heuse, Dominik Maier, Andrea Fioraldi and Heiko "hexcoder" Eißfeldt[0m
[1;92m[+] [0mAFL++ is open source, get it at https://github.com/AFLplusplus/AFLplusplus[0m
[1;92m[+] [0mNOTE: AFL++ >= v3 has changed defaults and behaviours - see README.md[0m
[1;92m[+] [0mNo -M/-S set, autoconfiguring for "-S default"[0m
[1;94m[*] [0mGetting to work...[0m
[1;92m[+] [0mUsing exponential power schedule (FAST)[0m
[1;92m[+] [0mEnabled testcache with 50 MB[0m
[1;92m[+] [0mGenerating fuzz data with a length of min=1 max=1048576[0m
[1;94m[*] [0mChecking core_pattern...[0m

[1;91m[-] [0mHmm, your system is configured to send core dump notifications to an
    external utility. This will cause issues: there will be an extended delay
    between stumbling upon a crash and having this information relayed to the
    fuzzer via the standard waitpid() API.
    If you're just testing, set 'AFL_I_DONT_CARE_ABOUT_MISSING_CRASHES=1'.

    To avoid having crashes misinterpreted as timeouts, please log in as root
    and temporarily modify /proc/sys/kernel/core_pattern, like so:

    echo core >/proc/sys/kernel/core_pattern
[1;92m[+] [0mLooks like we're not running on a tty, so I'll be a bit less verbose.[0m
[1;92m[+] [0mYou have 36 CPU cores and 15 runnable tasks (utilization: 42%).[0m
[1;92m[+] [0mTry parallel jobs - see /usr/local/share/doc/afl/fuzzing_in_depth.md#c-using-multiple-cores[0m
[1;94m[*] [0mSetting up output directories...[0m
[1;94m[*] [0mChecking CPU core loadout...[0m
[1;92m[+] [0mFound a free CPU core, try binding to #9.[0m
[1;94m[*] [0mScanning 'our-indir'...[0m
[1;92m[+] [0mLoaded a total of 1 seeds.[0m
[1;94m[*] [0mCreating hard links for all input files...[0m
[1;94m[*] [0mValidating target binary...[0m
[1;94m[*] [0mSpinning up the fork server...[0m
[1;92m[+] [0mAll right - fork server is up.[0m
[1;94m[*] [0mTarget map size: 59[0m
[1;94m[*] [0mNo auto-generated dictionary tokens to reuse.[0m
[1;94m[*] [0mLoading extra dictionary from 'our-inputs.dict' (level 0)...[0m
[1;94m[*] [0mLoaded 66 extra tokens, size range 4 B to 6 B.[0m
[1;92m[+] [0mLoaded a total of 5 extras.[0m
[1;94m[*] [0mAttempting dry run with 'id:000000,time:0,execs:0,orig:variables.txt'...[0m
[1;90m    len = 308, map size = 17, exec speed = 1146 us, hash = d7117ca9a15ca271
[0m[1;92m[+] [0mAll test cases processed.[0m
[1;92m[+] [0mHere are some useful stats:

[1;90m    Test case count : [0m1 favored, 0 variable, 0 ignored, 1 total
[1;90m       Bitmap range : [0m17 to 17 bits (average: 17.00 bits)
[1;90m        Exec timing : [0m1146 to 1146 us (average: 1146 us)
[0m
[1;94m[*] [0mNo -t option specified, so I'll use an exec timeout of 20 ms.[0m
[1;92m[+] [0mAll set and ready to roll![0m
[1;94m[*] [0mEntering queue cycle 1.[0m
[1;94m[*] [0mFuzzing test case #0 (1 total, 0 crashes saved, state: started :-), mode=explore, perf_score=0, weight=0, favorite=1, was_fuzzed=0, exec_us=1146, hits=0, map=17, ascii=0, run_time=0:00:00:00)...[0m
[?25h[1;91m

+++ Testing aborted programmatically +++
[0m[1;94m[*] [0mStatistics: 22 new corpus items found, 45.76% coverage achieved, 1 crashes saved, 0 timeouts saved, total runtime 0 days, 0 hrs, 0 min, 1 sec[0m
[1;92m[+] [0mWe're done here. Have a nice day!
[0m
[1;94m[*] [0mFuzzing test case #14 (31 total, 0 crashes saved, state: started :-), mode=explore, perf_score=0, weight=0, favorite=1, was_fuzzed=0, exec_us=1241, hits=47, map=16, ascii=0, run_time=0:00:04:47)...[0m
[1;94m[*] [0mFuzzing test case #0 (31 total, 0 crashes saved, state: started :-), mode=explore, perf_score=459, weight=94, favorite=1, was_fuzzed=1, exec_us=1240, hits=0, map=16, ascii=0, run_time=0:00:04:47)...[0m
[1;94m[*] [0mFuzzing test case #10 (31 total, 0 crashes saved, state: started :-), mode=explore, perf_score=100, weight=7, favorite=1, was_fuzzed=0, exec_us=1200, hits=167, map=18, ascii=0, run_time=0:00:04:48)...[0m
[1;94m[*] [0mFuzzing test case #30 (31 total, 0 crashes saved, state: started :-), mode=explore, perf_score=100, weight=24, favorite=1, was_fuzzed=0, exec_us=1134, hits=1, map=20, ascii=0, run_time=0:00:04:48)...[0m
[1;94m[*] [0mFuzzing test case #15 (32 total, 0 crashes saved, state: started :-), mode=explore, perf_score=100, weight=6, favorite=1, was_fuzzed=0, exec_us=1216, hits=245, map=18, ascii=0, run_time=0:00:04:49)...[0m
[1;94m[*] [0mFuzzing test case #26 (32 total, 0 crashes saved, state: started :-), mode=explore, perf_score=100, weight=22, favorite=1, was_fuzzed=0, exec_us=1169, hits=18, map=20, ascii=0, run_time=0:00:04:49)...[0m
[1;94m[*] [0mFuzzing test case #12 (32 total, 0 crashes saved, state: started :-), mode=explore, perf_score=100, weight=6, favorite=1, was_fuzzed=0, exec_us=1238, hits=799, map=18, ascii=0, run_time=0:00:04:49)...[0m
[1;94m[*] [0mFuzzing test case #0 (32 total, 0 crashes saved, state: started :-), mode=explore, perf_score=459, weight=97, favorite=1, was_fuzzed=1, exec_us=1240, hits=0, map=16, ascii=0, run_time=0:00:04:50)...[0m
[1;94m[*] [0mFuzzing test case #2 (32 total, 0 crashes saved, state: started :-), mode=explore, perf_score=100, weight=0, favorite=0, was_fuzzed=0, exec_us=1255, hits=23840, map=17, ascii=0, run_time=0:00:04:50)...[0m
[1;94m[*] [0mFuzzing test case #0 (32 total, 0 crashes saved, state: started :-), mode=explore, perf_score=459, weight=97, favorite=1, was_fuzzed=1, exec_us=1240, hits=0, map=16, ascii=0, run_time=0:00:04:51)...[0m
[1;94m[*] [0mFuzzing test case #0 (32 total, 0 crashes saved, state: started :-), mode=explore, perf_score=459, weight=97, favorite=1, was_fuzzed=1, exec_us=1240, hits=0, map=16, ascii=0, run_time=0:00:04:51)...[0m
[1;94m[*] [0mFuzzing test case #26 (32 total, 0 crashes saved, state: started :-), mode=explore, perf_score=229, weight=11, favorite=1, was_fuzzed=1, exec_us=1169, hits=23, map=20, ascii=0, run_time=0:00:04:52)...[0m
[1;94m[*] [0mFuzzing test case #0 (33 total, 0 crashes saved, state: started :-), mode=explore, perf_score=459, weight=99, favorite=1, was_fuzzed=1, exec_us=1240, hits=0, map=16, ascii=0, run_time=0:00:04:52)...[0m
[1;94m[*] [0mFuzzing test case #12 (33 total, 0 crashes saved, state: started :-), mode=explore, perf_score=114, weight=3, favorite=1, was_fuzzed=1, exec_us=1238, hits=829, map=18, ascii=0, run_time=0:00:04:53)...[0m
[1;94m[*] [0mFuzzing test case #0 (34 total, 0 crashes saved, state: started :-), mode=explore, perf_score=459, weight=102, favorite=1, was_fuzzed=1, exec_us=1240, hits=0, map=16, ascii=0, run_time=0:00:04:53)...[0m
[1;94m[*] [0mFuzzing test case #0 (34 total, 0 crashes saved, state: started :-), mode=explore, perf_score=459, weight=102, favorite=1, was_fuzzed=1, exec_us=1240, hits=0, map=16, ascii=0, run_time=0:00:04:54)...[0m
[1;94m[*] [0mFuzzing test case #0 (34 total, 0 crashes saved, state: started :-), mode=explore, perf_score=459, weight=102, favorite=1, was_fuzzed=1, exec_us=1240, hits=0, map=16, ascii=0, run_time=0:00:04:54)...[0m
[1;94m[*] [0mFuzzing test case #0 (34 total, 0 crashes saved, state: started :-), mode=explore, perf_score=459, weight=102, favorite=1, was_fuzzed=1, exec_us=1240, hits=0, map=16, ascii=0, run_time=0:00:04:55)...[0m
[1;94m[*] [0mFuzzing test case #0 (34 total, 0 crashes saved, state: started :-), mode=explore, perf_score=459, weight=102, favorite=1, was_fuzzed=1, exec_us=1240, hits=0, map=16, ascii=0, run_time=0:00:04:56)...[0m
[1;94m[*] [0mFuzzing test case #0 (34 total, 0 crashes saved, state: started :-), mode=explore, perf_score=459, weight=102, favorite=1, was_fuzzed=1, exec_us=1240, hits=0, map=16, ascii=0, run_time=0:00:04:56)...[0m
[1;94m[*] [0mFuzzing test case #0 (34 total, 0 crashes saved, state: started :-), mode=explore, perf_score=459, weight=102, favorite=1, was_fuzzed=1, exec_us=1240, hits=0, map=16, ascii=0, run_time=0:00:04:57)...[0m
[1;94m[*] [0mFuzzing test case #0 (34 total, 0 crashes saved, state: started :-), mode=explore, perf_score=459, weight=102, favorite=1, was_fuzzed=1, exec_us=1240, hits=0, map=16, ascii=0, run_time=0:00:04:57)...[0m
[1;94m[*] [0mFuzzing test case #0 (34 total, 0 crashes saved, state: started :-), mode=explore, perf_score=459, weight=102, favorite=1, was_fuzzed=1, exec_us=1240, hits=0, map=16, ascii=0, run_time=0:00:04:58)...[0m
[1;94m[*] [0mFuzzing test case #0 (34 total, 0 crashes saved, state: started :-), mode=explore, perf_score=459, weight=102, favorite=1, was_fuzzed=1, exec_us=1240, hits=0, map=16, ascii=0, run_time=0:00:04:58)...[0m
[1;94m[*] [0mFuzzing test case #0 (34 total, 0 crashes saved, state: started :-), mode=explore, perf_score=459, weight=102, favorite=1, was_fuzzed=1, exec_us=1240, hits=0, map=16, ascii=0, run_time=0:00:04:59)...[0m
[1;94m[*] [0mFuzzing test case #30 (34 total, 0 crashes saved, state: started :-), mode=explore, perf_score=114, weight=5, favorite=1, was_fuzzed=1, exec_us=1134, hits=49, map=20, ascii=0, run_time=0:00:04:59)...[0m
[1;94m[*] [0mFuzzing test case #0 (34 total, 0 crashes saved, state: in progress, mode=explore, perf_score=459, weight=102, favorite=1, was_fuzzed=1, exec_us=1240, hits=0, map=16, ascii=0, run_time=0:00:05:00)...[0m
[1;94m[*] [0mFuzzing test case #14 (34 total, 0 crashes saved, state: in progress, mode=explore, perf_score=114, weight=4, favorite=1, was_fuzzed=1, exec_us=1241, hits=47, map=16, ascii=0, run_time=0:00:05:00)...[0m
[1;94m[*] [0mFuzzing test case #0 (34 total, 0 crashes saved, state: in progress, mode=explore, perf_score=459, weight=102, favorite=1, was_fuzzed=1, exec_us=1240, hits=0, map=16, ascii=0, run_time=0:00:05:01)...[0m
[1;94m[*] [0mFuzzing test case #0 (34 total, 0 crashes saved, state: in progress, mode=explore, perf_score=459, weight=102, favorite=1, was_fuzzed=1, exec_us=1240, hits=0, map=16, ascii=0, run_time=0:00:05:01)...[0m
[1;94m[*] [0mFuzzing test case #26 (34 total, 0 crashes saved, state: in progress, mode=explore, perf_score=229, weight=11, favorite=1, was_fuzzed=1, exec_us=1169, hits=33, map=20, ascii=0, run_time=0:00:05:02)...[0m
[1;94m[*] [0mFuzzing test case #34 (35 total, 0 crashes saved, state: in progress, mode=explore, perf_score=0, weight=0, favorite=1, was_fuzzed=0, exec_us=1164, hits=1, map=22, ascii=0, run_time=0:00:05:02)...[0m
[1;94m[*] [0mFuzzing test case #0 (35 total, 0 crashes saved, state: in progress, mode=explore, perf_score=459, weight=101, favorite=1, was_fuzzed=1, exec_us=1240, hits=0, map=16, ascii=0, run_time=0:00:05:03)...[0m
[1;94m[*] [0mFuzzing test case #0 (35 total, 0 crashes saved, state: in progress, mode=explore, perf_score=459, weight=101, favorite=1, was_fuzzed=1, exec_us=1240, hits=0, map=16, ascii=0, run_time=0:00:05:03)...[0m
[1;94m[*] [0mFuzzing test case #0 (35 total, 0 crashes saved, state: in progress, mode=explore, perf_score=459, weight=101, favorite=1, was_fuzzed=1, exec_us=1240, hits=0, map=16, ascii=0, run_time=0:00:05:04)...[0m
[1;94m[*] [0mFuzzing test case #0 (35 total, 0 crashes saved, state: in progress, mode=explore, perf_score=459, weight=101, favorite=1, was_fuzzed=1, exec_us=1240, hits=0, map=16, ascii=0, run_time=0:00:05:04)...[0m
[1;94m[*] [0mFuzzing test case #0 (35 total, 0 crashes saved, state: in progress, mode=explore, perf_score=459, weight=101, favorite=1, was_fuzzed=1, exec_us=1240, hits=0, map=16, ascii=0, run_time=0:00:05:05)...[0m
[1;94m[*] [0mFuzzing test case #0 (35 total, 0 crashes saved, state: in progress, mode=explore, perf_score=459, weight=101, favorite=1, was_fuzzed=1, exec_us=1240, hits=0, map=16, ascii=0, run_time=0:00:05:05)...[0m
[1;94m[*] [0mEntering queue cycle 2.[0m
[1;94m[*] [0mFuzzing test case #0 (35 total, 0 crashes saved, state: in progress, mode=explore, perf_score=459, weight=101, favorite=1, was_fuzzed=1, exec_us=1240, hits=0, map=16, ascii=0, run_time=0:00:05:06)...[0m
[1;94m[*] [0mFuzzing test case #0 (35 total, 0 crashes saved, state: in progress, mode=explore, perf_score=459, weight=101, favorite=1, was_fuzzed=1, exec_us=1240, hits=0, map=16, ascii=0, run_time=0:00:05:06)...[0m
[1;94m[*] [0mFuzzing test case #14 (35 total, 0 crashes saved, state: in progress, mode=explore, perf_score=114, weight=4, favorite=1, was_fuzzed=1, exec_us=1241, hits=51, map=16, ascii=0, run_time=0:00:05:07)...[0m
[1;94m[*] [0mFuzzing test case #0 (36 total, 0 crashes saved, state: in progress, mode=explore, perf_score=459, weight=103, favorite=1, was_fuzzed=1, exec_us=1240, hits=0, map=16, ascii=0, run_time=0:00:05:07)...[0m
[1;94m[*] [0mFuzzing test case #0 (36 total, 0 crashes saved, state: in progress, mode=explore, perf_score=459, weight=103, favorite=1, was_fuzzed=1, exec_us=1240, hits=0, map=16, ascii=0, run_time=0:00:05:08)...[0m
[1;94m[*] [0mFuzzing test case #0 (36 total, 0 crashes saved, state: in progress, mode=explore, perf_score=459, weight=103, favorite=1, was_fuzzed=1, exec_us=1240, hits=0, map=16, ascii=0, run_time=0:00:05:08)...[0m
[1;94m[*] [0mFuzzing test case #0 (36 total, 0 crashes saved, state: in progress, mode=explore, perf_score=459, weight=103, favorite=1, was_fuzzed=1, exec_us=1240, hits=0, map=16, ascii=0, run_time=0:00:05:09)...[0m
[1;94m[*] [0mFuzzing test case #0 (36 total, 0 crashes saved, state: in progress, mode=explore, perf_score=459, weight=103, favorite=1, was_fuzzed=1, exec_us=1240, hits=0, map=16, ascii=0, run_time=0:00:05:10)...[0m
[1;94m[*] [0mFuzzing test case #15 (36 total, 0 crashes saved, state: in progress, mode=explore, perf_score=114, weight=3, favorite=1, was_fuzzed=1, exec_us=1216, hits=284, map=18, ascii=0, run_time=0:00:05:10)...[0m
[1;94m[*] [0mFuzzing test case #14 (37 total, 0 crashes saved, state: in progress, mode=explore, perf_score=114, weight=4, favorite=1, was_fuzzed=1, exec_us=1241, hits=56, map=16, ascii=0, run_time=0:00:05:11)...[0m
[1;94m[*] [0mFuzzing test case #0 (37 total, 0 crashes saved, state: in progress, mode=explore, perf_score=459, weight=106, favorite=1, was_fuzzed=1, exec_us=1240, hits=0, map=16, ascii=0, run_time=0:00:05:11)...[0m
[1;94m[*] [0mFuzzing test case #15 (37 total, 0 crashes saved, state: in progress, mode=explore, perf_score=114, weight=3, favorite=1, was_fuzzed=1, exec_us=1216, hits=294, map=18, ascii=0, run_time=0:00:05:11)...[0m
[1;94m[*] [0mFuzzing test case #0 (37 total, 0 crashes saved, state: in progress, mode=explore, perf_score=459, weight=106, favorite=1, was_fuzzed=1, exec_us=1240, hits=0, map=16, ascii=0, run_time=0:00:05:12)...[0m
[1;94m[*] [0mFuzzing test case #0 (37 total, 0 crashes saved, state: in progress, mode=explore, perf_score=459, weight=106, favorite=1, was_fuzzed=1, exec_us=1240, hits=0, map=16, ascii=0, run_time=0:00:05:12)...[0m
[1;94m[*] [0mFuzzing test case #0 (37 total, 0 crashes saved, state: in progress, mode=explore, perf_score=459, weight=106, favorite=1, was_fuzzed=1, exec_us=1240, hits=0, map=16, ascii=0, run_time=0:00:05:13)...[0m
[1;94m[*] [0mFuzzing test case #0 (37 total, 0 crashes saved, state: in progress, mode=explore, perf_score=459, weight=106, favorite=1, was_fuzzed=1, exec_us=1240, hits=0, map=16, ascii=0, run_time=0:00:05:13)...[0m
[1;94m[*] [0mFuzzing test case #14 (37 total, 0 crashes saved, state: in progress, mode=explore, perf_score=114, weight=4, favorite=1, was_fuzzed=1, exec_us=1241, hits=63, map=16, ascii=0, run_time=0:00:05:14)...[0m
[1;94m[*] [0mFuzzing test case #15 (37 total, 0 crashes saved, state: in progress, mode=explore, perf_score=114, weight=3, favorite=1, was_fuzzed=1, exec_us=1216, hits=304, map=18, ascii=0, run_time=0:00:05:14)...[0m
[1;94m[*] [0mFuzzing test case #0 (38 total, 0 crashes saved, state: in progress, mode=explore, perf_score=459, weight=108, favorite=1, was_fuzzed=1, exec_us=1240, hits=0, map=16, ascii=0, run_time=0:00:05:15)...[0m
[1;94m[*] [0mFuzzing test case #0 (38 total, 0 crashes saved, state: in progress, mode=explore, perf_score=459, weight=108, favorite=1, was_fuzzed=1, exec_us=1240, hits=0, map=16, ascii=0, run_time=0:00:05:15)...[0m
[1;94m[*] [0mFuzzing test case #0 (38 total, 0 crashes saved, state: in progress, mode=explore, perf_score=459, weight=108, favorite=1, was_fuzzed=1, exec_us=1240, hits=0, map=16, ascii=0, run_time=0:00:05:16)...[0m
[1;94m[*] [0mFuzzing test case #34 (38 total, 0 crashes saved, state: in progress, mode=explore, perf_score=459, weight=13, favorite=1, was_fuzzed=1, exec_us=1164, hits=1, map=22, ascii=0, run_time=0:00:05:16)...[0m
[1;94m[*] [0mFuzzing test case #0 (38 total, 0 crashes saved, state: in progress, mode=explore, perf_score=459, weight=108, favorite=1, was_fuzzed=1, exec_us=1240, hits=0, map=16, ascii=0, run_time=0:00:05:18)...[0m
[1;94m[*] [0mFuzzing test case #34 (38 total, 0 crashes saved, state: in progress, mode=explore, perf_score=459, weight=13, favorite=1, was_fuzzed=1, exec_us=1164, hits=33, map=22, ascii=0, run_time=0:00:05:18)...[0m
[1;94m[*] [0mFuzzing test case #0 (38 total, 0 crashes saved, state: in progress, mode=explore, perf_score=459, weight=108, favorite=1, was_fuzzed=1, exec_us=1240, hits=0, map=16, ascii=0, run_time=0:00:05:20)...[0m
[1;94m[*] [0mFuzzing test case #0 (38 total, 0 crashes saved, state: in progress, mode=explore, perf_score=459, weight=108, favorite=1, was_fuzzed=1, exec_us=1240, hits=0, map=16, ascii=0, run_time=0:00:05:21)...[0m
[1;94m[*] [0mFuzzing test case #12 (38 total, 0 crashes saved, state: in progress, mode=explore, perf_score=114, weight=3, favorite=1, was_fuzzed=1, exec_us=1238, hits=890, map=18, ascii=0, run_time=0:00:05:21)...[0m
[1;94m[*] [0mFuzzing test case #26 (38 total, 0 crashes saved, state: in progress, mode=explore, perf_score=114, weight=10, favorite=1, was_fuzzed=1, exec_us=1169, hits=87, map=20, ascii=0, run_time=0:00:05:22)...[0m
[1;94m[*] [0mFuzzing test case #0 (38 total, 0 crashes saved, state: in progress, mode=explore, perf_score=459, weight=108, favorite=1, was_fuzzed=1, exec_us=1240, hits=0, map=16, ascii=0, run_time=0:00:05:22)...[0m
[1;94m[*] [0mFuzzing test case #0 (38 total, 0 crashes saved, state: in progress, mode=explore, perf_score=459, weight=108, favorite=1, was_fuzzed=1, exec_us=1240, hits=0, map=16, ascii=0, run_time=0:00:05:23)...[0m
[1;94m[*] [0mFuzzing test case #0 (38 total, 0 crashes saved, state: in progress, mode=explore, perf_score=459, weight=108, favorite=1, was_fuzzed=1, exec_us=1240, hits=0, map=16, ascii=0, run_time=0:00:05:23)...[0m
[1;94m[*] [0mFuzzing test case #30 (38 total, 0 crashes saved, state: in progress, mode=explore, perf_score=114, weight=5, favorite=1, was_fuzzed=1, exec_us=1134, hits=74, map=20, ascii=0, run_time=0:00:05:24)...[0m
[1;94m[*] [0mFuzzing test case #0 (38 total, 0 crashes saved, state: in progress, mode=explore, perf_score=459, weight=108, favorite=1, was_fuzzed=1, exec_us=1240, hits=0, map=16, ascii=0, run_time=0:00:05:24)...[0m
[1;94m[*] [0mFuzzing test case #0 (38 total, 0 crashes saved, state: in progress, mode=explore, perf_score=459, weight=108, favorite=1, was_fuzzed=1, exec_us=1240, hits=0, map=16, ascii=0, run_time=0:00:05:25)...[0m
[1;94m[*] [0mFuzzing test case #0 (38 total, 0 crashes saved, state: in progress, mode=explore, perf_score=459, weight=108, favorite=1, was_fuzzed=1, exec_us=1240, hits=0, map=16, ascii=0, run_time=0:00:05:25)...[0m
[1;94m[*] [0mFuzzing test case #0 (38 total, 0 crashes saved, state: in progress, mode=explore, perf_score=459, weight=108, favorite=1, was_fuzzed=1, exec_us=1240, hits=0, map=16, ascii=0, run_time=0:00:05:26)...[0m
[1;94m[*] [0mFuzzing test case #12 (38 total, 0 crashes saved, state: in progress, mode=explore, perf_score=114, weight=3, favorite=1, was_fuzzed=1, exec_us=1238, hits=909, map=18, ascii=0, run_time=0:00:05:26)...[0m
[1;94m[*] [0mFuzzing test case #0 (38 total, 0 crashes saved, state: in progress, mode=explore, perf_score=459, weight=108, favorite=1, was_fuzzed=1, exec_us=1240, hits=0, map=16, ascii=0, run_time=0:00:05:27)...[0m
[1;94m[*] [0mFuzzing test case #0 (38 total, 0 crashes saved, state: in progress, mode=explore, perf_score=459, weight=108, favorite=1, was_fuzzed=1, exec_us=1240, hits=0, map=16, ascii=0, run_time=0:00:05:27)...[0m
[1;94m[*] [0mFuzzing test case #34 (38 total, 0 crashes saved, state: in progress, mode=explore, perf_score=459, weight=13, favorite=1, was_fuzzed=1, exec_us=1164, hits=68, map=22, ascii=0, run_time=0:00:05:28)...[0m
[1;94m[*] [0mEntering queue cycle 3.[0m
[1;94m[*] [0mFuzzing test case #0 (38 total, 0 crashes saved, state: in progress, mode=explore, perf_score=459, weight=108, favorite=1, was_fuzzed=1, exec_us=1240, hits=0, map=16, ascii=0, run_time=0:00:05:29)...[0m
[1;94m[*] [0mFuzzing test case #0 (38 total, 0 crashes saved, state: in progress, mode=explore, perf_score=459, weight=108, favorite=1, was_fuzzed=1, exec_us=1240, hits=0, map=16, ascii=0, run_time=0:00:05:30)...[0m
[1;94m[*] [0mFuzzing test case #0 (38 total, 0 crashes saved, state: in progress, mode=explore, perf_score=459, weight=108, favorite=1, was_fuzzed=1, exec_us=1240, hits=0, map=16, ascii=0, run_time=0:00:05:30)...[0m
[1;94m[*] [0mFuzzing test case #0 (38 total, 0 crashes saved, state: in progress, mode=explore, perf_score=459, weight=108, favorite=1, was_fuzzed=1, exec_us=1240, hits=0, map=16, ascii=0, run_time=0:00:05:31)...[0m
[1;94m[*] [0mFuzzing test case #0 (38 total, 0 crashes saved, state: in progress, mode=explore, perf_score=459, weight=108, favorite=1, was_fuzzed=1, exec_us=1240, hits=0, map=16, ascii=0, run_time=0:00:05:31)...[0m
[1;94m[*] [0mFuzzing test case #0 (38 total, 0 crashes saved, state: in progress, mode=explore, perf_score=459, weight=108, favorite=1, was_fuzzed=1, exec_us=1240, hits=0, map=16, ascii=0, run_time=0:00:05:32)...[0m
[1;94m[*] [0mFuzzing test case #0 (38 total, 0 crashes saved, state: in progress, mode=explore, perf_score=459, weight=108, favorite=1, was_fuzzed=1, exec_us=1240, hits=0, map=16, ascii=0, run_time=0:00:05:32)...[0m
[1;94m[*] [0mFuzzing test case #0 (38 total, 0 crashes saved, state: in progress, mode=explore, perf_score=459, weight=108, favorite=1, was_fuzzed=1, exec_us=1240, hits=0, map=16, ascii=0, run_time=0:00:05:33)...[0m
[1;94m[*] [0mFuzzing test case #0 (38 total, 0 crashes saved, state: in progress, mode=explore, perf_score=459, weight=108, favorite=1, was_fuzzed=1, exec_us=1240, hits=0, map=16, ascii=0, run_time=0:00:05:34)...[0m
[1;94m[*] [0mFuzzing test case #0 (38 total, 0 crashes saved, state: in progress, mode=explore, perf_score=459, weight=108, favorite=1, was_fuzzed=1, exec_us=1240, hits=0, map=16, ascii=0, run_time=0:00:05:34)...[0m
[1;94m[*] [0mFuzzing test case #0 (38 total, 0 crashes saved, state: in progress, mode=explore, perf_score=459, weight=108, favorite=1, was_fuzzed=1, exec_us=1240, hits=0, map=16, ascii=0, run_time=0:00:05:35)...[0m
[1;94m[*] [0mFuzzing test case #0 (38 total, 0 crashes saved, state: in progress, mode=explore, perf_score=459, weight=108, favorite=1, was_fuzzed=1, exec_us=1240, hits=0, map=16, ascii=0, run_time=0:00:05:35)...[0m
[1;94m[*] [0mFuzzing test case #0 (38 total, 0 crashes saved, state: in progress, mode=explore, perf_score=459, weight=108, favorite=1, was_fuzzed=1, exec_us=1240, hits=0, map=16, ascii=0, run_time=0:00:05:36)...[0m
[1;94m[*] [0mFuzzing test case #9 (38 total, 0 crashes saved, state: in progress, mode=explore, perf_score=100, weight=0, favorite=0, was_fuzzed=0, exec_us=1231, hits=414, map=17, ascii=0, run_time=0:00:05:36)...[0m
[1;94m[*] [0mFuzzing test case #0 (38 total, 0 crashes saved, state: in progress, mode=explore, perf_score=459, weight=108, favorite=1, was_fuzzed=1, exec_us=1240, hits=0, map=16, ascii=0, run_time=0:00:05:37)...[0m
[1;94m[*] [0mFuzzing test case #0 (38 total, 0 crashes saved, state: in progress, mode=explore, perf_score=459, weight=108, favorite=1, was_fuzzed=1, exec_us=1240, hits=0, map=16, ascii=0, run_time=0:00:05:37)...[0m
[1;94m[*] [0mFuzzing test case #12 (38 total, 0 crashes saved, state: in progress, mode=explore, perf_score=114, weight=3, favorite=1, was_fuzzed=1, exec_us=1238, hits=945, map=18, ascii=0, run_time=0:00:05:38)...[0m
[1;94m[*] [0mFuzzing test case #0 (38 total, 0 crashes saved, state: in progress, mode=explore, perf_score=459, weight=108, favorite=1, was_fuzzed=1, exec_us=1240, hits=0, map=16, ascii=0, run_time=0:00:05:38)...[0m
[1;94m[*] [0mFuzzing test case #0 (38 total, 0 crashes saved, state: in progress, mode=explore, perf_score=459, weight=108, favorite=1, was_fuzzed=1, exec_us=1240, hits=0, map=16, ascii=0, run_time=0:00:05:39)...[0m
[1;94m[*] [0mFuzzing test case #0 (38 total, 0 crashes saved, state: in progress, mode=explore, perf_score=459, weight=108, favorite=1, was_fuzzed=1, exec_us=1240, hits=0, map=16, ascii=0, run_time=0:00:05:39)...[0m
[1;94m[*] [0mFuzzing test case #0 (38 total, 0 crashes saved, state: in progress, mode=explore, perf_score=459, weight=108, favorite=1, was_fuzzed=1, exec_us=1240, hits=0, map=16, ascii=0, run_time=0:00:05:40)...[0m
[1;94m[*] [0mFuzzing test case #0 (38 total, 0 crashes saved, state: in progress, mode=explore, perf_score=459, weight=108, favorite=1, was_fuzzed=1, exec_us=1240, hits=0, map=16, ascii=0, run_time=0:00:05:40)...[0m
[1;94m[*] [0mFuzzing test case #12 (38 total, 0 crashes saved, state: in progress, mode=explore, perf_score=114, weight=3, favorite=1, was_fuzzed=1, exec_us=1238, hits=985, map=18, ascii=0, run_time=0:00:05:41)...[0m
[1;94m[*] [0mFuzzing test case #0 (38 total, 0 crashes saved, state: in progress, mode=explore, perf_score=459, weight=108, favorite=1, was_fuzzed=1, exec_us=1240, hits=0, map=16, ascii=0, run_time=0:00:05:41)...[0m
[1;94m[*] [0mFuzzing test case #0 (38 total, 0 crashes saved, state: in progress, mode=explore, perf_score=459, weight=108, favorite=1, was_fuzzed=1, exec_us=1240, hits=0, map=16, ascii=0, run_time=0:00:05:42)...[0m
[1;94m[*] [0mFuzzing test case #0 (38 total, 0 crashes saved, state: in progress, mode=explore, perf_score=459, weight=108, favorite=1, was_fuzzed=1, exec_us=1240, hits=0, map=16, ascii=0, run_time=0:00:05:42)...[0m
[1;94m[*] [0mFuzzing test case #0 (38 total, 0 crashes saved, state: in progress, mode=explore, perf_score=459, weight=108, favorite=1, was_fuzzed=1, exec_us=1240, hits=0, map=16, ascii=0, run_time=0:00:05:43)...[0m
[1;94m[*] [0mFuzzing test case #0 (38 total, 0 crashes saved, state: in progress, mode=explore, perf_score=459, weight=108, favorite=1, was_fuzzed=1, exec_us=1240, hits=0, map=16, ascii=0, run_time=0:00:05:44)...[0m
[1;94m[*] [0mFuzzing test case #0 (38 total, 0 crashes saved, state: in progress, mode=explore, perf_score=459, weight=108, favorite=1, was_fuzzed=1, exec_us=1240, hits=0, map=16, ascii=0, run_time=0:00:05:44)...[0m
[1;94m[*] [0mFuzzing test case #0 (38 total, 0 crashes saved, state: in progress, mode=explore, perf_score=459, weight=108, favorite=1, was_fuzzed=1, exec_us=1240, hits=0, map=16, ascii=0, run_time=0:00:05:45)...[0m
[1;94m[*] [0mFuzzing test case #30 (38 total, 0 crashes saved, state: in progress, mode=explore, perf_score=114, weight=4, favorite=1, was_fuzzed=1, exec_us=1134, hits=82, map=20, ascii=0, run_time=0:00:05:46)...[0m
[1;94m[*] [0mFuzzing test case #0 (38 total, 0 crashes saved, state: in progress, mode=explore, perf_score=459, weight=108, favorite=1, was_fuzzed=1, exec_us=1240, hits=0, map=16, ascii=0, run_time=0:00:05:46)...[0m
[1;94m[*] [0mFuzzing test case #0 (38 total, 0 crashes saved, state: in progress, mode=explore, perf_score=459, weight=108, favorite=1, was_fuzzed=1, exec_us=1240, hits=0, map=16, ascii=0, run_time=0:00:05:46)...[0m
[1;94m[*] [0mFuzzing test case #0 (38 total, 0 crashes saved, state: in progress, mode=explore, perf_score=459, weight=108, favorite=1, was_fuzzed=1, exec_us=1240, hits=0, map=16, ascii=0, run_time=0:00:05:47)...[0m
[1;94m[*] [0mFuzzing test case #0 (38 total, 0 crashes saved, state: in progress, mode=explore, perf_score=459, weight=108, favorite=1, was_fuzzed=1, exec_us=1240, hits=0, map=16, ascii=0, run_time=0:00:05:48)...[0m
[1;94m[*] [0mFuzzing test case #15 (38 total, 0 crashes saved, state: in progress, mode=explore, perf_score=114, weight=3, favorite=1, was_fuzzed=1, exec_us=1216, hits=347, map=18, ascii=0, run_time=0:00:05:48)...[0m
[1;94m[*] [0mFuzzing test case #0 (38 total, 0 crashes saved, state: in progress, mode=explore, perf_score=459, weight=108, favorite=1, was_fuzzed=1, exec_us=1240, hits=0, map=16, ascii=0, run_time=0:00:05:48)...[0m
[1;94m[*] [0mFuzzing test case #0 (38 total, 0 crashes saved, state: in progress, mode=explore, perf_score=459, weight=108, favorite=1, was_fuzzed=1, exec_us=1240, hits=0, map=16, ascii=0, run_time=0:00:05:49)...[0m
[1;94m[*] [0mFuzzing test case #0 (38 total, 0 crashes saved, state: in progress, mode=explore, perf_score=459, weight=108, favorite=1, was_fuzzed=1, exec_us=1240, hits=0, map=16, ascii=0, run_time=0:00:05:50)...[0m
[1;94m[*] [0mFuzzing test case #0 (38 total, 0 crashes saved, state: in progress, mode=explore, perf_score=459, weight=108, favorite=1, was_fuzzed=1, exec_us=1240, hits=0, map=16, ascii=0, run_time=0:00:05:50)...[0m
[1;94m[*] [0mEntering queue cycle 4.[0m
[1;94m[*] [0mFuzzing test case #0 (38 total, 0 crashes saved, state: in progress, mode=explore, perf_score=459, weight=108, favorite=1, was_fuzzed=1, exec_us=1240, hits=0, map=16, ascii=0, run_time=0:00:05:51)...[0m
[1;94m[*] [0mFuzzing test case #0 (38 total, 0 crashes saved, state: in progress, mode=explore, perf_score=459, weight=108, favorite=1, was_fuzzed=1, exec_us=1240, hits=0, map=16, ascii=0, run_time=0:00:05:51)...[0m
[1;94m[*] [0mFuzzing test case #0 (38 total, 0 crashes saved, state: in progress, mode=explore, perf_score=459, weight=108, favorite=1, was_fuzzed=1, exec_us=1240, hits=0, map=16, ascii=0, run_time=0:00:05:52)...[0m
[1;94m[*] [0mFuzzing test case #0 (38 total, 0 crashes saved, state: in progress, mode=explore, perf_score=459, weight=108, favorite=1, was_fuzzed=1, exec_us=1240, hits=0, map=16, ascii=0, run_time=0:00:05:52)...[0m
[1;94m[*] [0mFuzzing test case #0 (38 total, 0 crashes saved, state: in progress, mode=explore, perf_score=459, weight=108, favorite=1, was_fuzzed=1, exec_us=1240, hits=0, map=16, ascii=0, run_time=0:00:05:53)...[0m
[1;94m[*] [0mFuzzing test case #0 (38 total, 0 crashes saved, state: in progress, mode=explore, perf_score=459, weight=108, favorite=1, was_fuzzed=1, exec_us=1240, hits=0, map=16, ascii=0, run_time=0:00:05:53)...[0m
[1;94m[*] [0mFuzzing test case #0 (38 total, 0 crashes saved, state: in progress, mode=explore, perf_score=459, weight=108, favorite=1, was_fuzzed=1, exec_us=1240, hits=0, map=16, ascii=0, run_time=0:00:05:54)...[0m
[1;94m[*] [0mFuzzing test case #0 (38 total, 0 crashes saved, state: in progress, mode=explore, perf_score=459, weight=108, favorite=1, was_fuzzed=1, exec_us=1240, hits=0, map=16, ascii=0, run_time=0:00:05:54)...[0m
[1;94m[*] [0mFuzzing test case #0 (38 total, 0 crashes saved, state: in progress, mode=explore, perf_score=459, weight=108, favorite=1, was_fuzzed=1, exec_us=1240, hits=0, map=16, ascii=0, run_time=0:00:05:55)...[0m
[1;94m[*] [0mFuzzing test case #26 (38 total, 0 crashes saved, state: in progress, mode=explore, perf_score=114, weight=9, favorite=1, was_fuzzed=1, exec_us=1169, hits=114, map=20, ascii=0, run_time=0:00:05:55)...[0m
[1;94m[*] [0mFuzzing test case #0 (38 total, 0 crashes saved, state: in progress, mode=explore, perf_score=459, weight=108, favorite=1, was_fuzzed=1, exec_us=1240, hits=0, map=16, ascii=0, run_time=0:00:05:56)...[0m
[1;94m[*] [0mFuzzing test case #30 (38 total, 0 crashes saved, state: in progress, mode=explore, perf_score=114, weight=4, favorite=1, was_fuzzed=1, exec_us=1134, hits=92, map=20, ascii=0, run_time=0:00:05:56)...[0m
[1;94m[*] [0mFuzzing test case #0 (38 total, 0 crashes saved, state: in progress, mode=explore, perf_score=459, weight=108, favorite=1, was_fuzzed=1, exec_us=1240, hits=0, map=16, ascii=0, run_time=0:00:05:57)...[0m
[1;94m[*] [0mFuzzing test case #0 (38 total, 0 crashes saved, state: in progress, mode=explore, perf_score=459, weight=108, favorite=1, was_fuzzed=1, exec_us=1240, hits=0, map=16, ascii=0, run_time=0:00:05:57)...[0m
[1;94m[*] [0mFuzzing test case #0 (38 total, 0 crashes saved, state: in progress, mode=explore, perf_score=459, weight=108, favorite=1, was_fuzzed=1, exec_us=1240, hits=0, map=16, ascii=0, run_time=0:00:05:58)...[0m
[1;94m[*] [0mFuzzing test case #0 (38 total, 0 crashes saved, state: in progress, mode=explore, perf_score=459, weight=108, favorite=1, was_fuzzed=1, exec_us=1240, hits=0, map=16, ascii=0, run_time=0:00:05:58)...[0m
[1;94m[*] [0mFuzzing test case #0 (38 total, 0 crashes saved, state: in progress, mode=explore, perf_score=459, weight=108, favorite=1, was_fuzzed=1, exec_us=1240, hits=0, map=16, ascii=0, run_time=0:00:05:59)...[0m
[1;94m[*] [0mFuzzing test case #0 (38 total, 0 crashes saved, state: in progress, mode=explore, perf_score=459, weight=108, favorite=1, was_fuzzed=1, exec_us=1240, hits=0, map=16, ascii=0, run_time=0:00:05:59)...[0m
[1;94m[*] [0mFuzzing test case #0 (38 total, 0 crashes saved, state: in progress, mode=explore, perf_score=459, weight=108, favorite=1, was_fuzzed=1, exec_us=1240, hits=0, map=16, ascii=0, run_time=0:00:06:00)...[0m
[1;94m[*] [0mFuzzing test case #0 (38 total, 0 crashes saved, state: in progress, mode=explore, perf_score=459, weight=108, favorite=1, was_fuzzed=1, exec_us=1240, hits=0, map=16, ascii=0, run_time=0:00:06:01)...[0m
[1;94m[*] [0mFuzzing test case #0 (38 total, 0 crashes saved, state: in progress, mode=explore, perf_score=459, weight=108, favorite=1, was_fuzzed=1, exec_us=1240, hits=0, map=16, ascii=0, run_time=0:00:06:01)...[0m
[1;94m[*] [0mFuzzing test case #8 (38 total, 0 crashes saved, state: in progress, mode=explore, perf_score=100, weight=0, favorite=0, was_fuzzed=0, exec_us=1228, hits=317, map=18, ascii=0, run_time=0:00:06:02)...[0m
[1;94m[*] [0mFuzzing test case #0 (38 total, 0 crashes saved, state: in progress, mode=explore, perf_score=459, weight=108, favorite=1, was_fuzzed=1, exec_us=1240, hits=0, map=16, ascii=0, run_time=0:00:06:02)...[0m
[1;94m[*] [0mFuzzing test case #0 (38 total, 0 crashes saved, state: in progress, mode=explore, perf_score=459, weight=108, favorite=1, was_fuzzed=1, exec_us=1240, hits=0, map=16, ascii=0, run_time=0:00:06:03)...[0m
[1;94m[*] [0mFuzzing test case #0 (38 total, 0 crashes saved, state: in progress, mode=explore, perf_score=459, weight=108, favorite=1, was_fuzzed=1, exec_us=1240, hits=0, map=16, ascii=0, run_time=0:00:06:03)...[0m
[1;94m[*] [0mFuzzing test case #0 (38 total, 0 crashes saved, state: in progress, mode=explore, perf_score=459, weight=108, favorite=1, was_fuzzed=1, exec_us=1240, hits=0, map=16, ascii=0, run_time=0:00:06:04)...[0m
[1;94m[*] [0mFuzzing test case #26 (38 total, 0 crashes saved, state: in progress, mode=explore, perf_score=114, weight=9, favorite=1, was_fuzzed=1, exec_us=1169, hits=129, map=20, ascii=0, run_time=0:00:06:04)...[0m
[1;94m[*] [0mFuzzing test case #0 (38 total, 0 crashes saved, state: in progress, mode=explore, perf_score=459, weight=108, favorite=1, was_fuzzed=1, exec_us=1240, hits=0, map=16, ascii=0, run_time=0:00:06:04)...[0m
[1;94m[*] [0mFuzzing test case #35 (38 total, 0 crashes saved, state: in progress, mode=explore, perf_score=100, weight=1, favorite=0, was_fuzzed=0, exec_us=1131, hits=10, map=21, ascii=0, run_time=0:00:06:05)...[0m
[1;94m[*] [0mFuzzing test case #0 (38 total, 0 crashes saved, state: in progress, mode=explore, perf_score=459, weight=108, favorite=1, was_fuzzed=1, exec_us=1240, hits=0, map=16, ascii=0, run_time=0:00:06:05)...[0m
[1;94m[*] [0mFuzzing test case #0 (38 total, 0 crashes saved, state: in progress, mode=explore, perf_score=459, weight=108, favorite=1, was_fuzzed=1, exec_us=1240, hits=0, map=16, ascii=0, run_time=0:00:06:06)...[0m
[1;94m[*] [0mFuzzing test case #0 (38 total, 0 crashes saved, state: in progress, mode=explore, perf_score=459, weight=108, favorite=1, was_fuzzed=1, exec_us=1240, hits=0, map=16, ascii=0, run_time=0:00:06:06)...[0m
[1;94m[*] [0mFuzzing test case #26 (38 total, 0 crashes saved, state: in progress, mode=explore, perf_score=114, weight=9, favorite=1, was_fuzzed=1, exec_us=1169, hits=130, map=20, ascii=0, run_time=0:00:06:07)...[0m
[1;94m[*] [0mFuzzing test case #0 (39 total, 0 crashes saved, state: in progress, mode=explore, perf_score=459, weight=111, favorite=1, was_fuzzed=1, exec_us=1240, hits=0, map=16, ascii=0, run_time=0:00:06:07)...[0m
[1;94m[*] [0mFuzzing test case #0 (39 total, 0 crashes saved, state: in progress, mode=explore, perf_score=459, weight=111, favorite=1, was_fuzzed=1, exec_us=1240, hits=0, map=16, ascii=0, run_time=0:00:06:08)...[0m
[1;94m[*] [0mFuzzing test case #0 (39 total, 0 crashes saved, state: in progress, mode=explore, perf_score=459, weight=111, favorite=1, was_fuzzed=1, exec_us=1240, hits=0, map=16, ascii=0, run_time=0:00:06:08)...[0m
[1;94m[*] [0mFuzzing test case #35 (39 total, 0 crashes saved, state: in progress, mode=explore, perf_score=229, weight=6, favorite=1, was_fuzzed=1, exec_us=1131, hits=26, map=21, ascii=0, run_time=0:00:06:09)...[0m
[1;94m[*] [0mFuzzing test case #0 (39 total, 0 crashes saved, state: in progress, mode=explore, perf_score=459, weight=111, favorite=1, was_fuzzed=1, exec_us=1240, hits=0, map=16, ascii=0, run_time=0:00:06:10)...[0m
[1;94m[*] [0mFuzzing test case #0 (39 total, 0 crashes saved, state: in progress, mode=explore, perf_score=459, weight=111, favorite=1, was_fuzzed=1, exec_us=1240, hits=0, map=16, ascii=0, run_time=0:00:06:10)...[0m
[1;94m[*] [0mFuzzing test case #30 (39 total, 0 crashes saved, state: in progress, mode=explore, perf_score=114, weight=4, favorite=1, was_fuzzed=1, exec_us=1134, hits=102, map=20, ascii=0, run_time=0:00:06:11)...[0m
[1;94m[*] [0mFuzzing test case #39 (40 total, 0 crashes saved, state: in progress, mode=explore, perf_score=0, weight=0, favorite=1, was_fuzzed=0, exec_us=1155, hits=1, map=24, ascii=0, run_time=0:00:06:11)...[0m
[1;94m[*] [0mFuzzing test case #0 (40 total, 0 crashes saved, state: in progress, mode=explore, perf_score=459, weight=109, favorite=1, was_fuzzed=1, exec_us=1240, hits=0, map=16, ascii=0, run_time=0:00:06:11)...[0m
[1;94m[*] [0mFuzzing test case #0 (40 total, 0 crashes saved, state: in progress, mode=explore, perf_score=459, weight=109, favorite=1, was_fuzzed=1, exec_us=1240, hits=0, map=16, ascii=0, run_time=0:00:06:12)...[0m
[1;94m[*] [0mEntering queue cycle 5.[0m
[1;94m[*] [0mFuzzing test case #0 (40 total, 0 crashes saved, state: in progress, mode=explore, perf_score=459, weight=109, favorite=1, was_fuzzed=1, exec_us=1240, hits=0, map=16, ascii=0, run_time=0:00:06:12)...[0m
[1;94m[*] [0mFuzzing test case #0 (40 total, 0 crashes saved, state: in progress, mode=explore, perf_score=459, weight=109, favorite=1, was_fuzzed=1, exec_us=1240, hits=0, map=16, ascii=0, run_time=0:00:06:13)...[0m
[1;94m[*] [0mFuzzing test case #39 (40 total, 0 crashes saved, state: in progress, mode=explore, perf_score=919, weight=14, favorite=1, was_fuzzed=1, exec_us=1155, hits=1, map=24, ascii=0, run_time=0:00:06:13)...[0m
[1;94m[*] [0mFuzzing test case #42 (43 total, 0 crashes saved, state: in progress, mode=explore, perf_score=0, weight=0, favorite=1, was_fuzzed=0, exec_us=1112, hits=1, map=23, ascii=0, run_time=0:00:06:24)...[0m
[1;94m[*] [0mFuzzing test case #41 (43 total, 0 crashes saved, state: in progress, mode=explore, perf_score=800, weight=35, favorite=1, was_fuzzed=0, exec_us=1117, hits=2, map=25, ascii=0, run_time=0:00:06:24)...[0m
[1;94m[*] [0mFuzzing test case #46 (49 total, 0 crashes saved, state: in progress, mode=explore, perf_score=0, weight=0, favorite=1, was_fuzzed=0, exec_us=1123, hits=1, map=25, ascii=0, run_time=0:00:06:41)...[0m
[1;94m[*] [0mFuzzing test case #0 (49 total, 0 crashes saved, state: in progress, mode=explore, perf_score=459, weight=117, favorite=1, was_fuzzed=1, exec_us=1240, hits=0, map=16, ascii=0, run_time=0:00:06:41)...[0m
[1;94m[*] [0mFuzzing test case #0 (49 total, 0 crashes saved, state: in progress, mode=explore, perf_score=459, weight=117, favorite=1, was_fuzzed=1, exec_us=1240, hits=0, map=16, ascii=0, run_time=0:00:06:41)...[0m
[1;94m[*] [0mFuzzing test case #40 (49 total, 0 crashes saved, state: in progress, mode=explore, perf_score=200, weight=1, favorite=0, was_fuzzed=0, exec_us=1108, hits=5, map=23, ascii=0, run_time=0:00:06:42)...[0m
[1;94m[*] [0mFuzzing test case #46 (49 total, 0 crashes saved, state: in progress, mode=explore, perf_score=919, weight=33, favorite=1, was_fuzzed=1, exec_us=1123, hits=1, map=25, ascii=0, run_time=0:00:06:43)...[0m
[1;94m[*] [0mFuzzing test case #49 (50 total, 0 crashes saved, state: in progress, mode=explore, perf_score=0, weight=0, favorite=1, was_fuzzed=0, exec_us=1119, hits=1, map=21, ascii=0, run_time=0:00:06:47)...[0m
[1;94m[*] [0mFuzzing test case #0 (50 total, 0 crashes saved, state: in progress, mode=explore, perf_score=459, weight=120, favorite=1, was_fuzzed=1, exec_us=1240, hits=0, map=16, ascii=0, run_time=0:00:06:47)...[0m
[1;94m[*] [0mFuzzing test case #0 (50 total, 0 crashes saved, state: in progress, mode=explore, perf_score=459, weight=120, favorite=1, was_fuzzed=1, exec_us=1240, hits=0, map=16, ascii=0, run_time=0:00:06:47)...[0m
[1;94m[*] [0mFuzzing test case #49 (50 total, 0 crashes saved, state: in progress, mode=explore, perf_score=919, weight=23, favorite=1, was_fuzzed=1, exec_us=1119, hits=1, map=21, ascii=0, run_time=0:00:06:48)...[0m
[?25h[1;91m

+++ Testing aborted programmatically +++
[0m[1;94m[*] [0mStatistics: 49 new corpus items found, 52.54% coverage achieved, 2 crashes saved, 0 timeouts saved, total runtime 0 days, 0 hrs, 6 min, 49 sec[0m
[1;92m[+] [0mWe're done here. Have a nice day!
[0m
