JOB timestamp: Mon Dec 18 15:28:05 MST 2023
JOB ID: 121622
Array Task ID: 11
Current directory: /lfs/koff9454.ui/projects/plc_runtime_fuzzer/code_analysis/src
r3i4n3
gcc (Spack GCC) 12.1.0
Copyright (C) 2022 Free Software Foundation, Inc.
This is free software; see the source for copying conditions.  There is NO
warranty; not even for MERCHANTABILITY or FITNESS FOR A PARTICULAR PURPOSE.

Python 3.11.5
/lfs/koff9454.ui/miniconda3/envs/plc/bin/python
matiec version 0.1
changeset id: 
Number of programs: 3
Programs: condition_1 condition_2 condition_3
Fuzzing program: condition_3, Job ID: 11
input dir exist, skipping
harness file exist, skipping
Running the fuzzers
Workdir: "/lfs/koff9454.ui/projects/plc_runtime_fuzzer/code_analysis/src/programs/condition/condition_3/runs/run-11"
Out dir at "fuzzer-outdir" already exists.
Let's fuzz :)
[1;92m[+] [0mEnabled environment variable AFL_BENCH_UNTIL_CRASH with value 1[0m
[1;92m[+] [0mEnabled environment variable AFL_IGNORE_SEED_PROBLEMS with value 1[0m
[1;92m[+] [0mEnabled environment variable AFL_I_DONT_CARE_ABOUT_MISSING_CRASHES with value 1[0m
[1;92m[+] [0mEnabled environment variable AFL_SKIP_CPUFREQ with value 1[0m
[1;92m[+] [0mEnabled environment variable AFL_TRY_AFFINITY with value 1[0m
[1;93m[!] [1;97mWARNING: [0mPotentially mistyped AFL environment variable: USE_PCM_DB=2, did you mean AFL_USE_PCM_DB=2?[0m
[0;36mafl-fuzz++4.09a[0m based on afl by Michal Zalewski and a large online community
[1;92m[+] [0mAFL++ is maintained by Marc "van Hauser" Heuse, Dominik Maier, Andrea Fioraldi and Heiko "hexcoder" Eißfeldt[0m
[1;92m[+] [0mAFL++ is open source, get it at https://github.com/AFLplusplus/AFLplusplus[0m
[1;92m[+] [0mNOTE: AFL++ >= v3 has changed defaults and behaviours - see README.md[0m
[1;92m[+] [0mNo -M/-S set, autoconfiguring for "-S default"[0m
[1;94m[*] [0mGetting to work...[0m
[1;92m[+] [0mUsing exponential power schedule (FAST)[0m
[1;92m[+] [0mEnabled testcache with 50 MB[0m
[1;92m[+] [0mGenerating fuzz data with a length of min=1 max=1048576[0m
[1;94m[*] [0mChecking core_pattern...[0m

[1;91m[-] [0mHmm, your system is configured to send core dump notifications to an
    external utility. This will cause issues: there will be an extended delay
    between stumbling upon a crash and having this information relayed to the
    fuzzer via the standard waitpid() API.
    If you're just testing, set 'AFL_I_DONT_CARE_ABOUT_MISSING_CRASHES=1'.

    To avoid having crashes misinterpreted as timeouts, please log in as root
    and temporarily modify /proc/sys/kernel/core_pattern, like so:

    echo core >/proc/sys/kernel/core_pattern
[1;92m[+] [0mLooks like we're not running on a tty, so I'll be a bit less verbose.[0m
[1;92m[+] [0mYou have 36 CPU cores and 7 runnable tasks (utilization: 19%).[0m
[1;92m[+] [0mTry parallel jobs - see /usr/local/share/doc/afl/fuzzing_in_depth.md#c-using-multiple-cores[0m
[1;94m[*] [0mSetting up output directories...[0m
[1;94m[*] [0mChecking CPU core loadout...[0m
[1;92m[+] [0mFound a free CPU core, try binding to #0.[0m
[1;94m[*] [0mScanning 'afl-indir'...[0m
[1;92m[+] [0mLoaded a total of 1 seeds.[0m
[1;94m[*] [0mCreating hard links for all input files...[0m
[1;94m[*] [0mValidating target binary...[0m
[1;94m[*] [0mSpinning up the fork server...[0m
[1;92m[+] [0mAll right - fork server is up.[0m
[1;94m[*] [0mTarget map size: 75[0m
[1;94m[*] [0mNo auto-generated dictionary tokens to reuse.[0m
[1;94m[*] [0mLoading extra dictionary from 'afl-inputs.dict' (level 0)...[0m
[1;94m[*] [0mLoaded 80 extra tokens, size range 4 B to 6 B.[0m
[1;92m[+] [0mLoaded a total of 6 extras.[0m
[1;94m[*] [0mAttempting dry run with 'id:000000,time:0,execs:0,orig:testcase.txt'...[0m
[1;90m    len = 3, map size = 22, exec speed = 7496 us, hash = f12e82753eb161b5
[0m[1;92m[+] [0mAll test cases processed.[0m
[1;92m[+] [0mHere are some useful stats:

[1;90m    Test case count : [0m1 favored, 0 variable, 0 ignored, 1 total
[1;90m       Bitmap range : [0m22 to 22 bits (average: 22.00 bits)
[1;90m        Exec timing : [0m7496 to 7496 us (average: 7496 us)
[0m
[1;94m[*] [0mNo -t option specified, so I'll use an exec timeout of 40 ms.[0m
[1;92m[+] [0mAll set and ready to roll![0m
[1;94m[*] [0mEntering queue cycle 1.[0m
[1;94m[*] [0mFuzzing test case #0 (1 total, 0 crashes saved, state: started :-), mode=explore, perf_score=0, weight=0, favorite=1, was_fuzzed=0, exec_us=7496, hits=0, map=22, ascii=0, run_time=0:00:00:00)...[0m
[1;92m[+] [0mEnabled environment variable AFL_BENCH_UNTIL_CRASH with value 1[0m
[1;92m[+] [0mEnabled environment variable AFL_IGNORE_SEED_PROBLEMS with value 1[0m
[1;92m[+] [0mEnabled environment variable AFL_I_DONT_CARE_ABOUT_MISSING_CRASHES with value 1[0m
[1;92m[+] [0mEnabled environment variable AFL_SKIP_CPUFREQ with value 1[0m
[1;92m[+] [0mEnabled environment variable AFL_TRY_AFFINITY with value 1[0m
[1;93m[!] [1;97mWARNING: [0mPotentially mistyped AFL environment variable: USE_PCM_DB=2, did you mean AFL_USE_PCM_DB=2?[0m
[0;36mafl-fuzz++4.09a[0m based on afl by Michal Zalewski and a large online community
[1;92m[+] [0mAFL++ is maintained by Marc "van Hauser" Heuse, Dominik Maier, Andrea Fioraldi and Heiko "hexcoder" Eißfeldt[0m
[1;92m[+] [0mAFL++ is open source, get it at https://github.com/AFLplusplus/AFLplusplus[0m
[1;92m[+] [0mNOTE: AFL++ >= v3 has changed defaults and behaviours - see README.md[0m
[1;92m[+] [0mNo -M/-S set, autoconfiguring for "-S default"[0m
[1;94m[*] [0mGetting to work...[0m
[1;92m[+] [0mUsing exponential power schedule (FAST)[0m
[1;92m[+] [0mEnabled testcache with 50 MB[0m
[1;92m[+] [0mGenerating fuzz data with a length of min=1 max=1048576[0m
[1;94m[*] [0mChecking core_pattern...[0m

[1;91m[-] [0mHmm, your system is configured to send core dump notifications to an
    external utility. This will cause issues: there will be an extended delay
    between stumbling upon a crash and having this information relayed to the
    fuzzer via the standard waitpid() API.
    If you're just testing, set 'AFL_I_DONT_CARE_ABOUT_MISSING_CRASHES=1'.

    To avoid having crashes misinterpreted as timeouts, please log in as root
    and temporarily modify /proc/sys/kernel/core_pattern, like so:

    echo core >/proc/sys/kernel/core_pattern
[1;92m[+] [0mLooks like we're not running on a tty, so I'll be a bit less verbose.[0m
[1;92m[+] [0mYou have 36 CPU cores and 8 runnable tasks (utilization: 22%).[0m
[1;92m[+] [0mTry parallel jobs - see /usr/local/share/doc/afl/fuzzing_in_depth.md#c-using-multiple-cores[0m
[1;94m[*] [0mSetting up output directories...[0m
[1;94m[*] [0mChecking CPU core loadout...[0m
[1;92m[+] [0mFound a free CPU core, try binding to #3.[0m
[1;94m[*] [0mScanning 'our-indir'...[0m
[1;92m[+] [0mLoaded a total of 1 seeds.[0m
[1;94m[*] [0mCreating hard links for all input files...[0m
[1;94m[*] [0mValidating target binary...[0m
[1;94m[*] [0mSpinning up the fork server...[0m
[1;92m[+] [0mAll right - fork server is up.[0m
[1;94m[*] [0mTarget map size: 75[0m
[1;94m[*] [0mNo auto-generated dictionary tokens to reuse.[0m
[1;94m[*] [0mLoading extra dictionary from 'our-inputs.dict' (level 0)...[0m
[1;94m[*] [0mLoaded 80 extra tokens, size range 4 B to 6 B.[0m
[1;92m[+] [0mLoaded a total of 6 extras.[0m
[1;94m[*] [0mAttempting dry run with 'id:000000,time:0,execs:0,orig:variables.txt'...[0m
[1;90m    len = 560, map size = 23, exec speed = 8657 us, hash = 9b4849e5a795fa70
[0m[1;92m[+] [0mAll test cases processed.[0m
[1;92m[+] [0mHere are some useful stats:

[1;90m    Test case count : [0m1 favored, 0 variable, 0 ignored, 1 total
[1;90m       Bitmap range : [0m23 to 23 bits (average: 23.00 bits)
[1;90m        Exec timing : [0m8657 to 8657 us (average: 8657 us)
[0m
[1;94m[*] [0mNo -t option specified, so I'll use an exec timeout of 60 ms.[0m
[1;92m[+] [0mAll set and ready to roll![0m
[1;94m[*] [0mEntering queue cycle 1.[0m
[1;94m[*] [0mFuzzing test case #0 (1 total, 0 crashes saved, state: started :-), mode=explore, perf_score=0, weight=0, favorite=1, was_fuzzed=0, exec_us=8657, hits=0, map=23, ascii=0, run_time=0:00:00:00)...[0m
[1;94m[*] [0mFuzzing test case #6 (7 total, 0 crashes saved, state: started :-), mode=explore, perf_score=0, weight=0, favorite=1, was_fuzzed=0, exec_us=2698, hits=6, map=23, ascii=0, run_time=0:00:00:04)...[0m
[1;94m[*] [0mFuzzing test case #3 (7 total, 0 crashes saved, state: started :-), mode=explore, perf_score=100, weight=1, favorite=0, was_fuzzed=0, exec_us=5172, hits=18, map=23, ascii=0, run_time=0:00:00:04)...[0m
[1;94m[*] [0mFuzzing test case #8 (11 total, 0 crashes saved, state: started :-), mode=explore, perf_score=0, weight=0, favorite=1, was_fuzzed=0, exec_us=4438, hits=11, map=24, ascii=0, run_time=0:00:00:10)...[0m
[1;94m[*] [0mFuzzing test case #0 (11 total, 0 crashes saved, state: started :-), mode=explore, perf_score=459, weight=41, favorite=1, was_fuzzed=1, exec_us=7496, hits=0, map=22, ascii=0, run_time=0:00:00:10)...[0m
[1;94m[*] [0mFuzzing test case #8 (11 total, 0 crashes saved, state: started :-), mode=explore, perf_score=345, weight=4, favorite=1, was_fuzzed=1, exec_us=4438, hits=14, map=24, ascii=0, run_time=0:00:00:12)...[0m
[1;94m[*] [0mFuzzing test case #12 (13 total, 0 crashes saved, state: started :-), mode=explore, perf_score=0, weight=0, favorite=1, was_fuzzed=0, exec_us=4569, hits=2, map=25, ascii=0, run_time=0:00:00:40)...[0m
[1;94m[*] [0mFuzzing test case #0 (13 total, 0 crashes saved, state: started :-), mode=explore, perf_score=345, weight=46, favorite=1, was_fuzzed=1, exec_us=7496, hits=0, map=22, ascii=0, run_time=0:00:00:40)...[0m
[1;94m[*] [0mFuzzing test case #0 (13 total, 0 crashes saved, state: started :-), mode=explore, perf_score=345, weight=46, favorite=1, was_fuzzed=1, exec_us=7496, hits=0, map=22, ascii=0, run_time=0:00:00:42)...[0m
[1;94m[*] [0mFuzzing test case #0 (13 total, 0 crashes saved, state: started :-), mode=explore, perf_score=345, weight=46, favorite=1, was_fuzzed=1, exec_us=7496, hits=0, map=22, ascii=0, run_time=0:00:00:43)...[0m
[1;94m[*] [0mFuzzing test case #0 (13 total, 0 crashes saved, state: started :-), mode=explore, perf_score=345, weight=46, favorite=1, was_fuzzed=1, exec_us=7496, hits=0, map=22, ascii=0, run_time=0:00:00:44)...[0m
[1;94m[*] [0mFuzzing test case #12 (13 total, 0 crashes saved, state: started :-), mode=explore, perf_score=919, weight=7, favorite=1, was_fuzzed=1, exec_us=4569, hits=2, map=25, ascii=0, run_time=0:00:00:45)...[0m
[?25h[1;91m

+++ Testing aborted programmatically +++
[0m[1;94m[*] [0mStatistics: 26 new corpus items found, 49.33% coverage achieved, 1 crashes saved, 0 timeouts saved, total runtime 0 days, 0 hrs, 1 min, 47 sec[0m
[1;92m[+] [0mWe're done here. Have a nice day!
[0m
[1;94m[*] [0mFuzzing test case #17 (18 total, 0 crashes saved, state: started :-), mode=explore, perf_score=0, weight=0, favorite=1, was_fuzzed=0, exec_us=1925, hits=1, map=26, ascii=0, run_time=0:00:02:19)...[0m
[1;94m[*] [0mFuzzing test case #17 (18 total, 0 crashes saved, state: started :-), mode=explore, perf_score=1380, weight=40, favorite=1, was_fuzzed=1, exec_us=1925, hits=1, map=26, ascii=0, run_time=0:00:02:19)...[0m
[1;94m[*] [0mFuzzing test case #19 (25 total, 0 crashes saved, state: started :-), mode=explore, perf_score=0, weight=0, favorite=1, was_fuzzed=0, exec_us=1572, hits=2, map=24, ascii=0, run_time=0:00:04:08)...[0m
[1;94m[*] [0mFuzzing test case #20 (25 total, 0 crashes saved, state: started :-), mode=explore, perf_score=300, weight=45, favorite=1, was_fuzzed=0, exec_us=1599, hits=1, map=26, ascii=0, run_time=0:00:04:08)...[0m
[1;94m[*] [0mFuzzing test case #18 (25 total, 0 crashes saved, state: started :-), mode=explore, perf_score=300, weight=47, favorite=1, was_fuzzed=0, exec_us=1528, hits=1, map=25, ascii=0, run_time=0:00:04:10)...[0m
[1;94m[*] [0mFuzzing test case #22 (26 total, 0 crashes saved, state: started :-), mode=explore, perf_score=300, weight=88, favorite=1, was_fuzzed=0, exec_us=1573, hits=1, map=27, ascii=0, run_time=0:00:04:34)...[0m
[1;94m[*] [0mFuzzing test case #18 (26 total, 0 crashes saved, state: started :-), mode=explore, perf_score=345, weight=8, favorite=1, was_fuzzed=1, exec_us=1528, hits=68, map=25, ascii=0, run_time=0:00:04:35)...[0m
[1;94m[*] [0mFuzzing test case #20 (26 total, 0 crashes saved, state: started :-), mode=explore, perf_score=690, weight=19, favorite=1, was_fuzzed=1, exec_us=1599, hits=16, map=26, ascii=0, run_time=0:00:04:37)...[0m
[1;94m[*] [0mFuzzing test case #20 (26 total, 0 crashes saved, state: started :-), mode=explore, perf_score=690, weight=19, favorite=1, was_fuzzed=1, exec_us=1599, hits=80, map=26, ascii=0, run_time=0:00:04:59)...[0m
[1;94m[*] [0mFuzzing test case #0 (26 total, 0 crashes saved, state: in progress, mode=explore, perf_score=345, weight=48, favorite=1, was_fuzzed=1, exec_us=7496, hits=0, map=22, ascii=0, run_time=0:00:05:02)...[0m
[1;94m[*] [0mFuzzing test case #20 (26 total, 0 crashes saved, state: in progress, mode=explore, perf_score=690, weight=19, favorite=1, was_fuzzed=1, exec_us=1599, hits=250, map=26, ascii=0, run_time=0:00:05:03)...[0m
[1;94m[*] [0mFuzzing test case #22 (26 total, 0 crashes saved, state: in progress, mode=explore, perf_score=345, weight=16, favorite=1, was_fuzzed=1, exec_us=1573, hits=61, map=27, ascii=0, run_time=0:00:05:06)...[0m
[1;94m[*] [0mFuzzing test case #19 (26 total, 0 crashes saved, state: in progress, mode=explore, perf_score=1380, weight=17, favorite=1, was_fuzzed=1, exec_us=1572, hits=3, map=24, ascii=0, run_time=0:00:05:34)...[0m
[1;94m[*] [0mFuzzing test case #27 (28 total, 0 crashes saved, state: in progress, mode=explore, perf_score=0, weight=0, favorite=1, was_fuzzed=0, exec_us=1650, hits=1, map=29, ascii=0, run_time=0:00:06:07)...[0m
[1;94m[*] [0mFuzzing test case #20 (28 total, 0 crashes saved, state: in progress, mode=explore, perf_score=345, weight=12, favorite=1, was_fuzzed=1, exec_us=1599, hits=278, map=26, ascii=0, run_time=0:00:06:07)...[0m
[1;94m[*] [0mFuzzing test case #0 (28 total, 0 crashes saved, state: in progress, mode=explore, perf_score=229, weight=48, favorite=1, was_fuzzed=1, exec_us=7496, hits=0, map=22, ascii=0, run_time=0:00:06:09)...[0m
[1;94m[*] [0mFuzzing test case #20 (28 total, 0 crashes saved, state: in progress, mode=explore, perf_score=345, weight=12, favorite=1, was_fuzzed=1, exec_us=1599, hits=346, map=26, ascii=0, run_time=0:00:06:10)...[0m
[1;94m[*] [0mFuzzing test case #20 (28 total, 0 crashes saved, state: in progress, mode=explore, perf_score=345, weight=12, favorite=1, was_fuzzed=1, exec_us=1599, hits=361, map=26, ascii=0, run_time=0:00:06:12)...[0m
[1;94m[*] [0mFuzzing test case #0 (30 total, 0 crashes saved, state: in progress, mode=explore, perf_score=229, weight=49, favorite=1, was_fuzzed=1, exec_us=7496, hits=0, map=22, ascii=0, run_time=0:00:06:37)...[0m
[1;94m[*] [0mFuzzing test case #0 (30 total, 0 crashes saved, state: in progress, mode=explore, perf_score=229, weight=49, favorite=1, was_fuzzed=1, exec_us=7496, hits=0, map=22, ascii=0, run_time=0:00:06:37)...[0m
[1;94m[*] [0mFuzzing test case #27 (30 total, 0 crashes saved, state: in progress, mode=explore, perf_score=1380, weight=17, favorite=1, was_fuzzed=1, exec_us=1650, hits=2, map=29, ascii=0, run_time=0:00:06:38)...[0m
[1;94m[*] [0mFuzzing test case #32 (37 total, 0 crashes saved, state: in progress, mode=explore, perf_score=0, weight=0, favorite=1, was_fuzzed=0, exec_us=1542, hits=1, map=30, ascii=0, run_time=0:00:08:07)...[0m
[1;94m[*] [0mFuzzing test case #34 (37 total, 0 crashes saved, state: in progress, mode=explore, perf_score=450, weight=67, favorite=1, was_fuzzed=0, exec_us=1520, hits=1, map=30, ascii=0, run_time=0:00:08:07)...[0m
[1;94m[*] [0mFuzzing test case #38 (40 total, 0 crashes saved, state: in progress, mode=explore, perf_score=0, weight=0, favorite=1, was_fuzzed=0, exec_us=1503, hits=3, map=29, ascii=0, run_time=0:00:08:24)...[0m
[1;94m[*] [0mFuzzing test case #37 (40 total, 0 crashes saved, state: in progress, mode=explore, perf_score=450, weight=44, favorite=1, was_fuzzed=0, exec_us=1527, hits=1, map=30, ascii=0, run_time=0:00:08:24)...[0m
[1;94m[*] [0mFuzzing test case #31 (41 total, 0 crashes saved, state: in progress, mode=explore, perf_score=450, weight=30, favorite=1, was_fuzzed=0, exec_us=1523, hits=3, map=30, ascii=0, run_time=0:00:08:39)...[0m
[1;94m[*] [0mFuzzing test case #33 (41 total, 0 crashes saved, state: in progress, mode=explore, perf_score=450, weight=44, favorite=1, was_fuzzed=0, exec_us=1539, hits=1, map=30, ascii=0, run_time=0:00:08:41)...[0m
[1;94m[*] [0mFuzzing test case #41 (44 total, 0 crashes saved, state: in progress, mode=explore, perf_score=0, weight=0, favorite=1, was_fuzzed=0, exec_us=1234, hits=1, map=28, ascii=0, run_time=0:00:08:44)...[0m
[1;94m[*] [0mFuzzing test case #0 (44 total, 0 crashes saved, state: in progress, mode=explore, perf_score=229, weight=50, favorite=1, was_fuzzed=1, exec_us=7496, hits=0, map=22, ascii=0, run_time=0:00:08:44)...[0m
[1;94m[*] [0mFuzzing test case #38 (44 total, 0 crashes saved, state: in progress, mode=explore, perf_score=1380, weight=23, favorite=1, was_fuzzed=1, exec_us=1503, hits=3, map=29, ascii=0, run_time=0:00:08:44)...[0m
[1;94m[*] [0mFuzzing test case #45 (49 total, 0 crashes saved, state: in progress, mode=explore, perf_score=0, weight=0, favorite=1, was_fuzzed=0, exec_us=1211, hits=1, map=26, ascii=0, run_time=0:00:09:36)...[0m
[1;94m[*] [0mFuzzing test case #19 (49 total, 0 crashes saved, state: in progress, mode=explore, perf_score=229, weight=6, favorite=1, was_fuzzed=1, exec_us=1572, hits=283, map=24, ascii=0, run_time=0:00:09:36)...[0m
[1;94m[*] [0mFuzzing test case #0 (49 total, 0 crashes saved, state: in progress, mode=explore, perf_score=229, weight=52, favorite=1, was_fuzzed=1, exec_us=7496, hits=0, map=22, ascii=0, run_time=0:00:09:37)...[0m
[1;94m[*] [0mFuzzing test case #41 (49 total, 0 crashes saved, state: in progress, mode=explore, perf_score=2070, weight=26, favorite=1, was_fuzzed=1, exec_us=1234, hits=1, map=28, ascii=0, run_time=0:00:09:37)...[0m
[1;94m[*] [0mFuzzing test case #50 (51 total, 0 crashes saved, state: in progress, mode=explore, perf_score=0, weight=0, favorite=1, was_fuzzed=0, exec_us=1212, hits=2, map=27, ascii=0, run_time=0:00:10:07)...[0m
[1;94m[*] [0mFuzzing test case #45 (51 total, 0 crashes saved, state: in progress, mode=explore, perf_score=2070, weight=26, favorite=1, was_fuzzed=1, exec_us=1211, hits=1, map=26, ascii=0, run_time=0:00:10:07)...[0m
[1;94m[*] [0mFuzzing test case #0 (54 total, 0 crashes saved, state: in progress, mode=explore, perf_score=229, weight=55, favorite=1, was_fuzzed=1, exec_us=7496, hits=0, map=22, ascii=0, run_time=0:00:10:34)...[0m
[1;94m[*] [0mFuzzing test case #38 (54 total, 0 crashes saved, state: in progress, mode=explore, perf_score=345, weight=9, favorite=1, was_fuzzed=1, exec_us=1503, hits=586, map=29, ascii=0, run_time=0:00:10:34)...[0m
[1;94m[*] [0mFuzzing test case #19 (54 total, 0 crashes saved, state: in progress, mode=explore, perf_score=229, weight=6, favorite=1, was_fuzzed=1, exec_us=1572, hits=323, map=24, ascii=0, run_time=0:00:10:43)...[0m
[1;94m[*] [0mFuzzing test case #38 (55 total, 0 crashes saved, state: in progress, mode=explore, perf_score=345, weight=9, favorite=1, was_fuzzed=1, exec_us=1503, hits=602, map=29, ascii=0, run_time=0:00:10:44)...[0m
[1;94m[*] [0mFuzzing test case #18 (55 total, 0 crashes saved, state: in progress, mode=explore, perf_score=229, weight=7, favorite=1, was_fuzzed=1, exec_us=1528, hits=151, map=25, ascii=0, run_time=0:00:10:45)...[0m
[1;94m[*] [0mFuzzing test case #0 (55 total, 0 crashes saved, state: in progress, mode=explore, perf_score=229, weight=55, favorite=1, was_fuzzed=1, exec_us=7496, hits=0, map=22, ascii=0, run_time=0:00:10:46)...[0m
[1;94m[*] [0mFuzzing test case #37 (55 total, 0 crashes saved, state: in progress, mode=explore, perf_score=345, weight=8, favorite=1, was_fuzzed=1, exec_us=1527, hits=70, map=30, ascii=0, run_time=0:00:10:46)...[0m
[1;94m[*] [0mFuzzing test case #18 (55 total, 0 crashes saved, state: in progress, mode=explore, perf_score=229, weight=7, favorite=1, was_fuzzed=1, exec_us=1528, hits=222, map=25, ascii=0, run_time=0:00:10:47)...[0m
[1;94m[*] [0mFuzzing test case #37 (55 total, 0 crashes saved, state: in progress, mode=explore, perf_score=345, weight=8, favorite=1, was_fuzzed=1, exec_us=1527, hits=146, map=30, ascii=0, run_time=0:00:10:48)...[0m
[1;94m[*] [0mFuzzing test case #50 (55 total, 0 crashes saved, state: in progress, mode=explore, perf_score=2070, weight=21, favorite=1, was_fuzzed=1, exec_us=1212, hits=2, map=27, ascii=0, run_time=0:00:10:49)...[0m
[1;94m[*] [0mFuzzing test case #20 (56 total, 0 crashes saved, state: in progress, mode=explore, perf_score=229, weight=12, favorite=1, was_fuzzed=1, exec_us=1599, hits=413, map=26, ascii=0, run_time=0:00:11:09)...[0m
[1;94m[*] [0mFuzzing test case #22 (56 total, 0 crashes saved, state: in progress, mode=explore, perf_score=229, weight=14, favorite=1, was_fuzzed=1, exec_us=1573, hits=175, map=27, ascii=0, run_time=0:00:11:10)...[0m
[1;94m[*] [0mFuzzing test case #50 (56 total, 0 crashes saved, state: in progress, mode=explore, perf_score=517, weight=9, favorite=1, was_fuzzed=1, exec_us=1212, hits=94, map=27, ascii=0, run_time=0:00:11:11)...[0m
[1;94m[*] [0mFuzzing test case #0 (56 total, 0 crashes saved, state: in progress, mode=explore, perf_score=229, weight=55, favorite=1, was_fuzzed=1, exec_us=7496, hits=0, map=22, ascii=0, run_time=0:00:11:15)...[0m
[1;94m[*] [0mFuzzing test case #45 (56 total, 0 crashes saved, state: in progress, mode=explore, perf_score=517, weight=7, favorite=1, was_fuzzed=1, exec_us=1211, hits=973, map=26, ascii=0, run_time=0:00:11:15)...[0m
[1;94m[*] [0mFuzzing test case #50 (56 total, 0 crashes saved, state: in progress, mode=explore, perf_score=517, weight=9, favorite=1, was_fuzzed=1, exec_us=1212, hits=101, map=27, ascii=0, run_time=0:00:11:17)...[0m
[1;94m[*] [0mFuzzing test case #0 (56 total, 0 crashes saved, state: in progress, mode=explore, perf_score=229, weight=55, favorite=1, was_fuzzed=1, exec_us=7496, hits=0, map=22, ascii=0, run_time=0:00:11:18)...[0m
[1;94m[*] [0mFuzzing test case #19 (56 total, 0 crashes saved, state: in progress, mode=explore, perf_score=229, weight=6, favorite=1, was_fuzzed=1, exec_us=1572, hits=333, map=24, ascii=0, run_time=0:00:11:19)...[0m
[1;94m[*] [0mFuzzing test case #45 (56 total, 0 crashes saved, state: in progress, mode=explore, perf_score=517, weight=7, favorite=1, was_fuzzed=1, exec_us=1211, hits=1011, map=26, ascii=0, run_time=0:00:11:20)...[0m
[1;94m[*] [0mFuzzing test case #0 (56 total, 0 crashes saved, state: in progress, mode=explore, perf_score=229, weight=55, favorite=1, was_fuzzed=1, exec_us=7496, hits=0, map=22, ascii=0, run_time=0:00:11:27)...[0m
[1;94m[*] [0mFuzzing test case #22 (56 total, 0 crashes saved, state: in progress, mode=explore, perf_score=229, weight=14, favorite=1, was_fuzzed=1, exec_us=1573, hits=210, map=27, ascii=0, run_time=0:00:11:27)...[0m
[1;94m[*] [0mFuzzing test case #0 (57 total, 0 crashes saved, state: in progress, mode=explore, perf_score=229, weight=56, favorite=1, was_fuzzed=1, exec_us=7496, hits=0, map=22, ascii=0, run_time=0:00:11:28)...[0m
[1;94m[*] [0mEntering queue cycle 2.[0m
[1;94m[*] [0mFuzzing test case #18 (57 total, 0 crashes saved, state: in progress, mode=explore, perf_score=229, weight=6, favorite=1, was_fuzzed=1, exec_us=1528, hits=278, map=25, ascii=0, run_time=0:00:11:28)...[0m
[1;94m[*] [0mFuzzing test case #18 (58 total, 0 crashes saved, state: in progress, mode=explore, perf_score=229, weight=6, favorite=1, was_fuzzed=1, exec_us=1528, hits=316, map=25, ascii=0, run_time=0:00:11:29)...[0m
[1;94m[*] [0mFuzzing test case #19 (58 total, 0 crashes saved, state: in progress, mode=explore, perf_score=229, weight=6, favorite=1, was_fuzzed=1, exec_us=1572, hits=336, map=24, ascii=0, run_time=0:00:11:30)...[0m
[1;94m[*] [0mFuzzing test case #0 (59 total, 0 crashes saved, state: in progress, mode=explore, perf_score=229, weight=57, favorite=1, was_fuzzed=1, exec_us=7496, hits=0, map=22, ascii=0, run_time=0:00:11:30)...[0m
[1;94m[*] [0mFuzzing test case #20 (59 total, 0 crashes saved, state: in progress, mode=explore, perf_score=229, weight=12, favorite=1, was_fuzzed=1, exec_us=1599, hits=437, map=26, ascii=0, run_time=0:00:11:31)...[0m
[1;94m[*] [0mFuzzing test case #31 (60 total, 0 crashes saved, state: in progress, mode=explore, perf_score=345, weight=8, favorite=1, was_fuzzed=1, exec_us=1523, hits=52, map=30, ascii=0, run_time=0:00:11:32)...[0m
[1;94m[*] [0mFuzzing test case #0 (62 total, 0 crashes saved, state: in progress, mode=explore, perf_score=229, weight=58, favorite=1, was_fuzzed=1, exec_us=7496, hits=0, map=22, ascii=0, run_time=0:00:11:34)...[0m
[1;94m[*] [0mFuzzing test case #50 (62 total, 0 crashes saved, state: in progress, mode=explore, perf_score=517, weight=9, favorite=1, was_fuzzed=1, exec_us=1212, hits=112, map=27, ascii=0, run_time=0:00:11:34)...[0m
[1;94m[*] [0mFuzzing test case #48 (64 total, 0 crashes saved, state: in progress, mode=explore, perf_score=450, weight=1, favorite=0, was_fuzzed=0, exec_us=1194, hits=23, map=26, ascii=0, run_time=0:00:11:38)...[0m
[1;94m[*] [0mFuzzing test case #19 (65 total, 0 crashes saved, state: in progress, mode=explore, perf_score=229, weight=6, favorite=1, was_fuzzed=1, exec_us=1572, hits=343, map=24, ascii=0, run_time=0:00:11:40)...[0m
[1;94m[*] [0mFuzzing test case #18 (65 total, 0 crashes saved, state: in progress, mode=explore, perf_score=229, weight=6, favorite=1, was_fuzzed=1, exec_us=1528, hits=330, map=25, ascii=0, run_time=0:00:11:41)...[0m
[1;94m[*] [0mFuzzing test case #45 (65 total, 0 crashes saved, state: in progress, mode=explore, perf_score=345, weight=7, favorite=1, was_fuzzed=1, exec_us=1211, hits=1072, map=26, ascii=0, run_time=0:00:11:42)...[0m
[1;94m[*] [0mFuzzing test case #0 (65 total, 0 crashes saved, state: in progress, mode=explore, perf_score=229, weight=60, favorite=1, was_fuzzed=1, exec_us=7496, hits=0, map=22, ascii=0, run_time=0:00:11:43)...[0m
[1;94m[*] [0mFuzzing test case #38 (65 total, 0 crashes saved, state: in progress, mode=explore, perf_score=345, weight=10, favorite=1, was_fuzzed=1, exec_us=1503, hits=623, map=29, ascii=0, run_time=0:00:11:43)...[0m
[1;94m[*] [0mFuzzing test case #31 (65 total, 0 crashes saved, state: in progress, mode=explore, perf_score=345, weight=7, favorite=1, was_fuzzed=1, exec_us=1523, hits=114, map=30, ascii=0, run_time=0:00:11:45)...[0m
[1;94m[*] [0mFuzzing test case #0 (65 total, 0 crashes saved, state: in progress, mode=explore, perf_score=229, weight=60, favorite=1, was_fuzzed=1, exec_us=7496, hits=0, map=22, ascii=0, run_time=0:00:11:48)...[0m
[1;94m[*] [0mFuzzing test case #37 (65 total, 0 crashes saved, state: in progress, mode=explore, perf_score=345, weight=7, favorite=1, was_fuzzed=1, exec_us=1527, hits=191, map=30, ascii=0, run_time=0:00:11:49)...[0m
[1;94m[*] [0mFuzzing test case #58 (65 total, 0 crashes saved, state: in progress, mode=explore, perf_score=300, weight=4, favorite=0, was_fuzzed=0, exec_us=1176, hits=2, map=27, ascii=0, run_time=0:00:11:50)...[0m
[1;94m[*] [0mFuzzing test case #20 (65 total, 0 crashes saved, state: in progress, mode=explore, perf_score=229, weight=13, favorite=1, was_fuzzed=1, exec_us=1599, hits=466, map=26, ascii=0, run_time=0:00:11:51)...[0m
[1;94m[*] [0mFuzzing test case #38 (67 total, 0 crashes saved, state: in progress, mode=explore, perf_score=345, weight=10, favorite=1, was_fuzzed=1, exec_us=1503, hits=686, map=29, ascii=0, run_time=0:00:11:52)...[0m
[1;94m[*] [0mFuzzing test case #22 (67 total, 0 crashes saved, state: in progress, mode=explore, perf_score=229, weight=14, favorite=1, was_fuzzed=1, exec_us=1573, hits=226, map=27, ascii=0, run_time=0:00:11:53)...[0m
[1;94m[*] [0mFuzzing test case #0 (68 total, 0 crashes saved, state: in progress, mode=explore, perf_score=229, weight=61, favorite=1, was_fuzzed=1, exec_us=7496, hits=0, map=22, ascii=0, run_time=0:00:11:56)...[0m
[1;94m[*] [0mFuzzing test case #37 (68 total, 0 crashes saved, state: in progress, mode=explore, perf_score=345, weight=7, favorite=1, was_fuzzed=1, exec_us=1527, hits=273, map=30, ascii=0, run_time=0:00:11:56)...[0m
[1;94m[*] [0mFuzzing test case #22 (68 total, 0 crashes saved, state: in progress, mode=explore, perf_score=229, weight=14, favorite=1, was_fuzzed=1, exec_us=1573, hits=242, map=27, ascii=0, run_time=0:00:11:57)...[0m
[1;94m[*] [0mFuzzing test case #20 (68 total, 0 crashes saved, state: in progress, mode=explore, perf_score=229, weight=13, favorite=1, was_fuzzed=1, exec_us=1599, hits=499, map=26, ascii=0, run_time=0:00:11:58)...[0m
[1;94m[*] [0mFuzzing test case #55 (68 total, 0 crashes saved, state: in progress, mode=explore, perf_score=300, weight=3, favorite=0, was_fuzzed=0, exec_us=1171, hits=2, map=28, ascii=0, run_time=0:00:11:59)...[0m
[1;94m[*] [0mFuzzing test case #38 (68 total, 0 crashes saved, state: in progress, mode=explore, perf_score=345, weight=10, favorite=1, was_fuzzed=1, exec_us=1503, hits=736, map=29, ascii=0, run_time=0:00:12:00)...[0m
[1;94m[*] [0mFuzzing test case #22 (68 total, 0 crashes saved, state: in progress, mode=explore, perf_score=229, weight=14, favorite=1, was_fuzzed=1, exec_us=1573, hits=249, map=27, ascii=0, run_time=0:00:12:01)...[0m
[1;94m[*] [0mFuzzing test case #0 (68 total, 0 crashes saved, state: in progress, mode=explore, perf_score=229, weight=61, favorite=1, was_fuzzed=1, exec_us=7496, hits=0, map=22, ascii=0, run_time=0:00:12:02)...[0m
[1;94m[*] [0mFuzzing test case #0 (68 total, 0 crashes saved, state: in progress, mode=explore, perf_score=229, weight=61, favorite=1, was_fuzzed=1, exec_us=7496, hits=0, map=22, ascii=0, run_time=0:00:12:02)...[0m
[1;94m[*] [0mFuzzing test case #0 (68 total, 0 crashes saved, state: in progress, mode=explore, perf_score=229, weight=61, favorite=1, was_fuzzed=1, exec_us=7496, hits=0, map=22, ascii=0, run_time=0:00:12:03)...[0m
[1;94m[*] [0mFuzzing test case #20 (68 total, 0 crashes saved, state: in progress, mode=explore, perf_score=229, weight=13, favorite=1, was_fuzzed=1, exec_us=1599, hits=507, map=26, ascii=0, run_time=0:00:12:03)...[0m
[1;94m[*] [0mFuzzing test case #0 (68 total, 0 crashes saved, state: in progress, mode=explore, perf_score=229, weight=61, favorite=1, was_fuzzed=1, exec_us=7496, hits=0, map=22, ascii=0, run_time=0:00:12:04)...[0m
[1;94m[*] [0mFuzzing test case #50 (68 total, 0 crashes saved, state: in progress, mode=explore, perf_score=345, weight=9, favorite=1, was_fuzzed=1, exec_us=1212, hits=139, map=27, ascii=0, run_time=0:00:12:04)...[0m
[1;94m[*] [0mFuzzing test case #50 (68 total, 0 crashes saved, state: in progress, mode=explore, perf_score=345, weight=9, favorite=1, was_fuzzed=1, exec_us=1212, hits=158, map=27, ascii=0, run_time=0:00:12:05)...[0m
[1;94m[*] [0mFuzzing test case #20 (68 total, 0 crashes saved, state: in progress, mode=explore, perf_score=229, weight=13, favorite=1, was_fuzzed=1, exec_us=1599, hits=525, map=26, ascii=0, run_time=0:00:12:06)...[0m
[1;94m[*] [0mFuzzing test case #0 (68 total, 0 crashes saved, state: in progress, mode=explore, perf_score=229, weight=61, favorite=1, was_fuzzed=1, exec_us=7496, hits=0, map=22, ascii=0, run_time=0:00:12:07)...[0m
[1;94m[*] [0mFuzzing test case #26 (68 total, 0 crashes saved, state: in progress, mode=explore, perf_score=200, weight=2, favorite=0, was_fuzzed=0, exec_us=1583, hits=2, map=24, ascii=0, run_time=0:00:12:07)...[0m
[1;94m[*] [0mFuzzing test case #50 (68 total, 0 crashes saved, state: in progress, mode=explore, perf_score=345, weight=9, favorite=1, was_fuzzed=1, exec_us=1212, hits=160, map=27, ascii=0, run_time=0:00:12:08)...[0m
[1;94m[*] [0mFuzzing test case #18 (68 total, 0 crashes saved, state: in progress, mode=explore, perf_score=229, weight=6, favorite=1, was_fuzzed=1, exec_us=1528, hits=347, map=25, ascii=0, run_time=0:00:12:09)...[0m
[1;94m[*] [0mFuzzing test case #0 (68 total, 0 crashes saved, state: in progress, mode=explore, perf_score=229, weight=61, favorite=1, was_fuzzed=1, exec_us=7496, hits=0, map=22, ascii=0, run_time=0:00:12:10)...[0m
[1;94m[*] [0mFuzzing test case #0 (68 total, 0 crashes saved, state: in progress, mode=explore, perf_score=229, weight=61, favorite=1, was_fuzzed=1, exec_us=7496, hits=0, map=22, ascii=0, run_time=0:00:12:11)...[0m
[1;94m[*] [0mFuzzing test case #38 (68 total, 0 crashes saved, state: in progress, mode=explore, perf_score=345, weight=10, favorite=1, was_fuzzed=1, exec_us=1503, hits=740, map=29, ascii=0, run_time=0:00:12:11)...[0m
[1;94m[*] [0mFuzzing test case #0 (68 total, 0 crashes saved, state: in progress, mode=explore, perf_score=229, weight=61, favorite=1, was_fuzzed=1, exec_us=7496, hits=0, map=22, ascii=0, run_time=0:00:12:12)...[0m
[1;94m[*] [0mFuzzing test case #0 (68 total, 0 crashes saved, state: in progress, mode=explore, perf_score=229, weight=61, favorite=1, was_fuzzed=1, exec_us=7496, hits=0, map=22, ascii=0, run_time=0:00:12:12)...[0m
[1;94m[*] [0mFuzzing test case #20 (68 total, 0 crashes saved, state: in progress, mode=explore, perf_score=229, weight=13, favorite=1, was_fuzzed=1, exec_us=1599, hits=535, map=26, ascii=0, run_time=0:00:12:12)...[0m
[1;94m[*] [0mFuzzing test case #0 (68 total, 0 crashes saved, state: in progress, mode=explore, perf_score=229, weight=61, favorite=1, was_fuzzed=1, exec_us=7496, hits=0, map=22, ascii=0, run_time=0:00:12:13)...[0m
[1;94m[*] [0mFuzzing test case #19 (68 total, 0 crashes saved, state: in progress, mode=explore, perf_score=229, weight=6, favorite=1, was_fuzzed=1, exec_us=1572, hits=355, map=24, ascii=0, run_time=0:00:12:14)...[0m
[1;94m[*] [0mFuzzing test case #0 (68 total, 0 crashes saved, state: in progress, mode=explore, perf_score=229, weight=61, favorite=1, was_fuzzed=1, exec_us=7496, hits=0, map=22, ascii=0, run_time=0:00:12:14)...[0m
[1;94m[*] [0mFuzzing test case #38 (68 total, 0 crashes saved, state: in progress, mode=explore, perf_score=345, weight=10, favorite=1, was_fuzzed=1, exec_us=1503, hits=782, map=29, ascii=0, run_time=0:00:12:15)...[0m
[1;94m[*] [0mFuzzing test case #38 (68 total, 0 crashes saved, state: in progress, mode=explore, perf_score=345, weight=10, favorite=1, was_fuzzed=1, exec_us=1503, hits=824, map=29, ascii=0, run_time=0:00:12:16)...[0m
[1;94m[*] [0mFuzzing test case #0 (68 total, 0 crashes saved, state: in progress, mode=explore, perf_score=229, weight=61, favorite=1, was_fuzzed=1, exec_us=7496, hits=0, map=22, ascii=0, run_time=0:00:12:17)...[0m
[1;94m[*] [0mFuzzing test case #22 (68 total, 0 crashes saved, state: in progress, mode=explore, perf_score=229, weight=14, favorite=1, was_fuzzed=1, exec_us=1573, hits=257, map=27, ascii=0, run_time=0:00:12:17)...[0m
[1;94m[*] [0mFuzzing test case #20 (68 total, 0 crashes saved, state: in progress, mode=explore, perf_score=229, weight=13, favorite=1, was_fuzzed=1, exec_us=1599, hits=570, map=26, ascii=0, run_time=0:00:12:18)...[0m
[1;94m[*] [0mFuzzing test case #22 (68 total, 0 crashes saved, state: in progress, mode=explore, perf_score=229, weight=14, favorite=1, was_fuzzed=1, exec_us=1573, hits=262, map=27, ascii=0, run_time=0:00:12:19)...[0m
[1;94m[*] [0mFuzzing test case #56 (68 total, 0 crashes saved, state: in progress, mode=explore, perf_score=200, weight=2, favorite=0, was_fuzzed=0, exec_us=1184, hits=13, map=27, ascii=0, run_time=0:00:12:20)...[0m
[1;94m[*] [0mFuzzing test case #18 (68 total, 0 crashes saved, state: in progress, mode=explore, perf_score=229, weight=6, favorite=1, was_fuzzed=1, exec_us=1528, hits=367, map=25, ascii=0, run_time=0:00:12:20)...[0m
[1;94m[*] [0mFuzzing test case #54 (68 total, 0 crashes saved, state: in progress, mode=explore, perf_score=300, weight=2, favorite=0, was_fuzzed=0, exec_us=1132, hits=34, map=28, ascii=0, run_time=0:00:12:21)...[0m
[1;94m[*] [0mFuzzing test case #20 (69 total, 0 crashes saved, state: in progress, mode=explore, perf_score=229, weight=13, favorite=1, was_fuzzed=1, exec_us=1599, hits=587, map=26, ascii=0, run_time=0:00:12:23)...[0m
[1;94m[*] [0mFuzzing test case #38 (69 total, 0 crashes saved, state: in progress, mode=explore, perf_score=345, weight=9, favorite=1, was_fuzzed=1, exec_us=1503, hits=877, map=29, ascii=0, run_time=0:00:12:28)...[0m
[1;94m[*] [0mFuzzing test case #0 (69 total, 0 crashes saved, state: in progress, mode=explore, perf_score=229, weight=61, favorite=1, was_fuzzed=1, exec_us=7496, hits=0, map=22, ascii=0, run_time=0:00:12:29)...[0m
[1;94m[*] [0mFuzzing test case #54 (69 total, 0 crashes saved, state: in progress, mode=explore, perf_score=345, weight=10, favorite=1, was_fuzzed=1, exec_us=1132, hits=78, map=28, ascii=0, run_time=0:00:12:29)...[0m
[1;94m[*] [0mFuzzing test case #22 (69 total, 0 crashes saved, state: in progress, mode=explore, perf_score=229, weight=14, favorite=1, was_fuzzed=1, exec_us=1573, hits=279, map=27, ascii=0, run_time=0:00:12:30)...[0m
[1;94m[*] [0mFuzzing test case #0 (69 total, 0 crashes saved, state: in progress, mode=explore, perf_score=229, weight=61, favorite=1, was_fuzzed=1, exec_us=7496, hits=0, map=22, ascii=0, run_time=0:00:12:31)...[0m
[1;94m[*] [0mFuzzing test case #0 (69 total, 0 crashes saved, state: in progress, mode=explore, perf_score=229, weight=61, favorite=1, was_fuzzed=1, exec_us=7496, hits=0, map=22, ascii=0, run_time=0:00:12:31)...[0m
[1;94m[*] [0mFuzzing test case #31 (69 total, 0 crashes saved, state: in progress, mode=explore, perf_score=345, weight=7, favorite=1, was_fuzzed=1, exec_us=1523, hits=125, map=30, ascii=0, run_time=0:00:12:32)...[0m
[1;94m[*] [0mFuzzing test case #0 (69 total, 0 crashes saved, state: in progress, mode=explore, perf_score=229, weight=61, favorite=1, was_fuzzed=1, exec_us=7496, hits=0, map=22, ascii=0, run_time=0:00:12:33)...[0m
[1;94m[*] [0mFuzzing test case #19 (69 total, 0 crashes saved, state: in progress, mode=explore, perf_score=229, weight=6, favorite=1, was_fuzzed=1, exec_us=1572, hits=360, map=24, ascii=0, run_time=0:00:12:33)...[0m
[1;94m[*] [0mFuzzing test case #0 (69 total, 0 crashes saved, state: in progress, mode=explore, perf_score=229, weight=61, favorite=1, was_fuzzed=1, exec_us=7496, hits=0, map=22, ascii=0, run_time=0:00:12:34)...[0m
[1;94m[*] [0mFuzzing test case #0 (69 total, 0 crashes saved, state: in progress, mode=explore, perf_score=229, weight=61, favorite=1, was_fuzzed=1, exec_us=7496, hits=0, map=22, ascii=0, run_time=0:00:12:34)...[0m
[1;94m[*] [0mFuzzing test case #38 (69 total, 0 crashes saved, state: in progress, mode=explore, perf_score=345, weight=9, favorite=1, was_fuzzed=1, exec_us=1503, hits=933, map=29, ascii=0, run_time=0:00:12:34)...[0m
[1;94m[*] [0mEntering queue cycle 3.[0m
[1;94m[*] [0mFuzzing test case #65 (69 total, 0 crashes saved, state: in progress, mode=explore, perf_score=300, weight=1, favorite=0, was_fuzzed=0, exec_us=1132, hits=34, map=25, ascii=0, run_time=0:00:12:35)...[0m
[1;94m[*] [0mFuzzing test case #20 (71 total, 0 crashes saved, state: in progress, mode=explore, perf_score=229, weight=13, favorite=1, was_fuzzed=1, exec_us=1599, hits=610, map=26, ascii=0, run_time=0:00:12:38)...[0m
[1;94m[*] [0mFuzzing test case #46 (73 total, 0 crashes saved, state: in progress, mode=explore, perf_score=300, weight=1, favorite=0, was_fuzzed=0, exec_us=1188, hits=35, map=29, ascii=0, run_time=0:00:12:39)...[0m
[1;94m[*] [0mFuzzing test case #0 (76 total, 0 crashes saved, state: in progress, mode=explore, perf_score=229, weight=64, favorite=1, was_fuzzed=1, exec_us=7496, hits=0, map=22, ascii=0, run_time=0:00:12:40)...[0m
[1;94m[*] [0mFuzzing test case #20 (76 total, 0 crashes saved, state: in progress, mode=explore, perf_score=229, weight=13, favorite=1, was_fuzzed=1, exec_us=1599, hits=618, map=26, ascii=0, run_time=0:00:12:41)...[0m
[1;94m[*] [0mFuzzing test case #31 (77 total, 0 crashes saved, state: in progress, mode=explore, perf_score=345, weight=7, favorite=1, was_fuzzed=1, exec_us=1523, hits=134, map=30, ascii=0, run_time=0:00:12:42)...[0m
[1;94m[*] [0mFuzzing test case #81 (84 total, 0 crashes saved, state: in progress, mode=explore, perf_score=0, weight=0, favorite=1, was_fuzzed=0, exec_us=1207, hits=1, map=34, ascii=0, run_time=0:00:12:45)...[0m
[1;94m[*] [0mFuzzing test case #83 (84 total, 0 crashes saved, state: in progress, mode=explore, perf_score=600, weight=55, favorite=1, was_fuzzed=0, exec_us=1305, hits=1, map=33, ascii=0, run_time=0:00:12:45)...[0m
[1;94m[*] [0mFuzzing test case #90 (92 total, 0 crashes saved, state: in progress, mode=explore, perf_score=0, weight=0, favorite=1, was_fuzzed=0, exec_us=1261, hits=1, map=33, ascii=0, run_time=0:00:13:03)...[0m
[1;94m[*] [0mFuzzing test case #18 (92 total, 0 crashes saved, state: in progress, mode=explore, perf_score=229, weight=6, favorite=1, was_fuzzed=1, exec_us=1528, hits=425, map=25, ascii=0, run_time=0:00:13:04)...[0m
[1;94m[*] [0mFuzzing test case #74 (92 total, 0 crashes saved, state: in progress, mode=explore, perf_score=300, weight=3, favorite=0, was_fuzzed=0, exec_us=1246, hits=1, map=33, ascii=0, run_time=0:00:13:05)...[0m
[1;94m[*] [0mFuzzing test case #10 (93 total, 0 crashes saved, state: in progress, mode=explore, perf_score=50, weight=0, favorite=0, was_fuzzed=0, exec_us=4759, hits=1562, map=24, ascii=0, run_time=0:00:13:07)...[0m
[1;94m[*] [0mFuzzing test case #0 (93 total, 0 crashes saved, state: in progress, mode=explore, perf_score=229, weight=66, favorite=1, was_fuzzed=1, exec_us=7496, hits=0, map=22, ascii=0, run_time=0:00:13:07)...[0m
[1;94m[*] [0mFuzzing test case #90 (93 total, 0 crashes saved, state: in progress, mode=explore, perf_score=1380, weight=68, favorite=1, was_fuzzed=1, exec_us=1261, hits=1, map=33, ascii=0, run_time=0:00:13:08)...[0m
[1;94m[*] [0mFuzzing test case #45 (93 total, 0 crashes saved, state: in progress, mode=explore, perf_score=345, weight=7, favorite=1, was_fuzzed=1, exec_us=1211, hits=1139, map=26, ascii=0, run_time=0:00:13:13)...[0m
[1;94m[*] [0mFuzzing test case #90 (96 total, 0 crashes saved, state: in progress, mode=explore, perf_score=345, weight=24, favorite=1, was_fuzzed=1, exec_us=1261, hits=87, map=33, ascii=0, run_time=0:00:13:14)...[0m
[1;94m[*] [0mFuzzing test case #0 (96 total, 0 crashes saved, state: in progress, mode=explore, perf_score=229, weight=67, favorite=1, was_fuzzed=1, exec_us=7496, hits=0, map=22, ascii=0, run_time=0:00:13:16)...[0m
[1;94m[*] [0mFuzzing test case #0 (96 total, 0 crashes saved, state: in progress, mode=explore, perf_score=229, weight=67, favorite=1, was_fuzzed=1, exec_us=7496, hits=0, map=22, ascii=0, run_time=0:00:13:16)...[0m
[1;94m[*] [0mFuzzing test case #0 (96 total, 0 crashes saved, state: in progress, mode=explore, perf_score=229, weight=67, favorite=1, was_fuzzed=1, exec_us=7496, hits=0, map=22, ascii=0, run_time=0:00:13:16)...[0m
[1;94m[*] [0mFuzzing test case #81 (96 total, 0 crashes saved, state: in progress, mode=explore, perf_score=1380, weight=30, favorite=1, was_fuzzed=1, exec_us=1207, hits=1, map=34, ascii=0, run_time=0:00:13:17)...[0m
[1;94m[*] [0mFuzzing test case #0 (98 total, 0 crashes saved, state: in progress, mode=explore, perf_score=229, weight=68, favorite=1, was_fuzzed=1, exec_us=7496, hits=0, map=22, ascii=0, run_time=0:00:13:26)...[0m
[1;94m[*] [0mFuzzing test case #81 (98 total, 0 crashes saved, state: in progress, mode=explore, perf_score=345, weight=8, favorite=1, was_fuzzed=1, exec_us=1207, hits=566, map=34, ascii=0, run_time=0:00:13:26)...[0m
[1;94m[*] [0mFuzzing test case #18 (99 total, 0 crashes saved, state: in progress, mode=explore, perf_score=229, weight=6, favorite=1, was_fuzzed=1, exec_us=1528, hits=484, map=25, ascii=0, run_time=0:00:13:28)...[0m
[1;94m[*] [0mFuzzing test case #0 (100 total, 0 crashes saved, state: in progress, mode=explore, perf_score=229, weight=70, favorite=1, was_fuzzed=1, exec_us=7496, hits=0, map=22, ascii=0, run_time=0:00:13:29)...[0m
[1;94m[*] [0mFuzzing test case #20 (100 total, 0 crashes saved, state: in progress, mode=explore, perf_score=229, weight=14, favorite=1, was_fuzzed=1, exec_us=1599, hits=624, map=26, ascii=0, run_time=0:00:13:29)...[0m
[1;94m[*] [0mFuzzing test case #0 (101 total, 0 crashes saved, state: in progress, mode=explore, perf_score=229, weight=70, favorite=1, was_fuzzed=1, exec_us=7496, hits=0, map=22, ascii=0, run_time=0:00:13:30)...[0m
[1;94m[*] [0mFuzzing test case #90 (101 total, 0 crashes saved, state: in progress, mode=explore, perf_score=345, weight=23, favorite=1, was_fuzzed=1, exec_us=1261, hits=125, map=33, ascii=0, run_time=0:00:13:30)...[0m
[1;94m[*] [0mFuzzing test case #0 (102 total, 0 crashes saved, state: in progress, mode=explore, perf_score=229, weight=72, favorite=1, was_fuzzed=1, exec_us=7496, hits=0, map=22, ascii=0, run_time=0:00:13:32)...[0m
[1;94m[*] [0mFuzzing test case #0 (102 total, 0 crashes saved, state: in progress, mode=explore, perf_score=229, weight=72, favorite=1, was_fuzzed=1, exec_us=7496, hits=0, map=22, ascii=0, run_time=0:00:13:32)...[0m
[1;94m[*] [0mFuzzing test case #20 (102 total, 0 crashes saved, state: in progress, mode=explore, perf_score=229, weight=14, favorite=1, was_fuzzed=1, exec_us=1599, hits=646, map=26, ascii=0, run_time=0:00:13:33)...[0m
[1;94m[*] [0mFuzzing test case #0 (105 total, 0 crashes saved, state: in progress, mode=explore, perf_score=229, weight=73, favorite=1, was_fuzzed=1, exec_us=7496, hits=0, map=22, ascii=0, run_time=0:00:13:34)...[0m
[1;94m[*] [0mFuzzing test case #0 (105 total, 0 crashes saved, state: in progress, mode=explore, perf_score=229, weight=73, favorite=1, was_fuzzed=1, exec_us=7496, hits=0, map=22, ascii=0, run_time=0:00:13:34)...[0m
[1;94m[*] [0mFuzzing test case #0 (105 total, 0 crashes saved, state: in progress, mode=explore, perf_score=229, weight=73, favorite=1, was_fuzzed=1, exec_us=7496, hits=0, map=22, ascii=0, run_time=0:00:13:34)...[0m
[1;94m[*] [0mFuzzing test case #20 (105 total, 0 crashes saved, state: in progress, mode=explore, perf_score=229, weight=14, favorite=1, was_fuzzed=1, exec_us=1599, hits=703, map=26, ascii=0, run_time=0:00:13:34)...[0m
[1;94m[*] [0mFuzzing test case #0 (105 total, 0 crashes saved, state: in progress, mode=explore, perf_score=229, weight=73, favorite=1, was_fuzzed=1, exec_us=7496, hits=0, map=22, ascii=0, run_time=0:00:13:35)...[0m
[1;94m[*] [0mFuzzing test case #54 (105 total, 0 crashes saved, state: in progress, mode=explore, perf_score=229, weight=11, favorite=1, was_fuzzed=1, exec_us=1132, hits=121, map=28, ascii=0, run_time=0:00:13:36)...[0m
[1;94m[*] [0mFuzzing test case #0 (105 total, 0 crashes saved, state: in progress, mode=explore, perf_score=229, weight=73, favorite=1, was_fuzzed=1, exec_us=7496, hits=0, map=22, ascii=0, run_time=0:00:13:36)...[0m
[1;94m[*] [0mFuzzing test case #90 (105 total, 0 crashes saved, state: in progress, mode=explore, perf_score=345, weight=24, favorite=1, was_fuzzed=1, exec_us=1261, hits=141, map=33, ascii=0, run_time=0:00:13:37)...[0m
[1;94m[*] [0mFuzzing test case #54 (105 total, 0 crashes saved, state: in progress, mode=explore, perf_score=229, weight=11, favorite=1, was_fuzzed=1, exec_us=1132, hits=153, map=28, ascii=0, run_time=0:00:13:38)...[0m
[1;94m[*] [0mFuzzing test case #90 (105 total, 0 crashes saved, state: in progress, mode=explore, perf_score=345, weight=24, favorite=1, was_fuzzed=1, exec_us=1261, hits=162, map=33, ascii=0, run_time=0:00:13:39)...[0m
[?25h[1;91m

+++ Testing aborted programmatically +++
[0m[1;94m[*] [0mStatistics: 104 new corpus items found, 54.67% coverage achieved, 1 crashes saved, 0 timeouts saved, total runtime 0 days, 0 hrs, 13 min, 40 sec[0m
[1;92m[+] [0mWe're done here. Have a nice day!
[0m
