JOB timestamp: Mon Dec 18 15:28:18 MST 2023
JOB ID: 121643
Array Task ID: 1
Current directory: /lfs/koff9454.ui/projects/plc_runtime_fuzzer/code_analysis/src
r4i1n1
gcc (Spack GCC) 12.1.0
Copyright (C) 2022 Free Software Foundation, Inc.
This is free software; see the source for copying conditions.  There is NO
warranty; not even for MERCHANTABILITY or FITNESS FOR A PARTICULAR PURPOSE.

Python 3.11.5
/lfs/koff9454.ui/miniconda3/envs/plc/bin/python
matiec version 0.1
changeset id: 
Number of programs: 3
Programs: width_1 width_2 width_3
Fuzzing program: width_2, Job ID: 1
input dir exist, skipping
harness file exist, skipping
Running the fuzzers
Workdir: "/lfs/koff9454.ui/projects/plc_runtime_fuzzer/code_analysis/src/programs/width/width_2/runs/run-1"
Out dir at "fuzzer-outdir" already exists.
Let's fuzz :)
[1;92m[+] [0mEnabled environment variable AFL_BENCH_UNTIL_CRASH with value 1[0m
[1;92m[+] [0mEnabled environment variable AFL_IGNORE_SEED_PROBLEMS with value 1[0m
[1;92m[+] [0mEnabled environment variable AFL_I_DONT_CARE_ABOUT_MISSING_CRASHES with value 1[0m
[1;92m[+] [0mEnabled environment variable AFL_SKIP_CPUFREQ with value 1[0m
[1;92m[+] [0mEnabled environment variable AFL_TRY_AFFINITY with value 1[0m
[1;93m[!] [1;97mWARNING: [0mPotentially mistyped AFL environment variable: USE_PCM_DB=2, did you mean AFL_USE_PCM_DB=2?[0m
[0;36mafl-fuzz++4.09a[0m based on afl by Michal Zalewski and a large online community
[1;92m[+] [0mAFL++ is maintained by Marc "van Hauser" Heuse, Dominik Maier, Andrea Fioraldi and Heiko "hexcoder" Eißfeldt[0m
[1;92m[+] [0mAFL++ is open source, get it at https://github.com/AFLplusplus/AFLplusplus[0m
[1;92m[+] [0mNOTE: AFL++ >= v3 has changed defaults and behaviours - see README.md[0m
[1;92m[+] [0mNo -M/-S set, autoconfiguring for "-S default"[0m
[1;94m[*] [0mGetting to work...[0m
[1;92m[+] [0mUsing exponential power schedule (FAST)[0m
[1;92m[+] [0mEnabled testcache with 50 MB[0m
[1;92m[+] [0mGenerating fuzz data with a length of min=1 max=1048576[0m
[1;94m[*] [0mChecking core_pattern...[0m

[1;91m[-] [0mHmm, your system is configured to send core dump notifications to an
    external utility. This will cause issues: there will be an extended delay
    between stumbling upon a crash and having this information relayed to the
    fuzzer via the standard waitpid() API.
    If you're just testing, set 'AFL_I_DONT_CARE_ABOUT_MISSING_CRASHES=1'.

    To avoid having crashes misinterpreted as timeouts, please log in as root
    and temporarily modify /proc/sys/kernel/core_pattern, like so:

    echo core >/proc/sys/kernel/core_pattern
[1;92m[+] [0mLooks like we're not running on a tty, so I'll be a bit less verbose.[0m
[1;92m[+] [0mYou have 36 CPU cores and 6 runnable tasks (utilization: 17%).[0m
[1;92m[+] [0mTry parallel jobs - see /usr/local/share/doc/afl/fuzzing_in_depth.md#c-using-multiple-cores[0m
[1;94m[*] [0mSetting up output directories...[0m
[1;94m[*] [0mChecking CPU core loadout...[0m
[1;92m[+] [0mFound a free CPU core, try binding to #11.[0m
[1;94m[*] [0mScanning 'afl-indir'...[0m
[1;92m[+] [0mLoaded a total of 1 seeds.[0m
[1;94m[*] [0mCreating hard links for all input files...[0m
[1;94m[*] [0mValidating target binary...[0m
[1;94m[*] [0mSpinning up the fork server...[0m
[1;92m[+] [0mAll right - fork server is up.[0m
[1;94m[*] [0mTarget map size: 64[0m
[1;94m[*] [0mNo auto-generated dictionary tokens to reuse.[0m
[1;94m[*] [0mLoading extra dictionary from 'afl-inputs.dict' (level 0)...[0m
[1;94m[*] [0mLoaded 60 extra tokens, size range 3 B to 6 B.[0m
[1;92m[+] [0mLoaded a total of 6 extras.[0m
[1;94m[*] [0mAttempting dry run with 'id:000000,time:0,execs:0,orig:testcase.txt'...[0m
[1;90m    len = 3, map size = 14, exec speed = 8441 us, hash = bc0c44df7eaf2dd9
[0m[1;92m[+] [0mAll test cases processed.[0m
[1;92m[+] [0mHere are some useful stats:

[1;90m    Test case count : [0m1 favored, 0 variable, 0 ignored, 1 total
[1;90m       Bitmap range : [0m14 to 14 bits (average: 14.00 bits)
[1;90m        Exec timing : [0m8441 to 8441 us (average: 8441 us)
[0m
[1;94m[*] [0mNo -t option specified, so I'll use an exec timeout of 60 ms.[0m
[1;92m[+] [0mAll set and ready to roll![0m
[1;94m[*] [0mEntering queue cycle 1.[0m
[1;94m[*] [0mFuzzing test case #0 (1 total, 0 crashes saved, state: started :-), mode=explore, perf_score=0, weight=0, favorite=1, was_fuzzed=0, exec_us=8441, hits=0, map=14, ascii=0, run_time=0:00:00:00)...[0m
[1;92m[+] [0mEnabled environment variable AFL_BENCH_UNTIL_CRASH with value 1[0m
[1;92m[+] [0mEnabled environment variable AFL_IGNORE_SEED_PROBLEMS with value 1[0m
[1;92m[+] [0mEnabled environment variable AFL_I_DONT_CARE_ABOUT_MISSING_CRASHES with value 1[0m
[1;92m[+] [0mEnabled environment variable AFL_SKIP_CPUFREQ with value 1[0m
[1;92m[+] [0mEnabled environment variable AFL_TRY_AFFINITY with value 1[0m
[1;93m[!] [1;97mWARNING: [0mPotentially mistyped AFL environment variable: USE_PCM_DB=2, did you mean AFL_USE_PCM_DB=2?[0m
[0;36mafl-fuzz++4.09a[0m based on afl by Michal Zalewski and a large online community
[1;92m[+] [0mAFL++ is maintained by Marc "van Hauser" Heuse, Dominik Maier, Andrea Fioraldi and Heiko "hexcoder" Eißfeldt[0m
[1;92m[+] [0mAFL++ is open source, get it at https://github.com/AFLplusplus/AFLplusplus[0m
[1;92m[+] [0mNOTE: AFL++ >= v3 has changed defaults and behaviours - see README.md[0m
[1;92m[+] [0mNo -M/-S set, autoconfiguring for "-S default"[0m
[1;94m[*] [0mGetting to work...[0m
[1;92m[+] [0mUsing exponential power schedule (FAST)[0m
[1;92m[+] [0mEnabled testcache with 50 MB[0m
[1;92m[+] [0mGenerating fuzz data with a length of min=1 max=1048576[0m
[1;94m[*] [0mChecking core_pattern...[0m

[1;91m[-] [0mHmm, your system is configured to send core dump notifications to an
    external utility. This will cause issues: there will be an extended delay
    between stumbling upon a crash and having this information relayed to the
    fuzzer via the standard waitpid() API.
    If you're just testing, set 'AFL_I_DONT_CARE_ABOUT_MISSING_CRASHES=1'.

    To avoid having crashes misinterpreted as timeouts, please log in as root
    and temporarily modify /proc/sys/kernel/core_pattern, like so:

    echo core >/proc/sys/kernel/core_pattern
[1;92m[+] [0mLooks like we're not running on a tty, so I'll be a bit less verbose.[0m
[1;92m[+] [0mYou have 36 CPU cores and 2 runnable tasks (utilization: 6%).[0m
[1;92m[+] [0mTry parallel jobs - see /usr/local/share/doc/afl/fuzzing_in_depth.md#c-using-multiple-cores[0m
[1;94m[*] [0mSetting up output directories...[0m
[1;94m[*] [0mChecking CPU core loadout...[0m
[1;92m[+] [0mFound a free CPU core, try binding to #12.[0m
[1;94m[*] [0mScanning 'our-indir'...[0m
[1;92m[+] [0mLoaded a total of 1 seeds.[0m
[1;94m[*] [0mCreating hard links for all input files...[0m
[1;94m[*] [0mValidating target binary...[0m
[1;94m[*] [0mSpinning up the fork server...[0m
[1;92m[+] [0mAll right - fork server is up.[0m
[1;94m[*] [0mTarget map size: 64[0m
[1;94m[*] [0mNo auto-generated dictionary tokens to reuse.[0m
[1;94m[*] [0mLoading extra dictionary from 'our-inputs.dict' (level 0)...[0m
[1;94m[*] [0mLoaded 60 extra tokens, size range 3 B to 6 B.[0m
[1;92m[+] [0mLoaded a total of 6 extras.[0m
[1;94m[*] [0mAttempting dry run with 'id:000000,time:0,execs:0,orig:variables.txt'...[0m
[1;90m    len = 260, map size = 17, exec speed = 1136 us, hash = 78572fbfc157305b
[0m[1;92m[+] [0mAll test cases processed.[0m
[1;92m[+] [0mHere are some useful stats:

[1;90m    Test case count : [0m1 favored, 0 variable, 0 ignored, 1 total
[1;90m       Bitmap range : [0m17 to 17 bits (average: 17.00 bits)
[1;90m        Exec timing : [0m1136 to 1136 us (average: 1136 us)
[0m
[1;94m[*] [0mNo -t option specified, so I'll use an exec timeout of 20 ms.[0m
[1;92m[+] [0mAll set and ready to roll![0m
[1;94m[*] [0mEntering queue cycle 1.[0m
[1;94m[*] [0mFuzzing test case #0 (1 total, 0 crashes saved, state: started :-), mode=explore, perf_score=0, weight=0, favorite=1, was_fuzzed=0, exec_us=1136, hits=0, map=17, ascii=0, run_time=0:00:00:00)...[0m
[1;94m[*] [0mFuzzing test case #1 (2 total, 0 crashes saved, state: started :-), mode=explore, perf_score=0, weight=0, favorite=1, was_fuzzed=0, exec_us=4766, hits=4, map=15, ascii=0, run_time=0:00:00:00)...[0m
[1;94m[*] [0mFuzzing test case #1 (2 total, 0 crashes saved, state: started :-), mode=explore, perf_score=345, weight=5, favorite=1, was_fuzzed=1, exec_us=4766, hits=4, map=15, ascii=0, run_time=0:00:00:00)...[0m
[1;94m[*] [0mFuzzing test case #15 (17 total, 0 crashes saved, state: started :-), mode=explore, perf_score=0, weight=0, favorite=1, was_fuzzed=0, exec_us=1486, hits=2, map=18, ascii=0, run_time=0:00:02:05)...[0m
[1;94m[*] [0mFuzzing test case #12 (17 total, 0 crashes saved, state: started :-), mode=explore, perf_score=150, weight=54, favorite=1, was_fuzzed=0, exec_us=1562, hits=2, map=17, ascii=0, run_time=0:00:02:05)...[0m
[1;94m[*] [0mFuzzing test case #10 (20 total, 0 crashes saved, state: started :-), mode=explore, perf_score=150, weight=20, favorite=1, was_fuzzed=0, exec_us=1400, hits=33, map=14, ascii=0, run_time=0:00:02:06)...[0m
[1;94m[*] [0mFuzzing test case #20 (21 total, 0 crashes saved, state: started :-), mode=explore, perf_score=0, weight=0, favorite=1, was_fuzzed=0, exec_us=1423, hits=1, map=17, ascii=0, run_time=0:00:02:07)...[0m
[1;94m[*] [0mFuzzing test case #15 (21 total, 0 crashes saved, state: started :-), mode=explore, perf_score=690, weight=50, favorite=1, was_fuzzed=1, exec_us=1486, hits=3, map=18, ascii=0, run_time=0:00:02:07)...[0m
[1;94m[*] [0mFuzzing test case #32 (36 total, 0 crashes saved, state: started :-), mode=explore, perf_score=0, weight=0, favorite=1, was_fuzzed=0, exec_us=1322, hits=2, map=17, ascii=0, run_time=0:00:03:52)...[0m
[1;94m[*] [0mFuzzing test case #21 (36 total, 0 crashes saved, state: started :-), mode=explore, perf_score=200, weight=23, favorite=1, was_fuzzed=0, exec_us=1562, hits=6, map=18, ascii=0, run_time=0:00:03:52)...[0m
[1;94m[*] [0mFuzzing test case #22 (36 total, 0 crashes saved, state: started :-), mode=explore, perf_score=200, weight=59, favorite=1, was_fuzzed=0, exec_us=1365, hits=5, map=18, ascii=0, run_time=0:00:03:53)...[0m
[1;94m[*] [0mFuzzing test case #21 (31 total, 0 crashes saved, state: started :-), mode=explore, perf_score=0, weight=0, favorite=1, was_fuzzed=0, exec_us=1112, hits=1, map=22, ascii=0, run_time=0:00:03:53)...[0m
[1;94m[*] [0mFuzzing test case #25 (31 total, 0 crashes saved, state: started :-), mode=explore, perf_score=150, weight=44, favorite=1, was_fuzzed=0, exec_us=1421, hits=1, map=21, ascii=0, run_time=0:00:03:54)...[0m
[1;94m[*] [0mFuzzing test case #25 (38 total, 0 crashes saved, state: started :-), mode=explore, perf_score=200, weight=49, favorite=1, was_fuzzed=0, exec_us=1382, hits=1, map=20, ascii=0, run_time=0:00:03:54)...[0m
[1;94m[*] [0mFuzzing test case #32 (38 total, 0 crashes saved, state: started :-), mode=explore, perf_score=919, weight=51, favorite=1, was_fuzzed=1, exec_us=1322, hits=2, map=17, ascii=0, run_time=0:00:03:55)...[0m
[1;94m[*] [0mFuzzing test case #10 (41 total, 0 crashes saved, state: started :-), mode=explore, perf_score=114, weight=70, favorite=1, was_fuzzed=1, exec_us=1400, hits=48, map=14, ascii=0, run_time=0:00:04:25)...[0m
[1;94m[*] [0mFuzzing test case #22 (43 total, 0 crashes saved, state: started :-), mode=explore, perf_score=459, weight=22, favorite=1, was_fuzzed=1, exec_us=1365, hits=24, map=18, ascii=0, run_time=0:00:04:26)...[0m
[1;94m[*] [0mFuzzing test case #32 (44 total, 0 crashes saved, state: started :-), mode=explore, perf_score=229, weight=21, favorite=1, was_fuzzed=1, exec_us=1322, hits=184, map=17, ascii=0, run_time=0:00:04:47)...[0m
[1;94m[*] [0mFuzzing test case #10 (45 total, 0 crashes saved, state: started :-), mode=explore, perf_score=114, weight=72, favorite=1, was_fuzzed=1, exec_us=1400, hits=51, map=14, ascii=0, run_time=0:00:04:48)...[0m
[1;94m[*] [0mFuzzing test case #10 (45 total, 0 crashes saved, state: started :-), mode=explore, perf_score=114, weight=72, favorite=1, was_fuzzed=1, exec_us=1400, hits=61, map=14, ascii=0, run_time=0:00:04:48)...[0m
[1;94m[*] [0mFuzzing test case #10 (45 total, 0 crashes saved, state: started :-), mode=explore, perf_score=114, weight=72, favorite=1, was_fuzzed=1, exec_us=1400, hits=62, map=14, ascii=0, run_time=0:00:04:49)...[0m
[1;94m[*] [0mFuzzing test case #25 (45 total, 0 crashes saved, state: started :-), mode=explore, perf_score=690, weight=15, favorite=1, was_fuzzed=1, exec_us=1382, hits=5, map=20, ascii=0, run_time=0:00:04:49)...[0m
[1;94m[*] [0mFuzzing test case #38 (41 total, 0 crashes saved, state: started :-), mode=explore, perf_score=0, weight=0, favorite=1, was_fuzzed=0, exec_us=1337, hits=2, map=16, ascii=0, run_time=0:00:04:50)...[0m
[1;94m[*] [0mFuzzing test case #23 (41 total, 0 crashes saved, state: started :-), mode=explore, perf_score=100, weight=29, favorite=1, was_fuzzed=0, exec_us=1705, hits=2, map=21, ascii=0, run_time=0:00:04:50)...[0m
[1;94m[*] [0mFuzzing test case #35 (43 total, 0 crashes saved, state: started :-), mode=explore, perf_score=100, weight=49, favorite=1, was_fuzzed=0, exec_us=1311, hits=1, map=22, ascii=0, run_time=0:00:04:50)...[0m
[1;94m[*] [0mFuzzing test case #30 (44 total, 0 crashes saved, state: started :-), mode=explore, perf_score=100, weight=39, favorite=1, was_fuzzed=0, exec_us=1656, hits=1, map=22, ascii=0, run_time=0:00:04:52)...[0m
[1;94m[*] [0mFuzzing test case #10 (45 total, 0 crashes saved, state: started :-), mode=explore, perf_score=114, weight=72, favorite=1, was_fuzzed=1, exec_us=1400, hits=84, map=14, ascii=0, run_time=0:00:04:52)...[0m
[1;94m[*] [0mFuzzing test case #40 (45 total, 0 crashes saved, state: started :-), mode=explore, perf_score=150, weight=112, favorite=1, was_fuzzed=0, exec_us=1244, hits=1, map=22, ascii=0, run_time=0:00:04:52)...[0m
[1;94m[*] [0mFuzzing test case #32 (46 total, 0 crashes saved, state: started :-), mode=explore, perf_score=229, weight=21, favorite=1, was_fuzzed=1, exec_us=1322, hits=206, map=17, ascii=0, run_time=0:00:04:52)...[0m
[1;94m[*] [0mFuzzing test case #41 (48 total, 0 crashes saved, state: started :-), mode=explore, perf_score=0, weight=0, favorite=1, was_fuzzed=0, exec_us=1272, hits=1, map=22, ascii=0, run_time=0:00:04:53)...[0m
[1;94m[*] [0mFuzzing test case #39 (48 total, 0 crashes saved, state: started :-), mode=explore, perf_score=100, weight=26, favorite=1, was_fuzzed=0, exec_us=1262, hits=12, map=22, ascii=0, run_time=0:00:04:53)...[0m
[1;94m[*] [0mFuzzing test case #10 (47 total, 0 crashes saved, state: started :-), mode=explore, perf_score=114, weight=67, favorite=1, was_fuzzed=1, exec_us=1400, hits=92, map=14, ascii=0, run_time=0:00:04:53)...[0m
[1;94m[*] [0mFuzzing test case #21 (49 total, 0 crashes saved, state: started :-), mode=explore, perf_score=690, weight=30, favorite=1, was_fuzzed=1, exec_us=1112, hits=1, map=22, ascii=0, run_time=0:00:04:54)...[0m
[1;94m[*] [0mFuzzing test case #10 (47 total, 0 crashes saved, state: in progress, mode=explore, perf_score=114, weight=67, favorite=1, was_fuzzed=1, exec_us=1400, hits=102, map=14, ascii=0, run_time=0:00:05:20)...[0m
[1;94m[*] [0mFuzzing test case #10 (47 total, 0 crashes saved, state: in progress, mode=explore, perf_score=114, weight=67, favorite=1, was_fuzzed=1, exec_us=1400, hits=109, map=14, ascii=0, run_time=0:00:05:21)...[0m
[1;94m[*] [0mFuzzing test case #22 (47 total, 0 crashes saved, state: in progress, mode=explore, perf_score=229, weight=19, favorite=1, was_fuzzed=1, exec_us=1365, hits=78, map=18, ascii=0, run_time=0:00:05:21)...[0m
[1;94m[*] [0mFuzzing test case #10 (48 total, 0 crashes saved, state: in progress, mode=explore, perf_score=114, weight=65, favorite=1, was_fuzzed=1, exec_us=1400, hits=126, map=14, ascii=0, run_time=0:00:05:22)...[0m
[1;94m[*] [0mFuzzing test case #22 (48 total, 0 crashes saved, state: in progress, mode=explore, perf_score=229, weight=19, favorite=1, was_fuzzed=1, exec_us=1365, hits=93, map=18, ascii=0, run_time=0:00:05:22)...[0m
[1;94m[*] [0mFuzzing test case #41 (49 total, 0 crashes saved, state: in progress, mode=explore, perf_score=459, weight=26, favorite=1, was_fuzzed=1, exec_us=1272, hits=1, map=22, ascii=0, run_time=0:00:05:23)...[0m
[1;94m[*] [0mFuzzing test case #20 (48 total, 0 crashes saved, state: in progress, mode=explore, perf_score=459, weight=10, favorite=1, was_fuzzed=1, exec_us=1423, hits=23, map=17, ascii=0, run_time=0:00:05:23)...[0m
[1;94m[*] [0mFuzzing test case #32 (48 total, 0 crashes saved, state: in progress, mode=explore, perf_score=229, weight=22, favorite=1, was_fuzzed=1, exec_us=1322, hits=220, map=17, ascii=0, run_time=0:00:05:25)...[0m
[1;94m[*] [0mFuzzing test case #49 (51 total, 0 crashes saved, state: in progress, mode=explore, perf_score=0, weight=0, favorite=1, was_fuzzed=0, exec_us=1251, hits=2, map=22, ascii=0, run_time=0:00:05:25)...[0m
[1;94m[*] [0mFuzzing test case #38 (51 total, 0 crashes saved, state: in progress, mode=explore, perf_score=345, weight=123, favorite=1, was_fuzzed=1, exec_us=1337, hits=9, map=16, ascii=0, run_time=0:00:05:25)...[0m
[1;94m[*] [0mFuzzing test case #10 (48 total, 0 crashes saved, state: in progress, mode=explore, perf_score=114, weight=65, favorite=1, was_fuzzed=1, exec_us=1400, hits=149, map=14, ascii=0, run_time=0:00:05:26)...[0m
[1;94m[*] [0mFuzzing test case #25 (48 total, 0 crashes saved, state: in progress, mode=explore, perf_score=229, weight=9, favorite=1, was_fuzzed=1, exec_us=1382, hits=66, map=20, ascii=0, run_time=0:00:05:27)...[0m
[1;94m[*] [0mFuzzing test case #38 (56 total, 0 crashes saved, state: in progress, mode=explore, perf_score=114, weight=91, favorite=1, was_fuzzed=1, exec_us=1337, hits=68, map=16, ascii=0, run_time=0:00:05:27)...[0m
[1;94m[*] [0mFuzzing test case #10 (48 total, 0 crashes saved, state: in progress, mode=explore, perf_score=114, weight=65, favorite=1, was_fuzzed=1, exec_us=1400, hits=160, map=14, ascii=0, run_time=0:00:05:27)...[0m
[1;94m[*] [0mFuzzing test case #40 (56 total, 0 crashes saved, state: in progress, mode=explore, perf_score=114, weight=48, favorite=1, was_fuzzed=1, exec_us=1244, hits=32, map=22, ascii=0, run_time=0:00:05:28)...[0m
[1;94m[*] [0mFuzzing test case #32 (49 total, 0 crashes saved, state: in progress, mode=explore, perf_score=229, weight=21, favorite=1, was_fuzzed=1, exec_us=1322, hits=244, map=17, ascii=0, run_time=0:00:05:28)...[0m
[1;94m[*] [0mFuzzing test case #38 (57 total, 0 crashes saved, state: in progress, mode=explore, perf_score=114, weight=88, favorite=1, was_fuzzed=1, exec_us=1337, hits=90, map=16, ascii=0, run_time=0:00:05:52)...[0m
[1;94m[*] [0mFuzzing test case #38 (57 total, 0 crashes saved, state: in progress, mode=explore, perf_score=114, weight=88, favorite=1, was_fuzzed=1, exec_us=1337, hits=138, map=16, ascii=0, run_time=0:00:05:52)...[0m
[1;94m[*] [0mFuzzing test case #32 (49 total, 0 crashes saved, state: in progress, mode=explore, perf_score=229, weight=21, favorite=1, was_fuzzed=1, exec_us=1322, hits=247, map=17, ascii=0, run_time=0:00:05:53)...[0m
[1;94m[*] [0mFuzzing test case #35 (57 total, 0 crashes saved, state: in progress, mode=explore, perf_score=345, weight=14, favorite=1, was_fuzzed=1, exec_us=1311, hits=8, map=22, ascii=0, run_time=0:00:05:53)...[0m
[1;94m[*] [0mFuzzing test case #10 (50 total, 0 crashes saved, state: in progress, mode=explore, perf_score=114, weight=64, favorite=1, was_fuzzed=1, exec_us=1400, hits=171, map=14, ascii=0, run_time=0:00:05:54)...[0m
[1;94m[*] [0mFuzzing test case #12 (50 total, 0 crashes saved, state: in progress, mode=explore, perf_score=114, weight=7, favorite=1, was_fuzzed=1, exec_us=1562, hits=68, map=17, ascii=0, run_time=0:00:05:54)...[0m
[1;94m[*] [0mFuzzing test case #40 (57 total, 0 crashes saved, state: in progress, mode=explore, perf_score=114, weight=48, favorite=1, was_fuzzed=1, exec_us=1244, hits=34, map=22, ascii=0, run_time=0:00:05:54)...[0m
[1;94m[*] [0mFuzzing test case #12 (50 total, 0 crashes saved, state: in progress, mode=explore, perf_score=114, weight=7, favorite=1, was_fuzzed=1, exec_us=1562, hits=107, map=17, ascii=0, run_time=0:00:05:55)...[0m
[1;94m[*] [0mFuzzing test case #21 (57 total, 0 crashes saved, state: in progress, mode=explore, perf_score=345, weight=14, favorite=1, was_fuzzed=1, exec_us=1112, hits=19, map=22, ascii=0, run_time=0:00:05:55)...[0m
[1;94m[*] [0mFuzzing test case #10 (50 total, 0 crashes saved, state: in progress, mode=explore, perf_score=114, weight=64, favorite=1, was_fuzzed=1, exec_us=1400, hits=196, map=14, ascii=0, run_time=0:00:05:55)...[0m
[1;94m[*] [0mFuzzing test case #10 (50 total, 0 crashes saved, state: in progress, mode=explore, perf_score=114, weight=64, favorite=1, was_fuzzed=1, exec_us=1400, hits=206, map=14, ascii=0, run_time=0:00:05:56)...[0m
[1;94m[*] [0mFuzzing test case #34 (50 total, 0 crashes saved, state: in progress, mode=explore, perf_score=200, weight=1, favorite=0, was_fuzzed=0, exec_us=1311, hits=38, map=17, ascii=0, run_time=0:00:05:57)...[0m
[1;94m[*] [0mFuzzing test case #21 (57 total, 0 crashes saved, state: in progress, mode=explore, perf_score=345, weight=14, favorite=1, was_fuzzed=1, exec_us=1112, hits=24, map=22, ascii=0, run_time=0:00:05:57)...[0m
[1;94m[*] [0mFuzzing test case #10 (50 total, 0 crashes saved, state: in progress, mode=explore, perf_score=114, weight=62, favorite=1, was_fuzzed=1, exec_us=1400, hits=227, map=14, ascii=0, run_time=0:00:05:58)...[0m
[1;94m[*] [0mFuzzing test case #32 (50 total, 0 crashes saved, state: in progress, mode=explore, perf_score=229, weight=21, favorite=1, was_fuzzed=1, exec_us=1322, hits=309, map=17, ascii=0, run_time=0:00:05:58)...[0m
[1;94m[*] [0mFuzzing test case #39 (57 total, 0 crashes saved, state: in progress, mode=explore, perf_score=229, weight=12, favorite=1, was_fuzzed=1, exec_us=1262, hits=24, map=22, ascii=0, run_time=0:00:05:59)...[0m
[1;94m[*] [0mFuzzing test case #10 (50 total, 0 crashes saved, state: in progress, mode=explore, perf_score=114, weight=62, favorite=1, was_fuzzed=1, exec_us=1400, hits=232, map=14, ascii=0, run_time=0:00:06:23)...[0m
[1;94m[*] [0mFuzzing test case #38 (57 total, 0 crashes saved, state: in progress, mode=explore, perf_score=114, weight=88, favorite=1, was_fuzzed=1, exec_us=1337, hits=171, map=16, ascii=0, run_time=0:00:06:23)...[0m
[1;94m[*] [0mFuzzing test case #32 (50 total, 0 crashes saved, state: in progress, mode=explore, perf_score=229, weight=21, favorite=1, was_fuzzed=1, exec_us=1322, hits=336, map=17, ascii=0, run_time=0:00:06:23)...[0m
[1;94m[*] [0mFuzzing test case #35 (57 total, 0 crashes saved, state: in progress, mode=explore, perf_score=345, weight=14, favorite=1, was_fuzzed=1, exec_us=1311, hits=86, map=22, ascii=0, run_time=0:00:06:24)...[0m
[1;94m[*] [0mFuzzing test case #10 (50 total, 0 crashes saved, state: in progress, mode=explore, perf_score=114, weight=62, favorite=1, was_fuzzed=1, exec_us=1400, hits=245, map=14, ascii=0, run_time=0:00:06:24)...[0m
[1;94m[*] [0mFuzzing test case #10 (50 total, 0 crashes saved, state: in progress, mode=explore, perf_score=114, weight=62, favorite=1, was_fuzzed=1, exec_us=1400, hits=250, map=14, ascii=0, run_time=0:00:06:25)...[0m
[1;94m[*] [0mFuzzing test case #38 (57 total, 0 crashes saved, state: in progress, mode=explore, perf_score=114, weight=88, favorite=1, was_fuzzed=1, exec_us=1337, hits=224, map=16, ascii=0, run_time=0:00:06:25)...[0m
[1;94m[*] [0mFuzzing test case #10 (50 total, 0 crashes saved, state: in progress, mode=explore, perf_score=114, weight=62, favorite=1, was_fuzzed=1, exec_us=1400, hits=271, map=14, ascii=0, run_time=0:00:06:25)...[0m
[1;94m[*] [0mFuzzing test case #40 (57 total, 0 crashes saved, state: in progress, mode=explore, perf_score=114, weight=48, favorite=1, was_fuzzed=1, exec_us=1244, hits=60, map=22, ascii=0, run_time=0:00:06:26)...[0m
[1;94m[*] [0mFuzzing test case #32 (50 total, 0 crashes saved, state: in progress, mode=explore, perf_score=229, weight=21, favorite=1, was_fuzzed=1, exec_us=1322, hits=345, map=17, ascii=0, run_time=0:00:06:26)...[0m
[1;94m[*] [0mFuzzing test case #38 (57 total, 0 crashes saved, state: in progress, mode=explore, perf_score=114, weight=88, favorite=1, was_fuzzed=1, exec_us=1337, hits=288, map=16, ascii=0, run_time=0:00:06:27)...[0m
[1;94m[*] [0mFuzzing test case #30 (57 total, 0 crashes saved, state: in progress, mode=explore, perf_score=229, weight=9, favorite=1, was_fuzzed=1, exec_us=1656, hits=31, map=22, ascii=0, run_time=0:00:06:27)...[0m
[1;94m[*] [0mFuzzing test case #10 (50 total, 0 crashes saved, state: in progress, mode=explore, perf_score=114, weight=62, favorite=1, was_fuzzed=1, exec_us=1400, hits=282, map=14, ascii=0, run_time=0:00:06:27)...[0m
[1;94m[*] [0mFuzzing test case #10 (50 total, 0 crashes saved, state: in progress, mode=explore, perf_score=114, weight=62, favorite=1, was_fuzzed=1, exec_us=1400, hits=289, map=14, ascii=0, run_time=0:00:06:28)...[0m
[1;94m[*] [0mFuzzing test case #38 (57 total, 0 crashes saved, state: in progress, mode=explore, perf_score=114, weight=88, favorite=1, was_fuzzed=1, exec_us=1337, hits=347, map=16, ascii=0, run_time=0:00:06:28)...[0m
[1;94m[*] [0mFuzzing test case #10 (50 total, 0 crashes saved, state: in progress, mode=explore, perf_score=114, weight=62, favorite=1, was_fuzzed=1, exec_us=1400, hits=289, map=14, ascii=0, run_time=0:00:06:28)...[0m
[1;94m[*] [0mFuzzing test case #49 (57 total, 0 crashes saved, state: in progress, mode=explore, perf_score=919, weight=22, favorite=1, was_fuzzed=1, exec_us=1251, hits=3, map=22, ascii=0, run_time=0:00:06:28)...[0m
[1;94m[*] [0mFuzzing test case #32 (50 total, 0 crashes saved, state: in progress, mode=explore, perf_score=229, weight=21, favorite=1, was_fuzzed=1, exec_us=1322, hits=354, map=17, ascii=0, run_time=0:00:06:28)...[0m
[1;94m[*] [0mFuzzing test case #10 (50 total, 0 crashes saved, state: in progress, mode=explore, perf_score=114, weight=62, favorite=1, was_fuzzed=1, exec_us=1400, hits=297, map=14, ascii=0, run_time=0:00:06:29)...[0m
[1;94m[*] [0mFuzzing test case #10 (50 total, 0 crashes saved, state: in progress, mode=explore, perf_score=114, weight=62, favorite=1, was_fuzzed=1, exec_us=1400, hits=306, map=14, ascii=0, run_time=0:00:06:41)...[0m
[1;94m[*] [0mFuzzing test case #10 (50 total, 0 crashes saved, state: in progress, mode=explore, perf_score=114, weight=62, favorite=1, was_fuzzed=1, exec_us=1400, hits=308, map=14, ascii=0, run_time=0:00:06:42)...[0m
[?25h[1;91m

+++ Testing aborted programmatically +++
[0m[1;94m[*] [0mStatistics: 56 new corpus items found, 45.31% coverage achieved, 1 crashes saved, 0 timeouts saved, total runtime 0 days, 0 hrs, 6 min, 49 sec[0m
[1;92m[+] [0mWe're done here. Have a nice day!
[0m
[1;94m[*] [0mEntering queue cycle 2.[0m
[1;94m[*] [0mFuzzing test case #10 (50 total, 0 crashes saved, state: in progress, mode=explore, perf_score=114, weight=62, favorite=1, was_fuzzed=1, exec_us=1400, hits=317, map=14, ascii=0, run_time=0:00:07:00)...[0m
[1;94m[*] [0mFuzzing test case #22 (50 total, 0 crashes saved, state: in progress, mode=explore, perf_score=229, weight=18, favorite=1, was_fuzzed=1, exec_us=1365, hits=131, map=18, ascii=0, run_time=0:00:07:01)...[0m
[1;94m[*] [0mFuzzing test case #50 (51 total, 0 crashes saved, state: in progress, mode=explore, perf_score=0, weight=0, favorite=1, was_fuzzed=0, exec_us=1357, hits=1, map=19, ascii=0, run_time=0:00:07:02)...[0m
[1;94m[*] [0mFuzzing test case #10 (51 total, 0 crashes saved, state: in progress, mode=explore, perf_score=114, weight=57, favorite=1, was_fuzzed=1, exec_us=1400, hits=335, map=14, ascii=0, run_time=0:00:07:02)...[0m
[1;94m[*] [0mFuzzing test case #22 (51 total, 0 crashes saved, state: in progress, mode=explore, perf_score=229, weight=17, favorite=1, was_fuzzed=1, exec_us=1365, hits=148, map=18, ascii=0, run_time=0:00:07:02)...[0m
[1;94m[*] [0mFuzzing test case #10 (51 total, 0 crashes saved, state: in progress, mode=explore, perf_score=114, weight=57, favorite=1, was_fuzzed=1, exec_us=1400, hits=342, map=14, ascii=0, run_time=0:00:07:03)...[0m
[1;94m[*] [0mFuzzing test case #22 (51 total, 0 crashes saved, state: in progress, mode=explore, perf_score=229, weight=17, favorite=1, was_fuzzed=1, exec_us=1365, hits=153, map=18, ascii=0, run_time=0:00:07:03)...[0m
[1;94m[*] [0mFuzzing test case #10 (51 total, 0 crashes saved, state: in progress, mode=explore, perf_score=114, weight=57, favorite=1, was_fuzzed=1, exec_us=1400, hits=343, map=14, ascii=0, run_time=0:00:07:04)...[0m
[1;94m[*] [0mFuzzing test case #20 (51 total, 0 crashes saved, state: in progress, mode=explore, perf_score=229, weight=7, favorite=1, was_fuzzed=1, exec_us=1423, hits=161, map=17, ascii=0, run_time=0:00:07:05)...[0m
[1;94m[*] [0mFuzzing test case #35 (51 total, 0 crashes saved, state: in progress, mode=explore, perf_score=200, weight=1, favorite=0, was_fuzzed=0, exec_us=1319, hits=11, map=17, ascii=0, run_time=0:00:07:06)...[0m
[1;94m[*] [0mFuzzing test case #50 (51 total, 0 crashes saved, state: in progress, mode=explore, perf_score=919, weight=25, favorite=1, was_fuzzed=1, exec_us=1357, hits=1, map=19, ascii=0, run_time=0:00:07:07)...[0m
[1;94m[*] [0mFuzzing test case #52 (54 total, 0 crashes saved, state: in progress, mode=explore, perf_score=0, weight=0, favorite=1, was_fuzzed=0, exec_us=1302, hits=1, map=19, ascii=0, run_time=0:00:07:52)...[0m
[1;94m[*] [0mFuzzing test case #10 (54 total, 0 crashes saved, state: in progress, mode=explore, perf_score=114, weight=56, favorite=1, was_fuzzed=1, exec_us=1400, hits=363, map=14, ascii=0, run_time=0:00:07:52)...[0m
[1;94m[*] [0mFuzzing test case #10 (54 total, 0 crashes saved, state: in progress, mode=explore, perf_score=114, weight=56, favorite=1, was_fuzzed=1, exec_us=1400, hits=385, map=14, ascii=0, run_time=0:00:07:52)...[0m
[1;94m[*] [0mFuzzing test case #10 (54 total, 0 crashes saved, state: in progress, mode=explore, perf_score=114, weight=56, favorite=1, was_fuzzed=1, exec_us=1400, hits=396, map=14, ascii=0, run_time=0:00:07:52)...[0m
[1;94m[*] [0mFuzzing test case #22 (54 total, 0 crashes saved, state: in progress, mode=explore, perf_score=229, weight=17, favorite=1, was_fuzzed=1, exec_us=1365, hits=199, map=18, ascii=0, run_time=0:00:07:53)...[0m
[1;94m[*] [0mFuzzing test case #25 (54 total, 0 crashes saved, state: in progress, mode=explore, perf_score=229, weight=9, favorite=1, was_fuzzed=1, exec_us=1382, hits=67, map=20, ascii=0, run_time=0:00:07:54)...[0m
[1;94m[*] [0mFuzzing test case #10 (54 total, 0 crashes saved, state: in progress, mode=explore, perf_score=114, weight=56, favorite=1, was_fuzzed=1, exec_us=1400, hits=414, map=14, ascii=0, run_time=0:00:07:54)...[0m
[1;94m[*] [0mFuzzing test case #50 (54 total, 0 crashes saved, state: in progress, mode=explore, perf_score=229, weight=7, favorite=1, was_fuzzed=1, exec_us=1357, hits=219, map=19, ascii=0, run_time=0:00:07:55)...[0m
[1;94m[*] [0mFuzzing test case #52 (54 total, 0 crashes saved, state: in progress, mode=explore, perf_score=919, weight=25, favorite=1, was_fuzzed=1, exec_us=1302, hits=2, map=19, ascii=0, run_time=0:00:07:56)...[0m
[1;94m[*] [0mFuzzing test case #10 (55 total, 0 crashes saved, state: in progress, mode=explore, perf_score=114, weight=56, favorite=1, was_fuzzed=1, exec_us=1400, hits=423, map=14, ascii=0, run_time=0:00:08:13)...[0m
[1;94m[*] [0mFuzzing test case #52 (55 total, 0 crashes saved, state: in progress, mode=explore, perf_score=229, weight=9, favorite=1, was_fuzzed=1, exec_us=1302, hits=82, map=19, ascii=0, run_time=0:00:08:13)...[0m
[1;94m[*] [0mFuzzing test case #10 (55 total, 0 crashes saved, state: in progress, mode=explore, perf_score=114, weight=56, favorite=1, was_fuzzed=1, exec_us=1400, hits=427, map=14, ascii=0, run_time=0:00:08:26)...[0m
[1;94m[*] [0mFuzzing test case #22 (55 total, 0 crashes saved, state: in progress, mode=explore, perf_score=229, weight=16, favorite=1, was_fuzzed=1, exec_us=1365, hits=233, map=18, ascii=0, run_time=0:00:08:27)...[0m
[1;94m[*] [0mFuzzing test case #32 (55 total, 0 crashes saved, state: in progress, mode=explore, perf_score=229, weight=20, favorite=1, was_fuzzed=1, exec_us=1322, hits=366, map=17, ascii=0, run_time=0:00:08:28)...[0m
[1;94m[*] [0mFuzzing test case #32 (55 total, 0 crashes saved, state: in progress, mode=explore, perf_score=229, weight=20, favorite=1, was_fuzzed=1, exec_us=1322, hits=381, map=17, ascii=0, run_time=0:00:08:28)...[0m
[1;94m[*] [0mFuzzing test case #22 (55 total, 0 crashes saved, state: in progress, mode=explore, perf_score=229, weight=16, favorite=1, was_fuzzed=1, exec_us=1365, hits=286, map=18, ascii=0, run_time=0:00:08:29)...[0m
[1;94m[*] [0mFuzzing test case #20 (55 total, 0 crashes saved, state: in progress, mode=explore, perf_score=229, weight=7, favorite=1, was_fuzzed=1, exec_us=1423, hits=210, map=17, ascii=0, run_time=0:00:08:30)...[0m
[1;94m[*] [0mFuzzing test case #10 (55 total, 0 crashes saved, state: in progress, mode=explore, perf_score=114, weight=56, favorite=1, was_fuzzed=1, exec_us=1400, hits=452, map=14, ascii=0, run_time=0:00:08:31)...[0m
[1;94m[*] [0mFuzzing test case #50 (55 total, 0 crashes saved, state: in progress, mode=explore, perf_score=229, weight=7, favorite=1, was_fuzzed=1, exec_us=1357, hits=223, map=19, ascii=0, run_time=0:00:08:32)...[0m
[1;94m[*] [0mFuzzing test case #52 (55 total, 0 crashes saved, state: in progress, mode=explore, perf_score=229, weight=9, favorite=1, was_fuzzed=1, exec_us=1302, hits=135, map=19, ascii=0, run_time=0:00:08:33)...[0m
[1;94m[*] [0mFuzzing test case #20 (55 total, 0 crashes saved, state: in progress, mode=explore, perf_score=229, weight=7, favorite=1, was_fuzzed=1, exec_us=1423, hits=223, map=17, ascii=0, run_time=0:00:08:47)...[0m
[1;94m[*] [0mFuzzing test case #22 (55 total, 0 crashes saved, state: in progress, mode=explore, perf_score=229, weight=16, favorite=1, was_fuzzed=1, exec_us=1365, hits=294, map=18, ascii=0, run_time=0:00:08:48)...[0m
[1;94m[*] [0mFuzzing test case #32 (55 total, 0 crashes saved, state: in progress, mode=explore, perf_score=229, weight=20, favorite=1, was_fuzzed=1, exec_us=1322, hits=400, map=17, ascii=0, run_time=0:00:08:49)...[0m
[1;94m[*] [0mFuzzing test case #10 (55 total, 0 crashes saved, state: in progress, mode=explore, perf_score=114, weight=56, favorite=1, was_fuzzed=1, exec_us=1400, hits=467, map=14, ascii=0, run_time=0:00:08:49)...[0m
[1;94m[*] [0mFuzzing test case #10 (55 total, 0 crashes saved, state: in progress, mode=explore, perf_score=114, weight=56, favorite=1, was_fuzzed=1, exec_us=1400, hits=469, map=14, ascii=0, run_time=0:00:08:50)...[0m
[1;94m[*] [0mFuzzing test case #10 (55 total, 0 crashes saved, state: in progress, mode=explore, perf_score=114, weight=56, favorite=1, was_fuzzed=1, exec_us=1400, hits=479, map=14, ascii=0, run_time=0:00:08:50)...[0m
[1;94m[*] [0mFuzzing test case #52 (55 total, 0 crashes saved, state: in progress, mode=explore, perf_score=229, weight=9, favorite=1, was_fuzzed=1, exec_us=1302, hits=147, map=19, ascii=0, run_time=0:00:08:51)...[0m
[1;94m[*] [0mFuzzing test case #22 (55 total, 0 crashes saved, state: in progress, mode=explore, perf_score=229, weight=16, favorite=1, was_fuzzed=1, exec_us=1365, hits=334, map=18, ascii=0, run_time=0:00:08:52)...[0m
[1;94m[*] [0mFuzzing test case #52 (55 total, 0 crashes saved, state: in progress, mode=explore, perf_score=229, weight=9, favorite=1, was_fuzzed=1, exec_us=1302, hits=169, map=19, ascii=0, run_time=0:00:08:53)...[0m
[1;94m[*] [0mFuzzing test case #12 (55 total, 0 crashes saved, state: in progress, mode=explore, perf_score=114, weight=6, favorite=1, was_fuzzed=1, exec_us=1562, hits=211, map=17, ascii=0, run_time=0:00:08:53)...[0m
[1;94m[*] [0mFuzzing test case #32 (55 total, 0 crashes saved, state: in progress, mode=explore, perf_score=229, weight=20, favorite=1, was_fuzzed=1, exec_us=1322, hits=421, map=17, ascii=0, run_time=0:00:08:54)...[0m
[1;94m[*] [0mFuzzing test case #52 (55 total, 0 crashes saved, state: in progress, mode=explore, perf_score=229, weight=9, favorite=1, was_fuzzed=1, exec_us=1302, hits=214, map=19, ascii=0, run_time=0:00:09:08)...[0m
[1;94m[*] [0mFuzzing test case #22 (55 total, 0 crashes saved, state: in progress, mode=explore, perf_score=229, weight=16, favorite=1, was_fuzzed=1, exec_us=1365, hits=369, map=18, ascii=0, run_time=0:00:09:09)...[0m
[1;94m[*] [0mFuzzing test case #48 (55 total, 0 crashes saved, state: in progress, mode=explore, perf_score=200, weight=3, favorite=0, was_fuzzed=0, exec_us=1320, hits=1, map=18, ascii=0, run_time=0:00:09:10)...[0m
[1;94m[*] [0mFuzzing test case #20 (55 total, 0 crashes saved, state: in progress, mode=explore, perf_score=229, weight=7, favorite=1, was_fuzzed=1, exec_us=1423, hits=231, map=17, ascii=0, run_time=0:00:09:11)...[0m
[1;94m[*] [0mFuzzing test case #50 (55 total, 0 crashes saved, state: in progress, mode=explore, perf_score=229, weight=7, favorite=1, was_fuzzed=1, exec_us=1357, hits=236, map=19, ascii=0, run_time=0:00:09:12)...[0m
[1;94m[*] [0mFuzzing test case #10 (55 total, 0 crashes saved, state: in progress, mode=explore, perf_score=114, weight=55, favorite=1, was_fuzzed=1, exec_us=1400, hits=510, map=14, ascii=0, run_time=0:00:09:12)...[0m
[1;94m[*] [0mFuzzing test case #10 (55 total, 0 crashes saved, state: in progress, mode=explore, perf_score=114, weight=55, favorite=1, was_fuzzed=1, exec_us=1400, hits=510, map=14, ascii=0, run_time=0:00:09:13)...[0m
[1;94m[*] [0mFuzzing test case #10 (55 total, 0 crashes saved, state: in progress, mode=explore, perf_score=114, weight=55, favorite=1, was_fuzzed=1, exec_us=1400, hits=524, map=14, ascii=0, run_time=0:00:09:13)...[0m
[1;94m[*] [0mFuzzing test case #21 (55 total, 0 crashes saved, state: in progress, mode=explore, perf_score=229, weight=7, favorite=1, was_fuzzed=1, exec_us=1562, hits=81, map=18, ascii=0, run_time=0:00:09:14)...[0m
[1;94m[*] [0mFuzzing test case #32 (55 total, 0 crashes saved, state: in progress, mode=explore, perf_score=229, weight=20, favorite=1, was_fuzzed=1, exec_us=1322, hits=424, map=17, ascii=0, run_time=0:00:09:14)...[0m
[1;94m[*] [0mFuzzing test case #20 (55 total, 0 crashes saved, state: in progress, mode=explore, perf_score=229, weight=7, favorite=1, was_fuzzed=1, exec_us=1423, hits=259, map=17, ascii=0, run_time=0:00:09:15)...[0m
[1;94m[*] [0mFuzzing test case #24 (55 total, 0 crashes saved, state: in progress, mode=explore, perf_score=200, weight=3, favorite=0, was_fuzzed=0, exec_us=1408, hits=86, map=18, ascii=0, run_time=0:00:09:23)...[0m
[1;94m[*] [0mFuzzing test case #20 (55 total, 0 crashes saved, state: in progress, mode=explore, perf_score=229, weight=7, favorite=1, was_fuzzed=1, exec_us=1423, hits=270, map=17, ascii=0, run_time=0:00:09:24)...[0m
[1;94m[*] [0mFuzzing test case #10 (55 total, 0 crashes saved, state: in progress, mode=explore, perf_score=114, weight=54, favorite=1, was_fuzzed=1, exec_us=1400, hits=549, map=14, ascii=0, run_time=0:00:09:24)...[0m
[1;94m[*] [0mFuzzing test case #50 (55 total, 0 crashes saved, state: in progress, mode=explore, perf_score=229, weight=7, favorite=1, was_fuzzed=1, exec_us=1357, hits=247, map=19, ascii=0, run_time=0:00:09:25)...[0m
[1;94m[*] [0mFuzzing test case #21 (55 total, 0 crashes saved, state: in progress, mode=explore, perf_score=229, weight=7, favorite=1, was_fuzzed=1, exec_us=1562, hits=113, map=18, ascii=0, run_time=0:00:09:26)...[0m
[1;94m[*] [0mFuzzing test case #10 (55 total, 0 crashes saved, state: in progress, mode=explore, perf_score=114, weight=54, favorite=1, was_fuzzed=1, exec_us=1400, hits=557, map=14, ascii=0, run_time=0:00:09:26)...[0m
[1;94m[*] [0mEntering queue cycle 3.[0m
[1;94m[*] [0mFuzzing test case #32 (55 total, 0 crashes saved, state: in progress, mode=explore, perf_score=229, weight=20, favorite=1, was_fuzzed=1, exec_us=1322, hits=460, map=17, ascii=0, run_time=0:00:09:36)...[0m
[1;94m[*] [0mFuzzing test case #10 (55 total, 0 crashes saved, state: in progress, mode=explore, perf_score=114, weight=54, favorite=1, was_fuzzed=1, exec_us=1400, hits=566, map=14, ascii=0, run_time=0:00:09:37)...[0m
[1;94m[*] [0mFuzzing test case #32 (55 total, 0 crashes saved, state: in progress, mode=explore, perf_score=229, weight=20, favorite=1, was_fuzzed=1, exec_us=1322, hits=499, map=17, ascii=0, run_time=0:00:09:38)...[0m
[1;94m[*] [0mFuzzing test case #10 (55 total, 0 crashes saved, state: in progress, mode=explore, perf_score=114, weight=54, favorite=1, was_fuzzed=1, exec_us=1400, hits=568, map=14, ascii=0, run_time=0:00:09:38)...[0m
[1;94m[*] [0mFuzzing test case #22 (55 total, 0 crashes saved, state: in progress, mode=explore, perf_score=229, weight=15, favorite=1, was_fuzzed=1, exec_us=1365, hits=406, map=18, ascii=0, run_time=0:00:09:39)...[0m
[1;94m[*] [0mFuzzing test case #21 (55 total, 0 crashes saved, state: in progress, mode=explore, perf_score=229, weight=7, favorite=1, was_fuzzed=1, exec_us=1562, hits=123, map=18, ascii=0, run_time=0:00:09:40)...[0m
[1;94m[*] [0mFuzzing test case #10 (55 total, 0 crashes saved, state: in progress, mode=explore, perf_score=114, weight=54, favorite=1, was_fuzzed=1, exec_us=1400, hits=579, map=14, ascii=0, run_time=0:00:09:40)...[0m
[1;94m[*] [0mFuzzing test case #10 (55 total, 0 crashes saved, state: in progress, mode=explore, perf_score=114, weight=54, favorite=1, was_fuzzed=1, exec_us=1400, hits=603, map=14, ascii=0, run_time=0:00:09:41)...[0m
[1;94m[*] [0mFuzzing test case #10 (55 total, 0 crashes saved, state: in progress, mode=explore, perf_score=114, weight=54, favorite=1, was_fuzzed=1, exec_us=1400, hits=618, map=14, ascii=0, run_time=0:00:09:41)...[0m
[1;94m[*] [0mFuzzing test case #32 (55 total, 0 crashes saved, state: in progress, mode=explore, perf_score=229, weight=20, favorite=1, was_fuzzed=1, exec_us=1322, hits=536, map=17, ascii=0, run_time=0:00:09:42)...[0m
[1;94m[*] [0mFuzzing test case #10 (55 total, 0 crashes saved, state: in progress, mode=explore, perf_score=114, weight=54, favorite=1, was_fuzzed=1, exec_us=1400, hits=631, map=14, ascii=0, run_time=0:00:09:42)...[0m
[1;94m[*] [0mFuzzing test case #20 (55 total, 0 crashes saved, state: in progress, mode=explore, perf_score=229, weight=7, favorite=1, was_fuzzed=1, exec_us=1423, hits=299, map=17, ascii=0, run_time=0:00:09:43)...[0m
[1;94m[*] [0mFuzzing test case #52 (55 total, 0 crashes saved, state: in progress, mode=explore, perf_score=229, weight=8, favorite=1, was_fuzzed=1, exec_us=1302, hits=252, map=19, ascii=0, run_time=0:00:09:44)...[0m
[1;94m[*] [0mFuzzing test case #32 (55 total, 0 crashes saved, state: in progress, mode=explore, perf_score=229, weight=20, favorite=1, was_fuzzed=1, exec_us=1322, hits=544, map=17, ascii=0, run_time=0:00:09:50)...[0m
[1;94m[*] [0mFuzzing test case #22 (55 total, 0 crashes saved, state: in progress, mode=explore, perf_score=229, weight=15, favorite=1, was_fuzzed=1, exec_us=1365, hits=422, map=18, ascii=0, run_time=0:00:09:51)...[0m
[1;94m[*] [0mFuzzing test case #10 (55 total, 0 crashes saved, state: in progress, mode=explore, perf_score=114, weight=54, favorite=1, was_fuzzed=1, exec_us=1400, hits=635, map=14, ascii=0, run_time=0:00:09:52)...[0m
[1;94m[*] [0mFuzzing test case #10 (55 total, 0 crashes saved, state: in progress, mode=explore, perf_score=114, weight=54, favorite=1, was_fuzzed=1, exec_us=1400, hits=653, map=14, ascii=0, run_time=0:00:09:52)...[0m
[1;94m[*] [0mFuzzing test case #20 (55 total, 0 crashes saved, state: in progress, mode=explore, perf_score=229, weight=7, favorite=1, was_fuzzed=1, exec_us=1423, hits=313, map=17, ascii=0, run_time=0:00:09:52)...[0m
[1;94m[*] [0mFuzzing test case #22 (55 total, 0 crashes saved, state: in progress, mode=explore, perf_score=229, weight=15, favorite=1, was_fuzzed=1, exec_us=1365, hits=437, map=18, ascii=0, run_time=0:00:09:53)...[0m
[1;94m[*] [0mFuzzing test case #10 (55 total, 0 crashes saved, state: in progress, mode=explore, perf_score=114, weight=54, favorite=1, was_fuzzed=1, exec_us=1400, hits=656, map=14, ascii=0, run_time=0:00:09:54)...[0m
[1;94m[*] [0mFuzzing test case #10 (55 total, 0 crashes saved, state: in progress, mode=explore, perf_score=114, weight=54, favorite=1, was_fuzzed=1, exec_us=1400, hits=662, map=14, ascii=0, run_time=0:00:10:02)...[0m
[1;94m[*] [0mFuzzing test case #10 (55 total, 0 crashes saved, state: in progress, mode=explore, perf_score=114, weight=54, favorite=1, was_fuzzed=1, exec_us=1400, hits=669, map=14, ascii=0, run_time=0:00:10:02)...[0m
[1;94m[*] [0mFuzzing test case #10 (56 total, 0 crashes saved, state: in progress, mode=explore, perf_score=114, weight=53, favorite=1, was_fuzzed=1, exec_us=1400, hits=693, map=14, ascii=0, run_time=0:00:10:03)...[0m
[1;94m[*] [0mFuzzing test case #52 (60 total, 0 crashes saved, state: in progress, mode=explore, perf_score=229, weight=8, favorite=1, was_fuzzed=1, exec_us=1302, hits=264, map=19, ascii=0, run_time=0:00:10:04)...[0m
[1;94m[*] [0mFuzzing test case #22 (62 total, 0 crashes saved, state: in progress, mode=explore, perf_score=229, weight=16, favorite=1, was_fuzzed=1, exec_us=1365, hits=474, map=18, ascii=0, run_time=0:00:10:05)...[0m
[1;94m[*] [0mFuzzing test case #12 (62 total, 0 crashes saved, state: in progress, mode=explore, perf_score=114, weight=6, favorite=1, was_fuzzed=1, exec_us=1562, hits=270, map=17, ascii=0, run_time=0:00:10:05)...[0m
[1;94m[*] [0mFuzzing test case #10 (62 total, 0 crashes saved, state: in progress, mode=explore, perf_score=114, weight=56, favorite=1, was_fuzzed=1, exec_us=1400, hits=704, map=14, ascii=0, run_time=0:00:10:06)...[0m
[1;94m[*] [0mFuzzing test case #27 (63 total, 0 crashes saved, state: in progress, mode=explore, perf_score=200, weight=1, favorite=0, was_fuzzed=0, exec_us=1365, hits=17, map=19, ascii=0, run_time=0:00:10:06)...[0m
[1;94m[*] [0mFuzzing test case #32 (65 total, 0 crashes saved, state: in progress, mode=explore, perf_score=229, weight=21, favorite=1, was_fuzzed=1, exec_us=1322, hits=575, map=17, ascii=0, run_time=0:00:10:07)...[0m
[1;94m[*] [0mFuzzing test case #21 (66 total, 0 crashes saved, state: in progress, mode=explore, perf_score=229, weight=7, favorite=1, was_fuzzed=1, exec_us=1562, hits=148, map=18, ascii=0, run_time=0:00:10:08)...[0m
[1;94m[*] [0mFuzzing test case #52 (66 total, 0 crashes saved, state: in progress, mode=explore, perf_score=229, weight=8, favorite=1, was_fuzzed=1, exec_us=1302, hits=290, map=19, ascii=0, run_time=0:00:10:09)...[0m
[?25h[1;91m

+++ Testing aborted programmatically +++
[0m[1;94m[*] [0mStatistics: 65 new corpus items found, 45.31% coverage achieved, 1 crashes saved, 0 timeouts saved, total runtime 0 days, 0 hrs, 10 min, 9 sec[0m
[1;92m[+] [0mWe're done here. Have a nice day!
[0m
