JOB timestamp: Mon Dec 18 15:28:18 MST 2023
JOB ID: 121657
Array Task ID: 15
Current directory: /lfs/koff9454.ui/projects/plc_runtime_fuzzer/code_analysis/src
r4i5n17
gcc (Spack GCC) 12.1.0
Copyright (C) 2022 Free Software Foundation, Inc.
This is free software; see the source for copying conditions.  There is NO
warranty; not even for MERCHANTABILITY or FITNESS FOR A PARTICULAR PURPOSE.

Python 3.11.5
/lfs/koff9454.ui/miniconda3/envs/plc/bin/python
matiec version 0.1
changeset id: 
Number of programs: 3
Programs: width_1 width_2 width_3
Fuzzing program: width_1, Job ID: 15
input dir exist, skipping
harness file exist, skipping
Running the fuzzers
Workdir: "/lfs/koff9454.ui/projects/plc_runtime_fuzzer/code_analysis/src/programs/width/width_1/runs/run-15"
Out dir at "fuzzer-outdir" already exists.
Let's fuzz :)
[Stats #0] run time: 0h-0m-0s, clients: 1, corpus: 0, objectives: 0, executions: 0, exec/sec: 0.000
[Testcase #0] run time: 0h-0m-0s, clients: 1, corpus: 1, objectives: 0, executions: 1, exec/sec: 0.000
We imported 1 inputs from disk.
[Objective #0] run time: 0h-0m-0s, clients: 1, corpus: 1, objectives: 1, executions: 1, exec/sec: 0.000
[Objective #0] run time: 0h-0m-0s, clients: 1, corpus: 1, objectives: 2, executions: 1, exec/sec: 0.000
Crash limit reached: 1
[1;92m[+] [0mEnabled environment variable AFL_BENCH_UNTIL_CRASH with value 1[0m
[1;92m[+] [0mEnabled environment variable AFL_IGNORE_SEED_PROBLEMS with value 1[0m
[1;92m[+] [0mEnabled environment variable AFL_I_DONT_CARE_ABOUT_MISSING_CRASHES with value 1[0m
[1;92m[+] [0mEnabled environment variable AFL_SKIP_CPUFREQ with value 1[0m
[1;92m[+] [0mEnabled environment variable AFL_TRY_AFFINITY with value 1[0m
[1;93m[!] [1;97mWARNING: [0mPotentially mistyped AFL environment variable: USE_PCM_DB=2, did you mean AFL_USE_PCM_DB=2?[0m
[0;36mafl-fuzz++4.09a[0m based on afl by Michal Zalewski and a large online community
[1;92m[+] [0mAFL++ is maintained by Marc "van Hauser" Heuse, Dominik Maier, Andrea Fioraldi and Heiko "hexcoder" Eißfeldt[0m
[1;92m[+] [0mAFL++ is open source, get it at https://github.com/AFLplusplus/AFLplusplus[0m
[1;92m[+] [0mNOTE: AFL++ >= v3 has changed defaults and behaviours - see README.md[0m
[1;92m[+] [0mNo -M/-S set, autoconfiguring for "-S default"[0m
[1;94m[*] [0mGetting to work...[0m
[1;92m[+] [0mUsing exponential power schedule (FAST)[0m
[1;92m[+] [0mEnabled testcache with 50 MB[0m
[1;92m[+] [0mGenerating fuzz data with a length of min=1 max=1048576[0m
[1;94m[*] [0mChecking core_pattern...[0m

[1;91m[-] [0mHmm, your system is configured to send core dump notifications to an
    external utility. This will cause issues: there will be an extended delay
    between stumbling upon a crash and having this information relayed to the
    fuzzer via the standard waitpid() API.
    If you're just testing, set 'AFL_I_DONT_CARE_ABOUT_MISSING_CRASHES=1'.

    To avoid having crashes misinterpreted as timeouts, please log in as root
    and temporarily modify /proc/sys/kernel/core_pattern, like so:

    echo core >/proc/sys/kernel/core_pattern
[1;92m[+] [0mLooks like we're not running on a tty, so I'll be a bit less verbose.[0m
[1;92m[+] [0mYou have 36 CPU cores and 5 runnable tasks (utilization: 14%).[0m
[1;92m[+] [0mTry parallel jobs - see /usr/local/share/doc/afl/fuzzing_in_depth.md#c-using-multiple-cores[0m
[1;94m[*] [0mSetting up output directories...[0m
[1;94m[*] [0mChecking CPU core loadout...[0m
[1;92m[+] [0mFound a free CPU core, try binding to #0.[0m
[1;94m[*] [0mScanning 'our-indir'...[0m
[1;92m[+] [0mLoaded a total of 1 seeds.[0m
[1;94m[*] [0mCreating hard links for all input files...[0m
[1;94m[*] [0mValidating target binary...[0m
[1;94m[*] [0mSpinning up the fork server...[0m
[1;92m[+] [0mAll right - fork server is up.[0m
[1;94m[*] [0mTarget map size: 59[0m
[1;94m[*] [0mNo auto-generated dictionary tokens to reuse.[0m
[1;94m[*] [0mLoading extra dictionary from 'our-inputs.dict' (level 0)...[0m
[1;94m[*] [0mLoaded 66 extra tokens, size range 3 B to 6 B.[0m
[1;92m[+] [0mLoaded a total of 6 extras.[0m
[1;94m[*] [0mAttempting dry run with 'id:000000,time:0,execs:0,orig:variables.txt'...[0m
[1;90m    len = 286, map size = 18, exec speed = 9263 us, hash = b7b14fc87d1c25d9
[0m[1;92m[+] [0mAll test cases processed.[0m
[1;92m[+] [0mHere are some useful stats:

[1;90m    Test case count : [0m1 favored, 0 variable, 0 ignored, 1 total
[1;90m       Bitmap range : [0m18 to 18 bits (average: 18.00 bits)
[1;90m        Exec timing : [0m9263 to 9263 us (average: 9263 us)
[0m
[1;94m[*] [0mNo -t option specified, so I'll use an exec timeout of 60 ms.[0m
[1;92m[+] [0mAll set and ready to roll![0m
[1;94m[*] [0mEntering queue cycle 1.[0m
[1;94m[*] [0mFuzzing test case #0 (1 total, 0 crashes saved, state: started :-), mode=explore, perf_score=0, weight=0, favorite=1, was_fuzzed=0, exec_us=9263, hits=0, map=18, ascii=0, run_time=0:00:00:00)...[0m
[1;92m[+] [0mEnabled environment variable AFL_BENCH_UNTIL_CRASH with value 1[0m
[1;92m[+] [0mEnabled environment variable AFL_IGNORE_SEED_PROBLEMS with value 1[0m
[1;92m[+] [0mEnabled environment variable AFL_I_DONT_CARE_ABOUT_MISSING_CRASHES with value 1[0m
[1;92m[+] [0mEnabled environment variable AFL_SKIP_CPUFREQ with value 1[0m
[1;92m[+] [0mEnabled environment variable AFL_TRY_AFFINITY with value 1[0m
[1;93m[!] [1;97mWARNING: [0mPotentially mistyped AFL environment variable: USE_PCM_DB=2, did you mean AFL_USE_PCM_DB=2?[0m
[0;36mafl-fuzz++4.09a[0m based on afl by Michal Zalewski and a large online community
[1;92m[+] [0mAFL++ is maintained by Marc "van Hauser" Heuse, Dominik Maier, Andrea Fioraldi and Heiko "hexcoder" Eißfeldt[0m
[1;92m[+] [0mAFL++ is open source, get it at https://github.com/AFLplusplus/AFLplusplus[0m
[1;92m[+] [0mNOTE: AFL++ >= v3 has changed defaults and behaviours - see README.md[0m
[1;92m[+] [0mNo -M/-S set, autoconfiguring for "-S default"[0m
[1;94m[*] [0mGetting to work...[0m
[1;92m[+] [0mUsing exponential power schedule (FAST)[0m
[1;92m[+] [0mEnabled testcache with 50 MB[0m
[1;92m[+] [0mGenerating fuzz data with a length of min=1 max=1048576[0m
[1;94m[*] [0mChecking core_pattern...[0m

[1;91m[-] [0mHmm, your system is configured to send core dump notifications to an
    external utility. This will cause issues: there will be an extended delay
    between stumbling upon a crash and having this information relayed to the
    fuzzer via the standard waitpid() API.
    If you're just testing, set 'AFL_I_DONT_CARE_ABOUT_MISSING_CRASHES=1'.

    To avoid having crashes misinterpreted as timeouts, please log in as root
    and temporarily modify /proc/sys/kernel/core_pattern, like so:

    echo core >/proc/sys/kernel/core_pattern
[1;92m[+] [0mLooks like we're not running on a tty, so I'll be a bit less verbose.[0m
[1;92m[+] [0mYou have 36 CPU cores and 10 runnable tasks (utilization: 28%).[0m
[1;92m[+] [0mTry parallel jobs - see /usr/local/share/doc/afl/fuzzing_in_depth.md#c-using-multiple-cores[0m
[1;94m[*] [0mSetting up output directories...[0m
[1;94m[*] [0mChecking CPU core loadout...[0m
[1;92m[+] [0mFound a free CPU core, try binding to #8.[0m
[1;94m[*] [0mScanning 'afl-indir'...[0m
[1;92m[+] [0mLoaded a total of 1 seeds.[0m
[1;94m[*] [0mCreating hard links for all input files...[0m
[1;94m[*] [0mValidating target binary...[0m
[1;94m[*] [0mSpinning up the fork server...[0m
[1;92m[+] [0mAll right - fork server is up.[0m
[1;94m[*] [0mTarget map size: 59[0m
[1;94m[*] [0mNo auto-generated dictionary tokens to reuse.[0m
[1;94m[*] [0mLoading extra dictionary from 'afl-inputs.dict' (level 0)...[0m
[1;94m[*] [0mLoaded 66 extra tokens, size range 3 B to 6 B.[0m
[1;92m[+] [0mLoaded a total of 6 extras.[0m
[1;94m[*] [0mAttempting dry run with 'id:000000,time:0,execs:0,orig:testcase.txt'...[0m
[1;90m    len = 3, map size = 15, exec speed = 2192 us, hash = 05442b913dd269b8
[0m[1;92m[+] [0mAll test cases processed.[0m
[1;92m[+] [0mHere are some useful stats:

[1;90m    Test case count : [0m1 favored, 0 variable, 0 ignored, 1 total
[1;90m       Bitmap range : [0m15 to 15 bits (average: 15.00 bits)
[1;90m        Exec timing : [0m2192 to 2192 us (average: 2192 us)
[0m
[1;94m[*] [0mNo -t option specified, so I'll use an exec timeout of 20 ms.[0m
[1;92m[+] [0mAll set and ready to roll![0m
[1;94m[*] [0mEntering queue cycle 1.[0m
[1;94m[*] [0mFuzzing test case #0 (1 total, 0 crashes saved, state: started :-), mode=explore, perf_score=0, weight=0, favorite=1, was_fuzzed=0, exec_us=2192, hits=0, map=15, ascii=0, run_time=0:00:00:00)...[0m
[1;94m[*] [0mFuzzing test case #0 (1 total, 0 crashes saved, state: started :-), mode=explore, perf_score=459, weight=10, favorite=1, was_fuzzed=1, exec_us=2192, hits=0, map=15, ascii=0, run_time=0:00:00:00)...[0m
[1;94m[*] [0mFuzzing test case #10 (12 total, 0 crashes saved, state: started :-), mode=explore, perf_score=0, weight=0, favorite=1, was_fuzzed=0, exec_us=1205, hits=2, map=15, ascii=0, run_time=0:00:01:34)...[0m
[1;94m[*] [0mFuzzing test case #9 (12 total, 0 crashes saved, state: started :-), mode=explore, perf_score=200, weight=54, favorite=1, was_fuzzed=0, exec_us=1199, hits=2, map=17, ascii=0, run_time=0:00:01:34)...[0m
[1;94m[*] [0mFuzzing test case #11 (12 total, 0 crashes saved, state: started :-), mode=explore, perf_score=150, weight=27, favorite=1, was_fuzzed=0, exec_us=1237, hits=6, map=17, ascii=0, run_time=0:00:01:35)...[0m
[1;94m[*] [0mFuzzing test case #17 (26 total, 0 crashes saved, state: started :-), mode=explore, perf_score=0, weight=0, favorite=1, was_fuzzed=0, exec_us=1235, hits=2, map=18, ascii=0, run_time=0:00:02:33)...[0m
[1;94m[*] [0mFuzzing test case #22 (26 total, 0 crashes saved, state: started :-), mode=explore, perf_score=100, weight=50, favorite=1, was_fuzzed=0, exec_us=1187, hits=5, map=20, ascii=0, run_time=0:00:02:33)...[0m
[1;94m[*] [0mFuzzing test case #19 (29 total, 0 crashes saved, state: started :-), mode=explore, perf_score=100, weight=40, favorite=1, was_fuzzed=0, exec_us=1179, hits=1, map=17, ascii=0, run_time=0:00:02:34)...[0m
[1;94m[*] [0mFuzzing test case #27 (31 total, 0 crashes saved, state: started :-), mode=explore, perf_score=0, weight=0, favorite=1, was_fuzzed=0, exec_us=1236, hits=1, map=19, ascii=0, run_time=0:00:02:34)...[0m
[1;94m[*] [0mFuzzing test case #21 (31 total, 0 crashes saved, state: started :-), mode=explore, perf_score=100, weight=32, favorite=1, was_fuzzed=0, exec_us=1211, hits=2, map=20, ascii=0, run_time=0:00:02:34)...[0m
[1;94m[*] [0mFuzzing test case #19 (34 total, 0 crashes saved, state: started :-), mode=explore, perf_score=114, weight=8, favorite=1, was_fuzzed=1, exec_us=1179, hits=52, map=17, ascii=0, run_time=0:00:02:35)...[0m
[1;94m[*] [0mFuzzing test case #19 (34 total, 0 crashes saved, state: started :-), mode=explore, perf_score=114, weight=8, favorite=1, was_fuzzed=1, exec_us=1179, hits=64, map=17, ascii=0, run_time=0:00:02:36)...[0m
[1;94m[*] [0mFuzzing test case #10 (34 total, 0 crashes saved, state: started :-), mode=explore, perf_score=345, weight=9, favorite=1, was_fuzzed=1, exec_us=1205, hits=15, map=15, ascii=0, run_time=0:00:02:36)...[0m
[1;94m[*] [0mFuzzing test case #9 (36 total, 0 crashes saved, state: started :-), mode=explore, perf_score=229, weight=14, favorite=1, was_fuzzed=1, exec_us=1199, hits=21, map=17, ascii=0, run_time=0:00:02:58)...[0m
[1;94m[*] [0mFuzzing test case #0 (37 total, 0 crashes saved, state: started :-), mode=explore, perf_score=459, weight=100, favorite=1, was_fuzzed=1, exec_us=2192, hits=0, map=15, ascii=0, run_time=0:00:02:59)...[0m
[1;94m[*] [0mFuzzing test case #0 (37 total, 0 crashes saved, state: started :-), mode=explore, perf_score=459, weight=100, favorite=1, was_fuzzed=1, exec_us=2192, hits=0, map=15, ascii=0, run_time=0:00:02:59)...[0m
[1;94m[*] [0mFuzzing test case #0 (37 total, 0 crashes saved, state: started :-), mode=explore, perf_score=459, weight=100, favorite=1, was_fuzzed=1, exec_us=2192, hits=0, map=15, ascii=0, run_time=0:00:03:00)...[0m
[1;94m[*] [0mFuzzing test case #0 (37 total, 0 crashes saved, state: started :-), mode=explore, perf_score=459, weight=100, favorite=1, was_fuzzed=1, exec_us=2192, hits=0, map=15, ascii=0, run_time=0:00:03:01)...[0m
[1;94m[*] [0mFuzzing test case #0 (37 total, 0 crashes saved, state: started :-), mode=explore, perf_score=459, weight=100, favorite=1, was_fuzzed=1, exec_us=2192, hits=0, map=15, ascii=0, run_time=0:00:03:01)...[0m
[1;94m[*] [0mFuzzing test case #27 (37 total, 0 crashes saved, state: started :-), mode=explore, perf_score=919, weight=46, favorite=1, was_fuzzed=1, exec_us=1236, hits=3, map=19, ascii=0, run_time=0:00:03:02)...[0m
[1;94m[*] [0mFuzzing test case #0 (38 total, 0 crashes saved, state: started :-), mode=explore, perf_score=459, weight=102, favorite=1, was_fuzzed=1, exec_us=2192, hits=0, map=15, ascii=0, run_time=0:00:03:25)...[0m
[1;94m[*] [0mFuzzing test case #22 (38 total, 0 crashes saved, state: started :-), mode=explore, perf_score=229, weight=9, favorite=1, was_fuzzed=1, exec_us=1187, hits=25, map=20, ascii=0, run_time=0:00:03:25)...[0m
[1;94m[*] [0mFuzzing test case #0 (39 total, 0 crashes saved, state: started :-), mode=explore, perf_score=459, weight=103, favorite=1, was_fuzzed=1, exec_us=2192, hits=0, map=15, ascii=0, run_time=0:00:03:26)...[0m
[1;94m[*] [0mFuzzing test case #0 (39 total, 0 crashes saved, state: started :-), mode=explore, perf_score=459, weight=103, favorite=1, was_fuzzed=1, exec_us=2192, hits=0, map=15, ascii=0, run_time=0:00:03:27)...[0m
[1;94m[*] [0mFuzzing test case #9 (39 total, 0 crashes saved, state: started :-), mode=explore, perf_score=114, weight=12, favorite=1, was_fuzzed=1, exec_us=1199, hits=50, map=17, ascii=0, run_time=0:00:03:27)...[0m
[1;94m[*] [0mFuzzing test case #0 (39 total, 0 crashes saved, state: started :-), mode=explore, perf_score=459, weight=103, favorite=1, was_fuzzed=1, exec_us=2192, hits=0, map=15, ascii=0, run_time=0:00:03:28)...[0m
[1;94m[*] [0mFuzzing test case #10 (39 total, 0 crashes saved, state: started :-), mode=explore, perf_score=229, weight=8, favorite=1, was_fuzzed=1, exec_us=1205, hits=29, map=15, ascii=0, run_time=0:00:03:28)...[0m
[1;94m[*] [0mFuzzing test case #39 (40 total, 0 crashes saved, state: started :-), mode=explore, perf_score=0, weight=0, favorite=1, was_fuzzed=0, exec_us=1170, hits=1, map=21, ascii=0, run_time=0:00:03:51)...[0m
[1;94m[*] [0mFuzzing test case #0 (40 total, 0 crashes saved, state: started :-), mode=explore, perf_score=459, weight=101, favorite=1, was_fuzzed=1, exec_us=2192, hits=0, map=15, ascii=0, run_time=0:00:03:51)...[0m
[1;94m[*] [0mFuzzing test case #39 (40 total, 0 crashes saved, state: started :-), mode=explore, perf_score=459, weight=23, favorite=1, was_fuzzed=1, exec_us=1170, hits=1, map=21, ascii=0, run_time=0:00:03:51)...[0m
[1;94m[*] [0mFuzzing test case #42 (44 total, 0 crashes saved, state: started :-), mode=explore, perf_score=0, weight=0, favorite=1, was_fuzzed=0, exec_us=1188, hits=1, map=19, ascii=0, run_time=0:00:04:20)...[0m
[1;94m[*] [0mFuzzing test case #22 (44 total, 0 crashes saved, state: started :-), mode=explore, perf_score=114, weight=8, favorite=1, was_fuzzed=1, exec_us=1187, hits=80, map=20, ascii=0, run_time=0:00:04:20)...[0m
[1;94m[*] [0mFuzzing test case #21 (44 total, 0 crashes saved, state: started :-), mode=explore, perf_score=229, weight=10, favorite=1, was_fuzzed=1, exec_us=1211, hits=18, map=20, ascii=0, run_time=0:00:04:20)...[0m
[1;94m[*] [0mFuzzing test case #39 (45 total, 0 crashes saved, state: started :-), mode=explore, perf_score=114, weight=6, favorite=1, was_fuzzed=1, exec_us=1170, hits=377, map=21, ascii=0, run_time=0:00:04:21)...[0m
[1;94m[*] [0mFuzzing test case #0 (45 total, 0 crashes saved, state: started :-), mode=explore, perf_score=459, weight=104, favorite=1, was_fuzzed=1, exec_us=2192, hits=0, map=15, ascii=0, run_time=0:00:04:22)...[0m
[1;94m[*] [0mFuzzing test case #9 (45 total, 0 crashes saved, state: started :-), mode=explore, perf_score=114, weight=12, favorite=1, was_fuzzed=1, exec_us=1199, hits=55, map=17, ascii=0, run_time=0:00:04:22)...[0m
[1;94m[*] [0mFuzzing test case #0 (45 total, 0 crashes saved, state: started :-), mode=explore, perf_score=459, weight=104, favorite=1, was_fuzzed=1, exec_us=2192, hits=0, map=15, ascii=0, run_time=0:00:04:23)...[0m
[1;94m[*] [0mFuzzing test case #0 (45 total, 0 crashes saved, state: started :-), mode=explore, perf_score=459, weight=104, favorite=1, was_fuzzed=1, exec_us=2192, hits=0, map=15, ascii=0, run_time=0:00:04:23)...[0m
[1;94m[*] [0mFuzzing test case #0 (45 total, 0 crashes saved, state: started :-), mode=explore, perf_score=459, weight=104, favorite=1, was_fuzzed=1, exec_us=2192, hits=0, map=15, ascii=0, run_time=0:00:04:24)...[0m
[1;94m[*] [0mFuzzing test case #45 (46 total, 0 crashes saved, state: started :-), mode=explore, perf_score=0, weight=0, favorite=1, was_fuzzed=0, exec_us=1203, hits=1, map=19, ascii=0, run_time=0:00:04:25)...[0m
[1;94m[*] [0mFuzzing test case #0 (46 total, 0 crashes saved, state: started :-), mode=explore, perf_score=459, weight=101, favorite=1, was_fuzzed=1, exec_us=2192, hits=0, map=15, ascii=0, run_time=0:00:04:25)...[0m
[1;94m[*] [0mFuzzing test case #42 (46 total, 0 crashes saved, state: started :-), mode=explore, perf_score=919, weight=21, favorite=1, was_fuzzed=1, exec_us=1188, hits=1, map=19, ascii=0, run_time=0:00:04:26)...[0m
[1;94m[*] [0mFuzzing test case #42 (46 total, 0 crashes saved, state: started :-), mode=explore, perf_score=919, weight=21, favorite=1, was_fuzzed=1, exec_us=1188, hits=183, map=19, ascii=0, run_time=0:00:04:48)...[0m
[1;94m[*] [0mFuzzing test case #0 (47 total, 0 crashes saved, state: started :-), mode=explore, perf_score=459, weight=103, favorite=1, was_fuzzed=1, exec_us=2192, hits=0, map=15, ascii=0, run_time=0:00:04:52)...[0m
[1;94m[*] [0mFuzzing test case #21 (47 total, 0 crashes saved, state: started :-), mode=explore, perf_score=114, weight=8, favorite=1, was_fuzzed=1, exec_us=1211, hits=38, map=20, ascii=0, run_time=0:00:04:52)...[0m
[1;94m[*] [0mFuzzing test case #0 (47 total, 0 crashes saved, state: started :-), mode=explore, perf_score=459, weight=103, favorite=1, was_fuzzed=1, exec_us=2192, hits=0, map=15, ascii=0, run_time=0:00:04:53)...[0m
[1;94m[*] [0mFuzzing test case #9 (47 total, 0 crashes saved, state: in progress, mode=explore, perf_score=114, weight=12, favorite=1, was_fuzzed=1, exec_us=1199, hits=61, map=17, ascii=0, run_time=0:00:05:20)...[0m
[1;94m[*] [0mFuzzing test case #0 (47 total, 0 crashes saved, state: in progress, mode=explore, perf_score=459, weight=103, favorite=1, was_fuzzed=1, exec_us=2192, hits=0, map=15, ascii=0, run_time=0:00:05:20)...[0m
[1;94m[*] [0mFuzzing test case #9 (47 total, 0 crashes saved, state: in progress, mode=explore, perf_score=114, weight=12, favorite=1, was_fuzzed=1, exec_us=1199, hits=61, map=17, ascii=0, run_time=0:00:05:21)...[0m
[1;94m[*] [0mFuzzing test case #9 (47 total, 0 crashes saved, state: in progress, mode=explore, perf_score=114, weight=12, favorite=1, was_fuzzed=1, exec_us=1199, hits=68, map=17, ascii=0, run_time=0:00:05:21)...[0m
[1;94m[*] [0mFuzzing test case #21 (47 total, 0 crashes saved, state: in progress, mode=explore, perf_score=114, weight=8, favorite=1, was_fuzzed=1, exec_us=1211, hits=55, map=20, ascii=0, run_time=0:00:05:22)...[0m
[1;94m[*] [0mFuzzing test case #0 (48 total, 0 crashes saved, state: in progress, mode=explore, perf_score=459, weight=104, favorite=1, was_fuzzed=1, exec_us=2192, hits=0, map=15, ascii=0, run_time=0:00:05:22)...[0m
[1;94m[*] [0mFuzzing test case #0 (48 total, 0 crashes saved, state: in progress, mode=explore, perf_score=459, weight=104, favorite=1, was_fuzzed=1, exec_us=2192, hits=0, map=15, ascii=0, run_time=0:00:05:23)...[0m
[1;94m[*] [0mFuzzing test case #0 (48 total, 0 crashes saved, state: in progress, mode=explore, perf_score=459, weight=104, favorite=1, was_fuzzed=1, exec_us=2192, hits=0, map=15, ascii=0, run_time=0:00:05:23)...[0m
[1;94m[*] [0mFuzzing test case #19 (48 total, 0 crashes saved, state: in progress, mode=explore, perf_score=114, weight=7, favorite=1, was_fuzzed=1, exec_us=1179, hits=90, map=17, ascii=0, run_time=0:00:05:24)...[0m
[1;94m[*] [0mFuzzing test case #45 (48 total, 0 crashes saved, state: in progress, mode=explore, perf_score=345, weight=21, favorite=1, was_fuzzed=1, exec_us=1203, hits=4, map=19, ascii=0, run_time=0:00:05:24)...[0m
[1;94m[*] [0mFuzzing test case #27 (49 total, 0 crashes saved, state: in progress, mode=explore, perf_score=229, weight=16, favorite=1, was_fuzzed=1, exec_us=1236, hits=88, map=19, ascii=0, run_time=0:00:05:26)...[0m
[1;94m[*] [0mEntering queue cycle 2.[0m
[1;94m[*] [0mFuzzing test case #0 (49 total, 0 crashes saved, state: in progress, mode=explore, perf_score=459, weight=105, favorite=1, was_fuzzed=1, exec_us=2192, hits=0, map=15, ascii=0, run_time=0:00:05:27)...[0m
[1;94m[*] [0mFuzzing test case #0 (49 total, 0 crashes saved, state: in progress, mode=explore, perf_score=459, weight=105, favorite=1, was_fuzzed=1, exec_us=2192, hits=0, map=15, ascii=0, run_time=0:00:05:51)...[0m
[1;94m[*] [0mFuzzing test case #0 (49 total, 0 crashes saved, state: in progress, mode=explore, perf_score=459, weight=105, favorite=1, was_fuzzed=1, exec_us=2192, hits=0, map=15, ascii=0, run_time=0:00:05:52)...[0m
[1;94m[*] [0mFuzzing test case #22 (49 total, 0 crashes saved, state: in progress, mode=explore, perf_score=114, weight=7, favorite=1, was_fuzzed=1, exec_us=1187, hits=91, map=20, ascii=0, run_time=0:00:05:52)...[0m
[1;94m[*] [0mFuzzing test case #22 (49 total, 0 crashes saved, state: in progress, mode=explore, perf_score=114, weight=7, favorite=1, was_fuzzed=1, exec_us=1187, hits=126, map=20, ascii=0, run_time=0:00:05:53)...[0m
[1;94m[*] [0mFuzzing test case #0 (49 total, 0 crashes saved, state: in progress, mode=explore, perf_score=459, weight=105, favorite=1, was_fuzzed=1, exec_us=2192, hits=0, map=15, ascii=0, run_time=0:00:05:53)...[0m
[1;94m[*] [0mFuzzing test case #0 (49 total, 0 crashes saved, state: in progress, mode=explore, perf_score=459, weight=105, favorite=1, was_fuzzed=1, exec_us=2192, hits=0, map=15, ascii=0, run_time=0:00:05:54)...[0m
[1;94m[*] [0mFuzzing test case #21 (49 total, 0 crashes saved, state: in progress, mode=explore, perf_score=114, weight=8, favorite=1, was_fuzzed=1, exec_us=1211, hits=67, map=20, ascii=0, run_time=0:00:05:54)...[0m
[1;94m[*] [0mFuzzing test case #0 (49 total, 0 crashes saved, state: in progress, mode=explore, perf_score=459, weight=105, favorite=1, was_fuzzed=1, exec_us=2192, hits=0, map=15, ascii=0, run_time=0:00:05:55)...[0m
[1;94m[*] [0mFuzzing test case #27 (49 total, 0 crashes saved, state: in progress, mode=explore, perf_score=229, weight=16, favorite=1, was_fuzzed=1, exec_us=1236, hits=145, map=19, ascii=0, run_time=0:00:05:56)...[0m
[1;94m[*] [0mFuzzing test case #49 (50 total, 0 crashes saved, state: in progress, mode=explore, perf_score=0, weight=0, favorite=1, was_fuzzed=0, exec_us=1222, hits=1, map=19, ascii=0, run_time=0:00:05:57)...[0m
[1;94m[*] [0mFuzzing test case #49 (50 total, 0 crashes saved, state: in progress, mode=explore, perf_score=1839, weight=46, favorite=1, was_fuzzed=1, exec_us=1222, hits=1, map=19, ascii=0, run_time=0:00:05:57)...[0m
[1;94m[*] [0mFuzzing test case #42 (54 total, 0 crashes saved, state: in progress, mode=explore, perf_score=229, weight=6, favorite=1, was_fuzzed=1, exec_us=1188, hits=249, map=19, ascii=0, run_time=0:00:07:04)...[0m
[1;94m[*] [0mFuzzing test case #49 (55 total, 0 crashes saved, state: in progress, mode=explore, perf_score=229, weight=14, favorite=1, was_fuzzed=1, exec_us=1222, hits=302, map=19, ascii=0, run_time=0:00:07:05)...[0m
[1;94m[*] [0mFuzzing test case #19 (55 total, 0 crashes saved, state: in progress, mode=explore, perf_score=114, weight=7, favorite=1, was_fuzzed=1, exec_us=1179, hits=124, map=17, ascii=0, run_time=0:00:07:06)...[0m
[1;94m[*] [0mFuzzing test case #0 (55 total, 0 crashes saved, state: in progress, mode=explore, perf_score=459, weight=109, favorite=1, was_fuzzed=1, exec_us=2192, hits=0, map=15, ascii=0, run_time=0:00:07:06)...[0m
[1;94m[*] [0mFuzzing test case #49 (55 total, 0 crashes saved, state: in progress, mode=explore, perf_score=229, weight=14, favorite=1, was_fuzzed=1, exec_us=1222, hits=348, map=19, ascii=0, run_time=0:00:07:26)...[0m
[1;94m[*] [0mFuzzing test case #45 (55 total, 0 crashes saved, state: in progress, mode=explore, perf_score=114, weight=12, favorite=1, was_fuzzed=1, exec_us=1203, hits=78, map=19, ascii=0, run_time=0:00:07:27)...[0m
[1;94m[*] [0mFuzzing test case #0 (55 total, 0 crashes saved, state: in progress, mode=explore, perf_score=459, weight=109, favorite=1, was_fuzzed=1, exec_us=2192, hits=0, map=15, ascii=0, run_time=0:00:07:27)...[0m
[1;94m[*] [0mFuzzing test case #0 (55 total, 0 crashes saved, state: in progress, mode=explore, perf_score=459, weight=109, favorite=1, was_fuzzed=1, exec_us=2192, hits=0, map=15, ascii=0, run_time=0:00:07:27)...[0m
[1;94m[*] [0mFuzzing test case #0 (55 total, 0 crashes saved, state: in progress, mode=explore, perf_score=459, weight=109, favorite=1, was_fuzzed=1, exec_us=2192, hits=0, map=15, ascii=0, run_time=0:00:07:28)...[0m
[1;94m[*] [0mFuzzing test case #0 (55 total, 0 crashes saved, state: in progress, mode=explore, perf_score=459, weight=109, favorite=1, was_fuzzed=1, exec_us=2192, hits=0, map=15, ascii=0, run_time=0:00:07:29)...[0m
[1;94m[*] [0mFuzzing test case #0 (55 total, 0 crashes saved, state: in progress, mode=explore, perf_score=459, weight=109, favorite=1, was_fuzzed=1, exec_us=2192, hits=0, map=15, ascii=0, run_time=0:00:07:29)...[0m
[1;94m[*] [0mFuzzing test case #9 (55 total, 0 crashes saved, state: in progress, mode=explore, perf_score=114, weight=12, favorite=1, was_fuzzed=1, exec_us=1199, hits=82, map=17, ascii=0, run_time=0:00:07:30)...[0m
[1;94m[*] [0mFuzzing test case #22 (55 total, 0 crashes saved, state: in progress, mode=explore, perf_score=114, weight=7, favorite=1, was_fuzzed=1, exec_us=1187, hits=156, map=20, ascii=0, run_time=0:00:07:30)...[0m
[1;94m[*] [0mFuzzing test case #0 (55 total, 0 crashes saved, state: in progress, mode=explore, perf_score=459, weight=109, favorite=1, was_fuzzed=1, exec_us=2192, hits=0, map=15, ascii=0, run_time=0:00:07:31)...[0m
[1;94m[*] [0mFuzzing test case #0 (55 total, 0 crashes saved, state: in progress, mode=explore, perf_score=459, weight=109, favorite=1, was_fuzzed=1, exec_us=2192, hits=0, map=15, ascii=0, run_time=0:00:07:31)...[0m
[1;94m[*] [0mFuzzing test case #46 (55 total, 0 crashes saved, state: in progress, mode=explore, perf_score=200, weight=3, favorite=0, was_fuzzed=0, exec_us=1165, hits=3, map=21, ascii=0, run_time=0:00:07:32)...[0m
[1;94m[*] [0mFuzzing test case #55 (56 total, 0 crashes saved, state: in progress, mode=explore, perf_score=0, weight=0, favorite=1, was_fuzzed=0, exec_us=1278, hits=1, map=17, ascii=0, run_time=0:00:07:52)...[0m
[1;94m[*] [0mFuzzing test case #0 (56 total, 0 crashes saved, state: in progress, mode=explore, perf_score=459, weight=111, favorite=1, was_fuzzed=1, exec_us=2192, hits=0, map=15, ascii=0, run_time=0:00:07:52)...[0m
[1;94m[*] [0mFuzzing test case #10 (56 total, 0 crashes saved, state: in progress, mode=explore, perf_score=114, weight=6, favorite=1, was_fuzzed=1, exec_us=1205, hits=124, map=15, ascii=0, run_time=0:00:07:52)...[0m
[1;94m[*] [0mFuzzing test case #0 (56 total, 0 crashes saved, state: in progress, mode=explore, perf_score=459, weight=111, favorite=1, was_fuzzed=1, exec_us=2192, hits=0, map=15, ascii=0, run_time=0:00:07:53)...[0m
[1;94m[*] [0mFuzzing test case #36 (56 total, 0 crashes saved, state: in progress, mode=explore, perf_score=100, weight=1, favorite=0, was_fuzzed=0, exec_us=1230, hits=16, map=18, ascii=0, run_time=0:00:07:53)...[0m
[1;94m[*] [0mFuzzing test case #0 (56 total, 0 crashes saved, state: in progress, mode=explore, perf_score=459, weight=111, favorite=1, was_fuzzed=1, exec_us=2192, hits=0, map=15, ascii=0, run_time=0:00:07:53)...[0m
[1;94m[*] [0mFuzzing test case #0 (56 total, 0 crashes saved, state: in progress, mode=explore, perf_score=459, weight=111, favorite=1, was_fuzzed=1, exec_us=2192, hits=0, map=15, ascii=0, run_time=0:00:07:54)...[0m
[1;94m[*] [0mFuzzing test case #0 (56 total, 0 crashes saved, state: in progress, mode=explore, perf_score=459, weight=111, favorite=1, was_fuzzed=1, exec_us=2192, hits=0, map=15, ascii=0, run_time=0:00:07:55)...[0m
[1;94m[*] [0mFuzzing test case #19 (56 total, 0 crashes saved, state: in progress, mode=explore, perf_score=114, weight=7, favorite=1, was_fuzzed=1, exec_us=1179, hits=140, map=17, ascii=0, run_time=0:00:07:55)...[0m
[1;94m[*] [0mFuzzing test case #0 (57 total, 0 crashes saved, state: in progress, mode=explore, perf_score=459, weight=112, favorite=1, was_fuzzed=1, exec_us=2192, hits=0, map=15, ascii=0, run_time=0:00:07:56)...[0m
[1;94m[*] [0mFuzzing test case #0 (57 total, 0 crashes saved, state: in progress, mode=explore, perf_score=459, weight=112, favorite=1, was_fuzzed=1, exec_us=2192, hits=0, map=15, ascii=0, run_time=0:00:08:08)...[0m
[1;94m[*] [0mFuzzing test case #55 (57 total, 0 crashes saved, state: in progress, mode=explore, perf_score=919, weight=20, favorite=1, was_fuzzed=1, exec_us=1278, hits=1, map=17, ascii=0, run_time=0:00:08:09)...[0m
[1;94m[*] [0mFuzzing test case #0 (57 total, 0 crashes saved, state: in progress, mode=explore, perf_score=459, weight=112, favorite=1, was_fuzzed=1, exec_us=2192, hits=0, map=15, ascii=0, run_time=0:00:08:12)...[0m
[1;94m[*] [0mFuzzing test case #0 (57 total, 0 crashes saved, state: in progress, mode=explore, perf_score=459, weight=112, favorite=1, was_fuzzed=1, exec_us=2192, hits=0, map=15, ascii=0, run_time=0:00:08:25)...[0m
[1;94m[*] [0mFuzzing test case #0 (57 total, 0 crashes saved, state: in progress, mode=explore, perf_score=459, weight=112, favorite=1, was_fuzzed=1, exec_us=2192, hits=0, map=15, ascii=0, run_time=0:00:08:26)...[0m
[1;94m[*] [0mFuzzing test case #0 (57 total, 0 crashes saved, state: in progress, mode=explore, perf_score=459, weight=112, favorite=1, was_fuzzed=1, exec_us=2192, hits=0, map=15, ascii=0, run_time=0:00:08:26)...[0m
[1;94m[*] [0mFuzzing test case #0 (57 total, 0 crashes saved, state: in progress, mode=explore, perf_score=459, weight=112, favorite=1, was_fuzzed=1, exec_us=2192, hits=0, map=15, ascii=0, run_time=0:00:08:27)...[0m
[1;94m[*] [0mFuzzing test case #21 (57 total, 0 crashes saved, state: in progress, mode=explore, perf_score=114, weight=7, favorite=1, was_fuzzed=1, exec_us=1211, hits=92, map=20, ascii=0, run_time=0:00:08:27)...[0m
[1;94m[*] [0mFuzzing test case #53 (57 total, 0 crashes saved, state: in progress, mode=explore, perf_score=200, weight=1, favorite=0, was_fuzzed=0, exec_us=1222, hits=17, map=18, ascii=0, run_time=0:00:08:28)...[0m
[1;94m[*] [0mFuzzing test case #49 (57 total, 0 crashes saved, state: in progress, mode=explore, perf_score=229, weight=14, favorite=1, was_fuzzed=1, exec_us=1222, hits=374, map=19, ascii=0, run_time=0:00:08:29)...[0m
[1;94m[*] [0mFuzzing test case #9 (57 total, 0 crashes saved, state: in progress, mode=explore, perf_score=114, weight=12, favorite=1, was_fuzzed=1, exec_us=1199, hits=100, map=17, ascii=0, run_time=0:00:08:29)...[0m
[1;94m[*] [0mFuzzing test case #17 (57 total, 0 crashes saved, state: in progress, mode=explore, perf_score=114, weight=6, favorite=1, was_fuzzed=1, exec_us=1235, hits=168, map=18, ascii=0, run_time=0:00:08:30)...[0m
[1;94m[*] [0mFuzzing test case #0 (57 total, 0 crashes saved, state: in progress, mode=explore, perf_score=459, weight=112, favorite=1, was_fuzzed=1, exec_us=2192, hits=0, map=15, ascii=0, run_time=0:00:08:30)...[0m
[1;94m[*] [0mFuzzing test case #17 (57 total, 0 crashes saved, state: in progress, mode=explore, perf_score=114, weight=6, favorite=1, was_fuzzed=1, exec_us=1235, hits=177, map=18, ascii=0, run_time=0:00:08:31)...[0m
[1;94m[*] [0mFuzzing test case #46 (57 total, 0 crashes saved, state: in progress, mode=explore, perf_score=200, weight=0, favorite=0, was_fuzzed=1, exec_us=1165, hits=50, map=21, ascii=0, run_time=0:00:08:31)...[0m
[1;94m[*] [0mFuzzing test case #45 (57 total, 0 crashes saved, state: in progress, mode=explore, perf_score=114, weight=12, favorite=1, was_fuzzed=1, exec_us=1203, hits=85, map=19, ascii=0, run_time=0:00:08:32)...[0m
[1;94m[*] [0mFuzzing test case #0 (58 total, 0 crashes saved, state: in progress, mode=explore, perf_score=459, weight=113, favorite=1, was_fuzzed=1, exec_us=2192, hits=0, map=15, ascii=0, run_time=0:00:08:46)...[0m
[1;94m[*] [0mFuzzing test case #0 (58 total, 0 crashes saved, state: in progress, mode=explore, perf_score=459, weight=113, favorite=1, was_fuzzed=1, exec_us=2192, hits=0, map=15, ascii=0, run_time=0:00:08:47)...[0m
[1;94m[*] [0mFuzzing test case #55 (58 total, 0 crashes saved, state: in progress, mode=explore, perf_score=459, weight=9, favorite=1, was_fuzzed=1, exec_us=1278, hits=16, map=17, ascii=0, run_time=0:00:08:47)...[0m
[1;94m[*] [0mFuzzing test case #0 (58 total, 0 crashes saved, state: in progress, mode=explore, perf_score=459, weight=113, favorite=1, was_fuzzed=1, exec_us=2192, hits=0, map=15, ascii=0, run_time=0:00:08:49)...[0m
[1;94m[*] [0mFuzzing test case #0 (58 total, 0 crashes saved, state: in progress, mode=explore, perf_score=459, weight=113, favorite=1, was_fuzzed=1, exec_us=2192, hits=0, map=15, ascii=0, run_time=0:00:08:49)...[0m
[1;94m[*] [0mFuzzing test case #0 (58 total, 0 crashes saved, state: in progress, mode=explore, perf_score=459, weight=113, favorite=1, was_fuzzed=1, exec_us=2192, hits=0, map=15, ascii=0, run_time=0:00:08:50)...[0m
[1;94m[*] [0mFuzzing test case #0 (58 total, 0 crashes saved, state: in progress, mode=explore, perf_score=459, weight=113, favorite=1, was_fuzzed=1, exec_us=2192, hits=0, map=15, ascii=0, run_time=0:00:08:51)...[0m
[1;94m[*] [0mFuzzing test case #49 (58 total, 0 crashes saved, state: in progress, mode=explore, perf_score=229, weight=14, favorite=1, was_fuzzed=1, exec_us=1222, hits=395, map=19, ascii=0, run_time=0:00:08:51)...[0m
[1;94m[*] [0mEntering queue cycle 3.[0m
[1;94m[*] [0mFuzzing test case #0 (58 total, 0 crashes saved, state: in progress, mode=explore, perf_score=459, weight=113, favorite=1, was_fuzzed=1, exec_us=2192, hits=0, map=15, ascii=0, run_time=0:00:08:52)...[0m
[1;94m[*] [0mFuzzing test case #0 (58 total, 0 crashes saved, state: in progress, mode=explore, perf_score=459, weight=113, favorite=1, was_fuzzed=1, exec_us=2192, hits=0, map=15, ascii=0, run_time=0:00:08:53)...[0m
[1;94m[*] [0mFuzzing test case #0 (58 total, 0 crashes saved, state: in progress, mode=explore, perf_score=459, weight=113, favorite=1, was_fuzzed=1, exec_us=2192, hits=0, map=15, ascii=0, run_time=0:00:08:53)...[0m
[1;94m[*] [0mFuzzing test case #0 (58 total, 0 crashes saved, state: in progress, mode=explore, perf_score=459, weight=113, favorite=1, was_fuzzed=1, exec_us=2192, hits=0, map=15, ascii=0, run_time=0:00:08:54)...[0m
[1;94m[*] [0mFuzzing test case #0 (58 total, 0 crashes saved, state: in progress, mode=explore, perf_score=459, weight=113, favorite=1, was_fuzzed=1, exec_us=2192, hits=0, map=15, ascii=0, run_time=0:00:09:08)...[0m
[1;94m[*] [0mFuzzing test case #0 (58 total, 0 crashes saved, state: in progress, mode=explore, perf_score=459, weight=113, favorite=1, was_fuzzed=1, exec_us=2192, hits=0, map=15, ascii=0, run_time=0:00:09:09)...[0m
[1;94m[*] [0mFuzzing test case #0 (58 total, 0 crashes saved, state: in progress, mode=explore, perf_score=459, weight=113, favorite=1, was_fuzzed=1, exec_us=2192, hits=0, map=15, ascii=0, run_time=0:00:09:09)...[0m
[1;94m[*] [0mFuzzing test case #0 (58 total, 0 crashes saved, state: in progress, mode=explore, perf_score=459, weight=113, favorite=1, was_fuzzed=1, exec_us=2192, hits=0, map=15, ascii=0, run_time=0:00:09:10)...[0m
[1;94m[*] [0mFuzzing test case #45 (58 total, 0 crashes saved, state: in progress, mode=explore, perf_score=114, weight=12, favorite=1, was_fuzzed=1, exec_us=1203, hits=93, map=19, ascii=0, run_time=0:00:09:10)...[0m
[1;94m[*] [0mFuzzing test case #21 (58 total, 0 crashes saved, state: in progress, mode=explore, perf_score=114, weight=7, favorite=1, was_fuzzed=1, exec_us=1211, hits=130, map=20, ascii=0, run_time=0:00:09:11)...[0m
[1;94m[*] [0mFuzzing test case #0 (58 total, 0 crashes saved, state: in progress, mode=explore, perf_score=459, weight=113, favorite=1, was_fuzzed=1, exec_us=2192, hits=0, map=15, ascii=0, run_time=0:00:09:11)...[0m
[1;94m[*] [0mFuzzing test case #9 (58 total, 0 crashes saved, state: in progress, mode=explore, perf_score=114, weight=12, favorite=1, was_fuzzed=1, exec_us=1199, hits=111, map=17, ascii=0, run_time=0:00:09:12)...[0m
[1;94m[*] [0mFuzzing test case #52 (58 total, 0 crashes saved, state: in progress, mode=explore, perf_score=200, weight=2, favorite=0, was_fuzzed=0, exec_us=1255, hits=2, map=18, ascii=0, run_time=0:00:09:12)...[0m
[1;94m[*] [0mFuzzing test case #21 (58 total, 0 crashes saved, state: in progress, mode=explore, perf_score=114, weight=7, favorite=1, was_fuzzed=1, exec_us=1211, hits=141, map=20, ascii=0, run_time=0:00:09:13)...[0m
[1;94m[*] [0mFuzzing test case #0 (58 total, 0 crashes saved, state: in progress, mode=explore, perf_score=459, weight=113, favorite=1, was_fuzzed=1, exec_us=2192, hits=0, map=15, ascii=0, run_time=0:00:09:13)...[0m
[1;94m[*] [0mFuzzing test case #45 (58 total, 0 crashes saved, state: in progress, mode=explore, perf_score=114, weight=12, favorite=1, was_fuzzed=1, exec_us=1203, hits=103, map=19, ascii=0, run_time=0:00:09:14)...[0m
[1;94m[*] [0mFuzzing test case #0 (58 total, 0 crashes saved, state: in progress, mode=explore, perf_score=459, weight=113, favorite=1, was_fuzzed=1, exec_us=2192, hits=0, map=15, ascii=0, run_time=0:00:09:14)...[0m
[1;94m[*] [0mFuzzing test case #30 (58 total, 0 crashes saved, state: in progress, mode=explore, perf_score=200, weight=1, favorite=0, was_fuzzed=0, exec_us=2282, hits=12, map=20, ascii=0, run_time=0:00:09:15)...[0m
[1;94m[*] [0mFuzzing test case #0 (58 total, 0 crashes saved, state: in progress, mode=explore, perf_score=459, weight=113, favorite=1, was_fuzzed=1, exec_us=2192, hits=0, map=15, ascii=0, run_time=0:00:09:22)...[0m
[1;94m[*] [0mFuzzing test case #0 (58 total, 0 crashes saved, state: in progress, mode=explore, perf_score=459, weight=113, favorite=1, was_fuzzed=1, exec_us=2192, hits=0, map=15, ascii=0, run_time=0:00:09:23)...[0m
[1;94m[*] [0mFuzzing test case #45 (58 total, 0 crashes saved, state: in progress, mode=explore, perf_score=114, weight=12, favorite=1, was_fuzzed=1, exec_us=1203, hits=119, map=19, ascii=0, run_time=0:00:09:23)...[0m
[1;94m[*] [0mFuzzing test case #10 (58 total, 0 crashes saved, state: in progress, mode=explore, perf_score=114, weight=6, favorite=1, was_fuzzed=1, exec_us=1205, hits=155, map=15, ascii=0, run_time=0:00:09:24)...[0m
[1;94m[*] [0mFuzzing test case #0 (58 total, 0 crashes saved, state: in progress, mode=explore, perf_score=459, weight=113, favorite=1, was_fuzzed=1, exec_us=2192, hits=0, map=15, ascii=0, run_time=0:00:09:24)...[0m
[1;94m[*] [0mFuzzing test case #16 (58 total, 0 crashes saved, state: in progress, mode=explore, perf_score=100, weight=1, favorite=0, was_fuzzed=0, exec_us=1208, hits=10, map=18, ascii=0, run_time=0:00:09:25)...[0m
[1;94m[*] [0mFuzzing test case #0 (58 total, 0 crashes saved, state: in progress, mode=explore, perf_score=459, weight=113, favorite=1, was_fuzzed=1, exec_us=2192, hits=0, map=15, ascii=0, run_time=0:00:09:25)...[0m
[1;94m[*] [0mFuzzing test case #0 (58 total, 0 crashes saved, state: in progress, mode=explore, perf_score=459, weight=113, favorite=1, was_fuzzed=1, exec_us=2192, hits=0, map=15, ascii=0, run_time=0:00:09:26)...[0m
[1;94m[*] [0mFuzzing test case #21 (58 total, 0 crashes saved, state: in progress, mode=explore, perf_score=114, weight=7, favorite=1, was_fuzzed=1, exec_us=1211, hits=197, map=20, ascii=0, run_time=0:00:09:36)...[0m
[1;94m[*] [0mFuzzing test case #55 (58 total, 0 crashes saved, state: in progress, mode=explore, perf_score=229, weight=7, favorite=1, was_fuzzed=1, exec_us=1278, hits=102, map=17, ascii=0, run_time=0:00:09:36)...[0m
[1;94m[*] [0mFuzzing test case #0 (58 total, 0 crashes saved, state: in progress, mode=explore, perf_score=459, weight=113, favorite=1, was_fuzzed=1, exec_us=2192, hits=0, map=15, ascii=0, run_time=0:00:09:37)...[0m
[1;94m[*] [0mFuzzing test case #0 (58 total, 0 crashes saved, state: in progress, mode=explore, perf_score=459, weight=113, favorite=1, was_fuzzed=1, exec_us=2192, hits=0, map=15, ascii=0, run_time=0:00:09:37)...[0m
[1;94m[*] [0mFuzzing test case #9 (58 total, 0 crashes saved, state: in progress, mode=explore, perf_score=114, weight=11, favorite=1, was_fuzzed=1, exec_us=1199, hits=115, map=17, ascii=0, run_time=0:00:09:38)...[0m
[1;94m[*] [0mFuzzing test case #0 (58 total, 0 crashes saved, state: in progress, mode=explore, perf_score=459, weight=113, favorite=1, was_fuzzed=1, exec_us=2192, hits=0, map=15, ascii=0, run_time=0:00:09:38)...[0m
[1;94m[*] [0mFuzzing test case #0 (58 total, 0 crashes saved, state: in progress, mode=explore, perf_score=459, weight=113, favorite=1, was_fuzzed=1, exec_us=2192, hits=0, map=15, ascii=0, run_time=0:00:09:39)...[0m
[1;94m[*] [0mFuzzing test case #10 (58 total, 0 crashes saved, state: in progress, mode=explore, perf_score=114, weight=6, favorite=1, was_fuzzed=1, exec_us=1205, hits=170, map=15, ascii=0, run_time=0:00:09:39)...[0m
[1;94m[*] [0mFuzzing test case #0 (58 total, 0 crashes saved, state: in progress, mode=explore, perf_score=459, weight=113, favorite=1, was_fuzzed=1, exec_us=2192, hits=0, map=15, ascii=0, run_time=0:00:09:40)...[0m
[1;94m[*] [0mFuzzing test case #17 (58 total, 0 crashes saved, state: in progress, mode=explore, perf_score=114, weight=6, favorite=1, was_fuzzed=1, exec_us=1235, hits=201, map=18, ascii=0, run_time=0:00:09:41)...[0m
[1;94m[*] [0mFuzzing test case #13 (58 total, 0 crashes saved, state: in progress, mode=explore, perf_score=100, weight=0, favorite=0, was_fuzzed=0, exec_us=1609, hits=486, map=17, ascii=0, run_time=0:00:09:41)...[0m
[1;94m[*] [0mFuzzing test case #0 (58 total, 0 crashes saved, state: in progress, mode=explore, perf_score=459, weight=113, favorite=1, was_fuzzed=1, exec_us=2192, hits=0, map=15, ascii=0, run_time=0:00:09:41)...[0m
[1;94m[*] [0mFuzzing test case #49 (58 total, 0 crashes saved, state: in progress, mode=explore, perf_score=229, weight=14, favorite=1, was_fuzzed=1, exec_us=1222, hits=420, map=19, ascii=0, run_time=0:00:09:42)...[0m
[1;94m[*] [0mFuzzing test case #0 (58 total, 0 crashes saved, state: in progress, mode=explore, perf_score=459, weight=113, favorite=1, was_fuzzed=1, exec_us=2192, hits=0, map=15, ascii=0, run_time=0:00:09:43)...[0m
[1;94m[*] [0mFuzzing test case #0 (58 total, 0 crashes saved, state: in progress, mode=explore, perf_score=459, weight=113, favorite=1, was_fuzzed=1, exec_us=2192, hits=0, map=15, ascii=0, run_time=0:00:09:43)...[0m
[1;94m[*] [0mFuzzing test case #0 (58 total, 0 crashes saved, state: in progress, mode=explore, perf_score=459, weight=113, favorite=1, was_fuzzed=1, exec_us=2192, hits=0, map=15, ascii=0, run_time=0:00:09:49)...[0m
[1;94m[*] [0mFuzzing test case #0 (58 total, 0 crashes saved, state: in progress, mode=explore, perf_score=459, weight=113, favorite=1, was_fuzzed=1, exec_us=2192, hits=0, map=15, ascii=0, run_time=0:00:09:50)...[0m
[1;94m[*] [0mFuzzing test case #0 (58 total, 0 crashes saved, state: in progress, mode=explore, perf_score=459, weight=113, favorite=1, was_fuzzed=1, exec_us=2192, hits=0, map=15, ascii=0, run_time=0:00:09:50)...[0m
[1;94m[*] [0mFuzzing test case #17 (58 total, 0 crashes saved, state: in progress, mode=explore, perf_score=114, weight=6, favorite=1, was_fuzzed=1, exec_us=1235, hits=212, map=18, ascii=0, run_time=0:00:09:51)...[0m
[1;94m[*] [0mFuzzing test case #45 (58 total, 0 crashes saved, state: in progress, mode=explore, perf_score=114, weight=12, favorite=1, was_fuzzed=1, exec_us=1203, hits=131, map=19, ascii=0, run_time=0:00:09:51)...[0m
[1;94m[*] [0mFuzzing test case #0 (58 total, 0 crashes saved, state: in progress, mode=explore, perf_score=459, weight=113, favorite=1, was_fuzzed=1, exec_us=2192, hits=0, map=15, ascii=0, run_time=0:00:09:52)...[0m
[1;94m[*] [0mFuzzing test case #0 (58 total, 0 crashes saved, state: in progress, mode=explore, perf_score=459, weight=113, favorite=1, was_fuzzed=1, exec_us=2192, hits=0, map=15, ascii=0, run_time=0:00:09:52)...[0m
[1;94m[*] [0mFuzzing test case #22 (58 total, 0 crashes saved, state: in progress, mode=explore, perf_score=114, weight=7, favorite=1, was_fuzzed=1, exec_us=1187, hits=194, map=20, ascii=0, run_time=0:00:09:53)...[0m
[1;94m[*] [0mFuzzing test case #0 (58 total, 0 crashes saved, state: in progress, mode=explore, perf_score=459, weight=113, favorite=1, was_fuzzed=1, exec_us=2192, hits=0, map=15, ascii=0, run_time=0:00:09:53)...[0m
[1;94m[*] [0mFuzzing test case #45 (58 total, 0 crashes saved, state: in progress, mode=explore, perf_score=114, weight=12, favorite=1, was_fuzzed=1, exec_us=1203, hits=140, map=19, ascii=0, run_time=0:00:09:54)...[0m
[1;94m[*] [0mFuzzing test case #0 (60 total, 0 crashes saved, state: in progress, mode=explore, perf_score=459, weight=116, favorite=1, was_fuzzed=1, exec_us=2192, hits=0, map=15, ascii=0, run_time=0:00:10:02)...[0m
[1;94m[*] [0mFuzzing test case #0 (60 total, 0 crashes saved, state: in progress, mode=explore, perf_score=459, weight=116, favorite=1, was_fuzzed=1, exec_us=2192, hits=0, map=15, ascii=0, run_time=0:00:10:02)...[0m
[1;94m[*] [0mFuzzing test case #49 (60 total, 0 crashes saved, state: in progress, mode=explore, perf_score=229, weight=14, favorite=1, was_fuzzed=1, exec_us=1222, hits=444, map=19, ascii=0, run_time=0:00:10:03)...[0m
[1;94m[*] [0mFuzzing test case #0 (62 total, 0 crashes saved, state: in progress, mode=explore, perf_score=459, weight=118, favorite=1, was_fuzzed=1, exec_us=2192, hits=0, map=15, ascii=0, run_time=0:00:10:04)...[0m
[1;94m[*] [0mFuzzing test case #0 (62 total, 0 crashes saved, state: in progress, mode=explore, perf_score=459, weight=118, favorite=1, was_fuzzed=1, exec_us=2192, hits=0, map=15, ascii=0, run_time=0:00:10:04)...[0m
[1;94m[*] [0mFuzzing test case #9 (62 total, 0 crashes saved, state: in progress, mode=explore, perf_score=114, weight=12, favorite=1, was_fuzzed=1, exec_us=1199, hits=127, map=17, ascii=0, run_time=0:00:10:05)...[0m
[1;94m[*] [0mFuzzing test case #19 (63 total, 0 crashes saved, state: in progress, mode=explore, perf_score=114, weight=7, favorite=1, was_fuzzed=1, exec_us=1179, hits=155, map=17, ascii=0, run_time=0:00:10:05)...[0m
[1;94m[*] [0mFuzzing test case #0 (64 total, 0 crashes saved, state: in progress, mode=explore, perf_score=459, weight=121, favorite=1, was_fuzzed=1, exec_us=2192, hits=0, map=15, ascii=0, run_time=0:00:10:06)...[0m
[1;94m[*] [0mFuzzing test case #49 (64 total, 0 crashes saved, state: in progress, mode=explore, perf_score=229, weight=14, favorite=1, was_fuzzed=1, exec_us=1222, hits=451, map=19, ascii=0, run_time=0:00:10:06)...[0m
[?25h[1;91m

+++ Testing aborted programmatically +++
[0m[1;94m[*] [0mStatistics: 63 new corpus items found, 50.85% coverage achieved, 1 crashes saved, 0 timeouts saved, total runtime 0 days, 0 hrs, 10 min, 6 sec[0m
[1;92m[+] [0mWe're done here. Have a nice day!
[0m
[1;94m[*] [0mFuzzing test case #32 (35 total, 0 crashes saved, state: in progress, mode=explore, perf_score=0, weight=0, favorite=1, was_fuzzed=0, exec_us=1487, hits=1, map=21, ascii=0, run_time=0:02:35:07)...[0m
[1;94m[*] [0mFuzzing test case #28 (35 total, 0 crashes saved, state: in progress, mode=explore, perf_score=300, weight=841, favorite=1, was_fuzzed=0, exec_us=1425, hits=1, map=22, ascii=0, run_time=0:02:35:08)...[0m
[1;94m[*] [0mFuzzing test case #46 (47 total, 0 crashes saved, state: in progress, mode=explore, perf_score=0, weight=0, favorite=1, was_fuzzed=0, exec_us=1733, hits=1, map=20, ascii=0, run_time=0:02:35:25)...[0m
[1;94m[*] [0mFuzzing test case #22 (47 total, 0 crashes saved, state: in progress, mode=explore, perf_score=300, weight=46, favorite=1, was_fuzzed=0, exec_us=5684, hits=39, map=21, ascii=0, run_time=0:02:35:25)...[0m
[1;94m[*] [0mFuzzing test case #50 (52 total, 0 crashes saved, state: in progress, mode=explore, perf_score=0, weight=0, favorite=1, was_fuzzed=0, exec_us=1730, hits=1, map=17, ascii=0, run_time=0:02:35:28)...[0m
[1;94m[*] [0mFuzzing test case #47 (52 total, 0 crashes saved, state: in progress, mode=explore, perf_score=300, weight=468, favorite=1, was_fuzzed=0, exec_us=1414, hits=1, map=21, ascii=0, run_time=0:02:35:28)...[0m
[1;94m[*] [0mFuzzing test case #23 (53 total, 0 crashes saved, state: in progress, mode=explore, perf_score=300, weight=43, favorite=1, was_fuzzed=0, exec_us=5657, hits=55, map=21, ascii=0, run_time=0:02:35:30)...[0m
[1;94m[*] [0mFuzzing test case #30 (53 total, 0 crashes saved, state: in progress, mode=explore, perf_score=300, weight=422, favorite=1, was_fuzzed=0, exec_us=1568, hits=1, map=21, ascii=0, run_time=0:02:35:32)...[0m
[1;94m[*] [0mFuzzing test case #53 (54 total, 0 crashes saved, state: in progress, mode=explore, perf_score=0, weight=0, favorite=1, was_fuzzed=0, exec_us=1542, hits=1, map=22, ascii=0, run_time=0:02:35:34)...[0m
[1;94m[*] [0mFuzzing test case #38 (54 total, 0 crashes saved, state: in progress, mode=explore, perf_score=300, weight=792, favorite=1, was_fuzzed=0, exec_us=1397, hits=1, map=23, ascii=0, run_time=0:02:35:35)...[0m
[1;94m[*] [0mFuzzing test case #26 (54 total, 0 crashes saved, state: in progress, mode=explore, perf_score=300, weight=52, favorite=1, was_fuzzed=0, exec_us=4900, hits=33, map=20, ascii=0, run_time=0:02:35:36)...[0m
[1;94m[*] [0mFuzzing test case #54 (55 total, 0 crashes saved, state: in progress, mode=explore, perf_score=0, weight=0, favorite=1, was_fuzzed=0, exec_us=1467, hits=1, map=22, ascii=0, run_time=0:02:35:38)...[0m
[1;94m[*] [0mFuzzing test case #52 (55 total, 0 crashes saved, state: in progress, mode=explore, perf_score=600, weight=478, favorite=1, was_fuzzed=0, exec_us=1381, hits=1, map=22, ascii=0, run_time=0:02:35:39)...[0m
[1;94m[*] [0mFuzzing test case #44 (56 total, 0 crashes saved, state: in progress, mode=explore, perf_score=300, weight=339, favorite=1, was_fuzzed=0, exec_us=1946, hits=1, map=22, ascii=0, run_time=0:02:35:43)...[0m
[1;94m[*] [0mFuzzing test case #50 (57 total, 0 crashes saved, state: in progress, mode=explore, perf_score=1380, weight=1987, favorite=1, was_fuzzed=1, exec_us=1730, hits=1, map=17, ascii=0, run_time=0:02:35:45)...[0m
[1;94m[*] [0mFuzzing test case #50 (57 total, 0 crashes saved, state: in progress, mode=explore, perf_score=1380, weight=1987, favorite=1, was_fuzzed=1, exec_us=1730, hits=170, map=17, ascii=0, run_time=0:02:35:52)...[0m
[1;94m[*] [0mFuzzing test case #58 (59 total, 0 crashes saved, state: in progress, mode=explore, perf_score=0, weight=0, favorite=1, was_fuzzed=0, exec_us=1407, hits=1, map=22, ascii=0, run_time=0:02:35:59)...[0m
[1;94m[*] [0mFuzzing test case #38 (59 total, 0 crashes saved, state: in progress, mode=explore, perf_score=1035, weight=230, favorite=1, was_fuzzed=1, exec_us=1397, hits=5, map=23, ascii=0, run_time=0:02:35:59)...[0m
[1;94m[*] [0mFuzzing test case #50 (59 total, 0 crashes saved, state: in progress, mode=explore, perf_score=345, weight=567, favorite=1, was_fuzzed=1, exec_us=1730, hits=322, map=17, ascii=0, run_time=0:02:36:04)...[0m
[1;94m[*] [0mFuzzing test case #58 (59 total, 0 crashes saved, state: in progress, mode=explore, perf_score=2760, weight=230, favorite=1, was_fuzzed=1, exec_us=1407, hits=1, map=22, ascii=0, run_time=0:02:36:06)...[0m
[1;94m[*] [0mFuzzing test case #60 (61 total, 0 crashes saved, state: in progress, mode=explore, perf_score=0, weight=0, favorite=1, was_fuzzed=0, exec_us=4043, hits=1, map=24, ascii=0, run_time=0:02:36:26)...[0m
[1;94m[*] [0mFuzzing test case #50 (61 total, 0 crashes saved, state: in progress, mode=explore, perf_score=345, weight=557, favorite=1, was_fuzzed=1, exec_us=1730, hits=380, map=17, ascii=0, run_time=0:02:36:26)...[0m
[1;94m[*] [0mFuzzing test case #53 (61 total, 0 crashes saved, state: in progress, mode=explore, perf_score=1380, weight=208, favorite=1, was_fuzzed=1, exec_us=1542, hits=1, map=22, ascii=0, run_time=0:02:36:28)...[0m
[1;94m[*] [0mFuzzing test case #53 (61 total, 0 crashes saved, state: in progress, mode=explore, perf_score=1380, weight=208, favorite=1, was_fuzzed=1, exec_us=1542, hits=190, map=22, ascii=0, run_time=0:02:36:35)...[0m
[1;94m[*] [0mFuzzing test case #61 (62 total, 0 crashes saved, state: in progress, mode=explore, perf_score=0, weight=0, favorite=1, was_fuzzed=0, exec_us=1467, hits=1, map=24, ascii=0, run_time=0:02:36:42)...[0m
[1;94m[*] [0mFuzzing test case #50 (62 total, 0 crashes saved, state: in progress, mode=explore, perf_score=345, weight=545, favorite=1, was_fuzzed=1, exec_us=1730, hits=452, map=17, ascii=0, run_time=0:02:36:42)...[0m
[?25h[1;91m

+++ Testing aborted programmatically +++
[0m
[1;93m[!] [0mStopped during the first cycle, results may be incomplete.
    (For info on resuming, see /usr/local/share/doc/afl/README.md)
[1;94m[*] [0mStatistics: 61 new corpus items found, 50.85% coverage achieved, 1 crashes saved, 0 timeouts saved, total runtime 0 days, 2 hrs, 36 min, 43 sec[0m
[1;92m[+] [0mWe're done here. Have a nice day!
[0m
