JOB timestamp: Mon Dec 18 14:40:13 MST 2023
JOB ID: 121550
Array Task ID: 13
Current directory: /lfs/koff9454.ui/projects/plc_runtime_fuzzer/code_analysis/src
r3i4n3
gcc (Spack GCC) 12.1.0
Copyright (C) 2022 Free Software Foundation, Inc.
This is free software; see the source for copying conditions.  There is NO
warranty; not even for MERCHANTABILITY or FITNESS FOR A PARTICULAR PURPOSE.

Python 3.11.5
/lfs/koff9454.ui/miniconda3/envs/plc/bin/python
matiec version 0.1
changeset id: 
Number of programs: 3
Programs: width_1 width_2 width_3
Fuzzing program: width_2, Job ID: 13
input dir does not exist, creating
(source_file (program_definition program_name: (identifier) (variable_definition (variable_definition_body name: (identifier) address: (address) type: (basic_data_type)) (variable_definition_body name: (identifier) address: (address) type: (basic_data_type))) (case_statement caseControlValue: (variable name: (identifier)) (case (case_value (integer)) (assignment (variable name: (identifier)) (integer))) (case (case_value (integer)) (assignment (variable name: (identifier)) (integer))) (else_case (assignment (variable name: (identifier)) (integer))))) (configuration (identifier) (resource (identifier) (task (identifier) (time) (integer)) (program_instance (identifier) (identifier) (identifier)))))
variable_name:  sensor1
variable_type:  INT
variable_address:  %IW0.0

variable_name:  actuator
variable_type:  INT
variable_address:  %QW0.0

visit_assignment:  (assignment (variable name: (identifier)) (integer))

variable name:  actuator
visit_assignment:  (assignment (variable name: (identifier)) (integer))

variable name:  actuator
visit_assignment:  (assignment (variable name: (identifier)) (integer))

variable name:  actuator

variables:  {'sensor1': ('INT', '%IW0.0'), 'actuator': ('INT', '%QW0.0')}
content:  %IW0.0,INT,9

plc_inputs:  [{'name': '%IW0.0', 'type': 'INT', 'value': 9}]
plc_input_code:  #include "iec_std_lib.h"
#include "iec_types_all.h" 
#include <string.h>
#include <stdlib.h>
#include "/lfs/koff9454.ui/projects/plc_runtime_fuzzer/runtime/inputs.h"

    
extern INT *__IW0_0;

void set_plc_input(const char *name, const char *type, PLC_Value value) {

    if (strcmp(name, "%IW0.0") == 0) {
        if (strcmp(type, "INT") == 0) {
            *__IW0_0 = (INT)value._INT;
        }
    }
}
harness executable does not exist, creating
~/projects/plc_runtime_fuzzer/runtime ~/projects/plc_runtime_fuzzer/code_analysis/src/programs/width/width_2
(source_file (program_definition program_name: (identifier) (variable_definition (variable_definition_body name: (identifier) address: (address) type: (basic_data_type)) (variable_definition_body name: (identifier) address: (address) type: (basic_data_type))) (case_statement caseControlValue: (variable name: (identifier)) (case (case_value (integer)) (assignment (variable name: (identifier)) (integer))) (case (case_value (integer)) (assignment (variable name: (identifier)) (integer))) (else_case (assignment (variable name: (identifier)) (integer))))) (configuration (identifier) (resource (identifier) (task (identifier) (time) (integer)) (program_instance (identifier) (identifier) (identifier)))))
variable_name:  sensor1
variable_type:  INT
variable_address:  %IW0.0

variable_name:  actuator
variable_type:  INT
variable_address:  %QW0.0

visit_assignment:  (assignment (variable name: (identifier)) (integer))

variable name:  actuator
visit_assignment:  (assignment (variable name: (identifier)) (integer))

variable name:  actuator
visit_assignment:  (assignment (variable name: (identifier)) (integer))

variable name:  actuator

variables:  {'sensor1': ('INT', '%IW0.0'), 'actuator': ('INT', '%QW0.0')}
content:  %IW0.0,INT,9

plc_inputs:  [{'name': '%IW0.0', 'type': 'INT', 'value': 9}]
plc_input_code:  #include "iec_std_lib.h"
#include "iec_types_all.h" 
#include <string.h>
#include <stdlib.h>
#include "/lfs/koff9454.ui/projects/plc_runtime_fuzzer/runtime/inputs.h"

    
extern INT *__IW0_0;

void set_plc_input(const char *name, const char *type, PLC_Value value) {

    if (strcmp(name, "%IW0.0") == 0) {
        if (strcmp(type, "INT") == 0) {
            *__IW0_0 = (INT)value._INT;
        }
    }
}
Created temporary directory: /lfs/koff9454.ui/projects/plc_runtime_fuzzer/runtime/tmp.WnJHCO
Generating IEC sources from ST file
POUS.c
POUS.h
LOCATED_VARIABLES.h
VARIABLES.csv
STD_CONF.c
STD_CONF.h
STD_RESSOURCE.c
Compiling the fuzzing harness
Compiling the set_input
Creating the executable
~/projects/plc_runtime_fuzzer/code_analysis/src/programs/width/width_2
Current directory: /lfs/koff9454.ui/projects/plc_runtime_fuzzer/code_analysis/src/programs/width/width_2
Files moved to /lfs/koff9454.ui/projects/plc_runtime_fuzzer/code_analysis/src/programs/width/width_2
Running the fuzzers
Workdir: "/lfs/koff9454.ui/projects/plc_runtime_fuzzer/code_analysis/src/programs/width/width_2/runs/run-13"
Out dir at "fuzzer-outdir" already exists.
Let's fuzz :)
