JOB timestamp: Mon Dec 18 15:28:05 MST 2023
JOB ID: 121640
Array Task ID: 29
Current directory: /lfs/koff9454.ui/projects/plc_runtime_fuzzer/code_analysis/src
r4i1n1
gcc (Spack GCC) 12.1.0
Copyright (C) 2022 Free Software Foundation, Inc.
This is free software; see the source for copying conditions.  There is NO
warranty; not even for MERCHANTABILITY or FITNESS FOR A PARTICULAR PURPOSE.

Python 3.11.5
/lfs/koff9454.ui/miniconda3/envs/plc/bin/python
matiec version 0.1
changeset id: 
Number of programs: 3
Programs: condition_1 condition_2 condition_3
Fuzzing program: condition_3, Job ID: 29
input dir exist, skipping
harness file exist, skipping
Running the fuzzers
Workdir: "/lfs/koff9454.ui/projects/plc_runtime_fuzzer/code_analysis/src/programs/condition/condition_3/runs/run-29"
Out dir at "fuzzer-outdir" already exists.
Let's fuzz :)
[Stats #0] run time: 0h-0m-0s, clients: 1, corpus: 0, objectives: 0, executions: 0, exec/sec: 0.000
[Testcase #0] run time: 0h-0m-0s, clients: 1, corpus: 1, objectives: 0, executions: 1, exec/sec: 0.000
We imported 1 inputs from disk.
[Objective #0] run time: 0h-0m-0s, clients: 1, corpus: 1, objectives: 1, executions: 1, exec/sec: 0.000
[Stats #0] run time: 0h-0m-0s, clients: 1, corpus: 1, objectives: 1, executions: 1, exec/sec: 0.000
[Testcase #0] run time: 0h-0m-0s, clients: 1, corpus: 2, objectives: 1, executions: 11, exec/sec: 0.000
[Objective #0] run time: 0h-0m-0s, clients: 1, corpus: 2, objectives: 2, executions: 11, exec/sec: 0.000
[Objective #0] run time: 0h-0m-0s, clients: 1, corpus: 2, objectives: 3, executions: 11, exec/sec: 0.000
[Objective #0] run time: 0h-0m-0s, clients: 1, corpus: 2, objectives: 4, executions: 11, exec/sec: 0.000
[Objective #0] run time: 0h-0m-0s, clients: 1, corpus: 2, objectives: 5, executions: 11, exec/sec: 0.000
[Objective #0] run time: 0h-0m-0s, clients: 1, corpus: 2, objectives: 6, executions: 11, exec/sec: 0.000
[Objective #0] run time: 0h-0m-1s, clients: 1, corpus: 2, objectives: 7, executions: 11, exec/sec: 10.44
[Objective #0] run time: 0h-0m-1s, clients: 1, corpus: 2, objectives: 8, executions: 11, exec/sec: 9.225
[Objective #0] run time: 0h-0m-1s, clients: 1, corpus: 2, objectives: 9, executions: 11, exec/sec: 8.139
[Objective #0] run time: 0h-0m-1s, clients: 1, corpus: 2, objectives: 10, executions: 11, exec/sec: 7.349
[Objective #0] run time: 0h-0m-1s, clients: 1, corpus: 2, objectives: 11, executions: 11, exec/sec: 6.734
[Objective #0] run time: 0h-0m-1s, clients: 1, corpus: 2, objectives: 12, executions: 11, exec/sec: 6.152
[Objective #0] run time: 0h-0m-1s, clients: 1, corpus: 2, objectives: 13, executions: 11, exec/sec: 5.771
[Objective #0] run time: 0h-0m-2s, clients: 1, corpus: 2, objectives: 14, executions: 11, exec/sec: 5.433
[1;92m[+] [0mEnabled environment variable AFL_BENCH_UNTIL_CRASH with value 1[0m
[1;92m[+] [0mEnabled environment variable AFL_IGNORE_SEED_PROBLEMS with value 1[0m
[1;92m[+] [0mEnabled environment variable AFL_I_DONT_CARE_ABOUT_MISSING_CRASHES with value 1[0m
[1;92m[+] [0mEnabled environment variable AFL_SKIP_CPUFREQ with value 1[0m
[1;92m[+] [0mEnabled environment variable AFL_TRY_AFFINITY with value 1[0m
[1;93m[!] [1;97mWARNING: [0mPotentially mistyped AFL environment variable: USE_PCM_DB=2, did you mean AFL_USE_PCM_DB=2?[0m
[0;36mafl-fuzz++4.09a[0m based on afl by Michal Zalewski and a large online community
[1;92m[+] [0mAFL++ is maintained by Marc "van Hauser" Heuse, Dominik Maier, Andrea Fioraldi and Heiko "hexcoder" Eißfeldt[0m
[1;92m[+] [0mAFL++ is open source, get it at https://github.com/AFLplusplus/AFLplusplus[0m
[1;92m[+] [0mNOTE: AFL++ >= v3 has changed defaults and behaviours - see README.md[0m
[1;92m[+] [0mNo -M/-S set, autoconfiguring for "-S default"[0m
[1;94m[*] [0mGetting to work...[0m
[1;92m[+] [0mUsing exponential power schedule (FAST)[0m
[1;92m[+] [0mEnabled testcache with 50 MB[0m
[1;92m[+] [0mGenerating fuzz data with a length of min=1 max=1048576[0m
[1;94m[*] [0mChecking core_pattern...[0m

[1;91m[-] [0mHmm, your system is configured to send core dump notifications to an
    external utility. This will cause issues: there will be an extended delay
    between stumbling upon a crash and having this information relayed to the
    fuzzer via the standard waitpid() API.
    If you're just testing, set 'AFL_I_DONT_CARE_ABOUT_MISSING_CRASHES=1'.

    To avoid having crashes misinterpreted as timeouts, please log in as root
    and temporarily modify /proc/sys/kernel/core_pattern, like so:

    echo core >/proc/sys/kernel/core_pattern
[1;92m[+] [0mLooks like we're not running on a tty, so I'll be a bit less verbose.[0m
[1;92m[+] [0mYou have 36 CPU cores and 6 runnable tasks (utilization: 17%).[0m
[1;92m[+] [0mTry parallel jobs - see /usr/local/share/doc/afl/fuzzing_in_depth.md#c-using-multiple-cores[0m
[1;94m[*] [0mSetting up output directories...[0m
[1;94m[*] [0mChecking CPU core loadout...[0m
[1;92m[+] [0mFound a free CPU core, try binding to #3.[0m
[1;94m[*] [0mScanning 'our-indir'...[0m
[1;92m[+] [0mLoaded a total of 1 seeds.[0m
[1;94m[*] [0mCreating hard links for all input files...[0m
[1;94m[*] [0mValidating target binary...[0m
[1;94m[*] [0mSpinning up the fork server...[0m
[1;92m[+] [0mAll right - fork server is up.[0m
[1;94m[*] [0mTarget map size: 75[0m
[1;94m[*] [0mNo auto-generated dictionary tokens to reuse.[0m
[1;94m[*] [0mLoading extra dictionary from 'our-inputs.dict' (level 0)...[0m
[1;94m[*] [0mLoaded 80 extra tokens, size range 4 B to 6 B.[0m
[1;92m[+] [0mLoaded a total of 6 extras.[0m
[1;94m[*] [0mAttempting dry run with 'id:000000,time:0,execs:0,orig:variables.txt'...[0m
[1;90m    len = 560, map size = 23, exec speed = 6030 us, hash = 9b4849e5a795fa70
[0m[1;92m[+] [0mAll test cases processed.[0m
[1;92m[+] [0mHere are some useful stats:

[1;90m    Test case count : [0m1 favored, 0 variable, 0 ignored, 1 total
[1;90m       Bitmap range : [0m23 to 23 bits (average: 23.00 bits)
[1;90m        Exec timing : [0m6030 to 6030 us (average: 6030 us)
[0m
[1;94m[*] [0mNo -t option specified, so I'll use an exec timeout of 40 ms.[0m
[1;92m[+] [0mAll set and ready to roll![0m
[1;94m[*] [0mEntering queue cycle 1.[0m
[1;94m[*] [0mFuzzing test case #0 (1 total, 0 crashes saved, state: started :-), mode=explore, perf_score=0, weight=0, favorite=1, was_fuzzed=0, exec_us=6030, hits=0, map=23, ascii=0, run_time=0:00:00:00)...[0m
[Objective #0] run time: 0h-0m-2s, clients: 1, corpus: 2, objectives: 15, executions: 11, exec/sec: 5.093
[1;92m[+] [0mEnabled environment variable AFL_BENCH_UNTIL_CRASH with value 1[0m
[1;92m[+] [0mEnabled environment variable AFL_IGNORE_SEED_PROBLEMS with value 1[0m
[1;92m[+] [0mEnabled environment variable AFL_I_DONT_CARE_ABOUT_MISSING_CRASHES with value 1[0m
[1;92m[+] [0mEnabled environment variable AFL_SKIP_CPUFREQ with value 1[0m
[1;92m[+] [0mEnabled environment variable AFL_TRY_AFFINITY with value 1[0m
[1;93m[!] [1;97mWARNING: [0mPotentially mistyped AFL environment variable: USE_PCM_DB=2, did you mean AFL_USE_PCM_DB=2?[0m
[0;36mafl-fuzz++4.09a[0m based on afl by Michal Zalewski and a large online community
[1;92m[+] [0mAFL++ is maintained by Marc "van Hauser" Heuse, Dominik Maier, Andrea Fioraldi and Heiko "hexcoder" Eißfeldt[0m
[1;92m[+] [0mAFL++ is open source, get it at https://github.com/AFLplusplus/AFLplusplus[0m
[1;92m[+] [0mNOTE: AFL++ >= v3 has changed defaults and behaviours - see README.md[0m
[1;92m[+] [0mNo -M/-S set, autoconfiguring for "-S default"[0m
[1;94m[*] [0mGetting to work...[0m
[1;92m[+] [0mUsing exponential power schedule (FAST)[0m
[1;92m[+] [0mEnabled testcache with 50 MB[0m
[1;92m[+] [0mGenerating fuzz data with a length of min=1 max=1048576[0m
[1;94m[*] [0mChecking core_pattern...[0m

[1;91m[-] [0mHmm, your system is configured to send core dump notifications to an
    external utility. This will cause issues: there will be an extended delay
    between stumbling upon a crash and having this information relayed to the
    fuzzer via the standard waitpid() API.
    If you're just testing, set 'AFL_I_DONT_CARE_ABOUT_MISSING_CRASHES=1'.

    To avoid having crashes misinterpreted as timeouts, please log in as root
    and temporarily modify /proc/sys/kernel/core_pattern, like so:

    echo core >/proc/sys/kernel/core_pattern
[1;92m[+] [0mLooks like we're not running on a tty, so I'll be a bit less verbose.[0m
[1;92m[+] [0mYou have 36 CPU cores and 8 runnable tasks (utilization: 22%).[0m
[1;92m[+] [0mTry parallel jobs - see /usr/local/share/doc/afl/fuzzing_in_depth.md#c-using-multiple-cores[0m
[1;94m[*] [0mSetting up output directories...[0m
[1;94m[*] [0mChecking CPU core loadout...[0m
[1;92m[+] [0mFound a free CPU core, try binding to #5.[0m
[1;94m[*] [0mScanning 'afl-indir'...[0m
[1;92m[+] [0mLoaded a total of 1 seeds.[0m
[1;94m[*] [0mCreating hard links for all input files...[0m
[1;94m[*] [0mValidating target binary...[0m
[1;94m[*] [0mSpinning up the fork server...[0m
[1;92m[+] [0mAll right - fork server is up.[0m
[1;94m[*] [0mTarget map size: 75[0m
[1;94m[*] [0mNo auto-generated dictionary tokens to reuse.[0m
[1;94m[*] [0mLoading extra dictionary from 'afl-inputs.dict' (level 0)...[0m
[1;94m[*] [0mLoaded 80 extra tokens, size range 4 B to 6 B.[0m
[1;92m[+] [0mLoaded a total of 6 extras.[0m
[1;94m[*] [0mAttempting dry run with 'id:000000,time:0,execs:0,orig:testcase.txt'...[0m
[1;90m    len = 3, map size = 22, exec speed = 6041 us, hash = f12e82753eb161b5
[0m[1;92m[+] [0mAll test cases processed.[0m
[1;92m[+] [0mHere are some useful stats:

[1;90m    Test case count : [0m1 favored, 0 variable, 0 ignored, 1 total
[1;90m       Bitmap range : [0m22 to 22 bits (average: 22.00 bits)
[1;90m        Exec timing : [0m6041 to 6041 us (average: 6041 us)
[0m
[1;94m[*] [0mNo -t option specified, so I'll use an exec timeout of 40 ms.[0m
[1;92m[+] [0mAll set and ready to roll![0m
[1;94m[*] [0mEntering queue cycle 1.[0m
[1;94m[*] [0mFuzzing test case #0 (1 total, 0 crashes saved, state: started :-), mode=explore, perf_score=0, weight=0, favorite=1, was_fuzzed=0, exec_us=6041, hits=0, map=22, ascii=0, run_time=0:00:00:00)...[0m
[Objective #0] run time: 0h-0m-2s, clients: 1, corpus: 2, objectives: 16, executions: 11, exec/sec: 4.780
[Objective #0] run time: 0h-0m-2s, clients: 1, corpus: 2, objectives: 17, executions: 11, exec/sec: 4.497
[Objective #0] run time: 0h-0m-2s, clients: 1, corpus: 2, objectives: 18, executions: 11, exec/sec: 4.257
[Objective #0] run time: 0h-0m-2s, clients: 1, corpus: 2, objectives: 19, executions: 11, exec/sec: 4.034
[Objective #0] run time: 0h-0m-2s, clients: 1, corpus: 2, objectives: 20, executions: 11, exec/sec: 3.829
[Objective #0] run time: 0h-0m-3s, clients: 1, corpus: 2, objectives: 21, executions: 11, exec/sec: 3.645
[Objective #0] run time: 0h-0m-3s, clients: 1, corpus: 2, objectives: 22, executions: 11, exec/sec: 3.487
[Objective #0] run time: 0h-0m-3s, clients: 1, corpus: 2, objectives: 23, executions: 11, exec/sec: 3.337
[Objective #0] run time: 0h-0m-3s, clients: 1, corpus: 2, objectives: 24, executions: 11, exec/sec: 3.197
[Objective #0] run time: 0h-0m-3s, clients: 1, corpus: 2, objectives: 25, executions: 11, exec/sec: 3.062
[Objective #0] run time: 0h-0m-3s, clients: 1, corpus: 2, objectives: 26, executions: 11, exec/sec: 2.935
[Objective #0] run time: 0h-0m-3s, clients: 1, corpus: 2, objectives: 27, executions: 11, exec/sec: 2.824
[Objective #0] run time: 0h-0m-4s, clients: 1, corpus: 2, objectives: 28, executions: 11, exec/sec: 2.724
[Objective #0] run time: 0h-0m-4s, clients: 1, corpus: 2, objectives: 29, executions: 11, exec/sec: 2.641
[Objective #0] run time: 0h-0m-4s, clients: 1, corpus: 2, objectives: 30, executions: 11, exec/sec: 2.559
[Objective #0] run time: 0h-0m-4s, clients: 1, corpus: 2, objectives: 31, executions: 11, exec/sec: 2.483
[Objective #0] run time: 0h-0m-4s, clients: 1, corpus: 2, objectives: 32, executions: 11, exec/sec: 2.412
[Objective #0] run time: 0h-0m-4s, clients: 1, corpus: 2, objectives: 33, executions: 11, exec/sec: 2.344
[Objective #0] run time: 0h-0m-4s, clients: 1, corpus: 2, objectives: 34, executions: 11, exec/sec: 2.276
[Objective #0] run time: 0h-0m-4s, clients: 1, corpus: 2, objectives: 35, executions: 11, exec/sec: 2.206
[Objective #0] run time: 0h-0m-5s, clients: 1, corpus: 2, objectives: 36, executions: 11, exec/sec: 2.142
[Objective #0] run time: 0h-0m-5s, clients: 1, corpus: 2, objectives: 37, executions: 11, exec/sec: 2.084
[Objective #0] run time: 0h-0m-5s, clients: 1, corpus: 2, objectives: 38, executions: 11, exec/sec: 2.030
[Objective #0] run time: 0h-0m-5s, clients: 1, corpus: 2, objectives: 39, executions: 11, exec/sec: 1.984
[Objective #0] run time: 0h-0m-5s, clients: 1, corpus: 2, objectives: 40, executions: 11, exec/sec: 1.942
[Objective #0] run time: 0h-0m-5s, clients: 1, corpus: 2, objectives: 41, executions: 11, exec/sec: 1.885
[Objective #0] run time: 0h-0m-6s, clients: 1, corpus: 2, objectives: 42, executions: 11, exec/sec: 1.833
[Objective #0] run time: 0h-0m-6s, clients: 1, corpus: 2, objectives: 43, executions: 11, exec/sec: 1.790
[Objective #0] run time: 0h-0m-6s, clients: 1, corpus: 2, objectives: 44, executions: 11, exec/sec: 1.752
[Objective #0] run time: 0h-0m-6s, clients: 1, corpus: 2, objectives: 45, executions: 11, exec/sec: 1.714
[Objective #0] run time: 0h-0m-6s, clients: 1, corpus: 2, objectives: 46, executions: 11, exec/sec: 1.669
[Objective #0] run time: 0h-0m-6s, clients: 1, corpus: 2, objectives: 47, executions: 11, exec/sec: 1.637
[Objective #0] run time: 0h-0m-6s, clients: 1, corpus: 2, objectives: 48, executions: 11, exec/sec: 1.603
[Objective #0] run time: 0h-0m-7s, clients: 1, corpus: 2, objectives: 49, executions: 11, exec/sec: 1.573
[Objective #0] run time: 0h-0m-7s, clients: 1, corpus: 2, objectives: 50, executions: 11, exec/sec: 1.540
[Objective #0] run time: 0h-0m-7s, clients: 1, corpus: 2, objectives: 51, executions: 11, exec/sec: 1.512
[Objective #0] run time: 0h-0m-7s, clients: 1, corpus: 2, objectives: 52, executions: 11, exec/sec: 1.487
[Objective #0] run time: 0h-0m-7s, clients: 1, corpus: 2, objectives: 53, executions: 11, exec/sec: 1.460
[Objective #0] run time: 0h-0m-7s, clients: 1, corpus: 2, objectives: 54, executions: 11, exec/sec: 1.434
[Objective #0] run time: 0h-0m-7s, clients: 1, corpus: 2, objectives: 55, executions: 11, exec/sec: 1.405
[Objective #0] run time: 0h-0m-8s, clients: 1, corpus: 2, objectives: 56, executions: 11, exec/sec: 1.375
[Objective #0] run time: 0h-0m-8s, clients: 1, corpus: 2, objectives: 57, executions: 11, exec/sec: 1.350
[Objective #0] run time: 0h-0m-8s, clients: 1, corpus: 2, objectives: 58, executions: 11, exec/sec: 1.322
[Objective #0] run time: 0h-0m-8s, clients: 1, corpus: 2, objectives: 59, executions: 11, exec/sec: 1.302
[Objective #0] run time: 0h-0m-8s, clients: 1, corpus: 2, objectives: 60, executions: 11, exec/sec: 1.281
Crash limit reached: 1
[?25h[1;91m

+++ Testing aborted programmatically +++
[0m[1;94m[*] [0mStatistics: 21 new corpus items found, 45.33% coverage achieved, 1 crashes saved, 0 timeouts saved, total runtime 0 days, 0 hrs, 0 min, 39 sec[0m
[1;92m[+] [0mWe're done here. Have a nice day!
[0m
[1;94m[*] [0mFuzzing test case #25 (31 total, 0 crashes saved, state: in progress, mode=explore, perf_score=0, weight=0, favorite=1, was_fuzzed=0, exec_us=1295, hits=40, map=22, ascii=0, run_time=0:00:07:18)...[0m
[1;94m[*] [0mFuzzing test case #27 (31 total, 0 crashes saved, state: in progress, mode=explore, perf_score=150, weight=28, favorite=1, was_fuzzed=0, exec_us=1491, hits=3, map=26, ascii=0, run_time=0:00:07:18)...[0m
[1;94m[*] [0mFuzzing test case #32 (35 total, 0 crashes saved, state: in progress, mode=explore, perf_score=0, weight=0, favorite=1, was_fuzzed=0, exec_us=2342, hits=1, map=24, ascii=0, run_time=0:00:07:39)...[0m
[1;94m[*] [0mFuzzing test case #26 (35 total, 0 crashes saved, state: in progress, mode=explore, perf_score=300, weight=1672, favorite=1, was_fuzzed=0, exec_us=1288, hits=5, map=27, ascii=0, run_time=0:00:07:39)...[0m
[1;94m[*] [0mFuzzing test case #24 (38 total, 0 crashes saved, state: in progress, mode=explore, perf_score=300, weight=603, favorite=1, was_fuzzed=0, exec_us=1315, hits=7, map=27, ascii=0, run_time=0:00:07:41)...[0m
[1;94m[*] [0mFuzzing test case #15 (38 total, 0 crashes saved, state: in progress, mode=explore, perf_score=300, weight=274, favorite=1, was_fuzzed=0, exec_us=1701, hits=87, map=22, ascii=0, run_time=0:00:07:42)...[0m
[1;94m[*] [0mFuzzing test case #11 (39 total, 0 crashes saved, state: in progress, mode=explore, perf_score=300, weight=130, favorite=1, was_fuzzed=0, exec_us=3610, hits=87, map=22, ascii=0, run_time=0:00:07:43)...[0m
[1;94m[*] [0mFuzzing test case #20 (40 total, 0 crashes saved, state: in progress, mode=explore, perf_score=300, weight=830, favorite=1, was_fuzzed=0, exec_us=1340, hits=2, map=26, ascii=0, run_time=0:00:07:45)...[0m
[1;94m[*] [0mFuzzing test case #16 (41 total, 0 crashes saved, state: in progress, mode=explore, perf_score=300, weight=320, favorite=1, was_fuzzed=0, exec_us=1586, hits=66, map=24, ascii=0, run_time=0:00:08:04)...[0m
[1;94m[*] [0mFuzzing test case #24 (42 total, 0 crashes saved, state: in progress, mode=explore, perf_score=690, weight=215, favorite=1, was_fuzzed=1, exec_us=1315, hits=24, map=27, ascii=0, run_time=0:00:08:06)...[0m
[1;94m[*] [0mFuzzing test case #15 (43 total, 0 crashes saved, state: in progress, mode=explore, perf_score=345, weight=1546, favorite=1, was_fuzzed=1, exec_us=1701, hits=96, map=22, ascii=0, run_time=0:00:08:09)...[0m
[1;94m[*] [0mFuzzing test case #15 (43 total, 0 crashes saved, state: in progress, mode=explore, perf_score=345, weight=1546, favorite=1, was_fuzzed=1, exec_us=1701, hits=117, map=22, ascii=0, run_time=0:00:08:23)...[0m
[1;94m[*] [0mFuzzing test case #15 (43 total, 0 crashes saved, state: in progress, mode=explore, perf_score=345, weight=1546, favorite=1, was_fuzzed=1, exec_us=1701, hits=151, map=22, ascii=0, run_time=0:00:08:24)...[0m
[1;94m[*] [0mFuzzing test case #15 (44 total, 0 crashes saved, state: in progress, mode=explore, perf_score=345, weight=1423, favorite=1, was_fuzzed=1, exec_us=1701, hits=173, map=22, ascii=0, run_time=0:00:08:25)...[0m
[1;94m[*] [0mFuzzing test case #15 (44 total, 0 crashes saved, state: in progress, mode=explore, perf_score=345, weight=1423, favorite=1, was_fuzzed=1, exec_us=1701, hits=227, map=22, ascii=0, run_time=0:00:08:39)...[0m
[1;94m[*] [0mFuzzing test case #15 (44 total, 0 crashes saved, state: in progress, mode=explore, perf_score=345, weight=1423, favorite=1, was_fuzzed=1, exec_us=1701, hits=242, map=22, ascii=0, run_time=0:00:08:40)...[0m
[1;94m[*] [0mFuzzing test case #15 (44 total, 0 crashes saved, state: in progress, mode=explore, perf_score=345, weight=1423, favorite=1, was_fuzzed=1, exec_us=1701, hits=260, map=22, ascii=0, run_time=0:00:08:42)...[0m
[1;94m[*] [0mFuzzing test case #26 (44 total, 0 crashes saved, state: in progress, mode=explore, perf_score=345, weight=424, favorite=1, was_fuzzed=1, exec_us=1288, hits=165, map=27, ascii=0, run_time=0:00:08:43)...[0m
[1;94m[*] [0mFuzzing test case #15 (44 total, 0 crashes saved, state: in progress, mode=explore, perf_score=345, weight=1423, favorite=1, was_fuzzed=1, exec_us=1701, hits=303, map=22, ascii=0, run_time=0:00:08:45)...[0m
[1;94m[*] [0mFuzzing test case #0 (44 total, 0 crashes saved, state: in progress, mode=explore, perf_score=1380, weight=102, favorite=1, was_fuzzed=1, exec_us=6041, hits=0, map=22, ascii=0, run_time=0:00:08:46)...[0m
[1;94m[*] [0mFuzzing test case #15 (44 total, 0 crashes saved, state: in progress, mode=explore, perf_score=345, weight=1423, favorite=1, was_fuzzed=1, exec_us=1701, hits=311, map=22, ascii=0, run_time=0:00:09:01)...[0m
[1;94m[*] [0mFuzzing test case #26 (44 total, 0 crashes saved, state: in progress, mode=explore, perf_score=345, weight=424, favorite=1, was_fuzzed=1, exec_us=1288, hits=252, map=27, ascii=0, run_time=0:00:09:02)...[0m
[1;94m[*] [0mFuzzing test case #15 (44 total, 0 crashes saved, state: in progress, mode=explore, perf_score=345, weight=1423, favorite=1, was_fuzzed=1, exec_us=1701, hits=324, map=22, ascii=0, run_time=0:00:09:04)...[0m
[1;94m[*] [0mFuzzing test case #26 (44 total, 0 crashes saved, state: in progress, mode=explore, perf_score=345, weight=424, favorite=1, was_fuzzed=1, exec_us=1288, hits=351, map=27, ascii=0, run_time=0:00:09:05)...[0m
[1;94m[*] [0mFuzzing test case #15 (44 total, 0 crashes saved, state: in progress, mode=explore, perf_score=345, weight=1423, favorite=1, was_fuzzed=1, exec_us=1701, hits=347, map=22, ascii=0, run_time=0:00:09:07)...[0m
[1;94m[*] [0mFuzzing test case #15 (44 total, 0 crashes saved, state: in progress, mode=explore, perf_score=345, weight=1423, favorite=1, was_fuzzed=1, exec_us=1701, hits=349, map=22, ascii=0, run_time=0:00:09:22)...[0m
[1;94m[*] [0mFuzzing test case #25 (44 total, 0 crashes saved, state: in progress, mode=explore, perf_score=345, weight=175, favorite=1, was_fuzzed=1, exec_us=1295, hits=63, map=22, ascii=0, run_time=0:00:09:23)...[0m
[1;94m[*] [0mFuzzing test case #15 (44 total, 0 crashes saved, state: in progress, mode=explore, perf_score=345, weight=1423, favorite=1, was_fuzzed=1, exec_us=1701, hits=355, map=22, ascii=0, run_time=0:00:09:24)...[0m
[1;94m[*] [0mFuzzing test case #32 (44 total, 0 crashes saved, state: in progress, mode=explore, perf_score=1035, weight=169, favorite=1, was_fuzzed=1, exec_us=2342, hits=7, map=24, ascii=0, run_time=0:00:09:25)...[0m
[1;94m[*] [0mFuzzing test case #15 (45 total, 0 crashes saved, state: in progress, mode=explore, perf_score=345, weight=1292, favorite=1, was_fuzzed=1, exec_us=1701, hits=367, map=22, ascii=0, run_time=0:00:09:37)...[0m
[1;94m[*] [0mFuzzing test case #26 (45 total, 0 crashes saved, state: in progress, mode=explore, perf_score=345, weight=379, favorite=1, was_fuzzed=1, exec_us=1288, hits=400, map=27, ascii=0, run_time=0:00:09:39)...[0m
[1;94m[*] [0mFuzzing test case #27 (46 total, 0 crashes saved, state: in progress, mode=explore, perf_score=345, weight=155, favorite=1, was_fuzzed=1, exec_us=1491, hits=57, map=26, ascii=0, run_time=0:00:09:49)...[0m
[1;94m[*] [0mFuzzing test case #15 (46 total, 0 crashes saved, state: in progress, mode=explore, perf_score=345, weight=1282, favorite=1, was_fuzzed=1, exec_us=1701, hits=391, map=22, ascii=0, run_time=0:00:09:51)...[0m
[1;94m[*] [0mFuzzing test case #20 (46 total, 0 crashes saved, state: in progress, mode=explore, perf_score=345, weight=183, favorite=1, was_fuzzed=1, exec_us=1340, hits=40, map=26, ascii=0, run_time=0:00:09:52)...[0m
[1;94m[*] [0mFuzzing test case #15 (46 total, 0 crashes saved, state: in progress, mode=explore, perf_score=345, weight=1282, favorite=1, was_fuzzed=1, exec_us=1701, hits=417, map=22, ascii=0, run_time=0:00:09:53)...[0m
[1;94m[*] [0mFuzzing test case #26 (46 total, 0 crashes saved, state: in progress, mode=explore, perf_score=345, weight=367, favorite=1, was_fuzzed=1, exec_us=1288, hits=498, map=27, ascii=0, run_time=0:00:09:54)...[0m
[1;94m[*] [0mFuzzing test case #16 (46 total, 0 crashes saved, state: in progress, mode=explore, perf_score=345, weight=194, favorite=1, was_fuzzed=1, exec_us=1586, hits=159, map=24, ascii=0, run_time=0:00:09:56)...[0m
[1;94m[*] [0mFuzzing test case #15 (46 total, 0 crashes saved, state: in progress, mode=explore, perf_score=345, weight=1282, favorite=1, was_fuzzed=1, exec_us=1701, hits=430, map=22, ascii=0, run_time=0:00:10:03)...[0m
[1;94m[*] [0mFuzzing test case #25 (46 total, 0 crashes saved, state: in progress, mode=explore, perf_score=345, weight=149, favorite=1, was_fuzzed=1, exec_us=1295, hits=159, map=22, ascii=0, run_time=0:00:10:04)...[0m
[1;94m[*] [0mFuzzing test case #16 (46 total, 0 crashes saved, state: in progress, mode=explore, perf_score=345, weight=194, favorite=1, was_fuzzed=1, exec_us=1586, hits=184, map=24, ascii=0, run_time=0:00:10:05)...[0m
[1;94m[*] [0mFuzzing test case #16 (46 total, 0 crashes saved, state: in progress, mode=explore, perf_score=345, weight=194, favorite=1, was_fuzzed=1, exec_us=1586, hits=204, map=24, ascii=0, run_time=0:00:10:06)...[0m
[1;94m[*] [0mFuzzing test case #25 (46 total, 0 crashes saved, state: in progress, mode=explore, perf_score=345, weight=149, favorite=1, was_fuzzed=1, exec_us=1295, hits=208, map=22, ascii=0, run_time=0:00:10:15)...[0m
[1;94m[*] [0mFuzzing test case #11 (47 total, 0 crashes saved, state: in progress, mode=explore, perf_score=345, weight=50, favorite=1, was_fuzzed=1, exec_us=3610, hits=197, map=22, ascii=0, run_time=0:00:10:16)...[0m
[1;94m[*] [0mFuzzing test case #15 (48 total, 0 crashes saved, state: in progress, mode=explore, perf_score=345, weight=1258, favorite=1, was_fuzzed=1, exec_us=1701, hits=453, map=22, ascii=0, run_time=0:00:10:18)...[0m
[1;94m[*] [0mFuzzing test case #15 (48 total, 0 crashes saved, state: in progress, mode=explore, perf_score=345, weight=1258, favorite=1, was_fuzzed=1, exec_us=1701, hits=460, map=22, ascii=0, run_time=0:00:10:19)...[0m
[1;94m[*] [0mFuzzing test case #26 (48 total, 0 crashes saved, state: in progress, mode=explore, perf_score=345, weight=357, favorite=1, was_fuzzed=1, exec_us=1288, hits=595, map=27, ascii=0, run_time=0:00:10:20)...[0m
[1;94m[*] [0mFuzzing test case #26 (48 total, 0 crashes saved, state: in progress, mode=explore, perf_score=345, weight=357, favorite=1, was_fuzzed=1, exec_us=1288, hits=682, map=27, ascii=0, run_time=0:00:10:22)...[0m
[1;94m[*] [0mFuzzing test case #27 (48 total, 0 crashes saved, state: in progress, mode=explore, perf_score=345, weight=142, favorite=1, was_fuzzed=1, exec_us=1491, hits=95, map=26, ascii=0, run_time=0:00:10:27)...[0m
[1;94m[*] [0mFuzzing test case #25 (48 total, 0 crashes saved, state: in progress, mode=explore, perf_score=345, weight=137, favorite=1, was_fuzzed=1, exec_us=1295, hits=236, map=22, ascii=0, run_time=0:00:10:29)...[0m
[1;94m[*] [0mFuzzing test case #15 (48 total, 0 crashes saved, state: in progress, mode=explore, perf_score=345, weight=1258, favorite=1, was_fuzzed=1, exec_us=1701, hits=485, map=22, ascii=0, run_time=0:00:10:30)...[0m
[1;94m[*] [0mFuzzing test case #15 (48 total, 0 crashes saved, state: in progress, mode=explore, perf_score=345, weight=1258, favorite=1, was_fuzzed=1, exec_us=1701, hits=486, map=22, ascii=0, run_time=0:00:10:31)...[0m
[1;94m[*] [0mEntering queue cycle 2.[0m
[1;94m[*] [0mFuzzing test case #26 (48 total, 0 crashes saved, state: in progress, mode=explore, perf_score=345, weight=357, favorite=1, was_fuzzed=1, exec_us=1288, hits=768, map=27, ascii=0, run_time=0:00:10:32)...[0m
[1;94m[*] [0mFuzzing test case #43 (49 total, 0 crashes saved, state: in progress, mode=explore, perf_score=300, weight=37, favorite=0, was_fuzzed=0, exec_us=1354, hits=12, map=27, ascii=0, run_time=0:00:10:33)...[0m
[1;94m[*] [0mFuzzing test case #3 (51 total, 0 crashes saved, state: in progress, mode=explore, perf_score=300, weight=4, favorite=0, was_fuzzed=0, exec_us=3962, hits=2043, map=23, ascii=0, run_time=0:00:10:35)...[0m
[1;94m[*] [0mFuzzing test case #15 (51 total, 0 crashes saved, state: in progress, mode=explore, perf_score=345, weight=1237, favorite=1, was_fuzzed=1, exec_us=1701, hits=514, map=22, ascii=0, run_time=0:00:10:43)...[0m
[1;94m[*] [0mFuzzing test case #15 (52 total, 0 crashes saved, state: in progress, mode=explore, perf_score=345, weight=1235, favorite=1, was_fuzzed=1, exec_us=1701, hits=517, map=22, ascii=0, run_time=0:00:10:45)...[0m
[1;94m[*] [0mFuzzing test case #15 (54 total, 0 crashes saved, state: in progress, mode=explore, perf_score=345, weight=1231, favorite=1, was_fuzzed=1, exec_us=1701, hits=523, map=22, ascii=0, run_time=0:00:10:46)...[0m
[1;94m[*] [0mFuzzing test case #15 (54 total, 0 crashes saved, state: in progress, mode=explore, perf_score=345, weight=1231, favorite=1, was_fuzzed=1, exec_us=1701, hits=532, map=22, ascii=0, run_time=0:00:10:47)...[0m
[1;94m[*] [0mFuzzing test case #20 (54 total, 0 crashes saved, state: in progress, mode=explore, perf_score=345, weight=161, favorite=1, was_fuzzed=1, exec_us=1340, hits=58, map=26, ascii=0, run_time=0:00:10:49)...[0m
[1;94m[*] [0mFuzzing test case #15 (54 total, 0 crashes saved, state: in progress, mode=explore, perf_score=345, weight=1231, favorite=1, was_fuzzed=1, exec_us=1701, hits=549, map=22, ascii=0, run_time=0:00:10:50)...[0m
[1;94m[*] [0mFuzzing test case #15 (54 total, 0 crashes saved, state: in progress, mode=explore, perf_score=345, weight=1231, favorite=1, was_fuzzed=1, exec_us=1701, hits=579, map=22, ascii=0, run_time=0:00:10:51)...[0m
[1;94m[*] [0mFuzzing test case #0 (54 total, 0 crashes saved, state: in progress, mode=explore, perf_score=1380, weight=94, favorite=1, was_fuzzed=1, exec_us=6041, hits=0, map=22, ascii=0, run_time=0:00:11:03)...[0m
[1;94m[*] [0mFuzzing test case #18 (54 total, 0 crashes saved, state: in progress, mode=explore, perf_score=300, weight=19, favorite=0, was_fuzzed=0, exec_us=1394, hits=74, map=27, ascii=0, run_time=0:00:11:05)...[0m
[1;94m[*] [0mFuzzing test case #15 (54 total, 0 crashes saved, state: in progress, mode=explore, perf_score=345, weight=1208, favorite=1, was_fuzzed=1, exec_us=1701, hits=619, map=22, ascii=0, run_time=0:00:11:06)...[0m
[1;94m[*] [0mFuzzing test case #15 (54 total, 0 crashes saved, state: in progress, mode=explore, perf_score=345, weight=1208, favorite=1, was_fuzzed=1, exec_us=1701, hits=628, map=22, ascii=0, run_time=0:00:11:07)...[0m
[1;94m[*] [0mFuzzing test case #15 (54 total, 0 crashes saved, state: in progress, mode=explore, perf_score=345, weight=1208, favorite=1, was_fuzzed=1, exec_us=1701, hits=654, map=22, ascii=0, run_time=0:00:11:08)...[0m
[1;94m[*] [0mFuzzing test case #15 (57 total, 0 crashes saved, state: in progress, mode=explore, perf_score=345, weight=1201, favorite=1, was_fuzzed=1, exec_us=1701, hits=676, map=22, ascii=0, run_time=0:00:11:10)...[0m
[1;94m[*] [0mFuzzing test case #26 (57 total, 0 crashes saved, state: in progress, mode=explore, perf_score=345, weight=338, favorite=1, was_fuzzed=1, exec_us=1288, hits=807, map=27, ascii=0, run_time=0:00:11:11)...[0m
[1;94m[*] [0mFuzzing test case #15 (57 total, 0 crashes saved, state: in progress, mode=explore, perf_score=345, weight=1201, favorite=1, was_fuzzed=1, exec_us=1701, hits=680, map=22, ascii=0, run_time=0:00:11:14)...[0m
[1;94m[*] [0mFuzzing test case #16 (57 total, 0 crashes saved, state: in progress, mode=explore, perf_score=345, weight=172, favorite=1, was_fuzzed=1, exec_us=1586, hits=264, map=24, ascii=0, run_time=0:00:11:15)...[0m
[1;94m[*] [0mFuzzing test case #26 (57 total, 0 crashes saved, state: in progress, mode=explore, perf_score=345, weight=338, favorite=1, was_fuzzed=1, exec_us=1288, hits=864, map=27, ascii=0, run_time=0:00:11:17)...[0m
[1;94m[*] [0mFuzzing test case #26 (57 total, 0 crashes saved, state: in progress, mode=explore, perf_score=345, weight=338, favorite=1, was_fuzzed=1, exec_us=1288, hits=945, map=27, ascii=0, run_time=0:00:11:18)...[0m
[1;94m[*] [0mFuzzing test case #21 (57 total, 0 crashes saved, state: in progress, mode=explore, perf_score=300, weight=20, favorite=0, was_fuzzed=0, exec_us=1327, hits=48, map=24, ascii=0, run_time=0:00:11:19)...[0m
[1;94m[*] [0mFuzzing test case #15 (57 total, 0 crashes saved, state: in progress, mode=explore, perf_score=345, weight=1198, favorite=1, was_fuzzed=1, exec_us=1701, hits=694, map=22, ascii=0, run_time=0:00:11:20)...[0m
[1;94m[*] [0mFuzzing test case #15 (58 total, 0 crashes saved, state: in progress, mode=explore, perf_score=345, weight=1196, favorite=1, was_fuzzed=1, exec_us=1701, hits=702, map=22, ascii=0, run_time=0:00:11:27)...[0m
[1;94m[*] [0mFuzzing test case #58 (59 total, 0 crashes saved, state: in progress, mode=explore, perf_score=0, weight=0, favorite=1, was_fuzzed=0, exec_us=1228, hits=1, map=26, ascii=0, run_time=0:00:11:28)...[0m
[1;94m[*] [0mFuzzing test case #58 (59 total, 0 crashes saved, state: in progress, mode=explore, perf_score=2760, weight=1621, favorite=1, was_fuzzed=1, exec_us=1228, hits=1, map=26, ascii=0, run_time=0:00:11:28)...[0m
[1;94m[*] [0mFuzzing test case #59 (62 total, 0 crashes saved, state: in progress, mode=explore, perf_score=0, weight=0, favorite=1, was_fuzzed=0, exec_us=1142, hits=9, map=26, ascii=0, run_time=0:00:11:51)...[0m
[1;94m[*] [0mFuzzing test case #60 (62 total, 0 crashes saved, state: in progress, mode=explore, perf_score=1200, weight=661, favorite=1, was_fuzzed=0, exec_us=1146, hits=21, map=26, ascii=0, run_time=0:00:11:51)...[0m
[1;94m[*] [0mFuzzing test case #59 (62 total, 0 crashes saved, state: in progress, mode=explore, perf_score=2070, weight=846, favorite=1, was_fuzzed=1, exec_us=1142, hits=9, map=26, ascii=0, run_time=0:00:11:57)...[0m
[?25h[1;91m

+++ Testing aborted programmatically +++
[0m[1;94m[*] [0mStatistics: 61 new corpus items found, 50.67% coverage achieved, 1 crashes saved, 0 timeouts saved, total runtime 0 days, 0 hrs, 11 min, 58 sec[0m
[1;92m[+] [0mWe're done here. Have a nice day!
[0m
