JOB timestamp: Tue Dec 19 10:49:38 MST 2023
JOB ID: 121825
Array Task ID: 6
Current directory: /lfs/koff9454.ui/projects/plc_runtime_fuzzer/code_analysis/src
r1i2n11
gcc (Spack GCC) 12.1.0
Copyright (C) 2022 Free Software Foundation, Inc.
This is free software; see the source for copying conditions.  There is NO
warranty; not even for MERCHANTABILITY or FITNESS FOR A PARTICULAR PURPOSE.

Python 3.11.5
/lfs/koff9454.ui/miniconda3/envs/plc/bin/python
matiec version 0.1
changeset id: 
Number of programs: 3
Programs: depth_1 depth_2 depth_3
Fuzzing program: depth_1, Job ID: 6
input dir exist, skipping
harness file exist, skipping
Running the fuzzers
Workdir: "/lfs/koff9454.ui/projects/plc_runtime_fuzzer/code_analysis/src/programs/depth/depth_1/runs/run-6"
Out dir at "fuzzer-outdir" already exists.
Let's fuzz :)
[Stats #0] run time: 0h-0m-0s, clients: 1, corpus: 0, objectives: 0, executions: 0, exec/sec: 0.000
[Testcase #0] run time: 0h-0m-0s, clients: 1, corpus: 1, objectives: 0, executions: 1, exec/sec: 0.000
We imported 1 inputs from disk.
[Stats #0] run time: 0h-0m-0s, clients: 1, corpus: 1, objectives: 0, executions: 1, exec/sec: 0.000
[Testcase #0] run time: 0h-0m-0s, clients: 1, corpus: 2, objectives: 0, executions: 10, exec/sec: 0.000
[Objective #0] run time: 0h-0m-0s, clients: 1, corpus: 2, objectives: 1, executions: 10, exec/sec: 0.000
[Objective #0] run time: 0h-0m-0s, clients: 1, corpus: 2, objectives: 2, executions: 10, exec/sec: 0.000
[Objective #0] run time: 0h-0m-0s, clients: 1, corpus: 2, objectives: 3, executions: 10, exec/sec: 0.000
[Objective #0] run time: 0h-0m-1s, clients: 1, corpus: 2, objectives: 4, executions: 10, exec/sec: 8.838
[Objective #0] run time: 0h-0m-1s, clients: 1, corpus: 2, objectives: 5, executions: 10, exec/sec: 7.102
[Objective #0] run time: 0h-0m-1s, clients: 1, corpus: 2, objectives: 6, executions: 10, exec/sec: 6.012
[Objective #0] run time: 0h-0m-1s, clients: 1, corpus: 2, objectives: 7, executions: 10, exec/sec: 5.260
[1;92m[+] [0mEnabled environment variable AFL_BENCH_UNTIL_CRASH with value 1[0m
[1;92m[+] [0mEnabled environment variable AFL_IGNORE_SEED_PROBLEMS with value 1[0m
[1;92m[+] [0mEnabled environment variable AFL_I_DONT_CARE_ABOUT_MISSING_CRASHES with value 1[0m
[1;92m[+] [0mEnabled environment variable AFL_SKIP_CPUFREQ with value 1[0m
[1;92m[+] [0mEnabled environment variable AFL_TRY_AFFINITY with value 1[0m
[1;93m[!] [1;97mWARNING: [0mPotentially mistyped AFL environment variable: USE_PCM_DB=2, did you mean AFL_USE_PCM_DB=2?[0m
[0;36mafl-fuzz++4.09a[0m based on afl by Michal Zalewski and a large online community
[1;92m[+] [0mAFL++ is maintained by Marc "van Hauser" Heuse, Dominik Maier, Andrea Fioraldi and Heiko "hexcoder" Eißfeldt[0m
[1;92m[+] [0mAFL++ is open source, get it at https://github.com/AFLplusplus/AFLplusplus[0m
[1;92m[+] [0mNOTE: AFL++ >= v3 has changed defaults and behaviours - see README.md[0m
[1;92m[+] [0mNo -M/-S set, autoconfiguring for "-S default"[0m
[1;94m[*] [0mGetting to work...[0m
[1;92m[+] [0mUsing exponential power schedule (FAST)[0m
[1;92m[+] [0mEnabled testcache with 50 MB[0m
[1;92m[+] [0mGenerating fuzz data with a length of min=1 max=1048576[0m
[1;94m[*] [0mChecking core_pattern...[0m

[1;91m[-] [0mHmm, your system is configured to send core dump notifications to an
    external utility. This will cause issues: there will be an extended delay
    between stumbling upon a crash and having this information relayed to the
    fuzzer via the standard waitpid() API.
    If you're just testing, set 'AFL_I_DONT_CARE_ABOUT_MISSING_CRASHES=1'.

    To avoid having crashes misinterpreted as timeouts, please log in as root
    and temporarily modify /proc/sys/kernel/core_pattern, like so:

    echo core >/proc/sys/kernel/core_pattern
[1;92m[+] [0mLooks like we're not running on a tty, so I'll be a bit less verbose.[0m
[1;92m[+] [0mYou have 36 CPU cores and 15 runnable tasks (utilization: 42%).[0m
[1;92m[+] [0mTry parallel jobs - see /usr/local/share/doc/afl/fuzzing_in_depth.md#c-using-multiple-cores[0m
[1;94m[*] [0mSetting up output directories...[0m
[1;94m[*] [0mChecking CPU core loadout...[0m
[1;92m[+] [0mFound a free CPU core, try binding to #2.[0m
[1;94m[*] [0mScanning 'afl-indir'...[0m
[1;92m[+] [0mLoaded a total of 1 seeds.[0m
[1;94m[*] [0mCreating hard links for all input files...[0m
[1;94m[*] [0mValidating target binary...[0m
[1;94m[*] [0mSpinning up the fork server...[0m
[1;92m[+] [0mAll right - fork server is up.[0m
[1;94m[*] [0mTarget map size: 59[0m
[1;94m[*] [0mNo auto-generated dictionary tokens to reuse.[0m
[1;94m[*] [0mLoading extra dictionary from 'afl-inputs.dict' (level 0)...[0m
[1;94m[*] [0mLoaded 66 extra tokens, size range 4 B to 6 B.[0m
[1;92m[+] [0mLoaded a total of 5 extras.[0m
[1;94m[*] [0mAttempting dry run with 'id:000000,time:0,execs:0,orig:testcase.txt'...[0m
[1;90m    len = 3, map size = 16, exec speed = 1119 us, hash = 26782fe75b855ca7
[0m[1;92m[+] [0mAll test cases processed.[0m
[1;92m[+] [0mHere are some useful stats:

[1;90m    Test case count : [0m1 favored, 0 variable, 0 ignored, 1 total
[1;90m       Bitmap range : [0m16 to 16 bits (average: 16.00 bits)
[1;90m        Exec timing : [0m1119 to 1119 us (average: 1119 us)
[0m
[1;94m[*] [0mNo -t option specified, so I'll use an exec timeout of 20 ms.[0m
[1;92m[+] [0mAll set and ready to roll![0m
[1;94m[*] [0mEntering queue cycle 1.[0m
[1;94m[*] [0mFuzzing test case #0 (1 total, 0 crashes saved, state: started :-), mode=explore, perf_score=0, weight=0, favorite=1, was_fuzzed=0, exec_us=1119, hits=0, map=16, ascii=0, run_time=0:00:00:00)...[0m
[1;92m[+] [0mEnabled environment variable AFL_BENCH_UNTIL_CRASH with value 1[0m
[1;92m[+] [0mEnabled environment variable AFL_IGNORE_SEED_PROBLEMS with value 1[0m
[1;92m[+] [0mEnabled environment variable AFL_I_DONT_CARE_ABOUT_MISSING_CRASHES with value 1[0m
[1;92m[+] [0mEnabled environment variable AFL_SKIP_CPUFREQ with value 1[0m
[1;92m[+] [0mEnabled environment variable AFL_TRY_AFFINITY with value 1[0m
[1;93m[!] [1;97mWARNING: [0mPotentially mistyped AFL environment variable: USE_PCM_DB=2, did you mean AFL_USE_PCM_DB=2?[0m
[0;36mafl-fuzz++4.09a[0m based on afl by Michal Zalewski and a large online community
[1;92m[+] [0mAFL++ is maintained by Marc "van Hauser" Heuse, Dominik Maier, Andrea Fioraldi and Heiko "hexcoder" Eißfeldt[0m
[1;92m[+] [0mAFL++ is open source, get it at https://github.com/AFLplusplus/AFLplusplus[0m
[1;92m[+] [0mNOTE: AFL++ >= v3 has changed defaults and behaviours - see README.md[0m
[1;92m[+] [0mNo -M/-S set, autoconfiguring for "-S default"[0m
[1;94m[*] [0mGetting to work...[0m
[1;92m[+] [0mUsing exponential power schedule (FAST)[0m
[1;92m[+] [0mEnabled testcache with 50 MB[0m
[1;92m[+] [0mGenerating fuzz data with a length of min=1 max=1048576[0m
[1;94m[*] [0mChecking core_pattern...[0m

[1;91m[-] [0mHmm, your system is configured to send core dump notifications to an
    external utility. This will cause issues: there will be an extended delay
    between stumbling upon a crash and having this information relayed to the
    fuzzer via the standard waitpid() API.
    If you're just testing, set 'AFL_I_DONT_CARE_ABOUT_MISSING_CRASHES=1'.

    To avoid having crashes misinterpreted as timeouts, please log in as root
    and temporarily modify /proc/sys/kernel/core_pattern, like so:

    echo core >/proc/sys/kernel/core_pattern
[1;92m[+] [0mLooks like we're not running on a tty, so I'll be a bit less verbose.[0m
[1;92m[+] [0mYou have 36 CPU cores and 14 runnable tasks (utilization: 39%).[0m
[1;92m[+] [0mTry parallel jobs - see /usr/local/share/doc/afl/fuzzing_in_depth.md#c-using-multiple-cores[0m
[1;94m[*] [0mSetting up output directories...[0m
[1;94m[*] [0mChecking CPU core loadout...[0m
[1;92m[+] [0mFound a free CPU core, try binding to #6.[0m
[1;94m[*] [0mScanning 'our-indir'...[0m
[1;92m[+] [0mLoaded a total of 1 seeds.[0m
[1;94m[*] [0mCreating hard links for all input files...[0m
[1;94m[*] [0mValidating target binary...[0m
[1;94m[*] [0mSpinning up the fork server...[0m
[1;92m[+] [0mAll right - fork server is up.[0m
[1;94m[*] [0mTarget map size: 59[0m
[1;94m[*] [0mNo auto-generated dictionary tokens to reuse.[0m
[1;94m[*] [0mLoading extra dictionary from 'our-inputs.dict' (level 0)...[0m
[1;94m[*] [0mLoaded 66 extra tokens, size range 4 B to 6 B.[0m
[1;92m[+] [0mLoaded a total of 5 extras.[0m
[1;94m[*] [0mAttempting dry run with 'id:000000,time:0,execs:0,orig:variables.txt'...[0m
[1;90m    len = 308, map size = 17, exec speed = 1218 us, hash = d7117ca9a15ca271
[0m[1;92m[+] [0mAll test cases processed.[0m
[1;92m[+] [0mHere are some useful stats:

[1;90m    Test case count : [0m1 favored, 0 variable, 0 ignored, 1 total
[1;90m       Bitmap range : [0m17 to 17 bits (average: 17.00 bits)
[1;90m        Exec timing : [0m1218 to 1218 us (average: 1218 us)
[0m
[1;94m[*] [0mNo -t option specified, so I'll use an exec timeout of 20 ms.[0m
[1;92m[+] [0mAll set and ready to roll![0m
[1;94m[*] [0mEntering queue cycle 1.[0m
[1;94m[*] [0mFuzzing test case #0 (1 total, 0 crashes saved, state: started :-), mode=explore, perf_score=0, weight=0, favorite=1, was_fuzzed=0, exec_us=1218, hits=0, map=17, ascii=0, run_time=0:00:00:00)...[0m
[Objective #0] run time: 0h-0m-2s, clients: 1, corpus: 2, objectives: 8, executions: 10, exec/sec: 4.712
[Objective #0] run time: 0h-0m-2s, clients: 1, corpus: 2, objectives: 9, executions: 10, exec/sec: 4.220
[Objective #0] run time: 0h-0m-2s, clients: 1, corpus: 2, objectives: 10, executions: 10, exec/sec: 3.880
[Objective #0] run time: 0h-0m-2s, clients: 1, corpus: 2, objectives: 11, executions: 10, exec/sec: 3.470
[Objective #0] run time: 0h-0m-3s, clients: 1, corpus: 2, objectives: 12, executions: 10, exec/sec: 3.206
[Objective #0] run time: 0h-0m-3s, clients: 1, corpus: 2, objectives: 13, executions: 10, exec/sec: 2.975
[Objective #0] run time: 0h-0m-3s, clients: 1, corpus: 2, objectives: 14, executions: 10, exec/sec: 2.737
[Objective #0] run time: 0h-0m-4s, clients: 1, corpus: 2, objectives: 15, executions: 10, exec/sec: 2.495
[Objective #0] run time: 0h-0m-4s, clients: 1, corpus: 2, objectives: 16, executions: 10, exec/sec: 2.297
[Objective #0] run time: 0h-0m-4s, clients: 1, corpus: 2, objectives: 17, executions: 10, exec/sec: 2.130
[?25h[1;91m

+++ Testing aborted programmatically +++
[0m[1;94m[*] [0mStatistics: 18 new corpus items found, 45.76% coverage achieved, 1 crashes saved, 0 timeouts saved, total runtime 0 days, 0 hrs, 0 min, 2 sec[0m
[1;92m[+] [0mWe're done here. Have a nice day!
[0m
[Objective #0] run time: 0h-0m-5s, clients: 1, corpus: 2, objectives: 18, executions: 10, exec/sec: 1.990
[Objective #0] run time: 0h-0m-5s, clients: 1, corpus: 2, objectives: 19, executions: 10, exec/sec: 1.922
[Objective #0] run time: 0h-0m-5s, clients: 1, corpus: 2, objectives: 20, executions: 10, exec/sec: 1.823
[Objective #0] run time: 0h-0m-5s, clients: 1, corpus: 2, objectives: 21, executions: 10, exec/sec: 1.727
[Objective #0] run time: 0h-0m-6s, clients: 1, corpus: 2, objectives: 22, executions: 10, exec/sec: 1.651
[Objective #0] run time: 0h-0m-6s, clients: 1, corpus: 2, objectives: 23, executions: 10, exec/sec: 1.593
[Objective #0] run time: 0h-0m-6s, clients: 1, corpus: 2, objectives: 24, executions: 10, exec/sec: 1.497
[Objective #0] run time: 0h-0m-6s, clients: 1, corpus: 2, objectives: 25, executions: 10, exec/sec: 1.434
[Objective #0] run time: 0h-0m-7s, clients: 1, corpus: 2, objectives: 26, executions: 10, exec/sec: 1.402
[Objective #0] run time: 0h-0m-7s, clients: 1, corpus: 2, objectives: 27, executions: 10, exec/sec: 1.344
[Objective #0] run time: 0h-0m-7s, clients: 1, corpus: 2, objectives: 28, executions: 10, exec/sec: 1.298
[Objective #0] run time: 0h-0m-7s, clients: 1, corpus: 2, objectives: 29, executions: 10, exec/sec: 1.258
[Objective #0] run time: 0h-0m-8s, clients: 1, corpus: 2, objectives: 30, executions: 10, exec/sec: 1.228
[Objective #0] run time: 0h-0m-8s, clients: 1, corpus: 2, objectives: 31, executions: 10, exec/sec: 1.178
[Objective #0] run time: 0h-0m-8s, clients: 1, corpus: 2, objectives: 32, executions: 10, exec/sec: 1.155
[Objective #0] run time: 0h-0m-8s, clients: 1, corpus: 2, objectives: 33, executions: 10, exec/sec: 1.119
[Objective #0] run time: 0h-0m-9s, clients: 1, corpus: 2, objectives: 34, executions: 10, exec/sec: 1.094
[Objective #0] run time: 0h-0m-9s, clients: 1, corpus: 2, objectives: 35, executions: 10, exec/sec: 1.073
[Objective #0] run time: 0h-0m-9s, clients: 1, corpus: 2, objectives: 36, executions: 10, exec/sec: 1.053
[Objective #0] run time: 0h-0m-9s, clients: 1, corpus: 2, objectives: 37, executions: 10, exec/sec: 1.027
[Objective #0] run time: 0h-0m-9s, clients: 1, corpus: 2, objectives: 38, executions: 10, exec/sec: 1.005
[Objective #0] run time: 0h-0m-10s, clients: 1, corpus: 2, objectives: 39, executions: 10, exec/sec: 0.984
[Objective #0] run time: 0h-0m-10s, clients: 1, corpus: 2, objectives: 40, executions: 10, exec/sec: 0.956
[Objective #0] run time: 0h-0m-10s, clients: 1, corpus: 2, objectives: 41, executions: 10, exec/sec: 0.935
[Objective #0] run time: 0h-0m-10s, clients: 1, corpus: 2, objectives: 42, executions: 10, exec/sec: 0.912
[Objective #0] run time: 0h-0m-11s, clients: 1, corpus: 2, objectives: 43, executions: 10, exec/sec: 0.890
[Objective #0] run time: 0h-0m-11s, clients: 1, corpus: 2, objectives: 44, executions: 10, exec/sec: 0.858
[Objective #0] run time: 0h-0m-11s, clients: 1, corpus: 2, objectives: 45, executions: 10, exec/sec: 0.840
[Objective #0] run time: 0h-0m-12s, clients: 1, corpus: 2, objectives: 46, executions: 10, exec/sec: 0.826
[Objective #0] run time: 0h-0m-12s, clients: 1, corpus: 2, objectives: 47, executions: 10, exec/sec: 0.803
[Objective #0] run time: 0h-0m-12s, clients: 1, corpus: 2, objectives: 48, executions: 10, exec/sec: 0.787
[Objective #0] run time: 0h-0m-12s, clients: 1, corpus: 2, objectives: 49, executions: 10, exec/sec: 0.772
[Objective #0] run time: 0h-0m-13s, clients: 1, corpus: 2, objectives: 50, executions: 10, exec/sec: 0.752
[Objective #0] run time: 0h-0m-13s, clients: 1, corpus: 2, objectives: 51, executions: 10, exec/sec: 0.736
[Objective #0] run time: 0h-0m-13s, clients: 1, corpus: 2, objectives: 52, executions: 10, exec/sec: 0.719
[Objective #0] run time: 0h-0m-14s, clients: 1, corpus: 2, objectives: 53, executions: 10, exec/sec: 0.710
[Objective #0] run time: 0h-0m-14s, clients: 1, corpus: 2, objectives: 54, executions: 10, exec/sec: 0.702
[Objective #0] run time: 0h-0m-14s, clients: 1, corpus: 2, objectives: 55, executions: 10, exec/sec: 0.689
Crash limit reached: 1
[1;94m[*] [0mFuzzing test case #14 (31 total, 0 crashes saved, state: in progress, mode=explore, perf_score=0, weight=0, favorite=1, was_fuzzed=0, exec_us=1178, hits=347, map=16, ascii=0, run_time=0:00:09:30)...[0m
[1;94m[*] [0mFuzzing test case #29 (31 total, 0 crashes saved, state: in progress, mode=explore, perf_score=100, weight=23, favorite=1, was_fuzzed=0, exec_us=1074, hits=1, map=20, ascii=0, run_time=0:00:09:30)...[0m
[1;94m[*] [0mFuzzing test case #20 (34 total, 0 crashes saved, state: in progress, mode=explore, perf_score=100, weight=7, favorite=1, was_fuzzed=0, exec_us=1073, hits=95, map=16, ascii=0, run_time=0:00:09:31)...[0m
[1;94m[*] [0mFuzzing test case #19 (35 total, 0 crashes saved, state: in progress, mode=explore, perf_score=100, weight=15, favorite=1, was_fuzzed=0, exec_us=1055, hits=109, map=18, ascii=0, run_time=0:00:09:31)...[0m
[1;94m[*] [0mFuzzing test case #27 (35 total, 0 crashes saved, state: in progress, mode=explore, perf_score=100, weight=12, favorite=1, was_fuzzed=0, exec_us=1075, hits=9, map=20, ascii=0, run_time=0:00:09:31)...[0m
[1;94m[*] [0mFuzzing test case #16 (36 total, 0 crashes saved, state: in progress, mode=explore, perf_score=100, weight=6, favorite=1, was_fuzzed=0, exec_us=1174, hits=95, map=16, ascii=0, run_time=0:00:09:32)...[0m
[1;94m[*] [0mFuzzing test case #17 (36 total, 0 crashes saved, state: in progress, mode=explore, perf_score=100, weight=7, favorite=1, was_fuzzed=0, exec_us=1158, hits=105, map=16, ascii=0, run_time=0:00:09:32)...[0m
[1;94m[*] [0mFuzzing test case #10 (37 total, 0 crashes saved, state: in progress, mode=explore, perf_score=100, weight=5, favorite=1, was_fuzzed=0, exec_us=1282, hits=1060, map=16, ascii=0, run_time=0:00:09:32)...[0m
[1;94m[*] [0mFuzzing test case #25 (37 total, 0 crashes saved, state: in progress, mode=explore, perf_score=100, weight=15, favorite=1, was_fuzzed=0, exec_us=1088, hits=4, map=21, ascii=0, run_time=0:00:09:33)...[0m
[1;94m[*] [0mFuzzing test case #3 (39 total, 0 crashes saved, state: in progress, mode=explore, perf_score=100, weight=6, favorite=1, was_fuzzed=0, exec_us=1074, hits=1374, map=18, ascii=0, run_time=0:00:09:33)...[0m
[1;94m[*] [0mFuzzing test case #0 (39 total, 0 crashes saved, state: in progress, mode=explore, perf_score=459, weight=108, favorite=1, was_fuzzed=1, exec_us=1119, hits=0, map=16, ascii=0, run_time=0:00:09:34)...[0m
[1;94m[*] [0mFuzzing test case #0 (39 total, 0 crashes saved, state: in progress, mode=explore, perf_score=459, weight=108, favorite=1, was_fuzzed=1, exec_us=1119, hits=0, map=16, ascii=0, run_time=0:00:09:34)...[0m
[1;94m[*] [0mFuzzing test case #19 (39 total, 0 crashes saved, state: in progress, mode=explore, perf_score=114, weight=9, favorite=1, was_fuzzed=1, exec_us=1055, hits=114, map=18, ascii=0, run_time=0:00:09:35)...[0m
[1;94m[*] [0mFuzzing test case #0 (40 total, 0 crashes saved, state: in progress, mode=explore, perf_score=459, weight=110, favorite=1, was_fuzzed=1, exec_us=1119, hits=0, map=16, ascii=0, run_time=0:00:09:35)...[0m
[1;94m[*] [0mFuzzing test case #0 (40 total, 0 crashes saved, state: in progress, mode=explore, perf_score=459, weight=110, favorite=1, was_fuzzed=1, exec_us=1119, hits=0, map=16, ascii=0, run_time=0:00:09:36)...[0m
[1;94m[*] [0mFuzzing test case #19 (40 total, 0 crashes saved, state: in progress, mode=explore, perf_score=114, weight=9, favorite=1, was_fuzzed=1, exec_us=1055, hits=133, map=18, ascii=0, run_time=0:00:09:36)...[0m
[1;94m[*] [0mFuzzing test case #0 (41 total, 0 crashes saved, state: in progress, mode=explore, perf_score=459, weight=113, favorite=1, was_fuzzed=1, exec_us=1119, hits=0, map=16, ascii=0, run_time=0:00:09:37)...[0m
[1;94m[*] [0mFuzzing test case #0 (41 total, 0 crashes saved, state: in progress, mode=explore, perf_score=459, weight=113, favorite=1, was_fuzzed=1, exec_us=1119, hits=0, map=16, ascii=0, run_time=0:00:09:37)...[0m
[1;94m[*] [0mFuzzing test case #29 (41 total, 0 crashes saved, state: in progress, mode=explore, perf_score=345, weight=7, favorite=1, was_fuzzed=1, exec_us=1074, hits=10, map=20, ascii=0, run_time=0:00:09:38)...[0m
[1;94m[*] [0mFuzzing test case #41 (42 total, 0 crashes saved, state: in progress, mode=explore, perf_score=0, weight=0, favorite=1, was_fuzzed=0, exec_us=1072, hits=1, map=20, ascii=0, run_time=0:00:09:39)...[0m
[1;94m[*] [0mFuzzing test case #0 (42 total, 0 crashes saved, state: in progress, mode=explore, perf_score=459, weight=112, favorite=1, was_fuzzed=1, exec_us=1119, hits=0, map=16, ascii=0, run_time=0:00:09:39)...[0m
[1;94m[*] [0mFuzzing test case #0 (42 total, 0 crashes saved, state: in progress, mode=explore, perf_score=459, weight=112, favorite=1, was_fuzzed=1, exec_us=1119, hits=0, map=16, ascii=0, run_time=0:00:09:40)...[0m
[1;94m[*] [0mFuzzing test case #0 (42 total, 0 crashes saved, state: in progress, mode=explore, perf_score=459, weight=112, favorite=1, was_fuzzed=1, exec_us=1119, hits=0, map=16, ascii=0, run_time=0:00:09:40)...[0m
[1;94m[*] [0mFuzzing test case #27 (42 total, 0 crashes saved, state: in progress, mode=explore, perf_score=229, weight=5, favorite=1, was_fuzzed=1, exec_us=1075, hits=28, map=20, ascii=0, run_time=0:00:09:41)...[0m
[1;94m[*] [0mFuzzing test case #0 (42 total, 0 crashes saved, state: in progress, mode=explore, perf_score=459, weight=112, favorite=1, was_fuzzed=1, exec_us=1119, hits=0, map=16, ascii=0, run_time=0:00:09:41)...[0m
[1;94m[*] [0mFuzzing test case #0 (42 total, 0 crashes saved, state: in progress, mode=explore, perf_score=459, weight=112, favorite=1, was_fuzzed=1, exec_us=1119, hits=0, map=16, ascii=0, run_time=0:00:09:42)...[0m
[1;94m[*] [0mFuzzing test case #41 (42 total, 0 crashes saved, state: in progress, mode=explore, perf_score=459, weight=20, favorite=1, was_fuzzed=1, exec_us=1072, hits=2, map=20, ascii=0, run_time=0:00:09:42)...[0m
[1;94m[*] [0mFuzzing test case #0 (45 total, 0 crashes saved, state: in progress, mode=explore, perf_score=459, weight=119, favorite=1, was_fuzzed=1, exec_us=1119, hits=0, map=16, ascii=0, run_time=0:00:09:45)...[0m
[1;94m[*] [0mFuzzing test case #25 (45 total, 0 crashes saved, state: in progress, mode=explore, perf_score=114, weight=5, favorite=1, was_fuzzed=1, exec_us=1088, hits=57, map=21, ascii=0, run_time=0:00:09:45)...[0m
[1;94m[*] [0mFuzzing test case #0 (45 total, 0 crashes saved, state: in progress, mode=explore, perf_score=459, weight=119, favorite=1, was_fuzzed=1, exec_us=1119, hits=0, map=16, ascii=0, run_time=0:00:09:46)...[0m
[1;94m[*] [0mFuzzing test case #0 (45 total, 0 crashes saved, state: in progress, mode=explore, perf_score=459, weight=119, favorite=1, was_fuzzed=1, exec_us=1119, hits=0, map=16, ascii=0, run_time=0:00:09:46)...[0m
[1;94m[*] [0mFuzzing test case #0 (45 total, 0 crashes saved, state: in progress, mode=explore, perf_score=459, weight=119, favorite=1, was_fuzzed=1, exec_us=1119, hits=0, map=16, ascii=0, run_time=0:00:09:47)...[0m
[1;94m[*] [0mFuzzing test case #0 (45 total, 0 crashes saved, state: in progress, mode=explore, perf_score=459, weight=119, favorite=1, was_fuzzed=1, exec_us=1119, hits=0, map=16, ascii=0, run_time=0:00:09:47)...[0m
[1;94m[*] [0mFuzzing test case #0 (45 total, 0 crashes saved, state: in progress, mode=explore, perf_score=459, weight=119, favorite=1, was_fuzzed=1, exec_us=1119, hits=0, map=16, ascii=0, run_time=0:00:09:48)...[0m
[1;94m[*] [0mFuzzing test case #0 (46 total, 0 crashes saved, state: in progress, mode=explore, perf_score=459, weight=122, favorite=1, was_fuzzed=1, exec_us=1119, hits=0, map=16, ascii=0, run_time=0:00:09:49)...[0m
[1;94m[*] [0mFuzzing test case #0 (46 total, 0 crashes saved, state: in progress, mode=explore, perf_score=459, weight=122, favorite=1, was_fuzzed=1, exec_us=1119, hits=0, map=16, ascii=0, run_time=0:00:09:49)...[0m
[1;94m[*] [0mFuzzing test case #0 (46 total, 0 crashes saved, state: in progress, mode=explore, perf_score=459, weight=122, favorite=1, was_fuzzed=1, exec_us=1119, hits=0, map=16, ascii=0, run_time=0:00:09:50)...[0m
[1;94m[*] [0mFuzzing test case #0 (46 total, 0 crashes saved, state: in progress, mode=explore, perf_score=459, weight=122, favorite=1, was_fuzzed=1, exec_us=1119, hits=0, map=16, ascii=0, run_time=0:00:09:50)...[0m
[1;94m[*] [0mFuzzing test case #0 (46 total, 0 crashes saved, state: in progress, mode=explore, perf_score=459, weight=122, favorite=1, was_fuzzed=1, exec_us=1119, hits=0, map=16, ascii=0, run_time=0:00:09:51)...[0m
[1;94m[*] [0mFuzzing test case #0 (46 total, 0 crashes saved, state: in progress, mode=explore, perf_score=459, weight=122, favorite=1, was_fuzzed=1, exec_us=1119, hits=0, map=16, ascii=0, run_time=0:00:09:51)...[0m
[1;94m[*] [0mFuzzing test case #0 (46 total, 0 crashes saved, state: in progress, mode=explore, perf_score=459, weight=122, favorite=1, was_fuzzed=1, exec_us=1119, hits=0, map=16, ascii=0, run_time=0:00:09:52)...[0m
[1;94m[*] [0mFuzzing test case #17 (46 total, 0 crashes saved, state: in progress, mode=explore, perf_score=114, weight=4, favorite=1, was_fuzzed=1, exec_us=1158, hits=130, map=16, ascii=0, run_time=0:00:09:52)...[0m
[1;94m[*] [0mFuzzing test case #20 (47 total, 0 crashes saved, state: in progress, mode=explore, perf_score=114, weight=4, favorite=1, was_fuzzed=1, exec_us=1073, hits=128, map=16, ascii=0, run_time=0:00:09:53)...[0m
[1;94m[*] [0mFuzzing test case #27 (47 total, 0 crashes saved, state: in progress, mode=explore, perf_score=114, weight=5, favorite=1, was_fuzzed=1, exec_us=1075, hits=45, map=20, ascii=0, run_time=0:00:09:53)...[0m
[1;94m[*] [0mFuzzing test case #0 (47 total, 0 crashes saved, state: in progress, mode=explore, perf_score=459, weight=124, favorite=1, was_fuzzed=1, exec_us=1119, hits=0, map=16, ascii=0, run_time=0:00:09:53)...[0m
[1;94m[*] [0mFuzzing test case #0 (47 total, 0 crashes saved, state: in progress, mode=explore, perf_score=459, weight=124, favorite=1, was_fuzzed=1, exec_us=1119, hits=0, map=16, ascii=0, run_time=0:00:09:54)...[0m
[1;94m[*] [0mFuzzing test case #0 (47 total, 0 crashes saved, state: in progress, mode=explore, perf_score=459, weight=124, favorite=1, was_fuzzed=1, exec_us=1119, hits=0, map=16, ascii=0, run_time=0:00:09:54)...[0m
[1;94m[*] [0mFuzzing test case #0 (47 total, 0 crashes saved, state: in progress, mode=explore, perf_score=459, weight=124, favorite=1, was_fuzzed=1, exec_us=1119, hits=0, map=16, ascii=0, run_time=0:00:09:55)...[0m
[1;94m[*] [0mFuzzing test case #0 (47 total, 0 crashes saved, state: in progress, mode=explore, perf_score=459, weight=124, favorite=1, was_fuzzed=1, exec_us=1119, hits=0, map=16, ascii=0, run_time=0:00:09:55)...[0m
[1;94m[*] [0mFuzzing test case #0 (47 total, 0 crashes saved, state: in progress, mode=explore, perf_score=459, weight=124, favorite=1, was_fuzzed=1, exec_us=1119, hits=0, map=16, ascii=0, run_time=0:00:09:56)...[0m
[1;94m[*] [0mEntering queue cycle 2.[0m
[1;94m[*] [0mFuzzing test case #0 (47 total, 0 crashes saved, state: in progress, mode=explore, perf_score=459, weight=124, favorite=1, was_fuzzed=1, exec_us=1119, hits=0, map=16, ascii=0, run_time=0:00:09:56)...[0m
[1;94m[*] [0mFuzzing test case #0 (47 total, 0 crashes saved, state: in progress, mode=explore, perf_score=459, weight=124, favorite=1, was_fuzzed=1, exec_us=1119, hits=0, map=16, ascii=0, run_time=0:00:09:57)...[0m
[1;94m[*] [0mFuzzing test case #44 (47 total, 0 crashes saved, state: in progress, mode=explore, perf_score=200, weight=1, favorite=0, was_fuzzed=0, exec_us=1136, hits=9, map=20, ascii=0, run_time=0:00:09:57)...[0m
[1;94m[*] [0mFuzzing test case #0 (47 total, 0 crashes saved, state: in progress, mode=explore, perf_score=459, weight=124, favorite=1, was_fuzzed=1, exec_us=1119, hits=0, map=16, ascii=0, run_time=0:00:09:58)...[0m
[1;94m[*] [0mFuzzing test case #3 (47 total, 0 crashes saved, state: in progress, mode=explore, perf_score=114, weight=3, favorite=1, was_fuzzed=1, exec_us=1074, hits=1482, map=18, ascii=0, run_time=0:00:09:59)...[0m
[1;94m[*] [0mFuzzing test case #0 (47 total, 0 crashes saved, state: in progress, mode=explore, perf_score=459, weight=124, favorite=1, was_fuzzed=1, exec_us=1119, hits=0, map=16, ascii=0, run_time=0:00:09:59)...[0m
[1;94m[*] [0mFuzzing test case #0 (47 total, 0 crashes saved, state: in progress, mode=explore, perf_score=459, weight=124, favorite=1, was_fuzzed=1, exec_us=1119, hits=0, map=16, ascii=0, run_time=0:00:10:00)...[0m
[1;94m[*] [0mFuzzing test case #0 (47 total, 0 crashes saved, state: in progress, mode=explore, perf_score=459, weight=124, favorite=1, was_fuzzed=1, exec_us=1119, hits=0, map=16, ascii=0, run_time=0:00:10:00)...[0m
[1;94m[*] [0mFuzzing test case #0 (47 total, 0 crashes saved, state: in progress, mode=explore, perf_score=459, weight=124, favorite=1, was_fuzzed=1, exec_us=1119, hits=0, map=16, ascii=0, run_time=0:00:10:01)...[0m
[1;94m[*] [0mFuzzing test case #0 (47 total, 0 crashes saved, state: in progress, mode=explore, perf_score=459, weight=124, favorite=1, was_fuzzed=1, exec_us=1119, hits=0, map=16, ascii=0, run_time=0:00:10:01)...[0m
[1;94m[*] [0mFuzzing test case #0 (47 total, 0 crashes saved, state: in progress, mode=explore, perf_score=459, weight=124, favorite=1, was_fuzzed=1, exec_us=1119, hits=0, map=16, ascii=0, run_time=0:00:10:02)...[0m
[1;94m[*] [0mFuzzing test case #0 (47 total, 0 crashes saved, state: in progress, mode=explore, perf_score=459, weight=124, favorite=1, was_fuzzed=1, exec_us=1119, hits=0, map=16, ascii=0, run_time=0:00:10:02)...[0m
[1;94m[*] [0mFuzzing test case #41 (47 total, 0 crashes saved, state: in progress, mode=explore, perf_score=114, weight=8, favorite=1, was_fuzzed=1, exec_us=1072, hits=76, map=20, ascii=0, run_time=0:00:10:03)...[0m
[1;94m[*] [0mFuzzing test case #0 (51 total, 0 crashes saved, state: in progress, mode=explore, perf_score=459, weight=134, favorite=1, was_fuzzed=1, exec_us=1119, hits=0, map=16, ascii=0, run_time=0:00:10:04)...[0m
[1;94m[*] [0mFuzzing test case #0 (51 total, 0 crashes saved, state: in progress, mode=explore, perf_score=459, weight=134, favorite=1, was_fuzzed=1, exec_us=1119, hits=0, map=16, ascii=0, run_time=0:00:10:04)...[0m
[1;94m[*] [0mFuzzing test case #49 (51 total, 0 crashes saved, state: in progress, mode=explore, perf_score=400, weight=2, favorite=0, was_fuzzed=0, exec_us=1061, hits=1, map=18, ascii=0, run_time=0:00:10:05)...[0m
[1;94m[*] [0mFuzzing test case #0 (55 total, 0 crashes saved, state: in progress, mode=explore, perf_score=459, weight=143, favorite=1, was_fuzzed=1, exec_us=1119, hits=0, map=16, ascii=0, run_time=0:00:10:06)...[0m
[1;94m[*] [0mFuzzing test case #0 (55 total, 0 crashes saved, state: in progress, mode=explore, perf_score=459, weight=143, favorite=1, was_fuzzed=1, exec_us=1119, hits=0, map=16, ascii=0, run_time=0:00:10:07)...[0m
[1;94m[*] [0mFuzzing test case #0 (55 total, 0 crashes saved, state: in progress, mode=explore, perf_score=459, weight=143, favorite=1, was_fuzzed=1, exec_us=1119, hits=0, map=16, ascii=0, run_time=0:00:10:07)...[0m
[1;94m[*] [0mFuzzing test case #0 (55 total, 0 crashes saved, state: in progress, mode=explore, perf_score=459, weight=143, favorite=1, was_fuzzed=1, exec_us=1119, hits=0, map=16, ascii=0, run_time=0:00:10:08)...[0m
[1;94m[*] [0mFuzzing test case #0 (55 total, 0 crashes saved, state: in progress, mode=explore, perf_score=459, weight=143, favorite=1, was_fuzzed=1, exec_us=1119, hits=0, map=16, ascii=0, run_time=0:00:10:08)...[0m
[1;94m[*] [0mFuzzing test case #0 (55 total, 0 crashes saved, state: in progress, mode=explore, perf_score=459, weight=143, favorite=1, was_fuzzed=1, exec_us=1119, hits=0, map=16, ascii=0, run_time=0:00:10:09)...[0m
[1;94m[*] [0mFuzzing test case #47 (55 total, 0 crashes saved, state: in progress, mode=explore, perf_score=200, weight=2, favorite=0, was_fuzzed=0, exec_us=1112, hits=1, map=21, ascii=0, run_time=0:00:10:09)...[0m
[1;94m[*] [0mFuzzing test case #0 (55 total, 0 crashes saved, state: in progress, mode=explore, perf_score=459, weight=143, favorite=1, was_fuzzed=1, exec_us=1119, hits=0, map=16, ascii=0, run_time=0:00:10:10)...[0m
[1;94m[*] [0mFuzzing test case #17 (55 total, 0 crashes saved, state: in progress, mode=explore, perf_score=114, weight=4, favorite=1, was_fuzzed=1, exec_us=1158, hits=159, map=16, ascii=0, run_time=0:00:10:11)...[0m
[1;94m[*] [0mFuzzing test case #0 (55 total, 0 crashes saved, state: in progress, mode=explore, perf_score=459, weight=143, favorite=1, was_fuzzed=1, exec_us=1119, hits=0, map=16, ascii=0, run_time=0:00:10:11)...[0m
[1;94m[*] [0mFuzzing test case #0 (55 total, 0 crashes saved, state: in progress, mode=explore, perf_score=459, weight=143, favorite=1, was_fuzzed=1, exec_us=1119, hits=0, map=16, ascii=0, run_time=0:00:10:11)...[0m
[1;94m[*] [0mFuzzing test case #27 (55 total, 0 crashes saved, state: in progress, mode=explore, perf_score=114, weight=6, favorite=1, was_fuzzed=1, exec_us=1075, hits=50, map=20, ascii=0, run_time=0:00:10:12)...[0m
[1;94m[*] [0mFuzzing test case #0 (56 total, 0 crashes saved, state: in progress, mode=explore, perf_score=459, weight=146, favorite=1, was_fuzzed=1, exec_us=1119, hits=0, map=16, ascii=0, run_time=0:00:10:12)...[0m
[1;94m[*] [0mFuzzing test case #0 (56 total, 0 crashes saved, state: in progress, mode=explore, perf_score=459, weight=146, favorite=1, was_fuzzed=1, exec_us=1119, hits=0, map=16, ascii=0, run_time=0:00:10:13)...[0m
[1;94m[*] [0mFuzzing test case #0 (56 total, 0 crashes saved, state: in progress, mode=explore, perf_score=459, weight=146, favorite=1, was_fuzzed=1, exec_us=1119, hits=0, map=16, ascii=0, run_time=0:00:10:13)...[0m
[1;94m[*] [0mFuzzing test case #0 (56 total, 0 crashes saved, state: in progress, mode=explore, perf_score=459, weight=146, favorite=1, was_fuzzed=1, exec_us=1119, hits=0, map=16, ascii=0, run_time=0:00:10:14)...[0m
[1;94m[*] [0mFuzzing test case #0 (56 total, 0 crashes saved, state: in progress, mode=explore, perf_score=459, weight=146, favorite=1, was_fuzzed=1, exec_us=1119, hits=0, map=16, ascii=0, run_time=0:00:10:14)...[0m
[1;94m[*] [0mFuzzing test case #0 (56 total, 0 crashes saved, state: in progress, mode=explore, perf_score=459, weight=146, favorite=1, was_fuzzed=1, exec_us=1119, hits=0, map=16, ascii=0, run_time=0:00:10:15)...[0m
[1;94m[*] [0mFuzzing test case #0 (56 total, 0 crashes saved, state: in progress, mode=explore, perf_score=459, weight=146, favorite=1, was_fuzzed=1, exec_us=1119, hits=0, map=16, ascii=0, run_time=0:00:10:15)...[0m
[1;94m[*] [0mFuzzing test case #0 (56 total, 0 crashes saved, state: in progress, mode=explore, perf_score=459, weight=146, favorite=1, was_fuzzed=1, exec_us=1119, hits=0, map=16, ascii=0, run_time=0:00:10:16)...[0m
[1;94m[*] [0mFuzzing test case #0 (56 total, 0 crashes saved, state: in progress, mode=explore, perf_score=459, weight=146, favorite=1, was_fuzzed=1, exec_us=1119, hits=0, map=16, ascii=0, run_time=0:00:10:16)...[0m
[1;94m[*] [0mFuzzing test case #10 (56 total, 0 crashes saved, state: in progress, mode=explore, perf_score=114, weight=3, favorite=1, was_fuzzed=1, exec_us=1282, hits=1136, map=16, ascii=0, run_time=0:00:10:17)...[0m
[1;94m[*] [0mFuzzing test case #0 (56 total, 0 crashes saved, state: in progress, mode=explore, perf_score=459, weight=146, favorite=1, was_fuzzed=1, exec_us=1119, hits=0, map=16, ascii=0, run_time=0:00:10:17)...[0m
[1;94m[*] [0mFuzzing test case #0 (56 total, 0 crashes saved, state: in progress, mode=explore, perf_score=459, weight=146, favorite=1, was_fuzzed=1, exec_us=1119, hits=0, map=16, ascii=0, run_time=0:00:10:18)...[0m
[1;94m[*] [0mFuzzing test case #0 (56 total, 0 crashes saved, state: in progress, mode=explore, perf_score=459, weight=146, favorite=1, was_fuzzed=1, exec_us=1119, hits=0, map=16, ascii=0, run_time=0:00:10:18)...[0m
[1;94m[*] [0mFuzzing test case #0 (56 total, 0 crashes saved, state: in progress, mode=explore, perf_score=459, weight=146, favorite=1, was_fuzzed=1, exec_us=1119, hits=0, map=16, ascii=0, run_time=0:00:10:19)...[0m
[1;94m[*] [0mFuzzing test case #27 (56 total, 0 crashes saved, state: in progress, mode=explore, perf_score=114, weight=5, favorite=1, was_fuzzed=1, exec_us=1075, hits=60, map=20, ascii=0, run_time=0:00:10:19)...[0m
[1;94m[*] [0mFuzzing test case #0 (56 total, 0 crashes saved, state: in progress, mode=explore, perf_score=459, weight=146, favorite=1, was_fuzzed=1, exec_us=1119, hits=0, map=16, ascii=0, run_time=0:00:10:20)...[0m
[1;94m[*] [0mFuzzing test case #0 (56 total, 0 crashes saved, state: in progress, mode=explore, perf_score=459, weight=146, favorite=1, was_fuzzed=1, exec_us=1119, hits=0, map=16, ascii=0, run_time=0:00:10:20)...[0m
[1;94m[*] [0mFuzzing test case #3 (56 total, 0 crashes saved, state: in progress, mode=explore, perf_score=114, weight=3, favorite=1, was_fuzzed=1, exec_us=1074, hits=1598, map=18, ascii=0, run_time=0:00:10:21)...[0m
[1;94m[*] [0mFuzzing test case #0 (57 total, 0 crashes saved, state: in progress, mode=explore, perf_score=459, weight=148, favorite=1, was_fuzzed=1, exec_us=1119, hits=0, map=16, ascii=0, run_time=0:00:10:21)...[0m
[1;94m[*] [0mFuzzing test case #0 (57 total, 0 crashes saved, state: in progress, mode=explore, perf_score=459, weight=148, favorite=1, was_fuzzed=1, exec_us=1119, hits=0, map=16, ascii=0, run_time=0:00:10:22)...[0m
[1;94m[*] [0mFuzzing test case #0 (57 total, 0 crashes saved, state: in progress, mode=explore, perf_score=459, weight=148, favorite=1, was_fuzzed=1, exec_us=1119, hits=0, map=16, ascii=0, run_time=0:00:10:22)...[0m
[1;94m[*] [0mFuzzing test case #0 (57 total, 0 crashes saved, state: in progress, mode=explore, perf_score=459, weight=148, favorite=1, was_fuzzed=1, exec_us=1119, hits=0, map=16, ascii=0, run_time=0:00:10:23)...[0m
[1;94m[*] [0mFuzzing test case #19 (57 total, 0 crashes saved, state: in progress, mode=explore, perf_score=114, weight=11, favorite=1, was_fuzzed=1, exec_us=1055, hits=167, map=18, ascii=0, run_time=0:00:10:23)...[0m
[1;94m[*] [0mFuzzing test case #14 (58 total, 0 crashes saved, state: in progress, mode=explore, perf_score=114, weight=4, favorite=1, was_fuzzed=1, exec_us=1178, hits=408, map=16, ascii=0, run_time=0:00:10:24)...[0m
[1;94m[*] [0mFuzzing test case #25 (59 total, 0 crashes saved, state: in progress, mode=explore, perf_score=114, weight=5, favorite=1, was_fuzzed=1, exec_us=1088, hits=86, map=21, ascii=0, run_time=0:00:10:24)...[0m
[1;94m[*] [0mFuzzing test case #16 (59 total, 0 crashes saved, state: in progress, mode=explore, perf_score=114, weight=4, favorite=1, was_fuzzed=1, exec_us=1174, hits=140, map=16, ascii=0, run_time=0:00:10:24)...[0m
[1;94m[*] [0mFuzzing test case #0 (59 total, 0 crashes saved, state: in progress, mode=explore, perf_score=459, weight=153, favorite=1, was_fuzzed=1, exec_us=1119, hits=0, map=16, ascii=0, run_time=0:00:10:25)...[0m
[1;94m[*] [0mFuzzing test case #0 (59 total, 0 crashes saved, state: in progress, mode=explore, perf_score=459, weight=153, favorite=1, was_fuzzed=1, exec_us=1119, hits=0, map=16, ascii=0, run_time=0:00:10:25)...[0m
[1;94m[*] [0mFuzzing test case #25 (59 total, 0 crashes saved, state: in progress, mode=explore, perf_score=114, weight=5, favorite=1, was_fuzzed=1, exec_us=1088, hits=107, map=21, ascii=0, run_time=0:00:10:26)...[0m
[1;94m[*] [0mFuzzing test case #0 (59 total, 0 crashes saved, state: in progress, mode=explore, perf_score=459, weight=153, favorite=1, was_fuzzed=1, exec_us=1119, hits=0, map=16, ascii=0, run_time=0:00:10:26)...[0m
[1;94m[*] [0mFuzzing test case #0 (59 total, 0 crashes saved, state: in progress, mode=explore, perf_score=459, weight=153, favorite=1, was_fuzzed=1, exec_us=1119, hits=0, map=16, ascii=0, run_time=0:00:10:27)...[0m
[1;94m[*] [0mFuzzing test case #16 (59 total, 0 crashes saved, state: in progress, mode=explore, perf_score=114, weight=4, favorite=1, was_fuzzed=1, exec_us=1174, hits=145, map=16, ascii=0, run_time=0:00:10:27)...[0m
[1;94m[*] [0mFuzzing test case #0 (59 total, 0 crashes saved, state: in progress, mode=explore, perf_score=459, weight=153, favorite=1, was_fuzzed=1, exec_us=1119, hits=0, map=16, ascii=0, run_time=0:00:10:28)...[0m
[1;94m[*] [0mEntering queue cycle 3.[0m
[1;94m[*] [0mFuzzing test case #0 (59 total, 0 crashes saved, state: in progress, mode=explore, perf_score=459, weight=153, favorite=1, was_fuzzed=1, exec_us=1119, hits=0, map=16, ascii=0, run_time=0:00:10:28)...[0m
[1;94m[*] [0mFuzzing test case #0 (59 total, 0 crashes saved, state: in progress, mode=explore, perf_score=459, weight=153, favorite=1, was_fuzzed=1, exec_us=1119, hits=0, map=16, ascii=0, run_time=0:00:10:29)...[0m
[1;94m[*] [0mFuzzing test case #16 (59 total, 0 crashes saved, state: in progress, mode=explore, perf_score=114, weight=4, favorite=1, was_fuzzed=1, exec_us=1174, hits=154, map=16, ascii=0, run_time=0:00:10:29)...[0m
[1;94m[*] [0mFuzzing test case #25 (59 total, 0 crashes saved, state: in progress, mode=explore, perf_score=114, weight=5, favorite=1, was_fuzzed=1, exec_us=1088, hits=115, map=21, ascii=0, run_time=0:00:10:30)...[0m
[1;94m[*] [0mFuzzing test case #0 (64 total, 0 crashes saved, state: in progress, mode=explore, perf_score=459, weight=165, favorite=1, was_fuzzed=1, exec_us=1119, hits=0, map=16, ascii=0, run_time=0:00:10:30)...[0m
[1;94m[*] [0mFuzzing test case #0 (64 total, 0 crashes saved, state: in progress, mode=explore, perf_score=459, weight=165, favorite=1, was_fuzzed=1, exec_us=1119, hits=0, map=16, ascii=0, run_time=0:00:10:31)...[0m
[1;94m[*] [0mFuzzing test case #3 (64 total, 0 crashes saved, state: in progress, mode=explore, perf_score=114, weight=4, favorite=1, was_fuzzed=1, exec_us=1074, hits=1679, map=18, ascii=0, run_time=0:00:10:31)...[0m
[1;94m[*] [0mFuzzing test case #0 (67 total, 0 crashes saved, state: in progress, mode=explore, perf_score=459, weight=171, favorite=1, was_fuzzed=1, exec_us=1119, hits=0, map=16, ascii=0, run_time=0:00:10:32)...[0m
[1;94m[*] [0mFuzzing test case #0 (67 total, 0 crashes saved, state: in progress, mode=explore, perf_score=459, weight=171, favorite=1, was_fuzzed=1, exec_us=1119, hits=0, map=16, ascii=0, run_time=0:00:10:32)...[0m
[1;94m[*] [0mFuzzing test case #25 (67 total, 0 crashes saved, state: in progress, mode=explore, perf_score=114, weight=6, favorite=1, was_fuzzed=1, exec_us=1088, hits=121, map=21, ascii=0, run_time=0:00:10:33)...[0m
[1;94m[*] [0mFuzzing test case #0 (67 total, 0 crashes saved, state: in progress, mode=explore, perf_score=459, weight=171, favorite=1, was_fuzzed=1, exec_us=1119, hits=0, map=16, ascii=0, run_time=0:00:10:33)...[0m
[1;94m[*] [0mFuzzing test case #0 (67 total, 0 crashes saved, state: in progress, mode=explore, perf_score=459, weight=171, favorite=1, was_fuzzed=1, exec_us=1119, hits=0, map=16, ascii=0, run_time=0:00:10:34)...[0m
[1;94m[*] [0mFuzzing test case #0 (67 total, 0 crashes saved, state: in progress, mode=explore, perf_score=459, weight=171, favorite=1, was_fuzzed=1, exec_us=1119, hits=0, map=16, ascii=0, run_time=0:00:10:34)...[0m
[1;94m[*] [0mFuzzing test case #19 (67 total, 0 crashes saved, state: in progress, mode=explore, perf_score=114, weight=12, favorite=1, was_fuzzed=1, exec_us=1055, hits=189, map=18, ascii=0, run_time=0:00:10:35)...[0m
[1;94m[*] [0mFuzzing test case #0 (69 total, 0 crashes saved, state: in progress, mode=explore, perf_score=459, weight=176, favorite=1, was_fuzzed=1, exec_us=1119, hits=0, map=16, ascii=0, run_time=0:00:10:35)...[0m
[1;94m[*] [0mFuzzing test case #19 (69 total, 0 crashes saved, state: in progress, mode=explore, perf_score=114, weight=12, favorite=1, was_fuzzed=1, exec_us=1055, hits=193, map=18, ascii=0, run_time=0:00:10:35)...[0m
[1;94m[*] [0mFuzzing test case #0 (70 total, 0 crashes saved, state: in progress, mode=explore, perf_score=459, weight=178, favorite=1, was_fuzzed=1, exec_us=1119, hits=0, map=16, ascii=0, run_time=0:00:10:36)...[0m
[1;94m[*] [0mFuzzing test case #0 (70 total, 0 crashes saved, state: in progress, mode=explore, perf_score=459, weight=178, favorite=1, was_fuzzed=1, exec_us=1119, hits=0, map=16, ascii=0, run_time=0:00:10:36)...[0m
[1;94m[*] [0mFuzzing test case #62 (70 total, 0 crashes saved, state: in progress, mode=explore, perf_score=100, weight=2, favorite=0, was_fuzzed=0, exec_us=1131, hits=1, map=24, ascii=0, run_time=0:00:10:37)...[0m
[1;94m[*] [0mFuzzing test case #0 (70 total, 0 crashes saved, state: in progress, mode=explore, perf_score=459, weight=178, favorite=1, was_fuzzed=1, exec_us=1119, hits=0, map=16, ascii=0, run_time=0:00:10:37)...[0m
[1;94m[*] [0mFuzzing test case #0 (70 total, 0 crashes saved, state: in progress, mode=explore, perf_score=459, weight=178, favorite=1, was_fuzzed=1, exec_us=1119, hits=0, map=16, ascii=0, run_time=0:00:10:38)...[0m
[1;94m[*] [0mFuzzing test case #43 (70 total, 0 crashes saved, state: in progress, mode=explore, perf_score=200, weight=2, favorite=0, was_fuzzed=0, exec_us=1099, hits=2, map=19, ascii=0, run_time=0:00:10:39)...[0m
[1;94m[*] [0mFuzzing test case #0 (71 total, 0 crashes saved, state: in progress, mode=explore, perf_score=459, weight=181, favorite=1, was_fuzzed=1, exec_us=1119, hits=0, map=16, ascii=0, run_time=0:00:10:39)...[0m
[1;94m[*] [0mFuzzing test case #41 (71 total, 0 crashes saved, state: in progress, mode=explore, perf_score=114, weight=10, favorite=1, was_fuzzed=1, exec_us=1072, hits=99, map=20, ascii=0, run_time=0:00:10:40)...[0m
[1;94m[*] [0mFuzzing test case #0 (71 total, 0 crashes saved, state: in progress, mode=explore, perf_score=459, weight=181, favorite=1, was_fuzzed=1, exec_us=1119, hits=0, map=16, ascii=0, run_time=0:00:10:40)...[0m
[1;94m[*] [0mFuzzing test case #25 (71 total, 0 crashes saved, state: in progress, mode=explore, perf_score=114, weight=6, favorite=1, was_fuzzed=1, exec_us=1088, hits=126, map=21, ascii=0, run_time=0:00:10:41)...[0m
[1;94m[*] [0mFuzzing test case #0 (71 total, 0 crashes saved, state: in progress, mode=explore, perf_score=459, weight=181, favorite=1, was_fuzzed=1, exec_us=1119, hits=0, map=16, ascii=0, run_time=0:00:10:41)...[0m
[1;94m[*] [0mFuzzing test case #0 (71 total, 0 crashes saved, state: in progress, mode=explore, perf_score=459, weight=181, favorite=1, was_fuzzed=1, exec_us=1119, hits=0, map=16, ascii=0, run_time=0:00:10:41)...[0m
[1;94m[*] [0mFuzzing test case #0 (71 total, 0 crashes saved, state: in progress, mode=explore, perf_score=459, weight=181, favorite=1, was_fuzzed=1, exec_us=1119, hits=0, map=16, ascii=0, run_time=0:00:10:42)...[0m
[1;94m[*] [0mFuzzing test case #0 (71 total, 0 crashes saved, state: in progress, mode=explore, perf_score=459, weight=181, favorite=1, was_fuzzed=1, exec_us=1119, hits=0, map=16, ascii=0, run_time=0:00:10:42)...[0m
[1;94m[*] [0mFuzzing test case #27 (72 total, 0 crashes saved, state: in progress, mode=explore, perf_score=114, weight=6, favorite=1, was_fuzzed=1, exec_us=1075, hits=73, map=20, ascii=0, run_time=0:00:10:44)...[0m
[1;94m[*] [0mFuzzing test case #0 (73 total, 0 crashes saved, state: in progress, mode=explore, perf_score=459, weight=186, favorite=1, was_fuzzed=1, exec_us=1119, hits=0, map=16, ascii=0, run_time=0:00:10:44)...[0m
[1;94m[*] [0mFuzzing test case #0 (73 total, 0 crashes saved, state: in progress, mode=explore, perf_score=459, weight=186, favorite=1, was_fuzzed=1, exec_us=1119, hits=0, map=16, ascii=0, run_time=0:00:10:44)...[0m
[1;94m[*] [0mFuzzing test case #0 (73 total, 0 crashes saved, state: in progress, mode=explore, perf_score=459, weight=186, favorite=1, was_fuzzed=1, exec_us=1119, hits=0, map=16, ascii=0, run_time=0:00:10:45)...[0m
[1;94m[*] [0mFuzzing test case #0 (73 total, 0 crashes saved, state: in progress, mode=explore, perf_score=459, weight=186, favorite=1, was_fuzzed=1, exec_us=1119, hits=0, map=16, ascii=0, run_time=0:00:10:45)...[0m
[1;94m[*] [0mFuzzing test case #33 (73 total, 0 crashes saved, state: in progress, mode=explore, perf_score=100, weight=1, favorite=0, was_fuzzed=0, exec_us=1082, hits=62, map=21, ascii=0, run_time=0:00:10:46)...[0m
[1;94m[*] [0mFuzzing test case #0 (73 total, 0 crashes saved, state: in progress, mode=explore, perf_score=459, weight=186, favorite=1, was_fuzzed=1, exec_us=1119, hits=0, map=16, ascii=0, run_time=0:00:10:46)...[0m
[1;94m[*] [0mFuzzing test case #19 (73 total, 0 crashes saved, state: in progress, mode=explore, perf_score=114, weight=13, favorite=1, was_fuzzed=1, exec_us=1055, hits=213, map=18, ascii=0, run_time=0:00:10:47)...[0m
[1;94m[*] [0mFuzzing test case #0 (73 total, 0 crashes saved, state: in progress, mode=explore, perf_score=459, weight=186, favorite=1, was_fuzzed=1, exec_us=1119, hits=0, map=16, ascii=0, run_time=0:00:10:47)...[0m
[1;94m[*] [0mFuzzing test case #0 (73 total, 0 crashes saved, state: in progress, mode=explore, perf_score=459, weight=186, favorite=1, was_fuzzed=1, exec_us=1119, hits=0, map=16, ascii=0, run_time=0:00:10:48)...[0m
[1;94m[*] [0mFuzzing test case #0 (73 total, 0 crashes saved, state: in progress, mode=explore, perf_score=459, weight=186, favorite=1, was_fuzzed=1, exec_us=1119, hits=0, map=16, ascii=0, run_time=0:00:10:48)...[0m
[1;94m[*] [0mFuzzing test case #0 (73 total, 0 crashes saved, state: in progress, mode=explore, perf_score=459, weight=186, favorite=1, was_fuzzed=1, exec_us=1119, hits=0, map=16, ascii=0, run_time=0:00:10:49)...[0m
[1;94m[*] [0mFuzzing test case #0 (73 total, 0 crashes saved, state: in progress, mode=explore, perf_score=459, weight=186, favorite=1, was_fuzzed=1, exec_us=1119, hits=0, map=16, ascii=0, run_time=0:00:10:49)...[0m
[1;94m[*] [0mFuzzing test case #0 (73 total, 0 crashes saved, state: in progress, mode=explore, perf_score=459, weight=186, favorite=1, was_fuzzed=1, exec_us=1119, hits=0, map=16, ascii=0, run_time=0:00:10:50)...[0m
[1;94m[*] [0mFuzzing test case #27 (73 total, 0 crashes saved, state: in progress, mode=explore, perf_score=114, weight=6, favorite=1, was_fuzzed=1, exec_us=1075, hits=78, map=20, ascii=0, run_time=0:00:10:50)...[0m
[1;94m[*] [0mFuzzing test case #41 (73 total, 0 crashes saved, state: in progress, mode=explore, perf_score=114, weight=10, favorite=1, was_fuzzed=1, exec_us=1072, hits=118, map=20, ascii=0, run_time=0:00:10:51)...[0m
[1;94m[*] [0mFuzzing test case #27 (73 total, 0 crashes saved, state: in progress, mode=explore, perf_score=114, weight=6, favorite=1, was_fuzzed=1, exec_us=1075, hits=93, map=20, ascii=0, run_time=0:00:10:51)...[0m
[1;94m[*] [0mFuzzing test case #0 (73 total, 0 crashes saved, state: in progress, mode=explore, perf_score=459, weight=186, favorite=1, was_fuzzed=1, exec_us=1119, hits=0, map=16, ascii=0, run_time=0:00:10:51)...[0m
[1;94m[*] [0mFuzzing test case #0 (73 total, 0 crashes saved, state: in progress, mode=explore, perf_score=459, weight=186, favorite=1, was_fuzzed=1, exec_us=1119, hits=0, map=16, ascii=0, run_time=0:00:10:52)...[0m
[1;94m[*] [0mFuzzing test case #0 (73 total, 0 crashes saved, state: in progress, mode=explore, perf_score=459, weight=186, favorite=1, was_fuzzed=1, exec_us=1119, hits=0, map=16, ascii=0, run_time=0:00:10:52)...[0m
[1;94m[*] [0mFuzzing test case #0 (73 total, 0 crashes saved, state: in progress, mode=explore, perf_score=459, weight=186, favorite=1, was_fuzzed=1, exec_us=1119, hits=0, map=16, ascii=0, run_time=0:00:10:53)...[0m
[1;94m[*] [0mFuzzing test case #27 (73 total, 0 crashes saved, state: in progress, mode=explore, perf_score=114, weight=6, favorite=1, was_fuzzed=1, exec_us=1075, hits=99, map=20, ascii=0, run_time=0:00:10:54)...[0m
[1;94m[*] [0mFuzzing test case #0 (73 total, 0 crashes saved, state: in progress, mode=explore, perf_score=459, weight=186, favorite=1, was_fuzzed=1, exec_us=1119, hits=0, map=16, ascii=0, run_time=0:00:10:54)...[0m
[1;94m[*] [0mFuzzing test case #20 (73 total, 0 crashes saved, state: in progress, mode=explore, perf_score=114, weight=5, favorite=1, was_fuzzed=1, exec_us=1073, hits=166, map=16, ascii=0, run_time=0:00:10:55)...[0m
[1;94m[*] [0mFuzzing test case #0 (73 total, 0 crashes saved, state: in progress, mode=explore, perf_score=459, weight=186, favorite=1, was_fuzzed=1, exec_us=1119, hits=0, map=16, ascii=0, run_time=0:00:10:55)...[0m
[1;94m[*] [0mFuzzing test case #41 (73 total, 0 crashes saved, state: in progress, mode=explore, perf_score=114, weight=10, favorite=1, was_fuzzed=1, exec_us=1072, hits=125, map=20, ascii=0, run_time=0:00:10:55)...[0m
[1;94m[*] [0mFuzzing test case #0 (73 total, 0 crashes saved, state: in progress, mode=explore, perf_score=459, weight=186, favorite=1, was_fuzzed=1, exec_us=1119, hits=0, map=16, ascii=0, run_time=0:00:10:56)...[0m
[1;94m[*] [0mFuzzing test case #0 (73 total, 0 crashes saved, state: in progress, mode=explore, perf_score=459, weight=186, favorite=1, was_fuzzed=1, exec_us=1119, hits=0, map=16, ascii=0, run_time=0:00:10:56)...[0m
[1;94m[*] [0mFuzzing test case #0 (73 total, 0 crashes saved, state: in progress, mode=explore, perf_score=459, weight=186, favorite=1, was_fuzzed=1, exec_us=1119, hits=0, map=16, ascii=0, run_time=0:00:10:57)...[0m
[1;94m[*] [0mFuzzing test case #3 (73 total, 0 crashes saved, state: in progress, mode=explore, perf_score=114, weight=4, favorite=1, was_fuzzed=1, exec_us=1074, hits=1792, map=18, ascii=0, run_time=0:00:10:57)...[0m
[1;94m[*] [0mFuzzing test case #0 (74 total, 0 crashes saved, state: in progress, mode=explore, perf_score=459, weight=188, favorite=1, was_fuzzed=1, exec_us=1119, hits=0, map=16, ascii=0, run_time=0:00:10:58)...[0m
[1;94m[*] [0mFuzzing test case #0 (74 total, 0 crashes saved, state: in progress, mode=explore, perf_score=459, weight=188, favorite=1, was_fuzzed=1, exec_us=1119, hits=0, map=16, ascii=0, run_time=0:00:10:58)...[0m
[1;94m[*] [0mFuzzing test case #0 (74 total, 0 crashes saved, state: in progress, mode=explore, perf_score=459, weight=188, favorite=1, was_fuzzed=1, exec_us=1119, hits=0, map=16, ascii=0, run_time=0:00:10:59)...[0m
[1;94m[*] [0mFuzzing test case #69 (74 total, 0 crashes saved, state: in progress, mode=explore, perf_score=100, weight=2, favorite=0, was_fuzzed=0, exec_us=1176, hits=1, map=24, ascii=0, run_time=0:00:10:59)...[0m
[1;94m[*] [0mFuzzing test case #74 (75 total, 0 crashes saved, state: in progress, mode=explore, perf_score=0, weight=0, favorite=1, was_fuzzed=0, exec_us=1089, hits=1, map=21, ascii=0, run_time=0:00:11:00)...[0m
[1;94m[*] [0mFuzzing test case #3 (75 total, 0 crashes saved, state: in progress, mode=explore, perf_score=114, weight=4, favorite=1, was_fuzzed=1, exec_us=1074, hits=1822, map=18, ascii=0, run_time=0:00:11:00)...[0m
[1;94m[*] [0mFuzzing test case #74 (75 total, 0 crashes saved, state: in progress, mode=explore, perf_score=1839, weight=18, favorite=1, was_fuzzed=1, exec_us=1089, hits=1, map=21, ascii=0, run_time=0:00:11:01)...[0m
[?25h[1;91m

+++ Testing aborted programmatically +++
[0m[1;94m[*] [0mStatistics: 76 new corpus items found, 52.54% coverage achieved, 1 crashes saved, 0 timeouts saved, total runtime 0 days, 0 hrs, 11 min, 2 sec[0m
[1;92m[+] [0mWe're done here. Have a nice day!
[0m
